[2022-08-09 23:58:28,718] {taskinstance.py:1179} INFO - Dependencies all met for <TaskInstance: twitter_dag.twitter_aluraonline scheduled__2022-08-07T12:00:00+00:00 [queued]>
[2022-08-09 23:58:28,721] {taskinstance.py:1179} INFO - Dependencies all met for <TaskInstance: twitter_dag.twitter_aluraonline scheduled__2022-08-07T12:00:00+00:00 [queued]>
[2022-08-09 23:58:28,721] {taskinstance.py:1376} INFO - 
--------------------------------------------------------------------------------
[2022-08-09 23:58:28,721] {taskinstance.py:1377} INFO - Starting attempt 1 of 1
[2022-08-09 23:58:28,721] {taskinstance.py:1378} INFO - 
--------------------------------------------------------------------------------
[2022-08-09 23:58:28,730] {taskinstance.py:1397} INFO - Executing <Task(TwitterOperator): twitter_aluraonline> on 2022-08-07 12:00:00+00:00
[2022-08-09 23:58:28,733] {standard_task_runner.py:52} INFO - Started process 12378 to run task
[2022-08-09 23:58:28,735] {standard_task_runner.py:79} INFO - Running: ['airflow', 'tasks', 'run', 'twitter_dag', 'twitter_aluraonline', 'scheduled__2022-08-07T12:00:00+00:00', '--job-id', '26', '--raw', '--subdir', 'DAGS_FOLDER/twitter_dag.py', '--cfg-path', '/tmp/tmp78yv74xc', '--error-file', '/tmp/tmpzljb8ecs']
[2022-08-09 23:58:28,736] {standard_task_runner.py:80} INFO - Job 26: Subtask twitter_aluraonline
[2022-08-09 23:58:28,767] {task_command.py:371} INFO - Running <TaskInstance: twitter_dag.twitter_aluraonline scheduled__2022-08-07T12:00:00+00:00 [running]> on host renan-VirtualBox
[2022-08-09 23:58:28,789] {logging_mixin.py:115} WARNING - /home/renan/datapipeline/.env/lib/python3.8/site-packages/airflow/utils/context.py:202 AirflowContextDeprecationWarning: Accessing 'execution_date' from the template is deprecated and will be removed in a future version. Please use 'data_interval_start' or 'logical_date' instead.
[2022-08-09 23:58:28,790] {logging_mixin.py:115} WARNING - /home/renan/datapipeline/.env/lib/python3.8/site-packages/airflow/utils/context.py:202 AirflowContextDeprecationWarning: Accessing 'next_execution_date' from the template is deprecated and will be removed in a future version. Please use 'data_interval_end' instead.
[2022-08-09 23:58:28,806] {taskinstance.py:1589} INFO - Exporting the following env vars:
AIRFLOW_CTX_DAG_OWNER=airflow
AIRFLOW_CTX_DAG_ID=twitter_dag
AIRFLOW_CTX_TASK_ID=twitter_aluraonline
AIRFLOW_CTX_EXECUTION_DATE=2022-08-07T12:00:00+00:00
AIRFLOW_CTX_TRY_NUMBER=1
AIRFLOW_CTX_DAG_RUN_ID=scheduled__2022-08-07T12:00:00+00:00
[2022-08-09 23:58:28,810] {base.py:68} INFO - Using connection ID 'twitter_default' for task execution.
[2022-08-09 23:58:28,811] {twitter_hook.py:39} INFO - URL: https://api.twitter.com/2/tweets/search/recent?query=AluraOnline&tweet.fields=author_id,conversation_id,created_at,id,in_reply_to_user_id,public_metrics,text&expansions=author_id&user.fields=id,name,username,created_at&start_time=2022-08-07T12:00:00.00Z&end_time=2022-08-08T12:00:00.00Z
[2022-08-09 23:58:29,099] {twitter_hook.py:39} INFO - URL: https://api.twitter.com/2/tweets/search/recent?query=AluraOnline&tweet.fields=author_id,conversation_id,created_at,id,in_reply_to_user_id,public_metrics,text&expansions=author_id&user.fields=id,name,username,created_at&start_time=2022-08-07T12:00:00.00Z&end_time=2022-08-08T12:00:00.00Z&next_token=b26v89c19zqg8o3fpz5mn8lfd5cvu5y1kbav1cjn741a5
[2022-08-09 23:58:29,310] {taskinstance.py:1415} INFO - Marking task as SUCCESS. dag_id=twitter_dag, task_id=twitter_aluraonline, execution_date=20220807T120000, start_date=20220810T025828, end_date=20220810T025829
[2022-08-09 23:58:29,360] {local_task_job.py:156} INFO - Task exited with return code 0
[2022-08-09 23:58:29,380] {local_task_job.py:273} INFO - 1 downstream tasks scheduled from follow-on schedule check
