[2022-08-08 23:55:07,569] {processor.py:153} INFO - Started process (PID=9846) to work on /home/renan/datapipeline/.env/lib/python3.8/site-packages/airflow/example_dags/example_sla_dag.py
[2022-08-08 23:55:07,569] {processor.py:641} INFO - Processing file /home/renan/datapipeline/.env/lib/python3.8/site-packages/airflow/example_dags/example_sla_dag.py for tasks to queue
[2022-08-08 23:55:07,569] {logging_mixin.py:115} INFO - [2022-08-08 23:55:07,569] {dagbag.py:508} INFO - Filling up the DagBag from /home/renan/datapipeline/.env/lib/python3.8/site-packages/airflow/example_dags/example_sla_dag.py
[2022-08-08 23:55:07,583] {processor.py:651} INFO - DAG(s) dict_keys(['example_sla_dag']) retrieved from /home/renan/datapipeline/.env/lib/python3.8/site-packages/airflow/example_dags/example_sla_dag.py
[2022-08-08 23:55:07,595] {logging_mixin.py:115} INFO - [2022-08-08 23:55:07,595] {dag.py:2420} INFO - Sync 1 DAGs
[2022-08-08 23:55:07,607] {logging_mixin.py:115} INFO - [2022-08-08 23:55:07,607] {dag.py:2968} INFO - Setting next_dagrun for example_sla_dag to 2022-08-09T02:52:00+00:00, run_after=2022-08-09T02:54:00+00:00
[2022-08-08 23:55:07,617] {processor.py:161} INFO - Processing /home/renan/datapipeline/.env/lib/python3.8/site-packages/airflow/example_dags/example_sla_dag.py took 0.050 seconds
[2022-08-08 23:55:40,483] {processor.py:153} INFO - Started process (PID=9944) to work on /home/renan/datapipeline/.env/lib/python3.8/site-packages/airflow/example_dags/example_sla_dag.py
[2022-08-08 23:55:40,483] {processor.py:641} INFO - Processing file /home/renan/datapipeline/.env/lib/python3.8/site-packages/airflow/example_dags/example_sla_dag.py for tasks to queue
[2022-08-08 23:55:40,484] {logging_mixin.py:115} INFO - [2022-08-08 23:55:40,483] {dagbag.py:508} INFO - Filling up the DagBag from /home/renan/datapipeline/.env/lib/python3.8/site-packages/airflow/example_dags/example_sla_dag.py
[2022-08-08 23:55:40,497] {processor.py:651} INFO - DAG(s) dict_keys(['example_sla_dag']) retrieved from /home/renan/datapipeline/.env/lib/python3.8/site-packages/airflow/example_dags/example_sla_dag.py
[2022-08-08 23:55:40,509] {logging_mixin.py:115} INFO - [2022-08-08 23:55:40,509] {dag.py:2420} INFO - Sync 1 DAGs
[2022-08-08 23:55:40,525] {logging_mixin.py:115} INFO - [2022-08-08 23:55:40,525] {dag.py:2968} INFO - Setting next_dagrun for example_sla_dag to 2022-08-09T02:52:00+00:00, run_after=2022-08-09T02:54:00+00:00
[2022-08-08 23:55:40,535] {processor.py:161} INFO - Processing /home/renan/datapipeline/.env/lib/python3.8/site-packages/airflow/example_dags/example_sla_dag.py took 0.054 seconds
[2022-08-08 23:56:14,112] {processor.py:153} INFO - Started process (PID=10009) to work on /home/renan/datapipeline/.env/lib/python3.8/site-packages/airflow/example_dags/example_sla_dag.py
[2022-08-08 23:56:14,113] {processor.py:641} INFO - Processing file /home/renan/datapipeline/.env/lib/python3.8/site-packages/airflow/example_dags/example_sla_dag.py for tasks to queue
[2022-08-08 23:56:14,113] {logging_mixin.py:115} INFO - [2022-08-08 23:56:14,113] {dagbag.py:508} INFO - Filling up the DagBag from /home/renan/datapipeline/.env/lib/python3.8/site-packages/airflow/example_dags/example_sla_dag.py
[2022-08-08 23:56:14,126] {processor.py:651} INFO - DAG(s) dict_keys(['example_sla_dag']) retrieved from /home/renan/datapipeline/.env/lib/python3.8/site-packages/airflow/example_dags/example_sla_dag.py
[2022-08-08 23:56:14,133] {logging_mixin.py:115} INFO - [2022-08-08 23:56:14,133] {dag.py:2420} INFO - Sync 1 DAGs
[2022-08-08 23:56:14,145] {logging_mixin.py:115} INFO - [2022-08-08 23:56:14,144] {dag.py:2968} INFO - Setting next_dagrun for example_sla_dag to 2022-08-09T02:54:00+00:00, run_after=2022-08-09T02:56:00+00:00
[2022-08-08 23:56:14,153] {processor.py:161} INFO - Processing /home/renan/datapipeline/.env/lib/python3.8/site-packages/airflow/example_dags/example_sla_dag.py took 0.043 seconds
[2022-08-08 23:56:48,236] {processor.py:153} INFO - Started process (PID=10072) to work on /home/renan/datapipeline/.env/lib/python3.8/site-packages/airflow/example_dags/example_sla_dag.py
[2022-08-08 23:56:48,236] {processor.py:641} INFO - Processing file /home/renan/datapipeline/.env/lib/python3.8/site-packages/airflow/example_dags/example_sla_dag.py for tasks to queue
[2022-08-08 23:56:48,236] {logging_mixin.py:115} INFO - [2022-08-08 23:56:48,236] {dagbag.py:508} INFO - Filling up the DagBag from /home/renan/datapipeline/.env/lib/python3.8/site-packages/airflow/example_dags/example_sla_dag.py
[2022-08-08 23:56:48,248] {processor.py:651} INFO - DAG(s) dict_keys(['example_sla_dag']) retrieved from /home/renan/datapipeline/.env/lib/python3.8/site-packages/airflow/example_dags/example_sla_dag.py
[2022-08-08 23:56:48,256] {logging_mixin.py:115} INFO - [2022-08-08 23:56:48,256] {dag.py:2420} INFO - Sync 1 DAGs
[2022-08-08 23:56:48,267] {logging_mixin.py:115} INFO - [2022-08-08 23:56:48,267] {dag.py:2968} INFO - Setting next_dagrun for example_sla_dag to 2022-08-09T02:54:00+00:00, run_after=2022-08-09T02:56:00+00:00
[2022-08-08 23:56:48,276] {processor.py:161} INFO - Processing /home/renan/datapipeline/.env/lib/python3.8/site-packages/airflow/example_dags/example_sla_dag.py took 0.041 seconds
[2022-08-08 23:59:22,770] {processor.py:153} INFO - Started process (PID=10251) to work on /home/renan/datapipeline/.env/lib/python3.8/site-packages/airflow/example_dags/example_sla_dag.py
[2022-08-08 23:59:22,771] {processor.py:641} INFO - Processing file /home/renan/datapipeline/.env/lib/python3.8/site-packages/airflow/example_dags/example_sla_dag.py for tasks to queue
[2022-08-08 23:59:22,771] {logging_mixin.py:115} INFO - [2022-08-08 23:59:22,771] {dagbag.py:508} INFO - Filling up the DagBag from /home/renan/datapipeline/.env/lib/python3.8/site-packages/airflow/example_dags/example_sla_dag.py
[2022-08-08 23:59:22,784] {processor.py:651} INFO - DAG(s) dict_keys(['example_sla_dag']) retrieved from /home/renan/datapipeline/.env/lib/python3.8/site-packages/airflow/example_dags/example_sla_dag.py
[2022-08-08 23:59:22,792] {logging_mixin.py:115} INFO - [2022-08-08 23:59:22,792] {dag.py:2420} INFO - Sync 1 DAGs
[2022-08-08 23:59:22,803] {logging_mixin.py:115} INFO - [2022-08-08 23:59:22,803] {dag.py:2968} INFO - Setting next_dagrun for example_sla_dag to 2022-08-09T02:56:00+00:00, run_after=2022-08-09T02:58:00+00:00
[2022-08-08 23:59:22,812] {processor.py:161} INFO - Processing /home/renan/datapipeline/.env/lib/python3.8/site-packages/airflow/example_dags/example_sla_dag.py took 0.043 seconds
[2022-08-08 23:59:56,972] {processor.py:153} INFO - Started process (PID=10309) to work on /home/renan/datapipeline/.env/lib/python3.8/site-packages/airflow/example_dags/example_sla_dag.py
[2022-08-08 23:59:56,973] {processor.py:641} INFO - Processing file /home/renan/datapipeline/.env/lib/python3.8/site-packages/airflow/example_dags/example_sla_dag.py for tasks to queue
[2022-08-08 23:59:56,973] {logging_mixin.py:115} INFO - [2022-08-08 23:59:56,973] {dagbag.py:508} INFO - Filling up the DagBag from /home/renan/datapipeline/.env/lib/python3.8/site-packages/airflow/example_dags/example_sla_dag.py
[2022-08-08 23:59:56,986] {processor.py:651} INFO - DAG(s) dict_keys(['example_sla_dag']) retrieved from /home/renan/datapipeline/.env/lib/python3.8/site-packages/airflow/example_dags/example_sla_dag.py
[2022-08-08 23:59:56,994] {logging_mixin.py:115} INFO - [2022-08-08 23:59:56,994] {dag.py:2420} INFO - Sync 1 DAGs
[2022-08-08 23:59:57,006] {logging_mixin.py:115} INFO - [2022-08-08 23:59:57,006] {dag.py:2968} INFO - Setting next_dagrun for example_sla_dag to 2022-08-09T02:56:00+00:00, run_after=2022-08-09T02:58:00+00:00
[2022-08-08 23:59:57,016] {processor.py:161} INFO - Processing /home/renan/datapipeline/.env/lib/python3.8/site-packages/airflow/example_dags/example_sla_dag.py took 0.045 seconds
[2022-08-09 00:00:30,600] {processor.py:153} INFO - Started process (PID=10390) to work on /home/renan/datapipeline/.env/lib/python3.8/site-packages/airflow/example_dags/example_sla_dag.py
[2022-08-09 00:00:30,600] {processor.py:641} INFO - Processing file /home/renan/datapipeline/.env/lib/python3.8/site-packages/airflow/example_dags/example_sla_dag.py for tasks to queue
[2022-08-09 00:00:30,601] {logging_mixin.py:115} INFO - [2022-08-09 00:00:30,601] {dagbag.py:508} INFO - Filling up the DagBag from /home/renan/datapipeline/.env/lib/python3.8/site-packages/airflow/example_dags/example_sla_dag.py
[2022-08-09 00:00:30,614] {processor.py:651} INFO - DAG(s) dict_keys(['example_sla_dag']) retrieved from /home/renan/datapipeline/.env/lib/python3.8/site-packages/airflow/example_dags/example_sla_dag.py
[2022-08-09 00:00:30,624] {logging_mixin.py:115} INFO - [2022-08-09 00:00:30,624] {dag.py:2420} INFO - Sync 1 DAGs
[2022-08-09 00:00:30,636] {logging_mixin.py:115} INFO - [2022-08-09 00:00:30,636] {dag.py:2968} INFO - Setting next_dagrun for example_sla_dag to 2022-08-09T02:58:00+00:00, run_after=2022-08-09T03:00:00+00:00
[2022-08-09 00:00:30,646] {processor.py:161} INFO - Processing /home/renan/datapipeline/.env/lib/python3.8/site-packages/airflow/example_dags/example_sla_dag.py took 0.048 seconds
[2022-08-09 00:01:03,664] {processor.py:153} INFO - Started process (PID=10435) to work on /home/renan/datapipeline/.env/lib/python3.8/site-packages/airflow/example_dags/example_sla_dag.py
[2022-08-09 00:01:03,664] {processor.py:641} INFO - Processing file /home/renan/datapipeline/.env/lib/python3.8/site-packages/airflow/example_dags/example_sla_dag.py for tasks to queue
[2022-08-09 00:01:03,665] {logging_mixin.py:115} INFO - [2022-08-09 00:01:03,665] {dagbag.py:508} INFO - Filling up the DagBag from /home/renan/datapipeline/.env/lib/python3.8/site-packages/airflow/example_dags/example_sla_dag.py
[2022-08-09 00:01:03,677] {processor.py:651} INFO - DAG(s) dict_keys(['example_sla_dag']) retrieved from /home/renan/datapipeline/.env/lib/python3.8/site-packages/airflow/example_dags/example_sla_dag.py
[2022-08-09 00:01:03,695] {logging_mixin.py:115} INFO - [2022-08-09 00:01:03,695] {dag.py:2420} INFO - Sync 1 DAGs
[2022-08-09 00:01:03,714] {logging_mixin.py:115} INFO - [2022-08-09 00:01:03,714] {dag.py:2968} INFO - Setting next_dagrun for example_sla_dag to 2022-08-09T02:58:00+00:00, run_after=2022-08-09T03:00:00+00:00
[2022-08-09 00:01:03,725] {processor.py:161} INFO - Processing /home/renan/datapipeline/.env/lib/python3.8/site-packages/airflow/example_dags/example_sla_dag.py took 0.063 seconds
[2022-08-09 00:01:37,361] {processor.py:153} INFO - Started process (PID=10473) to work on /home/renan/datapipeline/.env/lib/python3.8/site-packages/airflow/example_dags/example_sla_dag.py
[2022-08-09 00:01:37,362] {processor.py:641} INFO - Processing file /home/renan/datapipeline/.env/lib/python3.8/site-packages/airflow/example_dags/example_sla_dag.py for tasks to queue
[2022-08-09 00:01:37,362] {logging_mixin.py:115} INFO - [2022-08-09 00:01:37,362] {dagbag.py:508} INFO - Filling up the DagBag from /home/renan/datapipeline/.env/lib/python3.8/site-packages/airflow/example_dags/example_sla_dag.py
[2022-08-09 00:01:37,380] {processor.py:651} INFO - DAG(s) dict_keys(['example_sla_dag']) retrieved from /home/renan/datapipeline/.env/lib/python3.8/site-packages/airflow/example_dags/example_sla_dag.py
[2022-08-09 00:01:37,388] {logging_mixin.py:115} INFO - [2022-08-09 00:01:37,388] {dag.py:2420} INFO - Sync 1 DAGs
[2022-08-09 00:01:37,401] {logging_mixin.py:115} INFO - [2022-08-09 00:01:37,401] {dag.py:2968} INFO - Setting next_dagrun for example_sla_dag to 2022-08-09T02:58:00+00:00, run_after=2022-08-09T03:00:00+00:00
[2022-08-09 00:01:37,413] {processor.py:161} INFO - Processing /home/renan/datapipeline/.env/lib/python3.8/site-packages/airflow/example_dags/example_sla_dag.py took 0.054 seconds
[2022-08-09 00:02:10,755] {processor.py:153} INFO - Started process (PID=10510) to work on /home/renan/datapipeline/.env/lib/python3.8/site-packages/airflow/example_dags/example_sla_dag.py
[2022-08-09 00:02:10,756] {processor.py:641} INFO - Processing file /home/renan/datapipeline/.env/lib/python3.8/site-packages/airflow/example_dags/example_sla_dag.py for tasks to queue
[2022-08-09 00:02:10,756] {logging_mixin.py:115} INFO - [2022-08-09 00:02:10,756] {dagbag.py:508} INFO - Filling up the DagBag from /home/renan/datapipeline/.env/lib/python3.8/site-packages/airflow/example_dags/example_sla_dag.py
[2022-08-09 00:02:10,768] {processor.py:651} INFO - DAG(s) dict_keys(['example_sla_dag']) retrieved from /home/renan/datapipeline/.env/lib/python3.8/site-packages/airflow/example_dags/example_sla_dag.py
[2022-08-09 00:02:10,776] {logging_mixin.py:115} INFO - [2022-08-09 00:02:10,776] {dag.py:2420} INFO - Sync 1 DAGs
[2022-08-09 00:02:10,788] {logging_mixin.py:115} INFO - [2022-08-09 00:02:10,788] {dag.py:2968} INFO - Setting next_dagrun for example_sla_dag to 2022-08-09T03:00:00+00:00, run_after=2022-08-09T03:02:00+00:00
[2022-08-09 00:02:10,797] {processor.py:161} INFO - Processing /home/renan/datapipeline/.env/lib/python3.8/site-packages/airflow/example_dags/example_sla_dag.py took 0.043 seconds
[2022-08-09 00:02:42,973] {processor.py:153} INFO - Started process (PID=10553) to work on /home/renan/datapipeline/.env/lib/python3.8/site-packages/airflow/example_dags/example_sla_dag.py
[2022-08-09 00:02:42,974] {processor.py:641} INFO - Processing file /home/renan/datapipeline/.env/lib/python3.8/site-packages/airflow/example_dags/example_sla_dag.py for tasks to queue
[2022-08-09 00:02:42,974] {logging_mixin.py:115} INFO - [2022-08-09 00:02:42,974] {dagbag.py:508} INFO - Filling up the DagBag from /home/renan/datapipeline/.env/lib/python3.8/site-packages/airflow/example_dags/example_sla_dag.py
[2022-08-09 00:02:42,986] {processor.py:651} INFO - DAG(s) dict_keys(['example_sla_dag']) retrieved from /home/renan/datapipeline/.env/lib/python3.8/site-packages/airflow/example_dags/example_sla_dag.py
[2022-08-09 00:02:42,994] {logging_mixin.py:115} INFO - [2022-08-09 00:02:42,994] {dag.py:2420} INFO - Sync 1 DAGs
[2022-08-09 00:02:43,005] {logging_mixin.py:115} INFO - [2022-08-09 00:02:43,005] {dag.py:2968} INFO - Setting next_dagrun for example_sla_dag to 2022-08-09T03:00:00+00:00, run_after=2022-08-09T03:02:00+00:00
[2022-08-09 00:02:43,015] {processor.py:161} INFO - Processing /home/renan/datapipeline/.env/lib/python3.8/site-packages/airflow/example_dags/example_sla_dag.py took 0.043 seconds
[2022-08-09 00:03:18,871] {processor.py:153} INFO - Started process (PID=10599) to work on /home/renan/datapipeline/.env/lib/python3.8/site-packages/airflow/example_dags/example_sla_dag.py
[2022-08-09 00:03:18,872] {processor.py:641} INFO - Processing file /home/renan/datapipeline/.env/lib/python3.8/site-packages/airflow/example_dags/example_sla_dag.py for tasks to queue
[2022-08-09 00:03:18,872] {logging_mixin.py:115} INFO - [2022-08-09 00:03:18,872] {dagbag.py:508} INFO - Filling up the DagBag from /home/renan/datapipeline/.env/lib/python3.8/site-packages/airflow/example_dags/example_sla_dag.py
[2022-08-09 00:03:18,885] {processor.py:651} INFO - DAG(s) dict_keys(['example_sla_dag']) retrieved from /home/renan/datapipeline/.env/lib/python3.8/site-packages/airflow/example_dags/example_sla_dag.py
[2022-08-09 00:03:18,895] {logging_mixin.py:115} INFO - [2022-08-09 00:03:18,895] {dag.py:2420} INFO - Sync 1 DAGs
[2022-08-09 00:03:18,909] {logging_mixin.py:115} INFO - [2022-08-09 00:03:18,909] {dag.py:2968} INFO - Setting next_dagrun for example_sla_dag to 2022-08-09T03:00:00+00:00, run_after=2022-08-09T03:02:00+00:00
[2022-08-09 00:03:18,919] {processor.py:161} INFO - Processing /home/renan/datapipeline/.env/lib/python3.8/site-packages/airflow/example_dags/example_sla_dag.py took 0.050 seconds
[2022-08-09 00:03:50,863] {processor.py:153} INFO - Started process (PID=10645) to work on /home/renan/datapipeline/.env/lib/python3.8/site-packages/airflow/example_dags/example_sla_dag.py
[2022-08-09 00:03:50,864] {processor.py:641} INFO - Processing file /home/renan/datapipeline/.env/lib/python3.8/site-packages/airflow/example_dags/example_sla_dag.py for tasks to queue
[2022-08-09 00:03:50,864] {logging_mixin.py:115} INFO - [2022-08-09 00:03:50,864] {dagbag.py:508} INFO - Filling up the DagBag from /home/renan/datapipeline/.env/lib/python3.8/site-packages/airflow/example_dags/example_sla_dag.py
[2022-08-09 00:03:50,876] {processor.py:651} INFO - DAG(s) dict_keys(['example_sla_dag']) retrieved from /home/renan/datapipeline/.env/lib/python3.8/site-packages/airflow/example_dags/example_sla_dag.py
[2022-08-09 00:03:50,884] {logging_mixin.py:115} INFO - [2022-08-09 00:03:50,884] {dag.py:2420} INFO - Sync 1 DAGs
[2022-08-09 00:03:50,895] {logging_mixin.py:115} INFO - [2022-08-09 00:03:50,895] {dag.py:2968} INFO - Setting next_dagrun for example_sla_dag to 2022-08-09T03:00:00+00:00, run_after=2022-08-09T03:02:00+00:00
[2022-08-09 00:03:50,903] {processor.py:161} INFO - Processing /home/renan/datapipeline/.env/lib/python3.8/site-packages/airflow/example_dags/example_sla_dag.py took 0.042 seconds
[2022-08-09 00:04:24,619] {processor.py:153} INFO - Started process (PID=10679) to work on /home/renan/datapipeline/.env/lib/python3.8/site-packages/airflow/example_dags/example_sla_dag.py
[2022-08-09 00:04:24,620] {processor.py:641} INFO - Processing file /home/renan/datapipeline/.env/lib/python3.8/site-packages/airflow/example_dags/example_sla_dag.py for tasks to queue
[2022-08-09 00:04:24,620] {logging_mixin.py:115} INFO - [2022-08-09 00:04:24,620] {dagbag.py:508} INFO - Filling up the DagBag from /home/renan/datapipeline/.env/lib/python3.8/site-packages/airflow/example_dags/example_sla_dag.py
[2022-08-09 00:04:24,632] {processor.py:651} INFO - DAG(s) dict_keys(['example_sla_dag']) retrieved from /home/renan/datapipeline/.env/lib/python3.8/site-packages/airflow/example_dags/example_sla_dag.py
[2022-08-09 00:04:24,640] {logging_mixin.py:115} INFO - [2022-08-09 00:04:24,640] {dag.py:2420} INFO - Sync 1 DAGs
[2022-08-09 00:04:24,652] {logging_mixin.py:115} INFO - [2022-08-09 00:04:24,652] {dag.py:2968} INFO - Setting next_dagrun for example_sla_dag to 2022-08-09T03:02:00+00:00, run_after=2022-08-09T03:04:00+00:00
[2022-08-09 00:04:24,661] {processor.py:161} INFO - Processing /home/renan/datapipeline/.env/lib/python3.8/site-packages/airflow/example_dags/example_sla_dag.py took 0.043 seconds
[2022-08-09 00:04:59,656] {processor.py:153} INFO - Started process (PID=10737) to work on /home/renan/datapipeline/.env/lib/python3.8/site-packages/airflow/example_dags/example_sla_dag.py
[2022-08-09 00:04:59,656] {processor.py:641} INFO - Processing file /home/renan/datapipeline/.env/lib/python3.8/site-packages/airflow/example_dags/example_sla_dag.py for tasks to queue
[2022-08-09 00:04:59,657] {logging_mixin.py:115} INFO - [2022-08-09 00:04:59,657] {dagbag.py:508} INFO - Filling up the DagBag from /home/renan/datapipeline/.env/lib/python3.8/site-packages/airflow/example_dags/example_sla_dag.py
[2022-08-09 00:04:59,671] {processor.py:651} INFO - DAG(s) dict_keys(['example_sla_dag']) retrieved from /home/renan/datapipeline/.env/lib/python3.8/site-packages/airflow/example_dags/example_sla_dag.py
[2022-08-09 00:04:59,681] {logging_mixin.py:115} INFO - [2022-08-09 00:04:59,681] {dag.py:2420} INFO - Sync 1 DAGs
[2022-08-09 00:04:59,694] {logging_mixin.py:115} INFO - [2022-08-09 00:04:59,694] {dag.py:2968} INFO - Setting next_dagrun for example_sla_dag to 2022-08-09T03:02:00+00:00, run_after=2022-08-09T03:04:00+00:00
[2022-08-09 00:04:59,705] {processor.py:161} INFO - Processing /home/renan/datapipeline/.env/lib/python3.8/site-packages/airflow/example_dags/example_sla_dag.py took 0.051 seconds
[2022-08-09 00:05:31,584] {processor.py:153} INFO - Started process (PID=10779) to work on /home/renan/datapipeline/.env/lib/python3.8/site-packages/airflow/example_dags/example_sla_dag.py
[2022-08-09 00:05:31,585] {processor.py:641} INFO - Processing file /home/renan/datapipeline/.env/lib/python3.8/site-packages/airflow/example_dags/example_sla_dag.py for tasks to queue
[2022-08-09 00:05:31,585] {logging_mixin.py:115} INFO - [2022-08-09 00:05:31,585] {dagbag.py:508} INFO - Filling up the DagBag from /home/renan/datapipeline/.env/lib/python3.8/site-packages/airflow/example_dags/example_sla_dag.py
[2022-08-09 00:05:31,597] {processor.py:651} INFO - DAG(s) dict_keys(['example_sla_dag']) retrieved from /home/renan/datapipeline/.env/lib/python3.8/site-packages/airflow/example_dags/example_sla_dag.py
[2022-08-09 00:05:31,606] {logging_mixin.py:115} INFO - [2022-08-09 00:05:31,606] {dag.py:2420} INFO - Sync 1 DAGs
[2022-08-09 00:05:31,617] {logging_mixin.py:115} INFO - [2022-08-09 00:05:31,617] {dag.py:2968} INFO - Setting next_dagrun for example_sla_dag to 2022-08-09T03:02:00+00:00, run_after=2022-08-09T03:04:00+00:00
[2022-08-09 00:05:31,627] {processor.py:161} INFO - Processing /home/renan/datapipeline/.env/lib/python3.8/site-packages/airflow/example_dags/example_sla_dag.py took 0.044 seconds
[2022-08-09 00:06:04,107] {processor.py:153} INFO - Started process (PID=10815) to work on /home/renan/datapipeline/.env/lib/python3.8/site-packages/airflow/example_dags/example_sla_dag.py
[2022-08-09 00:06:04,108] {processor.py:641} INFO - Processing file /home/renan/datapipeline/.env/lib/python3.8/site-packages/airflow/example_dags/example_sla_dag.py for tasks to queue
[2022-08-09 00:06:04,108] {logging_mixin.py:115} INFO - [2022-08-09 00:06:04,108] {dagbag.py:508} INFO - Filling up the DagBag from /home/renan/datapipeline/.env/lib/python3.8/site-packages/airflow/example_dags/example_sla_dag.py
[2022-08-09 00:06:04,120] {processor.py:651} INFO - DAG(s) dict_keys(['example_sla_dag']) retrieved from /home/renan/datapipeline/.env/lib/python3.8/site-packages/airflow/example_dags/example_sla_dag.py
[2022-08-09 00:06:04,128] {logging_mixin.py:115} INFO - [2022-08-09 00:06:04,128] {dag.py:2420} INFO - Sync 1 DAGs
[2022-08-09 00:06:04,139] {logging_mixin.py:115} INFO - [2022-08-09 00:06:04,139] {dag.py:2968} INFO - Setting next_dagrun for example_sla_dag to 2022-08-09T03:04:00+00:00, run_after=2022-08-09T03:06:00+00:00
[2022-08-09 00:06:04,148] {processor.py:161} INFO - Processing /home/renan/datapipeline/.env/lib/python3.8/site-packages/airflow/example_dags/example_sla_dag.py took 0.042 seconds
[2022-08-09 00:06:40,043] {processor.py:153} INFO - Started process (PID=10868) to work on /home/renan/datapipeline/.env/lib/python3.8/site-packages/airflow/example_dags/example_sla_dag.py
[2022-08-09 00:06:40,043] {processor.py:641} INFO - Processing file /home/renan/datapipeline/.env/lib/python3.8/site-packages/airflow/example_dags/example_sla_dag.py for tasks to queue
[2022-08-09 00:06:40,043] {logging_mixin.py:115} INFO - [2022-08-09 00:06:40,043] {dagbag.py:508} INFO - Filling up the DagBag from /home/renan/datapipeline/.env/lib/python3.8/site-packages/airflow/example_dags/example_sla_dag.py
[2022-08-09 00:06:40,057] {processor.py:651} INFO - DAG(s) dict_keys(['example_sla_dag']) retrieved from /home/renan/datapipeline/.env/lib/python3.8/site-packages/airflow/example_dags/example_sla_dag.py
[2022-08-09 00:06:40,065] {logging_mixin.py:115} INFO - [2022-08-09 00:06:40,065] {dag.py:2420} INFO - Sync 1 DAGs
[2022-08-09 00:06:40,078] {logging_mixin.py:115} INFO - [2022-08-09 00:06:40,078] {dag.py:2968} INFO - Setting next_dagrun for example_sla_dag to 2022-08-09T03:04:00+00:00, run_after=2022-08-09T03:06:00+00:00
[2022-08-09 00:06:40,089] {processor.py:161} INFO - Processing /home/renan/datapipeline/.env/lib/python3.8/site-packages/airflow/example_dags/example_sla_dag.py took 0.048 seconds
[2022-08-09 00:07:13,245] {processor.py:153} INFO - Started process (PID=10917) to work on /home/renan/datapipeline/.env/lib/python3.8/site-packages/airflow/example_dags/example_sla_dag.py
[2022-08-09 00:07:13,246] {processor.py:641} INFO - Processing file /home/renan/datapipeline/.env/lib/python3.8/site-packages/airflow/example_dags/example_sla_dag.py for tasks to queue
[2022-08-09 00:07:13,246] {logging_mixin.py:115} INFO - [2022-08-09 00:07:13,246] {dagbag.py:508} INFO - Filling up the DagBag from /home/renan/datapipeline/.env/lib/python3.8/site-packages/airflow/example_dags/example_sla_dag.py
[2022-08-09 00:07:13,259] {processor.py:651} INFO - DAG(s) dict_keys(['example_sla_dag']) retrieved from /home/renan/datapipeline/.env/lib/python3.8/site-packages/airflow/example_dags/example_sla_dag.py
[2022-08-09 00:07:13,268] {logging_mixin.py:115} INFO - [2022-08-09 00:07:13,268] {dag.py:2420} INFO - Sync 1 DAGs
[2022-08-09 00:07:13,281] {logging_mixin.py:115} INFO - [2022-08-09 00:07:13,281] {dag.py:2968} INFO - Setting next_dagrun for example_sla_dag to 2022-08-09T03:04:00+00:00, run_after=2022-08-09T03:06:00+00:00
[2022-08-09 00:07:13,289] {processor.py:161} INFO - Processing /home/renan/datapipeline/.env/lib/python3.8/site-packages/airflow/example_dags/example_sla_dag.py took 0.046 seconds
[2022-08-09 00:07:49,009] {processor.py:153} INFO - Started process (PID=10959) to work on /home/renan/datapipeline/.env/lib/python3.8/site-packages/airflow/example_dags/example_sla_dag.py
[2022-08-09 00:07:49,009] {processor.py:641} INFO - Processing file /home/renan/datapipeline/.env/lib/python3.8/site-packages/airflow/example_dags/example_sla_dag.py for tasks to queue
[2022-08-09 00:07:49,010] {logging_mixin.py:115} INFO - [2022-08-09 00:07:49,010] {dagbag.py:508} INFO - Filling up the DagBag from /home/renan/datapipeline/.env/lib/python3.8/site-packages/airflow/example_dags/example_sla_dag.py
[2022-08-09 00:07:49,023] {processor.py:651} INFO - DAG(s) dict_keys(['example_sla_dag']) retrieved from /home/renan/datapipeline/.env/lib/python3.8/site-packages/airflow/example_dags/example_sla_dag.py
[2022-08-09 00:07:49,032] {logging_mixin.py:115} INFO - [2022-08-09 00:07:49,032] {dag.py:2420} INFO - Sync 1 DAGs
[2022-08-09 00:07:49,047] {logging_mixin.py:115} INFO - [2022-08-09 00:07:49,047] {dag.py:2968} INFO - Setting next_dagrun for example_sla_dag to 2022-08-09T03:04:00+00:00, run_after=2022-08-09T03:06:00+00:00
[2022-08-09 00:07:49,063] {processor.py:161} INFO - Processing /home/renan/datapipeline/.env/lib/python3.8/site-packages/airflow/example_dags/example_sla_dag.py took 0.056 seconds
[2022-08-09 00:08:23,759] {processor.py:153} INFO - Started process (PID=10995) to work on /home/renan/datapipeline/.env/lib/python3.8/site-packages/airflow/example_dags/example_sla_dag.py
[2022-08-09 00:08:23,760] {processor.py:641} INFO - Processing file /home/renan/datapipeline/.env/lib/python3.8/site-packages/airflow/example_dags/example_sla_dag.py for tasks to queue
[2022-08-09 00:08:23,760] {logging_mixin.py:115} INFO - [2022-08-09 00:08:23,760] {dagbag.py:508} INFO - Filling up the DagBag from /home/renan/datapipeline/.env/lib/python3.8/site-packages/airflow/example_dags/example_sla_dag.py
[2022-08-09 00:08:23,772] {processor.py:651} INFO - DAG(s) dict_keys(['example_sla_dag']) retrieved from /home/renan/datapipeline/.env/lib/python3.8/site-packages/airflow/example_dags/example_sla_dag.py
[2022-08-09 00:08:23,780] {logging_mixin.py:115} INFO - [2022-08-09 00:08:23,780] {dag.py:2420} INFO - Sync 1 DAGs
[2022-08-09 00:08:23,792] {logging_mixin.py:115} INFO - [2022-08-09 00:08:23,791] {dag.py:2968} INFO - Setting next_dagrun for example_sla_dag to 2022-08-09T03:06:00+00:00, run_after=2022-08-09T03:08:00+00:00
[2022-08-09 00:08:23,801] {processor.py:161} INFO - Processing /home/renan/datapipeline/.env/lib/python3.8/site-packages/airflow/example_dags/example_sla_dag.py took 0.043 seconds
[2022-08-09 00:08:56,566] {processor.py:153} INFO - Started process (PID=11032) to work on /home/renan/datapipeline/.env/lib/python3.8/site-packages/airflow/example_dags/example_sla_dag.py
[2022-08-09 00:08:56,566] {processor.py:641} INFO - Processing file /home/renan/datapipeline/.env/lib/python3.8/site-packages/airflow/example_dags/example_sla_dag.py for tasks to queue
[2022-08-09 00:08:56,567] {logging_mixin.py:115} INFO - [2022-08-09 00:08:56,567] {dagbag.py:508} INFO - Filling up the DagBag from /home/renan/datapipeline/.env/lib/python3.8/site-packages/airflow/example_dags/example_sla_dag.py
[2022-08-09 00:08:56,579] {processor.py:651} INFO - DAG(s) dict_keys(['example_sla_dag']) retrieved from /home/renan/datapipeline/.env/lib/python3.8/site-packages/airflow/example_dags/example_sla_dag.py
[2022-08-09 00:08:56,587] {logging_mixin.py:115} INFO - [2022-08-09 00:08:56,587] {dag.py:2420} INFO - Sync 1 DAGs
[2022-08-09 00:08:56,598] {logging_mixin.py:115} INFO - [2022-08-09 00:08:56,598] {dag.py:2968} INFO - Setting next_dagrun for example_sla_dag to 2022-08-09T03:06:00+00:00, run_after=2022-08-09T03:08:00+00:00
[2022-08-09 00:08:56,607] {processor.py:161} INFO - Processing /home/renan/datapipeline/.env/lib/python3.8/site-packages/airflow/example_dags/example_sla_dag.py took 0.042 seconds
[2022-08-09 00:09:28,134] {processor.py:153} INFO - Started process (PID=11065) to work on /home/renan/datapipeline/.env/lib/python3.8/site-packages/airflow/example_dags/example_sla_dag.py
[2022-08-09 00:09:28,135] {processor.py:641} INFO - Processing file /home/renan/datapipeline/.env/lib/python3.8/site-packages/airflow/example_dags/example_sla_dag.py for tasks to queue
[2022-08-09 00:09:28,135] {logging_mixin.py:115} INFO - [2022-08-09 00:09:28,135] {dagbag.py:508} INFO - Filling up the DagBag from /home/renan/datapipeline/.env/lib/python3.8/site-packages/airflow/example_dags/example_sla_dag.py
[2022-08-09 00:09:28,147] {processor.py:651} INFO - DAG(s) dict_keys(['example_sla_dag']) retrieved from /home/renan/datapipeline/.env/lib/python3.8/site-packages/airflow/example_dags/example_sla_dag.py
[2022-08-09 00:09:28,156] {logging_mixin.py:115} INFO - [2022-08-09 00:09:28,156] {dag.py:2420} INFO - Sync 1 DAGs
[2022-08-09 00:09:28,167] {logging_mixin.py:115} INFO - [2022-08-09 00:09:28,167] {dag.py:2968} INFO - Setting next_dagrun for example_sla_dag to 2022-08-09T03:06:00+00:00, run_after=2022-08-09T03:08:00+00:00
[2022-08-09 00:09:28,175] {processor.py:161} INFO - Processing /home/renan/datapipeline/.env/lib/python3.8/site-packages/airflow/example_dags/example_sla_dag.py took 0.042 seconds
[2022-08-09 00:09:58,906] {processor.py:153} INFO - Started process (PID=11100) to work on /home/renan/datapipeline/.env/lib/python3.8/site-packages/airflow/example_dags/example_sla_dag.py
[2022-08-09 00:09:58,906] {processor.py:641} INFO - Processing file /home/renan/datapipeline/.env/lib/python3.8/site-packages/airflow/example_dags/example_sla_dag.py for tasks to queue
[2022-08-09 00:09:58,907] {logging_mixin.py:115} INFO - [2022-08-09 00:09:58,907] {dagbag.py:508} INFO - Filling up the DagBag from /home/renan/datapipeline/.env/lib/python3.8/site-packages/airflow/example_dags/example_sla_dag.py
[2022-08-09 00:09:58,919] {processor.py:651} INFO - DAG(s) dict_keys(['example_sla_dag']) retrieved from /home/renan/datapipeline/.env/lib/python3.8/site-packages/airflow/example_dags/example_sla_dag.py
[2022-08-09 00:09:58,927] {logging_mixin.py:115} INFO - [2022-08-09 00:09:58,927] {dag.py:2420} INFO - Sync 1 DAGs
[2022-08-09 00:09:58,939] {logging_mixin.py:115} INFO - [2022-08-09 00:09:58,938] {dag.py:2968} INFO - Setting next_dagrun for example_sla_dag to 2022-08-09T03:06:00+00:00, run_after=2022-08-09T03:08:00+00:00
[2022-08-09 00:09:58,947] {processor.py:161} INFO - Processing /home/renan/datapipeline/.env/lib/python3.8/site-packages/airflow/example_dags/example_sla_dag.py took 0.042 seconds
[2022-08-09 00:10:36,682] {processor.py:153} INFO - Started process (PID=11142) to work on /home/renan/datapipeline/.env/lib/python3.8/site-packages/airflow/example_dags/example_sla_dag.py
[2022-08-09 00:10:36,682] {processor.py:641} INFO - Processing file /home/renan/datapipeline/.env/lib/python3.8/site-packages/airflow/example_dags/example_sla_dag.py for tasks to queue
[2022-08-09 00:10:36,682] {logging_mixin.py:115} INFO - [2022-08-09 00:10:36,682] {dagbag.py:508} INFO - Filling up the DagBag from /home/renan/datapipeline/.env/lib/python3.8/site-packages/airflow/example_dags/example_sla_dag.py
[2022-08-09 00:10:36,694] {processor.py:651} INFO - DAG(s) dict_keys(['example_sla_dag']) retrieved from /home/renan/datapipeline/.env/lib/python3.8/site-packages/airflow/example_dags/example_sla_dag.py
[2022-08-09 00:10:36,703] {logging_mixin.py:115} INFO - [2022-08-09 00:10:36,703] {dag.py:2420} INFO - Sync 1 DAGs
[2022-08-09 00:10:36,714] {logging_mixin.py:115} INFO - [2022-08-09 00:10:36,714] {dag.py:2968} INFO - Setting next_dagrun for example_sla_dag to 2022-08-09T03:08:00+00:00, run_after=2022-08-09T03:10:00+00:00
[2022-08-09 00:10:36,722] {processor.py:161} INFO - Processing /home/renan/datapipeline/.env/lib/python3.8/site-packages/airflow/example_dags/example_sla_dag.py took 0.042 seconds
[2022-08-09 00:11:10,719] {processor.py:153} INFO - Started process (PID=11196) to work on /home/renan/datapipeline/.env/lib/python3.8/site-packages/airflow/example_dags/example_sla_dag.py
[2022-08-09 00:11:10,720] {processor.py:641} INFO - Processing file /home/renan/datapipeline/.env/lib/python3.8/site-packages/airflow/example_dags/example_sla_dag.py for tasks to queue
[2022-08-09 00:11:10,720] {logging_mixin.py:115} INFO - [2022-08-09 00:11:10,720] {dagbag.py:508} INFO - Filling up the DagBag from /home/renan/datapipeline/.env/lib/python3.8/site-packages/airflow/example_dags/example_sla_dag.py
[2022-08-09 00:11:10,732] {processor.py:651} INFO - DAG(s) dict_keys(['example_sla_dag']) retrieved from /home/renan/datapipeline/.env/lib/python3.8/site-packages/airflow/example_dags/example_sla_dag.py
[2022-08-09 00:11:10,740] {logging_mixin.py:115} INFO - [2022-08-09 00:11:10,740] {dag.py:2420} INFO - Sync 1 DAGs
[2022-08-09 00:11:10,752] {logging_mixin.py:115} INFO - [2022-08-09 00:11:10,752] {dag.py:2968} INFO - Setting next_dagrun for example_sla_dag to 2022-08-09T03:08:00+00:00, run_after=2022-08-09T03:10:00+00:00
[2022-08-09 00:11:10,760] {processor.py:161} INFO - Processing /home/renan/datapipeline/.env/lib/python3.8/site-packages/airflow/example_dags/example_sla_dag.py took 0.043 seconds
[2022-08-09 00:11:42,653] {processor.py:153} INFO - Started process (PID=11231) to work on /home/renan/datapipeline/.env/lib/python3.8/site-packages/airflow/example_dags/example_sla_dag.py
[2022-08-09 00:11:42,654] {processor.py:641} INFO - Processing file /home/renan/datapipeline/.env/lib/python3.8/site-packages/airflow/example_dags/example_sla_dag.py for tasks to queue
[2022-08-09 00:11:42,654] {logging_mixin.py:115} INFO - [2022-08-09 00:11:42,654] {dagbag.py:508} INFO - Filling up the DagBag from /home/renan/datapipeline/.env/lib/python3.8/site-packages/airflow/example_dags/example_sla_dag.py
[2022-08-09 00:11:42,667] {processor.py:651} INFO - DAG(s) dict_keys(['example_sla_dag']) retrieved from /home/renan/datapipeline/.env/lib/python3.8/site-packages/airflow/example_dags/example_sla_dag.py
[2022-08-09 00:11:42,678] {logging_mixin.py:115} INFO - [2022-08-09 00:11:42,677] {dag.py:2420} INFO - Sync 1 DAGs
[2022-08-09 00:11:42,692] {logging_mixin.py:115} INFO - [2022-08-09 00:11:42,692] {dag.py:2968} INFO - Setting next_dagrun for example_sla_dag to 2022-08-09T03:08:00+00:00, run_after=2022-08-09T03:10:00+00:00
[2022-08-09 00:11:42,706] {processor.py:161} INFO - Processing /home/renan/datapipeline/.env/lib/python3.8/site-packages/airflow/example_dags/example_sla_dag.py took 0.054 seconds
[2022-08-09 00:12:15,727] {processor.py:153} INFO - Started process (PID=11295) to work on /home/renan/datapipeline/.env/lib/python3.8/site-packages/airflow/example_dags/example_sla_dag.py
[2022-08-09 00:12:15,728] {processor.py:641} INFO - Processing file /home/renan/datapipeline/.env/lib/python3.8/site-packages/airflow/example_dags/example_sla_dag.py for tasks to queue
[2022-08-09 00:12:15,728] {logging_mixin.py:115} INFO - [2022-08-09 00:12:15,728] {dagbag.py:508} INFO - Filling up the DagBag from /home/renan/datapipeline/.env/lib/python3.8/site-packages/airflow/example_dags/example_sla_dag.py
[2022-08-09 00:12:15,741] {processor.py:651} INFO - DAG(s) dict_keys(['example_sla_dag']) retrieved from /home/renan/datapipeline/.env/lib/python3.8/site-packages/airflow/example_dags/example_sla_dag.py
[2022-08-09 00:12:15,750] {logging_mixin.py:115} INFO - [2022-08-09 00:12:15,750] {dag.py:2420} INFO - Sync 1 DAGs
[2022-08-09 00:12:15,762] {logging_mixin.py:115} INFO - [2022-08-09 00:12:15,762] {dag.py:2968} INFO - Setting next_dagrun for example_sla_dag to 2022-08-09T03:10:00+00:00, run_after=2022-08-09T03:12:00+00:00
[2022-08-09 00:12:15,773] {processor.py:161} INFO - Processing /home/renan/datapipeline/.env/lib/python3.8/site-packages/airflow/example_dags/example_sla_dag.py took 0.048 seconds
[2022-08-09 00:12:52,723] {processor.py:153} INFO - Started process (PID=11340) to work on /home/renan/datapipeline/.env/lib/python3.8/site-packages/airflow/example_dags/example_sla_dag.py
[2022-08-09 00:12:52,723] {processor.py:641} INFO - Processing file /home/renan/datapipeline/.env/lib/python3.8/site-packages/airflow/example_dags/example_sla_dag.py for tasks to queue
[2022-08-09 00:12:52,724] {logging_mixin.py:115} INFO - [2022-08-09 00:12:52,724] {dagbag.py:508} INFO - Filling up the DagBag from /home/renan/datapipeline/.env/lib/python3.8/site-packages/airflow/example_dags/example_sla_dag.py
[2022-08-09 00:12:52,736] {processor.py:651} INFO - DAG(s) dict_keys(['example_sla_dag']) retrieved from /home/renan/datapipeline/.env/lib/python3.8/site-packages/airflow/example_dags/example_sla_dag.py
[2022-08-09 00:12:52,744] {logging_mixin.py:115} INFO - [2022-08-09 00:12:52,744] {dag.py:2420} INFO - Sync 1 DAGs
[2022-08-09 00:12:52,756] {logging_mixin.py:115} INFO - [2022-08-09 00:12:52,756] {dag.py:2968} INFO - Setting next_dagrun for example_sla_dag to 2022-08-09T03:10:00+00:00, run_after=2022-08-09T03:12:00+00:00
[2022-08-09 00:12:52,765] {processor.py:161} INFO - Processing /home/renan/datapipeline/.env/lib/python3.8/site-packages/airflow/example_dags/example_sla_dag.py took 0.044 seconds
[2022-08-09 00:13:24,157] {processor.py:153} INFO - Started process (PID=11384) to work on /home/renan/datapipeline/.env/lib/python3.8/site-packages/airflow/example_dags/example_sla_dag.py
[2022-08-09 00:13:24,157] {processor.py:641} INFO - Processing file /home/renan/datapipeline/.env/lib/python3.8/site-packages/airflow/example_dags/example_sla_dag.py for tasks to queue
[2022-08-09 00:13:24,158] {logging_mixin.py:115} INFO - [2022-08-09 00:13:24,158] {dagbag.py:508} INFO - Filling up the DagBag from /home/renan/datapipeline/.env/lib/python3.8/site-packages/airflow/example_dags/example_sla_dag.py
[2022-08-09 00:13:24,171] {processor.py:651} INFO - DAG(s) dict_keys(['example_sla_dag']) retrieved from /home/renan/datapipeline/.env/lib/python3.8/site-packages/airflow/example_dags/example_sla_dag.py
[2022-08-09 00:13:24,180] {logging_mixin.py:115} INFO - [2022-08-09 00:13:24,180] {dag.py:2420} INFO - Sync 1 DAGs
[2022-08-09 00:13:24,192] {logging_mixin.py:115} INFO - [2022-08-09 00:13:24,192] {dag.py:2968} INFO - Setting next_dagrun for example_sla_dag to 2022-08-09T03:10:00+00:00, run_after=2022-08-09T03:12:00+00:00
[2022-08-09 00:13:24,201] {processor.py:161} INFO - Processing /home/renan/datapipeline/.env/lib/python3.8/site-packages/airflow/example_dags/example_sla_dag.py took 0.046 seconds
[2022-08-09 00:13:57,237] {processor.py:153} INFO - Started process (PID=11467) to work on /home/renan/datapipeline/.env/lib/python3.8/site-packages/airflow/example_dags/example_sla_dag.py
[2022-08-09 00:13:57,237] {processor.py:641} INFO - Processing file /home/renan/datapipeline/.env/lib/python3.8/site-packages/airflow/example_dags/example_sla_dag.py for tasks to queue
[2022-08-09 00:13:57,238] {logging_mixin.py:115} INFO - [2022-08-09 00:13:57,238] {dagbag.py:508} INFO - Filling up the DagBag from /home/renan/datapipeline/.env/lib/python3.8/site-packages/airflow/example_dags/example_sla_dag.py
[2022-08-09 00:13:57,252] {processor.py:651} INFO - DAG(s) dict_keys(['example_sla_dag']) retrieved from /home/renan/datapipeline/.env/lib/python3.8/site-packages/airflow/example_dags/example_sla_dag.py
[2022-08-09 00:13:57,262] {logging_mixin.py:115} INFO - [2022-08-09 00:13:57,261] {dag.py:2420} INFO - Sync 1 DAGs
[2022-08-09 00:13:57,275] {logging_mixin.py:115} INFO - [2022-08-09 00:13:57,275] {dag.py:2968} INFO - Setting next_dagrun for example_sla_dag to 2022-08-09T03:10:00+00:00, run_after=2022-08-09T03:12:00+00:00
[2022-08-09 00:13:57,285] {processor.py:161} INFO - Processing /home/renan/datapipeline/.env/lib/python3.8/site-packages/airflow/example_dags/example_sla_dag.py took 0.050 seconds
[2022-08-09 00:14:30,572] {processor.py:153} INFO - Started process (PID=11512) to work on /home/renan/datapipeline/.env/lib/python3.8/site-packages/airflow/example_dags/example_sla_dag.py
[2022-08-09 00:14:30,573] {processor.py:641} INFO - Processing file /home/renan/datapipeline/.env/lib/python3.8/site-packages/airflow/example_dags/example_sla_dag.py for tasks to queue
[2022-08-09 00:14:30,573] {logging_mixin.py:115} INFO - [2022-08-09 00:14:30,573] {dagbag.py:508} INFO - Filling up the DagBag from /home/renan/datapipeline/.env/lib/python3.8/site-packages/airflow/example_dags/example_sla_dag.py
[2022-08-09 00:14:30,583] {processor.py:651} INFO - DAG(s) dict_keys(['example_sla_dag']) retrieved from /home/renan/datapipeline/.env/lib/python3.8/site-packages/airflow/example_dags/example_sla_dag.py
[2022-08-09 00:14:30,592] {logging_mixin.py:115} INFO - [2022-08-09 00:14:30,591] {dag.py:2420} INFO - Sync 1 DAGs
[2022-08-09 00:14:30,603] {logging_mixin.py:115} INFO - [2022-08-09 00:14:30,603] {dag.py:2968} INFO - Setting next_dagrun for example_sla_dag to 2022-08-09T03:12:00+00:00, run_after=2022-08-09T03:14:00+00:00
[2022-08-09 00:14:30,611] {processor.py:161} INFO - Processing /home/renan/datapipeline/.env/lib/python3.8/site-packages/airflow/example_dags/example_sla_dag.py took 0.040 seconds
[2022-08-09 00:15:03,929] {processor.py:153} INFO - Started process (PID=11551) to work on /home/renan/datapipeline/.env/lib/python3.8/site-packages/airflow/example_dags/example_sla_dag.py
[2022-08-09 00:15:03,929] {processor.py:641} INFO - Processing file /home/renan/datapipeline/.env/lib/python3.8/site-packages/airflow/example_dags/example_sla_dag.py for tasks to queue
[2022-08-09 00:15:03,929] {logging_mixin.py:115} INFO - [2022-08-09 00:15:03,929] {dagbag.py:508} INFO - Filling up the DagBag from /home/renan/datapipeline/.env/lib/python3.8/site-packages/airflow/example_dags/example_sla_dag.py
[2022-08-09 00:15:03,940] {processor.py:651} INFO - DAG(s) dict_keys(['example_sla_dag']) retrieved from /home/renan/datapipeline/.env/lib/python3.8/site-packages/airflow/example_dags/example_sla_dag.py
[2022-08-09 00:15:03,948] {logging_mixin.py:115} INFO - [2022-08-09 00:15:03,948] {dag.py:2420} INFO - Sync 1 DAGs
[2022-08-09 00:15:03,960] {logging_mixin.py:115} INFO - [2022-08-09 00:15:03,959] {dag.py:2968} INFO - Setting next_dagrun for example_sla_dag to 2022-08-09T03:12:00+00:00, run_after=2022-08-09T03:14:00+00:00
[2022-08-09 00:15:03,968] {processor.py:161} INFO - Processing /home/renan/datapipeline/.env/lib/python3.8/site-packages/airflow/example_dags/example_sla_dag.py took 0.041 seconds
[2022-08-09 00:15:37,557] {processor.py:153} INFO - Started process (PID=11619) to work on /home/renan/datapipeline/.env/lib/python3.8/site-packages/airflow/example_dags/example_sla_dag.py
[2022-08-09 00:15:37,558] {processor.py:641} INFO - Processing file /home/renan/datapipeline/.env/lib/python3.8/site-packages/airflow/example_dags/example_sla_dag.py for tasks to queue
[2022-08-09 00:15:37,558] {logging_mixin.py:115} INFO - [2022-08-09 00:15:37,558] {dagbag.py:508} INFO - Filling up the DagBag from /home/renan/datapipeline/.env/lib/python3.8/site-packages/airflow/example_dags/example_sla_dag.py
[2022-08-09 00:15:37,569] {processor.py:651} INFO - DAG(s) dict_keys(['example_sla_dag']) retrieved from /home/renan/datapipeline/.env/lib/python3.8/site-packages/airflow/example_dags/example_sla_dag.py
[2022-08-09 00:15:37,579] {logging_mixin.py:115} INFO - [2022-08-09 00:15:37,579] {dag.py:2420} INFO - Sync 1 DAGs
[2022-08-09 00:15:37,592] {logging_mixin.py:115} INFO - [2022-08-09 00:15:37,592] {dag.py:2968} INFO - Setting next_dagrun for example_sla_dag to 2022-08-09T03:12:00+00:00, run_after=2022-08-09T03:14:00+00:00
[2022-08-09 00:15:37,602] {processor.py:161} INFO - Processing /home/renan/datapipeline/.env/lib/python3.8/site-packages/airflow/example_dags/example_sla_dag.py took 0.047 seconds
[2022-08-09 00:16:10,624] {processor.py:153} INFO - Started process (PID=11669) to work on /home/renan/datapipeline/.env/lib/python3.8/site-packages/airflow/example_dags/example_sla_dag.py
[2022-08-09 00:16:10,625] {processor.py:641} INFO - Processing file /home/renan/datapipeline/.env/lib/python3.8/site-packages/airflow/example_dags/example_sla_dag.py for tasks to queue
[2022-08-09 00:16:10,625] {logging_mixin.py:115} INFO - [2022-08-09 00:16:10,625] {dagbag.py:508} INFO - Filling up the DagBag from /home/renan/datapipeline/.env/lib/python3.8/site-packages/airflow/example_dags/example_sla_dag.py
[2022-08-09 00:16:10,636] {processor.py:651} INFO - DAG(s) dict_keys(['example_sla_dag']) retrieved from /home/renan/datapipeline/.env/lib/python3.8/site-packages/airflow/example_dags/example_sla_dag.py
[2022-08-09 00:16:10,644] {logging_mixin.py:115} INFO - [2022-08-09 00:16:10,644] {dag.py:2420} INFO - Sync 1 DAGs
[2022-08-09 00:16:10,656] {logging_mixin.py:115} INFO - [2022-08-09 00:16:10,656] {dag.py:2968} INFO - Setting next_dagrun for example_sla_dag to 2022-08-09T03:14:00+00:00, run_after=2022-08-09T03:16:00+00:00
[2022-08-09 00:16:10,664] {processor.py:161} INFO - Processing /home/renan/datapipeline/.env/lib/python3.8/site-packages/airflow/example_dags/example_sla_dag.py took 0.041 seconds
[2022-08-09 00:16:47,672] {processor.py:153} INFO - Started process (PID=11719) to work on /home/renan/datapipeline/.env/lib/python3.8/site-packages/airflow/example_dags/example_sla_dag.py
[2022-08-09 00:16:47,673] {processor.py:641} INFO - Processing file /home/renan/datapipeline/.env/lib/python3.8/site-packages/airflow/example_dags/example_sla_dag.py for tasks to queue
[2022-08-09 00:16:47,673] {logging_mixin.py:115} INFO - [2022-08-09 00:16:47,673] {dagbag.py:508} INFO - Filling up the DagBag from /home/renan/datapipeline/.env/lib/python3.8/site-packages/airflow/example_dags/example_sla_dag.py
[2022-08-09 00:16:47,685] {processor.py:651} INFO - DAG(s) dict_keys(['example_sla_dag']) retrieved from /home/renan/datapipeline/.env/lib/python3.8/site-packages/airflow/example_dags/example_sla_dag.py
[2022-08-09 00:16:47,695] {logging_mixin.py:115} INFO - [2022-08-09 00:16:47,695] {dag.py:2420} INFO - Sync 1 DAGs
[2022-08-09 00:16:47,708] {logging_mixin.py:115} INFO - [2022-08-09 00:16:47,708] {dag.py:2968} INFO - Setting next_dagrun for example_sla_dag to 2022-08-09T03:14:00+00:00, run_after=2022-08-09T03:16:00+00:00
[2022-08-09 00:16:47,718] {processor.py:161} INFO - Processing /home/renan/datapipeline/.env/lib/python3.8/site-packages/airflow/example_dags/example_sla_dag.py took 0.049 seconds
[2022-08-09 00:17:20,391] {processor.py:153} INFO - Started process (PID=11780) to work on /home/renan/datapipeline/.env/lib/python3.8/site-packages/airflow/example_dags/example_sla_dag.py
[2022-08-09 00:17:20,391] {processor.py:641} INFO - Processing file /home/renan/datapipeline/.env/lib/python3.8/site-packages/airflow/example_dags/example_sla_dag.py for tasks to queue
[2022-08-09 00:17:20,391] {logging_mixin.py:115} INFO - [2022-08-09 00:17:20,391] {dagbag.py:508} INFO - Filling up the DagBag from /home/renan/datapipeline/.env/lib/python3.8/site-packages/airflow/example_dags/example_sla_dag.py
[2022-08-09 00:17:20,403] {processor.py:651} INFO - DAG(s) dict_keys(['example_sla_dag']) retrieved from /home/renan/datapipeline/.env/lib/python3.8/site-packages/airflow/example_dags/example_sla_dag.py
[2022-08-09 00:17:20,412] {logging_mixin.py:115} INFO - [2022-08-09 00:17:20,412] {dag.py:2420} INFO - Sync 1 DAGs
[2022-08-09 00:17:20,425] {logging_mixin.py:115} INFO - [2022-08-09 00:17:20,425] {dag.py:2968} INFO - Setting next_dagrun for example_sla_dag to 2022-08-09T03:14:00+00:00, run_after=2022-08-09T03:16:00+00:00
[2022-08-09 00:17:20,435] {processor.py:161} INFO - Processing /home/renan/datapipeline/.env/lib/python3.8/site-packages/airflow/example_dags/example_sla_dag.py took 0.046 seconds
[2022-08-09 00:17:54,367] {processor.py:153} INFO - Started process (PID=11817) to work on /home/renan/datapipeline/.env/lib/python3.8/site-packages/airflow/example_dags/example_sla_dag.py
[2022-08-09 00:17:54,368] {processor.py:641} INFO - Processing file /home/renan/datapipeline/.env/lib/python3.8/site-packages/airflow/example_dags/example_sla_dag.py for tasks to queue
[2022-08-09 00:17:54,368] {logging_mixin.py:115} INFO - [2022-08-09 00:17:54,368] {dagbag.py:508} INFO - Filling up the DagBag from /home/renan/datapipeline/.env/lib/python3.8/site-packages/airflow/example_dags/example_sla_dag.py
[2022-08-09 00:17:54,378] {processor.py:651} INFO - DAG(s) dict_keys(['example_sla_dag']) retrieved from /home/renan/datapipeline/.env/lib/python3.8/site-packages/airflow/example_dags/example_sla_dag.py
[2022-08-09 00:17:54,386] {logging_mixin.py:115} INFO - [2022-08-09 00:17:54,386] {dag.py:2420} INFO - Sync 1 DAGs
[2022-08-09 00:17:54,398] {logging_mixin.py:115} INFO - [2022-08-09 00:17:54,398] {dag.py:2968} INFO - Setting next_dagrun for example_sla_dag to 2022-08-09T03:14:00+00:00, run_after=2022-08-09T03:16:00+00:00
[2022-08-09 00:17:54,407] {processor.py:161} INFO - Processing /home/renan/datapipeline/.env/lib/python3.8/site-packages/airflow/example_dags/example_sla_dag.py took 0.041 seconds
[2022-08-09 00:18:26,915] {processor.py:153} INFO - Started process (PID=11852) to work on /home/renan/datapipeline/.env/lib/python3.8/site-packages/airflow/example_dags/example_sla_dag.py
[2022-08-09 00:18:26,915] {processor.py:641} INFO - Processing file /home/renan/datapipeline/.env/lib/python3.8/site-packages/airflow/example_dags/example_sla_dag.py for tasks to queue
[2022-08-09 00:18:26,915] {logging_mixin.py:115} INFO - [2022-08-09 00:18:26,915] {dagbag.py:508} INFO - Filling up the DagBag from /home/renan/datapipeline/.env/lib/python3.8/site-packages/airflow/example_dags/example_sla_dag.py
[2022-08-09 00:18:26,926] {processor.py:651} INFO - DAG(s) dict_keys(['example_sla_dag']) retrieved from /home/renan/datapipeline/.env/lib/python3.8/site-packages/airflow/example_dags/example_sla_dag.py
[2022-08-09 00:18:26,935] {logging_mixin.py:115} INFO - [2022-08-09 00:18:26,935] {dag.py:2420} INFO - Sync 1 DAGs
[2022-08-09 00:18:26,947] {logging_mixin.py:115} INFO - [2022-08-09 00:18:26,947] {dag.py:2968} INFO - Setting next_dagrun for example_sla_dag to 2022-08-09T03:16:00+00:00, run_after=2022-08-09T03:18:00+00:00
[2022-08-09 00:18:26,956] {processor.py:161} INFO - Processing /home/renan/datapipeline/.env/lib/python3.8/site-packages/airflow/example_dags/example_sla_dag.py took 0.043 seconds
[2022-08-09 00:19:01,053] {processor.py:153} INFO - Started process (PID=11888) to work on /home/renan/datapipeline/.env/lib/python3.8/site-packages/airflow/example_dags/example_sla_dag.py
[2022-08-09 00:19:01,054] {processor.py:641} INFO - Processing file /home/renan/datapipeline/.env/lib/python3.8/site-packages/airflow/example_dags/example_sla_dag.py for tasks to queue
[2022-08-09 00:19:01,054] {logging_mixin.py:115} INFO - [2022-08-09 00:19:01,054] {dagbag.py:508} INFO - Filling up the DagBag from /home/renan/datapipeline/.env/lib/python3.8/site-packages/airflow/example_dags/example_sla_dag.py
[2022-08-09 00:19:01,065] {processor.py:651} INFO - DAG(s) dict_keys(['example_sla_dag']) retrieved from /home/renan/datapipeline/.env/lib/python3.8/site-packages/airflow/example_dags/example_sla_dag.py
[2022-08-09 00:19:01,073] {logging_mixin.py:115} INFO - [2022-08-09 00:19:01,073] {dag.py:2420} INFO - Sync 1 DAGs
[2022-08-09 00:19:01,085] {logging_mixin.py:115} INFO - [2022-08-09 00:19:01,085] {dag.py:2968} INFO - Setting next_dagrun for example_sla_dag to 2022-08-09T03:16:00+00:00, run_after=2022-08-09T03:18:00+00:00
[2022-08-09 00:19:01,093] {processor.py:161} INFO - Processing /home/renan/datapipeline/.env/lib/python3.8/site-packages/airflow/example_dags/example_sla_dag.py took 0.042 seconds
[2022-08-09 00:19:32,799] {processor.py:153} INFO - Started process (PID=11923) to work on /home/renan/datapipeline/.env/lib/python3.8/site-packages/airflow/example_dags/example_sla_dag.py
[2022-08-09 00:19:32,799] {processor.py:641} INFO - Processing file /home/renan/datapipeline/.env/lib/python3.8/site-packages/airflow/example_dags/example_sla_dag.py for tasks to queue
[2022-08-09 00:19:32,799] {logging_mixin.py:115} INFO - [2022-08-09 00:19:32,799] {dagbag.py:508} INFO - Filling up the DagBag from /home/renan/datapipeline/.env/lib/python3.8/site-packages/airflow/example_dags/example_sla_dag.py
[2022-08-09 00:19:32,810] {processor.py:651} INFO - DAG(s) dict_keys(['example_sla_dag']) retrieved from /home/renan/datapipeline/.env/lib/python3.8/site-packages/airflow/example_dags/example_sla_dag.py
[2022-08-09 00:19:32,819] {logging_mixin.py:115} INFO - [2022-08-09 00:19:32,818] {dag.py:2420} INFO - Sync 1 DAGs
[2022-08-09 00:19:32,830] {logging_mixin.py:115} INFO - [2022-08-09 00:19:32,830] {dag.py:2968} INFO - Setting next_dagrun for example_sla_dag to 2022-08-09T03:16:00+00:00, run_after=2022-08-09T03:18:00+00:00
[2022-08-09 00:19:32,839] {processor.py:161} INFO - Processing /home/renan/datapipeline/.env/lib/python3.8/site-packages/airflow/example_dags/example_sla_dag.py took 0.042 seconds
[2022-08-09 00:20:07,691] {processor.py:153} INFO - Started process (PID=11963) to work on /home/renan/datapipeline/.env/lib/python3.8/site-packages/airflow/example_dags/example_sla_dag.py
[2022-08-09 00:20:07,692] {processor.py:641} INFO - Processing file /home/renan/datapipeline/.env/lib/python3.8/site-packages/airflow/example_dags/example_sla_dag.py for tasks to queue
[2022-08-09 00:20:07,692] {logging_mixin.py:115} INFO - [2022-08-09 00:20:07,692] {dagbag.py:508} INFO - Filling up the DagBag from /home/renan/datapipeline/.env/lib/python3.8/site-packages/airflow/example_dags/example_sla_dag.py
[2022-08-09 00:20:07,703] {processor.py:651} INFO - DAG(s) dict_keys(['example_sla_dag']) retrieved from /home/renan/datapipeline/.env/lib/python3.8/site-packages/airflow/example_dags/example_sla_dag.py
[2022-08-09 00:20:07,711] {logging_mixin.py:115} INFO - [2022-08-09 00:20:07,711] {dag.py:2420} INFO - Sync 1 DAGs
[2022-08-09 00:20:07,722] {logging_mixin.py:115} INFO - [2022-08-09 00:20:07,722] {dag.py:2968} INFO - Setting next_dagrun for example_sla_dag to 2022-08-09T03:18:00+00:00, run_after=2022-08-09T03:20:00+00:00
[2022-08-09 00:20:07,730] {processor.py:161} INFO - Processing /home/renan/datapipeline/.env/lib/python3.8/site-packages/airflow/example_dags/example_sla_dag.py took 0.041 seconds
[2022-08-09 00:20:39,618] {processor.py:153} INFO - Started process (PID=11998) to work on /home/renan/datapipeline/.env/lib/python3.8/site-packages/airflow/example_dags/example_sla_dag.py
[2022-08-09 00:20:39,618] {processor.py:641} INFO - Processing file /home/renan/datapipeline/.env/lib/python3.8/site-packages/airflow/example_dags/example_sla_dag.py for tasks to queue
[2022-08-09 00:20:39,618] {logging_mixin.py:115} INFO - [2022-08-09 00:20:39,618] {dagbag.py:508} INFO - Filling up the DagBag from /home/renan/datapipeline/.env/lib/python3.8/site-packages/airflow/example_dags/example_sla_dag.py
[2022-08-09 00:20:39,629] {processor.py:651} INFO - DAG(s) dict_keys(['example_sla_dag']) retrieved from /home/renan/datapipeline/.env/lib/python3.8/site-packages/airflow/example_dags/example_sla_dag.py
[2022-08-09 00:20:39,637] {logging_mixin.py:115} INFO - [2022-08-09 00:20:39,637] {dag.py:2420} INFO - Sync 1 DAGs
[2022-08-09 00:20:39,649] {logging_mixin.py:115} INFO - [2022-08-09 00:20:39,649] {dag.py:2968} INFO - Setting next_dagrun for example_sla_dag to 2022-08-09T03:18:00+00:00, run_after=2022-08-09T03:20:00+00:00
[2022-08-09 00:20:39,657] {processor.py:161} INFO - Processing /home/renan/datapipeline/.env/lib/python3.8/site-packages/airflow/example_dags/example_sla_dag.py took 0.041 seconds
[2022-08-09 00:21:12,877] {processor.py:153} INFO - Started process (PID=12052) to work on /home/renan/datapipeline/.env/lib/python3.8/site-packages/airflow/example_dags/example_sla_dag.py
[2022-08-09 00:21:12,877] {processor.py:641} INFO - Processing file /home/renan/datapipeline/.env/lib/python3.8/site-packages/airflow/example_dags/example_sla_dag.py for tasks to queue
[2022-08-09 00:21:12,877] {logging_mixin.py:115} INFO - [2022-08-09 00:21:12,877] {dagbag.py:508} INFO - Filling up the DagBag from /home/renan/datapipeline/.env/lib/python3.8/site-packages/airflow/example_dags/example_sla_dag.py
[2022-08-09 00:21:12,888] {processor.py:651} INFO - DAG(s) dict_keys(['example_sla_dag']) retrieved from /home/renan/datapipeline/.env/lib/python3.8/site-packages/airflow/example_dags/example_sla_dag.py
[2022-08-09 00:21:12,897] {logging_mixin.py:115} INFO - [2022-08-09 00:21:12,896] {dag.py:2420} INFO - Sync 1 DAGs
[2022-08-09 00:21:12,908] {logging_mixin.py:115} INFO - [2022-08-09 00:21:12,908] {dag.py:2968} INFO - Setting next_dagrun for example_sla_dag to 2022-08-09T03:18:00+00:00, run_after=2022-08-09T03:20:00+00:00
[2022-08-09 00:21:12,917] {processor.py:161} INFO - Processing /home/renan/datapipeline/.env/lib/python3.8/site-packages/airflow/example_dags/example_sla_dag.py took 0.042 seconds
[2022-08-09 00:21:46,651] {processor.py:153} INFO - Started process (PID=12199) to work on /home/renan/datapipeline/.env/lib/python3.8/site-packages/airflow/example_dags/example_sla_dag.py
[2022-08-09 00:21:46,651] {processor.py:641} INFO - Processing file /home/renan/datapipeline/.env/lib/python3.8/site-packages/airflow/example_dags/example_sla_dag.py for tasks to queue
[2022-08-09 00:21:46,652] {logging_mixin.py:115} INFO - [2022-08-09 00:21:46,652] {dagbag.py:508} INFO - Filling up the DagBag from /home/renan/datapipeline/.env/lib/python3.8/site-packages/airflow/example_dags/example_sla_dag.py
[2022-08-09 00:21:46,666] {processor.py:651} INFO - DAG(s) dict_keys(['example_sla_dag']) retrieved from /home/renan/datapipeline/.env/lib/python3.8/site-packages/airflow/example_dags/example_sla_dag.py
[2022-08-09 00:21:46,682] {logging_mixin.py:115} INFO - [2022-08-09 00:21:46,682] {dag.py:2420} INFO - Sync 1 DAGs
[2022-08-09 00:21:46,700] {logging_mixin.py:115} INFO - [2022-08-09 00:21:46,700] {dag.py:2968} INFO - Setting next_dagrun for example_sla_dag to 2022-08-09T03:18:00+00:00, run_after=2022-08-09T03:20:00+00:00
[2022-08-09 00:21:46,712] {processor.py:161} INFO - Processing /home/renan/datapipeline/.env/lib/python3.8/site-packages/airflow/example_dags/example_sla_dag.py took 0.064 seconds
[2022-08-09 00:22:20,293] {processor.py:153} INFO - Started process (PID=12287) to work on /home/renan/datapipeline/.env/lib/python3.8/site-packages/airflow/example_dags/example_sla_dag.py
[2022-08-09 00:22:20,294] {processor.py:641} INFO - Processing file /home/renan/datapipeline/.env/lib/python3.8/site-packages/airflow/example_dags/example_sla_dag.py for tasks to queue
[2022-08-09 00:22:20,294] {logging_mixin.py:115} INFO - [2022-08-09 00:22:20,294] {dagbag.py:508} INFO - Filling up the DagBag from /home/renan/datapipeline/.env/lib/python3.8/site-packages/airflow/example_dags/example_sla_dag.py
[2022-08-09 00:22:20,306] {processor.py:651} INFO - DAG(s) dict_keys(['example_sla_dag']) retrieved from /home/renan/datapipeline/.env/lib/python3.8/site-packages/airflow/example_dags/example_sla_dag.py
[2022-08-09 00:22:20,314] {logging_mixin.py:115} INFO - [2022-08-09 00:22:20,314] {dag.py:2420} INFO - Sync 1 DAGs
[2022-08-09 00:22:20,326] {logging_mixin.py:115} INFO - [2022-08-09 00:22:20,326] {dag.py:2968} INFO - Setting next_dagrun for example_sla_dag to 2022-08-09T03:20:00+00:00, run_after=2022-08-09T03:22:00+00:00
[2022-08-09 00:22:20,337] {processor.py:161} INFO - Processing /home/renan/datapipeline/.env/lib/python3.8/site-packages/airflow/example_dags/example_sla_dag.py took 0.045 seconds
[2022-08-09 00:22:54,154] {processor.py:153} INFO - Started process (PID=12324) to work on /home/renan/datapipeline/.env/lib/python3.8/site-packages/airflow/example_dags/example_sla_dag.py
[2022-08-09 00:22:54,155] {processor.py:641} INFO - Processing file /home/renan/datapipeline/.env/lib/python3.8/site-packages/airflow/example_dags/example_sla_dag.py for tasks to queue
[2022-08-09 00:22:54,155] {logging_mixin.py:115} INFO - [2022-08-09 00:22:54,155] {dagbag.py:508} INFO - Filling up the DagBag from /home/renan/datapipeline/.env/lib/python3.8/site-packages/airflow/example_dags/example_sla_dag.py
[2022-08-09 00:22:54,166] {processor.py:651} INFO - DAG(s) dict_keys(['example_sla_dag']) retrieved from /home/renan/datapipeline/.env/lib/python3.8/site-packages/airflow/example_dags/example_sla_dag.py
[2022-08-09 00:22:54,175] {logging_mixin.py:115} INFO - [2022-08-09 00:22:54,175] {dag.py:2420} INFO - Sync 1 DAGs
[2022-08-09 00:22:54,187] {logging_mixin.py:115} INFO - [2022-08-09 00:22:54,187] {dag.py:2968} INFO - Setting next_dagrun for example_sla_dag to 2022-08-09T03:20:00+00:00, run_after=2022-08-09T03:22:00+00:00
[2022-08-09 00:22:54,195] {processor.py:161} INFO - Processing /home/renan/datapipeline/.env/lib/python3.8/site-packages/airflow/example_dags/example_sla_dag.py took 0.042 seconds
[2022-08-09 00:23:27,856] {processor.py:153} INFO - Started process (PID=12363) to work on /home/renan/datapipeline/.env/lib/python3.8/site-packages/airflow/example_dags/example_sla_dag.py
[2022-08-09 00:23:27,857] {processor.py:641} INFO - Processing file /home/renan/datapipeline/.env/lib/python3.8/site-packages/airflow/example_dags/example_sla_dag.py for tasks to queue
[2022-08-09 00:23:27,857] {logging_mixin.py:115} INFO - [2022-08-09 00:23:27,857] {dagbag.py:508} INFO - Filling up the DagBag from /home/renan/datapipeline/.env/lib/python3.8/site-packages/airflow/example_dags/example_sla_dag.py
[2022-08-09 00:23:27,868] {processor.py:651} INFO - DAG(s) dict_keys(['example_sla_dag']) retrieved from /home/renan/datapipeline/.env/lib/python3.8/site-packages/airflow/example_dags/example_sla_dag.py
[2022-08-09 00:23:27,876] {logging_mixin.py:115} INFO - [2022-08-09 00:23:27,876] {dag.py:2420} INFO - Sync 1 DAGs
[2022-08-09 00:23:27,888] {logging_mixin.py:115} INFO - [2022-08-09 00:23:27,888] {dag.py:2968} INFO - Setting next_dagrun for example_sla_dag to 2022-08-09T03:20:00+00:00, run_after=2022-08-09T03:22:00+00:00
[2022-08-09 00:23:27,896] {processor.py:161} INFO - Processing /home/renan/datapipeline/.env/lib/python3.8/site-packages/airflow/example_dags/example_sla_dag.py took 0.041 seconds
[2022-08-09 00:23:59,777] {processor.py:153} INFO - Started process (PID=12400) to work on /home/renan/datapipeline/.env/lib/python3.8/site-packages/airflow/example_dags/example_sla_dag.py
[2022-08-09 00:23:59,777] {processor.py:641} INFO - Processing file /home/renan/datapipeline/.env/lib/python3.8/site-packages/airflow/example_dags/example_sla_dag.py for tasks to queue
[2022-08-09 00:23:59,777] {logging_mixin.py:115} INFO - [2022-08-09 00:23:59,777] {dagbag.py:508} INFO - Filling up the DagBag from /home/renan/datapipeline/.env/lib/python3.8/site-packages/airflow/example_dags/example_sla_dag.py
[2022-08-09 00:23:59,788] {processor.py:651} INFO - DAG(s) dict_keys(['example_sla_dag']) retrieved from /home/renan/datapipeline/.env/lib/python3.8/site-packages/airflow/example_dags/example_sla_dag.py
[2022-08-09 00:23:59,796] {logging_mixin.py:115} INFO - [2022-08-09 00:23:59,796] {dag.py:2420} INFO - Sync 1 DAGs
[2022-08-09 00:23:59,807] {logging_mixin.py:115} INFO - [2022-08-09 00:23:59,807] {dag.py:2968} INFO - Setting next_dagrun for example_sla_dag to 2022-08-09T03:20:00+00:00, run_after=2022-08-09T03:22:00+00:00
[2022-08-09 00:23:59,816] {processor.py:161} INFO - Processing /home/renan/datapipeline/.env/lib/python3.8/site-packages/airflow/example_dags/example_sla_dag.py took 0.041 seconds
[2022-08-09 00:24:31,209] {processor.py:153} INFO - Started process (PID=12461) to work on /home/renan/datapipeline/.env/lib/python3.8/site-packages/airflow/example_dags/example_sla_dag.py
[2022-08-09 00:24:31,209] {processor.py:641} INFO - Processing file /home/renan/datapipeline/.env/lib/python3.8/site-packages/airflow/example_dags/example_sla_dag.py for tasks to queue
[2022-08-09 00:24:31,210] {logging_mixin.py:115} INFO - [2022-08-09 00:24:31,210] {dagbag.py:508} INFO - Filling up the DagBag from /home/renan/datapipeline/.env/lib/python3.8/site-packages/airflow/example_dags/example_sla_dag.py
[2022-08-09 00:24:31,221] {processor.py:651} INFO - DAG(s) dict_keys(['example_sla_dag']) retrieved from /home/renan/datapipeline/.env/lib/python3.8/site-packages/airflow/example_dags/example_sla_dag.py
[2022-08-09 00:24:31,229] {logging_mixin.py:115} INFO - [2022-08-09 00:24:31,229] {dag.py:2420} INFO - Sync 1 DAGs
[2022-08-09 00:24:31,241] {logging_mixin.py:115} INFO - [2022-08-09 00:24:31,241] {dag.py:2968} INFO - Setting next_dagrun for example_sla_dag to 2022-08-09T03:22:00+00:00, run_after=2022-08-09T03:24:00+00:00
[2022-08-09 00:24:31,250] {processor.py:161} INFO - Processing /home/renan/datapipeline/.env/lib/python3.8/site-packages/airflow/example_dags/example_sla_dag.py took 0.042 seconds
[2022-08-09 00:25:04,209] {processor.py:153} INFO - Started process (PID=12501) to work on /home/renan/datapipeline/.env/lib/python3.8/site-packages/airflow/example_dags/example_sla_dag.py
[2022-08-09 00:25:04,209] {processor.py:641} INFO - Processing file /home/renan/datapipeline/.env/lib/python3.8/site-packages/airflow/example_dags/example_sla_dag.py for tasks to queue
[2022-08-09 00:25:04,209] {logging_mixin.py:115} INFO - [2022-08-09 00:25:04,209] {dagbag.py:508} INFO - Filling up the DagBag from /home/renan/datapipeline/.env/lib/python3.8/site-packages/airflow/example_dags/example_sla_dag.py
[2022-08-09 00:25:04,220] {processor.py:651} INFO - DAG(s) dict_keys(['example_sla_dag']) retrieved from /home/renan/datapipeline/.env/lib/python3.8/site-packages/airflow/example_dags/example_sla_dag.py
[2022-08-09 00:25:04,229] {logging_mixin.py:115} INFO - [2022-08-09 00:25:04,228] {dag.py:2420} INFO - Sync 1 DAGs
[2022-08-09 00:25:04,240] {logging_mixin.py:115} INFO - [2022-08-09 00:25:04,240] {dag.py:2968} INFO - Setting next_dagrun for example_sla_dag to 2022-08-09T03:22:00+00:00, run_after=2022-08-09T03:24:00+00:00
[2022-08-09 00:25:04,249] {processor.py:161} INFO - Processing /home/renan/datapipeline/.env/lib/python3.8/site-packages/airflow/example_dags/example_sla_dag.py took 0.042 seconds
[2022-08-09 00:25:37,884] {processor.py:153} INFO - Started process (PID=12541) to work on /home/renan/datapipeline/.env/lib/python3.8/site-packages/airflow/example_dags/example_sla_dag.py
[2022-08-09 00:25:37,884] {processor.py:641} INFO - Processing file /home/renan/datapipeline/.env/lib/python3.8/site-packages/airflow/example_dags/example_sla_dag.py for tasks to queue
[2022-08-09 00:25:37,885] {logging_mixin.py:115} INFO - [2022-08-09 00:25:37,885] {dagbag.py:508} INFO - Filling up the DagBag from /home/renan/datapipeline/.env/lib/python3.8/site-packages/airflow/example_dags/example_sla_dag.py
[2022-08-09 00:25:37,895] {processor.py:651} INFO - DAG(s) dict_keys(['example_sla_dag']) retrieved from /home/renan/datapipeline/.env/lib/python3.8/site-packages/airflow/example_dags/example_sla_dag.py
[2022-08-09 00:25:37,904] {logging_mixin.py:115} INFO - [2022-08-09 00:25:37,904] {dag.py:2420} INFO - Sync 1 DAGs
[2022-08-09 00:25:37,916] {logging_mixin.py:115} INFO - [2022-08-09 00:25:37,916] {dag.py:2968} INFO - Setting next_dagrun for example_sla_dag to 2022-08-09T03:22:00+00:00, run_after=2022-08-09T03:24:00+00:00
[2022-08-09 00:25:37,925] {processor.py:161} INFO - Processing /home/renan/datapipeline/.env/lib/python3.8/site-packages/airflow/example_dags/example_sla_dag.py took 0.042 seconds
[2022-08-09 00:26:13,766] {processor.py:153} INFO - Started process (PID=12580) to work on /home/renan/datapipeline/.env/lib/python3.8/site-packages/airflow/example_dags/example_sla_dag.py
[2022-08-09 00:26:13,767] {processor.py:641} INFO - Processing file /home/renan/datapipeline/.env/lib/python3.8/site-packages/airflow/example_dags/example_sla_dag.py for tasks to queue
[2022-08-09 00:26:13,767] {logging_mixin.py:115} INFO - [2022-08-09 00:26:13,767] {dagbag.py:508} INFO - Filling up the DagBag from /home/renan/datapipeline/.env/lib/python3.8/site-packages/airflow/example_dags/example_sla_dag.py
[2022-08-09 00:26:13,783] {processor.py:651} INFO - DAG(s) dict_keys(['example_sla_dag']) retrieved from /home/renan/datapipeline/.env/lib/python3.8/site-packages/airflow/example_dags/example_sla_dag.py
[2022-08-09 00:26:13,794] {logging_mixin.py:115} INFO - [2022-08-09 00:26:13,794] {dag.py:2420} INFO - Sync 1 DAGs
[2022-08-09 00:26:13,808] {logging_mixin.py:115} INFO - [2022-08-09 00:26:13,808] {dag.py:2968} INFO - Setting next_dagrun for example_sla_dag to 2022-08-09T03:24:00+00:00, run_after=2022-08-09T03:26:00+00:00
[2022-08-09 00:26:13,818] {processor.py:161} INFO - Processing /home/renan/datapipeline/.env/lib/python3.8/site-packages/airflow/example_dags/example_sla_dag.py took 0.054 seconds
[2022-08-09 00:26:46,837] {processor.py:153} INFO - Started process (PID=12616) to work on /home/renan/datapipeline/.env/lib/python3.8/site-packages/airflow/example_dags/example_sla_dag.py
[2022-08-09 00:26:46,837] {processor.py:641} INFO - Processing file /home/renan/datapipeline/.env/lib/python3.8/site-packages/airflow/example_dags/example_sla_dag.py for tasks to queue
[2022-08-09 00:26:46,837] {logging_mixin.py:115} INFO - [2022-08-09 00:26:46,837] {dagbag.py:508} INFO - Filling up the DagBag from /home/renan/datapipeline/.env/lib/python3.8/site-packages/airflow/example_dags/example_sla_dag.py
[2022-08-09 00:26:46,849] {processor.py:651} INFO - DAG(s) dict_keys(['example_sla_dag']) retrieved from /home/renan/datapipeline/.env/lib/python3.8/site-packages/airflow/example_dags/example_sla_dag.py
[2022-08-09 00:26:46,859] {logging_mixin.py:115} INFO - [2022-08-09 00:26:46,859] {dag.py:2420} INFO - Sync 1 DAGs
[2022-08-09 00:26:46,871] {logging_mixin.py:115} INFO - [2022-08-09 00:26:46,871] {dag.py:2968} INFO - Setting next_dagrun for example_sla_dag to 2022-08-09T03:24:00+00:00, run_after=2022-08-09T03:26:00+00:00
[2022-08-09 00:26:46,882] {processor.py:161} INFO - Processing /home/renan/datapipeline/.env/lib/python3.8/site-packages/airflow/example_dags/example_sla_dag.py took 0.047 seconds
[2022-08-09 00:27:21,664] {processor.py:153} INFO - Started process (PID=12675) to work on /home/renan/datapipeline/.env/lib/python3.8/site-packages/airflow/example_dags/example_sla_dag.py
[2022-08-09 00:27:21,664] {processor.py:641} INFO - Processing file /home/renan/datapipeline/.env/lib/python3.8/site-packages/airflow/example_dags/example_sla_dag.py for tasks to queue
[2022-08-09 00:27:21,665] {logging_mixin.py:115} INFO - [2022-08-09 00:27:21,664] {dagbag.py:508} INFO - Filling up the DagBag from /home/renan/datapipeline/.env/lib/python3.8/site-packages/airflow/example_dags/example_sla_dag.py
[2022-08-09 00:27:21,677] {processor.py:651} INFO - DAG(s) dict_keys(['example_sla_dag']) retrieved from /home/renan/datapipeline/.env/lib/python3.8/site-packages/airflow/example_dags/example_sla_dag.py
[2022-08-09 00:27:21,686] {logging_mixin.py:115} INFO - [2022-08-09 00:27:21,686] {dag.py:2420} INFO - Sync 1 DAGs
[2022-08-09 00:27:21,698] {logging_mixin.py:115} INFO - [2022-08-09 00:27:21,698] {dag.py:2968} INFO - Setting next_dagrun for example_sla_dag to 2022-08-09T03:24:00+00:00, run_after=2022-08-09T03:26:00+00:00
[2022-08-09 00:27:21,708] {processor.py:161} INFO - Processing /home/renan/datapipeline/.env/lib/python3.8/site-packages/airflow/example_dags/example_sla_dag.py took 0.046 seconds
[2022-08-09 00:27:54,651] {processor.py:153} INFO - Started process (PID=12723) to work on /home/renan/datapipeline/.env/lib/python3.8/site-packages/airflow/example_dags/example_sla_dag.py
[2022-08-09 00:27:54,652] {processor.py:641} INFO - Processing file /home/renan/datapipeline/.env/lib/python3.8/site-packages/airflow/example_dags/example_sla_dag.py for tasks to queue
[2022-08-09 00:27:54,652] {logging_mixin.py:115} INFO - [2022-08-09 00:27:54,652] {dagbag.py:508} INFO - Filling up the DagBag from /home/renan/datapipeline/.env/lib/python3.8/site-packages/airflow/example_dags/example_sla_dag.py
[2022-08-09 00:27:54,663] {processor.py:651} INFO - DAG(s) dict_keys(['example_sla_dag']) retrieved from /home/renan/datapipeline/.env/lib/python3.8/site-packages/airflow/example_dags/example_sla_dag.py
[2022-08-09 00:27:54,671] {logging_mixin.py:115} INFO - [2022-08-09 00:27:54,671] {dag.py:2420} INFO - Sync 1 DAGs
[2022-08-09 00:27:54,683] {logging_mixin.py:115} INFO - [2022-08-09 00:27:54,683] {dag.py:2968} INFO - Setting next_dagrun for example_sla_dag to 2022-08-09T03:24:00+00:00, run_after=2022-08-09T03:26:00+00:00
[2022-08-09 00:27:54,691] {processor.py:161} INFO - Processing /home/renan/datapipeline/.env/lib/python3.8/site-packages/airflow/example_dags/example_sla_dag.py took 0.041 seconds
[2022-08-09 00:28:26,593] {processor.py:153} INFO - Started process (PID=12931) to work on /home/renan/datapipeline/.env/lib/python3.8/site-packages/airflow/example_dags/example_sla_dag.py
[2022-08-09 00:28:26,594] {processor.py:641} INFO - Processing file /home/renan/datapipeline/.env/lib/python3.8/site-packages/airflow/example_dags/example_sla_dag.py for tasks to queue
[2022-08-09 00:28:26,594] {logging_mixin.py:115} INFO - [2022-08-09 00:28:26,594] {dagbag.py:508} INFO - Filling up the DagBag from /home/renan/datapipeline/.env/lib/python3.8/site-packages/airflow/example_dags/example_sla_dag.py
[2022-08-09 00:28:26,606] {processor.py:651} INFO - DAG(s) dict_keys(['example_sla_dag']) retrieved from /home/renan/datapipeline/.env/lib/python3.8/site-packages/airflow/example_dags/example_sla_dag.py
[2022-08-09 00:28:26,617] {logging_mixin.py:115} INFO - [2022-08-09 00:28:26,617] {dag.py:2420} INFO - Sync 1 DAGs
[2022-08-09 00:28:26,630] {logging_mixin.py:115} INFO - [2022-08-09 00:28:26,629] {dag.py:2968} INFO - Setting next_dagrun for example_sla_dag to 2022-08-09T03:26:00+00:00, run_after=2022-08-09T03:28:00+00:00
[2022-08-09 00:28:26,640] {processor.py:161} INFO - Processing /home/renan/datapipeline/.env/lib/python3.8/site-packages/airflow/example_dags/example_sla_dag.py took 0.048 seconds
[2022-08-09 00:28:59,570] {processor.py:153} INFO - Started process (PID=12970) to work on /home/renan/datapipeline/.env/lib/python3.8/site-packages/airflow/example_dags/example_sla_dag.py
[2022-08-09 00:28:59,570] {processor.py:641} INFO - Processing file /home/renan/datapipeline/.env/lib/python3.8/site-packages/airflow/example_dags/example_sla_dag.py for tasks to queue
[2022-08-09 00:28:59,570] {logging_mixin.py:115} INFO - [2022-08-09 00:28:59,570] {dagbag.py:508} INFO - Filling up the DagBag from /home/renan/datapipeline/.env/lib/python3.8/site-packages/airflow/example_dags/example_sla_dag.py
[2022-08-09 00:28:59,582] {processor.py:651} INFO - DAG(s) dict_keys(['example_sla_dag']) retrieved from /home/renan/datapipeline/.env/lib/python3.8/site-packages/airflow/example_dags/example_sla_dag.py
[2022-08-09 00:28:59,592] {logging_mixin.py:115} INFO - [2022-08-09 00:28:59,591] {dag.py:2420} INFO - Sync 1 DAGs
[2022-08-09 00:28:59,604] {logging_mixin.py:115} INFO - [2022-08-09 00:28:59,604] {dag.py:2968} INFO - Setting next_dagrun for example_sla_dag to 2022-08-09T03:26:00+00:00, run_after=2022-08-09T03:28:00+00:00
[2022-08-09 00:28:59,614] {processor.py:161} INFO - Processing /home/renan/datapipeline/.env/lib/python3.8/site-packages/airflow/example_dags/example_sla_dag.py took 0.046 seconds
[2022-08-09 00:29:31,077] {processor.py:153} INFO - Started process (PID=13011) to work on /home/renan/datapipeline/.env/lib/python3.8/site-packages/airflow/example_dags/example_sla_dag.py
[2022-08-09 00:29:31,077] {processor.py:641} INFO - Processing file /home/renan/datapipeline/.env/lib/python3.8/site-packages/airflow/example_dags/example_sla_dag.py for tasks to queue
[2022-08-09 00:29:31,077] {logging_mixin.py:115} INFO - [2022-08-09 00:29:31,077] {dagbag.py:508} INFO - Filling up the DagBag from /home/renan/datapipeline/.env/lib/python3.8/site-packages/airflow/example_dags/example_sla_dag.py
[2022-08-09 00:29:31,088] {processor.py:651} INFO - DAG(s) dict_keys(['example_sla_dag']) retrieved from /home/renan/datapipeline/.env/lib/python3.8/site-packages/airflow/example_dags/example_sla_dag.py
[2022-08-09 00:29:31,097] {logging_mixin.py:115} INFO - [2022-08-09 00:29:31,097] {dag.py:2420} INFO - Sync 1 DAGs
[2022-08-09 00:29:31,108] {logging_mixin.py:115} INFO - [2022-08-09 00:29:31,108] {dag.py:2968} INFO - Setting next_dagrun for example_sla_dag to 2022-08-09T03:26:00+00:00, run_after=2022-08-09T03:28:00+00:00
[2022-08-09 00:29:31,117] {processor.py:161} INFO - Processing /home/renan/datapipeline/.env/lib/python3.8/site-packages/airflow/example_dags/example_sla_dag.py took 0.042 seconds
[2022-08-09 00:30:02,870] {processor.py:153} INFO - Started process (PID=13046) to work on /home/renan/datapipeline/.env/lib/python3.8/site-packages/airflow/example_dags/example_sla_dag.py
[2022-08-09 00:30:02,870] {processor.py:641} INFO - Processing file /home/renan/datapipeline/.env/lib/python3.8/site-packages/airflow/example_dags/example_sla_dag.py for tasks to queue
[2022-08-09 00:30:02,871] {logging_mixin.py:115} INFO - [2022-08-09 00:30:02,871] {dagbag.py:508} INFO - Filling up the DagBag from /home/renan/datapipeline/.env/lib/python3.8/site-packages/airflow/example_dags/example_sla_dag.py
[2022-08-09 00:30:02,881] {processor.py:651} INFO - DAG(s) dict_keys(['example_sla_dag']) retrieved from /home/renan/datapipeline/.env/lib/python3.8/site-packages/airflow/example_dags/example_sla_dag.py
[2022-08-09 00:30:02,890] {logging_mixin.py:115} INFO - [2022-08-09 00:30:02,890] {dag.py:2420} INFO - Sync 1 DAGs
[2022-08-09 00:30:02,902] {logging_mixin.py:115} INFO - [2022-08-09 00:30:02,902] {dag.py:2968} INFO - Setting next_dagrun for example_sla_dag to 2022-08-09T03:28:00+00:00, run_after=2022-08-09T03:30:00+00:00
[2022-08-09 00:30:02,911] {processor.py:161} INFO - Processing /home/renan/datapipeline/.env/lib/python3.8/site-packages/airflow/example_dags/example_sla_dag.py took 0.042 seconds
[2022-08-09 00:30:36,512] {processor.py:153} INFO - Started process (PID=13085) to work on /home/renan/datapipeline/.env/lib/python3.8/site-packages/airflow/example_dags/example_sla_dag.py
[2022-08-09 00:30:36,513] {processor.py:641} INFO - Processing file /home/renan/datapipeline/.env/lib/python3.8/site-packages/airflow/example_dags/example_sla_dag.py for tasks to queue
[2022-08-09 00:30:36,513] {logging_mixin.py:115} INFO - [2022-08-09 00:30:36,513] {dagbag.py:508} INFO - Filling up the DagBag from /home/renan/datapipeline/.env/lib/python3.8/site-packages/airflow/example_dags/example_sla_dag.py
[2022-08-09 00:30:36,524] {processor.py:651} INFO - DAG(s) dict_keys(['example_sla_dag']) retrieved from /home/renan/datapipeline/.env/lib/python3.8/site-packages/airflow/example_dags/example_sla_dag.py
[2022-08-09 00:30:36,533] {logging_mixin.py:115} INFO - [2022-08-09 00:30:36,532] {dag.py:2420} INFO - Sync 1 DAGs
[2022-08-09 00:30:36,544] {logging_mixin.py:115} INFO - [2022-08-09 00:30:36,544] {dag.py:2968} INFO - Setting next_dagrun for example_sla_dag to 2022-08-09T03:28:00+00:00, run_after=2022-08-09T03:30:00+00:00
[2022-08-09 00:30:36,553] {processor.py:161} INFO - Processing /home/renan/datapipeline/.env/lib/python3.8/site-packages/airflow/example_dags/example_sla_dag.py took 0.042 seconds
[2022-08-09 00:31:12,441] {processor.py:153} INFO - Started process (PID=13123) to work on /home/renan/datapipeline/.env/lib/python3.8/site-packages/airflow/example_dags/example_sla_dag.py
[2022-08-09 00:31:12,442] {processor.py:641} INFO - Processing file /home/renan/datapipeline/.env/lib/python3.8/site-packages/airflow/example_dags/example_sla_dag.py for tasks to queue
[2022-08-09 00:31:12,442] {logging_mixin.py:115} INFO - [2022-08-09 00:31:12,442] {dagbag.py:508} INFO - Filling up the DagBag from /home/renan/datapipeline/.env/lib/python3.8/site-packages/airflow/example_dags/example_sla_dag.py
[2022-08-09 00:31:12,453] {processor.py:651} INFO - DAG(s) dict_keys(['example_sla_dag']) retrieved from /home/renan/datapipeline/.env/lib/python3.8/site-packages/airflow/example_dags/example_sla_dag.py
[2022-08-09 00:31:12,461] {logging_mixin.py:115} INFO - [2022-08-09 00:31:12,461] {dag.py:2420} INFO - Sync 1 DAGs
[2022-08-09 00:31:12,472] {logging_mixin.py:115} INFO - [2022-08-09 00:31:12,472] {dag.py:2968} INFO - Setting next_dagrun for example_sla_dag to 2022-08-09T03:28:00+00:00, run_after=2022-08-09T03:30:00+00:00
[2022-08-09 00:31:12,480] {processor.py:161} INFO - Processing /home/renan/datapipeline/.env/lib/python3.8/site-packages/airflow/example_dags/example_sla_dag.py took 0.041 seconds
[2022-08-09 00:31:45,466] {processor.py:153} INFO - Started process (PID=13196) to work on /home/renan/datapipeline/.env/lib/python3.8/site-packages/airflow/example_dags/example_sla_dag.py
[2022-08-09 00:31:45,467] {processor.py:641} INFO - Processing file /home/renan/datapipeline/.env/lib/python3.8/site-packages/airflow/example_dags/example_sla_dag.py for tasks to queue
[2022-08-09 00:31:45,468] {logging_mixin.py:115} INFO - [2022-08-09 00:31:45,468] {dagbag.py:508} INFO - Filling up the DagBag from /home/renan/datapipeline/.env/lib/python3.8/site-packages/airflow/example_dags/example_sla_dag.py
[2022-08-09 00:31:45,478] {processor.py:651} INFO - DAG(s) dict_keys(['example_sla_dag']) retrieved from /home/renan/datapipeline/.env/lib/python3.8/site-packages/airflow/example_dags/example_sla_dag.py
[2022-08-09 00:31:45,487] {logging_mixin.py:115} INFO - [2022-08-09 00:31:45,487] {dag.py:2420} INFO - Sync 1 DAGs
[2022-08-09 00:31:45,498] {logging_mixin.py:115} INFO - [2022-08-09 00:31:45,498] {dag.py:2968} INFO - Setting next_dagrun for example_sla_dag to 2022-08-09T03:28:00+00:00, run_after=2022-08-09T03:30:00+00:00
[2022-08-09 00:31:45,508] {processor.py:161} INFO - Processing /home/renan/datapipeline/.env/lib/python3.8/site-packages/airflow/example_dags/example_sla_dag.py took 0.043 seconds
[2022-08-09 00:32:20,275] {processor.py:153} INFO - Started process (PID=13285) to work on /home/renan/datapipeline/.env/lib/python3.8/site-packages/airflow/example_dags/example_sla_dag.py
[2022-08-09 00:32:20,275] {processor.py:641} INFO - Processing file /home/renan/datapipeline/.env/lib/python3.8/site-packages/airflow/example_dags/example_sla_dag.py for tasks to queue
[2022-08-09 00:32:20,276] {logging_mixin.py:115} INFO - [2022-08-09 00:32:20,275] {dagbag.py:508} INFO - Filling up the DagBag from /home/renan/datapipeline/.env/lib/python3.8/site-packages/airflow/example_dags/example_sla_dag.py
[2022-08-09 00:32:20,288] {processor.py:651} INFO - DAG(s) dict_keys(['example_sla_dag']) retrieved from /home/renan/datapipeline/.env/lib/python3.8/site-packages/airflow/example_dags/example_sla_dag.py
[2022-08-09 00:32:20,297] {logging_mixin.py:115} INFO - [2022-08-09 00:32:20,297] {dag.py:2420} INFO - Sync 1 DAGs
[2022-08-09 00:32:20,311] {logging_mixin.py:115} INFO - [2022-08-09 00:32:20,311] {dag.py:2968} INFO - Setting next_dagrun for example_sla_dag to 2022-08-09T03:30:00+00:00, run_after=2022-08-09T03:32:00+00:00
[2022-08-09 00:32:20,322] {processor.py:161} INFO - Processing /home/renan/datapipeline/.env/lib/python3.8/site-packages/airflow/example_dags/example_sla_dag.py took 0.049 seconds
[2022-08-09 00:32:52,871] {processor.py:153} INFO - Started process (PID=13325) to work on /home/renan/datapipeline/.env/lib/python3.8/site-packages/airflow/example_dags/example_sla_dag.py
[2022-08-09 00:32:52,871] {processor.py:641} INFO - Processing file /home/renan/datapipeline/.env/lib/python3.8/site-packages/airflow/example_dags/example_sla_dag.py for tasks to queue
[2022-08-09 00:32:52,871] {logging_mixin.py:115} INFO - [2022-08-09 00:32:52,871] {dagbag.py:508} INFO - Filling up the DagBag from /home/renan/datapipeline/.env/lib/python3.8/site-packages/airflow/example_dags/example_sla_dag.py
[2022-08-09 00:32:52,882] {processor.py:651} INFO - DAG(s) dict_keys(['example_sla_dag']) retrieved from /home/renan/datapipeline/.env/lib/python3.8/site-packages/airflow/example_dags/example_sla_dag.py
[2022-08-09 00:32:52,892] {logging_mixin.py:115} INFO - [2022-08-09 00:32:52,892] {dag.py:2420} INFO - Sync 1 DAGs
[2022-08-09 00:32:52,905] {logging_mixin.py:115} INFO - [2022-08-09 00:32:52,905] {dag.py:2968} INFO - Setting next_dagrun for example_sla_dag to 2022-08-09T03:30:00+00:00, run_after=2022-08-09T03:32:00+00:00
[2022-08-09 00:32:52,915] {processor.py:161} INFO - Processing /home/renan/datapipeline/.env/lib/python3.8/site-packages/airflow/example_dags/example_sla_dag.py took 0.046 seconds
