[2022-08-08 23:55:17,706] {processor.py:153} INFO - Started process (PID=9857) to work on /home/renan/datapipeline/.env/lib/python3.8/site-packages/airflow/example_dags/example_latest_only.py
[2022-08-08 23:55:17,706] {processor.py:641} INFO - Processing file /home/renan/datapipeline/.env/lib/python3.8/site-packages/airflow/example_dags/example_latest_only.py for tasks to queue
[2022-08-08 23:55:17,706] {logging_mixin.py:115} INFO - [2022-08-08 23:55:17,706] {dagbag.py:508} INFO - Filling up the DagBag from /home/renan/datapipeline/.env/lib/python3.8/site-packages/airflow/example_dags/example_latest_only.py
[2022-08-08 23:55:17,709] {processor.py:651} INFO - DAG(s) dict_keys(['latest_only']) retrieved from /home/renan/datapipeline/.env/lib/python3.8/site-packages/airflow/example_dags/example_latest_only.py
[2022-08-08 23:55:17,720] {logging_mixin.py:115} INFO - [2022-08-08 23:55:17,720] {dag.py:2420} INFO - Sync 1 DAGs
[2022-08-08 23:55:17,730] {logging_mixin.py:115} INFO - [2022-08-08 23:55:17,730] {dag.py:2968} INFO - Setting next_dagrun for latest_only to 2022-08-08T22:55:17.730056+00:00, run_after=2022-08-09T02:55:17.730056+00:00
[2022-08-08 23:55:17,739] {processor.py:161} INFO - Processing /home/renan/datapipeline/.env/lib/python3.8/site-packages/airflow/example_dags/example_latest_only.py took 0.035 seconds
[2022-08-08 23:55:49,602] {processor.py:153} INFO - Started process (PID=9955) to work on /home/renan/datapipeline/.env/lib/python3.8/site-packages/airflow/example_dags/example_latest_only.py
[2022-08-08 23:55:49,602] {processor.py:641} INFO - Processing file /home/renan/datapipeline/.env/lib/python3.8/site-packages/airflow/example_dags/example_latest_only.py for tasks to queue
[2022-08-08 23:55:49,603] {logging_mixin.py:115} INFO - [2022-08-08 23:55:49,603] {dagbag.py:508} INFO - Filling up the DagBag from /home/renan/datapipeline/.env/lib/python3.8/site-packages/airflow/example_dags/example_latest_only.py
[2022-08-08 23:55:49,606] {processor.py:651} INFO - DAG(s) dict_keys(['latest_only']) retrieved from /home/renan/datapipeline/.env/lib/python3.8/site-packages/airflow/example_dags/example_latest_only.py
[2022-08-08 23:55:49,616] {logging_mixin.py:115} INFO - [2022-08-08 23:55:49,616] {dag.py:2420} INFO - Sync 1 DAGs
[2022-08-08 23:55:49,626] {logging_mixin.py:115} INFO - [2022-08-08 23:55:49,626] {dag.py:2968} INFO - Setting next_dagrun for latest_only to 2022-08-08T22:55:49.626315+00:00, run_after=2022-08-09T02:55:49.626315+00:00
[2022-08-08 23:55:49,635] {processor.py:161} INFO - Processing /home/renan/datapipeline/.env/lib/python3.8/site-packages/airflow/example_dags/example_latest_only.py took 0.035 seconds
[2022-08-08 23:56:23,242] {processor.py:153} INFO - Started process (PID=10045) to work on /home/renan/datapipeline/.env/lib/python3.8/site-packages/airflow/example_dags/example_latest_only.py
[2022-08-08 23:56:23,242] {processor.py:641} INFO - Processing file /home/renan/datapipeline/.env/lib/python3.8/site-packages/airflow/example_dags/example_latest_only.py for tasks to queue
[2022-08-08 23:56:23,242] {logging_mixin.py:115} INFO - [2022-08-08 23:56:23,242] {dagbag.py:508} INFO - Filling up the DagBag from /home/renan/datapipeline/.env/lib/python3.8/site-packages/airflow/example_dags/example_latest_only.py
[2022-08-08 23:56:23,245] {processor.py:651} INFO - DAG(s) dict_keys(['latest_only']) retrieved from /home/renan/datapipeline/.env/lib/python3.8/site-packages/airflow/example_dags/example_latest_only.py
[2022-08-08 23:56:23,256] {logging_mixin.py:115} INFO - [2022-08-08 23:56:23,256] {dag.py:2420} INFO - Sync 1 DAGs
[2022-08-08 23:56:23,265] {logging_mixin.py:115} INFO - [2022-08-08 23:56:23,265] {dag.py:2968} INFO - Setting next_dagrun for latest_only to 2022-08-08T22:56:23.265526+00:00, run_after=2022-08-09T02:56:23.265526+00:00
[2022-08-08 23:56:23,274] {processor.py:161} INFO - Processing /home/renan/datapipeline/.env/lib/python3.8/site-packages/airflow/example_dags/example_latest_only.py took 0.034 seconds
[2022-08-08 23:56:58,358] {processor.py:153} INFO - Started process (PID=10082) to work on /home/renan/datapipeline/.env/lib/python3.8/site-packages/airflow/example_dags/example_latest_only.py
[2022-08-08 23:56:58,359] {processor.py:641} INFO - Processing file /home/renan/datapipeline/.env/lib/python3.8/site-packages/airflow/example_dags/example_latest_only.py for tasks to queue
[2022-08-08 23:56:58,359] {logging_mixin.py:115} INFO - [2022-08-08 23:56:58,359] {dagbag.py:508} INFO - Filling up the DagBag from /home/renan/datapipeline/.env/lib/python3.8/site-packages/airflow/example_dags/example_latest_only.py
[2022-08-08 23:56:58,362] {processor.py:651} INFO - DAG(s) dict_keys(['latest_only']) retrieved from /home/renan/datapipeline/.env/lib/python3.8/site-packages/airflow/example_dags/example_latest_only.py
[2022-08-08 23:56:58,373] {logging_mixin.py:115} INFO - [2022-08-08 23:56:58,372] {dag.py:2420} INFO - Sync 1 DAGs
[2022-08-08 23:56:58,382] {logging_mixin.py:115} INFO - [2022-08-08 23:56:58,382] {dag.py:2968} INFO - Setting next_dagrun for latest_only to 2022-08-08T22:56:58.382198+00:00, run_after=2022-08-09T02:56:58.382198+00:00
[2022-08-08 23:56:58,390] {processor.py:161} INFO - Processing /home/renan/datapipeline/.env/lib/python3.8/site-packages/airflow/example_dags/example_latest_only.py took 0.034 seconds
[2022-08-08 23:59:32,413] {processor.py:153} INFO - Started process (PID=10266) to work on /home/renan/datapipeline/.env/lib/python3.8/site-packages/airflow/example_dags/example_latest_only.py
[2022-08-08 23:59:32,414] {processor.py:641} INFO - Processing file /home/renan/datapipeline/.env/lib/python3.8/site-packages/airflow/example_dags/example_latest_only.py for tasks to queue
[2022-08-08 23:59:32,414] {logging_mixin.py:115} INFO - [2022-08-08 23:59:32,414] {dagbag.py:508} INFO - Filling up the DagBag from /home/renan/datapipeline/.env/lib/python3.8/site-packages/airflow/example_dags/example_latest_only.py
[2022-08-08 23:59:32,417] {processor.py:651} INFO - DAG(s) dict_keys(['latest_only']) retrieved from /home/renan/datapipeline/.env/lib/python3.8/site-packages/airflow/example_dags/example_latest_only.py
[2022-08-08 23:59:32,428] {logging_mixin.py:115} INFO - [2022-08-08 23:59:32,428] {dag.py:2420} INFO - Sync 1 DAGs
[2022-08-08 23:59:32,439] {logging_mixin.py:115} INFO - [2022-08-08 23:59:32,438] {dag.py:2968} INFO - Setting next_dagrun for latest_only to 2022-08-08T22:59:32.438759+00:00, run_after=2022-08-09T02:59:32.438759+00:00
[2022-08-08 23:59:32,448] {processor.py:161} INFO - Processing /home/renan/datapipeline/.env/lib/python3.8/site-packages/airflow/example_dags/example_latest_only.py took 0.037 seconds
[2022-08-09 00:00:07,234] {processor.py:153} INFO - Started process (PID=10352) to work on /home/renan/datapipeline/.env/lib/python3.8/site-packages/airflow/example_dags/example_latest_only.py
[2022-08-09 00:00:07,234] {processor.py:641} INFO - Processing file /home/renan/datapipeline/.env/lib/python3.8/site-packages/airflow/example_dags/example_latest_only.py for tasks to queue
[2022-08-09 00:00:07,235] {logging_mixin.py:115} INFO - [2022-08-09 00:00:07,235] {dagbag.py:508} INFO - Filling up the DagBag from /home/renan/datapipeline/.env/lib/python3.8/site-packages/airflow/example_dags/example_latest_only.py
[2022-08-09 00:00:07,238] {processor.py:651} INFO - DAG(s) dict_keys(['latest_only']) retrieved from /home/renan/datapipeline/.env/lib/python3.8/site-packages/airflow/example_dags/example_latest_only.py
[2022-08-09 00:00:07,249] {logging_mixin.py:115} INFO - [2022-08-09 00:00:07,249] {dag.py:2420} INFO - Sync 1 DAGs
[2022-08-09 00:00:07,260] {logging_mixin.py:115} INFO - [2022-08-09 00:00:07,259] {dag.py:2968} INFO - Setting next_dagrun for latest_only to 2022-08-08T23:00:07.259800+00:00, run_after=2022-08-09T03:00:07.259800+00:00
[2022-08-09 00:00:07,269] {processor.py:161} INFO - Processing /home/renan/datapipeline/.env/lib/python3.8/site-packages/airflow/example_dags/example_latest_only.py took 0.037 seconds
[2022-08-09 00:00:39,734] {processor.py:153} INFO - Started process (PID=10401) to work on /home/renan/datapipeline/.env/lib/python3.8/site-packages/airflow/example_dags/example_latest_only.py
[2022-08-09 00:00:39,735] {processor.py:641} INFO - Processing file /home/renan/datapipeline/.env/lib/python3.8/site-packages/airflow/example_dags/example_latest_only.py for tasks to queue
[2022-08-09 00:00:39,735] {logging_mixin.py:115} INFO - [2022-08-09 00:00:39,735] {dagbag.py:508} INFO - Filling up the DagBag from /home/renan/datapipeline/.env/lib/python3.8/site-packages/airflow/example_dags/example_latest_only.py
[2022-08-09 00:00:39,738] {processor.py:651} INFO - DAG(s) dict_keys(['latest_only']) retrieved from /home/renan/datapipeline/.env/lib/python3.8/site-packages/airflow/example_dags/example_latest_only.py
[2022-08-09 00:00:39,749] {logging_mixin.py:115} INFO - [2022-08-09 00:00:39,749] {dag.py:2420} INFO - Sync 1 DAGs
[2022-08-09 00:00:39,759] {logging_mixin.py:115} INFO - [2022-08-09 00:00:39,759] {dag.py:2968} INFO - Setting next_dagrun for latest_only to 2022-08-08T23:00:39.759204+00:00, run_after=2022-08-09T03:00:39.759204+00:00
[2022-08-09 00:00:39,771] {processor.py:161} INFO - Processing /home/renan/datapipeline/.env/lib/python3.8/site-packages/airflow/example_dags/example_latest_only.py took 0.038 seconds
[2022-08-09 00:01:12,809] {processor.py:153} INFO - Started process (PID=10447) to work on /home/renan/datapipeline/.env/lib/python3.8/site-packages/airflow/example_dags/example_latest_only.py
[2022-08-09 00:01:12,810] {processor.py:641} INFO - Processing file /home/renan/datapipeline/.env/lib/python3.8/site-packages/airflow/example_dags/example_latest_only.py for tasks to queue
[2022-08-09 00:01:12,810] {logging_mixin.py:115} INFO - [2022-08-09 00:01:12,810] {dagbag.py:508} INFO - Filling up the DagBag from /home/renan/datapipeline/.env/lib/python3.8/site-packages/airflow/example_dags/example_latest_only.py
[2022-08-09 00:01:12,813] {processor.py:651} INFO - DAG(s) dict_keys(['latest_only']) retrieved from /home/renan/datapipeline/.env/lib/python3.8/site-packages/airflow/example_dags/example_latest_only.py
[2022-08-09 00:01:12,831] {logging_mixin.py:115} INFO - [2022-08-09 00:01:12,831] {dag.py:2420} INFO - Sync 1 DAGs
[2022-08-09 00:01:12,842] {logging_mixin.py:115} INFO - [2022-08-09 00:01:12,842] {dag.py:2968} INFO - Setting next_dagrun for latest_only to 2022-08-08T23:01:12.842426+00:00, run_after=2022-08-09T03:01:12.842426+00:00
[2022-08-09 00:01:12,852] {processor.py:161} INFO - Processing /home/renan/datapipeline/.env/lib/python3.8/site-packages/airflow/example_dags/example_latest_only.py took 0.045 seconds
[2022-08-09 00:01:46,495] {processor.py:153} INFO - Started process (PID=10484) to work on /home/renan/datapipeline/.env/lib/python3.8/site-packages/airflow/example_dags/example_latest_only.py
[2022-08-09 00:01:46,496] {processor.py:641} INFO - Processing file /home/renan/datapipeline/.env/lib/python3.8/site-packages/airflow/example_dags/example_latest_only.py for tasks to queue
[2022-08-09 00:01:46,496] {logging_mixin.py:115} INFO - [2022-08-09 00:01:46,496] {dagbag.py:508} INFO - Filling up the DagBag from /home/renan/datapipeline/.env/lib/python3.8/site-packages/airflow/example_dags/example_latest_only.py
[2022-08-09 00:01:46,499] {processor.py:651} INFO - DAG(s) dict_keys(['latest_only']) retrieved from /home/renan/datapipeline/.env/lib/python3.8/site-packages/airflow/example_dags/example_latest_only.py
[2022-08-09 00:01:46,510] {logging_mixin.py:115} INFO - [2022-08-09 00:01:46,510] {dag.py:2420} INFO - Sync 1 DAGs
[2022-08-09 00:01:46,520] {logging_mixin.py:115} INFO - [2022-08-09 00:01:46,520] {dag.py:2968} INFO - Setting next_dagrun for latest_only to 2022-08-08T23:01:46.519898+00:00, run_after=2022-08-09T03:01:46.519898+00:00
[2022-08-09 00:01:46,530] {processor.py:161} INFO - Processing /home/renan/datapipeline/.env/lib/python3.8/site-packages/airflow/example_dags/example_latest_only.py took 0.037 seconds
[2022-08-09 00:02:19,755] {processor.py:153} INFO - Started process (PID=10527) to work on /home/renan/datapipeline/.env/lib/python3.8/site-packages/airflow/example_dags/example_latest_only.py
[2022-08-09 00:02:19,757] {processor.py:641} INFO - Processing file /home/renan/datapipeline/.env/lib/python3.8/site-packages/airflow/example_dags/example_latest_only.py for tasks to queue
[2022-08-09 00:02:19,758] {logging_mixin.py:115} INFO - [2022-08-09 00:02:19,758] {dagbag.py:508} INFO - Filling up the DagBag from /home/renan/datapipeline/.env/lib/python3.8/site-packages/airflow/example_dags/example_latest_only.py
[2022-08-09 00:02:19,761] {processor.py:651} INFO - DAG(s) dict_keys(['latest_only']) retrieved from /home/renan/datapipeline/.env/lib/python3.8/site-packages/airflow/example_dags/example_latest_only.py
[2022-08-09 00:02:19,772] {logging_mixin.py:115} INFO - [2022-08-09 00:02:19,772] {dag.py:2420} INFO - Sync 1 DAGs
[2022-08-09 00:02:19,783] {logging_mixin.py:115} INFO - [2022-08-09 00:02:19,783] {dag.py:2968} INFO - Setting next_dagrun for latest_only to 2022-08-08T23:02:19.783186+00:00, run_after=2022-08-09T03:02:19.783186+00:00
[2022-08-09 00:02:19,792] {processor.py:161} INFO - Processing /home/renan/datapipeline/.env/lib/python3.8/site-packages/airflow/example_dags/example_latest_only.py took 0.038 seconds
[2022-08-09 00:02:54,279] {processor.py:153} INFO - Started process (PID=10571) to work on /home/renan/datapipeline/.env/lib/python3.8/site-packages/airflow/example_dags/example_latest_only.py
[2022-08-09 00:02:54,279] {processor.py:641} INFO - Processing file /home/renan/datapipeline/.env/lib/python3.8/site-packages/airflow/example_dags/example_latest_only.py for tasks to queue
[2022-08-09 00:02:54,280] {logging_mixin.py:115} INFO - [2022-08-09 00:02:54,280] {dagbag.py:508} INFO - Filling up the DagBag from /home/renan/datapipeline/.env/lib/python3.8/site-packages/airflow/example_dags/example_latest_only.py
[2022-08-09 00:02:54,283] {processor.py:651} INFO - DAG(s) dict_keys(['latest_only']) retrieved from /home/renan/datapipeline/.env/lib/python3.8/site-packages/airflow/example_dags/example_latest_only.py
[2022-08-09 00:02:54,296] {logging_mixin.py:115} INFO - [2022-08-09 00:02:54,296] {dag.py:2420} INFO - Sync 1 DAGs
[2022-08-09 00:02:54,306] {logging_mixin.py:115} INFO - [2022-08-09 00:02:54,306] {dag.py:2968} INFO - Setting next_dagrun for latest_only to 2022-08-08T23:02:54.306633+00:00, run_after=2022-08-09T03:02:54.306633+00:00
[2022-08-09 00:02:54,316] {processor.py:161} INFO - Processing /home/renan/datapipeline/.env/lib/python3.8/site-packages/airflow/example_dags/example_latest_only.py took 0.039 seconds
[2022-08-09 00:03:30,609] {processor.py:153} INFO - Started process (PID=10614) to work on /home/renan/datapipeline/.env/lib/python3.8/site-packages/airflow/example_dags/example_latest_only.py
[2022-08-09 00:03:30,610] {processor.py:641} INFO - Processing file /home/renan/datapipeline/.env/lib/python3.8/site-packages/airflow/example_dags/example_latest_only.py for tasks to queue
[2022-08-09 00:03:30,610] {logging_mixin.py:115} INFO - [2022-08-09 00:03:30,610] {dagbag.py:508} INFO - Filling up the DagBag from /home/renan/datapipeline/.env/lib/python3.8/site-packages/airflow/example_dags/example_latest_only.py
[2022-08-09 00:03:30,613] {processor.py:651} INFO - DAG(s) dict_keys(['latest_only']) retrieved from /home/renan/datapipeline/.env/lib/python3.8/site-packages/airflow/example_dags/example_latest_only.py
[2022-08-09 00:03:30,624] {logging_mixin.py:115} INFO - [2022-08-09 00:03:30,624] {dag.py:2420} INFO - Sync 1 DAGs
[2022-08-09 00:03:30,633] {logging_mixin.py:115} INFO - [2022-08-09 00:03:30,633] {dag.py:2968} INFO - Setting next_dagrun for latest_only to 2022-08-08T23:03:30.633306+00:00, run_after=2022-08-09T03:03:30.633306+00:00
[2022-08-09 00:03:30,642] {processor.py:161} INFO - Processing /home/renan/datapipeline/.env/lib/python3.8/site-packages/airflow/example_dags/example_latest_only.py took 0.035 seconds
[2022-08-09 00:04:04,359] {processor.py:153} INFO - Started process (PID=10658) to work on /home/renan/datapipeline/.env/lib/python3.8/site-packages/airflow/example_dags/example_latest_only.py
[2022-08-09 00:04:04,359] {processor.py:641} INFO - Processing file /home/renan/datapipeline/.env/lib/python3.8/site-packages/airflow/example_dags/example_latest_only.py for tasks to queue
[2022-08-09 00:04:04,360] {logging_mixin.py:115} INFO - [2022-08-09 00:04:04,359] {dagbag.py:508} INFO - Filling up the DagBag from /home/renan/datapipeline/.env/lib/python3.8/site-packages/airflow/example_dags/example_latest_only.py
[2022-08-09 00:04:04,362] {processor.py:651} INFO - DAG(s) dict_keys(['latest_only']) retrieved from /home/renan/datapipeline/.env/lib/python3.8/site-packages/airflow/example_dags/example_latest_only.py
[2022-08-09 00:04:04,374] {logging_mixin.py:115} INFO - [2022-08-09 00:04:04,373] {dag.py:2420} INFO - Sync 1 DAGs
[2022-08-09 00:04:04,383] {logging_mixin.py:115} INFO - [2022-08-09 00:04:04,383] {dag.py:2968} INFO - Setting next_dagrun for latest_only to 2022-08-08T23:04:04.383397+00:00, run_after=2022-08-09T03:04:04.383397+00:00
[2022-08-09 00:04:04,393] {processor.py:161} INFO - Processing /home/renan/datapipeline/.env/lib/python3.8/site-packages/airflow/example_dags/example_latest_only.py took 0.035 seconds
[2022-08-09 00:04:38,039] {processor.py:153} INFO - Started process (PID=10694) to work on /home/renan/datapipeline/.env/lib/python3.8/site-packages/airflow/example_dags/example_latest_only.py
[2022-08-09 00:04:38,039] {processor.py:641} INFO - Processing file /home/renan/datapipeline/.env/lib/python3.8/site-packages/airflow/example_dags/example_latest_only.py for tasks to queue
[2022-08-09 00:04:38,040] {logging_mixin.py:115} INFO - [2022-08-09 00:04:38,040] {dagbag.py:508} INFO - Filling up the DagBag from /home/renan/datapipeline/.env/lib/python3.8/site-packages/airflow/example_dags/example_latest_only.py
[2022-08-09 00:04:38,043] {processor.py:651} INFO - DAG(s) dict_keys(['latest_only']) retrieved from /home/renan/datapipeline/.env/lib/python3.8/site-packages/airflow/example_dags/example_latest_only.py
[2022-08-09 00:04:38,053] {logging_mixin.py:115} INFO - [2022-08-09 00:04:38,053] {dag.py:2420} INFO - Sync 1 DAGs
[2022-08-09 00:04:38,063] {logging_mixin.py:115} INFO - [2022-08-09 00:04:38,063] {dag.py:2968} INFO - Setting next_dagrun for latest_only to 2022-08-08T23:04:38.063170+00:00, run_after=2022-08-09T03:04:38.063170+00:00
[2022-08-09 00:04:38,072] {processor.py:161} INFO - Processing /home/renan/datapipeline/.env/lib/python3.8/site-packages/airflow/example_dags/example_latest_only.py took 0.034 seconds
[2022-08-09 00:05:13,009] {processor.py:153} INFO - Started process (PID=10759) to work on /home/renan/datapipeline/.env/lib/python3.8/site-packages/airflow/example_dags/example_latest_only.py
[2022-08-09 00:05:13,009] {processor.py:641} INFO - Processing file /home/renan/datapipeline/.env/lib/python3.8/site-packages/airflow/example_dags/example_latest_only.py for tasks to queue
[2022-08-09 00:05:13,010] {logging_mixin.py:115} INFO - [2022-08-09 00:05:13,010] {dagbag.py:508} INFO - Filling up the DagBag from /home/renan/datapipeline/.env/lib/python3.8/site-packages/airflow/example_dags/example_latest_only.py
[2022-08-09 00:05:13,013] {processor.py:651} INFO - DAG(s) dict_keys(['latest_only']) retrieved from /home/renan/datapipeline/.env/lib/python3.8/site-packages/airflow/example_dags/example_latest_only.py
[2022-08-09 00:05:13,024] {logging_mixin.py:115} INFO - [2022-08-09 00:05:13,024] {dag.py:2420} INFO - Sync 1 DAGs
[2022-08-09 00:05:13,034] {logging_mixin.py:115} INFO - [2022-08-09 00:05:13,034] {dag.py:2968} INFO - Setting next_dagrun for latest_only to 2022-08-08T23:05:13.034516+00:00, run_after=2022-08-09T03:05:13.034516+00:00
[2022-08-09 00:05:13,043] {processor.py:161} INFO - Processing /home/renan/datapipeline/.env/lib/python3.8/site-packages/airflow/example_dags/example_latest_only.py took 0.036 seconds
[2022-08-09 00:05:47,607] {processor.py:153} INFO - Started process (PID=10798) to work on /home/renan/datapipeline/.env/lib/python3.8/site-packages/airflow/example_dags/example_latest_only.py
[2022-08-09 00:05:47,608] {processor.py:641} INFO - Processing file /home/renan/datapipeline/.env/lib/python3.8/site-packages/airflow/example_dags/example_latest_only.py for tasks to queue
[2022-08-09 00:05:47,608] {logging_mixin.py:115} INFO - [2022-08-09 00:05:47,608] {dagbag.py:508} INFO - Filling up the DagBag from /home/renan/datapipeline/.env/lib/python3.8/site-packages/airflow/example_dags/example_latest_only.py
[2022-08-09 00:05:47,611] {processor.py:651} INFO - DAG(s) dict_keys(['latest_only']) retrieved from /home/renan/datapipeline/.env/lib/python3.8/site-packages/airflow/example_dags/example_latest_only.py
[2022-08-09 00:05:47,622] {logging_mixin.py:115} INFO - [2022-08-09 00:05:47,622] {dag.py:2420} INFO - Sync 1 DAGs
[2022-08-09 00:05:47,631] {logging_mixin.py:115} INFO - [2022-08-09 00:05:47,631] {dag.py:2968} INFO - Setting next_dagrun for latest_only to 2022-08-08T23:05:47.631579+00:00, run_after=2022-08-09T03:05:47.631579+00:00
[2022-08-09 00:05:47,640] {processor.py:161} INFO - Processing /home/renan/datapipeline/.env/lib/python3.8/site-packages/airflow/example_dags/example_latest_only.py took 0.035 seconds
[2022-08-09 00:06:22,604] {processor.py:153} INFO - Started process (PID=10834) to work on /home/renan/datapipeline/.env/lib/python3.8/site-packages/airflow/example_dags/example_latest_only.py
[2022-08-09 00:06:22,605] {processor.py:641} INFO - Processing file /home/renan/datapipeline/.env/lib/python3.8/site-packages/airflow/example_dags/example_latest_only.py for tasks to queue
[2022-08-09 00:06:22,605] {logging_mixin.py:115} INFO - [2022-08-09 00:06:22,605] {dagbag.py:508} INFO - Filling up the DagBag from /home/renan/datapipeline/.env/lib/python3.8/site-packages/airflow/example_dags/example_latest_only.py
[2022-08-09 00:06:22,608] {processor.py:651} INFO - DAG(s) dict_keys(['latest_only']) retrieved from /home/renan/datapipeline/.env/lib/python3.8/site-packages/airflow/example_dags/example_latest_only.py
[2022-08-09 00:06:22,619] {logging_mixin.py:115} INFO - [2022-08-09 00:06:22,619] {dag.py:2420} INFO - Sync 1 DAGs
[2022-08-09 00:06:22,629] {logging_mixin.py:115} INFO - [2022-08-09 00:06:22,629] {dag.py:2968} INFO - Setting next_dagrun for latest_only to 2022-08-08T23:06:22.628933+00:00, run_after=2022-08-09T03:06:22.628933+00:00
[2022-08-09 00:06:22,637] {processor.py:161} INFO - Processing /home/renan/datapipeline/.env/lib/python3.8/site-packages/airflow/example_dags/example_latest_only.py took 0.034 seconds
[2022-08-09 00:06:59,397] {processor.py:153} INFO - Started process (PID=10891) to work on /home/renan/datapipeline/.env/lib/python3.8/site-packages/airflow/example_dags/example_latest_only.py
[2022-08-09 00:06:59,397] {processor.py:641} INFO - Processing file /home/renan/datapipeline/.env/lib/python3.8/site-packages/airflow/example_dags/example_latest_only.py for tasks to queue
[2022-08-09 00:06:59,398] {logging_mixin.py:115} INFO - [2022-08-09 00:06:59,398] {dagbag.py:508} INFO - Filling up the DagBag from /home/renan/datapipeline/.env/lib/python3.8/site-packages/airflow/example_dags/example_latest_only.py
[2022-08-09 00:06:59,401] {processor.py:651} INFO - DAG(s) dict_keys(['latest_only']) retrieved from /home/renan/datapipeline/.env/lib/python3.8/site-packages/airflow/example_dags/example_latest_only.py
[2022-08-09 00:06:59,414] {logging_mixin.py:115} INFO - [2022-08-09 00:06:59,414] {dag.py:2420} INFO - Sync 1 DAGs
[2022-08-09 00:06:59,426] {logging_mixin.py:115} INFO - [2022-08-09 00:06:59,426] {dag.py:2968} INFO - Setting next_dagrun for latest_only to 2022-08-08T23:06:59.426446+00:00, run_after=2022-08-09T03:06:59.426446+00:00
[2022-08-09 00:06:59,436] {processor.py:161} INFO - Processing /home/renan/datapipeline/.env/lib/python3.8/site-packages/airflow/example_dags/example_latest_only.py took 0.041 seconds
[2022-08-09 00:07:35,349] {processor.py:153} INFO - Started process (PID=10942) to work on /home/renan/datapipeline/.env/lib/python3.8/site-packages/airflow/example_dags/example_latest_only.py
[2022-08-09 00:07:35,350] {processor.py:641} INFO - Processing file /home/renan/datapipeline/.env/lib/python3.8/site-packages/airflow/example_dags/example_latest_only.py for tasks to queue
[2022-08-09 00:07:35,350] {logging_mixin.py:115} INFO - [2022-08-09 00:07:35,350] {dagbag.py:508} INFO - Filling up the DagBag from /home/renan/datapipeline/.env/lib/python3.8/site-packages/airflow/example_dags/example_latest_only.py
[2022-08-09 00:07:35,354] {processor.py:651} INFO - DAG(s) dict_keys(['latest_only']) retrieved from /home/renan/datapipeline/.env/lib/python3.8/site-packages/airflow/example_dags/example_latest_only.py
[2022-08-09 00:07:35,365] {logging_mixin.py:115} INFO - [2022-08-09 00:07:35,365] {dag.py:2420} INFO - Sync 1 DAGs
[2022-08-09 00:07:35,377] {logging_mixin.py:115} INFO - [2022-08-09 00:07:35,377] {dag.py:2968} INFO - Setting next_dagrun for latest_only to 2022-08-08T23:07:35.376887+00:00, run_after=2022-08-09T03:07:35.376887+00:00
[2022-08-09 00:07:35,386] {processor.py:161} INFO - Processing /home/renan/datapipeline/.env/lib/python3.8/site-packages/airflow/example_dags/example_latest_only.py took 0.039 seconds
[2022-08-09 00:08:11,230] {processor.py:153} INFO - Started process (PID=10982) to work on /home/renan/datapipeline/.env/lib/python3.8/site-packages/airflow/example_dags/example_latest_only.py
[2022-08-09 00:08:11,230] {processor.py:641} INFO - Processing file /home/renan/datapipeline/.env/lib/python3.8/site-packages/airflow/example_dags/example_latest_only.py for tasks to queue
[2022-08-09 00:08:11,230] {logging_mixin.py:115} INFO - [2022-08-09 00:08:11,230] {dagbag.py:508} INFO - Filling up the DagBag from /home/renan/datapipeline/.env/lib/python3.8/site-packages/airflow/example_dags/example_latest_only.py
[2022-08-09 00:08:11,233] {processor.py:651} INFO - DAG(s) dict_keys(['latest_only']) retrieved from /home/renan/datapipeline/.env/lib/python3.8/site-packages/airflow/example_dags/example_latest_only.py
[2022-08-09 00:08:11,244] {logging_mixin.py:115} INFO - [2022-08-09 00:08:11,244] {dag.py:2420} INFO - Sync 1 DAGs
[2022-08-09 00:08:11,253] {logging_mixin.py:115} INFO - [2022-08-09 00:08:11,253] {dag.py:2968} INFO - Setting next_dagrun for latest_only to 2022-08-08T23:08:11.253587+00:00, run_after=2022-08-09T03:08:11.253587+00:00
[2022-08-09 00:08:11,269] {processor.py:161} INFO - Processing /home/renan/datapipeline/.env/lib/python3.8/site-packages/airflow/example_dags/example_latest_only.py took 0.041 seconds
[2022-08-09 00:08:43,059] {processor.py:153} INFO - Started process (PID=11019) to work on /home/renan/datapipeline/.env/lib/python3.8/site-packages/airflow/example_dags/example_latest_only.py
[2022-08-09 00:08:43,059] {processor.py:641} INFO - Processing file /home/renan/datapipeline/.env/lib/python3.8/site-packages/airflow/example_dags/example_latest_only.py for tasks to queue
[2022-08-09 00:08:43,059] {logging_mixin.py:115} INFO - [2022-08-09 00:08:43,059] {dagbag.py:508} INFO - Filling up the DagBag from /home/renan/datapipeline/.env/lib/python3.8/site-packages/airflow/example_dags/example_latest_only.py
[2022-08-09 00:08:43,062] {processor.py:651} INFO - DAG(s) dict_keys(['latest_only']) retrieved from /home/renan/datapipeline/.env/lib/python3.8/site-packages/airflow/example_dags/example_latest_only.py
[2022-08-09 00:08:43,073] {logging_mixin.py:115} INFO - [2022-08-09 00:08:43,073] {dag.py:2420} INFO - Sync 1 DAGs
[2022-08-09 00:08:43,082] {logging_mixin.py:115} INFO - [2022-08-09 00:08:43,082] {dag.py:2968} INFO - Setting next_dagrun for latest_only to 2022-08-08T23:08:43.082494+00:00, run_after=2022-08-09T03:08:43.082494+00:00
[2022-08-09 00:08:43,092] {processor.py:161} INFO - Processing /home/renan/datapipeline/.env/lib/python3.8/site-packages/airflow/example_dags/example_latest_only.py took 0.035 seconds
[2022-08-09 00:09:22,379] {processor.py:153} INFO - Started process (PID=11058) to work on /home/renan/datapipeline/.env/lib/python3.8/site-packages/airflow/example_dags/example_latest_only.py
[2022-08-09 00:09:22,379] {processor.py:641} INFO - Processing file /home/renan/datapipeline/.env/lib/python3.8/site-packages/airflow/example_dags/example_latest_only.py for tasks to queue
[2022-08-09 00:09:22,379] {logging_mixin.py:115} INFO - [2022-08-09 00:09:22,379] {dagbag.py:508} INFO - Filling up the DagBag from /home/renan/datapipeline/.env/lib/python3.8/site-packages/airflow/example_dags/example_latest_only.py
[2022-08-09 00:09:22,384] {processor.py:651} INFO - DAG(s) dict_keys(['latest_only']) retrieved from /home/renan/datapipeline/.env/lib/python3.8/site-packages/airflow/example_dags/example_latest_only.py
[2022-08-09 00:09:22,393] {logging_mixin.py:115} INFO - [2022-08-09 00:09:22,393] {dag.py:2420} INFO - Sync 1 DAGs
[2022-08-09 00:09:22,402] {logging_mixin.py:115} INFO - [2022-08-09 00:09:22,402] {dag.py:2968} INFO - Setting next_dagrun for latest_only to 2022-08-08T23:09:22.402559+00:00, run_after=2022-08-09T03:09:22.402559+00:00
[2022-08-09 00:09:22,411] {processor.py:161} INFO - Processing /home/renan/datapipeline/.env/lib/python3.8/site-packages/airflow/example_dags/example_latest_only.py took 0.034 seconds
[2022-08-09 00:09:55,072] {processor.py:153} INFO - Started process (PID=11095) to work on /home/renan/datapipeline/.env/lib/python3.8/site-packages/airflow/example_dags/example_latest_only.py
[2022-08-09 00:09:55,072] {processor.py:641} INFO - Processing file /home/renan/datapipeline/.env/lib/python3.8/site-packages/airflow/example_dags/example_latest_only.py for tasks to queue
[2022-08-09 00:09:55,073] {logging_mixin.py:115} INFO - [2022-08-09 00:09:55,072] {dagbag.py:508} INFO - Filling up the DagBag from /home/renan/datapipeline/.env/lib/python3.8/site-packages/airflow/example_dags/example_latest_only.py
[2022-08-09 00:09:55,078] {processor.py:651} INFO - DAG(s) dict_keys(['latest_only']) retrieved from /home/renan/datapipeline/.env/lib/python3.8/site-packages/airflow/example_dags/example_latest_only.py
[2022-08-09 00:09:55,086] {logging_mixin.py:115} INFO - [2022-08-09 00:09:55,086] {dag.py:2420} INFO - Sync 1 DAGs
[2022-08-09 00:09:55,095] {logging_mixin.py:115} INFO - [2022-08-09 00:09:55,095] {dag.py:2968} INFO - Setting next_dagrun for latest_only to 2022-08-08T23:09:55.095656+00:00, run_after=2022-08-09T03:09:55.095656+00:00
[2022-08-09 00:09:55,104] {processor.py:161} INFO - Processing /home/renan/datapipeline/.env/lib/python3.8/site-packages/airflow/example_dags/example_latest_only.py took 0.034 seconds
[2022-08-09 00:10:33,088] {processor.py:153} INFO - Started process (PID=11138) to work on /home/renan/datapipeline/.env/lib/python3.8/site-packages/airflow/example_dags/example_latest_only.py
[2022-08-09 00:10:33,088] {processor.py:641} INFO - Processing file /home/renan/datapipeline/.env/lib/python3.8/site-packages/airflow/example_dags/example_latest_only.py for tasks to queue
[2022-08-09 00:10:33,088] {logging_mixin.py:115} INFO - [2022-08-09 00:10:33,088] {dagbag.py:508} INFO - Filling up the DagBag from /home/renan/datapipeline/.env/lib/python3.8/site-packages/airflow/example_dags/example_latest_only.py
[2022-08-09 00:10:33,093] {processor.py:651} INFO - DAG(s) dict_keys(['latest_only']) retrieved from /home/renan/datapipeline/.env/lib/python3.8/site-packages/airflow/example_dags/example_latest_only.py
[2022-08-09 00:10:33,102] {logging_mixin.py:115} INFO - [2022-08-09 00:10:33,102] {dag.py:2420} INFO - Sync 1 DAGs
[2022-08-09 00:10:33,111] {logging_mixin.py:115} INFO - [2022-08-09 00:10:33,111] {dag.py:2968} INFO - Setting next_dagrun for latest_only to 2022-08-08T23:10:33.111700+00:00, run_after=2022-08-09T03:10:33.111700+00:00
[2022-08-09 00:10:33,120] {processor.py:161} INFO - Processing /home/renan/datapipeline/.env/lib/python3.8/site-packages/airflow/example_dags/example_latest_only.py took 0.034 seconds
[2022-08-09 00:11:08,190] {processor.py:153} INFO - Started process (PID=11193) to work on /home/renan/datapipeline/.env/lib/python3.8/site-packages/airflow/example_dags/example_latest_only.py
[2022-08-09 00:11:08,190] {processor.py:641} INFO - Processing file /home/renan/datapipeline/.env/lib/python3.8/site-packages/airflow/example_dags/example_latest_only.py for tasks to queue
[2022-08-09 00:11:08,191] {logging_mixin.py:115} INFO - [2022-08-09 00:11:08,191] {dagbag.py:508} INFO - Filling up the DagBag from /home/renan/datapipeline/.env/lib/python3.8/site-packages/airflow/example_dags/example_latest_only.py
[2022-08-09 00:11:08,195] {processor.py:651} INFO - DAG(s) dict_keys(['latest_only']) retrieved from /home/renan/datapipeline/.env/lib/python3.8/site-packages/airflow/example_dags/example_latest_only.py
[2022-08-09 00:11:08,204] {logging_mixin.py:115} INFO - [2022-08-09 00:11:08,204] {dag.py:2420} INFO - Sync 1 DAGs
[2022-08-09 00:11:08,214] {logging_mixin.py:115} INFO - [2022-08-09 00:11:08,214] {dag.py:2968} INFO - Setting next_dagrun for latest_only to 2022-08-08T23:11:08.214206+00:00, run_after=2022-08-09T03:11:08.214206+00:00
[2022-08-09 00:11:08,222] {processor.py:161} INFO - Processing /home/renan/datapipeline/.env/lib/python3.8/site-packages/airflow/example_dags/example_latest_only.py took 0.034 seconds
[2022-08-09 00:11:43,237] {processor.py:153} INFO - Started process (PID=11232) to work on /home/renan/datapipeline/.env/lib/python3.8/site-packages/airflow/example_dags/example_latest_only.py
[2022-08-09 00:11:43,237] {processor.py:641} INFO - Processing file /home/renan/datapipeline/.env/lib/python3.8/site-packages/airflow/example_dags/example_latest_only.py for tasks to queue
[2022-08-09 00:11:43,237] {logging_mixin.py:115} INFO - [2022-08-09 00:11:43,237] {dagbag.py:508} INFO - Filling up the DagBag from /home/renan/datapipeline/.env/lib/python3.8/site-packages/airflow/example_dags/example_latest_only.py
[2022-08-09 00:11:43,242] {processor.py:651} INFO - DAG(s) dict_keys(['latest_only']) retrieved from /home/renan/datapipeline/.env/lib/python3.8/site-packages/airflow/example_dags/example_latest_only.py
[2022-08-09 00:11:43,252] {logging_mixin.py:115} INFO - [2022-08-09 00:11:43,252] {dag.py:2420} INFO - Sync 1 DAGs
[2022-08-09 00:11:43,262] {logging_mixin.py:115} INFO - [2022-08-09 00:11:43,262] {dag.py:2968} INFO - Setting next_dagrun for latest_only to 2022-08-08T23:11:43.261963+00:00, run_after=2022-08-09T03:11:43.261963+00:00
[2022-08-09 00:11:43,272] {processor.py:161} INFO - Processing /home/renan/datapipeline/.env/lib/python3.8/site-packages/airflow/example_dags/example_latest_only.py took 0.037 seconds
[2022-08-09 00:12:16,696] {processor.py:153} INFO - Started process (PID=11296) to work on /home/renan/datapipeline/.env/lib/python3.8/site-packages/airflow/example_dags/example_latest_only.py
[2022-08-09 00:12:16,697] {processor.py:641} INFO - Processing file /home/renan/datapipeline/.env/lib/python3.8/site-packages/airflow/example_dags/example_latest_only.py for tasks to queue
[2022-08-09 00:12:16,697] {logging_mixin.py:115} INFO - [2022-08-09 00:12:16,697] {dagbag.py:508} INFO - Filling up the DagBag from /home/renan/datapipeline/.env/lib/python3.8/site-packages/airflow/example_dags/example_latest_only.py
[2022-08-09 00:12:16,704] {processor.py:651} INFO - DAG(s) dict_keys(['latest_only']) retrieved from /home/renan/datapipeline/.env/lib/python3.8/site-packages/airflow/example_dags/example_latest_only.py
[2022-08-09 00:12:16,714] {logging_mixin.py:115} INFO - [2022-08-09 00:12:16,714] {dag.py:2420} INFO - Sync 1 DAGs
[2022-08-09 00:12:16,727] {logging_mixin.py:115} INFO - [2022-08-09 00:12:16,727] {dag.py:2968} INFO - Setting next_dagrun for latest_only to 2022-08-08T23:12:16.726976+00:00, run_after=2022-08-09T03:12:16.726976+00:00
[2022-08-09 00:12:16,736] {processor.py:161} INFO - Processing /home/renan/datapipeline/.env/lib/python3.8/site-packages/airflow/example_dags/example_latest_only.py took 0.042 seconds
[2022-08-09 00:12:54,476] {processor.py:153} INFO - Started process (PID=11342) to work on /home/renan/datapipeline/.env/lib/python3.8/site-packages/airflow/example_dags/example_latest_only.py
[2022-08-09 00:12:54,476] {processor.py:641} INFO - Processing file /home/renan/datapipeline/.env/lib/python3.8/site-packages/airflow/example_dags/example_latest_only.py for tasks to queue
[2022-08-09 00:12:54,477] {logging_mixin.py:115} INFO - [2022-08-09 00:12:54,477] {dagbag.py:508} INFO - Filling up the DagBag from /home/renan/datapipeline/.env/lib/python3.8/site-packages/airflow/example_dags/example_latest_only.py
[2022-08-09 00:12:54,481] {processor.py:651} INFO - DAG(s) dict_keys(['latest_only']) retrieved from /home/renan/datapipeline/.env/lib/python3.8/site-packages/airflow/example_dags/example_latest_only.py
[2022-08-09 00:12:54,491] {logging_mixin.py:115} INFO - [2022-08-09 00:12:54,491] {dag.py:2420} INFO - Sync 1 DAGs
[2022-08-09 00:12:54,500] {logging_mixin.py:115} INFO - [2022-08-09 00:12:54,500] {dag.py:2968} INFO - Setting next_dagrun for latest_only to 2022-08-08T23:12:54.500369+00:00, run_after=2022-08-09T03:12:54.500369+00:00
[2022-08-09 00:12:54,509] {processor.py:161} INFO - Processing /home/renan/datapipeline/.env/lib/python3.8/site-packages/airflow/example_dags/example_latest_only.py took 0.035 seconds
[2022-08-09 00:13:26,418] {processor.py:153} INFO - Started process (PID=11386) to work on /home/renan/datapipeline/.env/lib/python3.8/site-packages/airflow/example_dags/example_latest_only.py
[2022-08-09 00:13:26,418] {processor.py:641} INFO - Processing file /home/renan/datapipeline/.env/lib/python3.8/site-packages/airflow/example_dags/example_latest_only.py for tasks to queue
[2022-08-09 00:13:26,418] {logging_mixin.py:115} INFO - [2022-08-09 00:13:26,418] {dagbag.py:508} INFO - Filling up the DagBag from /home/renan/datapipeline/.env/lib/python3.8/site-packages/airflow/example_dags/example_latest_only.py
[2022-08-09 00:13:26,423] {processor.py:651} INFO - DAG(s) dict_keys(['latest_only']) retrieved from /home/renan/datapipeline/.env/lib/python3.8/site-packages/airflow/example_dags/example_latest_only.py
[2022-08-09 00:13:26,433] {logging_mixin.py:115} INFO - [2022-08-09 00:13:26,433] {dag.py:2420} INFO - Sync 1 DAGs
[2022-08-09 00:13:26,444] {logging_mixin.py:115} INFO - [2022-08-09 00:13:26,444] {dag.py:2968} INFO - Setting next_dagrun for latest_only to 2022-08-08T23:13:26.444086+00:00, run_after=2022-08-09T03:13:26.444086+00:00
[2022-08-09 00:13:26,453] {processor.py:161} INFO - Processing /home/renan/datapipeline/.env/lib/python3.8/site-packages/airflow/example_dags/example_latest_only.py took 0.038 seconds
[2022-08-09 00:14:02,370] {processor.py:153} INFO - Started process (PID=11473) to work on /home/renan/datapipeline/.env/lib/python3.8/site-packages/airflow/example_dags/example_latest_only.py
[2022-08-09 00:14:02,371] {processor.py:641} INFO - Processing file /home/renan/datapipeline/.env/lib/python3.8/site-packages/airflow/example_dags/example_latest_only.py for tasks to queue
[2022-08-09 00:14:02,371] {logging_mixin.py:115} INFO - [2022-08-09 00:14:02,371] {dagbag.py:508} INFO - Filling up the DagBag from /home/renan/datapipeline/.env/lib/python3.8/site-packages/airflow/example_dags/example_latest_only.py
[2022-08-09 00:14:02,375] {processor.py:651} INFO - DAG(s) dict_keys(['latest_only']) retrieved from /home/renan/datapipeline/.env/lib/python3.8/site-packages/airflow/example_dags/example_latest_only.py
[2022-08-09 00:14:02,384] {logging_mixin.py:115} INFO - [2022-08-09 00:14:02,384] {dag.py:2420} INFO - Sync 1 DAGs
[2022-08-09 00:14:02,394] {logging_mixin.py:115} INFO - [2022-08-09 00:14:02,394] {dag.py:2968} INFO - Setting next_dagrun for latest_only to 2022-08-08T23:14:02.394404+00:00, run_after=2022-08-09T03:14:02.394404+00:00
[2022-08-09 00:14:02,403] {processor.py:161} INFO - Processing /home/renan/datapipeline/.env/lib/python3.8/site-packages/airflow/example_dags/example_latest_only.py took 0.034 seconds
[2022-08-09 00:14:35,359] {processor.py:153} INFO - Started process (PID=11518) to work on /home/renan/datapipeline/.env/lib/python3.8/site-packages/airflow/example_dags/example_latest_only.py
[2022-08-09 00:14:35,359] {processor.py:641} INFO - Processing file /home/renan/datapipeline/.env/lib/python3.8/site-packages/airflow/example_dags/example_latest_only.py for tasks to queue
[2022-08-09 00:14:35,360] {logging_mixin.py:115} INFO - [2022-08-09 00:14:35,360] {dagbag.py:508} INFO - Filling up the DagBag from /home/renan/datapipeline/.env/lib/python3.8/site-packages/airflow/example_dags/example_latest_only.py
[2022-08-09 00:14:35,363] {processor.py:651} INFO - DAG(s) dict_keys(['latest_only']) retrieved from /home/renan/datapipeline/.env/lib/python3.8/site-packages/airflow/example_dags/example_latest_only.py
[2022-08-09 00:14:35,372] {logging_mixin.py:115} INFO - [2022-08-09 00:14:35,372] {dag.py:2420} INFO - Sync 1 DAGs
[2022-08-09 00:14:35,382] {logging_mixin.py:115} INFO - [2022-08-09 00:14:35,382] {dag.py:2968} INFO - Setting next_dagrun for latest_only to 2022-08-08T23:14:35.382004+00:00, run_after=2022-08-09T03:14:35.382004+00:00
[2022-08-09 00:14:35,391] {processor.py:161} INFO - Processing /home/renan/datapipeline/.env/lib/python3.8/site-packages/airflow/example_dags/example_latest_only.py took 0.033 seconds
[2022-08-09 00:15:11,030] {processor.py:153} INFO - Started process (PID=11562) to work on /home/renan/datapipeline/.env/lib/python3.8/site-packages/airflow/example_dags/example_latest_only.py
[2022-08-09 00:15:11,031] {processor.py:641} INFO - Processing file /home/renan/datapipeline/.env/lib/python3.8/site-packages/airflow/example_dags/example_latest_only.py for tasks to queue
[2022-08-09 00:15:11,031] {logging_mixin.py:115} INFO - [2022-08-09 00:15:11,031] {dagbag.py:508} INFO - Filling up the DagBag from /home/renan/datapipeline/.env/lib/python3.8/site-packages/airflow/example_dags/example_latest_only.py
[2022-08-09 00:15:11,034] {processor.py:651} INFO - DAG(s) dict_keys(['latest_only']) retrieved from /home/renan/datapipeline/.env/lib/python3.8/site-packages/airflow/example_dags/example_latest_only.py
[2022-08-09 00:15:11,043] {logging_mixin.py:115} INFO - [2022-08-09 00:15:11,043] {dag.py:2420} INFO - Sync 1 DAGs
[2022-08-09 00:15:11,053] {logging_mixin.py:115} INFO - [2022-08-09 00:15:11,053] {dag.py:2968} INFO - Setting next_dagrun for latest_only to 2022-08-08T23:15:11.053125+00:00, run_after=2022-08-09T03:15:11.053125+00:00
[2022-08-09 00:15:11,062] {processor.py:161} INFO - Processing /home/renan/datapipeline/.env/lib/python3.8/site-packages/airflow/example_dags/example_latest_only.py took 0.033 seconds
[2022-08-09 00:15:47,827] {processor.py:153} INFO - Started process (PID=11642) to work on /home/renan/datapipeline/.env/lib/python3.8/site-packages/airflow/example_dags/example_latest_only.py
[2022-08-09 00:15:47,827] {processor.py:641} INFO - Processing file /home/renan/datapipeline/.env/lib/python3.8/site-packages/airflow/example_dags/example_latest_only.py for tasks to queue
[2022-08-09 00:15:47,828] {logging_mixin.py:115} INFO - [2022-08-09 00:15:47,828] {dagbag.py:508} INFO - Filling up the DagBag from /home/renan/datapipeline/.env/lib/python3.8/site-packages/airflow/example_dags/example_latest_only.py
[2022-08-09 00:15:47,831] {processor.py:651} INFO - DAG(s) dict_keys(['latest_only']) retrieved from /home/renan/datapipeline/.env/lib/python3.8/site-packages/airflow/example_dags/example_latest_only.py
[2022-08-09 00:15:47,841] {logging_mixin.py:115} INFO - [2022-08-09 00:15:47,841] {dag.py:2420} INFO - Sync 1 DAGs
[2022-08-09 00:15:47,852] {logging_mixin.py:115} INFO - [2022-08-09 00:15:47,852] {dag.py:2968} INFO - Setting next_dagrun for latest_only to 2022-08-08T23:15:47.852305+00:00, run_after=2022-08-09T03:15:47.852305+00:00
[2022-08-09 00:15:47,862] {processor.py:161} INFO - Processing /home/renan/datapipeline/.env/lib/python3.8/site-packages/airflow/example_dags/example_latest_only.py took 0.038 seconds
[2022-08-09 00:16:23,002] {processor.py:153} INFO - Started process (PID=11684) to work on /home/renan/datapipeline/.env/lib/python3.8/site-packages/airflow/example_dags/example_latest_only.py
[2022-08-09 00:16:23,002] {processor.py:641} INFO - Processing file /home/renan/datapipeline/.env/lib/python3.8/site-packages/airflow/example_dags/example_latest_only.py for tasks to queue
[2022-08-09 00:16:23,003] {logging_mixin.py:115} INFO - [2022-08-09 00:16:23,003] {dagbag.py:508} INFO - Filling up the DagBag from /home/renan/datapipeline/.env/lib/python3.8/site-packages/airflow/example_dags/example_latest_only.py
[2022-08-09 00:16:23,005] {processor.py:651} INFO - DAG(s) dict_keys(['latest_only']) retrieved from /home/renan/datapipeline/.env/lib/python3.8/site-packages/airflow/example_dags/example_latest_only.py
[2022-08-09 00:16:23,015] {logging_mixin.py:115} INFO - [2022-08-09 00:16:23,015] {dag.py:2420} INFO - Sync 1 DAGs
[2022-08-09 00:16:23,025] {logging_mixin.py:115} INFO - [2022-08-09 00:16:23,025] {dag.py:2968} INFO - Setting next_dagrun for latest_only to 2022-08-08T23:16:23.025574+00:00, run_after=2022-08-09T03:16:23.025574+00:00
[2022-08-09 00:16:23,036] {processor.py:161} INFO - Processing /home/renan/datapipeline/.env/lib/python3.8/site-packages/airflow/example_dags/example_latest_only.py took 0.036 seconds
[2022-08-09 00:16:59,653] {processor.py:153} INFO - Started process (PID=11745) to work on /home/renan/datapipeline/.env/lib/python3.8/site-packages/airflow/example_dags/example_latest_only.py
[2022-08-09 00:16:59,653] {processor.py:641} INFO - Processing file /home/renan/datapipeline/.env/lib/python3.8/site-packages/airflow/example_dags/example_latest_only.py for tasks to queue
[2022-08-09 00:16:59,653] {logging_mixin.py:115} INFO - [2022-08-09 00:16:59,653] {dagbag.py:508} INFO - Filling up the DagBag from /home/renan/datapipeline/.env/lib/python3.8/site-packages/airflow/example_dags/example_latest_only.py
[2022-08-09 00:16:59,656] {processor.py:651} INFO - DAG(s) dict_keys(['latest_only']) retrieved from /home/renan/datapipeline/.env/lib/python3.8/site-packages/airflow/example_dags/example_latest_only.py
[2022-08-09 00:16:59,666] {logging_mixin.py:115} INFO - [2022-08-09 00:16:59,666] {dag.py:2420} INFO - Sync 1 DAGs
[2022-08-09 00:16:59,676] {logging_mixin.py:115} INFO - [2022-08-09 00:16:59,675] {dag.py:2968} INFO - Setting next_dagrun for latest_only to 2022-08-08T23:16:59.675804+00:00, run_after=2022-08-09T03:16:59.675804+00:00
[2022-08-09 00:16:59,684] {processor.py:161} INFO - Processing /home/renan/datapipeline/.env/lib/python3.8/site-packages/airflow/example_dags/example_latest_only.py took 0.033 seconds
[2022-08-09 00:17:31,922] {processor.py:153} INFO - Started process (PID=11792) to work on /home/renan/datapipeline/.env/lib/python3.8/site-packages/airflow/example_dags/example_latest_only.py
[2022-08-09 00:17:31,923] {processor.py:641} INFO - Processing file /home/renan/datapipeline/.env/lib/python3.8/site-packages/airflow/example_dags/example_latest_only.py for tasks to queue
[2022-08-09 00:17:31,923] {logging_mixin.py:115} INFO - [2022-08-09 00:17:31,923] {dagbag.py:508} INFO - Filling up the DagBag from /home/renan/datapipeline/.env/lib/python3.8/site-packages/airflow/example_dags/example_latest_only.py
[2022-08-09 00:17:31,926] {processor.py:651} INFO - DAG(s) dict_keys(['latest_only']) retrieved from /home/renan/datapipeline/.env/lib/python3.8/site-packages/airflow/example_dags/example_latest_only.py
[2022-08-09 00:17:31,936] {logging_mixin.py:115} INFO - [2022-08-09 00:17:31,936] {dag.py:2420} INFO - Sync 1 DAGs
[2022-08-09 00:17:31,946] {logging_mixin.py:115} INFO - [2022-08-09 00:17:31,946] {dag.py:2968} INFO - Setting next_dagrun for latest_only to 2022-08-08T23:17:31.946393+00:00, run_after=2022-08-09T03:17:31.946393+00:00
[2022-08-09 00:17:31,955] {processor.py:161} INFO - Processing /home/renan/datapipeline/.env/lib/python3.8/site-packages/airflow/example_dags/example_latest_only.py took 0.034 seconds
[2022-08-09 00:18:04,636] {processor.py:153} INFO - Started process (PID=11830) to work on /home/renan/datapipeline/.env/lib/python3.8/site-packages/airflow/example_dags/example_latest_only.py
[2022-08-09 00:18:04,637] {processor.py:641} INFO - Processing file /home/renan/datapipeline/.env/lib/python3.8/site-packages/airflow/example_dags/example_latest_only.py for tasks to queue
[2022-08-09 00:18:04,637] {logging_mixin.py:115} INFO - [2022-08-09 00:18:04,637] {dagbag.py:508} INFO - Filling up the DagBag from /home/renan/datapipeline/.env/lib/python3.8/site-packages/airflow/example_dags/example_latest_only.py
[2022-08-09 00:18:04,640] {processor.py:651} INFO - DAG(s) dict_keys(['latest_only']) retrieved from /home/renan/datapipeline/.env/lib/python3.8/site-packages/airflow/example_dags/example_latest_only.py
[2022-08-09 00:18:04,651] {logging_mixin.py:115} INFO - [2022-08-09 00:18:04,651] {dag.py:2420} INFO - Sync 1 DAGs
[2022-08-09 00:18:04,661] {logging_mixin.py:115} INFO - [2022-08-09 00:18:04,661] {dag.py:2968} INFO - Setting next_dagrun for latest_only to 2022-08-08T23:18:04.661343+00:00, run_after=2022-08-09T03:18:04.661343+00:00
[2022-08-09 00:18:04,671] {processor.py:161} INFO - Processing /home/renan/datapipeline/.env/lib/python3.8/site-packages/airflow/example_dags/example_latest_only.py took 0.037 seconds
[2022-08-09 00:18:43,448] {processor.py:153} INFO - Started process (PID=11870) to work on /home/renan/datapipeline/.env/lib/python3.8/site-packages/airflow/example_dags/example_latest_only.py
[2022-08-09 00:18:43,449] {processor.py:641} INFO - Processing file /home/renan/datapipeline/.env/lib/python3.8/site-packages/airflow/example_dags/example_latest_only.py for tasks to queue
[2022-08-09 00:18:43,449] {logging_mixin.py:115} INFO - [2022-08-09 00:18:43,449] {dagbag.py:508} INFO - Filling up the DagBag from /home/renan/datapipeline/.env/lib/python3.8/site-packages/airflow/example_dags/example_latest_only.py
[2022-08-09 00:18:43,452] {processor.py:651} INFO - DAG(s) dict_keys(['latest_only']) retrieved from /home/renan/datapipeline/.env/lib/python3.8/site-packages/airflow/example_dags/example_latest_only.py
[2022-08-09 00:18:43,461] {logging_mixin.py:115} INFO - [2022-08-09 00:18:43,461] {dag.py:2420} INFO - Sync 1 DAGs
[2022-08-09 00:18:43,472] {logging_mixin.py:115} INFO - [2022-08-09 00:18:43,472] {dag.py:2968} INFO - Setting next_dagrun for latest_only to 2022-08-08T23:18:43.471995+00:00, run_after=2022-08-09T03:18:43.471995+00:00
[2022-08-09 00:18:43,481] {processor.py:161} INFO - Processing /home/renan/datapipeline/.env/lib/python3.8/site-packages/airflow/example_dags/example_latest_only.py took 0.035 seconds
[2022-08-09 00:19:18,155] {processor.py:153} INFO - Started process (PID=11908) to work on /home/renan/datapipeline/.env/lib/python3.8/site-packages/airflow/example_dags/example_latest_only.py
[2022-08-09 00:19:18,155] {processor.py:641} INFO - Processing file /home/renan/datapipeline/.env/lib/python3.8/site-packages/airflow/example_dags/example_latest_only.py for tasks to queue
[2022-08-09 00:19:18,156] {logging_mixin.py:115} INFO - [2022-08-09 00:19:18,156] {dagbag.py:508} INFO - Filling up the DagBag from /home/renan/datapipeline/.env/lib/python3.8/site-packages/airflow/example_dags/example_latest_only.py
[2022-08-09 00:19:18,159] {processor.py:651} INFO - DAG(s) dict_keys(['latest_only']) retrieved from /home/renan/datapipeline/.env/lib/python3.8/site-packages/airflow/example_dags/example_latest_only.py
[2022-08-09 00:19:18,170] {logging_mixin.py:115} INFO - [2022-08-09 00:19:18,170] {dag.py:2420} INFO - Sync 1 DAGs
[2022-08-09 00:19:18,180] {logging_mixin.py:115} INFO - [2022-08-09 00:19:18,180] {dag.py:2968} INFO - Setting next_dagrun for latest_only to 2022-08-08T23:19:18.180567+00:00, run_after=2022-08-09T03:19:18.180567+00:00
[2022-08-09 00:19:18,190] {processor.py:161} INFO - Processing /home/renan/datapipeline/.env/lib/python3.8/site-packages/airflow/example_dags/example_latest_only.py took 0.037 seconds
[2022-08-09 00:19:51,925] {processor.py:153} INFO - Started process (PID=11943) to work on /home/renan/datapipeline/.env/lib/python3.8/site-packages/airflow/example_dags/example_latest_only.py
[2022-08-09 00:19:51,925] {processor.py:641} INFO - Processing file /home/renan/datapipeline/.env/lib/python3.8/site-packages/airflow/example_dags/example_latest_only.py for tasks to queue
[2022-08-09 00:19:51,926] {logging_mixin.py:115} INFO - [2022-08-09 00:19:51,925] {dagbag.py:508} INFO - Filling up the DagBag from /home/renan/datapipeline/.env/lib/python3.8/site-packages/airflow/example_dags/example_latest_only.py
[2022-08-09 00:19:51,929] {processor.py:651} INFO - DAG(s) dict_keys(['latest_only']) retrieved from /home/renan/datapipeline/.env/lib/python3.8/site-packages/airflow/example_dags/example_latest_only.py
[2022-08-09 00:19:51,939] {logging_mixin.py:115} INFO - [2022-08-09 00:19:51,939] {dag.py:2420} INFO - Sync 1 DAGs
[2022-08-09 00:19:51,949] {logging_mixin.py:115} INFO - [2022-08-09 00:19:51,949] {dag.py:2968} INFO - Setting next_dagrun for latest_only to 2022-08-08T23:19:51.949463+00:00, run_after=2022-08-09T03:19:51.949463+00:00
[2022-08-09 00:19:51,960] {processor.py:161} INFO - Processing /home/renan/datapipeline/.env/lib/python3.8/site-packages/airflow/example_dags/example_latest_only.py took 0.037 seconds
[2022-08-09 00:20:24,560] {processor.py:153} INFO - Started process (PID=11982) to work on /home/renan/datapipeline/.env/lib/python3.8/site-packages/airflow/example_dags/example_latest_only.py
[2022-08-09 00:20:24,560] {processor.py:641} INFO - Processing file /home/renan/datapipeline/.env/lib/python3.8/site-packages/airflow/example_dags/example_latest_only.py for tasks to queue
[2022-08-09 00:20:24,560] {logging_mixin.py:115} INFO - [2022-08-09 00:20:24,560] {dagbag.py:508} INFO - Filling up the DagBag from /home/renan/datapipeline/.env/lib/python3.8/site-packages/airflow/example_dags/example_latest_only.py
[2022-08-09 00:20:24,563] {processor.py:651} INFO - DAG(s) dict_keys(['latest_only']) retrieved from /home/renan/datapipeline/.env/lib/python3.8/site-packages/airflow/example_dags/example_latest_only.py
[2022-08-09 00:20:24,573] {logging_mixin.py:115} INFO - [2022-08-09 00:20:24,573] {dag.py:2420} INFO - Sync 1 DAGs
[2022-08-09 00:20:24,583] {logging_mixin.py:115} INFO - [2022-08-09 00:20:24,583] {dag.py:2968} INFO - Setting next_dagrun for latest_only to 2022-08-08T23:20:24.582973+00:00, run_after=2022-08-09T03:20:24.582973+00:00
[2022-08-09 00:20:24,592] {processor.py:161} INFO - Processing /home/renan/datapipeline/.env/lib/python3.8/site-packages/airflow/example_dags/example_latest_only.py took 0.034 seconds
[2022-08-09 00:21:00,149] {processor.py:153} INFO - Started process (PID=12019) to work on /home/renan/datapipeline/.env/lib/python3.8/site-packages/airflow/example_dags/example_latest_only.py
[2022-08-09 00:21:00,149] {processor.py:641} INFO - Processing file /home/renan/datapipeline/.env/lib/python3.8/site-packages/airflow/example_dags/example_latest_only.py for tasks to queue
[2022-08-09 00:21:00,149] {logging_mixin.py:115} INFO - [2022-08-09 00:21:00,149] {dagbag.py:508} INFO - Filling up the DagBag from /home/renan/datapipeline/.env/lib/python3.8/site-packages/airflow/example_dags/example_latest_only.py
[2022-08-09 00:21:00,152] {processor.py:651} INFO - DAG(s) dict_keys(['latest_only']) retrieved from /home/renan/datapipeline/.env/lib/python3.8/site-packages/airflow/example_dags/example_latest_only.py
[2022-08-09 00:21:00,162] {logging_mixin.py:115} INFO - [2022-08-09 00:21:00,162] {dag.py:2420} INFO - Sync 1 DAGs
[2022-08-09 00:21:00,172] {logging_mixin.py:115} INFO - [2022-08-09 00:21:00,172] {dag.py:2968} INFO - Setting next_dagrun for latest_only to 2022-08-08T23:21:00.171974+00:00, run_after=2022-08-09T03:21:00.171974+00:00
[2022-08-09 00:21:00,181] {processor.py:161} INFO - Processing /home/renan/datapipeline/.env/lib/python3.8/site-packages/airflow/example_dags/example_latest_only.py took 0.033 seconds
[2022-08-09 00:21:35,386] {processor.py:153} INFO - Started process (PID=12173) to work on /home/renan/datapipeline/.env/lib/python3.8/site-packages/airflow/example_dags/example_latest_only.py
[2022-08-09 00:21:35,386] {processor.py:641} INFO - Processing file /home/renan/datapipeline/.env/lib/python3.8/site-packages/airflow/example_dags/example_latest_only.py for tasks to queue
[2022-08-09 00:21:35,387] {logging_mixin.py:115} INFO - [2022-08-09 00:21:35,387] {dagbag.py:508} INFO - Filling up the DagBag from /home/renan/datapipeline/.env/lib/python3.8/site-packages/airflow/example_dags/example_latest_only.py
[2022-08-09 00:21:35,390] {processor.py:651} INFO - DAG(s) dict_keys(['latest_only']) retrieved from /home/renan/datapipeline/.env/lib/python3.8/site-packages/airflow/example_dags/example_latest_only.py
[2022-08-09 00:21:35,400] {logging_mixin.py:115} INFO - [2022-08-09 00:21:35,400] {dag.py:2420} INFO - Sync 1 DAGs
[2022-08-09 00:21:35,410] {logging_mixin.py:115} INFO - [2022-08-09 00:21:35,410] {dag.py:2968} INFO - Setting next_dagrun for latest_only to 2022-08-08T23:21:35.409974+00:00, run_after=2022-08-09T03:21:35.409974+00:00
[2022-08-09 00:21:35,420] {processor.py:161} INFO - Processing /home/renan/datapipeline/.env/lib/python3.8/site-packages/airflow/example_dags/example_latest_only.py took 0.035 seconds
[2022-08-09 00:22:07,454] {processor.py:153} INFO - Started process (PID=12274) to work on /home/renan/datapipeline/.env/lib/python3.8/site-packages/airflow/example_dags/example_latest_only.py
[2022-08-09 00:22:07,455] {processor.py:641} INFO - Processing file /home/renan/datapipeline/.env/lib/python3.8/site-packages/airflow/example_dags/example_latest_only.py for tasks to queue
[2022-08-09 00:22:07,455] {logging_mixin.py:115} INFO - [2022-08-09 00:22:07,455] {dagbag.py:508} INFO - Filling up the DagBag from /home/renan/datapipeline/.env/lib/python3.8/site-packages/airflow/example_dags/example_latest_only.py
[2022-08-09 00:22:07,458] {processor.py:651} INFO - DAG(s) dict_keys(['latest_only']) retrieved from /home/renan/datapipeline/.env/lib/python3.8/site-packages/airflow/example_dags/example_latest_only.py
[2022-08-09 00:22:07,468] {logging_mixin.py:115} INFO - [2022-08-09 00:22:07,468] {dag.py:2420} INFO - Sync 1 DAGs
[2022-08-09 00:22:07,478] {logging_mixin.py:115} INFO - [2022-08-09 00:22:07,478] {dag.py:2968} INFO - Setting next_dagrun for latest_only to 2022-08-08T23:22:07.478084+00:00, run_after=2022-08-09T03:22:07.478084+00:00
[2022-08-09 00:22:07,487] {processor.py:161} INFO - Processing /home/renan/datapipeline/.env/lib/python3.8/site-packages/airflow/example_dags/example_latest_only.py took 0.034 seconds
[2022-08-09 00:22:43,398] {processor.py:153} INFO - Started process (PID=12311) to work on /home/renan/datapipeline/.env/lib/python3.8/site-packages/airflow/example_dags/example_latest_only.py
[2022-08-09 00:22:43,399] {processor.py:641} INFO - Processing file /home/renan/datapipeline/.env/lib/python3.8/site-packages/airflow/example_dags/example_latest_only.py for tasks to queue
[2022-08-09 00:22:43,399] {logging_mixin.py:115} INFO - [2022-08-09 00:22:43,399] {dagbag.py:508} INFO - Filling up the DagBag from /home/renan/datapipeline/.env/lib/python3.8/site-packages/airflow/example_dags/example_latest_only.py
[2022-08-09 00:22:43,402] {processor.py:651} INFO - DAG(s) dict_keys(['latest_only']) retrieved from /home/renan/datapipeline/.env/lib/python3.8/site-packages/airflow/example_dags/example_latest_only.py
[2022-08-09 00:22:43,412] {logging_mixin.py:115} INFO - [2022-08-09 00:22:43,411] {dag.py:2420} INFO - Sync 1 DAGs
[2022-08-09 00:22:43,421] {logging_mixin.py:115} INFO - [2022-08-09 00:22:43,421] {dag.py:2968} INFO - Setting next_dagrun for latest_only to 2022-08-08T23:22:43.421231+00:00, run_after=2022-08-09T03:22:43.421231+00:00
[2022-08-09 00:22:43,429] {processor.py:161} INFO - Processing /home/renan/datapipeline/.env/lib/python3.8/site-packages/airflow/example_dags/example_latest_only.py took 0.033 seconds
[2022-08-09 00:23:16,663] {processor.py:153} INFO - Started process (PID=12352) to work on /home/renan/datapipeline/.env/lib/python3.8/site-packages/airflow/example_dags/example_latest_only.py
[2022-08-09 00:23:16,664] {processor.py:641} INFO - Processing file /home/renan/datapipeline/.env/lib/python3.8/site-packages/airflow/example_dags/example_latest_only.py for tasks to queue
[2022-08-09 00:23:16,664] {logging_mixin.py:115} INFO - [2022-08-09 00:23:16,664] {dagbag.py:508} INFO - Filling up the DagBag from /home/renan/datapipeline/.env/lib/python3.8/site-packages/airflow/example_dags/example_latest_only.py
[2022-08-09 00:23:16,667] {processor.py:651} INFO - DAG(s) dict_keys(['latest_only']) retrieved from /home/renan/datapipeline/.env/lib/python3.8/site-packages/airflow/example_dags/example_latest_only.py
[2022-08-09 00:23:16,680] {logging_mixin.py:115} INFO - [2022-08-09 00:23:16,679] {dag.py:2420} INFO - Sync 1 DAGs
[2022-08-09 00:23:16,692] {logging_mixin.py:115} INFO - [2022-08-09 00:23:16,691] {dag.py:2968} INFO - Setting next_dagrun for latest_only to 2022-08-08T23:23:16.691721+00:00, run_after=2022-08-09T03:23:16.691721+00:00
[2022-08-09 00:23:16,703] {processor.py:161} INFO - Processing /home/renan/datapipeline/.env/lib/python3.8/site-packages/airflow/example_dags/example_latest_only.py took 0.041 seconds
[2022-08-09 00:23:50,131] {processor.py:153} INFO - Started process (PID=12390) to work on /home/renan/datapipeline/.env/lib/python3.8/site-packages/airflow/example_dags/example_latest_only.py
[2022-08-09 00:23:50,131] {processor.py:641} INFO - Processing file /home/renan/datapipeline/.env/lib/python3.8/site-packages/airflow/example_dags/example_latest_only.py for tasks to queue
[2022-08-09 00:23:50,132] {logging_mixin.py:115} INFO - [2022-08-09 00:23:50,132] {dagbag.py:508} INFO - Filling up the DagBag from /home/renan/datapipeline/.env/lib/python3.8/site-packages/airflow/example_dags/example_latest_only.py
[2022-08-09 00:23:50,134] {processor.py:651} INFO - DAG(s) dict_keys(['latest_only']) retrieved from /home/renan/datapipeline/.env/lib/python3.8/site-packages/airflow/example_dags/example_latest_only.py
[2022-08-09 00:23:50,144] {logging_mixin.py:115} INFO - [2022-08-09 00:23:50,144] {dag.py:2420} INFO - Sync 1 DAGs
[2022-08-09 00:23:50,154] {logging_mixin.py:115} INFO - [2022-08-09 00:23:50,154] {dag.py:2968} INFO - Setting next_dagrun for latest_only to 2022-08-08T23:23:50.154507+00:00, run_after=2022-08-09T03:23:50.154507+00:00
[2022-08-09 00:23:50,163] {processor.py:161} INFO - Processing /home/renan/datapipeline/.env/lib/python3.8/site-packages/airflow/example_dags/example_latest_only.py took 0.034 seconds
[2022-08-09 00:24:24,322] {processor.py:153} INFO - Started process (PID=12454) to work on /home/renan/datapipeline/.env/lib/python3.8/site-packages/airflow/example_dags/example_latest_only.py
[2022-08-09 00:24:24,322] {processor.py:641} INFO - Processing file /home/renan/datapipeline/.env/lib/python3.8/site-packages/airflow/example_dags/example_latest_only.py for tasks to queue
[2022-08-09 00:24:24,322] {logging_mixin.py:115} INFO - [2022-08-09 00:24:24,322] {dagbag.py:508} INFO - Filling up the DagBag from /home/renan/datapipeline/.env/lib/python3.8/site-packages/airflow/example_dags/example_latest_only.py
[2022-08-09 00:24:24,325] {processor.py:651} INFO - DAG(s) dict_keys(['latest_only']) retrieved from /home/renan/datapipeline/.env/lib/python3.8/site-packages/airflow/example_dags/example_latest_only.py
[2022-08-09 00:24:24,335] {logging_mixin.py:115} INFO - [2022-08-09 00:24:24,335] {dag.py:2420} INFO - Sync 1 DAGs
[2022-08-09 00:24:24,345] {logging_mixin.py:115} INFO - [2022-08-09 00:24:24,345] {dag.py:2968} INFO - Setting next_dagrun for latest_only to 2022-08-08T23:24:24.345388+00:00, run_after=2022-08-09T03:24:24.345388+00:00
[2022-08-09 00:24:24,354] {processor.py:161} INFO - Processing /home/renan/datapipeline/.env/lib/python3.8/site-packages/airflow/example_dags/example_latest_only.py took 0.034 seconds
[2022-08-09 00:24:59,077] {processor.py:153} INFO - Started process (PID=12493) to work on /home/renan/datapipeline/.env/lib/python3.8/site-packages/airflow/example_dags/example_latest_only.py
[2022-08-09 00:24:59,077] {processor.py:641} INFO - Processing file /home/renan/datapipeline/.env/lib/python3.8/site-packages/airflow/example_dags/example_latest_only.py for tasks to queue
[2022-08-09 00:24:59,077] {logging_mixin.py:115} INFO - [2022-08-09 00:24:59,077] {dagbag.py:508} INFO - Filling up the DagBag from /home/renan/datapipeline/.env/lib/python3.8/site-packages/airflow/example_dags/example_latest_only.py
[2022-08-09 00:24:59,080] {processor.py:651} INFO - DAG(s) dict_keys(['latest_only']) retrieved from /home/renan/datapipeline/.env/lib/python3.8/site-packages/airflow/example_dags/example_latest_only.py
[2022-08-09 00:24:59,090] {logging_mixin.py:115} INFO - [2022-08-09 00:24:59,090] {dag.py:2420} INFO - Sync 1 DAGs
[2022-08-09 00:24:59,099] {logging_mixin.py:115} INFO - [2022-08-09 00:24:59,099] {dag.py:2968} INFO - Setting next_dagrun for latest_only to 2022-08-08T23:24:59.099648+00:00, run_after=2022-08-09T03:24:59.099648+00:00
[2022-08-09 00:24:59,108] {processor.py:161} INFO - Processing /home/renan/datapipeline/.env/lib/python3.8/site-packages/airflow/example_dags/example_latest_only.py took 0.033 seconds
[2022-08-09 00:25:34,465] {processor.py:153} INFO - Started process (PID=12537) to work on /home/renan/datapipeline/.env/lib/python3.8/site-packages/airflow/example_dags/example_latest_only.py
[2022-08-09 00:25:34,465] {processor.py:641} INFO - Processing file /home/renan/datapipeline/.env/lib/python3.8/site-packages/airflow/example_dags/example_latest_only.py for tasks to queue
[2022-08-09 00:25:34,466] {logging_mixin.py:115} INFO - [2022-08-09 00:25:34,466] {dagbag.py:508} INFO - Filling up the DagBag from /home/renan/datapipeline/.env/lib/python3.8/site-packages/airflow/example_dags/example_latest_only.py
[2022-08-09 00:25:34,469] {processor.py:651} INFO - DAG(s) dict_keys(['latest_only']) retrieved from /home/renan/datapipeline/.env/lib/python3.8/site-packages/airflow/example_dags/example_latest_only.py
[2022-08-09 00:25:34,478] {logging_mixin.py:115} INFO - [2022-08-09 00:25:34,478] {dag.py:2420} INFO - Sync 1 DAGs
[2022-08-09 00:25:34,488] {logging_mixin.py:115} INFO - [2022-08-09 00:25:34,488] {dag.py:2968} INFO - Setting next_dagrun for latest_only to 2022-08-08T23:25:34.488342+00:00, run_after=2022-08-09T03:25:34.488342+00:00
[2022-08-09 00:25:34,497] {processor.py:161} INFO - Processing /home/renan/datapipeline/.env/lib/python3.8/site-packages/airflow/example_dags/example_latest_only.py took 0.034 seconds
[2022-08-09 00:26:08,634] {processor.py:153} INFO - Started process (PID=12574) to work on /home/renan/datapipeline/.env/lib/python3.8/site-packages/airflow/example_dags/example_latest_only.py
[2022-08-09 00:26:08,634] {processor.py:641} INFO - Processing file /home/renan/datapipeline/.env/lib/python3.8/site-packages/airflow/example_dags/example_latest_only.py for tasks to queue
[2022-08-09 00:26:08,635] {logging_mixin.py:115} INFO - [2022-08-09 00:26:08,635] {dagbag.py:508} INFO - Filling up the DagBag from /home/renan/datapipeline/.env/lib/python3.8/site-packages/airflow/example_dags/example_latest_only.py
[2022-08-09 00:26:08,638] {processor.py:651} INFO - DAG(s) dict_keys(['latest_only']) retrieved from /home/renan/datapipeline/.env/lib/python3.8/site-packages/airflow/example_dags/example_latest_only.py
[2022-08-09 00:26:08,648] {logging_mixin.py:115} INFO - [2022-08-09 00:26:08,648] {dag.py:2420} INFO - Sync 1 DAGs
[2022-08-09 00:26:08,660] {logging_mixin.py:115} INFO - [2022-08-09 00:26:08,660] {dag.py:2968} INFO - Setting next_dagrun for latest_only to 2022-08-08T23:26:08.660148+00:00, run_after=2022-08-09T03:26:08.660148+00:00
[2022-08-09 00:26:08,671] {processor.py:161} INFO - Processing /home/renan/datapipeline/.env/lib/python3.8/site-packages/airflow/example_dags/example_latest_only.py took 0.038 seconds
[2022-08-09 00:26:42,823] {processor.py:153} INFO - Started process (PID=12612) to work on /home/renan/datapipeline/.env/lib/python3.8/site-packages/airflow/example_dags/example_latest_only.py
[2022-08-09 00:26:42,823] {processor.py:641} INFO - Processing file /home/renan/datapipeline/.env/lib/python3.8/site-packages/airflow/example_dags/example_latest_only.py for tasks to queue
[2022-08-09 00:26:42,824] {logging_mixin.py:115} INFO - [2022-08-09 00:26:42,824] {dagbag.py:508} INFO - Filling up the DagBag from /home/renan/datapipeline/.env/lib/python3.8/site-packages/airflow/example_dags/example_latest_only.py
[2022-08-09 00:26:42,827] {processor.py:651} INFO - DAG(s) dict_keys(['latest_only']) retrieved from /home/renan/datapipeline/.env/lib/python3.8/site-packages/airflow/example_dags/example_latest_only.py
[2022-08-09 00:26:42,838] {logging_mixin.py:115} INFO - [2022-08-09 00:26:42,838] {dag.py:2420} INFO - Sync 1 DAGs
[2022-08-09 00:26:42,849] {logging_mixin.py:115} INFO - [2022-08-09 00:26:42,849] {dag.py:2968} INFO - Setting next_dagrun for latest_only to 2022-08-08T23:26:42.849304+00:00, run_after=2022-08-09T03:26:42.849304+00:00
[2022-08-09 00:26:42,861] {processor.py:161} INFO - Processing /home/renan/datapipeline/.env/lib/python3.8/site-packages/airflow/example_dags/example_latest_only.py took 0.040 seconds
[2022-08-09 00:27:19,474] {processor.py:153} INFO - Started process (PID=12654) to work on /home/renan/datapipeline/.env/lib/python3.8/site-packages/airflow/example_dags/example_latest_only.py
[2022-08-09 00:27:19,475] {processor.py:641} INFO - Processing file /home/renan/datapipeline/.env/lib/python3.8/site-packages/airflow/example_dags/example_latest_only.py for tasks to queue
[2022-08-09 00:27:19,476] {logging_mixin.py:115} INFO - [2022-08-09 00:27:19,476] {dagbag.py:508} INFO - Filling up the DagBag from /home/renan/datapipeline/.env/lib/python3.8/site-packages/airflow/example_dags/example_latest_only.py
[2022-08-09 00:27:19,479] {processor.py:651} INFO - DAG(s) dict_keys(['latest_only']) retrieved from /home/renan/datapipeline/.env/lib/python3.8/site-packages/airflow/example_dags/example_latest_only.py
[2022-08-09 00:27:19,490] {logging_mixin.py:115} INFO - [2022-08-09 00:27:19,490] {dag.py:2420} INFO - Sync 1 DAGs
[2022-08-09 00:27:19,500] {logging_mixin.py:115} INFO - [2022-08-09 00:27:19,500] {dag.py:2968} INFO - Setting next_dagrun for latest_only to 2022-08-08T23:27:19.500394+00:00, run_after=2022-08-09T03:27:19.500394+00:00
[2022-08-09 00:27:19,510] {processor.py:161} INFO - Processing /home/renan/datapipeline/.env/lib/python3.8/site-packages/airflow/example_dags/example_latest_only.py took 0.038 seconds
[2022-08-09 00:27:52,398] {processor.py:153} INFO - Started process (PID=12721) to work on /home/renan/datapipeline/.env/lib/python3.8/site-packages/airflow/example_dags/example_latest_only.py
[2022-08-09 00:27:52,399] {processor.py:641} INFO - Processing file /home/renan/datapipeline/.env/lib/python3.8/site-packages/airflow/example_dags/example_latest_only.py for tasks to queue
[2022-08-09 00:27:52,399] {logging_mixin.py:115} INFO - [2022-08-09 00:27:52,399] {dagbag.py:508} INFO - Filling up the DagBag from /home/renan/datapipeline/.env/lib/python3.8/site-packages/airflow/example_dags/example_latest_only.py
[2022-08-09 00:27:52,402] {processor.py:651} INFO - DAG(s) dict_keys(['latest_only']) retrieved from /home/renan/datapipeline/.env/lib/python3.8/site-packages/airflow/example_dags/example_latest_only.py
[2022-08-09 00:27:52,411] {logging_mixin.py:115} INFO - [2022-08-09 00:27:52,411] {dag.py:2420} INFO - Sync 1 DAGs
[2022-08-09 00:27:52,421] {logging_mixin.py:115} INFO - [2022-08-09 00:27:52,421] {dag.py:2968} INFO - Setting next_dagrun for latest_only to 2022-08-08T23:27:52.421158+00:00, run_after=2022-08-09T03:27:52.421158+00:00
[2022-08-09 00:27:52,430] {processor.py:161} INFO - Processing /home/renan/datapipeline/.env/lib/python3.8/site-packages/airflow/example_dags/example_latest_only.py took 0.033 seconds
[2022-08-09 00:28:27,211] {processor.py:153} INFO - Started process (PID=12932) to work on /home/renan/datapipeline/.env/lib/python3.8/site-packages/airflow/example_dags/example_latest_only.py
[2022-08-09 00:28:27,212] {processor.py:641} INFO - Processing file /home/renan/datapipeline/.env/lib/python3.8/site-packages/airflow/example_dags/example_latest_only.py for tasks to queue
[2022-08-09 00:28:27,213] {logging_mixin.py:115} INFO - [2022-08-09 00:28:27,213] {dagbag.py:508} INFO - Filling up the DagBag from /home/renan/datapipeline/.env/lib/python3.8/site-packages/airflow/example_dags/example_latest_only.py
[2022-08-09 00:28:27,216] {processor.py:651} INFO - DAG(s) dict_keys(['latest_only']) retrieved from /home/renan/datapipeline/.env/lib/python3.8/site-packages/airflow/example_dags/example_latest_only.py
[2022-08-09 00:28:27,226] {logging_mixin.py:115} INFO - [2022-08-09 00:28:27,226] {dag.py:2420} INFO - Sync 1 DAGs
[2022-08-09 00:28:27,237] {logging_mixin.py:115} INFO - [2022-08-09 00:28:27,237] {dag.py:2968} INFO - Setting next_dagrun for latest_only to 2022-08-08T23:28:27.237628+00:00, run_after=2022-08-09T03:28:27.237628+00:00
[2022-08-09 00:28:27,252] {processor.py:161} INFO - Processing /home/renan/datapipeline/.env/lib/python3.8/site-packages/airflow/example_dags/example_latest_only.py took 0.042 seconds
[2022-08-09 00:29:00,696] {processor.py:153} INFO - Started process (PID=12971) to work on /home/renan/datapipeline/.env/lib/python3.8/site-packages/airflow/example_dags/example_latest_only.py
[2022-08-09 00:29:00,696] {processor.py:641} INFO - Processing file /home/renan/datapipeline/.env/lib/python3.8/site-packages/airflow/example_dags/example_latest_only.py for tasks to queue
[2022-08-09 00:29:00,696] {logging_mixin.py:115} INFO - [2022-08-09 00:29:00,696] {dagbag.py:508} INFO - Filling up the DagBag from /home/renan/datapipeline/.env/lib/python3.8/site-packages/airflow/example_dags/example_latest_only.py
[2022-08-09 00:29:00,700] {processor.py:651} INFO - DAG(s) dict_keys(['latest_only']) retrieved from /home/renan/datapipeline/.env/lib/python3.8/site-packages/airflow/example_dags/example_latest_only.py
[2022-08-09 00:29:00,710] {logging_mixin.py:115} INFO - [2022-08-09 00:29:00,710] {dag.py:2420} INFO - Sync 1 DAGs
[2022-08-09 00:29:00,721] {logging_mixin.py:115} INFO - [2022-08-09 00:29:00,721] {dag.py:2968} INFO - Setting next_dagrun for latest_only to 2022-08-08T23:29:00.721467+00:00, run_after=2022-08-09T03:29:00.721467+00:00
[2022-08-09 00:29:00,730] {processor.py:161} INFO - Processing /home/renan/datapipeline/.env/lib/python3.8/site-packages/airflow/example_dags/example_latest_only.py took 0.036 seconds
[2022-08-09 00:29:34,947] {processor.py:153} INFO - Started process (PID=13015) to work on /home/renan/datapipeline/.env/lib/python3.8/site-packages/airflow/example_dags/example_latest_only.py
[2022-08-09 00:29:34,947] {processor.py:641} INFO - Processing file /home/renan/datapipeline/.env/lib/python3.8/site-packages/airflow/example_dags/example_latest_only.py for tasks to queue
[2022-08-09 00:29:34,947] {logging_mixin.py:115} INFO - [2022-08-09 00:29:34,947] {dagbag.py:508} INFO - Filling up the DagBag from /home/renan/datapipeline/.env/lib/python3.8/site-packages/airflow/example_dags/example_latest_only.py
[2022-08-09 00:29:34,951] {processor.py:651} INFO - DAG(s) dict_keys(['latest_only']) retrieved from /home/renan/datapipeline/.env/lib/python3.8/site-packages/airflow/example_dags/example_latest_only.py
[2022-08-09 00:29:34,960] {logging_mixin.py:115} INFO - [2022-08-09 00:29:34,960] {dag.py:2420} INFO - Sync 1 DAGs
[2022-08-09 00:29:34,970] {logging_mixin.py:115} INFO - [2022-08-09 00:29:34,970] {dag.py:2968} INFO - Setting next_dagrun for latest_only to 2022-08-08T23:29:34.970031+00:00, run_after=2022-08-09T03:29:34.970031+00:00
[2022-08-09 00:29:34,979] {processor.py:161} INFO - Processing /home/renan/datapipeline/.env/lib/python3.8/site-packages/airflow/example_dags/example_latest_only.py took 0.033 seconds
[2022-08-09 00:30:09,336] {processor.py:153} INFO - Started process (PID=13058) to work on /home/renan/datapipeline/.env/lib/python3.8/site-packages/airflow/example_dags/example_latest_only.py
[2022-08-09 00:30:09,336] {processor.py:641} INFO - Processing file /home/renan/datapipeline/.env/lib/python3.8/site-packages/airflow/example_dags/example_latest_only.py for tasks to queue
[2022-08-09 00:30:09,336] {logging_mixin.py:115} INFO - [2022-08-09 00:30:09,336] {dagbag.py:508} INFO - Filling up the DagBag from /home/renan/datapipeline/.env/lib/python3.8/site-packages/airflow/example_dags/example_latest_only.py
[2022-08-09 00:30:09,339] {processor.py:651} INFO - DAG(s) dict_keys(['latest_only']) retrieved from /home/renan/datapipeline/.env/lib/python3.8/site-packages/airflow/example_dags/example_latest_only.py
[2022-08-09 00:30:09,349] {logging_mixin.py:115} INFO - [2022-08-09 00:30:09,349] {dag.py:2420} INFO - Sync 1 DAGs
[2022-08-09 00:30:09,359] {logging_mixin.py:115} INFO - [2022-08-09 00:30:09,359] {dag.py:2968} INFO - Setting next_dagrun for latest_only to 2022-08-08T23:30:09.359022+00:00, run_after=2022-08-09T03:30:09.359022+00:00
[2022-08-09 00:30:09,368] {processor.py:161} INFO - Processing /home/renan/datapipeline/.env/lib/python3.8/site-packages/airflow/example_dags/example_latest_only.py took 0.034 seconds
[2022-08-09 00:30:42,770] {processor.py:153} INFO - Started process (PID=13093) to work on /home/renan/datapipeline/.env/lib/python3.8/site-packages/airflow/example_dags/example_latest_only.py
[2022-08-09 00:30:42,771] {processor.py:641} INFO - Processing file /home/renan/datapipeline/.env/lib/python3.8/site-packages/airflow/example_dags/example_latest_only.py for tasks to queue
[2022-08-09 00:30:42,771] {logging_mixin.py:115} INFO - [2022-08-09 00:30:42,771] {dagbag.py:508} INFO - Filling up the DagBag from /home/renan/datapipeline/.env/lib/python3.8/site-packages/airflow/example_dags/example_latest_only.py
[2022-08-09 00:30:42,773] {processor.py:651} INFO - DAG(s) dict_keys(['latest_only']) retrieved from /home/renan/datapipeline/.env/lib/python3.8/site-packages/airflow/example_dags/example_latest_only.py
[2022-08-09 00:30:42,783] {logging_mixin.py:115} INFO - [2022-08-09 00:30:42,783] {dag.py:2420} INFO - Sync 1 DAGs
[2022-08-09 00:30:42,793] {logging_mixin.py:115} INFO - [2022-08-09 00:30:42,793] {dag.py:2968} INFO - Setting next_dagrun for latest_only to 2022-08-08T23:30:42.793578+00:00, run_after=2022-08-09T03:30:42.793578+00:00
[2022-08-09 00:30:42,802] {processor.py:161} INFO - Processing /home/renan/datapipeline/.env/lib/python3.8/site-packages/airflow/example_dags/example_latest_only.py took 0.034 seconds
[2022-08-09 00:31:19,825] {processor.py:153} INFO - Started process (PID=13130) to work on /home/renan/datapipeline/.env/lib/python3.8/site-packages/airflow/example_dags/example_latest_only.py
[2022-08-09 00:31:19,826] {processor.py:641} INFO - Processing file /home/renan/datapipeline/.env/lib/python3.8/site-packages/airflow/example_dags/example_latest_only.py for tasks to queue
[2022-08-09 00:31:19,826] {logging_mixin.py:115} INFO - [2022-08-09 00:31:19,826] {dagbag.py:508} INFO - Filling up the DagBag from /home/renan/datapipeline/.env/lib/python3.8/site-packages/airflow/example_dags/example_latest_only.py
[2022-08-09 00:31:19,829] {processor.py:651} INFO - DAG(s) dict_keys(['latest_only']) retrieved from /home/renan/datapipeline/.env/lib/python3.8/site-packages/airflow/example_dags/example_latest_only.py
[2022-08-09 00:31:19,839] {logging_mixin.py:115} INFO - [2022-08-09 00:31:19,839] {dag.py:2420} INFO - Sync 1 DAGs
[2022-08-09 00:31:19,849] {logging_mixin.py:115} INFO - [2022-08-09 00:31:19,849] {dag.py:2968} INFO - Setting next_dagrun for latest_only to 2022-08-08T23:31:19.849013+00:00, run_after=2022-08-09T03:31:19.849013+00:00
[2022-08-09 00:31:19,857] {processor.py:161} INFO - Processing /home/renan/datapipeline/.env/lib/python3.8/site-packages/airflow/example_dags/example_latest_only.py took 0.034 seconds
[2022-08-09 00:31:54,609] {processor.py:153} INFO - Started process (PID=13234) to work on /home/renan/datapipeline/.env/lib/python3.8/site-packages/airflow/example_dags/example_latest_only.py
[2022-08-09 00:31:54,610] {processor.py:641} INFO - Processing file /home/renan/datapipeline/.env/lib/python3.8/site-packages/airflow/example_dags/example_latest_only.py for tasks to queue
[2022-08-09 00:31:54,610] {logging_mixin.py:115} INFO - [2022-08-09 00:31:54,610] {dagbag.py:508} INFO - Filling up the DagBag from /home/renan/datapipeline/.env/lib/python3.8/site-packages/airflow/example_dags/example_latest_only.py
[2022-08-09 00:31:54,613] {processor.py:651} INFO - DAG(s) dict_keys(['latest_only']) retrieved from /home/renan/datapipeline/.env/lib/python3.8/site-packages/airflow/example_dags/example_latest_only.py
[2022-08-09 00:31:54,623] {logging_mixin.py:115} INFO - [2022-08-09 00:31:54,623] {dag.py:2420} INFO - Sync 1 DAGs
[2022-08-09 00:31:54,633] {logging_mixin.py:115} INFO - [2022-08-09 00:31:54,633] {dag.py:2968} INFO - Setting next_dagrun for latest_only to 2022-08-08T23:31:54.633049+00:00, run_after=2022-08-09T03:31:54.633049+00:00
[2022-08-09 00:31:54,647] {processor.py:161} INFO - Processing /home/renan/datapipeline/.env/lib/python3.8/site-packages/airflow/example_dags/example_latest_only.py took 0.040 seconds
[2022-08-09 00:32:30,544] {processor.py:153} INFO - Started process (PID=13298) to work on /home/renan/datapipeline/.env/lib/python3.8/site-packages/airflow/example_dags/example_latest_only.py
[2022-08-09 00:32:30,545] {processor.py:641} INFO - Processing file /home/renan/datapipeline/.env/lib/python3.8/site-packages/airflow/example_dags/example_latest_only.py for tasks to queue
[2022-08-09 00:32:30,545] {logging_mixin.py:115} INFO - [2022-08-09 00:32:30,545] {dagbag.py:508} INFO - Filling up the DagBag from /home/renan/datapipeline/.env/lib/python3.8/site-packages/airflow/example_dags/example_latest_only.py
[2022-08-09 00:32:30,548] {processor.py:651} INFO - DAG(s) dict_keys(['latest_only']) retrieved from /home/renan/datapipeline/.env/lib/python3.8/site-packages/airflow/example_dags/example_latest_only.py
[2022-08-09 00:32:30,558] {logging_mixin.py:115} INFO - [2022-08-09 00:32:30,558] {dag.py:2420} INFO - Sync 1 DAGs
[2022-08-09 00:32:30,568] {logging_mixin.py:115} INFO - [2022-08-09 00:32:30,568] {dag.py:2968} INFO - Setting next_dagrun for latest_only to 2022-08-08T23:32:30.567938+00:00, run_after=2022-08-09T03:32:30.567938+00:00
[2022-08-09 00:32:30,577] {processor.py:161} INFO - Processing /home/renan/datapipeline/.env/lib/python3.8/site-packages/airflow/example_dags/example_latest_only.py took 0.034 seconds
