[2022-08-08 23:55:21,708] {processor.py:153} INFO - Started process (PID=9898) to work on /home/renan/datapipeline/.env/lib/python3.8/site-packages/airflow/example_dags/example_branch_operator_decorator.py
[2022-08-08 23:55:21,708] {processor.py:641} INFO - Processing file /home/renan/datapipeline/.env/lib/python3.8/site-packages/airflow/example_dags/example_branch_operator_decorator.py for tasks to queue
[2022-08-08 23:55:21,709] {logging_mixin.py:115} INFO - [2022-08-08 23:55:21,709] {dagbag.py:508} INFO - Filling up the DagBag from /home/renan/datapipeline/.env/lib/python3.8/site-packages/airflow/example_dags/example_branch_operator_decorator.py
[2022-08-08 23:55:21,723] {processor.py:651} INFO - DAG(s) dict_keys(['example_branch_python_operator_decorator']) retrieved from /home/renan/datapipeline/.env/lib/python3.8/site-packages/airflow/example_dags/example_branch_operator_decorator.py
[2022-08-08 23:55:21,733] {logging_mixin.py:115} INFO - [2022-08-08 23:55:21,733] {dag.py:2420} INFO - Sync 1 DAGs
[2022-08-08 23:55:21,745] {logging_mixin.py:115} INFO - [2022-08-08 23:55:21,745] {dag.py:2968} INFO - Setting next_dagrun for example_branch_python_operator_decorator to 2022-08-08T00:00:00+00:00, run_after=2022-08-09T00:00:00+00:00
[2022-08-08 23:55:21,758] {processor.py:161} INFO - Processing /home/renan/datapipeline/.env/lib/python3.8/site-packages/airflow/example_dags/example_branch_operator_decorator.py took 0.053 seconds
[2022-08-08 23:55:54,730] {processor.py:153} INFO - Started process (PID=9961) to work on /home/renan/datapipeline/.env/lib/python3.8/site-packages/airflow/example_dags/example_branch_operator_decorator.py
[2022-08-08 23:55:54,730] {processor.py:641} INFO - Processing file /home/renan/datapipeline/.env/lib/python3.8/site-packages/airflow/example_dags/example_branch_operator_decorator.py for tasks to queue
[2022-08-08 23:55:54,730] {logging_mixin.py:115} INFO - [2022-08-08 23:55:54,730] {dagbag.py:508} INFO - Filling up the DagBag from /home/renan/datapipeline/.env/lib/python3.8/site-packages/airflow/example_dags/example_branch_operator_decorator.py
[2022-08-08 23:55:54,744] {processor.py:651} INFO - DAG(s) dict_keys(['example_branch_python_operator_decorator']) retrieved from /home/renan/datapipeline/.env/lib/python3.8/site-packages/airflow/example_dags/example_branch_operator_decorator.py
[2022-08-08 23:55:54,753] {logging_mixin.py:115} INFO - [2022-08-08 23:55:54,753] {dag.py:2420} INFO - Sync 1 DAGs
[2022-08-08 23:55:54,763] {logging_mixin.py:115} INFO - [2022-08-08 23:55:54,763] {dag.py:2968} INFO - Setting next_dagrun for example_branch_python_operator_decorator to 2022-08-08T00:00:00+00:00, run_after=2022-08-09T00:00:00+00:00
[2022-08-08 23:55:54,772] {processor.py:161} INFO - Processing /home/renan/datapipeline/.env/lib/python3.8/site-packages/airflow/example_dags/example_branch_operator_decorator.py took 0.044 seconds
[2022-08-08 23:56:31,754] {processor.py:153} INFO - Started process (PID=10054) to work on /home/renan/datapipeline/.env/lib/python3.8/site-packages/airflow/example_dags/example_branch_operator_decorator.py
[2022-08-08 23:56:31,754] {processor.py:641} INFO - Processing file /home/renan/datapipeline/.env/lib/python3.8/site-packages/airflow/example_dags/example_branch_operator_decorator.py for tasks to queue
[2022-08-08 23:56:31,755] {logging_mixin.py:115} INFO - [2022-08-08 23:56:31,755] {dagbag.py:508} INFO - Filling up the DagBag from /home/renan/datapipeline/.env/lib/python3.8/site-packages/airflow/example_dags/example_branch_operator_decorator.py
[2022-08-08 23:56:31,769] {processor.py:651} INFO - DAG(s) dict_keys(['example_branch_python_operator_decorator']) retrieved from /home/renan/datapipeline/.env/lib/python3.8/site-packages/airflow/example_dags/example_branch_operator_decorator.py
[2022-08-08 23:56:31,778] {logging_mixin.py:115} INFO - [2022-08-08 23:56:31,778] {dag.py:2420} INFO - Sync 1 DAGs
[2022-08-08 23:56:31,788] {logging_mixin.py:115} INFO - [2022-08-08 23:56:31,788] {dag.py:2968} INFO - Setting next_dagrun for example_branch_python_operator_decorator to 2022-08-08T00:00:00+00:00, run_after=2022-08-09T00:00:00+00:00
[2022-08-08 23:56:31,797] {processor.py:161} INFO - Processing /home/renan/datapipeline/.env/lib/python3.8/site-packages/airflow/example_dags/example_branch_operator_decorator.py took 0.044 seconds
[2022-08-08 23:57:06,354] {processor.py:153} INFO - Started process (PID=10097) to work on /home/renan/datapipeline/.env/lib/python3.8/site-packages/airflow/example_dags/example_branch_operator_decorator.py
[2022-08-08 23:57:06,354] {processor.py:641} INFO - Processing file /home/renan/datapipeline/.env/lib/python3.8/site-packages/airflow/example_dags/example_branch_operator_decorator.py for tasks to queue
[2022-08-08 23:57:06,355] {logging_mixin.py:115} INFO - [2022-08-08 23:57:06,355] {dagbag.py:508} INFO - Filling up the DagBag from /home/renan/datapipeline/.env/lib/python3.8/site-packages/airflow/example_dags/example_branch_operator_decorator.py
[2022-08-08 23:57:06,368] {processor.py:651} INFO - DAG(s) dict_keys(['example_branch_python_operator_decorator']) retrieved from /home/renan/datapipeline/.env/lib/python3.8/site-packages/airflow/example_dags/example_branch_operator_decorator.py
[2022-08-08 23:57:06,377] {logging_mixin.py:115} INFO - [2022-08-08 23:57:06,377] {dag.py:2420} INFO - Sync 1 DAGs
[2022-08-08 23:57:06,387] {logging_mixin.py:115} INFO - [2022-08-08 23:57:06,387] {dag.py:2968} INFO - Setting next_dagrun for example_branch_python_operator_decorator to 2022-08-08T00:00:00+00:00, run_after=2022-08-09T00:00:00+00:00
[2022-08-08 23:57:06,396] {processor.py:161} INFO - Processing /home/renan/datapipeline/.env/lib/python3.8/site-packages/airflow/example_dags/example_branch_operator_decorator.py took 0.044 seconds
[2022-08-08 23:59:37,754] {processor.py:153} INFO - Started process (PID=10287) to work on /home/renan/datapipeline/.env/lib/python3.8/site-packages/airflow/example_dags/example_branch_operator_decorator.py
[2022-08-08 23:59:37,755] {processor.py:641} INFO - Processing file /home/renan/datapipeline/.env/lib/python3.8/site-packages/airflow/example_dags/example_branch_operator_decorator.py for tasks to queue
[2022-08-08 23:59:37,756] {logging_mixin.py:115} INFO - [2022-08-08 23:59:37,756] {dagbag.py:508} INFO - Filling up the DagBag from /home/renan/datapipeline/.env/lib/python3.8/site-packages/airflow/example_dags/example_branch_operator_decorator.py
[2022-08-08 23:59:37,773] {processor.py:651} INFO - DAG(s) dict_keys(['example_branch_python_operator_decorator']) retrieved from /home/renan/datapipeline/.env/lib/python3.8/site-packages/airflow/example_dags/example_branch_operator_decorator.py
[2022-08-08 23:59:37,786] {logging_mixin.py:115} INFO - [2022-08-08 23:59:37,786] {dag.py:2420} INFO - Sync 1 DAGs
[2022-08-08 23:59:37,800] {logging_mixin.py:115} INFO - [2022-08-08 23:59:37,800] {dag.py:2968} INFO - Setting next_dagrun for example_branch_python_operator_decorator to 2022-08-08T00:00:00+00:00, run_after=2022-08-09T00:00:00+00:00
[2022-08-08 23:59:37,813] {processor.py:161} INFO - Processing /home/renan/datapipeline/.env/lib/python3.8/site-packages/airflow/example_dags/example_branch_operator_decorator.py took 0.061 seconds
[2022-08-09 00:00:12,377] {processor.py:153} INFO - Started process (PID=10360) to work on /home/renan/datapipeline/.env/lib/python3.8/site-packages/airflow/example_dags/example_branch_operator_decorator.py
[2022-08-09 00:00:12,378] {processor.py:641} INFO - Processing file /home/renan/datapipeline/.env/lib/python3.8/site-packages/airflow/example_dags/example_branch_operator_decorator.py for tasks to queue
[2022-08-09 00:00:12,379] {logging_mixin.py:115} INFO - [2022-08-09 00:00:12,379] {dagbag.py:508} INFO - Filling up the DagBag from /home/renan/datapipeline/.env/lib/python3.8/site-packages/airflow/example_dags/example_branch_operator_decorator.py
[2022-08-09 00:00:12,392] {processor.py:651} INFO - DAG(s) dict_keys(['example_branch_python_operator_decorator']) retrieved from /home/renan/datapipeline/.env/lib/python3.8/site-packages/airflow/example_dags/example_branch_operator_decorator.py
[2022-08-09 00:00:12,401] {logging_mixin.py:115} INFO - [2022-08-09 00:00:12,401] {dag.py:2420} INFO - Sync 1 DAGs
[2022-08-09 00:00:12,411] {logging_mixin.py:115} INFO - [2022-08-09 00:00:12,411] {dag.py:2968} INFO - Setting next_dagrun for example_branch_python_operator_decorator to 2022-08-08T00:00:00+00:00, run_after=2022-08-09T00:00:00+00:00
[2022-08-09 00:00:12,420] {processor.py:161} INFO - Processing /home/renan/datapipeline/.env/lib/python3.8/site-packages/airflow/example_dags/example_branch_operator_decorator.py took 0.045 seconds
[2022-08-09 00:00:48,250] {processor.py:153} INFO - Started process (PID=10409) to work on /home/renan/datapipeline/.env/lib/python3.8/site-packages/airflow/example_dags/example_branch_operator_decorator.py
[2022-08-09 00:00:48,251] {processor.py:641} INFO - Processing file /home/renan/datapipeline/.env/lib/python3.8/site-packages/airflow/example_dags/example_branch_operator_decorator.py for tasks to queue
[2022-08-09 00:00:48,251] {logging_mixin.py:115} INFO - [2022-08-09 00:00:48,251] {dagbag.py:508} INFO - Filling up the DagBag from /home/renan/datapipeline/.env/lib/python3.8/site-packages/airflow/example_dags/example_branch_operator_decorator.py
[2022-08-09 00:00:48,265] {processor.py:651} INFO - DAG(s) dict_keys(['example_branch_python_operator_decorator']) retrieved from /home/renan/datapipeline/.env/lib/python3.8/site-packages/airflow/example_dags/example_branch_operator_decorator.py
[2022-08-09 00:00:48,281] {logging_mixin.py:115} INFO - [2022-08-09 00:00:48,281] {dag.py:2420} INFO - Sync 1 DAGs
[2022-08-09 00:00:48,293] {logging_mixin.py:115} INFO - [2022-08-09 00:00:48,293] {dag.py:2968} INFO - Setting next_dagrun for example_branch_python_operator_decorator to 2022-08-08T00:00:00+00:00, run_after=2022-08-09T00:00:00+00:00
[2022-08-09 00:00:48,303] {processor.py:161} INFO - Processing /home/renan/datapipeline/.env/lib/python3.8/site-packages/airflow/example_dags/example_branch_operator_decorator.py took 0.054 seconds
[2022-08-09 00:01:23,506] {processor.py:153} INFO - Started process (PID=10459) to work on /home/renan/datapipeline/.env/lib/python3.8/site-packages/airflow/example_dags/example_branch_operator_decorator.py
[2022-08-09 00:01:23,507] {processor.py:641} INFO - Processing file /home/renan/datapipeline/.env/lib/python3.8/site-packages/airflow/example_dags/example_branch_operator_decorator.py for tasks to queue
[2022-08-09 00:01:23,507] {logging_mixin.py:115} INFO - [2022-08-09 00:01:23,507] {dagbag.py:508} INFO - Filling up the DagBag from /home/renan/datapipeline/.env/lib/python3.8/site-packages/airflow/example_dags/example_branch_operator_decorator.py
[2022-08-09 00:01:23,523] {processor.py:651} INFO - DAG(s) dict_keys(['example_branch_python_operator_decorator']) retrieved from /home/renan/datapipeline/.env/lib/python3.8/site-packages/airflow/example_dags/example_branch_operator_decorator.py
[2022-08-09 00:01:23,534] {logging_mixin.py:115} INFO - [2022-08-09 00:01:23,534] {dag.py:2420} INFO - Sync 1 DAGs
[2022-08-09 00:01:23,546] {logging_mixin.py:115} INFO - [2022-08-09 00:01:23,546] {dag.py:2968} INFO - Setting next_dagrun for example_branch_python_operator_decorator to 2022-08-08T00:00:00+00:00, run_after=2022-08-09T00:00:00+00:00
[2022-08-09 00:01:23,557] {processor.py:161} INFO - Processing /home/renan/datapipeline/.env/lib/python3.8/site-packages/airflow/example_dags/example_branch_operator_decorator.py took 0.053 seconds
[2022-08-09 00:01:59,500] {processor.py:153} INFO - Started process (PID=10497) to work on /home/renan/datapipeline/.env/lib/python3.8/site-packages/airflow/example_dags/example_branch_operator_decorator.py
[2022-08-09 00:01:59,500] {processor.py:641} INFO - Processing file /home/renan/datapipeline/.env/lib/python3.8/site-packages/airflow/example_dags/example_branch_operator_decorator.py for tasks to queue
[2022-08-09 00:01:59,501] {logging_mixin.py:115} INFO - [2022-08-09 00:01:59,501] {dagbag.py:508} INFO - Filling up the DagBag from /home/renan/datapipeline/.env/lib/python3.8/site-packages/airflow/example_dags/example_branch_operator_decorator.py
[2022-08-09 00:01:59,526] {processor.py:651} INFO - DAG(s) dict_keys(['example_branch_python_operator_decorator']) retrieved from /home/renan/datapipeline/.env/lib/python3.8/site-packages/airflow/example_dags/example_branch_operator_decorator.py
[2022-08-09 00:01:59,539] {logging_mixin.py:115} INFO - [2022-08-09 00:01:59,539] {dag.py:2420} INFO - Sync 1 DAGs
[2022-08-09 00:01:59,551] {logging_mixin.py:115} INFO - [2022-08-09 00:01:59,551] {dag.py:2968} INFO - Setting next_dagrun for example_branch_python_operator_decorator to 2022-08-08T00:00:00+00:00, run_after=2022-08-09T00:00:00+00:00
[2022-08-09 00:01:59,563] {processor.py:161} INFO - Processing /home/renan/datapipeline/.env/lib/python3.8/site-packages/airflow/example_dags/example_branch_operator_decorator.py took 0.066 seconds
[2022-08-09 00:02:32,096] {processor.py:153} INFO - Started process (PID=10540) to work on /home/renan/datapipeline/.env/lib/python3.8/site-packages/airflow/example_dags/example_branch_operator_decorator.py
[2022-08-09 00:02:32,096] {processor.py:641} INFO - Processing file /home/renan/datapipeline/.env/lib/python3.8/site-packages/airflow/example_dags/example_branch_operator_decorator.py for tasks to queue
[2022-08-09 00:02:32,096] {logging_mixin.py:115} INFO - [2022-08-09 00:02:32,096] {dagbag.py:508} INFO - Filling up the DagBag from /home/renan/datapipeline/.env/lib/python3.8/site-packages/airflow/example_dags/example_branch_operator_decorator.py
[2022-08-09 00:02:32,111] {processor.py:651} INFO - DAG(s) dict_keys(['example_branch_python_operator_decorator']) retrieved from /home/renan/datapipeline/.env/lib/python3.8/site-packages/airflow/example_dags/example_branch_operator_decorator.py
[2022-08-09 00:02:32,122] {logging_mixin.py:115} INFO - [2022-08-09 00:02:32,122] {dag.py:2420} INFO - Sync 1 DAGs
[2022-08-09 00:02:32,136] {logging_mixin.py:115} INFO - [2022-08-09 00:02:32,135] {dag.py:2968} INFO - Setting next_dagrun for example_branch_python_operator_decorator to 2022-08-08T00:00:00+00:00, run_after=2022-08-09T00:00:00+00:00
[2022-08-09 00:02:32,151] {processor.py:161} INFO - Processing /home/renan/datapipeline/.env/lib/python3.8/site-packages/airflow/example_dags/example_branch_operator_decorator.py took 0.057 seconds
[2022-08-09 00:03:09,410] {processor.py:153} INFO - Started process (PID=10589) to work on /home/renan/datapipeline/.env/lib/python3.8/site-packages/airflow/example_dags/example_branch_operator_decorator.py
[2022-08-09 00:03:09,411] {processor.py:641} INFO - Processing file /home/renan/datapipeline/.env/lib/python3.8/site-packages/airflow/example_dags/example_branch_operator_decorator.py for tasks to queue
[2022-08-09 00:03:09,411] {logging_mixin.py:115} INFO - [2022-08-09 00:03:09,411] {dagbag.py:508} INFO - Filling up the DagBag from /home/renan/datapipeline/.env/lib/python3.8/site-packages/airflow/example_dags/example_branch_operator_decorator.py
[2022-08-09 00:03:09,425] {processor.py:651} INFO - DAG(s) dict_keys(['example_branch_python_operator_decorator']) retrieved from /home/renan/datapipeline/.env/lib/python3.8/site-packages/airflow/example_dags/example_branch_operator_decorator.py
[2022-08-09 00:03:09,434] {logging_mixin.py:115} INFO - [2022-08-09 00:03:09,434] {dag.py:2420} INFO - Sync 1 DAGs
[2022-08-09 00:03:09,446] {logging_mixin.py:115} INFO - [2022-08-09 00:03:09,445] {dag.py:2968} INFO - Setting next_dagrun for example_branch_python_operator_decorator to 2022-08-08T00:00:00+00:00, run_after=2022-08-09T00:00:00+00:00
[2022-08-09 00:03:09,456] {processor.py:161} INFO - Processing /home/renan/datapipeline/.env/lib/python3.8/site-packages/airflow/example_dags/example_branch_operator_decorator.py took 0.048 seconds
[2022-08-09 00:03:44,116] {processor.py:153} INFO - Started process (PID=10637) to work on /home/renan/datapipeline/.env/lib/python3.8/site-packages/airflow/example_dags/example_branch_operator_decorator.py
[2022-08-09 00:03:44,116] {processor.py:641} INFO - Processing file /home/renan/datapipeline/.env/lib/python3.8/site-packages/airflow/example_dags/example_branch_operator_decorator.py for tasks to queue
[2022-08-09 00:03:44,117] {logging_mixin.py:115} INFO - [2022-08-09 00:03:44,117] {dagbag.py:508} INFO - Filling up the DagBag from /home/renan/datapipeline/.env/lib/python3.8/site-packages/airflow/example_dags/example_branch_operator_decorator.py
[2022-08-09 00:03:44,132] {processor.py:651} INFO - DAG(s) dict_keys(['example_branch_python_operator_decorator']) retrieved from /home/renan/datapipeline/.env/lib/python3.8/site-packages/airflow/example_dags/example_branch_operator_decorator.py
[2022-08-09 00:03:44,142] {logging_mixin.py:115} INFO - [2022-08-09 00:03:44,142] {dag.py:2420} INFO - Sync 1 DAGs
[2022-08-09 00:03:44,154] {logging_mixin.py:115} INFO - [2022-08-09 00:03:44,154] {dag.py:2968} INFO - Setting next_dagrun for example_branch_python_operator_decorator to 2022-08-08T00:00:00+00:00, run_after=2022-08-09T00:00:00+00:00
[2022-08-09 00:03:44,167] {processor.py:161} INFO - Processing /home/renan/datapipeline/.env/lib/python3.8/site-packages/airflow/example_dags/example_branch_operator_decorator.py took 0.053 seconds
[2022-08-09 00:04:20,380] {processor.py:153} INFO - Started process (PID=10675) to work on /home/renan/datapipeline/.env/lib/python3.8/site-packages/airflow/example_dags/example_branch_operator_decorator.py
[2022-08-09 00:04:20,381] {processor.py:641} INFO - Processing file /home/renan/datapipeline/.env/lib/python3.8/site-packages/airflow/example_dags/example_branch_operator_decorator.py for tasks to queue
[2022-08-09 00:04:20,381] {logging_mixin.py:115} INFO - [2022-08-09 00:04:20,381] {dagbag.py:508} INFO - Filling up the DagBag from /home/renan/datapipeline/.env/lib/python3.8/site-packages/airflow/example_dags/example_branch_operator_decorator.py
[2022-08-09 00:04:20,394] {processor.py:651} INFO - DAG(s) dict_keys(['example_branch_python_operator_decorator']) retrieved from /home/renan/datapipeline/.env/lib/python3.8/site-packages/airflow/example_dags/example_branch_operator_decorator.py
[2022-08-09 00:04:20,402] {logging_mixin.py:115} INFO - [2022-08-09 00:04:20,402] {dag.py:2420} INFO - Sync 1 DAGs
[2022-08-09 00:04:20,412] {logging_mixin.py:115} INFO - [2022-08-09 00:04:20,412] {dag.py:2968} INFO - Setting next_dagrun for example_branch_python_operator_decorator to 2022-08-08T00:00:00+00:00, run_after=2022-08-09T00:00:00+00:00
[2022-08-09 00:04:20,421] {processor.py:161} INFO - Processing /home/renan/datapipeline/.env/lib/python3.8/site-packages/airflow/example_dags/example_branch_operator_decorator.py took 0.043 seconds
[2022-08-09 00:04:57,405] {processor.py:153} INFO - Started process (PID=10735) to work on /home/renan/datapipeline/.env/lib/python3.8/site-packages/airflow/example_dags/example_branch_operator_decorator.py
[2022-08-09 00:04:57,405] {processor.py:641} INFO - Processing file /home/renan/datapipeline/.env/lib/python3.8/site-packages/airflow/example_dags/example_branch_operator_decorator.py for tasks to queue
[2022-08-09 00:04:57,406] {logging_mixin.py:115} INFO - [2022-08-09 00:04:57,405] {dagbag.py:508} INFO - Filling up the DagBag from /home/renan/datapipeline/.env/lib/python3.8/site-packages/airflow/example_dags/example_branch_operator_decorator.py
[2022-08-09 00:04:57,420] {processor.py:651} INFO - DAG(s) dict_keys(['example_branch_python_operator_decorator']) retrieved from /home/renan/datapipeline/.env/lib/python3.8/site-packages/airflow/example_dags/example_branch_operator_decorator.py
[2022-08-09 00:04:57,431] {logging_mixin.py:115} INFO - [2022-08-09 00:04:57,431] {dag.py:2420} INFO - Sync 1 DAGs
[2022-08-09 00:04:57,444] {logging_mixin.py:115} INFO - [2022-08-09 00:04:57,444] {dag.py:2968} INFO - Setting next_dagrun for example_branch_python_operator_decorator to 2022-08-08T00:00:00+00:00, run_after=2022-08-09T00:00:00+00:00
[2022-08-09 00:04:57,454] {processor.py:161} INFO - Processing /home/renan/datapipeline/.env/lib/python3.8/site-packages/airflow/example_dags/example_branch_operator_decorator.py took 0.050 seconds
[2022-08-09 00:05:32,078] {processor.py:153} INFO - Started process (PID=10780) to work on /home/renan/datapipeline/.env/lib/python3.8/site-packages/airflow/example_dags/example_branch_operator_decorator.py
[2022-08-09 00:05:32,078] {processor.py:641} INFO - Processing file /home/renan/datapipeline/.env/lib/python3.8/site-packages/airflow/example_dags/example_branch_operator_decorator.py for tasks to queue
[2022-08-09 00:05:32,079] {logging_mixin.py:115} INFO - [2022-08-09 00:05:32,078] {dagbag.py:508} INFO - Filling up the DagBag from /home/renan/datapipeline/.env/lib/python3.8/site-packages/airflow/example_dags/example_branch_operator_decorator.py
[2022-08-09 00:05:32,091] {processor.py:651} INFO - DAG(s) dict_keys(['example_branch_python_operator_decorator']) retrieved from /home/renan/datapipeline/.env/lib/python3.8/site-packages/airflow/example_dags/example_branch_operator_decorator.py
[2022-08-09 00:05:32,100] {logging_mixin.py:115} INFO - [2022-08-09 00:05:32,100] {dag.py:2420} INFO - Sync 1 DAGs
[2022-08-09 00:05:32,110] {logging_mixin.py:115} INFO - [2022-08-09 00:05:32,110] {dag.py:2968} INFO - Setting next_dagrun for example_branch_python_operator_decorator to 2022-08-08T00:00:00+00:00, run_after=2022-08-09T00:00:00+00:00
[2022-08-09 00:05:32,119] {processor.py:161} INFO - Processing /home/renan/datapipeline/.env/lib/python3.8/site-packages/airflow/example_dags/example_branch_operator_decorator.py took 0.043 seconds
[2022-08-09 00:06:06,360] {processor.py:153} INFO - Started process (PID=10817) to work on /home/renan/datapipeline/.env/lib/python3.8/site-packages/airflow/example_dags/example_branch_operator_decorator.py
[2022-08-09 00:06:06,361] {processor.py:641} INFO - Processing file /home/renan/datapipeline/.env/lib/python3.8/site-packages/airflow/example_dags/example_branch_operator_decorator.py for tasks to queue
[2022-08-09 00:06:06,361] {logging_mixin.py:115} INFO - [2022-08-09 00:06:06,361] {dagbag.py:508} INFO - Filling up the DagBag from /home/renan/datapipeline/.env/lib/python3.8/site-packages/airflow/example_dags/example_branch_operator_decorator.py
[2022-08-09 00:06:06,374] {processor.py:651} INFO - DAG(s) dict_keys(['example_branch_python_operator_decorator']) retrieved from /home/renan/datapipeline/.env/lib/python3.8/site-packages/airflow/example_dags/example_branch_operator_decorator.py
[2022-08-09 00:06:06,383] {logging_mixin.py:115} INFO - [2022-08-09 00:06:06,383] {dag.py:2420} INFO - Sync 1 DAGs
[2022-08-09 00:06:06,393] {logging_mixin.py:115} INFO - [2022-08-09 00:06:06,393] {dag.py:2968} INFO - Setting next_dagrun for example_branch_python_operator_decorator to 2022-08-08T00:00:00+00:00, run_after=2022-08-09T00:00:00+00:00
[2022-08-09 00:06:06,402] {processor.py:161} INFO - Processing /home/renan/datapipeline/.env/lib/python3.8/site-packages/airflow/example_dags/example_branch_operator_decorator.py took 0.043 seconds
[2022-08-09 00:06:42,862] {processor.py:153} INFO - Started process (PID=10871) to work on /home/renan/datapipeline/.env/lib/python3.8/site-packages/airflow/example_dags/example_branch_operator_decorator.py
[2022-08-09 00:06:42,862] {processor.py:641} INFO - Processing file /home/renan/datapipeline/.env/lib/python3.8/site-packages/airflow/example_dags/example_branch_operator_decorator.py for tasks to queue
[2022-08-09 00:06:42,863] {logging_mixin.py:115} INFO - [2022-08-09 00:06:42,863] {dagbag.py:508} INFO - Filling up the DagBag from /home/renan/datapipeline/.env/lib/python3.8/site-packages/airflow/example_dags/example_branch_operator_decorator.py
[2022-08-09 00:06:42,877] {processor.py:651} INFO - DAG(s) dict_keys(['example_branch_python_operator_decorator']) retrieved from /home/renan/datapipeline/.env/lib/python3.8/site-packages/airflow/example_dags/example_branch_operator_decorator.py
[2022-08-09 00:06:42,888] {logging_mixin.py:115} INFO - [2022-08-09 00:06:42,888] {dag.py:2420} INFO - Sync 1 DAGs
[2022-08-09 00:06:42,900] {logging_mixin.py:115} INFO - [2022-08-09 00:06:42,900] {dag.py:2968} INFO - Setting next_dagrun for example_branch_python_operator_decorator to 2022-08-08T00:00:00+00:00, run_after=2022-08-09T00:00:00+00:00
[2022-08-09 00:06:42,910] {processor.py:161} INFO - Processing /home/renan/datapipeline/.env/lib/python3.8/site-packages/airflow/example_dags/example_branch_operator_decorator.py took 0.051 seconds
[2022-08-09 00:07:15,935] {processor.py:153} INFO - Started process (PID=10920) to work on /home/renan/datapipeline/.env/lib/python3.8/site-packages/airflow/example_dags/example_branch_operator_decorator.py
[2022-08-09 00:07:15,936] {processor.py:641} INFO - Processing file /home/renan/datapipeline/.env/lib/python3.8/site-packages/airflow/example_dags/example_branch_operator_decorator.py for tasks to queue
[2022-08-09 00:07:15,936] {logging_mixin.py:115} INFO - [2022-08-09 00:07:15,936] {dagbag.py:508} INFO - Filling up the DagBag from /home/renan/datapipeline/.env/lib/python3.8/site-packages/airflow/example_dags/example_branch_operator_decorator.py
[2022-08-09 00:07:15,950] {processor.py:651} INFO - DAG(s) dict_keys(['example_branch_python_operator_decorator']) retrieved from /home/renan/datapipeline/.env/lib/python3.8/site-packages/airflow/example_dags/example_branch_operator_decorator.py
[2022-08-09 00:07:15,960] {logging_mixin.py:115} INFO - [2022-08-09 00:07:15,960] {dag.py:2420} INFO - Sync 1 DAGs
[2022-08-09 00:07:15,971] {logging_mixin.py:115} INFO - [2022-08-09 00:07:15,971] {dag.py:2968} INFO - Setting next_dagrun for example_branch_python_operator_decorator to 2022-08-08T00:00:00+00:00, run_after=2022-08-09T00:00:00+00:00
[2022-08-09 00:07:15,981] {processor.py:161} INFO - Processing /home/renan/datapipeline/.env/lib/python3.8/site-packages/airflow/example_dags/example_branch_operator_decorator.py took 0.047 seconds
[2022-08-09 00:07:53,024] {processor.py:153} INFO - Started process (PID=10963) to work on /home/renan/datapipeline/.env/lib/python3.8/site-packages/airflow/example_dags/example_branch_operator_decorator.py
[2022-08-09 00:07:53,024] {processor.py:641} INFO - Processing file /home/renan/datapipeline/.env/lib/python3.8/site-packages/airflow/example_dags/example_branch_operator_decorator.py for tasks to queue
[2022-08-09 00:07:53,024] {logging_mixin.py:115} INFO - [2022-08-09 00:07:53,024] {dagbag.py:508} INFO - Filling up the DagBag from /home/renan/datapipeline/.env/lib/python3.8/site-packages/airflow/example_dags/example_branch_operator_decorator.py
[2022-08-09 00:07:53,037] {processor.py:651} INFO - DAG(s) dict_keys(['example_branch_python_operator_decorator']) retrieved from /home/renan/datapipeline/.env/lib/python3.8/site-packages/airflow/example_dags/example_branch_operator_decorator.py
[2022-08-09 00:07:53,046] {logging_mixin.py:115} INFO - [2022-08-09 00:07:53,046] {dag.py:2420} INFO - Sync 1 DAGs
[2022-08-09 00:07:53,056] {logging_mixin.py:115} INFO - [2022-08-09 00:07:53,056] {dag.py:2968} INFO - Setting next_dagrun for example_branch_python_operator_decorator to 2022-08-08T00:00:00+00:00, run_after=2022-08-09T00:00:00+00:00
[2022-08-09 00:07:53,065] {processor.py:161} INFO - Processing /home/renan/datapipeline/.env/lib/python3.8/site-packages/airflow/example_dags/example_branch_operator_decorator.py took 0.043 seconds
[2022-08-09 00:08:30,180] {processor.py:153} INFO - Started process (PID=11003) to work on /home/renan/datapipeline/.env/lib/python3.8/site-packages/airflow/example_dags/example_branch_operator_decorator.py
[2022-08-09 00:08:30,181] {processor.py:641} INFO - Processing file /home/renan/datapipeline/.env/lib/python3.8/site-packages/airflow/example_dags/example_branch_operator_decorator.py for tasks to queue
[2022-08-09 00:08:30,181] {logging_mixin.py:115} INFO - [2022-08-09 00:08:30,181] {dagbag.py:508} INFO - Filling up the DagBag from /home/renan/datapipeline/.env/lib/python3.8/site-packages/airflow/example_dags/example_branch_operator_decorator.py
[2022-08-09 00:08:30,194] {processor.py:651} INFO - DAG(s) dict_keys(['example_branch_python_operator_decorator']) retrieved from /home/renan/datapipeline/.env/lib/python3.8/site-packages/airflow/example_dags/example_branch_operator_decorator.py
[2022-08-09 00:08:30,204] {logging_mixin.py:115} INFO - [2022-08-09 00:08:30,204] {dag.py:2420} INFO - Sync 1 DAGs
[2022-08-09 00:08:30,214] {logging_mixin.py:115} INFO - [2022-08-09 00:08:30,214] {dag.py:2968} INFO - Setting next_dagrun for example_branch_python_operator_decorator to 2022-08-08T00:00:00+00:00, run_after=2022-08-09T00:00:00+00:00
[2022-08-09 00:08:30,222] {processor.py:161} INFO - Processing /home/renan/datapipeline/.env/lib/python3.8/site-packages/airflow/example_dags/example_branch_operator_decorator.py took 0.044 seconds
[2022-08-09 00:09:06,692] {processor.py:153} INFO - Started process (PID=11043) to work on /home/renan/datapipeline/.env/lib/python3.8/site-packages/airflow/example_dags/example_branch_operator_decorator.py
[2022-08-09 00:09:06,692] {processor.py:641} INFO - Processing file /home/renan/datapipeline/.env/lib/python3.8/site-packages/airflow/example_dags/example_branch_operator_decorator.py for tasks to queue
[2022-08-09 00:09:06,692] {logging_mixin.py:115} INFO - [2022-08-09 00:09:06,692] {dagbag.py:508} INFO - Filling up the DagBag from /home/renan/datapipeline/.env/lib/python3.8/site-packages/airflow/example_dags/example_branch_operator_decorator.py
[2022-08-09 00:09:06,706] {processor.py:651} INFO - DAG(s) dict_keys(['example_branch_python_operator_decorator']) retrieved from /home/renan/datapipeline/.env/lib/python3.8/site-packages/airflow/example_dags/example_branch_operator_decorator.py
[2022-08-09 00:09:06,715] {logging_mixin.py:115} INFO - [2022-08-09 00:09:06,715] {dag.py:2420} INFO - Sync 1 DAGs
[2022-08-09 00:09:06,725] {logging_mixin.py:115} INFO - [2022-08-09 00:09:06,725] {dag.py:2968} INFO - Setting next_dagrun for example_branch_python_operator_decorator to 2022-08-08T00:00:00+00:00, run_after=2022-08-09T00:00:00+00:00
[2022-08-09 00:09:06,734] {processor.py:161} INFO - Processing /home/renan/datapipeline/.env/lib/python3.8/site-packages/airflow/example_dags/example_branch_operator_decorator.py took 0.044 seconds
[2022-08-09 00:09:41,788] {processor.py:153} INFO - Started process (PID=11080) to work on /home/renan/datapipeline/.env/lib/python3.8/site-packages/airflow/example_dags/example_branch_operator_decorator.py
[2022-08-09 00:09:41,788] {processor.py:641} INFO - Processing file /home/renan/datapipeline/.env/lib/python3.8/site-packages/airflow/example_dags/example_branch_operator_decorator.py for tasks to queue
[2022-08-09 00:09:41,789] {logging_mixin.py:115} INFO - [2022-08-09 00:09:41,788] {dagbag.py:508} INFO - Filling up the DagBag from /home/renan/datapipeline/.env/lib/python3.8/site-packages/airflow/example_dags/example_branch_operator_decorator.py
[2022-08-09 00:09:41,801] {processor.py:651} INFO - DAG(s) dict_keys(['example_branch_python_operator_decorator']) retrieved from /home/renan/datapipeline/.env/lib/python3.8/site-packages/airflow/example_dags/example_branch_operator_decorator.py
[2022-08-09 00:09:41,810] {logging_mixin.py:115} INFO - [2022-08-09 00:09:41,810] {dag.py:2420} INFO - Sync 1 DAGs
[2022-08-09 00:09:41,820] {logging_mixin.py:115} INFO - [2022-08-09 00:09:41,820] {dag.py:2968} INFO - Setting next_dagrun for example_branch_python_operator_decorator to 2022-08-08T00:00:00+00:00, run_after=2022-08-09T00:00:00+00:00
[2022-08-09 00:09:41,829] {processor.py:161} INFO - Processing /home/renan/datapipeline/.env/lib/python3.8/site-packages/airflow/example_dags/example_branch_operator_decorator.py took 0.043 seconds
[2022-08-09 00:10:15,299] {processor.py:153} INFO - Started process (PID=11121) to work on /home/renan/datapipeline/.env/lib/python3.8/site-packages/airflow/example_dags/example_branch_operator_decorator.py
[2022-08-09 00:10:15,299] {processor.py:641} INFO - Processing file /home/renan/datapipeline/.env/lib/python3.8/site-packages/airflow/example_dags/example_branch_operator_decorator.py for tasks to queue
[2022-08-09 00:10:15,299] {logging_mixin.py:115} INFO - [2022-08-09 00:10:15,299] {dagbag.py:508} INFO - Filling up the DagBag from /home/renan/datapipeline/.env/lib/python3.8/site-packages/airflow/example_dags/example_branch_operator_decorator.py
[2022-08-09 00:10:15,312] {processor.py:651} INFO - DAG(s) dict_keys(['example_branch_python_operator_decorator']) retrieved from /home/renan/datapipeline/.env/lib/python3.8/site-packages/airflow/example_dags/example_branch_operator_decorator.py
[2022-08-09 00:10:15,321] {logging_mixin.py:115} INFO - [2022-08-09 00:10:15,321] {dag.py:2420} INFO - Sync 1 DAGs
[2022-08-09 00:10:15,331] {logging_mixin.py:115} INFO - [2022-08-09 00:10:15,331] {dag.py:2968} INFO - Setting next_dagrun for example_branch_python_operator_decorator to 2022-08-08T00:00:00+00:00, run_after=2022-08-09T00:00:00+00:00
[2022-08-09 00:10:15,340] {processor.py:161} INFO - Processing /home/renan/datapipeline/.env/lib/python3.8/site-packages/airflow/example_dags/example_branch_operator_decorator.py took 0.043 seconds
[2022-08-09 00:10:52,447] {processor.py:153} INFO - Started process (PID=11176) to work on /home/renan/datapipeline/.env/lib/python3.8/site-packages/airflow/example_dags/example_branch_operator_decorator.py
[2022-08-09 00:10:52,447] {processor.py:641} INFO - Processing file /home/renan/datapipeline/.env/lib/python3.8/site-packages/airflow/example_dags/example_branch_operator_decorator.py for tasks to queue
[2022-08-09 00:10:52,448] {logging_mixin.py:115} INFO - [2022-08-09 00:10:52,447] {dagbag.py:508} INFO - Filling up the DagBag from /home/renan/datapipeline/.env/lib/python3.8/site-packages/airflow/example_dags/example_branch_operator_decorator.py
[2022-08-09 00:10:52,464] {processor.py:651} INFO - DAG(s) dict_keys(['example_branch_python_operator_decorator']) retrieved from /home/renan/datapipeline/.env/lib/python3.8/site-packages/airflow/example_dags/example_branch_operator_decorator.py
[2022-08-09 00:10:52,479] {logging_mixin.py:115} INFO - [2022-08-09 00:10:52,479] {dag.py:2420} INFO - Sync 1 DAGs
[2022-08-09 00:10:52,492] {logging_mixin.py:115} INFO - [2022-08-09 00:10:52,492] {dag.py:2968} INFO - Setting next_dagrun for example_branch_python_operator_decorator to 2022-08-08T00:00:00+00:00, run_after=2022-08-09T00:00:00+00:00
[2022-08-09 00:10:52,503] {processor.py:161} INFO - Processing /home/renan/datapipeline/.env/lib/python3.8/site-packages/airflow/example_dags/example_branch_operator_decorator.py took 0.058 seconds
[2022-08-09 00:11:25,499] {processor.py:153} INFO - Started process (PID=11212) to work on /home/renan/datapipeline/.env/lib/python3.8/site-packages/airflow/example_dags/example_branch_operator_decorator.py
[2022-08-09 00:11:25,499] {processor.py:641} INFO - Processing file /home/renan/datapipeline/.env/lib/python3.8/site-packages/airflow/example_dags/example_branch_operator_decorator.py for tasks to queue
[2022-08-09 00:11:25,500] {logging_mixin.py:115} INFO - [2022-08-09 00:11:25,500] {dagbag.py:508} INFO - Filling up the DagBag from /home/renan/datapipeline/.env/lib/python3.8/site-packages/airflow/example_dags/example_branch_operator_decorator.py
[2022-08-09 00:11:25,513] {processor.py:651} INFO - DAG(s) dict_keys(['example_branch_python_operator_decorator']) retrieved from /home/renan/datapipeline/.env/lib/python3.8/site-packages/airflow/example_dags/example_branch_operator_decorator.py
[2022-08-09 00:11:25,521] {logging_mixin.py:115} INFO - [2022-08-09 00:11:25,521] {dag.py:2420} INFO - Sync 1 DAGs
[2022-08-09 00:11:25,532] {logging_mixin.py:115} INFO - [2022-08-09 00:11:25,532] {dag.py:2968} INFO - Setting next_dagrun for example_branch_python_operator_decorator to 2022-08-08T00:00:00+00:00, run_after=2022-08-09T00:00:00+00:00
[2022-08-09 00:11:25,541] {processor.py:161} INFO - Processing /home/renan/datapipeline/.env/lib/python3.8/site-packages/airflow/example_dags/example_branch_operator_decorator.py took 0.044 seconds
[2022-08-09 00:11:58,364] {processor.py:153} INFO - Started process (PID=11261) to work on /home/renan/datapipeline/.env/lib/python3.8/site-packages/airflow/example_dags/example_branch_operator_decorator.py
[2022-08-09 00:11:58,364] {processor.py:641} INFO - Processing file /home/renan/datapipeline/.env/lib/python3.8/site-packages/airflow/example_dags/example_branch_operator_decorator.py for tasks to queue
[2022-08-09 00:11:58,364] {logging_mixin.py:115} INFO - [2022-08-09 00:11:58,364] {dagbag.py:508} INFO - Filling up the DagBag from /home/renan/datapipeline/.env/lib/python3.8/site-packages/airflow/example_dags/example_branch_operator_decorator.py
[2022-08-09 00:11:58,377] {processor.py:651} INFO - DAG(s) dict_keys(['example_branch_python_operator_decorator']) retrieved from /home/renan/datapipeline/.env/lib/python3.8/site-packages/airflow/example_dags/example_branch_operator_decorator.py
[2022-08-09 00:11:58,385] {logging_mixin.py:115} INFO - [2022-08-09 00:11:58,385] {dag.py:2420} INFO - Sync 1 DAGs
[2022-08-09 00:11:58,396] {logging_mixin.py:115} INFO - [2022-08-09 00:11:58,396] {dag.py:2968} INFO - Setting next_dagrun for example_branch_python_operator_decorator to 2022-08-08T00:00:00+00:00, run_after=2022-08-09T00:00:00+00:00
[2022-08-09 00:11:58,405] {processor.py:161} INFO - Processing /home/renan/datapipeline/.env/lib/python3.8/site-packages/airflow/example_dags/example_branch_operator_decorator.py took 0.042 seconds
[2022-08-09 00:12:36,957] {processor.py:153} INFO - Started process (PID=11319) to work on /home/renan/datapipeline/.env/lib/python3.8/site-packages/airflow/example_dags/example_branch_operator_decorator.py
[2022-08-09 00:12:36,958] {processor.py:641} INFO - Processing file /home/renan/datapipeline/.env/lib/python3.8/site-packages/airflow/example_dags/example_branch_operator_decorator.py for tasks to queue
[2022-08-09 00:12:36,959] {logging_mixin.py:115} INFO - [2022-08-09 00:12:36,959] {dagbag.py:508} INFO - Filling up the DagBag from /home/renan/datapipeline/.env/lib/python3.8/site-packages/airflow/example_dags/example_branch_operator_decorator.py
[2022-08-09 00:12:36,972] {processor.py:651} INFO - DAG(s) dict_keys(['example_branch_python_operator_decorator']) retrieved from /home/renan/datapipeline/.env/lib/python3.8/site-packages/airflow/example_dags/example_branch_operator_decorator.py
[2022-08-09 00:12:36,981] {logging_mixin.py:115} INFO - [2022-08-09 00:12:36,981] {dag.py:2420} INFO - Sync 1 DAGs
[2022-08-09 00:12:36,991] {logging_mixin.py:115} INFO - [2022-08-09 00:12:36,991] {dag.py:2968} INFO - Setting next_dagrun for example_branch_python_operator_decorator to 2022-08-08T00:00:00+00:00, run_after=2022-08-09T00:00:00+00:00
[2022-08-09 00:12:37,000] {processor.py:161} INFO - Processing /home/renan/datapipeline/.env/lib/python3.8/site-packages/airflow/example_dags/example_branch_operator_decorator.py took 0.044 seconds
[2022-08-09 00:13:11,007] {processor.py:153} INFO - Started process (PID=11369) to work on /home/renan/datapipeline/.env/lib/python3.8/site-packages/airflow/example_dags/example_branch_operator_decorator.py
[2022-08-09 00:13:11,007] {processor.py:641} INFO - Processing file /home/renan/datapipeline/.env/lib/python3.8/site-packages/airflow/example_dags/example_branch_operator_decorator.py for tasks to queue
[2022-08-09 00:13:11,008] {logging_mixin.py:115} INFO - [2022-08-09 00:13:11,008] {dagbag.py:508} INFO - Filling up the DagBag from /home/renan/datapipeline/.env/lib/python3.8/site-packages/airflow/example_dags/example_branch_operator_decorator.py
[2022-08-09 00:13:11,022] {processor.py:651} INFO - DAG(s) dict_keys(['example_branch_python_operator_decorator']) retrieved from /home/renan/datapipeline/.env/lib/python3.8/site-packages/airflow/example_dags/example_branch_operator_decorator.py
[2022-08-09 00:13:11,031] {logging_mixin.py:115} INFO - [2022-08-09 00:13:11,031] {dag.py:2420} INFO - Sync 1 DAGs
[2022-08-09 00:13:11,042] {logging_mixin.py:115} INFO - [2022-08-09 00:13:11,042] {dag.py:2968} INFO - Setting next_dagrun for example_branch_python_operator_decorator to 2022-08-08T00:00:00+00:00, run_after=2022-08-09T00:00:00+00:00
[2022-08-09 00:13:11,051] {processor.py:161} INFO - Processing /home/renan/datapipeline/.env/lib/python3.8/site-packages/airflow/example_dags/example_branch_operator_decorator.py took 0.047 seconds
[2022-08-09 00:13:44,702] {processor.py:153} INFO - Started process (PID=11406) to work on /home/renan/datapipeline/.env/lib/python3.8/site-packages/airflow/example_dags/example_branch_operator_decorator.py
[2022-08-09 00:13:44,703] {processor.py:641} INFO - Processing file /home/renan/datapipeline/.env/lib/python3.8/site-packages/airflow/example_dags/example_branch_operator_decorator.py for tasks to queue
[2022-08-09 00:13:44,703] {logging_mixin.py:115} INFO - [2022-08-09 00:13:44,703] {dagbag.py:508} INFO - Filling up the DagBag from /home/renan/datapipeline/.env/lib/python3.8/site-packages/airflow/example_dags/example_branch_operator_decorator.py
[2022-08-09 00:13:44,717] {processor.py:651} INFO - DAG(s) dict_keys(['example_branch_python_operator_decorator']) retrieved from /home/renan/datapipeline/.env/lib/python3.8/site-packages/airflow/example_dags/example_branch_operator_decorator.py
[2022-08-09 00:13:44,727] {logging_mixin.py:115} INFO - [2022-08-09 00:13:44,727] {dag.py:2420} INFO - Sync 1 DAGs
[2022-08-09 00:13:44,739] {logging_mixin.py:115} INFO - [2022-08-09 00:13:44,738] {dag.py:2968} INFO - Setting next_dagrun for example_branch_python_operator_decorator to 2022-08-08T00:00:00+00:00, run_after=2022-08-09T00:00:00+00:00
[2022-08-09 00:13:44,754] {processor.py:161} INFO - Processing /home/renan/datapipeline/.env/lib/python3.8/site-packages/airflow/example_dags/example_branch_operator_decorator.py took 0.054 seconds
[2022-08-09 00:14:20,441] {processor.py:153} INFO - Started process (PID=11501) to work on /home/renan/datapipeline/.env/lib/python3.8/site-packages/airflow/example_dags/example_branch_operator_decorator.py
[2022-08-09 00:14:20,442] {processor.py:641} INFO - Processing file /home/renan/datapipeline/.env/lib/python3.8/site-packages/airflow/example_dags/example_branch_operator_decorator.py for tasks to queue
[2022-08-09 00:14:20,442] {logging_mixin.py:115} INFO - [2022-08-09 00:14:20,442] {dagbag.py:508} INFO - Filling up the DagBag from /home/renan/datapipeline/.env/lib/python3.8/site-packages/airflow/example_dags/example_branch_operator_decorator.py
[2022-08-09 00:14:20,454] {processor.py:651} INFO - DAG(s) dict_keys(['example_branch_python_operator_decorator']) retrieved from /home/renan/datapipeline/.env/lib/python3.8/site-packages/airflow/example_dags/example_branch_operator_decorator.py
[2022-08-09 00:14:20,466] {logging_mixin.py:115} INFO - [2022-08-09 00:14:20,466] {dag.py:2420} INFO - Sync 1 DAGs
[2022-08-09 00:14:20,479] {logging_mixin.py:115} INFO - [2022-08-09 00:14:20,479] {dag.py:2968} INFO - Setting next_dagrun for example_branch_python_operator_decorator to 2022-08-08T00:00:00+00:00, run_after=2022-08-09T00:00:00+00:00
[2022-08-09 00:14:20,490] {processor.py:161} INFO - Processing /home/renan/datapipeline/.env/lib/python3.8/site-packages/airflow/example_dags/example_branch_operator_decorator.py took 0.050 seconds
[2022-08-09 00:14:56,537] {processor.py:153} INFO - Started process (PID=11541) to work on /home/renan/datapipeline/.env/lib/python3.8/site-packages/airflow/example_dags/example_branch_operator_decorator.py
[2022-08-09 00:14:56,537] {processor.py:641} INFO - Processing file /home/renan/datapipeline/.env/lib/python3.8/site-packages/airflow/example_dags/example_branch_operator_decorator.py for tasks to queue
[2022-08-09 00:14:56,538] {logging_mixin.py:115} INFO - [2022-08-09 00:14:56,537] {dagbag.py:508} INFO - Filling up the DagBag from /home/renan/datapipeline/.env/lib/python3.8/site-packages/airflow/example_dags/example_branch_operator_decorator.py
[2022-08-09 00:14:56,549] {processor.py:651} INFO - DAG(s) dict_keys(['example_branch_python_operator_decorator']) retrieved from /home/renan/datapipeline/.env/lib/python3.8/site-packages/airflow/example_dags/example_branch_operator_decorator.py
[2022-08-09 00:14:56,558] {logging_mixin.py:115} INFO - [2022-08-09 00:14:56,558] {dag.py:2420} INFO - Sync 1 DAGs
[2022-08-09 00:14:56,569] {logging_mixin.py:115} INFO - [2022-08-09 00:14:56,569] {dag.py:2968} INFO - Setting next_dagrun for example_branch_python_operator_decorator to 2022-08-08T00:00:00+00:00, run_after=2022-08-09T00:00:00+00:00
[2022-08-09 00:14:56,578] {processor.py:161} INFO - Processing /home/renan/datapipeline/.env/lib/python3.8/site-packages/airflow/example_dags/example_branch_operator_decorator.py took 0.043 seconds
[2022-08-09 00:15:34,684] {processor.py:153} INFO - Started process (PID=11599) to work on /home/renan/datapipeline/.env/lib/python3.8/site-packages/airflow/example_dags/example_branch_operator_decorator.py
[2022-08-09 00:15:34,685] {processor.py:641} INFO - Processing file /home/renan/datapipeline/.env/lib/python3.8/site-packages/airflow/example_dags/example_branch_operator_decorator.py for tasks to queue
[2022-08-09 00:15:34,685] {logging_mixin.py:115} INFO - [2022-08-09 00:15:34,685] {dagbag.py:508} INFO - Filling up the DagBag from /home/renan/datapipeline/.env/lib/python3.8/site-packages/airflow/example_dags/example_branch_operator_decorator.py
[2022-08-09 00:15:34,696] {processor.py:651} INFO - DAG(s) dict_keys(['example_branch_python_operator_decorator']) retrieved from /home/renan/datapipeline/.env/lib/python3.8/site-packages/airflow/example_dags/example_branch_operator_decorator.py
[2022-08-09 00:15:34,706] {logging_mixin.py:115} INFO - [2022-08-09 00:15:34,706] {dag.py:2420} INFO - Sync 1 DAGs
[2022-08-09 00:15:34,717] {logging_mixin.py:115} INFO - [2022-08-09 00:15:34,717] {dag.py:2968} INFO - Setting next_dagrun for example_branch_python_operator_decorator to 2022-08-08T00:00:00+00:00, run_after=2022-08-09T00:00:00+00:00
[2022-08-09 00:15:34,726] {processor.py:161} INFO - Processing /home/renan/datapipeline/.env/lib/python3.8/site-packages/airflow/example_dags/example_branch_operator_decorator.py took 0.044 seconds
[2022-08-09 00:16:07,738] {processor.py:153} INFO - Started process (PID=11666) to work on /home/renan/datapipeline/.env/lib/python3.8/site-packages/airflow/example_dags/example_branch_operator_decorator.py
[2022-08-09 00:16:07,738] {processor.py:641} INFO - Processing file /home/renan/datapipeline/.env/lib/python3.8/site-packages/airflow/example_dags/example_branch_operator_decorator.py for tasks to queue
[2022-08-09 00:16:07,738] {logging_mixin.py:115} INFO - [2022-08-09 00:16:07,738] {dagbag.py:508} INFO - Filling up the DagBag from /home/renan/datapipeline/.env/lib/python3.8/site-packages/airflow/example_dags/example_branch_operator_decorator.py
[2022-08-09 00:16:07,749] {processor.py:651} INFO - DAG(s) dict_keys(['example_branch_python_operator_decorator']) retrieved from /home/renan/datapipeline/.env/lib/python3.8/site-packages/airflow/example_dags/example_branch_operator_decorator.py
[2022-08-09 00:16:07,759] {logging_mixin.py:115} INFO - [2022-08-09 00:16:07,759] {dag.py:2420} INFO - Sync 1 DAGs
[2022-08-09 00:16:07,770] {logging_mixin.py:115} INFO - [2022-08-09 00:16:07,769] {dag.py:2968} INFO - Setting next_dagrun for example_branch_python_operator_decorator to 2022-08-08T00:00:00+00:00, run_after=2022-08-09T00:00:00+00:00
[2022-08-09 00:16:07,778] {processor.py:161} INFO - Processing /home/renan/datapipeline/.env/lib/python3.8/site-packages/airflow/example_dags/example_branch_operator_decorator.py took 0.042 seconds
[2022-08-09 00:16:44,265] {processor.py:153} INFO - Started process (PID=11716) to work on /home/renan/datapipeline/.env/lib/python3.8/site-packages/airflow/example_dags/example_branch_operator_decorator.py
[2022-08-09 00:16:44,266] {processor.py:641} INFO - Processing file /home/renan/datapipeline/.env/lib/python3.8/site-packages/airflow/example_dags/example_branch_operator_decorator.py for tasks to queue
[2022-08-09 00:16:44,266] {logging_mixin.py:115} INFO - [2022-08-09 00:16:44,266] {dagbag.py:508} INFO - Filling up the DagBag from /home/renan/datapipeline/.env/lib/python3.8/site-packages/airflow/example_dags/example_branch_operator_decorator.py
[2022-08-09 00:16:44,281] {processor.py:651} INFO - DAG(s) dict_keys(['example_branch_python_operator_decorator']) retrieved from /home/renan/datapipeline/.env/lib/python3.8/site-packages/airflow/example_dags/example_branch_operator_decorator.py
[2022-08-09 00:16:44,293] {logging_mixin.py:115} INFO - [2022-08-09 00:16:44,293] {dag.py:2420} INFO - Sync 1 DAGs
[2022-08-09 00:16:44,305] {logging_mixin.py:115} INFO - [2022-08-09 00:16:44,305] {dag.py:2968} INFO - Setting next_dagrun for example_branch_python_operator_decorator to 2022-08-08T00:00:00+00:00, run_after=2022-08-09T00:00:00+00:00
[2022-08-09 00:16:44,317] {processor.py:161} INFO - Processing /home/renan/datapipeline/.env/lib/python3.8/site-packages/airflow/example_dags/example_branch_operator_decorator.py took 0.054 seconds
[2022-08-09 00:17:17,920] {processor.py:153} INFO - Started process (PID=11777) to work on /home/renan/datapipeline/.env/lib/python3.8/site-packages/airflow/example_dags/example_branch_operator_decorator.py
[2022-08-09 00:17:17,920] {processor.py:641} INFO - Processing file /home/renan/datapipeline/.env/lib/python3.8/site-packages/airflow/example_dags/example_branch_operator_decorator.py for tasks to queue
[2022-08-09 00:17:17,920] {logging_mixin.py:115} INFO - [2022-08-09 00:17:17,920] {dagbag.py:508} INFO - Filling up the DagBag from /home/renan/datapipeline/.env/lib/python3.8/site-packages/airflow/example_dags/example_branch_operator_decorator.py
[2022-08-09 00:17:17,932] {processor.py:651} INFO - DAG(s) dict_keys(['example_branch_python_operator_decorator']) retrieved from /home/renan/datapipeline/.env/lib/python3.8/site-packages/airflow/example_dags/example_branch_operator_decorator.py
[2022-08-09 00:17:17,942] {logging_mixin.py:115} INFO - [2022-08-09 00:17:17,942] {dag.py:2420} INFO - Sync 1 DAGs
[2022-08-09 00:17:17,954] {logging_mixin.py:115} INFO - [2022-08-09 00:17:17,954] {dag.py:2968} INFO - Setting next_dagrun for example_branch_python_operator_decorator to 2022-08-08T00:00:00+00:00, run_after=2022-08-09T00:00:00+00:00
[2022-08-09 00:17:17,964] {processor.py:161} INFO - Processing /home/renan/datapipeline/.env/lib/python3.8/site-packages/airflow/example_dags/example_branch_operator_decorator.py took 0.046 seconds
[2022-08-09 00:17:52,114] {processor.py:153} INFO - Started process (PID=11815) to work on /home/renan/datapipeline/.env/lib/python3.8/site-packages/airflow/example_dags/example_branch_operator_decorator.py
[2022-08-09 00:17:52,115] {processor.py:641} INFO - Processing file /home/renan/datapipeline/.env/lib/python3.8/site-packages/airflow/example_dags/example_branch_operator_decorator.py for tasks to queue
[2022-08-09 00:17:52,115] {logging_mixin.py:115} INFO - [2022-08-09 00:17:52,115] {dagbag.py:508} INFO - Filling up the DagBag from /home/renan/datapipeline/.env/lib/python3.8/site-packages/airflow/example_dags/example_branch_operator_decorator.py
[2022-08-09 00:17:52,126] {processor.py:651} INFO - DAG(s) dict_keys(['example_branch_python_operator_decorator']) retrieved from /home/renan/datapipeline/.env/lib/python3.8/site-packages/airflow/example_dags/example_branch_operator_decorator.py
[2022-08-09 00:17:52,135] {logging_mixin.py:115} INFO - [2022-08-09 00:17:52,135] {dag.py:2420} INFO - Sync 1 DAGs
[2022-08-09 00:17:52,146] {logging_mixin.py:115} INFO - [2022-08-09 00:17:52,146] {dag.py:2968} INFO - Setting next_dagrun for example_branch_python_operator_decorator to 2022-08-08T00:00:00+00:00, run_after=2022-08-09T00:00:00+00:00
[2022-08-09 00:17:52,154] {processor.py:161} INFO - Processing /home/renan/datapipeline/.env/lib/python3.8/site-packages/airflow/example_dags/example_branch_operator_decorator.py took 0.042 seconds
[2022-08-09 00:18:28,046] {processor.py:153} INFO - Started process (PID=11853) to work on /home/renan/datapipeline/.env/lib/python3.8/site-packages/airflow/example_dags/example_branch_operator_decorator.py
[2022-08-09 00:18:28,047] {processor.py:641} INFO - Processing file /home/renan/datapipeline/.env/lib/python3.8/site-packages/airflow/example_dags/example_branch_operator_decorator.py for tasks to queue
[2022-08-09 00:18:28,047] {logging_mixin.py:115} INFO - [2022-08-09 00:18:28,047] {dagbag.py:508} INFO - Filling up the DagBag from /home/renan/datapipeline/.env/lib/python3.8/site-packages/airflow/example_dags/example_branch_operator_decorator.py
[2022-08-09 00:18:28,058] {processor.py:651} INFO - DAG(s) dict_keys(['example_branch_python_operator_decorator']) retrieved from /home/renan/datapipeline/.env/lib/python3.8/site-packages/airflow/example_dags/example_branch_operator_decorator.py
[2022-08-09 00:18:28,067] {logging_mixin.py:115} INFO - [2022-08-09 00:18:28,067] {dag.py:2420} INFO - Sync 1 DAGs
[2022-08-09 00:18:28,078] {logging_mixin.py:115} INFO - [2022-08-09 00:18:28,078] {dag.py:2968} INFO - Setting next_dagrun for example_branch_python_operator_decorator to 2022-08-08T00:00:00+00:00, run_after=2022-08-09T00:00:00+00:00
[2022-08-09 00:18:28,086] {processor.py:161} INFO - Processing /home/renan/datapipeline/.env/lib/python3.8/site-packages/airflow/example_dags/example_branch_operator_decorator.py took 0.042 seconds
[2022-08-09 00:19:07,314] {processor.py:153} INFO - Started process (PID=11895) to work on /home/renan/datapipeline/.env/lib/python3.8/site-packages/airflow/example_dags/example_branch_operator_decorator.py
[2022-08-09 00:19:07,314] {processor.py:641} INFO - Processing file /home/renan/datapipeline/.env/lib/python3.8/site-packages/airflow/example_dags/example_branch_operator_decorator.py for tasks to queue
[2022-08-09 00:19:07,314] {logging_mixin.py:115} INFO - [2022-08-09 00:19:07,314] {dagbag.py:508} INFO - Filling up the DagBag from /home/renan/datapipeline/.env/lib/python3.8/site-packages/airflow/example_dags/example_branch_operator_decorator.py
[2022-08-09 00:19:07,326] {processor.py:651} INFO - DAG(s) dict_keys(['example_branch_python_operator_decorator']) retrieved from /home/renan/datapipeline/.env/lib/python3.8/site-packages/airflow/example_dags/example_branch_operator_decorator.py
[2022-08-09 00:19:07,335] {logging_mixin.py:115} INFO - [2022-08-09 00:19:07,335] {dag.py:2420} INFO - Sync 1 DAGs
[2022-08-09 00:19:07,345] {logging_mixin.py:115} INFO - [2022-08-09 00:19:07,345] {dag.py:2968} INFO - Setting next_dagrun for example_branch_python_operator_decorator to 2022-08-08T00:00:00+00:00, run_after=2022-08-09T00:00:00+00:00
[2022-08-09 00:19:07,353] {processor.py:161} INFO - Processing /home/renan/datapipeline/.env/lib/python3.8/site-packages/airflow/example_dags/example_branch_operator_decorator.py took 0.041 seconds
[2022-08-09 00:19:40,948] {processor.py:153} INFO - Started process (PID=11932) to work on /home/renan/datapipeline/.env/lib/python3.8/site-packages/airflow/example_dags/example_branch_operator_decorator.py
[2022-08-09 00:19:40,948] {processor.py:641} INFO - Processing file /home/renan/datapipeline/.env/lib/python3.8/site-packages/airflow/example_dags/example_branch_operator_decorator.py for tasks to queue
[2022-08-09 00:19:40,948] {logging_mixin.py:115} INFO - [2022-08-09 00:19:40,948] {dagbag.py:508} INFO - Filling up the DagBag from /home/renan/datapipeline/.env/lib/python3.8/site-packages/airflow/example_dags/example_branch_operator_decorator.py
[2022-08-09 00:19:40,960] {processor.py:651} INFO - DAG(s) dict_keys(['example_branch_python_operator_decorator']) retrieved from /home/renan/datapipeline/.env/lib/python3.8/site-packages/airflow/example_dags/example_branch_operator_decorator.py
[2022-08-09 00:19:40,969] {logging_mixin.py:115} INFO - [2022-08-09 00:19:40,969] {dag.py:2420} INFO - Sync 1 DAGs
[2022-08-09 00:19:40,980] {logging_mixin.py:115} INFO - [2022-08-09 00:19:40,980] {dag.py:2968} INFO - Setting next_dagrun for example_branch_python_operator_decorator to 2022-08-08T00:00:00+00:00, run_after=2022-08-09T00:00:00+00:00
[2022-08-09 00:19:40,988] {processor.py:161} INFO - Processing /home/renan/datapipeline/.env/lib/python3.8/site-packages/airflow/example_dags/example_branch_operator_decorator.py took 0.042 seconds
[2022-08-09 00:20:14,572] {processor.py:153} INFO - Started process (PID=11971) to work on /home/renan/datapipeline/.env/lib/python3.8/site-packages/airflow/example_dags/example_branch_operator_decorator.py
[2022-08-09 00:20:14,573] {processor.py:641} INFO - Processing file /home/renan/datapipeline/.env/lib/python3.8/site-packages/airflow/example_dags/example_branch_operator_decorator.py for tasks to queue
[2022-08-09 00:20:14,573] {logging_mixin.py:115} INFO - [2022-08-09 00:20:14,573] {dagbag.py:508} INFO - Filling up the DagBag from /home/renan/datapipeline/.env/lib/python3.8/site-packages/airflow/example_dags/example_branch_operator_decorator.py
[2022-08-09 00:20:14,584] {processor.py:651} INFO - DAG(s) dict_keys(['example_branch_python_operator_decorator']) retrieved from /home/renan/datapipeline/.env/lib/python3.8/site-packages/airflow/example_dags/example_branch_operator_decorator.py
[2022-08-09 00:20:14,593] {logging_mixin.py:115} INFO - [2022-08-09 00:20:14,593] {dag.py:2420} INFO - Sync 1 DAGs
[2022-08-09 00:20:14,604] {logging_mixin.py:115} INFO - [2022-08-09 00:20:14,604] {dag.py:2968} INFO - Setting next_dagrun for example_branch_python_operator_decorator to 2022-08-08T00:00:00+00:00, run_after=2022-08-09T00:00:00+00:00
[2022-08-09 00:20:14,612] {processor.py:161} INFO - Processing /home/renan/datapipeline/.env/lib/python3.8/site-packages/airflow/example_dags/example_branch_operator_decorator.py took 0.042 seconds
[2022-08-09 00:20:47,308] {processor.py:153} INFO - Started process (PID=12007) to work on /home/renan/datapipeline/.env/lib/python3.8/site-packages/airflow/example_dags/example_branch_operator_decorator.py
[2022-08-09 00:20:47,308] {processor.py:641} INFO - Processing file /home/renan/datapipeline/.env/lib/python3.8/site-packages/airflow/example_dags/example_branch_operator_decorator.py for tasks to queue
[2022-08-09 00:20:47,309] {logging_mixin.py:115} INFO - [2022-08-09 00:20:47,309] {dagbag.py:508} INFO - Filling up the DagBag from /home/renan/datapipeline/.env/lib/python3.8/site-packages/airflow/example_dags/example_branch_operator_decorator.py
[2022-08-09 00:20:47,320] {processor.py:651} INFO - DAG(s) dict_keys(['example_branch_python_operator_decorator']) retrieved from /home/renan/datapipeline/.env/lib/python3.8/site-packages/airflow/example_dags/example_branch_operator_decorator.py
[2022-08-09 00:20:47,329] {logging_mixin.py:115} INFO - [2022-08-09 00:20:47,329] {dag.py:2420} INFO - Sync 1 DAGs
[2022-08-09 00:20:47,340] {logging_mixin.py:115} INFO - [2022-08-09 00:20:47,340] {dag.py:2968} INFO - Setting next_dagrun for example_branch_python_operator_decorator to 2022-08-08T00:00:00+00:00, run_after=2022-08-09T00:00:00+00:00
[2022-08-09 00:20:47,348] {processor.py:161} INFO - Processing /home/renan/datapipeline/.env/lib/python3.8/site-packages/airflow/example_dags/example_branch_operator_decorator.py took 0.042 seconds
[2022-08-09 00:21:24,132] {processor.py:153} INFO - Started process (PID=12114) to work on /home/renan/datapipeline/.env/lib/python3.8/site-packages/airflow/example_dags/example_branch_operator_decorator.py
[2022-08-09 00:21:24,132] {processor.py:641} INFO - Processing file /home/renan/datapipeline/.env/lib/python3.8/site-packages/airflow/example_dags/example_branch_operator_decorator.py for tasks to queue
[2022-08-09 00:21:24,132] {logging_mixin.py:115} INFO - [2022-08-09 00:21:24,132] {dagbag.py:508} INFO - Filling up the DagBag from /home/renan/datapipeline/.env/lib/python3.8/site-packages/airflow/example_dags/example_branch_operator_decorator.py
[2022-08-09 00:21:24,144] {processor.py:651} INFO - DAG(s) dict_keys(['example_branch_python_operator_decorator']) retrieved from /home/renan/datapipeline/.env/lib/python3.8/site-packages/airflow/example_dags/example_branch_operator_decorator.py
[2022-08-09 00:21:24,154] {logging_mixin.py:115} INFO - [2022-08-09 00:21:24,154] {dag.py:2420} INFO - Sync 1 DAGs
[2022-08-09 00:21:24,164] {logging_mixin.py:115} INFO - [2022-08-09 00:21:24,164] {dag.py:2968} INFO - Setting next_dagrun for example_branch_python_operator_decorator to 2022-08-08T00:00:00+00:00, run_after=2022-08-09T00:00:00+00:00
[2022-08-09 00:21:24,173] {processor.py:161} INFO - Processing /home/renan/datapipeline/.env/lib/python3.8/site-packages/airflow/example_dags/example_branch_operator_decorator.py took 0.043 seconds
[2022-08-09 00:21:59,447] {processor.py:153} INFO - Started process (PID=12246) to work on /home/renan/datapipeline/.env/lib/python3.8/site-packages/airflow/example_dags/example_branch_operator_decorator.py
[2022-08-09 00:21:59,448] {processor.py:641} INFO - Processing file /home/renan/datapipeline/.env/lib/python3.8/site-packages/airflow/example_dags/example_branch_operator_decorator.py for tasks to queue
[2022-08-09 00:21:59,448] {logging_mixin.py:115} INFO - [2022-08-09 00:21:59,448] {dagbag.py:508} INFO - Filling up the DagBag from /home/renan/datapipeline/.env/lib/python3.8/site-packages/airflow/example_dags/example_branch_operator_decorator.py
[2022-08-09 00:21:59,464] {processor.py:651} INFO - DAG(s) dict_keys(['example_branch_python_operator_decorator']) retrieved from /home/renan/datapipeline/.env/lib/python3.8/site-packages/airflow/example_dags/example_branch_operator_decorator.py
[2022-08-09 00:21:59,475] {logging_mixin.py:115} INFO - [2022-08-09 00:21:59,475] {dag.py:2420} INFO - Sync 1 DAGs
[2022-08-09 00:21:59,490] {logging_mixin.py:115} INFO - [2022-08-09 00:21:59,490] {dag.py:2968} INFO - Setting next_dagrun for example_branch_python_operator_decorator to 2022-08-08T00:00:00+00:00, run_after=2022-08-09T00:00:00+00:00
[2022-08-09 00:21:59,508] {processor.py:161} INFO - Processing /home/renan/datapipeline/.env/lib/python3.8/site-packages/airflow/example_dags/example_branch_operator_decorator.py took 0.063 seconds
[2022-08-09 00:22:33,131] {processor.py:153} INFO - Started process (PID=12300) to work on /home/renan/datapipeline/.env/lib/python3.8/site-packages/airflow/example_dags/example_branch_operator_decorator.py
[2022-08-09 00:22:33,132] {processor.py:641} INFO - Processing file /home/renan/datapipeline/.env/lib/python3.8/site-packages/airflow/example_dags/example_branch_operator_decorator.py for tasks to queue
[2022-08-09 00:22:33,132] {logging_mixin.py:115} INFO - [2022-08-09 00:22:33,132] {dagbag.py:508} INFO - Filling up the DagBag from /home/renan/datapipeline/.env/lib/python3.8/site-packages/airflow/example_dags/example_branch_operator_decorator.py
[2022-08-09 00:22:33,144] {processor.py:651} INFO - DAG(s) dict_keys(['example_branch_python_operator_decorator']) retrieved from /home/renan/datapipeline/.env/lib/python3.8/site-packages/airflow/example_dags/example_branch_operator_decorator.py
[2022-08-09 00:22:33,153] {logging_mixin.py:115} INFO - [2022-08-09 00:22:33,153] {dag.py:2420} INFO - Sync 1 DAGs
[2022-08-09 00:22:33,163] {logging_mixin.py:115} INFO - [2022-08-09 00:22:33,163] {dag.py:2968} INFO - Setting next_dagrun for example_branch_python_operator_decorator to 2022-08-08T00:00:00+00:00, run_after=2022-08-09T00:00:00+00:00
[2022-08-09 00:22:33,172] {processor.py:161} INFO - Processing /home/renan/datapipeline/.env/lib/python3.8/site-packages/airflow/example_dags/example_branch_operator_decorator.py took 0.042 seconds
[2022-08-09 00:23:06,532] {processor.py:153} INFO - Started process (PID=12340) to work on /home/renan/datapipeline/.env/lib/python3.8/site-packages/airflow/example_dags/example_branch_operator_decorator.py
[2022-08-09 00:23:06,532] {processor.py:641} INFO - Processing file /home/renan/datapipeline/.env/lib/python3.8/site-packages/airflow/example_dags/example_branch_operator_decorator.py for tasks to queue
[2022-08-09 00:23:06,533] {logging_mixin.py:115} INFO - [2022-08-09 00:23:06,533] {dagbag.py:508} INFO - Filling up the DagBag from /home/renan/datapipeline/.env/lib/python3.8/site-packages/airflow/example_dags/example_branch_operator_decorator.py
[2022-08-09 00:23:06,544] {processor.py:651} INFO - DAG(s) dict_keys(['example_branch_python_operator_decorator']) retrieved from /home/renan/datapipeline/.env/lib/python3.8/site-packages/airflow/example_dags/example_branch_operator_decorator.py
[2022-08-09 00:23:06,554] {logging_mixin.py:115} INFO - [2022-08-09 00:23:06,554] {dag.py:2420} INFO - Sync 1 DAGs
[2022-08-09 00:23:06,564] {logging_mixin.py:115} INFO - [2022-08-09 00:23:06,564] {dag.py:2968} INFO - Setting next_dagrun for example_branch_python_operator_decorator to 2022-08-08T00:00:00+00:00, run_after=2022-08-09T00:00:00+00:00
[2022-08-09 00:23:06,572] {processor.py:161} INFO - Processing /home/renan/datapipeline/.env/lib/python3.8/site-packages/airflow/example_dags/example_branch_operator_decorator.py took 0.042 seconds
[2022-08-09 00:23:43,248] {processor.py:153} INFO - Started process (PID=12381) to work on /home/renan/datapipeline/.env/lib/python3.8/site-packages/airflow/example_dags/example_branch_operator_decorator.py
[2022-08-09 00:23:43,249] {processor.py:641} INFO - Processing file /home/renan/datapipeline/.env/lib/python3.8/site-packages/airflow/example_dags/example_branch_operator_decorator.py for tasks to queue
[2022-08-09 00:23:43,249] {logging_mixin.py:115} INFO - [2022-08-09 00:23:43,249] {dagbag.py:508} INFO - Filling up the DagBag from /home/renan/datapipeline/.env/lib/python3.8/site-packages/airflow/example_dags/example_branch_operator_decorator.py
[2022-08-09 00:23:43,261] {processor.py:651} INFO - DAG(s) dict_keys(['example_branch_python_operator_decorator']) retrieved from /home/renan/datapipeline/.env/lib/python3.8/site-packages/airflow/example_dags/example_branch_operator_decorator.py
[2022-08-09 00:23:43,270] {logging_mixin.py:115} INFO - [2022-08-09 00:23:43,270] {dag.py:2420} INFO - Sync 1 DAGs
[2022-08-09 00:23:43,280] {logging_mixin.py:115} INFO - [2022-08-09 00:23:43,280] {dag.py:2968} INFO - Setting next_dagrun for example_branch_python_operator_decorator to 2022-08-08T00:00:00+00:00, run_after=2022-08-09T00:00:00+00:00
[2022-08-09 00:23:43,289] {processor.py:161} INFO - Processing /home/renan/datapipeline/.env/lib/python3.8/site-packages/airflow/example_dags/example_branch_operator_decorator.py took 0.043 seconds
[2022-08-09 00:24:16,936] {processor.py:153} INFO - Started process (PID=12445) to work on /home/renan/datapipeline/.env/lib/python3.8/site-packages/airflow/example_dags/example_branch_operator_decorator.py
[2022-08-09 00:24:16,936] {processor.py:641} INFO - Processing file /home/renan/datapipeline/.env/lib/python3.8/site-packages/airflow/example_dags/example_branch_operator_decorator.py for tasks to queue
[2022-08-09 00:24:16,936] {logging_mixin.py:115} INFO - [2022-08-09 00:24:16,936] {dagbag.py:508} INFO - Filling up the DagBag from /home/renan/datapipeline/.env/lib/python3.8/site-packages/airflow/example_dags/example_branch_operator_decorator.py
[2022-08-09 00:24:16,948] {processor.py:651} INFO - DAG(s) dict_keys(['example_branch_python_operator_decorator']) retrieved from /home/renan/datapipeline/.env/lib/python3.8/site-packages/airflow/example_dags/example_branch_operator_decorator.py
[2022-08-09 00:24:16,957] {logging_mixin.py:115} INFO - [2022-08-09 00:24:16,957] {dag.py:2420} INFO - Sync 1 DAGs
[2022-08-09 00:24:16,967] {logging_mixin.py:115} INFO - [2022-08-09 00:24:16,967] {dag.py:2968} INFO - Setting next_dagrun for example_branch_python_operator_decorator to 2022-08-08T00:00:00+00:00, run_after=2022-08-09T00:00:00+00:00
[2022-08-09 00:24:16,975] {processor.py:161} INFO - Processing /home/renan/datapipeline/.env/lib/python3.8/site-packages/airflow/example_dags/example_branch_operator_decorator.py took 0.041 seconds
[2022-08-09 00:24:52,815] {processor.py:153} INFO - Started process (PID=12486) to work on /home/renan/datapipeline/.env/lib/python3.8/site-packages/airflow/example_dags/example_branch_operator_decorator.py
[2022-08-09 00:24:52,815] {processor.py:641} INFO - Processing file /home/renan/datapipeline/.env/lib/python3.8/site-packages/airflow/example_dags/example_branch_operator_decorator.py for tasks to queue
[2022-08-09 00:24:52,815] {logging_mixin.py:115} INFO - [2022-08-09 00:24:52,815] {dagbag.py:508} INFO - Filling up the DagBag from /home/renan/datapipeline/.env/lib/python3.8/site-packages/airflow/example_dags/example_branch_operator_decorator.py
[2022-08-09 00:24:52,827] {processor.py:651} INFO - DAG(s) dict_keys(['example_branch_python_operator_decorator']) retrieved from /home/renan/datapipeline/.env/lib/python3.8/site-packages/airflow/example_dags/example_branch_operator_decorator.py
[2022-08-09 00:24:52,836] {logging_mixin.py:115} INFO - [2022-08-09 00:24:52,836] {dag.py:2420} INFO - Sync 1 DAGs
[2022-08-09 00:24:52,847] {logging_mixin.py:115} INFO - [2022-08-09 00:24:52,846] {dag.py:2968} INFO - Setting next_dagrun for example_branch_python_operator_decorator to 2022-08-08T00:00:00+00:00, run_after=2022-08-09T00:00:00+00:00
[2022-08-09 00:24:52,855] {processor.py:161} INFO - Processing /home/renan/datapipeline/.env/lib/python3.8/site-packages/airflow/example_dags/example_branch_operator_decorator.py took 0.042 seconds
[2022-08-09 00:25:25,872] {processor.py:153} INFO - Started process (PID=12528) to work on /home/renan/datapipeline/.env/lib/python3.8/site-packages/airflow/example_dags/example_branch_operator_decorator.py
[2022-08-09 00:25:25,873] {processor.py:641} INFO - Processing file /home/renan/datapipeline/.env/lib/python3.8/site-packages/airflow/example_dags/example_branch_operator_decorator.py for tasks to queue
[2022-08-09 00:25:25,873] {logging_mixin.py:115} INFO - [2022-08-09 00:25:25,873] {dagbag.py:508} INFO - Filling up the DagBag from /home/renan/datapipeline/.env/lib/python3.8/site-packages/airflow/example_dags/example_branch_operator_decorator.py
[2022-08-09 00:25:25,885] {processor.py:651} INFO - DAG(s) dict_keys(['example_branch_python_operator_decorator']) retrieved from /home/renan/datapipeline/.env/lib/python3.8/site-packages/airflow/example_dags/example_branch_operator_decorator.py
[2022-08-09 00:25:25,895] {logging_mixin.py:115} INFO - [2022-08-09 00:25:25,895] {dag.py:2420} INFO - Sync 1 DAGs
[2022-08-09 00:25:25,905] {logging_mixin.py:115} INFO - [2022-08-09 00:25:25,905] {dag.py:2968} INFO - Setting next_dagrun for example_branch_python_operator_decorator to 2022-08-08T00:00:00+00:00, run_after=2022-08-09T00:00:00+00:00
[2022-08-09 00:25:25,914] {processor.py:161} INFO - Processing /home/renan/datapipeline/.env/lib/python3.8/site-packages/airflow/example_dags/example_branch_operator_decorator.py took 0.043 seconds
[2022-08-09 00:26:00,676] {processor.py:153} INFO - Started process (PID=12565) to work on /home/renan/datapipeline/.env/lib/python3.8/site-packages/airflow/example_dags/example_branch_operator_decorator.py
[2022-08-09 00:26:00,676] {processor.py:641} INFO - Processing file /home/renan/datapipeline/.env/lib/python3.8/site-packages/airflow/example_dags/example_branch_operator_decorator.py for tasks to queue
[2022-08-09 00:26:00,677] {logging_mixin.py:115} INFO - [2022-08-09 00:26:00,677] {dagbag.py:508} INFO - Filling up the DagBag from /home/renan/datapipeline/.env/lib/python3.8/site-packages/airflow/example_dags/example_branch_operator_decorator.py
[2022-08-09 00:26:00,689] {processor.py:651} INFO - DAG(s) dict_keys(['example_branch_python_operator_decorator']) retrieved from /home/renan/datapipeline/.env/lib/python3.8/site-packages/airflow/example_dags/example_branch_operator_decorator.py
[2022-08-09 00:26:00,698] {logging_mixin.py:115} INFO - [2022-08-09 00:26:00,698] {dag.py:2420} INFO - Sync 1 DAGs
[2022-08-09 00:26:00,710] {logging_mixin.py:115} INFO - [2022-08-09 00:26:00,710] {dag.py:2968} INFO - Setting next_dagrun for example_branch_python_operator_decorator to 2022-08-08T00:00:00+00:00, run_after=2022-08-09T00:00:00+00:00
[2022-08-09 00:26:00,719] {processor.py:161} INFO - Processing /home/renan/datapipeline/.env/lib/python3.8/site-packages/airflow/example_dags/example_branch_operator_decorator.py took 0.045 seconds
[2022-08-09 00:26:36,762] {processor.py:153} INFO - Started process (PID=12605) to work on /home/renan/datapipeline/.env/lib/python3.8/site-packages/airflow/example_dags/example_branch_operator_decorator.py
[2022-08-09 00:26:36,762] {processor.py:641} INFO - Processing file /home/renan/datapipeline/.env/lib/python3.8/site-packages/airflow/example_dags/example_branch_operator_decorator.py for tasks to queue
[2022-08-09 00:26:36,763] {logging_mixin.py:115} INFO - [2022-08-09 00:26:36,763] {dagbag.py:508} INFO - Filling up the DagBag from /home/renan/datapipeline/.env/lib/python3.8/site-packages/airflow/example_dags/example_branch_operator_decorator.py
[2022-08-09 00:26:36,774] {processor.py:651} INFO - DAG(s) dict_keys(['example_branch_python_operator_decorator']) retrieved from /home/renan/datapipeline/.env/lib/python3.8/site-packages/airflow/example_dags/example_branch_operator_decorator.py
[2022-08-09 00:26:36,783] {logging_mixin.py:115} INFO - [2022-08-09 00:26:36,783] {dag.py:2420} INFO - Sync 1 DAGs
[2022-08-09 00:26:36,794] {logging_mixin.py:115} INFO - [2022-08-09 00:26:36,794] {dag.py:2968} INFO - Setting next_dagrun for example_branch_python_operator_decorator to 2022-08-08T00:00:00+00:00, run_after=2022-08-09T00:00:00+00:00
[2022-08-09 00:26:36,803] {processor.py:161} INFO - Processing /home/renan/datapipeline/.env/lib/python3.8/site-packages/airflow/example_dags/example_branch_operator_decorator.py took 0.042 seconds
[2022-08-09 00:27:15,377] {processor.py:153} INFO - Started process (PID=12650) to work on /home/renan/datapipeline/.env/lib/python3.8/site-packages/airflow/example_dags/example_branch_operator_decorator.py
[2022-08-09 00:27:15,378] {processor.py:641} INFO - Processing file /home/renan/datapipeline/.env/lib/python3.8/site-packages/airflow/example_dags/example_branch_operator_decorator.py for tasks to queue
[2022-08-09 00:27:15,378] {logging_mixin.py:115} INFO - [2022-08-09 00:27:15,378] {dagbag.py:508} INFO - Filling up the DagBag from /home/renan/datapipeline/.env/lib/python3.8/site-packages/airflow/example_dags/example_branch_operator_decorator.py
[2022-08-09 00:27:15,393] {processor.py:651} INFO - DAG(s) dict_keys(['example_branch_python_operator_decorator']) retrieved from /home/renan/datapipeline/.env/lib/python3.8/site-packages/airflow/example_dags/example_branch_operator_decorator.py
[2022-08-09 00:27:15,404] {logging_mixin.py:115} INFO - [2022-08-09 00:27:15,404] {dag.py:2420} INFO - Sync 1 DAGs
[2022-08-09 00:27:15,417] {logging_mixin.py:115} INFO - [2022-08-09 00:27:15,417] {dag.py:2968} INFO - Setting next_dagrun for example_branch_python_operator_decorator to 2022-08-08T00:00:00+00:00, run_after=2022-08-09T00:00:00+00:00
[2022-08-09 00:27:15,428] {processor.py:161} INFO - Processing /home/renan/datapipeline/.env/lib/python3.8/site-packages/airflow/example_dags/example_branch_operator_decorator.py took 0.053 seconds
[2022-08-09 00:27:47,599] {processor.py:153} INFO - Started process (PID=12714) to work on /home/renan/datapipeline/.env/lib/python3.8/site-packages/airflow/example_dags/example_branch_operator_decorator.py
[2022-08-09 00:27:47,601] {processor.py:641} INFO - Processing file /home/renan/datapipeline/.env/lib/python3.8/site-packages/airflow/example_dags/example_branch_operator_decorator.py for tasks to queue
[2022-08-09 00:27:47,601] {logging_mixin.py:115} INFO - [2022-08-09 00:27:47,601] {dagbag.py:508} INFO - Filling up the DagBag from /home/renan/datapipeline/.env/lib/python3.8/site-packages/airflow/example_dags/example_branch_operator_decorator.py
[2022-08-09 00:27:47,617] {processor.py:651} INFO - DAG(s) dict_keys(['example_branch_python_operator_decorator']) retrieved from /home/renan/datapipeline/.env/lib/python3.8/site-packages/airflow/example_dags/example_branch_operator_decorator.py
[2022-08-09 00:27:47,631] {logging_mixin.py:115} INFO - [2022-08-09 00:27:47,631] {dag.py:2420} INFO - Sync 1 DAGs
[2022-08-09 00:27:47,647] {logging_mixin.py:115} INFO - [2022-08-09 00:27:47,647] {dag.py:2968} INFO - Setting next_dagrun for example_branch_python_operator_decorator to 2022-08-08T00:00:00+00:00, run_after=2022-08-09T00:00:00+00:00
[2022-08-09 00:27:47,664] {processor.py:161} INFO - Processing /home/renan/datapipeline/.env/lib/python3.8/site-packages/airflow/example_dags/example_branch_operator_decorator.py took 0.067 seconds
[2022-08-09 00:28:24,339] {processor.py:153} INFO - Started process (PID=12928) to work on /home/renan/datapipeline/.env/lib/python3.8/site-packages/airflow/example_dags/example_branch_operator_decorator.py
[2022-08-09 00:28:24,339] {processor.py:641} INFO - Processing file /home/renan/datapipeline/.env/lib/python3.8/site-packages/airflow/example_dags/example_branch_operator_decorator.py for tasks to queue
[2022-08-09 00:28:24,339] {logging_mixin.py:115} INFO - [2022-08-09 00:28:24,339] {dagbag.py:508} INFO - Filling up the DagBag from /home/renan/datapipeline/.env/lib/python3.8/site-packages/airflow/example_dags/example_branch_operator_decorator.py
[2022-08-09 00:28:24,353] {processor.py:651} INFO - DAG(s) dict_keys(['example_branch_python_operator_decorator']) retrieved from /home/renan/datapipeline/.env/lib/python3.8/site-packages/airflow/example_dags/example_branch_operator_decorator.py
[2022-08-09 00:28:24,366] {logging_mixin.py:115} INFO - [2022-08-09 00:28:24,365] {dag.py:2420} INFO - Sync 1 DAGs
[2022-08-09 00:28:24,377] {logging_mixin.py:115} INFO - [2022-08-09 00:28:24,377] {dag.py:2968} INFO - Setting next_dagrun for example_branch_python_operator_decorator to 2022-08-08T00:00:00+00:00, run_after=2022-08-09T00:00:00+00:00
[2022-08-09 00:28:24,387] {processor.py:161} INFO - Processing /home/renan/datapipeline/.env/lib/python3.8/site-packages/airflow/example_dags/example_branch_operator_decorator.py took 0.050 seconds
[2022-08-09 00:28:58,019] {processor.py:153} INFO - Started process (PID=12968) to work on /home/renan/datapipeline/.env/lib/python3.8/site-packages/airflow/example_dags/example_branch_operator_decorator.py
[2022-08-09 00:28:58,019] {processor.py:641} INFO - Processing file /home/renan/datapipeline/.env/lib/python3.8/site-packages/airflow/example_dags/example_branch_operator_decorator.py for tasks to queue
[2022-08-09 00:28:58,019] {logging_mixin.py:115} INFO - [2022-08-09 00:28:58,019] {dagbag.py:508} INFO - Filling up the DagBag from /home/renan/datapipeline/.env/lib/python3.8/site-packages/airflow/example_dags/example_branch_operator_decorator.py
[2022-08-09 00:28:58,031] {processor.py:651} INFO - DAG(s) dict_keys(['example_branch_python_operator_decorator']) retrieved from /home/renan/datapipeline/.env/lib/python3.8/site-packages/airflow/example_dags/example_branch_operator_decorator.py
[2022-08-09 00:28:58,041] {logging_mixin.py:115} INFO - [2022-08-09 00:28:58,041] {dag.py:2420} INFO - Sync 1 DAGs
[2022-08-09 00:28:58,053] {logging_mixin.py:115} INFO - [2022-08-09 00:28:58,052] {dag.py:2968} INFO - Setting next_dagrun for example_branch_python_operator_decorator to 2022-08-08T00:00:00+00:00, run_after=2022-08-09T00:00:00+00:00
[2022-08-09 00:28:58,063] {processor.py:161} INFO - Processing /home/renan/datapipeline/.env/lib/python3.8/site-packages/airflow/example_dags/example_branch_operator_decorator.py took 0.046 seconds
[2022-08-09 00:29:32,203] {processor.py:153} INFO - Started process (PID=13012) to work on /home/renan/datapipeline/.env/lib/python3.8/site-packages/airflow/example_dags/example_branch_operator_decorator.py
[2022-08-09 00:29:32,204] {processor.py:641} INFO - Processing file /home/renan/datapipeline/.env/lib/python3.8/site-packages/airflow/example_dags/example_branch_operator_decorator.py for tasks to queue
[2022-08-09 00:29:32,204] {logging_mixin.py:115} INFO - [2022-08-09 00:29:32,204] {dagbag.py:508} INFO - Filling up the DagBag from /home/renan/datapipeline/.env/lib/python3.8/site-packages/airflow/example_dags/example_branch_operator_decorator.py
[2022-08-09 00:29:32,215] {processor.py:651} INFO - DAG(s) dict_keys(['example_branch_python_operator_decorator']) retrieved from /home/renan/datapipeline/.env/lib/python3.8/site-packages/airflow/example_dags/example_branch_operator_decorator.py
[2022-08-09 00:29:32,224] {logging_mixin.py:115} INFO - [2022-08-09 00:29:32,224] {dag.py:2420} INFO - Sync 1 DAGs
[2022-08-09 00:29:32,235] {logging_mixin.py:115} INFO - [2022-08-09 00:29:32,235] {dag.py:2968} INFO - Setting next_dagrun for example_branch_python_operator_decorator to 2022-08-08T00:00:00+00:00, run_after=2022-08-09T00:00:00+00:00
[2022-08-09 00:29:32,244] {processor.py:161} INFO - Processing /home/renan/datapipeline/.env/lib/python3.8/site-packages/airflow/example_dags/example_branch_operator_decorator.py took 0.042 seconds
[2022-08-09 00:30:06,598] {processor.py:153} INFO - Started process (PID=13055) to work on /home/renan/datapipeline/.env/lib/python3.8/site-packages/airflow/example_dags/example_branch_operator_decorator.py
[2022-08-09 00:30:06,598] {processor.py:641} INFO - Processing file /home/renan/datapipeline/.env/lib/python3.8/site-packages/airflow/example_dags/example_branch_operator_decorator.py for tasks to queue
[2022-08-09 00:30:06,599] {logging_mixin.py:115} INFO - [2022-08-09 00:30:06,599] {dagbag.py:508} INFO - Filling up the DagBag from /home/renan/datapipeline/.env/lib/python3.8/site-packages/airflow/example_dags/example_branch_operator_decorator.py
[2022-08-09 00:30:06,610] {processor.py:651} INFO - DAG(s) dict_keys(['example_branch_python_operator_decorator']) retrieved from /home/renan/datapipeline/.env/lib/python3.8/site-packages/airflow/example_dags/example_branch_operator_decorator.py
[2022-08-09 00:30:06,619] {logging_mixin.py:115} INFO - [2022-08-09 00:30:06,619] {dag.py:2420} INFO - Sync 1 DAGs
[2022-08-09 00:30:06,630] {logging_mixin.py:115} INFO - [2022-08-09 00:30:06,630] {dag.py:2968} INFO - Setting next_dagrun for example_branch_python_operator_decorator to 2022-08-08T00:00:00+00:00, run_after=2022-08-09T00:00:00+00:00
[2022-08-09 00:30:06,639] {processor.py:161} INFO - Processing /home/renan/datapipeline/.env/lib/python3.8/site-packages/airflow/example_dags/example_branch_operator_decorator.py took 0.042 seconds
[2022-08-09 00:30:43,898] {processor.py:153} INFO - Started process (PID=13094) to work on /home/renan/datapipeline/.env/lib/python3.8/site-packages/airflow/example_dags/example_branch_operator_decorator.py
[2022-08-09 00:30:43,899] {processor.py:641} INFO - Processing file /home/renan/datapipeline/.env/lib/python3.8/site-packages/airflow/example_dags/example_branch_operator_decorator.py for tasks to queue
[2022-08-09 00:30:43,899] {logging_mixin.py:115} INFO - [2022-08-09 00:30:43,899] {dagbag.py:508} INFO - Filling up the DagBag from /home/renan/datapipeline/.env/lib/python3.8/site-packages/airflow/example_dags/example_branch_operator_decorator.py
[2022-08-09 00:30:43,911] {processor.py:651} INFO - DAG(s) dict_keys(['example_branch_python_operator_decorator']) retrieved from /home/renan/datapipeline/.env/lib/python3.8/site-packages/airflow/example_dags/example_branch_operator_decorator.py
[2022-08-09 00:30:43,921] {logging_mixin.py:115} INFO - [2022-08-09 00:30:43,921] {dag.py:2420} INFO - Sync 1 DAGs
[2022-08-09 00:30:43,933] {logging_mixin.py:115} INFO - [2022-08-09 00:30:43,932] {dag.py:2968} INFO - Setting next_dagrun for example_branch_python_operator_decorator to 2022-08-08T00:00:00+00:00, run_after=2022-08-09T00:00:00+00:00
[2022-08-09 00:30:43,942] {processor.py:161} INFO - Processing /home/renan/datapipeline/.env/lib/python3.8/site-packages/airflow/example_dags/example_branch_operator_decorator.py took 0.045 seconds
[2022-08-09 00:31:20,168] {processor.py:153} INFO - Started process (PID=13131) to work on /home/renan/datapipeline/.env/lib/python3.8/site-packages/airflow/example_dags/example_branch_operator_decorator.py
[2022-08-09 00:31:20,169] {processor.py:641} INFO - Processing file /home/renan/datapipeline/.env/lib/python3.8/site-packages/airflow/example_dags/example_branch_operator_decorator.py for tasks to queue
[2022-08-09 00:31:20,169] {logging_mixin.py:115} INFO - [2022-08-09 00:31:20,169] {dagbag.py:508} INFO - Filling up the DagBag from /home/renan/datapipeline/.env/lib/python3.8/site-packages/airflow/example_dags/example_branch_operator_decorator.py
[2022-08-09 00:31:20,181] {processor.py:651} INFO - DAG(s) dict_keys(['example_branch_python_operator_decorator']) retrieved from /home/renan/datapipeline/.env/lib/python3.8/site-packages/airflow/example_dags/example_branch_operator_decorator.py
[2022-08-09 00:31:20,190] {logging_mixin.py:115} INFO - [2022-08-09 00:31:20,190] {dag.py:2420} INFO - Sync 1 DAGs
[2022-08-09 00:31:20,200] {logging_mixin.py:115} INFO - [2022-08-09 00:31:20,200] {dag.py:2968} INFO - Setting next_dagrun for example_branch_python_operator_decorator to 2022-08-08T00:00:00+00:00, run_after=2022-08-09T00:00:00+00:00
[2022-08-09 00:31:20,208] {processor.py:161} INFO - Processing /home/renan/datapipeline/.env/lib/python3.8/site-packages/airflow/example_dags/example_branch_operator_decorator.py took 0.042 seconds
[2022-08-09 00:31:55,735] {processor.py:153} INFO - Started process (PID=13251) to work on /home/renan/datapipeline/.env/lib/python3.8/site-packages/airflow/example_dags/example_branch_operator_decorator.py
[2022-08-09 00:31:55,736] {processor.py:641} INFO - Processing file /home/renan/datapipeline/.env/lib/python3.8/site-packages/airflow/example_dags/example_branch_operator_decorator.py for tasks to queue
[2022-08-09 00:31:55,736] {logging_mixin.py:115} INFO - [2022-08-09 00:31:55,736] {dagbag.py:508} INFO - Filling up the DagBag from /home/renan/datapipeline/.env/lib/python3.8/site-packages/airflow/example_dags/example_branch_operator_decorator.py
[2022-08-09 00:31:55,747] {processor.py:651} INFO - DAG(s) dict_keys(['example_branch_python_operator_decorator']) retrieved from /home/renan/datapipeline/.env/lib/python3.8/site-packages/airflow/example_dags/example_branch_operator_decorator.py
[2022-08-09 00:31:55,758] {logging_mixin.py:115} INFO - [2022-08-09 00:31:55,757] {dag.py:2420} INFO - Sync 1 DAGs
[2022-08-09 00:31:55,769] {logging_mixin.py:115} INFO - [2022-08-09 00:31:55,768] {dag.py:2968} INFO - Setting next_dagrun for example_branch_python_operator_decorator to 2022-08-08T00:00:00+00:00, run_after=2022-08-09T00:00:00+00:00
[2022-08-09 00:31:55,779] {processor.py:161} INFO - Processing /home/renan/datapipeline/.env/lib/python3.8/site-packages/airflow/example_dags/example_branch_operator_decorator.py took 0.045 seconds
[2022-08-09 00:32:31,068] {processor.py:153} INFO - Started process (PID=13299) to work on /home/renan/datapipeline/.env/lib/python3.8/site-packages/airflow/example_dags/example_branch_operator_decorator.py
[2022-08-09 00:32:31,069] {processor.py:641} INFO - Processing file /home/renan/datapipeline/.env/lib/python3.8/site-packages/airflow/example_dags/example_branch_operator_decorator.py for tasks to queue
[2022-08-09 00:32:31,069] {logging_mixin.py:115} INFO - [2022-08-09 00:32:31,069] {dagbag.py:508} INFO - Filling up the DagBag from /home/renan/datapipeline/.env/lib/python3.8/site-packages/airflow/example_dags/example_branch_operator_decorator.py
[2022-08-09 00:32:31,081] {processor.py:651} INFO - DAG(s) dict_keys(['example_branch_python_operator_decorator']) retrieved from /home/renan/datapipeline/.env/lib/python3.8/site-packages/airflow/example_dags/example_branch_operator_decorator.py
[2022-08-09 00:32:31,090] {logging_mixin.py:115} INFO - [2022-08-09 00:32:31,090] {dag.py:2420} INFO - Sync 1 DAGs
[2022-08-09 00:32:31,101] {logging_mixin.py:115} INFO - [2022-08-09 00:32:31,101] {dag.py:2968} INFO - Setting next_dagrun for example_branch_python_operator_decorator to 2022-08-08T00:00:00+00:00, run_after=2022-08-09T00:00:00+00:00
[2022-08-09 00:32:31,110] {processor.py:161} INFO - Processing /home/renan/datapipeline/.env/lib/python3.8/site-packages/airflow/example_dags/example_branch_operator_decorator.py took 0.043 seconds
