[2022-08-08 23:55:22,834] {processor.py:153} INFO - Started process (PID=9899) to work on /home/renan/datapipeline/.env/lib/python3.8/site-packages/airflow/example_dags/example_latest_only_with_trigger.py
[2022-08-08 23:55:22,835] {processor.py:641} INFO - Processing file /home/renan/datapipeline/.env/lib/python3.8/site-packages/airflow/example_dags/example_latest_only_with_trigger.py for tasks to queue
[2022-08-08 23:55:22,835] {logging_mixin.py:115} INFO - [2022-08-08 23:55:22,835] {dagbag.py:508} INFO - Filling up the DagBag from /home/renan/datapipeline/.env/lib/python3.8/site-packages/airflow/example_dags/example_latest_only_with_trigger.py
[2022-08-08 23:55:22,839] {processor.py:651} INFO - DAG(s) dict_keys(['latest_only_with_trigger']) retrieved from /home/renan/datapipeline/.env/lib/python3.8/site-packages/airflow/example_dags/example_latest_only_with_trigger.py
[2022-08-08 23:55:22,851] {logging_mixin.py:115} INFO - [2022-08-08 23:55:22,851] {dag.py:2420} INFO - Sync 1 DAGs
[2022-08-08 23:55:22,863] {logging_mixin.py:115} INFO - [2022-08-08 23:55:22,862] {dag.py:2968} INFO - Setting next_dagrun for latest_only_with_trigger to 2022-08-08T22:55:22.862783+00:00, run_after=2022-08-09T02:55:22.862783+00:00
[2022-08-08 23:55:22,873] {processor.py:161} INFO - Processing /home/renan/datapipeline/.env/lib/python3.8/site-packages/airflow/example_dags/example_latest_only_with_trigger.py took 0.040 seconds
[2022-08-08 23:55:55,862] {processor.py:153} INFO - Started process (PID=9962) to work on /home/renan/datapipeline/.env/lib/python3.8/site-packages/airflow/example_dags/example_latest_only_with_trigger.py
[2022-08-08 23:55:55,862] {processor.py:641} INFO - Processing file /home/renan/datapipeline/.env/lib/python3.8/site-packages/airflow/example_dags/example_latest_only_with_trigger.py for tasks to queue
[2022-08-08 23:55:55,862] {logging_mixin.py:115} INFO - [2022-08-08 23:55:55,862] {dagbag.py:508} INFO - Filling up the DagBag from /home/renan/datapipeline/.env/lib/python3.8/site-packages/airflow/example_dags/example_latest_only_with_trigger.py
[2022-08-08 23:55:55,866] {processor.py:651} INFO - DAG(s) dict_keys(['latest_only_with_trigger']) retrieved from /home/renan/datapipeline/.env/lib/python3.8/site-packages/airflow/example_dags/example_latest_only_with_trigger.py
[2022-08-08 23:55:55,877] {logging_mixin.py:115} INFO - [2022-08-08 23:55:55,877] {dag.py:2420} INFO - Sync 1 DAGs
[2022-08-08 23:55:55,886] {logging_mixin.py:115} INFO - [2022-08-08 23:55:55,886] {dag.py:2968} INFO - Setting next_dagrun for latest_only_with_trigger to 2022-08-08T22:55:55.886618+00:00, run_after=2022-08-09T02:55:55.886618+00:00
[2022-08-08 23:55:55,895] {processor.py:161} INFO - Processing /home/renan/datapipeline/.env/lib/python3.8/site-packages/airflow/example_dags/example_latest_only_with_trigger.py took 0.034 seconds
[2022-08-08 23:56:32,465] {processor.py:153} INFO - Started process (PID=10055) to work on /home/renan/datapipeline/.env/lib/python3.8/site-packages/airflow/example_dags/example_latest_only_with_trigger.py
[2022-08-08 23:56:32,466] {processor.py:641} INFO - Processing file /home/renan/datapipeline/.env/lib/python3.8/site-packages/airflow/example_dags/example_latest_only_with_trigger.py for tasks to queue
[2022-08-08 23:56:32,466] {logging_mixin.py:115} INFO - [2022-08-08 23:56:32,466] {dagbag.py:508} INFO - Filling up the DagBag from /home/renan/datapipeline/.env/lib/python3.8/site-packages/airflow/example_dags/example_latest_only_with_trigger.py
[2022-08-08 23:56:32,470] {processor.py:651} INFO - DAG(s) dict_keys(['latest_only_with_trigger']) retrieved from /home/renan/datapipeline/.env/lib/python3.8/site-packages/airflow/example_dags/example_latest_only_with_trigger.py
[2022-08-08 23:56:32,481] {logging_mixin.py:115} INFO - [2022-08-08 23:56:32,480] {dag.py:2420} INFO - Sync 1 DAGs
[2022-08-08 23:56:32,490] {logging_mixin.py:115} INFO - [2022-08-08 23:56:32,490] {dag.py:2968} INFO - Setting next_dagrun for latest_only_with_trigger to 2022-08-08T22:56:32.490073+00:00, run_after=2022-08-09T02:56:32.490073+00:00
[2022-08-08 23:56:32,498] {processor.py:161} INFO - Processing /home/renan/datapipeline/.env/lib/python3.8/site-packages/airflow/example_dags/example_latest_only_with_trigger.py took 0.034 seconds
[2022-08-08 23:57:07,273] {processor.py:153} INFO - Started process (PID=10098) to work on /home/renan/datapipeline/.env/lib/python3.8/site-packages/airflow/example_dags/example_latest_only_with_trigger.py
[2022-08-08 23:57:07,273] {processor.py:641} INFO - Processing file /home/renan/datapipeline/.env/lib/python3.8/site-packages/airflow/example_dags/example_latest_only_with_trigger.py for tasks to queue
[2022-08-08 23:57:07,274] {logging_mixin.py:115} INFO - [2022-08-08 23:57:07,274] {dagbag.py:508} INFO - Filling up the DagBag from /home/renan/datapipeline/.env/lib/python3.8/site-packages/airflow/example_dags/example_latest_only_with_trigger.py
[2022-08-08 23:57:07,278] {processor.py:651} INFO - DAG(s) dict_keys(['latest_only_with_trigger']) retrieved from /home/renan/datapipeline/.env/lib/python3.8/site-packages/airflow/example_dags/example_latest_only_with_trigger.py
[2022-08-08 23:57:07,297] {logging_mixin.py:115} INFO - [2022-08-08 23:57:07,297] {dag.py:2420} INFO - Sync 1 DAGs
[2022-08-08 23:57:07,312] {logging_mixin.py:115} INFO - [2022-08-08 23:57:07,312] {dag.py:2968} INFO - Setting next_dagrun for latest_only_with_trigger to 2022-08-08T22:57:07.312193+00:00, run_after=2022-08-09T02:57:07.312193+00:00
[2022-08-08 23:57:07,322] {processor.py:161} INFO - Processing /home/renan/datapipeline/.env/lib/python3.8/site-packages/airflow/example_dags/example_latest_only_with_trigger.py took 0.052 seconds
[2022-08-08 23:59:38,166] {processor.py:153} INFO - Started process (PID=10288) to work on /home/renan/datapipeline/.env/lib/python3.8/site-packages/airflow/example_dags/example_latest_only_with_trigger.py
[2022-08-08 23:59:38,167] {processor.py:641} INFO - Processing file /home/renan/datapipeline/.env/lib/python3.8/site-packages/airflow/example_dags/example_latest_only_with_trigger.py for tasks to queue
[2022-08-08 23:59:38,168] {logging_mixin.py:115} INFO - [2022-08-08 23:59:38,168] {dagbag.py:508} INFO - Filling up the DagBag from /home/renan/datapipeline/.env/lib/python3.8/site-packages/airflow/example_dags/example_latest_only_with_trigger.py
[2022-08-08 23:59:38,172] {processor.py:651} INFO - DAG(s) dict_keys(['latest_only_with_trigger']) retrieved from /home/renan/datapipeline/.env/lib/python3.8/site-packages/airflow/example_dags/example_latest_only_with_trigger.py
[2022-08-08 23:59:38,184] {logging_mixin.py:115} INFO - [2022-08-08 23:59:38,184] {dag.py:2420} INFO - Sync 1 DAGs
[2022-08-08 23:59:38,195] {logging_mixin.py:115} INFO - [2022-08-08 23:59:38,195] {dag.py:2968} INFO - Setting next_dagrun for latest_only_with_trigger to 2022-08-08T22:59:38.195378+00:00, run_after=2022-08-09T02:59:38.195378+00:00
[2022-08-08 23:59:38,207] {processor.py:161} INFO - Processing /home/renan/datapipeline/.env/lib/python3.8/site-packages/airflow/example_dags/example_latest_only_with_trigger.py took 0.043 seconds
[2022-08-09 00:00:18,209] {processor.py:153} INFO - Started process (PID=10366) to work on /home/renan/datapipeline/.env/lib/python3.8/site-packages/airflow/example_dags/example_latest_only_with_trigger.py
[2022-08-09 00:00:18,209] {processor.py:641} INFO - Processing file /home/renan/datapipeline/.env/lib/python3.8/site-packages/airflow/example_dags/example_latest_only_with_trigger.py for tasks to queue
[2022-08-09 00:00:18,210] {logging_mixin.py:115} INFO - [2022-08-09 00:00:18,210] {dagbag.py:508} INFO - Filling up the DagBag from /home/renan/datapipeline/.env/lib/python3.8/site-packages/airflow/example_dags/example_latest_only_with_trigger.py
[2022-08-09 00:00:18,214] {processor.py:651} INFO - DAG(s) dict_keys(['latest_only_with_trigger']) retrieved from /home/renan/datapipeline/.env/lib/python3.8/site-packages/airflow/example_dags/example_latest_only_with_trigger.py
[2022-08-09 00:00:18,226] {logging_mixin.py:115} INFO - [2022-08-09 00:00:18,226] {dag.py:2420} INFO - Sync 1 DAGs
[2022-08-09 00:00:18,237] {logging_mixin.py:115} INFO - [2022-08-09 00:00:18,237] {dag.py:2968} INFO - Setting next_dagrun for latest_only_with_trigger to 2022-08-08T23:00:18.236938+00:00, run_after=2022-08-09T03:00:18.236938+00:00
[2022-08-09 00:00:18,248] {processor.py:161} INFO - Processing /home/renan/datapipeline/.env/lib/python3.8/site-packages/airflow/example_dags/example_latest_only_with_trigger.py took 0.041 seconds
[2022-08-09 00:00:51,136] {processor.py:153} INFO - Started process (PID=10413) to work on /home/renan/datapipeline/.env/lib/python3.8/site-packages/airflow/example_dags/example_latest_only_with_trigger.py
[2022-08-09 00:00:51,136] {processor.py:641} INFO - Processing file /home/renan/datapipeline/.env/lib/python3.8/site-packages/airflow/example_dags/example_latest_only_with_trigger.py for tasks to queue
[2022-08-09 00:00:51,136] {logging_mixin.py:115} INFO - [2022-08-09 00:00:51,136] {dagbag.py:508} INFO - Filling up the DagBag from /home/renan/datapipeline/.env/lib/python3.8/site-packages/airflow/example_dags/example_latest_only_with_trigger.py
[2022-08-09 00:00:51,139] {processor.py:651} INFO - DAG(s) dict_keys(['latest_only_with_trigger']) retrieved from /home/renan/datapipeline/.env/lib/python3.8/site-packages/airflow/example_dags/example_latest_only_with_trigger.py
[2022-08-09 00:00:51,151] {logging_mixin.py:115} INFO - [2022-08-09 00:00:51,151] {dag.py:2420} INFO - Sync 1 DAGs
[2022-08-09 00:00:51,161] {logging_mixin.py:115} INFO - [2022-08-09 00:00:51,160] {dag.py:2968} INFO - Setting next_dagrun for latest_only_with_trigger to 2022-08-08T23:00:51.160758+00:00, run_after=2022-08-09T03:00:51.160758+00:00
[2022-08-09 00:00:51,169] {processor.py:161} INFO - Processing /home/renan/datapipeline/.env/lib/python3.8/site-packages/airflow/example_dags/example_latest_only_with_trigger.py took 0.036 seconds
[2022-08-09 00:01:27,091] {processor.py:153} INFO - Started process (PID=10463) to work on /home/renan/datapipeline/.env/lib/python3.8/site-packages/airflow/example_dags/example_latest_only_with_trigger.py
[2022-08-09 00:01:27,093] {processor.py:641} INFO - Processing file /home/renan/datapipeline/.env/lib/python3.8/site-packages/airflow/example_dags/example_latest_only_with_trigger.py for tasks to queue
[2022-08-09 00:01:27,093] {logging_mixin.py:115} INFO - [2022-08-09 00:01:27,093] {dagbag.py:508} INFO - Filling up the DagBag from /home/renan/datapipeline/.env/lib/python3.8/site-packages/airflow/example_dags/example_latest_only_with_trigger.py
[2022-08-09 00:01:27,097] {processor.py:651} INFO - DAG(s) dict_keys(['latest_only_with_trigger']) retrieved from /home/renan/datapipeline/.env/lib/python3.8/site-packages/airflow/example_dags/example_latest_only_with_trigger.py
[2022-08-09 00:01:27,110] {logging_mixin.py:115} INFO - [2022-08-09 00:01:27,110] {dag.py:2420} INFO - Sync 1 DAGs
[2022-08-09 00:01:27,120] {logging_mixin.py:115} INFO - [2022-08-09 00:01:27,120] {dag.py:2968} INFO - Setting next_dagrun for latest_only_with_trigger to 2022-08-08T23:01:27.120631+00:00, run_after=2022-08-09T03:01:27.120631+00:00
[2022-08-09 00:01:27,132] {processor.py:161} INFO - Processing /home/renan/datapipeline/.env/lib/python3.8/site-packages/airflow/example_dags/example_latest_only_with_trigger.py took 0.043 seconds
[2022-08-09 00:02:04,156] {processor.py:153} INFO - Started process (PID=10502) to work on /home/renan/datapipeline/.env/lib/python3.8/site-packages/airflow/example_dags/example_latest_only_with_trigger.py
[2022-08-09 00:02:04,158] {processor.py:641} INFO - Processing file /home/renan/datapipeline/.env/lib/python3.8/site-packages/airflow/example_dags/example_latest_only_with_trigger.py for tasks to queue
[2022-08-09 00:02:04,158] {logging_mixin.py:115} INFO - [2022-08-09 00:02:04,158] {dagbag.py:508} INFO - Filling up the DagBag from /home/renan/datapipeline/.env/lib/python3.8/site-packages/airflow/example_dags/example_latest_only_with_trigger.py
[2022-08-09 00:02:04,163] {processor.py:651} INFO - DAG(s) dict_keys(['latest_only_with_trigger']) retrieved from /home/renan/datapipeline/.env/lib/python3.8/site-packages/airflow/example_dags/example_latest_only_with_trigger.py
[2022-08-09 00:02:04,179] {logging_mixin.py:115} INFO - [2022-08-09 00:02:04,179] {dag.py:2420} INFO - Sync 1 DAGs
[2022-08-09 00:02:04,192] {logging_mixin.py:115} INFO - [2022-08-09 00:02:04,192] {dag.py:2968} INFO - Setting next_dagrun for latest_only_with_trigger to 2022-08-08T23:02:04.191925+00:00, run_after=2022-08-09T03:02:04.191925+00:00
[2022-08-09 00:02:04,205] {processor.py:161} INFO - Processing /home/renan/datapipeline/.env/lib/python3.8/site-packages/airflow/example_dags/example_latest_only_with_trigger.py took 0.051 seconds
[2022-08-09 00:02:37,836] {processor.py:153} INFO - Started process (PID=10546) to work on /home/renan/datapipeline/.env/lib/python3.8/site-packages/airflow/example_dags/example_latest_only_with_trigger.py
[2022-08-09 00:02:37,836] {processor.py:641} INFO - Processing file /home/renan/datapipeline/.env/lib/python3.8/site-packages/airflow/example_dags/example_latest_only_with_trigger.py for tasks to queue
[2022-08-09 00:02:37,837] {logging_mixin.py:115} INFO - [2022-08-09 00:02:37,837] {dagbag.py:508} INFO - Filling up the DagBag from /home/renan/datapipeline/.env/lib/python3.8/site-packages/airflow/example_dags/example_latest_only_with_trigger.py
[2022-08-09 00:02:37,840] {processor.py:651} INFO - DAG(s) dict_keys(['latest_only_with_trigger']) retrieved from /home/renan/datapipeline/.env/lib/python3.8/site-packages/airflow/example_dags/example_latest_only_with_trigger.py
[2022-08-09 00:02:37,853] {logging_mixin.py:115} INFO - [2022-08-09 00:02:37,853] {dag.py:2420} INFO - Sync 1 DAGs
[2022-08-09 00:02:37,865] {logging_mixin.py:115} INFO - [2022-08-09 00:02:37,865] {dag.py:2968} INFO - Setting next_dagrun for latest_only_with_trigger to 2022-08-08T23:02:37.865216+00:00, run_after=2022-08-09T03:02:37.865216+00:00
[2022-08-09 00:02:37,876] {processor.py:161} INFO - Processing /home/renan/datapipeline/.env/lib/python3.8/site-packages/airflow/example_dags/example_latest_only_with_trigger.py took 0.041 seconds
[2022-08-09 00:03:15,998] {processor.py:153} INFO - Started process (PID=10596) to work on /home/renan/datapipeline/.env/lib/python3.8/site-packages/airflow/example_dags/example_latest_only_with_trigger.py
[2022-08-09 00:03:15,999] {processor.py:641} INFO - Processing file /home/renan/datapipeline/.env/lib/python3.8/site-packages/airflow/example_dags/example_latest_only_with_trigger.py for tasks to queue
[2022-08-09 00:03:15,999] {logging_mixin.py:115} INFO - [2022-08-09 00:03:15,999] {dagbag.py:508} INFO - Filling up the DagBag from /home/renan/datapipeline/.env/lib/python3.8/site-packages/airflow/example_dags/example_latest_only_with_trigger.py
[2022-08-09 00:03:16,004] {processor.py:651} INFO - DAG(s) dict_keys(['latest_only_with_trigger']) retrieved from /home/renan/datapipeline/.env/lib/python3.8/site-packages/airflow/example_dags/example_latest_only_with_trigger.py
[2022-08-09 00:03:16,017] {logging_mixin.py:115} INFO - [2022-08-09 00:03:16,017] {dag.py:2420} INFO - Sync 1 DAGs
[2022-08-09 00:03:16,030] {logging_mixin.py:115} INFO - [2022-08-09 00:03:16,030] {dag.py:2968} INFO - Setting next_dagrun for latest_only_with_trigger to 2022-08-08T23:03:16.030670+00:00, run_after=2022-08-09T03:03:16.030670+00:00
[2022-08-09 00:03:16,045] {processor.py:161} INFO - Processing /home/renan/datapipeline/.env/lib/python3.8/site-packages/airflow/example_dags/example_latest_only_with_trigger.py took 0.049 seconds
[2022-08-09 00:03:49,589] {processor.py:153} INFO - Started process (PID=10643) to work on /home/renan/datapipeline/.env/lib/python3.8/site-packages/airflow/example_dags/example_latest_only_with_trigger.py
[2022-08-09 00:03:49,589] {processor.py:641} INFO - Processing file /home/renan/datapipeline/.env/lib/python3.8/site-packages/airflow/example_dags/example_latest_only_with_trigger.py for tasks to queue
[2022-08-09 00:03:49,589] {logging_mixin.py:115} INFO - [2022-08-09 00:03:49,589] {dagbag.py:508} INFO - Filling up the DagBag from /home/renan/datapipeline/.env/lib/python3.8/site-packages/airflow/example_dags/example_latest_only_with_trigger.py
[2022-08-09 00:03:49,593] {processor.py:651} INFO - DAG(s) dict_keys(['latest_only_with_trigger']) retrieved from /home/renan/datapipeline/.env/lib/python3.8/site-packages/airflow/example_dags/example_latest_only_with_trigger.py
[2022-08-09 00:03:49,604] {logging_mixin.py:115} INFO - [2022-08-09 00:03:49,604] {dag.py:2420} INFO - Sync 1 DAGs
[2022-08-09 00:03:49,614] {logging_mixin.py:115} INFO - [2022-08-09 00:03:49,613] {dag.py:2968} INFO - Setting next_dagrun for latest_only_with_trigger to 2022-08-08T23:03:49.613823+00:00, run_after=2022-08-09T03:03:49.613823+00:00
[2022-08-09 00:03:49,622] {processor.py:161} INFO - Processing /home/renan/datapipeline/.env/lib/python3.8/site-packages/airflow/example_dags/example_latest_only_with_trigger.py took 0.035 seconds
[2022-08-09 00:04:24,899] {processor.py:153} INFO - Started process (PID=10680) to work on /home/renan/datapipeline/.env/lib/python3.8/site-packages/airflow/example_dags/example_latest_only_with_trigger.py
[2022-08-09 00:04:24,900] {processor.py:641} INFO - Processing file /home/renan/datapipeline/.env/lib/python3.8/site-packages/airflow/example_dags/example_latest_only_with_trigger.py for tasks to queue
[2022-08-09 00:04:24,900] {logging_mixin.py:115} INFO - [2022-08-09 00:04:24,900] {dagbag.py:508} INFO - Filling up the DagBag from /home/renan/datapipeline/.env/lib/python3.8/site-packages/airflow/example_dags/example_latest_only_with_trigger.py
[2022-08-09 00:04:24,903] {processor.py:651} INFO - DAG(s) dict_keys(['latest_only_with_trigger']) retrieved from /home/renan/datapipeline/.env/lib/python3.8/site-packages/airflow/example_dags/example_latest_only_with_trigger.py
[2022-08-09 00:04:24,914] {logging_mixin.py:115} INFO - [2022-08-09 00:04:24,914] {dag.py:2420} INFO - Sync 1 DAGs
[2022-08-09 00:04:24,923] {logging_mixin.py:115} INFO - [2022-08-09 00:04:24,923] {dag.py:2968} INFO - Setting next_dagrun for latest_only_with_trigger to 2022-08-08T23:04:24.923673+00:00, run_after=2022-08-09T03:04:24.923673+00:00
[2022-08-09 00:04:24,932] {processor.py:161} INFO - Processing /home/renan/datapipeline/.env/lib/python3.8/site-packages/airflow/example_dags/example_latest_only_with_trigger.py took 0.035 seconds
[2022-08-09 00:05:01,754] {processor.py:153} INFO - Started process (PID=10743) to work on /home/renan/datapipeline/.env/lib/python3.8/site-packages/airflow/example_dags/example_latest_only_with_trigger.py
[2022-08-09 00:05:01,755] {processor.py:641} INFO - Processing file /home/renan/datapipeline/.env/lib/python3.8/site-packages/airflow/example_dags/example_latest_only_with_trigger.py for tasks to queue
[2022-08-09 00:05:01,755] {logging_mixin.py:115} INFO - [2022-08-09 00:05:01,755] {dagbag.py:508} INFO - Filling up the DagBag from /home/renan/datapipeline/.env/lib/python3.8/site-packages/airflow/example_dags/example_latest_only_with_trigger.py
[2022-08-09 00:05:01,758] {processor.py:651} INFO - DAG(s) dict_keys(['latest_only_with_trigger']) retrieved from /home/renan/datapipeline/.env/lib/python3.8/site-packages/airflow/example_dags/example_latest_only_with_trigger.py
[2022-08-09 00:05:01,770] {logging_mixin.py:115} INFO - [2022-08-09 00:05:01,770] {dag.py:2420} INFO - Sync 1 DAGs
[2022-08-09 00:05:01,781] {logging_mixin.py:115} INFO - [2022-08-09 00:05:01,781] {dag.py:2968} INFO - Setting next_dagrun for latest_only_with_trigger to 2022-08-08T23:05:01.781082+00:00, run_after=2022-08-09T03:05:01.781082+00:00
[2022-08-09 00:05:01,790] {processor.py:161} INFO - Processing /home/renan/datapipeline/.env/lib/python3.8/site-packages/airflow/example_dags/example_latest_only_with_trigger.py took 0.038 seconds
[2022-08-09 00:05:34,471] {processor.py:153} INFO - Started process (PID=10783) to work on /home/renan/datapipeline/.env/lib/python3.8/site-packages/airflow/example_dags/example_latest_only_with_trigger.py
[2022-08-09 00:05:34,471] {processor.py:641} INFO - Processing file /home/renan/datapipeline/.env/lib/python3.8/site-packages/airflow/example_dags/example_latest_only_with_trigger.py for tasks to queue
[2022-08-09 00:05:34,471] {logging_mixin.py:115} INFO - [2022-08-09 00:05:34,471] {dagbag.py:508} INFO - Filling up the DagBag from /home/renan/datapipeline/.env/lib/python3.8/site-packages/airflow/example_dags/example_latest_only_with_trigger.py
[2022-08-09 00:05:34,475] {processor.py:651} INFO - DAG(s) dict_keys(['latest_only_with_trigger']) retrieved from /home/renan/datapipeline/.env/lib/python3.8/site-packages/airflow/example_dags/example_latest_only_with_trigger.py
[2022-08-09 00:05:34,485] {logging_mixin.py:115} INFO - [2022-08-09 00:05:34,485] {dag.py:2420} INFO - Sync 1 DAGs
[2022-08-09 00:05:34,495] {logging_mixin.py:115} INFO - [2022-08-09 00:05:34,495] {dag.py:2968} INFO - Setting next_dagrun for latest_only_with_trigger to 2022-08-08T23:05:34.495089+00:00, run_after=2022-08-09T03:05:34.495089+00:00
[2022-08-09 00:05:34,505] {processor.py:161} INFO - Processing /home/renan/datapipeline/.env/lib/python3.8/site-packages/airflow/example_dags/example_latest_only_with_trigger.py took 0.036 seconds
[2022-08-09 00:06:10,716] {processor.py:153} INFO - Started process (PID=10822) to work on /home/renan/datapipeline/.env/lib/python3.8/site-packages/airflow/example_dags/example_latest_only_with_trigger.py
[2022-08-09 00:06:10,717] {processor.py:641} INFO - Processing file /home/renan/datapipeline/.env/lib/python3.8/site-packages/airflow/example_dags/example_latest_only_with_trigger.py for tasks to queue
[2022-08-09 00:06:10,717] {logging_mixin.py:115} INFO - [2022-08-09 00:06:10,717] {dagbag.py:508} INFO - Filling up the DagBag from /home/renan/datapipeline/.env/lib/python3.8/site-packages/airflow/example_dags/example_latest_only_with_trigger.py
[2022-08-09 00:06:10,720] {processor.py:651} INFO - DAG(s) dict_keys(['latest_only_with_trigger']) retrieved from /home/renan/datapipeline/.env/lib/python3.8/site-packages/airflow/example_dags/example_latest_only_with_trigger.py
[2022-08-09 00:06:10,731] {logging_mixin.py:115} INFO - [2022-08-09 00:06:10,731] {dag.py:2420} INFO - Sync 1 DAGs
[2022-08-09 00:06:10,740] {logging_mixin.py:115} INFO - [2022-08-09 00:06:10,740] {dag.py:2968} INFO - Setting next_dagrun for latest_only_with_trigger to 2022-08-08T23:06:10.740641+00:00, run_after=2022-08-09T03:06:10.740641+00:00
[2022-08-09 00:06:10,749] {processor.py:161} INFO - Processing /home/renan/datapipeline/.env/lib/python3.8/site-packages/airflow/example_dags/example_latest_only_with_trigger.py took 0.035 seconds
[2022-08-09 00:06:49,129] {processor.py:153} INFO - Started process (PID=10877) to work on /home/renan/datapipeline/.env/lib/python3.8/site-packages/airflow/example_dags/example_latest_only_with_trigger.py
[2022-08-09 00:06:49,129] {processor.py:641} INFO - Processing file /home/renan/datapipeline/.env/lib/python3.8/site-packages/airflow/example_dags/example_latest_only_with_trigger.py for tasks to queue
[2022-08-09 00:06:49,129] {logging_mixin.py:115} INFO - [2022-08-09 00:06:49,129] {dagbag.py:508} INFO - Filling up the DagBag from /home/renan/datapipeline/.env/lib/python3.8/site-packages/airflow/example_dags/example_latest_only_with_trigger.py
[2022-08-09 00:06:49,133] {processor.py:651} INFO - DAG(s) dict_keys(['latest_only_with_trigger']) retrieved from /home/renan/datapipeline/.env/lib/python3.8/site-packages/airflow/example_dags/example_latest_only_with_trigger.py
[2022-08-09 00:06:49,151] {logging_mixin.py:115} INFO - [2022-08-09 00:06:49,151] {dag.py:2420} INFO - Sync 1 DAGs
[2022-08-09 00:06:49,164] {logging_mixin.py:115} INFO - [2022-08-09 00:06:49,164] {dag.py:2968} INFO - Setting next_dagrun for latest_only_with_trigger to 2022-08-08T23:06:49.163951+00:00, run_after=2022-08-09T03:06:49.163951+00:00
[2022-08-09 00:06:49,176] {processor.py:161} INFO - Processing /home/renan/datapipeline/.env/lib/python3.8/site-packages/airflow/example_dags/example_latest_only_with_trigger.py took 0.049 seconds
[2022-08-09 00:07:22,205] {processor.py:153} INFO - Started process (PID=10927) to work on /home/renan/datapipeline/.env/lib/python3.8/site-packages/airflow/example_dags/example_latest_only_with_trigger.py
[2022-08-09 00:07:22,205] {processor.py:641} INFO - Processing file /home/renan/datapipeline/.env/lib/python3.8/site-packages/airflow/example_dags/example_latest_only_with_trigger.py for tasks to queue
[2022-08-09 00:07:22,206] {logging_mixin.py:115} INFO - [2022-08-09 00:07:22,205] {dagbag.py:508} INFO - Filling up the DagBag from /home/renan/datapipeline/.env/lib/python3.8/site-packages/airflow/example_dags/example_latest_only_with_trigger.py
[2022-08-09 00:07:22,209] {processor.py:651} INFO - DAG(s) dict_keys(['latest_only_with_trigger']) retrieved from /home/renan/datapipeline/.env/lib/python3.8/site-packages/airflow/example_dags/example_latest_only_with_trigger.py
[2022-08-09 00:07:22,221] {logging_mixin.py:115} INFO - [2022-08-09 00:07:22,221] {dag.py:2420} INFO - Sync 1 DAGs
[2022-08-09 00:07:22,232] {logging_mixin.py:115} INFO - [2022-08-09 00:07:22,232] {dag.py:2968} INFO - Setting next_dagrun for latest_only_with_trigger to 2022-08-08T23:07:22.232611+00:00, run_after=2022-08-09T03:07:22.232611+00:00
[2022-08-09 00:07:22,244] {processor.py:161} INFO - Processing /home/renan/datapipeline/.env/lib/python3.8/site-packages/airflow/example_dags/example_latest_only_with_trigger.py took 0.041 seconds
[2022-08-09 00:07:58,722] {processor.py:153} INFO - Started process (PID=10969) to work on /home/renan/datapipeline/.env/lib/python3.8/site-packages/airflow/example_dags/example_latest_only_with_trigger.py
[2022-08-09 00:07:58,723] {processor.py:641} INFO - Processing file /home/renan/datapipeline/.env/lib/python3.8/site-packages/airflow/example_dags/example_latest_only_with_trigger.py for tasks to queue
[2022-08-09 00:07:58,723] {logging_mixin.py:115} INFO - [2022-08-09 00:07:58,723] {dagbag.py:508} INFO - Filling up the DagBag from /home/renan/datapipeline/.env/lib/python3.8/site-packages/airflow/example_dags/example_latest_only_with_trigger.py
[2022-08-09 00:07:58,726] {processor.py:651} INFO - DAG(s) dict_keys(['latest_only_with_trigger']) retrieved from /home/renan/datapipeline/.env/lib/python3.8/site-packages/airflow/example_dags/example_latest_only_with_trigger.py
[2022-08-09 00:07:58,737] {logging_mixin.py:115} INFO - [2022-08-09 00:07:58,737] {dag.py:2420} INFO - Sync 1 DAGs
[2022-08-09 00:07:58,746] {logging_mixin.py:115} INFO - [2022-08-09 00:07:58,746] {dag.py:2968} INFO - Setting next_dagrun for latest_only_with_trigger to 2022-08-08T23:07:58.746505+00:00, run_after=2022-08-09T03:07:58.746505+00:00
[2022-08-09 00:07:58,755] {processor.py:161} INFO - Processing /home/renan/datapipeline/.env/lib/python3.8/site-packages/airflow/example_dags/example_latest_only_with_trigger.py took 0.034 seconds
[2022-08-09 00:08:34,026] {processor.py:153} INFO - Started process (PID=11007) to work on /home/renan/datapipeline/.env/lib/python3.8/site-packages/airflow/example_dags/example_latest_only_with_trigger.py
[2022-08-09 00:08:34,026] {processor.py:641} INFO - Processing file /home/renan/datapipeline/.env/lib/python3.8/site-packages/airflow/example_dags/example_latest_only_with_trigger.py for tasks to queue
[2022-08-09 00:08:34,027] {logging_mixin.py:115} INFO - [2022-08-09 00:08:34,027] {dagbag.py:508} INFO - Filling up the DagBag from /home/renan/datapipeline/.env/lib/python3.8/site-packages/airflow/example_dags/example_latest_only_with_trigger.py
[2022-08-09 00:08:34,030] {processor.py:651} INFO - DAG(s) dict_keys(['latest_only_with_trigger']) retrieved from /home/renan/datapipeline/.env/lib/python3.8/site-packages/airflow/example_dags/example_latest_only_with_trigger.py
[2022-08-09 00:08:34,041] {logging_mixin.py:115} INFO - [2022-08-09 00:08:34,041] {dag.py:2420} INFO - Sync 1 DAGs
[2022-08-09 00:08:34,050] {logging_mixin.py:115} INFO - [2022-08-09 00:08:34,050] {dag.py:2968} INFO - Setting next_dagrun for latest_only_with_trigger to 2022-08-08T23:08:34.050320+00:00, run_after=2022-08-09T03:08:34.050320+00:00
[2022-08-09 00:08:34,059] {processor.py:161} INFO - Processing /home/renan/datapipeline/.env/lib/python3.8/site-packages/airflow/example_dags/example_latest_only_with_trigger.py took 0.034 seconds
[2022-08-09 00:09:12,118] {processor.py:153} INFO - Started process (PID=11048) to work on /home/renan/datapipeline/.env/lib/python3.8/site-packages/airflow/example_dags/example_latest_only_with_trigger.py
[2022-08-09 00:09:12,119] {processor.py:641} INFO - Processing file /home/renan/datapipeline/.env/lib/python3.8/site-packages/airflow/example_dags/example_latest_only_with_trigger.py for tasks to queue
[2022-08-09 00:09:12,119] {logging_mixin.py:115} INFO - [2022-08-09 00:09:12,119] {dagbag.py:508} INFO - Filling up the DagBag from /home/renan/datapipeline/.env/lib/python3.8/site-packages/airflow/example_dags/example_latest_only_with_trigger.py
[2022-08-09 00:09:12,124] {processor.py:651} INFO - DAG(s) dict_keys(['latest_only_with_trigger']) retrieved from /home/renan/datapipeline/.env/lib/python3.8/site-packages/airflow/example_dags/example_latest_only_with_trigger.py
[2022-08-09 00:09:12,133] {logging_mixin.py:115} INFO - [2022-08-09 00:09:12,133] {dag.py:2420} INFO - Sync 1 DAGs
[2022-08-09 00:09:12,142] {logging_mixin.py:115} INFO - [2022-08-09 00:09:12,142] {dag.py:2968} INFO - Setting next_dagrun for latest_only_with_trigger to 2022-08-08T23:09:12.142259+00:00, run_after=2022-08-09T03:09:12.142259+00:00
[2022-08-09 00:09:12,151] {processor.py:161} INFO - Processing /home/renan/datapipeline/.env/lib/python3.8/site-packages/airflow/example_dags/example_latest_only_with_trigger.py took 0.034 seconds
[2022-08-09 00:09:44,946] {processor.py:153} INFO - Started process (PID=11084) to work on /home/renan/datapipeline/.env/lib/python3.8/site-packages/airflow/example_dags/example_latest_only_with_trigger.py
[2022-08-09 00:09:44,946] {processor.py:641} INFO - Processing file /home/renan/datapipeline/.env/lib/python3.8/site-packages/airflow/example_dags/example_latest_only_with_trigger.py for tasks to queue
[2022-08-09 00:09:44,947] {logging_mixin.py:115} INFO - [2022-08-09 00:09:44,947] {dagbag.py:508} INFO - Filling up the DagBag from /home/renan/datapipeline/.env/lib/python3.8/site-packages/airflow/example_dags/example_latest_only_with_trigger.py
[2022-08-09 00:09:44,952] {processor.py:651} INFO - DAG(s) dict_keys(['latest_only_with_trigger']) retrieved from /home/renan/datapipeline/.env/lib/python3.8/site-packages/airflow/example_dags/example_latest_only_with_trigger.py
[2022-08-09 00:09:44,961] {logging_mixin.py:115} INFO - [2022-08-09 00:09:44,961] {dag.py:2420} INFO - Sync 1 DAGs
[2022-08-09 00:09:44,970] {logging_mixin.py:115} INFO - [2022-08-09 00:09:44,970] {dag.py:2968} INFO - Setting next_dagrun for latest_only_with_trigger to 2022-08-08T23:09:44.970139+00:00, run_after=2022-08-09T03:09:44.970139+00:00
[2022-08-09 00:09:44,979] {processor.py:161} INFO - Processing /home/renan/datapipeline/.env/lib/python3.8/site-packages/airflow/example_dags/example_latest_only_with_trigger.py took 0.034 seconds
[2022-08-09 00:10:19,434] {processor.py:153} INFO - Started process (PID=11125) to work on /home/renan/datapipeline/.env/lib/python3.8/site-packages/airflow/example_dags/example_latest_only_with_trigger.py
[2022-08-09 00:10:19,435] {processor.py:641} INFO - Processing file /home/renan/datapipeline/.env/lib/python3.8/site-packages/airflow/example_dags/example_latest_only_with_trigger.py for tasks to queue
[2022-08-09 00:10:19,435] {logging_mixin.py:115} INFO - [2022-08-09 00:10:19,435] {dagbag.py:508} INFO - Filling up the DagBag from /home/renan/datapipeline/.env/lib/python3.8/site-packages/airflow/example_dags/example_latest_only_with_trigger.py
[2022-08-09 00:10:19,440] {processor.py:651} INFO - DAG(s) dict_keys(['latest_only_with_trigger']) retrieved from /home/renan/datapipeline/.env/lib/python3.8/site-packages/airflow/example_dags/example_latest_only_with_trigger.py
[2022-08-09 00:10:19,449] {logging_mixin.py:115} INFO - [2022-08-09 00:10:19,449] {dag.py:2420} INFO - Sync 1 DAGs
[2022-08-09 00:10:19,459] {logging_mixin.py:115} INFO - [2022-08-09 00:10:19,459] {dag.py:2968} INFO - Setting next_dagrun for latest_only_with_trigger to 2022-08-08T23:10:19.459063+00:00, run_after=2022-08-09T03:10:19.459063+00:00
[2022-08-09 00:10:19,468] {processor.py:161} INFO - Processing /home/renan/datapipeline/.env/lib/python3.8/site-packages/airflow/example_dags/example_latest_only_with_trigger.py took 0.036 seconds
[2022-08-09 00:10:57,935] {processor.py:153} INFO - Started process (PID=11182) to work on /home/renan/datapipeline/.env/lib/python3.8/site-packages/airflow/example_dags/example_latest_only_with_trigger.py
[2022-08-09 00:10:57,936] {processor.py:641} INFO - Processing file /home/renan/datapipeline/.env/lib/python3.8/site-packages/airflow/example_dags/example_latest_only_with_trigger.py for tasks to queue
[2022-08-09 00:10:57,936] {logging_mixin.py:115} INFO - [2022-08-09 00:10:57,936] {dagbag.py:508} INFO - Filling up the DagBag from /home/renan/datapipeline/.env/lib/python3.8/site-packages/airflow/example_dags/example_latest_only_with_trigger.py
[2022-08-09 00:10:57,941] {processor.py:651} INFO - DAG(s) dict_keys(['latest_only_with_trigger']) retrieved from /home/renan/datapipeline/.env/lib/python3.8/site-packages/airflow/example_dags/example_latest_only_with_trigger.py
[2022-08-09 00:10:57,950] {logging_mixin.py:115} INFO - [2022-08-09 00:10:57,950] {dag.py:2420} INFO - Sync 1 DAGs
[2022-08-09 00:10:57,960] {logging_mixin.py:115} INFO - [2022-08-09 00:10:57,960] {dag.py:2968} INFO - Setting next_dagrun for latest_only_with_trigger to 2022-08-08T23:10:57.960094+00:00, run_after=2022-08-09T03:10:57.960094+00:00
[2022-08-09 00:10:57,969] {processor.py:161} INFO - Processing /home/renan/datapipeline/.env/lib/python3.8/site-packages/airflow/example_dags/example_latest_only_with_trigger.py took 0.035 seconds
[2022-08-09 00:11:33,514] {processor.py:153} INFO - Started process (PID=11220) to work on /home/renan/datapipeline/.env/lib/python3.8/site-packages/airflow/example_dags/example_latest_only_with_trigger.py
[2022-08-09 00:11:33,514] {processor.py:641} INFO - Processing file /home/renan/datapipeline/.env/lib/python3.8/site-packages/airflow/example_dags/example_latest_only_with_trigger.py for tasks to queue
[2022-08-09 00:11:33,515] {logging_mixin.py:115} INFO - [2022-08-09 00:11:33,515] {dagbag.py:508} INFO - Filling up the DagBag from /home/renan/datapipeline/.env/lib/python3.8/site-packages/airflow/example_dags/example_latest_only_with_trigger.py
[2022-08-09 00:11:33,519] {processor.py:651} INFO - DAG(s) dict_keys(['latest_only_with_trigger']) retrieved from /home/renan/datapipeline/.env/lib/python3.8/site-packages/airflow/example_dags/example_latest_only_with_trigger.py
[2022-08-09 00:11:33,531] {logging_mixin.py:115} INFO - [2022-08-09 00:11:33,531] {dag.py:2420} INFO - Sync 1 DAGs
[2022-08-09 00:11:33,542] {logging_mixin.py:115} INFO - [2022-08-09 00:11:33,542] {dag.py:2968} INFO - Setting next_dagrun for latest_only_with_trigger to 2022-08-08T23:11:33.542057+00:00, run_after=2022-08-09T03:11:33.542057+00:00
[2022-08-09 00:11:33,551] {processor.py:161} INFO - Processing /home/renan/datapipeline/.env/lib/python3.8/site-packages/airflow/example_dags/example_latest_only_with_trigger.py took 0.039 seconds
[2022-08-09 00:12:05,441] {processor.py:153} INFO - Started process (PID=11268) to work on /home/renan/datapipeline/.env/lib/python3.8/site-packages/airflow/example_dags/example_latest_only_with_trigger.py
[2022-08-09 00:12:05,441] {processor.py:641} INFO - Processing file /home/renan/datapipeline/.env/lib/python3.8/site-packages/airflow/example_dags/example_latest_only_with_trigger.py for tasks to queue
[2022-08-09 00:12:05,442] {logging_mixin.py:115} INFO - [2022-08-09 00:12:05,442] {dagbag.py:508} INFO - Filling up the DagBag from /home/renan/datapipeline/.env/lib/python3.8/site-packages/airflow/example_dags/example_latest_only_with_trigger.py
[2022-08-09 00:12:05,446] {processor.py:651} INFO - DAG(s) dict_keys(['latest_only_with_trigger']) retrieved from /home/renan/datapipeline/.env/lib/python3.8/site-packages/airflow/example_dags/example_latest_only_with_trigger.py
[2022-08-09 00:12:05,456] {logging_mixin.py:115} INFO - [2022-08-09 00:12:05,456] {dag.py:2420} INFO - Sync 1 DAGs
[2022-08-09 00:12:05,465] {logging_mixin.py:115} INFO - [2022-08-09 00:12:05,465] {dag.py:2968} INFO - Setting next_dagrun for latest_only_with_trigger to 2022-08-08T23:12:05.465374+00:00, run_after=2022-08-09T03:12:05.465374+00:00
[2022-08-09 00:12:05,474] {processor.py:161} INFO - Processing /home/renan/datapipeline/.env/lib/python3.8/site-packages/airflow/example_dags/example_latest_only_with_trigger.py took 0.035 seconds
[2022-08-09 00:12:43,130] {processor.py:153} INFO - Started process (PID=11326) to work on /home/renan/datapipeline/.env/lib/python3.8/site-packages/airflow/example_dags/example_latest_only_with_trigger.py
[2022-08-09 00:12:43,130] {processor.py:641} INFO - Processing file /home/renan/datapipeline/.env/lib/python3.8/site-packages/airflow/example_dags/example_latest_only_with_trigger.py for tasks to queue
[2022-08-09 00:12:43,131] {logging_mixin.py:115} INFO - [2022-08-09 00:12:43,130] {dagbag.py:508} INFO - Filling up the DagBag from /home/renan/datapipeline/.env/lib/python3.8/site-packages/airflow/example_dags/example_latest_only_with_trigger.py
[2022-08-09 00:12:43,136] {processor.py:651} INFO - DAG(s) dict_keys(['latest_only_with_trigger']) retrieved from /home/renan/datapipeline/.env/lib/python3.8/site-packages/airflow/example_dags/example_latest_only_with_trigger.py
[2022-08-09 00:12:43,145] {logging_mixin.py:115} INFO - [2022-08-09 00:12:43,145] {dag.py:2420} INFO - Sync 1 DAGs
[2022-08-09 00:12:43,155] {logging_mixin.py:115} INFO - [2022-08-09 00:12:43,155] {dag.py:2968} INFO - Setting next_dagrun for latest_only_with_trigger to 2022-08-08T23:12:43.155470+00:00, run_after=2022-08-09T03:12:43.155470+00:00
[2022-08-09 00:12:43,166] {processor.py:161} INFO - Processing /home/renan/datapipeline/.env/lib/python3.8/site-packages/airflow/example_dags/example_latest_only_with_trigger.py took 0.038 seconds
[2022-08-09 00:13:17,469] {processor.py:153} INFO - Started process (PID=11376) to work on /home/renan/datapipeline/.env/lib/python3.8/site-packages/airflow/example_dags/example_latest_only_with_trigger.py
[2022-08-09 00:13:17,469] {processor.py:641} INFO - Processing file /home/renan/datapipeline/.env/lib/python3.8/site-packages/airflow/example_dags/example_latest_only_with_trigger.py for tasks to queue
[2022-08-09 00:13:17,470] {logging_mixin.py:115} INFO - [2022-08-09 00:13:17,470] {dagbag.py:508} INFO - Filling up the DagBag from /home/renan/datapipeline/.env/lib/python3.8/site-packages/airflow/example_dags/example_latest_only_with_trigger.py
[2022-08-09 00:13:17,476] {processor.py:651} INFO - DAG(s) dict_keys(['latest_only_with_trigger']) retrieved from /home/renan/datapipeline/.env/lib/python3.8/site-packages/airflow/example_dags/example_latest_only_with_trigger.py
[2022-08-09 00:13:17,485] {logging_mixin.py:115} INFO - [2022-08-09 00:13:17,485] {dag.py:2420} INFO - Sync 1 DAGs
[2022-08-09 00:13:17,496] {logging_mixin.py:115} INFO - [2022-08-09 00:13:17,496] {dag.py:2968} INFO - Setting next_dagrun for latest_only_with_trigger to 2022-08-08T23:13:17.496019+00:00, run_after=2022-08-09T03:13:17.496019+00:00
[2022-08-09 00:13:17,506] {processor.py:161} INFO - Processing /home/renan/datapipeline/.env/lib/python3.8/site-packages/airflow/example_dags/example_latest_only_with_trigger.py took 0.039 seconds
[2022-08-09 00:13:54,356] {processor.py:153} INFO - Started process (PID=11464) to work on /home/renan/datapipeline/.env/lib/python3.8/site-packages/airflow/example_dags/example_latest_only_with_trigger.py
[2022-08-09 00:13:54,357] {processor.py:641} INFO - Processing file /home/renan/datapipeline/.env/lib/python3.8/site-packages/airflow/example_dags/example_latest_only_with_trigger.py for tasks to queue
[2022-08-09 00:13:54,357] {logging_mixin.py:115} INFO - [2022-08-09 00:13:54,357] {dagbag.py:508} INFO - Filling up the DagBag from /home/renan/datapipeline/.env/lib/python3.8/site-packages/airflow/example_dags/example_latest_only_with_trigger.py
[2022-08-09 00:13:54,362] {processor.py:651} INFO - DAG(s) dict_keys(['latest_only_with_trigger']) retrieved from /home/renan/datapipeline/.env/lib/python3.8/site-packages/airflow/example_dags/example_latest_only_with_trigger.py
[2022-08-09 00:13:54,372] {logging_mixin.py:115} INFO - [2022-08-09 00:13:54,372] {dag.py:2420} INFO - Sync 1 DAGs
[2022-08-09 00:13:54,383] {logging_mixin.py:115} INFO - [2022-08-09 00:13:54,383] {dag.py:2968} INFO - Setting next_dagrun for latest_only_with_trigger to 2022-08-08T23:13:54.383487+00:00, run_after=2022-08-09T03:13:54.383487+00:00
[2022-08-09 00:13:54,394] {processor.py:161} INFO - Processing /home/renan/datapipeline/.env/lib/python3.8/site-packages/airflow/example_dags/example_latest_only_with_trigger.py took 0.040 seconds
[2022-08-09 00:14:28,316] {processor.py:153} INFO - Started process (PID=11510) to work on /home/renan/datapipeline/.env/lib/python3.8/site-packages/airflow/example_dags/example_latest_only_with_trigger.py
[2022-08-09 00:14:28,316] {processor.py:641} INFO - Processing file /home/renan/datapipeline/.env/lib/python3.8/site-packages/airflow/example_dags/example_latest_only_with_trigger.py for tasks to queue
[2022-08-09 00:14:28,317] {logging_mixin.py:115} INFO - [2022-08-09 00:14:28,317] {dagbag.py:508} INFO - Filling up the DagBag from /home/renan/datapipeline/.env/lib/python3.8/site-packages/airflow/example_dags/example_latest_only_with_trigger.py
[2022-08-09 00:14:28,320] {processor.py:651} INFO - DAG(s) dict_keys(['latest_only_with_trigger']) retrieved from /home/renan/datapipeline/.env/lib/python3.8/site-packages/airflow/example_dags/example_latest_only_with_trigger.py
[2022-08-09 00:14:28,329] {logging_mixin.py:115} INFO - [2022-08-09 00:14:28,329] {dag.py:2420} INFO - Sync 1 DAGs
[2022-08-09 00:14:28,339] {logging_mixin.py:115} INFO - [2022-08-09 00:14:28,339] {dag.py:2968} INFO - Setting next_dagrun for latest_only_with_trigger to 2022-08-08T23:14:28.338848+00:00, run_after=2022-08-09T03:14:28.338848+00:00
[2022-08-09 00:14:28,347] {processor.py:161} INFO - Processing /home/renan/datapipeline/.env/lib/python3.8/site-packages/airflow/example_dags/example_latest_only_with_trigger.py took 0.033 seconds
[2022-08-09 00:15:06,188] {processor.py:153} INFO - Started process (PID=11557) to work on /home/renan/datapipeline/.env/lib/python3.8/site-packages/airflow/example_dags/example_latest_only_with_trigger.py
[2022-08-09 00:15:06,188] {processor.py:641} INFO - Processing file /home/renan/datapipeline/.env/lib/python3.8/site-packages/airflow/example_dags/example_latest_only_with_trigger.py for tasks to queue
[2022-08-09 00:15:06,189] {logging_mixin.py:115} INFO - [2022-08-09 00:15:06,189] {dagbag.py:508} INFO - Filling up the DagBag from /home/renan/datapipeline/.env/lib/python3.8/site-packages/airflow/example_dags/example_latest_only_with_trigger.py
[2022-08-09 00:15:06,192] {processor.py:651} INFO - DAG(s) dict_keys(['latest_only_with_trigger']) retrieved from /home/renan/datapipeline/.env/lib/python3.8/site-packages/airflow/example_dags/example_latest_only_with_trigger.py
[2022-08-09 00:15:06,202] {logging_mixin.py:115} INFO - [2022-08-09 00:15:06,202] {dag.py:2420} INFO - Sync 1 DAGs
[2022-08-09 00:15:06,211] {logging_mixin.py:115} INFO - [2022-08-09 00:15:06,211] {dag.py:2968} INFO - Setting next_dagrun for latest_only_with_trigger to 2022-08-08T23:15:06.211467+00:00, run_after=2022-08-09T03:15:06.211467+00:00
[2022-08-09 00:15:06,220] {processor.py:161} INFO - Processing /home/renan/datapipeline/.env/lib/python3.8/site-packages/airflow/example_dags/example_latest_only_with_trigger.py took 0.034 seconds
[2022-08-09 00:15:43,825] {processor.py:153} INFO - Started process (PID=11629) to work on /home/renan/datapipeline/.env/lib/python3.8/site-packages/airflow/example_dags/example_latest_only_with_trigger.py
[2022-08-09 00:15:43,826] {processor.py:641} INFO - Processing file /home/renan/datapipeline/.env/lib/python3.8/site-packages/airflow/example_dags/example_latest_only_with_trigger.py for tasks to queue
[2022-08-09 00:15:43,826] {logging_mixin.py:115} INFO - [2022-08-09 00:15:43,826] {dagbag.py:508} INFO - Filling up the DagBag from /home/renan/datapipeline/.env/lib/python3.8/site-packages/airflow/example_dags/example_latest_only_with_trigger.py
[2022-08-09 00:15:43,829] {processor.py:651} INFO - DAG(s) dict_keys(['latest_only_with_trigger']) retrieved from /home/renan/datapipeline/.env/lib/python3.8/site-packages/airflow/example_dags/example_latest_only_with_trigger.py
[2022-08-09 00:15:43,839] {logging_mixin.py:115} INFO - [2022-08-09 00:15:43,839] {dag.py:2420} INFO - Sync 1 DAGs
[2022-08-09 00:15:43,849] {logging_mixin.py:115} INFO - [2022-08-09 00:15:43,849] {dag.py:2968} INFO - Setting next_dagrun for latest_only_with_trigger to 2022-08-08T23:15:43.848834+00:00, run_after=2022-08-09T03:15:43.848834+00:00
[2022-08-09 00:15:43,857] {processor.py:161} INFO - Processing /home/renan/datapipeline/.env/lib/python3.8/site-packages/airflow/example_dags/example_latest_only_with_trigger.py took 0.034 seconds
[2022-08-09 00:16:18,591] {processor.py:153} INFO - Started process (PID=11679) to work on /home/renan/datapipeline/.env/lib/python3.8/site-packages/airflow/example_dags/example_latest_only_with_trigger.py
[2022-08-09 00:16:18,592] {processor.py:641} INFO - Processing file /home/renan/datapipeline/.env/lib/python3.8/site-packages/airflow/example_dags/example_latest_only_with_trigger.py for tasks to queue
[2022-08-09 00:16:18,592] {logging_mixin.py:115} INFO - [2022-08-09 00:16:18,592] {dagbag.py:508} INFO - Filling up the DagBag from /home/renan/datapipeline/.env/lib/python3.8/site-packages/airflow/example_dags/example_latest_only_with_trigger.py
[2022-08-09 00:16:18,595] {processor.py:651} INFO - DAG(s) dict_keys(['latest_only_with_trigger']) retrieved from /home/renan/datapipeline/.env/lib/python3.8/site-packages/airflow/example_dags/example_latest_only_with_trigger.py
[2022-08-09 00:16:18,605] {logging_mixin.py:115} INFO - [2022-08-09 00:16:18,605] {dag.py:2420} INFO - Sync 1 DAGs
[2022-08-09 00:16:18,614] {logging_mixin.py:115} INFO - [2022-08-09 00:16:18,614] {dag.py:2968} INFO - Setting next_dagrun for latest_only_with_trigger to 2022-08-08T23:16:18.614676+00:00, run_after=2022-08-09T03:16:18.614676+00:00
[2022-08-09 00:16:18,625] {processor.py:161} INFO - Processing /home/renan/datapipeline/.env/lib/python3.8/site-packages/airflow/example_dags/example_latest_only_with_trigger.py took 0.035 seconds
[2022-08-09 00:16:55,655] {processor.py:153} INFO - Started process (PID=11739) to work on /home/renan/datapipeline/.env/lib/python3.8/site-packages/airflow/example_dags/example_latest_only_with_trigger.py
[2022-08-09 00:16:55,655] {processor.py:641} INFO - Processing file /home/renan/datapipeline/.env/lib/python3.8/site-packages/airflow/example_dags/example_latest_only_with_trigger.py for tasks to queue
[2022-08-09 00:16:55,655] {logging_mixin.py:115} INFO - [2022-08-09 00:16:55,655] {dagbag.py:508} INFO - Filling up the DagBag from /home/renan/datapipeline/.env/lib/python3.8/site-packages/airflow/example_dags/example_latest_only_with_trigger.py
[2022-08-09 00:16:55,659] {processor.py:651} INFO - DAG(s) dict_keys(['latest_only_with_trigger']) retrieved from /home/renan/datapipeline/.env/lib/python3.8/site-packages/airflow/example_dags/example_latest_only_with_trigger.py
[2022-08-09 00:16:55,672] {logging_mixin.py:115} INFO - [2022-08-09 00:16:55,671] {dag.py:2420} INFO - Sync 1 DAGs
[2022-08-09 00:16:55,684] {logging_mixin.py:115} INFO - [2022-08-09 00:16:55,684] {dag.py:2968} INFO - Setting next_dagrun for latest_only_with_trigger to 2022-08-08T23:16:55.684376+00:00, run_after=2022-08-09T03:16:55.684376+00:00
[2022-08-09 00:16:55,694] {processor.py:161} INFO - Processing /home/renan/datapipeline/.env/lib/python3.8/site-packages/airflow/example_dags/example_latest_only_with_trigger.py took 0.042 seconds
[2022-08-09 00:17:28,699] {processor.py:153} INFO - Started process (PID=11788) to work on /home/renan/datapipeline/.env/lib/python3.8/site-packages/airflow/example_dags/example_latest_only_with_trigger.py
[2022-08-09 00:17:28,700] {processor.py:641} INFO - Processing file /home/renan/datapipeline/.env/lib/python3.8/site-packages/airflow/example_dags/example_latest_only_with_trigger.py for tasks to queue
[2022-08-09 00:17:28,701] {logging_mixin.py:115} INFO - [2022-08-09 00:17:28,701] {dagbag.py:508} INFO - Filling up the DagBag from /home/renan/datapipeline/.env/lib/python3.8/site-packages/airflow/example_dags/example_latest_only_with_trigger.py
[2022-08-09 00:17:28,704] {processor.py:651} INFO - DAG(s) dict_keys(['latest_only_with_trigger']) retrieved from /home/renan/datapipeline/.env/lib/python3.8/site-packages/airflow/example_dags/example_latest_only_with_trigger.py
[2022-08-09 00:17:28,715] {logging_mixin.py:115} INFO - [2022-08-09 00:17:28,715] {dag.py:2420} INFO - Sync 1 DAGs
[2022-08-09 00:17:28,726] {logging_mixin.py:115} INFO - [2022-08-09 00:17:28,726] {dag.py:2968} INFO - Setting next_dagrun for latest_only_with_trigger to 2022-08-08T23:17:28.725984+00:00, run_after=2022-08-09T03:17:28.725984+00:00
[2022-08-09 00:17:28,738] {processor.py:161} INFO - Processing /home/renan/datapipeline/.env/lib/python3.8/site-packages/airflow/example_dags/example_latest_only_with_trigger.py took 0.041 seconds
[2022-08-09 00:18:00,834] {processor.py:153} INFO - Started process (PID=11824) to work on /home/renan/datapipeline/.env/lib/python3.8/site-packages/airflow/example_dags/example_latest_only_with_trigger.py
[2022-08-09 00:18:00,835] {processor.py:641} INFO - Processing file /home/renan/datapipeline/.env/lib/python3.8/site-packages/airflow/example_dags/example_latest_only_with_trigger.py for tasks to queue
[2022-08-09 00:18:00,835] {logging_mixin.py:115} INFO - [2022-08-09 00:18:00,835] {dagbag.py:508} INFO - Filling up the DagBag from /home/renan/datapipeline/.env/lib/python3.8/site-packages/airflow/example_dags/example_latest_only_with_trigger.py
[2022-08-09 00:18:00,838] {processor.py:651} INFO - DAG(s) dict_keys(['latest_only_with_trigger']) retrieved from /home/renan/datapipeline/.env/lib/python3.8/site-packages/airflow/example_dags/example_latest_only_with_trigger.py
[2022-08-09 00:18:00,848] {logging_mixin.py:115} INFO - [2022-08-09 00:18:00,847] {dag.py:2420} INFO - Sync 1 DAGs
[2022-08-09 00:18:00,857] {logging_mixin.py:115} INFO - [2022-08-09 00:18:00,857] {dag.py:2968} INFO - Setting next_dagrun for latest_only_with_trigger to 2022-08-08T23:18:00.857502+00:00, run_after=2022-08-09T03:18:00.857502+00:00
[2022-08-09 00:18:00,866] {processor.py:161} INFO - Processing /home/renan/datapipeline/.env/lib/python3.8/site-packages/airflow/example_dags/example_latest_only_with_trigger.py took 0.033 seconds
[2022-08-09 00:18:38,315] {processor.py:153} INFO - Started process (PID=11863) to work on /home/renan/datapipeline/.env/lib/python3.8/site-packages/airflow/example_dags/example_latest_only_with_trigger.py
[2022-08-09 00:18:38,316] {processor.py:641} INFO - Processing file /home/renan/datapipeline/.env/lib/python3.8/site-packages/airflow/example_dags/example_latest_only_with_trigger.py for tasks to queue
[2022-08-09 00:18:38,316] {logging_mixin.py:115} INFO - [2022-08-09 00:18:38,316] {dagbag.py:508} INFO - Filling up the DagBag from /home/renan/datapipeline/.env/lib/python3.8/site-packages/airflow/example_dags/example_latest_only_with_trigger.py
[2022-08-09 00:18:38,319] {processor.py:651} INFO - DAG(s) dict_keys(['latest_only_with_trigger']) retrieved from /home/renan/datapipeline/.env/lib/python3.8/site-packages/airflow/example_dags/example_latest_only_with_trigger.py
[2022-08-09 00:18:38,329] {logging_mixin.py:115} INFO - [2022-08-09 00:18:38,329] {dag.py:2420} INFO - Sync 1 DAGs
[2022-08-09 00:18:38,339] {logging_mixin.py:115} INFO - [2022-08-09 00:18:38,339] {dag.py:2968} INFO - Setting next_dagrun for latest_only_with_trigger to 2022-08-08T23:18:38.339432+00:00, run_after=2022-08-09T03:18:38.339432+00:00
[2022-08-09 00:18:38,348] {processor.py:161} INFO - Processing /home/renan/datapipeline/.env/lib/python3.8/site-packages/airflow/example_dags/example_latest_only_with_trigger.py took 0.035 seconds
[2022-08-09 00:19:16,406] {processor.py:153} INFO - Started process (PID=11905) to work on /home/renan/datapipeline/.env/lib/python3.8/site-packages/airflow/example_dags/example_latest_only_with_trigger.py
[2022-08-09 00:19:16,406] {processor.py:641} INFO - Processing file /home/renan/datapipeline/.env/lib/python3.8/site-packages/airflow/example_dags/example_latest_only_with_trigger.py for tasks to queue
[2022-08-09 00:19:16,406] {logging_mixin.py:115} INFO - [2022-08-09 00:19:16,406] {dagbag.py:508} INFO - Filling up the DagBag from /home/renan/datapipeline/.env/lib/python3.8/site-packages/airflow/example_dags/example_latest_only_with_trigger.py
[2022-08-09 00:19:16,410] {processor.py:651} INFO - DAG(s) dict_keys(['latest_only_with_trigger']) retrieved from /home/renan/datapipeline/.env/lib/python3.8/site-packages/airflow/example_dags/example_latest_only_with_trigger.py
[2022-08-09 00:19:16,419] {logging_mixin.py:115} INFO - [2022-08-09 00:19:16,419] {dag.py:2420} INFO - Sync 1 DAGs
[2022-08-09 00:19:16,430] {logging_mixin.py:115} INFO - [2022-08-09 00:19:16,430] {dag.py:2968} INFO - Setting next_dagrun for latest_only_with_trigger to 2022-08-08T23:19:16.430335+00:00, run_after=2022-08-09T03:19:16.430335+00:00
[2022-08-09 00:19:16,440] {processor.py:161} INFO - Processing /home/renan/datapipeline/.env/lib/python3.8/site-packages/airflow/example_dags/example_latest_only_with_trigger.py took 0.036 seconds
[2022-08-09 00:19:54,083] {processor.py:153} INFO - Started process (PID=11945) to work on /home/renan/datapipeline/.env/lib/python3.8/site-packages/airflow/example_dags/example_latest_only_with_trigger.py
[2022-08-09 00:19:54,084] {processor.py:641} INFO - Processing file /home/renan/datapipeline/.env/lib/python3.8/site-packages/airflow/example_dags/example_latest_only_with_trigger.py for tasks to queue
[2022-08-09 00:19:54,084] {logging_mixin.py:115} INFO - [2022-08-09 00:19:54,084] {dagbag.py:508} INFO - Filling up the DagBag from /home/renan/datapipeline/.env/lib/python3.8/site-packages/airflow/example_dags/example_latest_only_with_trigger.py
[2022-08-09 00:19:54,088] {processor.py:651} INFO - DAG(s) dict_keys(['latest_only_with_trigger']) retrieved from /home/renan/datapipeline/.env/lib/python3.8/site-packages/airflow/example_dags/example_latest_only_with_trigger.py
[2022-08-09 00:19:54,097] {logging_mixin.py:115} INFO - [2022-08-09 00:19:54,097] {dag.py:2420} INFO - Sync 1 DAGs
[2022-08-09 00:19:54,106] {logging_mixin.py:115} INFO - [2022-08-09 00:19:54,106] {dag.py:2968} INFO - Setting next_dagrun for latest_only_with_trigger to 2022-08-08T23:19:54.106401+00:00, run_after=2022-08-09T03:19:54.106401+00:00
[2022-08-09 00:19:54,115] {processor.py:161} INFO - Processing /home/renan/datapipeline/.env/lib/python3.8/site-packages/airflow/example_dags/example_latest_only_with_trigger.py took 0.033 seconds
[2022-08-09 00:20:25,972] {processor.py:153} INFO - Started process (PID=11984) to work on /home/renan/datapipeline/.env/lib/python3.8/site-packages/airflow/example_dags/example_latest_only_with_trigger.py
[2022-08-09 00:20:25,973] {processor.py:641} INFO - Processing file /home/renan/datapipeline/.env/lib/python3.8/site-packages/airflow/example_dags/example_latest_only_with_trigger.py for tasks to queue
[2022-08-09 00:20:25,973] {logging_mixin.py:115} INFO - [2022-08-09 00:20:25,973] {dagbag.py:508} INFO - Filling up the DagBag from /home/renan/datapipeline/.env/lib/python3.8/site-packages/airflow/example_dags/example_latest_only_with_trigger.py
[2022-08-09 00:20:25,976] {processor.py:651} INFO - DAG(s) dict_keys(['latest_only_with_trigger']) retrieved from /home/renan/datapipeline/.env/lib/python3.8/site-packages/airflow/example_dags/example_latest_only_with_trigger.py
[2022-08-09 00:20:25,986] {logging_mixin.py:115} INFO - [2022-08-09 00:20:25,986] {dag.py:2420} INFO - Sync 1 DAGs
[2022-08-09 00:20:25,995] {logging_mixin.py:115} INFO - [2022-08-09 00:20:25,995] {dag.py:2968} INFO - Setting next_dagrun for latest_only_with_trigger to 2022-08-08T23:20:25.995580+00:00, run_after=2022-08-09T03:20:25.995580+00:00
[2022-08-09 00:20:26,004] {processor.py:161} INFO - Processing /home/renan/datapipeline/.env/lib/python3.8/site-packages/airflow/example_dags/example_latest_only_with_trigger.py took 0.033 seconds
[2022-08-09 00:21:01,899] {processor.py:153} INFO - Started process (PID=12021) to work on /home/renan/datapipeline/.env/lib/python3.8/site-packages/airflow/example_dags/example_latest_only_with_trigger.py
[2022-08-09 00:21:01,900] {processor.py:641} INFO - Processing file /home/renan/datapipeline/.env/lib/python3.8/site-packages/airflow/example_dags/example_latest_only_with_trigger.py for tasks to queue
[2022-08-09 00:21:01,900] {logging_mixin.py:115} INFO - [2022-08-09 00:21:01,900] {dagbag.py:508} INFO - Filling up the DagBag from /home/renan/datapipeline/.env/lib/python3.8/site-packages/airflow/example_dags/example_latest_only_with_trigger.py
[2022-08-09 00:21:01,903] {processor.py:651} INFO - DAG(s) dict_keys(['latest_only_with_trigger']) retrieved from /home/renan/datapipeline/.env/lib/python3.8/site-packages/airflow/example_dags/example_latest_only_with_trigger.py
[2022-08-09 00:21:01,913] {logging_mixin.py:115} INFO - [2022-08-09 00:21:01,913] {dag.py:2420} INFO - Sync 1 DAGs
[2022-08-09 00:21:01,923] {logging_mixin.py:115} INFO - [2022-08-09 00:21:01,923] {dag.py:2968} INFO - Setting next_dagrun for latest_only_with_trigger to 2022-08-08T23:21:01.923297+00:00, run_after=2022-08-09T03:21:01.923297+00:00
[2022-08-09 00:21:01,932] {processor.py:161} INFO - Processing /home/renan/datapipeline/.env/lib/python3.8/site-packages/airflow/example_dags/example_latest_only_with_trigger.py took 0.034 seconds
[2022-08-09 00:21:36,652] {processor.py:153} INFO - Started process (PID=12175) to work on /home/renan/datapipeline/.env/lib/python3.8/site-packages/airflow/example_dags/example_latest_only_with_trigger.py
[2022-08-09 00:21:36,652] {processor.py:641} INFO - Processing file /home/renan/datapipeline/.env/lib/python3.8/site-packages/airflow/example_dags/example_latest_only_with_trigger.py for tasks to queue
[2022-08-09 00:21:36,653] {logging_mixin.py:115} INFO - [2022-08-09 00:21:36,653] {dagbag.py:508} INFO - Filling up the DagBag from /home/renan/datapipeline/.env/lib/python3.8/site-packages/airflow/example_dags/example_latest_only_with_trigger.py
[2022-08-09 00:21:36,656] {processor.py:651} INFO - DAG(s) dict_keys(['latest_only_with_trigger']) retrieved from /home/renan/datapipeline/.env/lib/python3.8/site-packages/airflow/example_dags/example_latest_only_with_trigger.py
[2022-08-09 00:21:36,667] {logging_mixin.py:115} INFO - [2022-08-09 00:21:36,667] {dag.py:2420} INFO - Sync 1 DAGs
[2022-08-09 00:21:36,677] {logging_mixin.py:115} INFO - [2022-08-09 00:21:36,677] {dag.py:2968} INFO - Setting next_dagrun for latest_only_with_trigger to 2022-08-08T23:21:36.677399+00:00, run_after=2022-08-09T03:21:36.677399+00:00
[2022-08-09 00:21:36,688] {processor.py:161} INFO - Processing /home/renan/datapipeline/.env/lib/python3.8/site-packages/airflow/example_dags/example_latest_only_with_trigger.py took 0.038 seconds
[2022-08-09 00:22:10,843] {processor.py:153} INFO - Started process (PID=12277) to work on /home/renan/datapipeline/.env/lib/python3.8/site-packages/airflow/example_dags/example_latest_only_with_trigger.py
[2022-08-09 00:22:10,843] {processor.py:641} INFO - Processing file /home/renan/datapipeline/.env/lib/python3.8/site-packages/airflow/example_dags/example_latest_only_with_trigger.py for tasks to queue
[2022-08-09 00:22:10,843] {logging_mixin.py:115} INFO - [2022-08-09 00:22:10,843] {dagbag.py:508} INFO - Filling up the DagBag from /home/renan/datapipeline/.env/lib/python3.8/site-packages/airflow/example_dags/example_latest_only_with_trigger.py
[2022-08-09 00:22:10,847] {processor.py:651} INFO - DAG(s) dict_keys(['latest_only_with_trigger']) retrieved from /home/renan/datapipeline/.env/lib/python3.8/site-packages/airflow/example_dags/example_latest_only_with_trigger.py
[2022-08-09 00:22:10,857] {logging_mixin.py:115} INFO - [2022-08-09 00:22:10,857] {dag.py:2420} INFO - Sync 1 DAGs
[2022-08-09 00:22:10,867] {logging_mixin.py:115} INFO - [2022-08-09 00:22:10,867] {dag.py:2968} INFO - Setting next_dagrun for latest_only_with_trigger to 2022-08-08T23:22:10.866892+00:00, run_after=2022-08-09T03:22:10.866892+00:00
[2022-08-09 00:22:10,876] {processor.py:161} INFO - Processing /home/renan/datapipeline/.env/lib/python3.8/site-packages/airflow/example_dags/example_latest_only_with_trigger.py took 0.035 seconds
[2022-08-09 00:22:48,268] {processor.py:153} INFO - Started process (PID=12317) to work on /home/renan/datapipeline/.env/lib/python3.8/site-packages/airflow/example_dags/example_latest_only_with_trigger.py
[2022-08-09 00:22:48,268] {processor.py:641} INFO - Processing file /home/renan/datapipeline/.env/lib/python3.8/site-packages/airflow/example_dags/example_latest_only_with_trigger.py for tasks to queue
[2022-08-09 00:22:48,269] {logging_mixin.py:115} INFO - [2022-08-09 00:22:48,269] {dagbag.py:508} INFO - Filling up the DagBag from /home/renan/datapipeline/.env/lib/python3.8/site-packages/airflow/example_dags/example_latest_only_with_trigger.py
[2022-08-09 00:22:48,273] {processor.py:651} INFO - DAG(s) dict_keys(['latest_only_with_trigger']) retrieved from /home/renan/datapipeline/.env/lib/python3.8/site-packages/airflow/example_dags/example_latest_only_with_trigger.py
[2022-08-09 00:22:48,283] {logging_mixin.py:115} INFO - [2022-08-09 00:22:48,283] {dag.py:2420} INFO - Sync 1 DAGs
[2022-08-09 00:22:48,294] {logging_mixin.py:115} INFO - [2022-08-09 00:22:48,294] {dag.py:2968} INFO - Setting next_dagrun for latest_only_with_trigger to 2022-08-08T23:22:48.294483+00:00, run_after=2022-08-09T03:22:48.294483+00:00
[2022-08-09 00:22:48,304] {processor.py:161} INFO - Processing /home/renan/datapipeline/.env/lib/python3.8/site-packages/airflow/example_dags/example_latest_only_with_trigger.py took 0.039 seconds
[2022-08-09 00:23:22,722] {processor.py:153} INFO - Started process (PID=12358) to work on /home/renan/datapipeline/.env/lib/python3.8/site-packages/airflow/example_dags/example_latest_only_with_trigger.py
[2022-08-09 00:23:22,723] {processor.py:641} INFO - Processing file /home/renan/datapipeline/.env/lib/python3.8/site-packages/airflow/example_dags/example_latest_only_with_trigger.py for tasks to queue
[2022-08-09 00:23:22,723] {logging_mixin.py:115} INFO - [2022-08-09 00:23:22,723] {dagbag.py:508} INFO - Filling up the DagBag from /home/renan/datapipeline/.env/lib/python3.8/site-packages/airflow/example_dags/example_latest_only_with_trigger.py
[2022-08-09 00:23:22,726] {processor.py:651} INFO - DAG(s) dict_keys(['latest_only_with_trigger']) retrieved from /home/renan/datapipeline/.env/lib/python3.8/site-packages/airflow/example_dags/example_latest_only_with_trigger.py
[2022-08-09 00:23:22,736] {logging_mixin.py:115} INFO - [2022-08-09 00:23:22,736] {dag.py:2420} INFO - Sync 1 DAGs
[2022-08-09 00:23:22,746] {logging_mixin.py:115} INFO - [2022-08-09 00:23:22,746] {dag.py:2968} INFO - Setting next_dagrun for latest_only_with_trigger to 2022-08-08T23:23:22.746183+00:00, run_after=2022-08-09T03:23:22.746183+00:00
[2022-08-09 00:23:22,755] {processor.py:161} INFO - Processing /home/renan/datapipeline/.env/lib/python3.8/site-packages/airflow/example_dags/example_latest_only_with_trigger.py took 0.034 seconds
[2022-08-09 00:23:56,396] {processor.py:153} INFO - Started process (PID=12397) to work on /home/renan/datapipeline/.env/lib/python3.8/site-packages/airflow/example_dags/example_latest_only_with_trigger.py
[2022-08-09 00:23:56,397] {processor.py:641} INFO - Processing file /home/renan/datapipeline/.env/lib/python3.8/site-packages/airflow/example_dags/example_latest_only_with_trigger.py for tasks to queue
[2022-08-09 00:23:56,397] {logging_mixin.py:115} INFO - [2022-08-09 00:23:56,397] {dagbag.py:508} INFO - Filling up the DagBag from /home/renan/datapipeline/.env/lib/python3.8/site-packages/airflow/example_dags/example_latest_only_with_trigger.py
[2022-08-09 00:23:56,401] {processor.py:651} INFO - DAG(s) dict_keys(['latest_only_with_trigger']) retrieved from /home/renan/datapipeline/.env/lib/python3.8/site-packages/airflow/example_dags/example_latest_only_with_trigger.py
[2022-08-09 00:23:56,410] {logging_mixin.py:115} INFO - [2022-08-09 00:23:56,410] {dag.py:2420} INFO - Sync 1 DAGs
[2022-08-09 00:23:56,420] {logging_mixin.py:115} INFO - [2022-08-09 00:23:56,420] {dag.py:2968} INFO - Setting next_dagrun for latest_only_with_trigger to 2022-08-08T23:23:56.419925+00:00, run_after=2022-08-09T03:23:56.419925+00:00
[2022-08-09 00:23:56,428] {processor.py:161} INFO - Processing /home/renan/datapipeline/.env/lib/python3.8/site-packages/airflow/example_dags/example_latest_only_with_trigger.py took 0.034 seconds
[2022-08-09 00:24:35,164] {processor.py:153} INFO - Started process (PID=12466) to work on /home/renan/datapipeline/.env/lib/python3.8/site-packages/airflow/example_dags/example_latest_only_with_trigger.py
[2022-08-09 00:24:35,165] {processor.py:641} INFO - Processing file /home/renan/datapipeline/.env/lib/python3.8/site-packages/airflow/example_dags/example_latest_only_with_trigger.py for tasks to queue
[2022-08-09 00:24:35,165] {logging_mixin.py:115} INFO - [2022-08-09 00:24:35,165] {dagbag.py:508} INFO - Filling up the DagBag from /home/renan/datapipeline/.env/lib/python3.8/site-packages/airflow/example_dags/example_latest_only_with_trigger.py
[2022-08-09 00:24:35,168] {processor.py:651} INFO - DAG(s) dict_keys(['latest_only_with_trigger']) retrieved from /home/renan/datapipeline/.env/lib/python3.8/site-packages/airflow/example_dags/example_latest_only_with_trigger.py
[2022-08-09 00:24:35,178] {logging_mixin.py:115} INFO - [2022-08-09 00:24:35,178] {dag.py:2420} INFO - Sync 1 DAGs
[2022-08-09 00:24:35,188] {logging_mixin.py:115} INFO - [2022-08-09 00:24:35,188] {dag.py:2968} INFO - Setting next_dagrun for latest_only_with_trigger to 2022-08-08T23:24:35.187915+00:00, run_after=2022-08-09T03:24:35.187915+00:00
[2022-08-09 00:24:35,197] {processor.py:161} INFO - Processing /home/renan/datapipeline/.env/lib/python3.8/site-packages/airflow/example_dags/example_latest_only_with_trigger.py took 0.034 seconds
[2022-08-09 00:25:08,213] {processor.py:153} INFO - Started process (PID=12509) to work on /home/renan/datapipeline/.env/lib/python3.8/site-packages/airflow/example_dags/example_latest_only_with_trigger.py
[2022-08-09 00:25:08,213] {processor.py:641} INFO - Processing file /home/renan/datapipeline/.env/lib/python3.8/site-packages/airflow/example_dags/example_latest_only_with_trigger.py for tasks to queue
[2022-08-09 00:25:08,214] {logging_mixin.py:115} INFO - [2022-08-09 00:25:08,214] {dagbag.py:508} INFO - Filling up the DagBag from /home/renan/datapipeline/.env/lib/python3.8/site-packages/airflow/example_dags/example_latest_only_with_trigger.py
[2022-08-09 00:25:08,218] {processor.py:651} INFO - DAG(s) dict_keys(['latest_only_with_trigger']) retrieved from /home/renan/datapipeline/.env/lib/python3.8/site-packages/airflow/example_dags/example_latest_only_with_trigger.py
[2022-08-09 00:25:08,228] {logging_mixin.py:115} INFO - [2022-08-09 00:25:08,228] {dag.py:2420} INFO - Sync 1 DAGs
[2022-08-09 00:25:08,239] {logging_mixin.py:115} INFO - [2022-08-09 00:25:08,239] {dag.py:2968} INFO - Setting next_dagrun for latest_only_with_trigger to 2022-08-08T23:25:08.239052+00:00, run_after=2022-08-09T03:25:08.239052+00:00
[2022-08-09 00:25:08,248] {processor.py:161} INFO - Processing /home/renan/datapipeline/.env/lib/python3.8/site-packages/airflow/example_dags/example_latest_only_with_trigger.py took 0.037 seconds
[2022-08-09 00:25:43,017] {processor.py:153} INFO - Started process (PID=12547) to work on /home/renan/datapipeline/.env/lib/python3.8/site-packages/airflow/example_dags/example_latest_only_with_trigger.py
[2022-08-09 00:25:43,018] {processor.py:641} INFO - Processing file /home/renan/datapipeline/.env/lib/python3.8/site-packages/airflow/example_dags/example_latest_only_with_trigger.py for tasks to queue
[2022-08-09 00:25:43,018] {logging_mixin.py:115} INFO - [2022-08-09 00:25:43,018] {dagbag.py:508} INFO - Filling up the DagBag from /home/renan/datapipeline/.env/lib/python3.8/site-packages/airflow/example_dags/example_latest_only_with_trigger.py
[2022-08-09 00:25:43,022] {processor.py:651} INFO - DAG(s) dict_keys(['latest_only_with_trigger']) retrieved from /home/renan/datapipeline/.env/lib/python3.8/site-packages/airflow/example_dags/example_latest_only_with_trigger.py
[2022-08-09 00:25:43,032] {logging_mixin.py:115} INFO - [2022-08-09 00:25:43,032] {dag.py:2420} INFO - Sync 1 DAGs
[2022-08-09 00:25:43,044] {logging_mixin.py:115} INFO - [2022-08-09 00:25:43,044] {dag.py:2968} INFO - Setting next_dagrun for latest_only_with_trigger to 2022-08-08T23:25:43.044107+00:00, run_after=2022-08-09T03:25:43.044107+00:00
[2022-08-09 00:25:43,055] {processor.py:161} INFO - Processing /home/renan/datapipeline/.env/lib/python3.8/site-packages/airflow/example_dags/example_latest_only_with_trigger.py took 0.040 seconds
[2022-08-09 00:26:18,900] {processor.py:153} INFO - Started process (PID=12586) to work on /home/renan/datapipeline/.env/lib/python3.8/site-packages/airflow/example_dags/example_latest_only_with_trigger.py
[2022-08-09 00:26:18,900] {processor.py:641} INFO - Processing file /home/renan/datapipeline/.env/lib/python3.8/site-packages/airflow/example_dags/example_latest_only_with_trigger.py for tasks to queue
[2022-08-09 00:26:18,900] {logging_mixin.py:115} INFO - [2022-08-09 00:26:18,900] {dagbag.py:508} INFO - Filling up the DagBag from /home/renan/datapipeline/.env/lib/python3.8/site-packages/airflow/example_dags/example_latest_only_with_trigger.py
[2022-08-09 00:26:18,904] {processor.py:651} INFO - DAG(s) dict_keys(['latest_only_with_trigger']) retrieved from /home/renan/datapipeline/.env/lib/python3.8/site-packages/airflow/example_dags/example_latest_only_with_trigger.py
[2022-08-09 00:26:18,913] {logging_mixin.py:115} INFO - [2022-08-09 00:26:18,913] {dag.py:2420} INFO - Sync 1 DAGs
[2022-08-09 00:26:18,923] {logging_mixin.py:115} INFO - [2022-08-09 00:26:18,923] {dag.py:2968} INFO - Setting next_dagrun for latest_only_with_trigger to 2022-08-08T23:26:18.923550+00:00, run_after=2022-08-09T03:26:18.923550+00:00
[2022-08-09 00:26:18,933] {processor.py:161} INFO - Processing /home/renan/datapipeline/.env/lib/python3.8/site-packages/airflow/example_dags/example_latest_only_with_trigger.py took 0.035 seconds
[2022-08-09 00:26:54,579] {processor.py:153} INFO - Started process (PID=12626) to work on /home/renan/datapipeline/.env/lib/python3.8/site-packages/airflow/example_dags/example_latest_only_with_trigger.py
[2022-08-09 00:26:54,579] {processor.py:641} INFO - Processing file /home/renan/datapipeline/.env/lib/python3.8/site-packages/airflow/example_dags/example_latest_only_with_trigger.py for tasks to queue
[2022-08-09 00:26:54,580] {logging_mixin.py:115} INFO - [2022-08-09 00:26:54,580] {dagbag.py:508} INFO - Filling up the DagBag from /home/renan/datapipeline/.env/lib/python3.8/site-packages/airflow/example_dags/example_latest_only_with_trigger.py
[2022-08-09 00:26:54,583] {processor.py:651} INFO - DAG(s) dict_keys(['latest_only_with_trigger']) retrieved from /home/renan/datapipeline/.env/lib/python3.8/site-packages/airflow/example_dags/example_latest_only_with_trigger.py
[2022-08-09 00:26:54,593] {logging_mixin.py:115} INFO - [2022-08-09 00:26:54,593] {dag.py:2420} INFO - Sync 1 DAGs
[2022-08-09 00:26:54,603] {logging_mixin.py:115} INFO - [2022-08-09 00:26:54,602] {dag.py:2968} INFO - Setting next_dagrun for latest_only_with_trigger to 2022-08-08T23:26:54.602801+00:00, run_after=2022-08-09T03:26:54.602801+00:00
[2022-08-09 00:26:54,611] {processor.py:161} INFO - Processing /home/renan/datapipeline/.env/lib/python3.8/site-packages/airflow/example_dags/example_latest_only_with_trigger.py took 0.034 seconds
[2022-08-09 00:27:29,604] {processor.py:153} INFO - Started process (PID=12684) to work on /home/renan/datapipeline/.env/lib/python3.8/site-packages/airflow/example_dags/example_latest_only_with_trigger.py
[2022-08-09 00:27:29,604] {processor.py:641} INFO - Processing file /home/renan/datapipeline/.env/lib/python3.8/site-packages/airflow/example_dags/example_latest_only_with_trigger.py for tasks to queue
[2022-08-09 00:27:29,605] {logging_mixin.py:115} INFO - [2022-08-09 00:27:29,605] {dagbag.py:508} INFO - Filling up the DagBag from /home/renan/datapipeline/.env/lib/python3.8/site-packages/airflow/example_dags/example_latest_only_with_trigger.py
[2022-08-09 00:27:29,608] {processor.py:651} INFO - DAG(s) dict_keys(['latest_only_with_trigger']) retrieved from /home/renan/datapipeline/.env/lib/python3.8/site-packages/airflow/example_dags/example_latest_only_with_trigger.py
[2022-08-09 00:27:29,619] {logging_mixin.py:115} INFO - [2022-08-09 00:27:29,619] {dag.py:2420} INFO - Sync 1 DAGs
[2022-08-09 00:27:29,629] {logging_mixin.py:115} INFO - [2022-08-09 00:27:29,629] {dag.py:2968} INFO - Setting next_dagrun for latest_only_with_trigger to 2022-08-08T23:27:29.629264+00:00, run_after=2022-08-09T03:27:29.629264+00:00
[2022-08-09 00:27:29,639] {processor.py:161} INFO - Processing /home/renan/datapipeline/.env/lib/python3.8/site-packages/airflow/example_dags/example_latest_only_with_trigger.py took 0.037 seconds
[2022-08-09 00:28:02,665] {processor.py:153} INFO - Started process (PID=12740) to work on /home/renan/datapipeline/.env/lib/python3.8/site-packages/airflow/example_dags/example_latest_only_with_trigger.py
[2022-08-09 00:28:02,665] {processor.py:641} INFO - Processing file /home/renan/datapipeline/.env/lib/python3.8/site-packages/airflow/example_dags/example_latest_only_with_trigger.py for tasks to queue
[2022-08-09 00:28:02,665] {logging_mixin.py:115} INFO - [2022-08-09 00:28:02,665] {dagbag.py:508} INFO - Filling up the DagBag from /home/renan/datapipeline/.env/lib/python3.8/site-packages/airflow/example_dags/example_latest_only_with_trigger.py
[2022-08-09 00:28:02,671] {processor.py:651} INFO - DAG(s) dict_keys(['latest_only_with_trigger']) retrieved from /home/renan/datapipeline/.env/lib/python3.8/site-packages/airflow/example_dags/example_latest_only_with_trigger.py
[2022-08-09 00:28:02,684] {logging_mixin.py:115} INFO - [2022-08-09 00:28:02,684] {dag.py:2420} INFO - Sync 1 DAGs
[2022-08-09 00:28:02,696] {logging_mixin.py:115} INFO - [2022-08-09 00:28:02,695] {dag.py:2968} INFO - Setting next_dagrun for latest_only_with_trigger to 2022-08-08T23:28:02.695761+00:00, run_after=2022-08-09T03:28:02.695761+00:00
[2022-08-09 00:28:02,706] {processor.py:161} INFO - Processing /home/renan/datapipeline/.env/lib/python3.8/site-packages/airflow/example_dags/example_latest_only_with_trigger.py took 0.043 seconds
[2022-08-09 00:28:37,480] {processor.py:153} INFO - Started process (PID=12945) to work on /home/renan/datapipeline/.env/lib/python3.8/site-packages/airflow/example_dags/example_latest_only_with_trigger.py
[2022-08-09 00:28:37,482] {processor.py:641} INFO - Processing file /home/renan/datapipeline/.env/lib/python3.8/site-packages/airflow/example_dags/example_latest_only_with_trigger.py for tasks to queue
[2022-08-09 00:28:37,482] {logging_mixin.py:115} INFO - [2022-08-09 00:28:37,482] {dagbag.py:508} INFO - Filling up the DagBag from /home/renan/datapipeline/.env/lib/python3.8/site-packages/airflow/example_dags/example_latest_only_with_trigger.py
[2022-08-09 00:28:37,486] {processor.py:651} INFO - DAG(s) dict_keys(['latest_only_with_trigger']) retrieved from /home/renan/datapipeline/.env/lib/python3.8/site-packages/airflow/example_dags/example_latest_only_with_trigger.py
[2022-08-09 00:28:37,498] {logging_mixin.py:115} INFO - [2022-08-09 00:28:37,498] {dag.py:2420} INFO - Sync 1 DAGs
[2022-08-09 00:28:37,518] {logging_mixin.py:115} INFO - [2022-08-09 00:28:37,518] {dag.py:2968} INFO - Setting next_dagrun for latest_only_with_trigger to 2022-08-08T23:28:37.518411+00:00, run_after=2022-08-09T03:28:37.518411+00:00
[2022-08-09 00:28:37,535] {processor.py:161} INFO - Processing /home/renan/datapipeline/.env/lib/python3.8/site-packages/airflow/example_dags/example_latest_only_with_trigger.py took 0.057 seconds
[2022-08-09 00:29:13,074] {processor.py:153} INFO - Started process (PID=12989) to work on /home/renan/datapipeline/.env/lib/python3.8/site-packages/airflow/example_dags/example_latest_only_with_trigger.py
[2022-08-09 00:29:13,076] {processor.py:641} INFO - Processing file /home/renan/datapipeline/.env/lib/python3.8/site-packages/airflow/example_dags/example_latest_only_with_trigger.py for tasks to queue
[2022-08-09 00:29:13,077] {logging_mixin.py:115} INFO - [2022-08-09 00:29:13,077] {dagbag.py:508} INFO - Filling up the DagBag from /home/renan/datapipeline/.env/lib/python3.8/site-packages/airflow/example_dags/example_latest_only_with_trigger.py
[2022-08-09 00:29:13,080] {processor.py:651} INFO - DAG(s) dict_keys(['latest_only_with_trigger']) retrieved from /home/renan/datapipeline/.env/lib/python3.8/site-packages/airflow/example_dags/example_latest_only_with_trigger.py
[2022-08-09 00:29:13,091] {logging_mixin.py:115} INFO - [2022-08-09 00:29:13,090] {dag.py:2420} INFO - Sync 1 DAGs
[2022-08-09 00:29:13,102] {logging_mixin.py:115} INFO - [2022-08-09 00:29:13,102] {dag.py:2968} INFO - Setting next_dagrun for latest_only_with_trigger to 2022-08-08T23:29:13.102140+00:00, run_after=2022-08-09T03:29:13.102140+00:00
[2022-08-09 00:29:13,115] {processor.py:161} INFO - Processing /home/renan/datapipeline/.env/lib/python3.8/site-packages/airflow/example_dags/example_latest_only_with_trigger.py took 0.043 seconds
[2022-08-09 00:29:47,464] {processor.py:153} INFO - Started process (PID=13029) to work on /home/renan/datapipeline/.env/lib/python3.8/site-packages/airflow/example_dags/example_latest_only_with_trigger.py
[2022-08-09 00:29:47,464] {processor.py:641} INFO - Processing file /home/renan/datapipeline/.env/lib/python3.8/site-packages/airflow/example_dags/example_latest_only_with_trigger.py for tasks to queue
[2022-08-09 00:29:47,465] {logging_mixin.py:115} INFO - [2022-08-09 00:29:47,465] {dagbag.py:508} INFO - Filling up the DagBag from /home/renan/datapipeline/.env/lib/python3.8/site-packages/airflow/example_dags/example_latest_only_with_trigger.py
[2022-08-09 00:29:47,468] {processor.py:651} INFO - DAG(s) dict_keys(['latest_only_with_trigger']) retrieved from /home/renan/datapipeline/.env/lib/python3.8/site-packages/airflow/example_dags/example_latest_only_with_trigger.py
[2022-08-09 00:29:47,478] {logging_mixin.py:115} INFO - [2022-08-09 00:29:47,478] {dag.py:2420} INFO - Sync 1 DAGs
[2022-08-09 00:29:47,488] {logging_mixin.py:115} INFO - [2022-08-09 00:29:47,488] {dag.py:2968} INFO - Setting next_dagrun for latest_only_with_trigger to 2022-08-08T23:29:47.487846+00:00, run_after=2022-08-09T03:29:47.487846+00:00
[2022-08-09 00:29:47,497] {processor.py:161} INFO - Processing /home/renan/datapipeline/.env/lib/python3.8/site-packages/airflow/example_dags/example_latest_only_with_trigger.py took 0.035 seconds
[2022-08-09 00:30:20,020] {processor.py:153} INFO - Started process (PID=13069) to work on /home/renan/datapipeline/.env/lib/python3.8/site-packages/airflow/example_dags/example_latest_only_with_trigger.py
[2022-08-09 00:30:20,020] {processor.py:641} INFO - Processing file /home/renan/datapipeline/.env/lib/python3.8/site-packages/airflow/example_dags/example_latest_only_with_trigger.py for tasks to queue
[2022-08-09 00:30:20,020] {logging_mixin.py:115} INFO - [2022-08-09 00:30:20,020] {dagbag.py:508} INFO - Filling up the DagBag from /home/renan/datapipeline/.env/lib/python3.8/site-packages/airflow/example_dags/example_latest_only_with_trigger.py
[2022-08-09 00:30:20,024] {processor.py:651} INFO - DAG(s) dict_keys(['latest_only_with_trigger']) retrieved from /home/renan/datapipeline/.env/lib/python3.8/site-packages/airflow/example_dags/example_latest_only_with_trigger.py
[2022-08-09 00:30:20,037] {logging_mixin.py:115} INFO - [2022-08-09 00:30:20,037] {dag.py:2420} INFO - Sync 1 DAGs
[2022-08-09 00:30:20,047] {logging_mixin.py:115} INFO - [2022-08-09 00:30:20,047] {dag.py:2968} INFO - Setting next_dagrun for latest_only_with_trigger to 2022-08-08T23:30:20.047267+00:00, run_after=2022-08-09T03:30:20.047267+00:00
[2022-08-09 00:30:20,056] {processor.py:161} INFO - Processing /home/renan/datapipeline/.env/lib/python3.8/site-packages/airflow/example_dags/example_latest_only_with_trigger.py took 0.038 seconds
[2022-08-09 00:30:55,301] {processor.py:153} INFO - Started process (PID=13105) to work on /home/renan/datapipeline/.env/lib/python3.8/site-packages/airflow/example_dags/example_latest_only_with_trigger.py
[2022-08-09 00:30:55,301] {processor.py:641} INFO - Processing file /home/renan/datapipeline/.env/lib/python3.8/site-packages/airflow/example_dags/example_latest_only_with_trigger.py for tasks to queue
[2022-08-09 00:30:55,302] {logging_mixin.py:115} INFO - [2022-08-09 00:30:55,302] {dagbag.py:508} INFO - Filling up the DagBag from /home/renan/datapipeline/.env/lib/python3.8/site-packages/airflow/example_dags/example_latest_only_with_trigger.py
[2022-08-09 00:30:55,305] {processor.py:651} INFO - DAG(s) dict_keys(['latest_only_with_trigger']) retrieved from /home/renan/datapipeline/.env/lib/python3.8/site-packages/airflow/example_dags/example_latest_only_with_trigger.py
[2022-08-09 00:30:55,315] {logging_mixin.py:115} INFO - [2022-08-09 00:30:55,315] {dag.py:2420} INFO - Sync 1 DAGs
[2022-08-09 00:30:55,325] {logging_mixin.py:115} INFO - [2022-08-09 00:30:55,324] {dag.py:2968} INFO - Setting next_dagrun for latest_only_with_trigger to 2022-08-08T23:30:55.324787+00:00, run_after=2022-08-09T03:30:55.324787+00:00
[2022-08-09 00:30:55,334] {processor.py:161} INFO - Processing /home/renan/datapipeline/.env/lib/python3.8/site-packages/airflow/example_dags/example_latest_only_with_trigger.py took 0.035 seconds
[2022-08-09 00:31:28,937] {processor.py:153} INFO - Started process (PID=13144) to work on /home/renan/datapipeline/.env/lib/python3.8/site-packages/airflow/example_dags/example_latest_only_with_trigger.py
[2022-08-09 00:31:28,937] {processor.py:641} INFO - Processing file /home/renan/datapipeline/.env/lib/python3.8/site-packages/airflow/example_dags/example_latest_only_with_trigger.py for tasks to queue
[2022-08-09 00:31:28,937] {logging_mixin.py:115} INFO - [2022-08-09 00:31:28,937] {dagbag.py:508} INFO - Filling up the DagBag from /home/renan/datapipeline/.env/lib/python3.8/site-packages/airflow/example_dags/example_latest_only_with_trigger.py
[2022-08-09 00:31:28,940] {processor.py:651} INFO - DAG(s) dict_keys(['latest_only_with_trigger']) retrieved from /home/renan/datapipeline/.env/lib/python3.8/site-packages/airflow/example_dags/example_latest_only_with_trigger.py
[2022-08-09 00:31:28,950] {logging_mixin.py:115} INFO - [2022-08-09 00:31:28,950] {dag.py:2420} INFO - Sync 1 DAGs
[2022-08-09 00:31:28,960] {logging_mixin.py:115} INFO - [2022-08-09 00:31:28,960] {dag.py:2968} INFO - Setting next_dagrun for latest_only_with_trigger to 2022-08-08T23:31:28.959935+00:00, run_after=2022-08-09T03:31:28.959935+00:00
[2022-08-09 00:31:28,968] {processor.py:161} INFO - Processing /home/renan/datapipeline/.env/lib/python3.8/site-packages/airflow/example_dags/example_latest_only_with_trigger.py took 0.033 seconds
[2022-08-09 00:32:06,002] {processor.py:153} INFO - Started process (PID=13270) to work on /home/renan/datapipeline/.env/lib/python3.8/site-packages/airflow/example_dags/example_latest_only_with_trigger.py
[2022-08-09 00:32:06,002] {processor.py:641} INFO - Processing file /home/renan/datapipeline/.env/lib/python3.8/site-packages/airflow/example_dags/example_latest_only_with_trigger.py for tasks to queue
[2022-08-09 00:32:06,002] {logging_mixin.py:115} INFO - [2022-08-09 00:32:06,002] {dagbag.py:508} INFO - Filling up the DagBag from /home/renan/datapipeline/.env/lib/python3.8/site-packages/airflow/example_dags/example_latest_only_with_trigger.py
[2022-08-09 00:32:06,006] {processor.py:651} INFO - DAG(s) dict_keys(['latest_only_with_trigger']) retrieved from /home/renan/datapipeline/.env/lib/python3.8/site-packages/airflow/example_dags/example_latest_only_with_trigger.py
[2022-08-09 00:32:06,015] {logging_mixin.py:115} INFO - [2022-08-09 00:32:06,015] {dag.py:2420} INFO - Sync 1 DAGs
[2022-08-09 00:32:06,026] {logging_mixin.py:115} INFO - [2022-08-09 00:32:06,026] {dag.py:2968} INFO - Setting next_dagrun for latest_only_with_trigger to 2022-08-08T23:32:06.026191+00:00, run_after=2022-08-09T03:32:06.026191+00:00
[2022-08-09 00:32:06,035] {processor.py:161} INFO - Processing /home/renan/datapipeline/.env/lib/python3.8/site-packages/airflow/example_dags/example_latest_only_with_trigger.py took 0.035 seconds
[2022-08-09 00:32:39,593] {processor.py:153} INFO - Started process (PID=13307) to work on /home/renan/datapipeline/.env/lib/python3.8/site-packages/airflow/example_dags/example_latest_only_with_trigger.py
[2022-08-09 00:32:39,593] {processor.py:641} INFO - Processing file /home/renan/datapipeline/.env/lib/python3.8/site-packages/airflow/example_dags/example_latest_only_with_trigger.py for tasks to queue
[2022-08-09 00:32:39,594] {logging_mixin.py:115} INFO - [2022-08-09 00:32:39,594] {dagbag.py:508} INFO - Filling up the DagBag from /home/renan/datapipeline/.env/lib/python3.8/site-packages/airflow/example_dags/example_latest_only_with_trigger.py
[2022-08-09 00:32:39,598] {processor.py:651} INFO - DAG(s) dict_keys(['latest_only_with_trigger']) retrieved from /home/renan/datapipeline/.env/lib/python3.8/site-packages/airflow/example_dags/example_latest_only_with_trigger.py
[2022-08-09 00:32:39,610] {logging_mixin.py:115} INFO - [2022-08-09 00:32:39,610] {dag.py:2420} INFO - Sync 1 DAGs
[2022-08-09 00:32:39,621] {logging_mixin.py:115} INFO - [2022-08-09 00:32:39,621] {dag.py:2968} INFO - Setting next_dagrun for latest_only_with_trigger to 2022-08-08T23:32:39.621213+00:00, run_after=2022-08-09T03:32:39.621213+00:00
[2022-08-09 00:32:39,631] {processor.py:161} INFO - Processing /home/renan/datapipeline/.env/lib/python3.8/site-packages/airflow/example_dags/example_latest_only_with_trigger.py took 0.041 seconds
