[2022-08-08 23:55:01,308] {processor.py:153} INFO - Started process (PID=9831) to work on /home/renan/datapipeline/.env/lib/python3.8/site-packages/airflow/example_dags/example_short_circuit_operator.py
[2022-08-08 23:55:01,308] {processor.py:641} INFO - Processing file /home/renan/datapipeline/.env/lib/python3.8/site-packages/airflow/example_dags/example_short_circuit_operator.py for tasks to queue
[2022-08-08 23:55:01,308] {logging_mixin.py:115} INFO - [2022-08-08 23:55:01,308] {dagbag.py:508} INFO - Filling up the DagBag from /home/renan/datapipeline/.env/lib/python3.8/site-packages/airflow/example_dags/example_short_circuit_operator.py
[2022-08-08 23:55:01,314] {processor.py:651} INFO - DAG(s) dict_keys(['example_short_circuit_operator']) retrieved from /home/renan/datapipeline/.env/lib/python3.8/site-packages/airflow/example_dags/example_short_circuit_operator.py
[2022-08-08 23:55:01,328] {logging_mixin.py:115} INFO - [2022-08-08 23:55:01,328] {dag.py:2420} INFO - Sync 1 DAGs
[2022-08-08 23:55:01,342] {logging_mixin.py:115} INFO - [2022-08-08 23:55:01,342] {dag.py:2968} INFO - Setting next_dagrun for example_short_circuit_operator to 2022-08-08T02:55:01.342188+00:00, run_after=2022-08-09T02:55:01.342188+00:00
[2022-08-08 23:55:01,352] {processor.py:161} INFO - Processing /home/renan/datapipeline/.env/lib/python3.8/site-packages/airflow/example_dags/example_short_circuit_operator.py took 0.047 seconds
[2022-08-08 23:55:33,098] {processor.py:153} INFO - Started process (PID=9936) to work on /home/renan/datapipeline/.env/lib/python3.8/site-packages/airflow/example_dags/example_short_circuit_operator.py
[2022-08-08 23:55:33,098] {processor.py:641} INFO - Processing file /home/renan/datapipeline/.env/lib/python3.8/site-packages/airflow/example_dags/example_short_circuit_operator.py for tasks to queue
[2022-08-08 23:55:33,099] {logging_mixin.py:115} INFO - [2022-08-08 23:55:33,099] {dagbag.py:508} INFO - Filling up the DagBag from /home/renan/datapipeline/.env/lib/python3.8/site-packages/airflow/example_dags/example_short_circuit_operator.py
[2022-08-08 23:55:33,104] {processor.py:651} INFO - DAG(s) dict_keys(['example_short_circuit_operator']) retrieved from /home/renan/datapipeline/.env/lib/python3.8/site-packages/airflow/example_dags/example_short_circuit_operator.py
[2022-08-08 23:55:33,115] {logging_mixin.py:115} INFO - [2022-08-08 23:55:33,115] {dag.py:2420} INFO - Sync 1 DAGs
[2022-08-08 23:55:33,125] {logging_mixin.py:115} INFO - [2022-08-08 23:55:33,125] {dag.py:2968} INFO - Setting next_dagrun for example_short_circuit_operator to 2022-08-08T02:55:33.125198+00:00, run_after=2022-08-09T02:55:33.125198+00:00
[2022-08-08 23:55:33,134] {processor.py:161} INFO - Processing /home/renan/datapipeline/.env/lib/python3.8/site-packages/airflow/example_dags/example_short_circuit_operator.py took 0.038 seconds
[2022-08-08 23:56:06,759] {processor.py:153} INFO - Started process (PID=10002) to work on /home/renan/datapipeline/.env/lib/python3.8/site-packages/airflow/example_dags/example_short_circuit_operator.py
[2022-08-08 23:56:06,760] {processor.py:641} INFO - Processing file /home/renan/datapipeline/.env/lib/python3.8/site-packages/airflow/example_dags/example_short_circuit_operator.py for tasks to queue
[2022-08-08 23:56:06,760] {logging_mixin.py:115} INFO - [2022-08-08 23:56:06,760] {dagbag.py:508} INFO - Filling up the DagBag from /home/renan/datapipeline/.env/lib/python3.8/site-packages/airflow/example_dags/example_short_circuit_operator.py
[2022-08-08 23:56:06,765] {processor.py:651} INFO - DAG(s) dict_keys(['example_short_circuit_operator']) retrieved from /home/renan/datapipeline/.env/lib/python3.8/site-packages/airflow/example_dags/example_short_circuit_operator.py
[2022-08-08 23:56:06,779] {logging_mixin.py:115} INFO - [2022-08-08 23:56:06,779] {dag.py:2420} INFO - Sync 1 DAGs
[2022-08-08 23:56:06,790] {logging_mixin.py:115} INFO - [2022-08-08 23:56:06,790] {dag.py:2968} INFO - Setting next_dagrun for example_short_circuit_operator to 2022-08-08T02:56:06.790628+00:00, run_after=2022-08-09T02:56:06.790628+00:00
[2022-08-08 23:56:06,801] {processor.py:161} INFO - Processing /home/renan/datapipeline/.env/lib/python3.8/site-packages/airflow/example_dags/example_short_circuit_operator.py took 0.044 seconds
[2022-08-08 23:56:40,880] {processor.py:153} INFO - Started process (PID=10065) to work on /home/renan/datapipeline/.env/lib/python3.8/site-packages/airflow/example_dags/example_short_circuit_operator.py
[2022-08-08 23:56:40,881] {processor.py:641} INFO - Processing file /home/renan/datapipeline/.env/lib/python3.8/site-packages/airflow/example_dags/example_short_circuit_operator.py for tasks to queue
[2022-08-08 23:56:40,881] {logging_mixin.py:115} INFO - [2022-08-08 23:56:40,881] {dagbag.py:508} INFO - Filling up the DagBag from /home/renan/datapipeline/.env/lib/python3.8/site-packages/airflow/example_dags/example_short_circuit_operator.py
[2022-08-08 23:56:40,887] {processor.py:651} INFO - DAG(s) dict_keys(['example_short_circuit_operator']) retrieved from /home/renan/datapipeline/.env/lib/python3.8/site-packages/airflow/example_dags/example_short_circuit_operator.py
[2022-08-08 23:56:40,900] {logging_mixin.py:115} INFO - [2022-08-08 23:56:40,900] {dag.py:2420} INFO - Sync 1 DAGs
[2022-08-08 23:56:40,912] {logging_mixin.py:115} INFO - [2022-08-08 23:56:40,912] {dag.py:2968} INFO - Setting next_dagrun for example_short_circuit_operator to 2022-08-08T02:56:40.912015+00:00, run_after=2022-08-09T02:56:40.912015+00:00
[2022-08-08 23:56:40,923] {processor.py:161} INFO - Processing /home/renan/datapipeline/.env/lib/python3.8/site-packages/airflow/example_dags/example_short_circuit_operator.py took 0.044 seconds
[2022-08-08 23:59:17,498] {processor.py:153} INFO - Started process (PID=10244) to work on /home/renan/datapipeline/.env/lib/python3.8/site-packages/airflow/example_dags/example_short_circuit_operator.py
[2022-08-08 23:59:17,503] {processor.py:641} INFO - Processing file /home/renan/datapipeline/.env/lib/python3.8/site-packages/airflow/example_dags/example_short_circuit_operator.py for tasks to queue
[2022-08-08 23:59:17,504] {logging_mixin.py:115} INFO - [2022-08-08 23:59:17,504] {dagbag.py:508} INFO - Filling up the DagBag from /home/renan/datapipeline/.env/lib/python3.8/site-packages/airflow/example_dags/example_short_circuit_operator.py
[2022-08-08 23:59:17,511] {processor.py:651} INFO - DAG(s) dict_keys(['example_short_circuit_operator']) retrieved from /home/renan/datapipeline/.env/lib/python3.8/site-packages/airflow/example_dags/example_short_circuit_operator.py
[2022-08-08 23:59:17,523] {logging_mixin.py:115} INFO - [2022-08-08 23:59:17,523] {dag.py:2420} INFO - Sync 1 DAGs
[2022-08-08 23:59:17,535] {logging_mixin.py:115} INFO - [2022-08-08 23:59:17,534] {dag.py:2968} INFO - Setting next_dagrun for example_short_circuit_operator to 2022-08-08T02:59:17.534809+00:00, run_after=2022-08-09T02:59:17.534809+00:00
[2022-08-08 23:59:17,549] {processor.py:161} INFO - Processing /home/renan/datapipeline/.env/lib/python3.8/site-packages/airflow/example_dags/example_short_circuit_operator.py took 0.054 seconds
[2022-08-08 23:59:49,581] {processor.py:153} INFO - Started process (PID=10302) to work on /home/renan/datapipeline/.env/lib/python3.8/site-packages/airflow/example_dags/example_short_circuit_operator.py
[2022-08-08 23:59:49,582] {processor.py:641} INFO - Processing file /home/renan/datapipeline/.env/lib/python3.8/site-packages/airflow/example_dags/example_short_circuit_operator.py for tasks to queue
[2022-08-08 23:59:49,582] {logging_mixin.py:115} INFO - [2022-08-08 23:59:49,582] {dagbag.py:508} INFO - Filling up the DagBag from /home/renan/datapipeline/.env/lib/python3.8/site-packages/airflow/example_dags/example_short_circuit_operator.py
[2022-08-08 23:59:49,588] {processor.py:651} INFO - DAG(s) dict_keys(['example_short_circuit_operator']) retrieved from /home/renan/datapipeline/.env/lib/python3.8/site-packages/airflow/example_dags/example_short_circuit_operator.py
[2022-08-08 23:59:49,600] {logging_mixin.py:115} INFO - [2022-08-08 23:59:49,600] {dag.py:2420} INFO - Sync 1 DAGs
[2022-08-08 23:59:49,612] {logging_mixin.py:115} INFO - [2022-08-08 23:59:49,611] {dag.py:2968} INFO - Setting next_dagrun for example_short_circuit_operator to 2022-08-08T02:59:49.611803+00:00, run_after=2022-08-09T02:59:49.611803+00:00
[2022-08-08 23:59:49,622] {processor.py:161} INFO - Processing /home/renan/datapipeline/.env/lib/python3.8/site-packages/airflow/example_dags/example_short_circuit_operator.py took 0.043 seconds
[2022-08-09 00:00:24,080] {processor.py:153} INFO - Started process (PID=10379) to work on /home/renan/datapipeline/.env/lib/python3.8/site-packages/airflow/example_dags/example_short_circuit_operator.py
[2022-08-09 00:00:24,080] {processor.py:641} INFO - Processing file /home/renan/datapipeline/.env/lib/python3.8/site-packages/airflow/example_dags/example_short_circuit_operator.py for tasks to queue
[2022-08-09 00:00:24,081] {logging_mixin.py:115} INFO - [2022-08-09 00:00:24,080] {dagbag.py:508} INFO - Filling up the DagBag from /home/renan/datapipeline/.env/lib/python3.8/site-packages/airflow/example_dags/example_short_circuit_operator.py
[2022-08-09 00:00:24,086] {processor.py:651} INFO - DAG(s) dict_keys(['example_short_circuit_operator']) retrieved from /home/renan/datapipeline/.env/lib/python3.8/site-packages/airflow/example_dags/example_short_circuit_operator.py
[2022-08-09 00:00:24,098] {logging_mixin.py:115} INFO - [2022-08-09 00:00:24,098] {dag.py:2420} INFO - Sync 1 DAGs
[2022-08-09 00:00:24,109] {logging_mixin.py:115} INFO - [2022-08-09 00:00:24,108] {dag.py:2968} INFO - Setting next_dagrun for example_short_circuit_operator to 2022-08-08T03:00:24.108814+00:00, run_after=2022-08-09T03:00:24.108814+00:00
[2022-08-09 00:00:24,117] {processor.py:161} INFO - Processing /home/renan/datapipeline/.env/lib/python3.8/site-packages/airflow/example_dags/example_short_circuit_operator.py took 0.039 seconds
[2022-08-09 00:00:57,399] {processor.py:153} INFO - Started process (PID=10419) to work on /home/renan/datapipeline/.env/lib/python3.8/site-packages/airflow/example_dags/example_short_circuit_operator.py
[2022-08-09 00:00:57,399] {processor.py:641} INFO - Processing file /home/renan/datapipeline/.env/lib/python3.8/site-packages/airflow/example_dags/example_short_circuit_operator.py for tasks to queue
[2022-08-09 00:00:57,400] {logging_mixin.py:115} INFO - [2022-08-09 00:00:57,400] {dagbag.py:508} INFO - Filling up the DagBag from /home/renan/datapipeline/.env/lib/python3.8/site-packages/airflow/example_dags/example_short_circuit_operator.py
[2022-08-09 00:00:57,406] {processor.py:651} INFO - DAG(s) dict_keys(['example_short_circuit_operator']) retrieved from /home/renan/datapipeline/.env/lib/python3.8/site-packages/airflow/example_dags/example_short_circuit_operator.py
[2022-08-09 00:00:57,425] {logging_mixin.py:115} INFO - [2022-08-09 00:00:57,425] {dag.py:2420} INFO - Sync 1 DAGs
[2022-08-09 00:00:57,439] {logging_mixin.py:115} INFO - [2022-08-09 00:00:57,438] {dag.py:2968} INFO - Setting next_dagrun for example_short_circuit_operator to 2022-08-08T03:00:57.438677+00:00, run_after=2022-08-09T03:00:57.438677+00:00
[2022-08-09 00:00:57,449] {processor.py:161} INFO - Processing /home/renan/datapipeline/.env/lib/python3.8/site-packages/airflow/example_dags/example_short_circuit_operator.py took 0.052 seconds
[2022-08-09 00:01:30,241] {processor.py:153} INFO - Started process (PID=10466) to work on /home/renan/datapipeline/.env/lib/python3.8/site-packages/airflow/example_dags/example_short_circuit_operator.py
[2022-08-09 00:01:30,241] {processor.py:641} INFO - Processing file /home/renan/datapipeline/.env/lib/python3.8/site-packages/airflow/example_dags/example_short_circuit_operator.py for tasks to queue
[2022-08-09 00:01:30,241] {logging_mixin.py:115} INFO - [2022-08-09 00:01:30,241] {dagbag.py:508} INFO - Filling up the DagBag from /home/renan/datapipeline/.env/lib/python3.8/site-packages/airflow/example_dags/example_short_circuit_operator.py
[2022-08-09 00:01:30,247] {processor.py:651} INFO - DAG(s) dict_keys(['example_short_circuit_operator']) retrieved from /home/renan/datapipeline/.env/lib/python3.8/site-packages/airflow/example_dags/example_short_circuit_operator.py
[2022-08-09 00:01:30,260] {logging_mixin.py:115} INFO - [2022-08-09 00:01:30,260] {dag.py:2420} INFO - Sync 1 DAGs
[2022-08-09 00:01:30,274] {logging_mixin.py:115} INFO - [2022-08-09 00:01:30,274] {dag.py:2968} INFO - Setting next_dagrun for example_short_circuit_operator to 2022-08-08T03:01:30.273888+00:00, run_after=2022-08-09T03:01:30.273888+00:00
[2022-08-09 00:01:30,283] {processor.py:161} INFO - Processing /home/renan/datapipeline/.env/lib/python3.8/site-packages/airflow/example_dags/example_short_circuit_operator.py took 0.044 seconds
[2022-08-09 00:02:03,027] {processor.py:153} INFO - Started process (PID=10501) to work on /home/renan/datapipeline/.env/lib/python3.8/site-packages/airflow/example_dags/example_short_circuit_operator.py
[2022-08-09 00:02:03,027] {processor.py:641} INFO - Processing file /home/renan/datapipeline/.env/lib/python3.8/site-packages/airflow/example_dags/example_short_circuit_operator.py for tasks to queue
[2022-08-09 00:02:03,028] {logging_mixin.py:115} INFO - [2022-08-09 00:02:03,028] {dagbag.py:508} INFO - Filling up the DagBag from /home/renan/datapipeline/.env/lib/python3.8/site-packages/airflow/example_dags/example_short_circuit_operator.py
[2022-08-09 00:02:03,033] {processor.py:651} INFO - DAG(s) dict_keys(['example_short_circuit_operator']) retrieved from /home/renan/datapipeline/.env/lib/python3.8/site-packages/airflow/example_dags/example_short_circuit_operator.py
[2022-08-09 00:02:03,045] {logging_mixin.py:115} INFO - [2022-08-09 00:02:03,045] {dag.py:2420} INFO - Sync 1 DAGs
[2022-08-09 00:02:03,055] {logging_mixin.py:115} INFO - [2022-08-09 00:02:03,055] {dag.py:2968} INFO - Setting next_dagrun for example_short_circuit_operator to 2022-08-08T03:02:03.055246+00:00, run_after=2022-08-09T03:02:03.055246+00:00
[2022-08-09 00:02:03,066] {processor.py:161} INFO - Processing /home/renan/datapipeline/.env/lib/python3.8/site-packages/airflow/example_dags/example_short_circuit_operator.py took 0.041 seconds
[2022-08-09 00:02:36,090] {processor.py:153} INFO - Started process (PID=10544) to work on /home/renan/datapipeline/.env/lib/python3.8/site-packages/airflow/example_dags/example_short_circuit_operator.py
[2022-08-09 00:02:36,090] {processor.py:641} INFO - Processing file /home/renan/datapipeline/.env/lib/python3.8/site-packages/airflow/example_dags/example_short_circuit_operator.py for tasks to queue
[2022-08-09 00:02:36,090] {logging_mixin.py:115} INFO - [2022-08-09 00:02:36,090] {dagbag.py:508} INFO - Filling up the DagBag from /home/renan/datapipeline/.env/lib/python3.8/site-packages/airflow/example_dags/example_short_circuit_operator.py
[2022-08-09 00:02:36,095] {processor.py:651} INFO - DAG(s) dict_keys(['example_short_circuit_operator']) retrieved from /home/renan/datapipeline/.env/lib/python3.8/site-packages/airflow/example_dags/example_short_circuit_operator.py
[2022-08-09 00:02:36,107] {logging_mixin.py:115} INFO - [2022-08-09 00:02:36,107] {dag.py:2420} INFO - Sync 1 DAGs
[2022-08-09 00:02:36,117] {logging_mixin.py:115} INFO - [2022-08-09 00:02:36,117] {dag.py:2968} INFO - Setting next_dagrun for example_short_circuit_operator to 2022-08-08T03:02:36.117070+00:00, run_after=2022-08-09T03:02:36.117070+00:00
[2022-08-09 00:02:36,126] {processor.py:161} INFO - Processing /home/renan/datapipeline/.env/lib/python3.8/site-packages/airflow/example_dags/example_short_circuit_operator.py took 0.038 seconds
[2022-08-09 00:03:10,351] {processor.py:153} INFO - Started process (PID=10591) to work on /home/renan/datapipeline/.env/lib/python3.8/site-packages/airflow/example_dags/example_short_circuit_operator.py
[2022-08-09 00:03:10,352] {processor.py:641} INFO - Processing file /home/renan/datapipeline/.env/lib/python3.8/site-packages/airflow/example_dags/example_short_circuit_operator.py for tasks to queue
[2022-08-09 00:03:10,353] {logging_mixin.py:115} INFO - [2022-08-09 00:03:10,353] {dagbag.py:508} INFO - Filling up the DagBag from /home/renan/datapipeline/.env/lib/python3.8/site-packages/airflow/example_dags/example_short_circuit_operator.py
[2022-08-09 00:03:10,358] {processor.py:651} INFO - DAG(s) dict_keys(['example_short_circuit_operator']) retrieved from /home/renan/datapipeline/.env/lib/python3.8/site-packages/airflow/example_dags/example_short_circuit_operator.py
[2022-08-09 00:03:10,370] {logging_mixin.py:115} INFO - [2022-08-09 00:03:10,370] {dag.py:2420} INFO - Sync 1 DAGs
[2022-08-09 00:03:10,381] {logging_mixin.py:115} INFO - [2022-08-09 00:03:10,381] {dag.py:2968} INFO - Setting next_dagrun for example_short_circuit_operator to 2022-08-08T03:03:10.381150+00:00, run_after=2022-08-09T03:03:10.381150+00:00
[2022-08-09 00:03:10,392] {processor.py:161} INFO - Processing /home/renan/datapipeline/.env/lib/python3.8/site-packages/airflow/example_dags/example_short_circuit_operator.py took 0.043 seconds
[2022-08-09 00:03:41,865] {processor.py:153} INFO - Started process (PID=10635) to work on /home/renan/datapipeline/.env/lib/python3.8/site-packages/airflow/example_dags/example_short_circuit_operator.py
[2022-08-09 00:03:41,865] {processor.py:641} INFO - Processing file /home/renan/datapipeline/.env/lib/python3.8/site-packages/airflow/example_dags/example_short_circuit_operator.py for tasks to queue
[2022-08-09 00:03:41,866] {logging_mixin.py:115} INFO - [2022-08-09 00:03:41,865] {dagbag.py:508} INFO - Filling up the DagBag from /home/renan/datapipeline/.env/lib/python3.8/site-packages/airflow/example_dags/example_short_circuit_operator.py
[2022-08-09 00:03:41,871] {processor.py:651} INFO - DAG(s) dict_keys(['example_short_circuit_operator']) retrieved from /home/renan/datapipeline/.env/lib/python3.8/site-packages/airflow/example_dags/example_short_circuit_operator.py
[2022-08-09 00:03:41,884] {logging_mixin.py:115} INFO - [2022-08-09 00:03:41,884] {dag.py:2420} INFO - Sync 1 DAGs
[2022-08-09 00:03:41,896] {logging_mixin.py:115} INFO - [2022-08-09 00:03:41,896] {dag.py:2968} INFO - Setting next_dagrun for example_short_circuit_operator to 2022-08-08T03:03:41.896300+00:00, run_after=2022-08-09T03:03:41.896300+00:00
[2022-08-09 00:03:41,906] {processor.py:161} INFO - Processing /home/renan/datapipeline/.env/lib/python3.8/site-packages/airflow/example_dags/example_short_circuit_operator.py took 0.043 seconds
[2022-08-09 00:04:14,494] {processor.py:153} INFO - Started process (PID=10669) to work on /home/renan/datapipeline/.env/lib/python3.8/site-packages/airflow/example_dags/example_short_circuit_operator.py
[2022-08-09 00:04:14,494] {processor.py:641} INFO - Processing file /home/renan/datapipeline/.env/lib/python3.8/site-packages/airflow/example_dags/example_short_circuit_operator.py for tasks to queue
[2022-08-09 00:04:14,495] {logging_mixin.py:115} INFO - [2022-08-09 00:04:14,495] {dagbag.py:508} INFO - Filling up the DagBag from /home/renan/datapipeline/.env/lib/python3.8/site-packages/airflow/example_dags/example_short_circuit_operator.py
[2022-08-09 00:04:14,502] {processor.py:651} INFO - DAG(s) dict_keys(['example_short_circuit_operator']) retrieved from /home/renan/datapipeline/.env/lib/python3.8/site-packages/airflow/example_dags/example_short_circuit_operator.py
[2022-08-09 00:04:14,511] {logging_mixin.py:115} INFO - [2022-08-09 00:04:14,511] {dag.py:2420} INFO - Sync 1 DAGs
[2022-08-09 00:04:14,521] {logging_mixin.py:115} INFO - [2022-08-09 00:04:14,520] {dag.py:2968} INFO - Setting next_dagrun for example_short_circuit_operator to 2022-08-08T03:04:14.520742+00:00, run_after=2022-08-09T03:04:14.520742+00:00
[2022-08-09 00:04:14,535] {processor.py:161} INFO - Processing /home/renan/datapipeline/.env/lib/python3.8/site-packages/airflow/example_dags/example_short_circuit_operator.py took 0.043 seconds
[2022-08-09 00:04:49,389] {processor.py:153} INFO - Started process (PID=10710) to work on /home/renan/datapipeline/.env/lib/python3.8/site-packages/airflow/example_dags/example_short_circuit_operator.py
[2022-08-09 00:04:49,390] {processor.py:641} INFO - Processing file /home/renan/datapipeline/.env/lib/python3.8/site-packages/airflow/example_dags/example_short_circuit_operator.py for tasks to queue
[2022-08-09 00:04:49,390] {logging_mixin.py:115} INFO - [2022-08-09 00:04:49,390] {dagbag.py:508} INFO - Filling up the DagBag from /home/renan/datapipeline/.env/lib/python3.8/site-packages/airflow/example_dags/example_short_circuit_operator.py
[2022-08-09 00:04:49,397] {processor.py:651} INFO - DAG(s) dict_keys(['example_short_circuit_operator']) retrieved from /home/renan/datapipeline/.env/lib/python3.8/site-packages/airflow/example_dags/example_short_circuit_operator.py
[2022-08-09 00:04:49,407] {logging_mixin.py:115} INFO - [2022-08-09 00:04:49,407] {dag.py:2420} INFO - Sync 1 DAGs
[2022-08-09 00:04:49,418] {logging_mixin.py:115} INFO - [2022-08-09 00:04:49,418] {dag.py:2968} INFO - Setting next_dagrun for example_short_circuit_operator to 2022-08-08T03:04:49.418130+00:00, run_after=2022-08-09T03:04:49.418130+00:00
[2022-08-09 00:04:49,428] {processor.py:161} INFO - Processing /home/renan/datapipeline/.env/lib/python3.8/site-packages/airflow/example_dags/example_short_circuit_operator.py took 0.040 seconds
[2022-08-09 00:05:21,324] {processor.py:153} INFO - Started process (PID=10768) to work on /home/renan/datapipeline/.env/lib/python3.8/site-packages/airflow/example_dags/example_short_circuit_operator.py
[2022-08-09 00:05:21,324] {processor.py:641} INFO - Processing file /home/renan/datapipeline/.env/lib/python3.8/site-packages/airflow/example_dags/example_short_circuit_operator.py for tasks to queue
[2022-08-09 00:05:21,324] {logging_mixin.py:115} INFO - [2022-08-09 00:05:21,324] {dagbag.py:508} INFO - Filling up the DagBag from /home/renan/datapipeline/.env/lib/python3.8/site-packages/airflow/example_dags/example_short_circuit_operator.py
[2022-08-09 00:05:21,332] {processor.py:651} INFO - DAG(s) dict_keys(['example_short_circuit_operator']) retrieved from /home/renan/datapipeline/.env/lib/python3.8/site-packages/airflow/example_dags/example_short_circuit_operator.py
[2022-08-09 00:05:21,341] {logging_mixin.py:115} INFO - [2022-08-09 00:05:21,341] {dag.py:2420} INFO - Sync 1 DAGs
[2022-08-09 00:05:21,350] {logging_mixin.py:115} INFO - [2022-08-09 00:05:21,350] {dag.py:2968} INFO - Setting next_dagrun for example_short_circuit_operator to 2022-08-08T03:05:21.350663+00:00, run_after=2022-08-09T03:05:21.350663+00:00
[2022-08-09 00:05:21,359] {processor.py:161} INFO - Processing /home/renan/datapipeline/.env/lib/python3.8/site-packages/airflow/example_dags/example_short_circuit_operator.py took 0.037 seconds
[2022-08-09 00:05:52,738] {processor.py:153} INFO - Started process (PID=10804) to work on /home/renan/datapipeline/.env/lib/python3.8/site-packages/airflow/example_dags/example_short_circuit_operator.py
[2022-08-09 00:05:52,739] {processor.py:641} INFO - Processing file /home/renan/datapipeline/.env/lib/python3.8/site-packages/airflow/example_dags/example_short_circuit_operator.py for tasks to queue
[2022-08-09 00:05:52,739] {logging_mixin.py:115} INFO - [2022-08-09 00:05:52,739] {dagbag.py:508} INFO - Filling up the DagBag from /home/renan/datapipeline/.env/lib/python3.8/site-packages/airflow/example_dags/example_short_circuit_operator.py
[2022-08-09 00:05:52,746] {processor.py:651} INFO - DAG(s) dict_keys(['example_short_circuit_operator']) retrieved from /home/renan/datapipeline/.env/lib/python3.8/site-packages/airflow/example_dags/example_short_circuit_operator.py
[2022-08-09 00:05:52,756] {logging_mixin.py:115} INFO - [2022-08-09 00:05:52,755] {dag.py:2420} INFO - Sync 1 DAGs
[2022-08-09 00:05:52,765] {logging_mixin.py:115} INFO - [2022-08-09 00:05:52,765] {dag.py:2968} INFO - Setting next_dagrun for example_short_circuit_operator to 2022-08-08T03:05:52.765345+00:00, run_after=2022-08-09T03:05:52.765345+00:00
[2022-08-09 00:05:52,775] {processor.py:161} INFO - Processing /home/renan/datapipeline/.env/lib/python3.8/site-packages/airflow/example_dags/example_short_circuit_operator.py took 0.038 seconds
[2022-08-09 00:06:25,760] {processor.py:153} INFO - Started process (PID=10837) to work on /home/renan/datapipeline/.env/lib/python3.8/site-packages/airflow/example_dags/example_short_circuit_operator.py
[2022-08-09 00:06:25,760] {processor.py:641} INFO - Processing file /home/renan/datapipeline/.env/lib/python3.8/site-packages/airflow/example_dags/example_short_circuit_operator.py for tasks to queue
[2022-08-09 00:06:25,760] {logging_mixin.py:115} INFO - [2022-08-09 00:06:25,760] {dagbag.py:508} INFO - Filling up the DagBag from /home/renan/datapipeline/.env/lib/python3.8/site-packages/airflow/example_dags/example_short_circuit_operator.py
[2022-08-09 00:06:25,767] {processor.py:651} INFO - DAG(s) dict_keys(['example_short_circuit_operator']) retrieved from /home/renan/datapipeline/.env/lib/python3.8/site-packages/airflow/example_dags/example_short_circuit_operator.py
[2022-08-09 00:06:25,776] {logging_mixin.py:115} INFO - [2022-08-09 00:06:25,776] {dag.py:2420} INFO - Sync 1 DAGs
[2022-08-09 00:06:25,786] {logging_mixin.py:115} INFO - [2022-08-09 00:06:25,785] {dag.py:2968} INFO - Setting next_dagrun for example_short_circuit_operator to 2022-08-08T03:06:25.785789+00:00, run_after=2022-08-09T03:06:25.785789+00:00
[2022-08-09 00:06:25,794] {processor.py:161} INFO - Processing /home/renan/datapipeline/.env/lib/python3.8/site-packages/airflow/example_dags/example_short_circuit_operator.py took 0.036 seconds
[2022-08-09 00:07:00,533] {processor.py:153} INFO - Started process (PID=10892) to work on /home/renan/datapipeline/.env/lib/python3.8/site-packages/airflow/example_dags/example_short_circuit_operator.py
[2022-08-09 00:07:00,534] {processor.py:641} INFO - Processing file /home/renan/datapipeline/.env/lib/python3.8/site-packages/airflow/example_dags/example_short_circuit_operator.py for tasks to queue
[2022-08-09 00:07:00,534] {logging_mixin.py:115} INFO - [2022-08-09 00:07:00,534] {dagbag.py:508} INFO - Filling up the DagBag from /home/renan/datapipeline/.env/lib/python3.8/site-packages/airflow/example_dags/example_short_circuit_operator.py
[2022-08-09 00:07:00,541] {processor.py:651} INFO - DAG(s) dict_keys(['example_short_circuit_operator']) retrieved from /home/renan/datapipeline/.env/lib/python3.8/site-packages/airflow/example_dags/example_short_circuit_operator.py
[2022-08-09 00:07:00,551] {logging_mixin.py:115} INFO - [2022-08-09 00:07:00,551] {dag.py:2420} INFO - Sync 1 DAGs
[2022-08-09 00:07:00,561] {logging_mixin.py:115} INFO - [2022-08-09 00:07:00,560] {dag.py:2968} INFO - Setting next_dagrun for example_short_circuit_operator to 2022-08-08T03:07:00.560826+00:00, run_after=2022-08-09T03:07:00.560826+00:00
[2022-08-09 00:07:00,569] {processor.py:161} INFO - Processing /home/renan/datapipeline/.env/lib/python3.8/site-packages/airflow/example_dags/example_short_circuit_operator.py took 0.038 seconds
[2022-08-09 00:07:33,460] {processor.py:153} INFO - Started process (PID=10938) to work on /home/renan/datapipeline/.env/lib/python3.8/site-packages/airflow/example_dags/example_short_circuit_operator.py
[2022-08-09 00:07:33,461] {processor.py:641} INFO - Processing file /home/renan/datapipeline/.env/lib/python3.8/site-packages/airflow/example_dags/example_short_circuit_operator.py for tasks to queue
[2022-08-09 00:07:33,461] {logging_mixin.py:115} INFO - [2022-08-09 00:07:33,461] {dagbag.py:508} INFO - Filling up the DagBag from /home/renan/datapipeline/.env/lib/python3.8/site-packages/airflow/example_dags/example_short_circuit_operator.py
[2022-08-09 00:07:33,468] {processor.py:651} INFO - DAG(s) dict_keys(['example_short_circuit_operator']) retrieved from /home/renan/datapipeline/.env/lib/python3.8/site-packages/airflow/example_dags/example_short_circuit_operator.py
[2022-08-09 00:07:33,479] {logging_mixin.py:115} INFO - [2022-08-09 00:07:33,479] {dag.py:2420} INFO - Sync 1 DAGs
[2022-08-09 00:07:33,488] {logging_mixin.py:115} INFO - [2022-08-09 00:07:33,488] {dag.py:2968} INFO - Setting next_dagrun for example_short_circuit_operator to 2022-08-08T03:07:33.488707+00:00, run_after=2022-08-09T03:07:33.488707+00:00
[2022-08-09 00:07:33,499] {processor.py:161} INFO - Processing /home/renan/datapipeline/.env/lib/python3.8/site-packages/airflow/example_dags/example_short_circuit_operator.py took 0.040 seconds
[2022-08-09 00:08:07,227] {processor.py:153} INFO - Started process (PID=10978) to work on /home/renan/datapipeline/.env/lib/python3.8/site-packages/airflow/example_dags/example_short_circuit_operator.py
[2022-08-09 00:08:07,228] {processor.py:641} INFO - Processing file /home/renan/datapipeline/.env/lib/python3.8/site-packages/airflow/example_dags/example_short_circuit_operator.py for tasks to queue
[2022-08-09 00:08:07,228] {logging_mixin.py:115} INFO - [2022-08-09 00:08:07,228] {dagbag.py:508} INFO - Filling up the DagBag from /home/renan/datapipeline/.env/lib/python3.8/site-packages/airflow/example_dags/example_short_circuit_operator.py
[2022-08-09 00:08:07,235] {processor.py:651} INFO - DAG(s) dict_keys(['example_short_circuit_operator']) retrieved from /home/renan/datapipeline/.env/lib/python3.8/site-packages/airflow/example_dags/example_short_circuit_operator.py
[2022-08-09 00:08:07,245] {logging_mixin.py:115} INFO - [2022-08-09 00:08:07,245] {dag.py:2420} INFO - Sync 1 DAGs
[2022-08-09 00:08:07,254] {logging_mixin.py:115} INFO - [2022-08-09 00:08:07,254] {dag.py:2968} INFO - Setting next_dagrun for example_short_circuit_operator to 2022-08-08T03:08:07.254735+00:00, run_after=2022-08-09T03:08:07.254735+00:00
[2022-08-09 00:08:07,264] {processor.py:161} INFO - Processing /home/renan/datapipeline/.env/lib/python3.8/site-packages/airflow/example_dags/example_short_circuit_operator.py took 0.039 seconds
[2022-08-09 00:08:39,162] {processor.py:153} INFO - Started process (PID=11013) to work on /home/renan/datapipeline/.env/lib/python3.8/site-packages/airflow/example_dags/example_short_circuit_operator.py
[2022-08-09 00:08:39,162] {processor.py:641} INFO - Processing file /home/renan/datapipeline/.env/lib/python3.8/site-packages/airflow/example_dags/example_short_circuit_operator.py for tasks to queue
[2022-08-09 00:08:39,162] {logging_mixin.py:115} INFO - [2022-08-09 00:08:39,162] {dagbag.py:508} INFO - Filling up the DagBag from /home/renan/datapipeline/.env/lib/python3.8/site-packages/airflow/example_dags/example_short_circuit_operator.py
[2022-08-09 00:08:39,169] {processor.py:651} INFO - DAG(s) dict_keys(['example_short_circuit_operator']) retrieved from /home/renan/datapipeline/.env/lib/python3.8/site-packages/airflow/example_dags/example_short_circuit_operator.py
[2022-08-09 00:08:39,179] {logging_mixin.py:115} INFO - [2022-08-09 00:08:39,179] {dag.py:2420} INFO - Sync 1 DAGs
[2022-08-09 00:08:39,189] {logging_mixin.py:115} INFO - [2022-08-09 00:08:39,189] {dag.py:2968} INFO - Setting next_dagrun for example_short_circuit_operator to 2022-08-08T03:08:39.188874+00:00, run_after=2022-08-09T03:08:39.188874+00:00
[2022-08-09 00:08:39,197] {processor.py:161} INFO - Processing /home/renan/datapipeline/.env/lib/python3.8/site-packages/airflow/example_dags/example_short_circuit_operator.py took 0.038 seconds
[2022-08-09 00:09:12,731] {processor.py:153} INFO - Started process (PID=11049) to work on /home/renan/datapipeline/.env/lib/python3.8/site-packages/airflow/example_dags/example_short_circuit_operator.py
[2022-08-09 00:09:12,731] {processor.py:641} INFO - Processing file /home/renan/datapipeline/.env/lib/python3.8/site-packages/airflow/example_dags/example_short_circuit_operator.py for tasks to queue
[2022-08-09 00:09:12,732] {logging_mixin.py:115} INFO - [2022-08-09 00:09:12,731] {dagbag.py:508} INFO - Filling up the DagBag from /home/renan/datapipeline/.env/lib/python3.8/site-packages/airflow/example_dags/example_short_circuit_operator.py
[2022-08-09 00:09:12,738] {processor.py:651} INFO - DAG(s) dict_keys(['example_short_circuit_operator']) retrieved from /home/renan/datapipeline/.env/lib/python3.8/site-packages/airflow/example_dags/example_short_circuit_operator.py
[2022-08-09 00:09:12,748] {logging_mixin.py:115} INFO - [2022-08-09 00:09:12,748] {dag.py:2420} INFO - Sync 1 DAGs
[2022-08-09 00:09:12,757] {logging_mixin.py:115} INFO - [2022-08-09 00:09:12,757] {dag.py:2968} INFO - Setting next_dagrun for example_short_circuit_operator to 2022-08-08T03:09:12.757516+00:00, run_after=2022-08-09T03:09:12.757516+00:00
[2022-08-09 00:09:12,766] {processor.py:161} INFO - Processing /home/renan/datapipeline/.env/lib/python3.8/site-packages/airflow/example_dags/example_short_circuit_operator.py took 0.037 seconds
[2022-08-09 00:09:46,073] {processor.py:153} INFO - Started process (PID=11085) to work on /home/renan/datapipeline/.env/lib/python3.8/site-packages/airflow/example_dags/example_short_circuit_operator.py
[2022-08-09 00:09:46,073] {processor.py:641} INFO - Processing file /home/renan/datapipeline/.env/lib/python3.8/site-packages/airflow/example_dags/example_short_circuit_operator.py for tasks to queue
[2022-08-09 00:09:46,073] {logging_mixin.py:115} INFO - [2022-08-09 00:09:46,073] {dagbag.py:508} INFO - Filling up the DagBag from /home/renan/datapipeline/.env/lib/python3.8/site-packages/airflow/example_dags/example_short_circuit_operator.py
[2022-08-09 00:09:46,081] {processor.py:651} INFO - DAG(s) dict_keys(['example_short_circuit_operator']) retrieved from /home/renan/datapipeline/.env/lib/python3.8/site-packages/airflow/example_dags/example_short_circuit_operator.py
[2022-08-09 00:09:46,090] {logging_mixin.py:115} INFO - [2022-08-09 00:09:46,090] {dag.py:2420} INFO - Sync 1 DAGs
[2022-08-09 00:09:46,100] {logging_mixin.py:115} INFO - [2022-08-09 00:09:46,100] {dag.py:2968} INFO - Setting next_dagrun for example_short_circuit_operator to 2022-08-08T03:09:46.100002+00:00, run_after=2022-08-09T03:09:46.100002+00:00
[2022-08-09 00:09:46,109] {processor.py:161} INFO - Processing /home/renan/datapipeline/.env/lib/python3.8/site-packages/airflow/example_dags/example_short_circuit_operator.py took 0.038 seconds
[2022-08-09 00:10:17,552] {processor.py:153} INFO - Started process (PID=11123) to work on /home/renan/datapipeline/.env/lib/python3.8/site-packages/airflow/example_dags/example_short_circuit_operator.py
[2022-08-09 00:10:17,553] {processor.py:641} INFO - Processing file /home/renan/datapipeline/.env/lib/python3.8/site-packages/airflow/example_dags/example_short_circuit_operator.py for tasks to queue
[2022-08-09 00:10:17,553] {logging_mixin.py:115} INFO - [2022-08-09 00:10:17,553] {dagbag.py:508} INFO - Filling up the DagBag from /home/renan/datapipeline/.env/lib/python3.8/site-packages/airflow/example_dags/example_short_circuit_operator.py
[2022-08-09 00:10:17,560] {processor.py:651} INFO - DAG(s) dict_keys(['example_short_circuit_operator']) retrieved from /home/renan/datapipeline/.env/lib/python3.8/site-packages/airflow/example_dags/example_short_circuit_operator.py
[2022-08-09 00:10:17,569] {logging_mixin.py:115} INFO - [2022-08-09 00:10:17,569] {dag.py:2420} INFO - Sync 1 DAGs
[2022-08-09 00:10:17,579] {logging_mixin.py:115} INFO - [2022-08-09 00:10:17,579] {dag.py:2968} INFO - Setting next_dagrun for example_short_circuit_operator to 2022-08-08T03:10:17.579182+00:00, run_after=2022-08-09T03:10:17.579182+00:00
[2022-08-09 00:10:17,588] {processor.py:161} INFO - Processing /home/renan/datapipeline/.env/lib/python3.8/site-packages/airflow/example_dags/example_short_circuit_operator.py took 0.037 seconds
[2022-08-09 00:10:54,705] {processor.py:153} INFO - Started process (PID=11178) to work on /home/renan/datapipeline/.env/lib/python3.8/site-packages/airflow/example_dags/example_short_circuit_operator.py
[2022-08-09 00:10:54,706] {processor.py:641} INFO - Processing file /home/renan/datapipeline/.env/lib/python3.8/site-packages/airflow/example_dags/example_short_circuit_operator.py for tasks to queue
[2022-08-09 00:10:54,706] {logging_mixin.py:115} INFO - [2022-08-09 00:10:54,706] {dagbag.py:508} INFO - Filling up the DagBag from /home/renan/datapipeline/.env/lib/python3.8/site-packages/airflow/example_dags/example_short_circuit_operator.py
[2022-08-09 00:10:54,713] {processor.py:651} INFO - DAG(s) dict_keys(['example_short_circuit_operator']) retrieved from /home/renan/datapipeline/.env/lib/python3.8/site-packages/airflow/example_dags/example_short_circuit_operator.py
[2022-08-09 00:10:54,724] {logging_mixin.py:115} INFO - [2022-08-09 00:10:54,724] {dag.py:2420} INFO - Sync 1 DAGs
[2022-08-09 00:10:54,734] {logging_mixin.py:115} INFO - [2022-08-09 00:10:54,734] {dag.py:2968} INFO - Setting next_dagrun for example_short_circuit_operator to 2022-08-08T03:10:54.734700+00:00, run_after=2022-08-09T03:10:54.734700+00:00
[2022-08-09 00:10:54,745] {processor.py:161} INFO - Processing /home/renan/datapipeline/.env/lib/python3.8/site-packages/airflow/example_dags/example_short_circuit_operator.py took 0.043 seconds
[2022-08-09 00:11:27,256] {processor.py:153} INFO - Started process (PID=11214) to work on /home/renan/datapipeline/.env/lib/python3.8/site-packages/airflow/example_dags/example_short_circuit_operator.py
[2022-08-09 00:11:27,257] {processor.py:641} INFO - Processing file /home/renan/datapipeline/.env/lib/python3.8/site-packages/airflow/example_dags/example_short_circuit_operator.py for tasks to queue
[2022-08-09 00:11:27,257] {logging_mixin.py:115} INFO - [2022-08-09 00:11:27,257] {dagbag.py:508} INFO - Filling up the DagBag from /home/renan/datapipeline/.env/lib/python3.8/site-packages/airflow/example_dags/example_short_circuit_operator.py
[2022-08-09 00:11:27,264] {processor.py:651} INFO - DAG(s) dict_keys(['example_short_circuit_operator']) retrieved from /home/renan/datapipeline/.env/lib/python3.8/site-packages/airflow/example_dags/example_short_circuit_operator.py
[2022-08-09 00:11:27,273] {logging_mixin.py:115} INFO - [2022-08-09 00:11:27,273] {dag.py:2420} INFO - Sync 1 DAGs
[2022-08-09 00:11:27,283] {logging_mixin.py:115} INFO - [2022-08-09 00:11:27,283] {dag.py:2968} INFO - Setting next_dagrun for example_short_circuit_operator to 2022-08-08T03:11:27.282900+00:00, run_after=2022-08-09T03:11:27.282900+00:00
[2022-08-09 00:11:27,292] {processor.py:161} INFO - Processing /home/renan/datapipeline/.env/lib/python3.8/site-packages/airflow/example_dags/example_short_circuit_operator.py took 0.037 seconds
[2022-08-09 00:11:59,492] {processor.py:153} INFO - Started process (PID=11262) to work on /home/renan/datapipeline/.env/lib/python3.8/site-packages/airflow/example_dags/example_short_circuit_operator.py
[2022-08-09 00:11:59,492] {processor.py:641} INFO - Processing file /home/renan/datapipeline/.env/lib/python3.8/site-packages/airflow/example_dags/example_short_circuit_operator.py for tasks to queue
[2022-08-09 00:11:59,492] {logging_mixin.py:115} INFO - [2022-08-09 00:11:59,492] {dagbag.py:508} INFO - Filling up the DagBag from /home/renan/datapipeline/.env/lib/python3.8/site-packages/airflow/example_dags/example_short_circuit_operator.py
[2022-08-09 00:11:59,501] {processor.py:651} INFO - DAG(s) dict_keys(['example_short_circuit_operator']) retrieved from /home/renan/datapipeline/.env/lib/python3.8/site-packages/airflow/example_dags/example_short_circuit_operator.py
[2022-08-09 00:11:59,511] {logging_mixin.py:115} INFO - [2022-08-09 00:11:59,511] {dag.py:2420} INFO - Sync 1 DAGs
[2022-08-09 00:11:59,520] {logging_mixin.py:115} INFO - [2022-08-09 00:11:59,520] {dag.py:2968} INFO - Setting next_dagrun for example_short_circuit_operator to 2022-08-08T03:11:59.520586+00:00, run_after=2022-08-09T03:11:59.520586+00:00
[2022-08-09 00:11:59,529] {processor.py:161} INFO - Processing /home/renan/datapipeline/.env/lib/python3.8/site-packages/airflow/example_dags/example_short_circuit_operator.py took 0.040 seconds
[2022-08-09 00:12:31,978] {processor.py:153} INFO - Started process (PID=11314) to work on /home/renan/datapipeline/.env/lib/python3.8/site-packages/airflow/example_dags/example_short_circuit_operator.py
[2022-08-09 00:12:31,978] {processor.py:641} INFO - Processing file /home/renan/datapipeline/.env/lib/python3.8/site-packages/airflow/example_dags/example_short_circuit_operator.py for tasks to queue
[2022-08-09 00:12:31,979] {logging_mixin.py:115} INFO - [2022-08-09 00:12:31,979] {dagbag.py:508} INFO - Filling up the DagBag from /home/renan/datapipeline/.env/lib/python3.8/site-packages/airflow/example_dags/example_short_circuit_operator.py
[2022-08-09 00:12:31,986] {processor.py:651} INFO - DAG(s) dict_keys(['example_short_circuit_operator']) retrieved from /home/renan/datapipeline/.env/lib/python3.8/site-packages/airflow/example_dags/example_short_circuit_operator.py
[2022-08-09 00:12:31,995] {logging_mixin.py:115} INFO - [2022-08-09 00:12:31,995] {dag.py:2420} INFO - Sync 1 DAGs
[2022-08-09 00:12:32,005] {logging_mixin.py:115} INFO - [2022-08-09 00:12:32,005] {dag.py:2968} INFO - Setting next_dagrun for example_short_circuit_operator to 2022-08-08T03:12:32.005306+00:00, run_after=2022-08-09T03:12:32.005306+00:00
[2022-08-09 00:12:32,014] {processor.py:161} INFO - Processing /home/renan/datapipeline/.env/lib/python3.8/site-packages/airflow/example_dags/example_short_circuit_operator.py took 0.038 seconds
[2022-08-09 00:13:05,873] {processor.py:153} INFO - Started process (PID=11363) to work on /home/renan/datapipeline/.env/lib/python3.8/site-packages/airflow/example_dags/example_short_circuit_operator.py
[2022-08-09 00:13:05,873] {processor.py:641} INFO - Processing file /home/renan/datapipeline/.env/lib/python3.8/site-packages/airflow/example_dags/example_short_circuit_operator.py for tasks to queue
[2022-08-09 00:13:05,874] {logging_mixin.py:115} INFO - [2022-08-09 00:13:05,874] {dagbag.py:508} INFO - Filling up the DagBag from /home/renan/datapipeline/.env/lib/python3.8/site-packages/airflow/example_dags/example_short_circuit_operator.py
[2022-08-09 00:13:05,881] {processor.py:651} INFO - DAG(s) dict_keys(['example_short_circuit_operator']) retrieved from /home/renan/datapipeline/.env/lib/python3.8/site-packages/airflow/example_dags/example_short_circuit_operator.py
[2022-08-09 00:13:05,891] {logging_mixin.py:115} INFO - [2022-08-09 00:13:05,891] {dag.py:2420} INFO - Sync 1 DAGs
[2022-08-09 00:13:05,902] {logging_mixin.py:115} INFO - [2022-08-09 00:13:05,902] {dag.py:2968} INFO - Setting next_dagrun for example_short_circuit_operator to 2022-08-08T03:13:05.902033+00:00, run_after=2022-08-09T03:13:05.902033+00:00
[2022-08-09 00:13:05,913] {processor.py:161} INFO - Processing /home/renan/datapipeline/.env/lib/python3.8/site-packages/airflow/example_dags/example_short_circuit_operator.py took 0.041 seconds
[2022-08-09 00:13:37,674] {processor.py:153} INFO - Started process (PID=11398) to work on /home/renan/datapipeline/.env/lib/python3.8/site-packages/airflow/example_dags/example_short_circuit_operator.py
[2022-08-09 00:13:37,675] {processor.py:641} INFO - Processing file /home/renan/datapipeline/.env/lib/python3.8/site-packages/airflow/example_dags/example_short_circuit_operator.py for tasks to queue
[2022-08-09 00:13:37,675] {logging_mixin.py:115} INFO - [2022-08-09 00:13:37,675] {dagbag.py:508} INFO - Filling up the DagBag from /home/renan/datapipeline/.env/lib/python3.8/site-packages/airflow/example_dags/example_short_circuit_operator.py
[2022-08-09 00:13:37,683] {processor.py:651} INFO - DAG(s) dict_keys(['example_short_circuit_operator']) retrieved from /home/renan/datapipeline/.env/lib/python3.8/site-packages/airflow/example_dags/example_short_circuit_operator.py
[2022-08-09 00:13:37,695] {logging_mixin.py:115} INFO - [2022-08-09 00:13:37,695] {dag.py:2420} INFO - Sync 1 DAGs
[2022-08-09 00:13:37,708] {logging_mixin.py:115} INFO - [2022-08-09 00:13:37,708] {dag.py:2968} INFO - Setting next_dagrun for example_short_circuit_operator to 2022-08-08T03:13:37.708104+00:00, run_after=2022-08-09T03:13:37.708104+00:00
[2022-08-09 00:13:37,718] {processor.py:161} INFO - Processing /home/renan/datapipeline/.env/lib/python3.8/site-packages/airflow/example_dags/example_short_circuit_operator.py took 0.046 seconds
[2022-08-09 00:14:11,442] {processor.py:153} INFO - Started process (PID=11483) to work on /home/renan/datapipeline/.env/lib/python3.8/site-packages/airflow/example_dags/example_short_circuit_operator.py
[2022-08-09 00:14:11,443] {processor.py:641} INFO - Processing file /home/renan/datapipeline/.env/lib/python3.8/site-packages/airflow/example_dags/example_short_circuit_operator.py for tasks to queue
[2022-08-09 00:14:11,443] {logging_mixin.py:115} INFO - [2022-08-09 00:14:11,443] {dagbag.py:508} INFO - Filling up the DagBag from /home/renan/datapipeline/.env/lib/python3.8/site-packages/airflow/example_dags/example_short_circuit_operator.py
[2022-08-09 00:14:11,448] {processor.py:651} INFO - DAG(s) dict_keys(['example_short_circuit_operator']) retrieved from /home/renan/datapipeline/.env/lib/python3.8/site-packages/airflow/example_dags/example_short_circuit_operator.py
[2022-08-09 00:14:11,458] {logging_mixin.py:115} INFO - [2022-08-09 00:14:11,458] {dag.py:2420} INFO - Sync 1 DAGs
[2022-08-09 00:14:11,468] {logging_mixin.py:115} INFO - [2022-08-09 00:14:11,468] {dag.py:2968} INFO - Setting next_dagrun for example_short_circuit_operator to 2022-08-08T03:14:11.468010+00:00, run_after=2022-08-09T03:14:11.468010+00:00
[2022-08-09 00:14:11,477] {processor.py:161} INFO - Processing /home/renan/datapipeline/.env/lib/python3.8/site-packages/airflow/example_dags/example_short_circuit_operator.py took 0.036 seconds
[2022-08-09 00:14:44,503] {processor.py:153} INFO - Started process (PID=11529) to work on /home/renan/datapipeline/.env/lib/python3.8/site-packages/airflow/example_dags/example_short_circuit_operator.py
[2022-08-09 00:14:44,504] {processor.py:641} INFO - Processing file /home/renan/datapipeline/.env/lib/python3.8/site-packages/airflow/example_dags/example_short_circuit_operator.py for tasks to queue
[2022-08-09 00:14:44,504] {logging_mixin.py:115} INFO - [2022-08-09 00:14:44,504] {dagbag.py:508} INFO - Filling up the DagBag from /home/renan/datapipeline/.env/lib/python3.8/site-packages/airflow/example_dags/example_short_circuit_operator.py
[2022-08-09 00:14:44,509] {processor.py:651} INFO - DAG(s) dict_keys(['example_short_circuit_operator']) retrieved from /home/renan/datapipeline/.env/lib/python3.8/site-packages/airflow/example_dags/example_short_circuit_operator.py
[2022-08-09 00:14:44,519] {logging_mixin.py:115} INFO - [2022-08-09 00:14:44,519] {dag.py:2420} INFO - Sync 1 DAGs
[2022-08-09 00:14:44,529] {logging_mixin.py:115} INFO - [2022-08-09 00:14:44,529] {dag.py:2968} INFO - Setting next_dagrun for example_short_circuit_operator to 2022-08-08T03:14:44.529135+00:00, run_after=2022-08-09T03:14:44.529135+00:00
[2022-08-09 00:14:44,538] {processor.py:161} INFO - Processing /home/renan/datapipeline/.env/lib/python3.8/site-packages/airflow/example_dags/example_short_circuit_operator.py took 0.037 seconds
[2022-08-09 00:15:21,157] {processor.py:153} INFO - Started process (PID=11572) to work on /home/renan/datapipeline/.env/lib/python3.8/site-packages/airflow/example_dags/example_short_circuit_operator.py
[2022-08-09 00:15:21,157] {processor.py:641} INFO - Processing file /home/renan/datapipeline/.env/lib/python3.8/site-packages/airflow/example_dags/example_short_circuit_operator.py for tasks to queue
[2022-08-09 00:15:21,157] {logging_mixin.py:115} INFO - [2022-08-09 00:15:21,157] {dagbag.py:508} INFO - Filling up the DagBag from /home/renan/datapipeline/.env/lib/python3.8/site-packages/airflow/example_dags/example_short_circuit_operator.py
[2022-08-09 00:15:21,163] {processor.py:651} INFO - DAG(s) dict_keys(['example_short_circuit_operator']) retrieved from /home/renan/datapipeline/.env/lib/python3.8/site-packages/airflow/example_dags/example_short_circuit_operator.py
[2022-08-09 00:15:21,174] {logging_mixin.py:115} INFO - [2022-08-09 00:15:21,173] {dag.py:2420} INFO - Sync 1 DAGs
[2022-08-09 00:15:21,183] {logging_mixin.py:115} INFO - [2022-08-09 00:15:21,183] {dag.py:2968} INFO - Setting next_dagrun for example_short_circuit_operator to 2022-08-08T03:15:21.183552+00:00, run_after=2022-08-09T03:15:21.183552+00:00
[2022-08-09 00:15:21,192] {processor.py:161} INFO - Processing /home/renan/datapipeline/.env/lib/python3.8/site-packages/airflow/example_dags/example_short_circuit_operator.py took 0.037 seconds
[2022-08-09 00:15:54,095] {processor.py:153} INFO - Started process (PID=11650) to work on /home/renan/datapipeline/.env/lib/python3.8/site-packages/airflow/example_dags/example_short_circuit_operator.py
[2022-08-09 00:15:54,095] {processor.py:641} INFO - Processing file /home/renan/datapipeline/.env/lib/python3.8/site-packages/airflow/example_dags/example_short_circuit_operator.py for tasks to queue
[2022-08-09 00:15:54,095] {logging_mixin.py:115} INFO - [2022-08-09 00:15:54,095] {dagbag.py:508} INFO - Filling up the DagBag from /home/renan/datapipeline/.env/lib/python3.8/site-packages/airflow/example_dags/example_short_circuit_operator.py
[2022-08-09 00:15:54,101] {processor.py:651} INFO - DAG(s) dict_keys(['example_short_circuit_operator']) retrieved from /home/renan/datapipeline/.env/lib/python3.8/site-packages/airflow/example_dags/example_short_circuit_operator.py
[2022-08-09 00:15:54,112] {logging_mixin.py:115} INFO - [2022-08-09 00:15:54,112] {dag.py:2420} INFO - Sync 1 DAGs
[2022-08-09 00:15:54,122] {logging_mixin.py:115} INFO - [2022-08-09 00:15:54,122] {dag.py:2968} INFO - Setting next_dagrun for example_short_circuit_operator to 2022-08-08T03:15:54.122123+00:00, run_after=2022-08-09T03:15:54.122123+00:00
[2022-08-09 00:15:54,130] {processor.py:161} INFO - Processing /home/renan/datapipeline/.env/lib/python3.8/site-packages/airflow/example_dags/example_short_circuit_operator.py took 0.037 seconds
[2022-08-09 00:16:27,110] {processor.py:153} INFO - Started process (PID=11697) to work on /home/renan/datapipeline/.env/lib/python3.8/site-packages/airflow/example_dags/example_short_circuit_operator.py
[2022-08-09 00:16:27,111] {processor.py:641} INFO - Processing file /home/renan/datapipeline/.env/lib/python3.8/site-packages/airflow/example_dags/example_short_circuit_operator.py for tasks to queue
[2022-08-09 00:16:27,111] {logging_mixin.py:115} INFO - [2022-08-09 00:16:27,111] {dagbag.py:508} INFO - Filling up the DagBag from /home/renan/datapipeline/.env/lib/python3.8/site-packages/airflow/example_dags/example_short_circuit_operator.py
[2022-08-09 00:16:27,117] {processor.py:651} INFO - DAG(s) dict_keys(['example_short_circuit_operator']) retrieved from /home/renan/datapipeline/.env/lib/python3.8/site-packages/airflow/example_dags/example_short_circuit_operator.py
[2022-08-09 00:16:27,129] {logging_mixin.py:115} INFO - [2022-08-09 00:16:27,129] {dag.py:2420} INFO - Sync 1 DAGs
[2022-08-09 00:16:27,142] {logging_mixin.py:115} INFO - [2022-08-09 00:16:27,141] {dag.py:2968} INFO - Setting next_dagrun for example_short_circuit_operator to 2022-08-08T03:16:27.141679+00:00, run_after=2022-08-09T03:16:27.141679+00:00
[2022-08-09 00:16:27,152] {processor.py:161} INFO - Processing /home/renan/datapipeline/.env/lib/python3.8/site-packages/airflow/example_dags/example_short_circuit_operator.py took 0.044 seconds
[2022-08-09 00:17:02,787] {processor.py:153} INFO - Started process (PID=11752) to work on /home/renan/datapipeline/.env/lib/python3.8/site-packages/airflow/example_dags/example_short_circuit_operator.py
[2022-08-09 00:17:02,787] {processor.py:641} INFO - Processing file /home/renan/datapipeline/.env/lib/python3.8/site-packages/airflow/example_dags/example_short_circuit_operator.py for tasks to queue
[2022-08-09 00:17:02,788] {logging_mixin.py:115} INFO - [2022-08-09 00:17:02,788] {dagbag.py:508} INFO - Filling up the DagBag from /home/renan/datapipeline/.env/lib/python3.8/site-packages/airflow/example_dags/example_short_circuit_operator.py
[2022-08-09 00:17:02,793] {processor.py:651} INFO - DAG(s) dict_keys(['example_short_circuit_operator']) retrieved from /home/renan/datapipeline/.env/lib/python3.8/site-packages/airflow/example_dags/example_short_circuit_operator.py
[2022-08-09 00:17:02,804] {logging_mixin.py:115} INFO - [2022-08-09 00:17:02,804] {dag.py:2420} INFO - Sync 1 DAGs
[2022-08-09 00:17:02,815] {logging_mixin.py:115} INFO - [2022-08-09 00:17:02,815] {dag.py:2968} INFO - Setting next_dagrun for example_short_circuit_operator to 2022-08-08T03:17:02.815205+00:00, run_after=2022-08-09T03:17:02.815205+00:00
[2022-08-09 00:17:02,825] {processor.py:161} INFO - Processing /home/renan/datapipeline/.env/lib/python3.8/site-packages/airflow/example_dags/example_short_circuit_operator.py took 0.040 seconds
[2022-08-09 00:17:35,306] {processor.py:153} INFO - Started process (PID=11795) to work on /home/renan/datapipeline/.env/lib/python3.8/site-packages/airflow/example_dags/example_short_circuit_operator.py
[2022-08-09 00:17:35,307] {processor.py:641} INFO - Processing file /home/renan/datapipeline/.env/lib/python3.8/site-packages/airflow/example_dags/example_short_circuit_operator.py for tasks to queue
[2022-08-09 00:17:35,307] {logging_mixin.py:115} INFO - [2022-08-09 00:17:35,307] {dagbag.py:508} INFO - Filling up the DagBag from /home/renan/datapipeline/.env/lib/python3.8/site-packages/airflow/example_dags/example_short_circuit_operator.py
[2022-08-09 00:17:35,314] {processor.py:651} INFO - DAG(s) dict_keys(['example_short_circuit_operator']) retrieved from /home/renan/datapipeline/.env/lib/python3.8/site-packages/airflow/example_dags/example_short_circuit_operator.py
[2022-08-09 00:17:35,329] {logging_mixin.py:115} INFO - [2022-08-09 00:17:35,329] {dag.py:2420} INFO - Sync 1 DAGs
[2022-08-09 00:17:35,342] {logging_mixin.py:115} INFO - [2022-08-09 00:17:35,342] {dag.py:2968} INFO - Setting next_dagrun for example_short_circuit_operator to 2022-08-08T03:17:35.341937+00:00, run_after=2022-08-09T03:17:35.341937+00:00
[2022-08-09 00:17:35,352] {processor.py:161} INFO - Processing /home/renan/datapipeline/.env/lib/python3.8/site-packages/airflow/example_dags/example_short_circuit_operator.py took 0.049 seconds
[2022-08-09 00:18:06,381] {processor.py:153} INFO - Started process (PID=11832) to work on /home/renan/datapipeline/.env/lib/python3.8/site-packages/airflow/example_dags/example_short_circuit_operator.py
[2022-08-09 00:18:06,381] {processor.py:641} INFO - Processing file /home/renan/datapipeline/.env/lib/python3.8/site-packages/airflow/example_dags/example_short_circuit_operator.py for tasks to queue
[2022-08-09 00:18:06,381] {logging_mixin.py:115} INFO - [2022-08-09 00:18:06,381] {dagbag.py:508} INFO - Filling up the DagBag from /home/renan/datapipeline/.env/lib/python3.8/site-packages/airflow/example_dags/example_short_circuit_operator.py
[2022-08-09 00:18:06,387] {processor.py:651} INFO - DAG(s) dict_keys(['example_short_circuit_operator']) retrieved from /home/renan/datapipeline/.env/lib/python3.8/site-packages/airflow/example_dags/example_short_circuit_operator.py
[2022-08-09 00:18:06,397] {logging_mixin.py:115} INFO - [2022-08-09 00:18:06,397] {dag.py:2420} INFO - Sync 1 DAGs
[2022-08-09 00:18:06,407] {logging_mixin.py:115} INFO - [2022-08-09 00:18:06,407] {dag.py:2968} INFO - Setting next_dagrun for example_short_circuit_operator to 2022-08-08T03:18:06.407106+00:00, run_after=2022-08-09T03:18:06.407106+00:00
[2022-08-09 00:18:06,416] {processor.py:161} INFO - Processing /home/renan/datapipeline/.env/lib/python3.8/site-packages/airflow/example_dags/example_short_circuit_operator.py took 0.037 seconds
[2022-08-09 00:18:42,314] {processor.py:153} INFO - Started process (PID=11868) to work on /home/renan/datapipeline/.env/lib/python3.8/site-packages/airflow/example_dags/example_short_circuit_operator.py
[2022-08-09 00:18:42,315] {processor.py:641} INFO - Processing file /home/renan/datapipeline/.env/lib/python3.8/site-packages/airflow/example_dags/example_short_circuit_operator.py for tasks to queue
[2022-08-09 00:18:42,315] {logging_mixin.py:115} INFO - [2022-08-09 00:18:42,315] {dagbag.py:508} INFO - Filling up the DagBag from /home/renan/datapipeline/.env/lib/python3.8/site-packages/airflow/example_dags/example_short_circuit_operator.py
[2022-08-09 00:18:42,321] {processor.py:651} INFO - DAG(s) dict_keys(['example_short_circuit_operator']) retrieved from /home/renan/datapipeline/.env/lib/python3.8/site-packages/airflow/example_dags/example_short_circuit_operator.py
[2022-08-09 00:18:42,331] {logging_mixin.py:115} INFO - [2022-08-09 00:18:42,331] {dag.py:2420} INFO - Sync 1 DAGs
[2022-08-09 00:18:42,341] {logging_mixin.py:115} INFO - [2022-08-09 00:18:42,341] {dag.py:2968} INFO - Setting next_dagrun for example_short_circuit_operator to 2022-08-08T03:18:42.341033+00:00, run_after=2022-08-09T03:18:42.341033+00:00
[2022-08-09 00:18:42,350] {processor.py:161} INFO - Processing /home/renan/datapipeline/.env/lib/python3.8/site-packages/airflow/example_dags/example_short_circuit_operator.py took 0.037 seconds
[2022-08-09 00:19:15,278] {processor.py:153} INFO - Started process (PID=11904) to work on /home/renan/datapipeline/.env/lib/python3.8/site-packages/airflow/example_dags/example_short_circuit_operator.py
[2022-08-09 00:19:15,278] {processor.py:641} INFO - Processing file /home/renan/datapipeline/.env/lib/python3.8/site-packages/airflow/example_dags/example_short_circuit_operator.py for tasks to queue
[2022-08-09 00:19:15,278] {logging_mixin.py:115} INFO - [2022-08-09 00:19:15,278] {dagbag.py:508} INFO - Filling up the DagBag from /home/renan/datapipeline/.env/lib/python3.8/site-packages/airflow/example_dags/example_short_circuit_operator.py
[2022-08-09 00:19:15,284] {processor.py:651} INFO - DAG(s) dict_keys(['example_short_circuit_operator']) retrieved from /home/renan/datapipeline/.env/lib/python3.8/site-packages/airflow/example_dags/example_short_circuit_operator.py
[2022-08-09 00:19:15,294] {logging_mixin.py:115} INFO - [2022-08-09 00:19:15,294] {dag.py:2420} INFO - Sync 1 DAGs
[2022-08-09 00:19:15,303] {logging_mixin.py:115} INFO - [2022-08-09 00:19:15,303] {dag.py:2968} INFO - Setting next_dagrun for example_short_circuit_operator to 2022-08-08T03:19:15.303328+00:00, run_after=2022-08-09T03:19:15.303328+00:00
[2022-08-09 00:19:15,312] {processor.py:161} INFO - Processing /home/renan/datapipeline/.env/lib/python3.8/site-packages/airflow/example_dags/example_short_circuit_operator.py took 0.035 seconds
[2022-08-09 00:19:48,951] {processor.py:153} INFO - Started process (PID=11940) to work on /home/renan/datapipeline/.env/lib/python3.8/site-packages/airflow/example_dags/example_short_circuit_operator.py
[2022-08-09 00:19:48,952] {processor.py:641} INFO - Processing file /home/renan/datapipeline/.env/lib/python3.8/site-packages/airflow/example_dags/example_short_circuit_operator.py for tasks to queue
[2022-08-09 00:19:48,952] {logging_mixin.py:115} INFO - [2022-08-09 00:19:48,952] {dagbag.py:508} INFO - Filling up the DagBag from /home/renan/datapipeline/.env/lib/python3.8/site-packages/airflow/example_dags/example_short_circuit_operator.py
[2022-08-09 00:19:48,957] {processor.py:651} INFO - DAG(s) dict_keys(['example_short_circuit_operator']) retrieved from /home/renan/datapipeline/.env/lib/python3.8/site-packages/airflow/example_dags/example_short_circuit_operator.py
[2022-08-09 00:19:48,967] {logging_mixin.py:115} INFO - [2022-08-09 00:19:48,967] {dag.py:2420} INFO - Sync 1 DAGs
[2022-08-09 00:19:48,977] {logging_mixin.py:115} INFO - [2022-08-09 00:19:48,976] {dag.py:2968} INFO - Setting next_dagrun for example_short_circuit_operator to 2022-08-08T03:19:48.976801+00:00, run_after=2022-08-09T03:19:48.976801+00:00
[2022-08-09 00:19:48,985] {processor.py:161} INFO - Processing /home/renan/datapipeline/.env/lib/python3.8/site-packages/airflow/example_dags/example_short_circuit_operator.py took 0.036 seconds
[2022-08-09 00:20:21,965] {processor.py:153} INFO - Started process (PID=11979) to work on /home/renan/datapipeline/.env/lib/python3.8/site-packages/airflow/example_dags/example_short_circuit_operator.py
[2022-08-09 00:20:21,965] {processor.py:641} INFO - Processing file /home/renan/datapipeline/.env/lib/python3.8/site-packages/airflow/example_dags/example_short_circuit_operator.py for tasks to queue
[2022-08-09 00:20:21,966] {logging_mixin.py:115} INFO - [2022-08-09 00:20:21,966] {dagbag.py:508} INFO - Filling up the DagBag from /home/renan/datapipeline/.env/lib/python3.8/site-packages/airflow/example_dags/example_short_circuit_operator.py
[2022-08-09 00:20:21,971] {processor.py:651} INFO - DAG(s) dict_keys(['example_short_circuit_operator']) retrieved from /home/renan/datapipeline/.env/lib/python3.8/site-packages/airflow/example_dags/example_short_circuit_operator.py
[2022-08-09 00:20:21,981] {logging_mixin.py:115} INFO - [2022-08-09 00:20:21,981] {dag.py:2420} INFO - Sync 1 DAGs
[2022-08-09 00:20:21,991] {logging_mixin.py:115} INFO - [2022-08-09 00:20:21,990] {dag.py:2968} INFO - Setting next_dagrun for example_short_circuit_operator to 2022-08-08T03:20:21.990825+00:00, run_after=2022-08-09T03:20:21.990825+00:00
[2022-08-09 00:20:21,999] {processor.py:161} INFO - Processing /home/renan/datapipeline/.env/lib/python3.8/site-packages/airflow/example_dags/example_short_circuit_operator.py took 0.036 seconds
[2022-08-09 00:20:56,766] {processor.py:153} INFO - Started process (PID=12016) to work on /home/renan/datapipeline/.env/lib/python3.8/site-packages/airflow/example_dags/example_short_circuit_operator.py
[2022-08-09 00:20:56,766] {processor.py:641} INFO - Processing file /home/renan/datapipeline/.env/lib/python3.8/site-packages/airflow/example_dags/example_short_circuit_operator.py for tasks to queue
[2022-08-09 00:20:56,767] {logging_mixin.py:115} INFO - [2022-08-09 00:20:56,767] {dagbag.py:508} INFO - Filling up the DagBag from /home/renan/datapipeline/.env/lib/python3.8/site-packages/airflow/example_dags/example_short_circuit_operator.py
[2022-08-09 00:20:56,772] {processor.py:651} INFO - DAG(s) dict_keys(['example_short_circuit_operator']) retrieved from /home/renan/datapipeline/.env/lib/python3.8/site-packages/airflow/example_dags/example_short_circuit_operator.py
[2022-08-09 00:20:56,783] {logging_mixin.py:115} INFO - [2022-08-09 00:20:56,783] {dag.py:2420} INFO - Sync 1 DAGs
[2022-08-09 00:20:56,792] {logging_mixin.py:115} INFO - [2022-08-09 00:20:56,792] {dag.py:2968} INFO - Setting next_dagrun for example_short_circuit_operator to 2022-08-08T03:20:56.792579+00:00, run_after=2022-08-09T03:20:56.792579+00:00
[2022-08-09 00:20:56,801] {processor.py:161} INFO - Processing /home/renan/datapipeline/.env/lib/python3.8/site-packages/airflow/example_dags/example_short_circuit_operator.py took 0.037 seconds
[2022-08-09 00:21:32,652] {processor.py:153} INFO - Started process (PID=12156) to work on /home/renan/datapipeline/.env/lib/python3.8/site-packages/airflow/example_dags/example_short_circuit_operator.py
[2022-08-09 00:21:32,652] {processor.py:641} INFO - Processing file /home/renan/datapipeline/.env/lib/python3.8/site-packages/airflow/example_dags/example_short_circuit_operator.py for tasks to queue
[2022-08-09 00:21:32,653] {logging_mixin.py:115} INFO - [2022-08-09 00:21:32,653] {dagbag.py:508} INFO - Filling up the DagBag from /home/renan/datapipeline/.env/lib/python3.8/site-packages/airflow/example_dags/example_short_circuit_operator.py
[2022-08-09 00:21:32,657] {processor.py:651} INFO - DAG(s) dict_keys(['example_short_circuit_operator']) retrieved from /home/renan/datapipeline/.env/lib/python3.8/site-packages/airflow/example_dags/example_short_circuit_operator.py
[2022-08-09 00:21:32,668] {logging_mixin.py:115} INFO - [2022-08-09 00:21:32,668] {dag.py:2420} INFO - Sync 1 DAGs
[2022-08-09 00:21:32,679] {logging_mixin.py:115} INFO - [2022-08-09 00:21:32,678] {dag.py:2968} INFO - Setting next_dagrun for example_short_circuit_operator to 2022-08-08T03:21:32.678412+00:00, run_after=2022-08-09T03:21:32.678412+00:00
[2022-08-09 00:21:32,689] {processor.py:161} INFO - Processing /home/renan/datapipeline/.env/lib/python3.8/site-packages/airflow/example_dags/example_short_circuit_operator.py took 0.039 seconds
[2022-08-09 00:22:04,648] {processor.py:153} INFO - Started process (PID=12271) to work on /home/renan/datapipeline/.env/lib/python3.8/site-packages/airflow/example_dags/example_short_circuit_operator.py
[2022-08-09 00:22:04,649] {processor.py:641} INFO - Processing file /home/renan/datapipeline/.env/lib/python3.8/site-packages/airflow/example_dags/example_short_circuit_operator.py for tasks to queue
[2022-08-09 00:22:04,649] {logging_mixin.py:115} INFO - [2022-08-09 00:22:04,649] {dagbag.py:508} INFO - Filling up the DagBag from /home/renan/datapipeline/.env/lib/python3.8/site-packages/airflow/example_dags/example_short_circuit_operator.py
[2022-08-09 00:22:04,654] {processor.py:651} INFO - DAG(s) dict_keys(['example_short_circuit_operator']) retrieved from /home/renan/datapipeline/.env/lib/python3.8/site-packages/airflow/example_dags/example_short_circuit_operator.py
[2022-08-09 00:22:04,665] {logging_mixin.py:115} INFO - [2022-08-09 00:22:04,665] {dag.py:2420} INFO - Sync 1 DAGs
[2022-08-09 00:22:04,675] {logging_mixin.py:115} INFO - [2022-08-09 00:22:04,675] {dag.py:2968} INFO - Setting next_dagrun for example_short_circuit_operator to 2022-08-08T03:22:04.675012+00:00, run_after=2022-08-09T03:22:04.675012+00:00
[2022-08-09 00:22:04,687] {processor.py:161} INFO - Processing /home/renan/datapipeline/.env/lib/python3.8/site-packages/airflow/example_dags/example_short_circuit_operator.py took 0.041 seconds
[2022-08-09 00:22:41,655] {processor.py:153} INFO - Started process (PID=12309) to work on /home/renan/datapipeline/.env/lib/python3.8/site-packages/airflow/example_dags/example_short_circuit_operator.py
[2022-08-09 00:22:41,656] {processor.py:641} INFO - Processing file /home/renan/datapipeline/.env/lib/python3.8/site-packages/airflow/example_dags/example_short_circuit_operator.py for tasks to queue
[2022-08-09 00:22:41,656] {logging_mixin.py:115} INFO - [2022-08-09 00:22:41,656] {dagbag.py:508} INFO - Filling up the DagBag from /home/renan/datapipeline/.env/lib/python3.8/site-packages/airflow/example_dags/example_short_circuit_operator.py
[2022-08-09 00:22:41,662] {processor.py:651} INFO - DAG(s) dict_keys(['example_short_circuit_operator']) retrieved from /home/renan/datapipeline/.env/lib/python3.8/site-packages/airflow/example_dags/example_short_circuit_operator.py
[2022-08-09 00:22:41,673] {logging_mixin.py:115} INFO - [2022-08-09 00:22:41,673] {dag.py:2420} INFO - Sync 1 DAGs
[2022-08-09 00:22:41,684] {logging_mixin.py:115} INFO - [2022-08-09 00:22:41,684] {dag.py:2968} INFO - Setting next_dagrun for example_short_circuit_operator to 2022-08-08T03:22:41.684068+00:00, run_after=2022-08-09T03:22:41.684068+00:00
[2022-08-09 00:22:41,694] {processor.py:161} INFO - Processing /home/renan/datapipeline/.env/lib/python3.8/site-packages/airflow/example_dags/example_short_circuit_operator.py took 0.041 seconds
[2022-08-09 00:23:14,204] {processor.py:153} INFO - Started process (PID=12349) to work on /home/renan/datapipeline/.env/lib/python3.8/site-packages/airflow/example_dags/example_short_circuit_operator.py
[2022-08-09 00:23:14,205] {processor.py:641} INFO - Processing file /home/renan/datapipeline/.env/lib/python3.8/site-packages/airflow/example_dags/example_short_circuit_operator.py for tasks to queue
[2022-08-09 00:23:14,205] {logging_mixin.py:115} INFO - [2022-08-09 00:23:14,205] {dagbag.py:508} INFO - Filling up the DagBag from /home/renan/datapipeline/.env/lib/python3.8/site-packages/airflow/example_dags/example_short_circuit_operator.py
[2022-08-09 00:23:14,210] {processor.py:651} INFO - DAG(s) dict_keys(['example_short_circuit_operator']) retrieved from /home/renan/datapipeline/.env/lib/python3.8/site-packages/airflow/example_dags/example_short_circuit_operator.py
[2022-08-09 00:23:14,220] {logging_mixin.py:115} INFO - [2022-08-09 00:23:14,220] {dag.py:2420} INFO - Sync 1 DAGs
[2022-08-09 00:23:14,230] {logging_mixin.py:115} INFO - [2022-08-09 00:23:14,229] {dag.py:2968} INFO - Setting next_dagrun for example_short_circuit_operator to 2022-08-08T03:23:14.229785+00:00, run_after=2022-08-09T03:23:14.229785+00:00
[2022-08-09 00:23:14,238] {processor.py:161} INFO - Processing /home/renan/datapipeline/.env/lib/python3.8/site-packages/airflow/example_dags/example_short_circuit_operator.py took 0.036 seconds
[2022-08-09 00:23:46,130] {processor.py:153} INFO - Started process (PID=12385) to work on /home/renan/datapipeline/.env/lib/python3.8/site-packages/airflow/example_dags/example_short_circuit_operator.py
[2022-08-09 00:23:46,131] {processor.py:641} INFO - Processing file /home/renan/datapipeline/.env/lib/python3.8/site-packages/airflow/example_dags/example_short_circuit_operator.py for tasks to queue
[2022-08-09 00:23:46,131] {logging_mixin.py:115} INFO - [2022-08-09 00:23:46,131] {dagbag.py:508} INFO - Filling up the DagBag from /home/renan/datapipeline/.env/lib/python3.8/site-packages/airflow/example_dags/example_short_circuit_operator.py
[2022-08-09 00:23:46,136] {processor.py:651} INFO - DAG(s) dict_keys(['example_short_circuit_operator']) retrieved from /home/renan/datapipeline/.env/lib/python3.8/site-packages/airflow/example_dags/example_short_circuit_operator.py
[2022-08-09 00:23:46,146] {logging_mixin.py:115} INFO - [2022-08-09 00:23:46,146] {dag.py:2420} INFO - Sync 1 DAGs
[2022-08-09 00:23:46,156] {logging_mixin.py:115} INFO - [2022-08-09 00:23:46,156] {dag.py:2968} INFO - Setting next_dagrun for example_short_circuit_operator to 2022-08-08T03:23:46.155952+00:00, run_after=2022-08-09T03:23:46.155952+00:00
[2022-08-09 00:23:46,165] {processor.py:161} INFO - Processing /home/renan/datapipeline/.env/lib/python3.8/site-packages/airflow/example_dags/example_short_circuit_operator.py took 0.036 seconds
[2022-08-09 00:24:18,905] {processor.py:153} INFO - Started process (PID=12449) to work on /home/renan/datapipeline/.env/lib/python3.8/site-packages/airflow/example_dags/example_short_circuit_operator.py
[2022-08-09 00:24:18,906] {processor.py:641} INFO - Processing file /home/renan/datapipeline/.env/lib/python3.8/site-packages/airflow/example_dags/example_short_circuit_operator.py for tasks to queue
[2022-08-09 00:24:18,906] {logging_mixin.py:115} INFO - [2022-08-09 00:24:18,906] {dagbag.py:508} INFO - Filling up the DagBag from /home/renan/datapipeline/.env/lib/python3.8/site-packages/airflow/example_dags/example_short_circuit_operator.py
[2022-08-09 00:24:18,911] {processor.py:651} INFO - DAG(s) dict_keys(['example_short_circuit_operator']) retrieved from /home/renan/datapipeline/.env/lib/python3.8/site-packages/airflow/example_dags/example_short_circuit_operator.py
[2022-08-09 00:24:18,921] {logging_mixin.py:115} INFO - [2022-08-09 00:24:18,921] {dag.py:2420} INFO - Sync 1 DAGs
[2022-08-09 00:24:18,930] {logging_mixin.py:115} INFO - [2022-08-09 00:24:18,930] {dag.py:2968} INFO - Setting next_dagrun for example_short_circuit_operator to 2022-08-08T03:24:18.930159+00:00, run_after=2022-08-09T03:24:18.930159+00:00
[2022-08-09 00:24:18,939] {processor.py:161} INFO - Processing /home/renan/datapipeline/.env/lib/python3.8/site-packages/airflow/example_dags/example_short_circuit_operator.py took 0.036 seconds
[2022-08-09 00:24:51,683] {processor.py:153} INFO - Started process (PID=12485) to work on /home/renan/datapipeline/.env/lib/python3.8/site-packages/airflow/example_dags/example_short_circuit_operator.py
[2022-08-09 00:24:51,684] {processor.py:641} INFO - Processing file /home/renan/datapipeline/.env/lib/python3.8/site-packages/airflow/example_dags/example_short_circuit_operator.py for tasks to queue
[2022-08-09 00:24:51,684] {logging_mixin.py:115} INFO - [2022-08-09 00:24:51,684] {dagbag.py:508} INFO - Filling up the DagBag from /home/renan/datapipeline/.env/lib/python3.8/site-packages/airflow/example_dags/example_short_circuit_operator.py
[2022-08-09 00:24:51,690] {processor.py:651} INFO - DAG(s) dict_keys(['example_short_circuit_operator']) retrieved from /home/renan/datapipeline/.env/lib/python3.8/site-packages/airflow/example_dags/example_short_circuit_operator.py
[2022-08-09 00:24:51,700] {logging_mixin.py:115} INFO - [2022-08-09 00:24:51,700] {dag.py:2420} INFO - Sync 1 DAGs
[2022-08-09 00:24:51,711] {logging_mixin.py:115} INFO - [2022-08-09 00:24:51,711] {dag.py:2968} INFO - Setting next_dagrun for example_short_circuit_operator to 2022-08-08T03:24:51.710855+00:00, run_after=2022-08-09T03:24:51.710855+00:00
[2022-08-09 00:24:51,720] {processor.py:161} INFO - Processing /home/renan/datapipeline/.env/lib/python3.8/site-packages/airflow/example_dags/example_short_circuit_operator.py took 0.039 seconds
[2022-08-09 00:25:24,739] {processor.py:153} INFO - Started process (PID=12527) to work on /home/renan/datapipeline/.env/lib/python3.8/site-packages/airflow/example_dags/example_short_circuit_operator.py
[2022-08-09 00:25:24,740] {processor.py:641} INFO - Processing file /home/renan/datapipeline/.env/lib/python3.8/site-packages/airflow/example_dags/example_short_circuit_operator.py for tasks to queue
[2022-08-09 00:25:24,740] {logging_mixin.py:115} INFO - [2022-08-09 00:25:24,740] {dagbag.py:508} INFO - Filling up the DagBag from /home/renan/datapipeline/.env/lib/python3.8/site-packages/airflow/example_dags/example_short_circuit_operator.py
[2022-08-09 00:25:24,746] {processor.py:651} INFO - DAG(s) dict_keys(['example_short_circuit_operator']) retrieved from /home/renan/datapipeline/.env/lib/python3.8/site-packages/airflow/example_dags/example_short_circuit_operator.py
[2022-08-09 00:25:24,757] {logging_mixin.py:115} INFO - [2022-08-09 00:25:24,757] {dag.py:2420} INFO - Sync 1 DAGs
[2022-08-09 00:25:24,769] {logging_mixin.py:115} INFO - [2022-08-09 00:25:24,769] {dag.py:2968} INFO - Setting next_dagrun for example_short_circuit_operator to 2022-08-08T03:25:24.769372+00:00, run_after=2022-08-09T03:25:24.769372+00:00
[2022-08-09 00:25:24,782] {processor.py:161} INFO - Processing /home/renan/datapipeline/.env/lib/python3.8/site-packages/airflow/example_dags/example_short_circuit_operator.py took 0.044 seconds
[2022-08-09 00:25:59,548] {processor.py:153} INFO - Started process (PID=12564) to work on /home/renan/datapipeline/.env/lib/python3.8/site-packages/airflow/example_dags/example_short_circuit_operator.py
[2022-08-09 00:25:59,549] {processor.py:641} INFO - Processing file /home/renan/datapipeline/.env/lib/python3.8/site-packages/airflow/example_dags/example_short_circuit_operator.py for tasks to queue
[2022-08-09 00:25:59,549] {logging_mixin.py:115} INFO - [2022-08-09 00:25:59,549] {dagbag.py:508} INFO - Filling up the DagBag from /home/renan/datapipeline/.env/lib/python3.8/site-packages/airflow/example_dags/example_short_circuit_operator.py
[2022-08-09 00:25:59,554] {processor.py:651} INFO - DAG(s) dict_keys(['example_short_circuit_operator']) retrieved from /home/renan/datapipeline/.env/lib/python3.8/site-packages/airflow/example_dags/example_short_circuit_operator.py
[2022-08-09 00:25:59,564] {logging_mixin.py:115} INFO - [2022-08-09 00:25:59,564] {dag.py:2420} INFO - Sync 1 DAGs
[2022-08-09 00:25:59,574] {logging_mixin.py:115} INFO - [2022-08-09 00:25:59,574] {dag.py:2968} INFO - Setting next_dagrun for example_short_circuit_operator to 2022-08-08T03:25:59.574297+00:00, run_after=2022-08-09T03:25:59.574297+00:00
[2022-08-09 00:25:59,583] {processor.py:161} INFO - Processing /home/renan/datapipeline/.env/lib/python3.8/site-packages/airflow/example_dags/example_short_circuit_operator.py took 0.036 seconds
[2022-08-09 00:26:33,681] {processor.py:153} INFO - Started process (PID=12601) to work on /home/renan/datapipeline/.env/lib/python3.8/site-packages/airflow/example_dags/example_short_circuit_operator.py
[2022-08-09 00:26:33,682] {processor.py:641} INFO - Processing file /home/renan/datapipeline/.env/lib/python3.8/site-packages/airflow/example_dags/example_short_circuit_operator.py for tasks to queue
[2022-08-09 00:26:33,682] {logging_mixin.py:115} INFO - [2022-08-09 00:26:33,682] {dagbag.py:508} INFO - Filling up the DagBag from /home/renan/datapipeline/.env/lib/python3.8/site-packages/airflow/example_dags/example_short_circuit_operator.py
[2022-08-09 00:26:33,688] {processor.py:651} INFO - DAG(s) dict_keys(['example_short_circuit_operator']) retrieved from /home/renan/datapipeline/.env/lib/python3.8/site-packages/airflow/example_dags/example_short_circuit_operator.py
[2022-08-09 00:26:33,698] {logging_mixin.py:115} INFO - [2022-08-09 00:26:33,698] {dag.py:2420} INFO - Sync 1 DAGs
[2022-08-09 00:26:33,709] {logging_mixin.py:115} INFO - [2022-08-09 00:26:33,709] {dag.py:2968} INFO - Setting next_dagrun for example_short_circuit_operator to 2022-08-08T03:26:33.709164+00:00, run_after=2022-08-09T03:26:33.709164+00:00
[2022-08-09 00:26:33,719] {processor.py:161} INFO - Processing /home/renan/datapipeline/.env/lib/python3.8/site-packages/airflow/example_dags/example_short_circuit_operator.py took 0.039 seconds
[2022-08-09 00:27:06,246] {processor.py:153} INFO - Started process (PID=12638) to work on /home/renan/datapipeline/.env/lib/python3.8/site-packages/airflow/example_dags/example_short_circuit_operator.py
[2022-08-09 00:27:06,246] {processor.py:641} INFO - Processing file /home/renan/datapipeline/.env/lib/python3.8/site-packages/airflow/example_dags/example_short_circuit_operator.py for tasks to queue
[2022-08-09 00:27:06,247] {logging_mixin.py:115} INFO - [2022-08-09 00:27:06,247] {dagbag.py:508} INFO - Filling up the DagBag from /home/renan/datapipeline/.env/lib/python3.8/site-packages/airflow/example_dags/example_short_circuit_operator.py
[2022-08-09 00:27:06,252] {processor.py:651} INFO - DAG(s) dict_keys(['example_short_circuit_operator']) retrieved from /home/renan/datapipeline/.env/lib/python3.8/site-packages/airflow/example_dags/example_short_circuit_operator.py
[2022-08-09 00:27:06,262] {logging_mixin.py:115} INFO - [2022-08-09 00:27:06,262] {dag.py:2420} INFO - Sync 1 DAGs
[2022-08-09 00:27:06,272] {logging_mixin.py:115} INFO - [2022-08-09 00:27:06,272] {dag.py:2968} INFO - Setting next_dagrun for example_short_circuit_operator to 2022-08-08T03:27:06.272088+00:00, run_after=2022-08-09T03:27:06.272088+00:00
[2022-08-09 00:27:06,281] {processor.py:161} INFO - Processing /home/renan/datapipeline/.env/lib/python3.8/site-packages/airflow/example_dags/example_short_circuit_operator.py took 0.036 seconds
[2022-08-09 00:27:39,725] {processor.py:153} INFO - Started process (PID=12704) to work on /home/renan/datapipeline/.env/lib/python3.8/site-packages/airflow/example_dags/example_short_circuit_operator.py
[2022-08-09 00:27:39,726] {processor.py:641} INFO - Processing file /home/renan/datapipeline/.env/lib/python3.8/site-packages/airflow/example_dags/example_short_circuit_operator.py for tasks to queue
[2022-08-09 00:27:39,726] {logging_mixin.py:115} INFO - [2022-08-09 00:27:39,726] {dagbag.py:508} INFO - Filling up the DagBag from /home/renan/datapipeline/.env/lib/python3.8/site-packages/airflow/example_dags/example_short_circuit_operator.py
[2022-08-09 00:27:39,731] {processor.py:651} INFO - DAG(s) dict_keys(['example_short_circuit_operator']) retrieved from /home/renan/datapipeline/.env/lib/python3.8/site-packages/airflow/example_dags/example_short_circuit_operator.py
[2022-08-09 00:27:39,740] {logging_mixin.py:115} INFO - [2022-08-09 00:27:39,740] {dag.py:2420} INFO - Sync 1 DAGs
[2022-08-09 00:27:39,749] {logging_mixin.py:115} INFO - [2022-08-09 00:27:39,749] {dag.py:2968} INFO - Setting next_dagrun for example_short_circuit_operator to 2022-08-08T03:27:39.749333+00:00, run_after=2022-08-09T03:27:39.749333+00:00
[2022-08-09 00:27:39,757] {processor.py:161} INFO - Processing /home/renan/datapipeline/.env/lib/python3.8/site-packages/airflow/example_dags/example_short_circuit_operator.py took 0.034 seconds
[2022-08-09 00:28:12,932] {processor.py:153} INFO - Started process (PID=12896) to work on /home/renan/datapipeline/.env/lib/python3.8/site-packages/airflow/example_dags/example_short_circuit_operator.py
[2022-08-09 00:28:12,932] {processor.py:641} INFO - Processing file /home/renan/datapipeline/.env/lib/python3.8/site-packages/airflow/example_dags/example_short_circuit_operator.py for tasks to queue
[2022-08-09 00:28:12,932] {logging_mixin.py:115} INFO - [2022-08-09 00:28:12,932] {dagbag.py:508} INFO - Filling up the DagBag from /home/renan/datapipeline/.env/lib/python3.8/site-packages/airflow/example_dags/example_short_circuit_operator.py
[2022-08-09 00:28:12,938] {processor.py:651} INFO - DAG(s) dict_keys(['example_short_circuit_operator']) retrieved from /home/renan/datapipeline/.env/lib/python3.8/site-packages/airflow/example_dags/example_short_circuit_operator.py
[2022-08-09 00:28:12,948] {logging_mixin.py:115} INFO - [2022-08-09 00:28:12,948] {dag.py:2420} INFO - Sync 1 DAGs
[2022-08-09 00:28:12,958] {logging_mixin.py:115} INFO - [2022-08-09 00:28:12,958] {dag.py:2968} INFO - Setting next_dagrun for example_short_circuit_operator to 2022-08-08T03:28:12.958119+00:00, run_after=2022-08-09T03:28:12.958119+00:00
[2022-08-09 00:28:12,967] {processor.py:161} INFO - Processing /home/renan/datapipeline/.env/lib/python3.8/site-packages/airflow/example_dags/example_short_circuit_operator.py took 0.037 seconds
[2022-08-09 00:28:47,126] {processor.py:153} INFO - Started process (PID=12956) to work on /home/renan/datapipeline/.env/lib/python3.8/site-packages/airflow/example_dags/example_short_circuit_operator.py
[2022-08-09 00:28:47,127] {processor.py:641} INFO - Processing file /home/renan/datapipeline/.env/lib/python3.8/site-packages/airflow/example_dags/example_short_circuit_operator.py for tasks to queue
[2022-08-09 00:28:47,127] {logging_mixin.py:115} INFO - [2022-08-09 00:28:47,127] {dagbag.py:508} INFO - Filling up the DagBag from /home/renan/datapipeline/.env/lib/python3.8/site-packages/airflow/example_dags/example_short_circuit_operator.py
[2022-08-09 00:28:47,132] {processor.py:651} INFO - DAG(s) dict_keys(['example_short_circuit_operator']) retrieved from /home/renan/datapipeline/.env/lib/python3.8/site-packages/airflow/example_dags/example_short_circuit_operator.py
[2022-08-09 00:28:47,142] {logging_mixin.py:115} INFO - [2022-08-09 00:28:47,142] {dag.py:2420} INFO - Sync 1 DAGs
[2022-08-09 00:28:47,152] {logging_mixin.py:115} INFO - [2022-08-09 00:28:47,152] {dag.py:2968} INFO - Setting next_dagrun for example_short_circuit_operator to 2022-08-08T03:28:47.152304+00:00, run_after=2022-08-09T03:28:47.152304+00:00
[2022-08-09 00:28:47,162] {processor.py:161} INFO - Processing /home/renan/datapipeline/.env/lib/python3.8/site-packages/airflow/example_dags/example_short_circuit_operator.py took 0.037 seconds
[2022-08-09 00:29:18,696] {processor.py:153} INFO - Started process (PID=12996) to work on /home/renan/datapipeline/.env/lib/python3.8/site-packages/airflow/example_dags/example_short_circuit_operator.py
[2022-08-09 00:29:18,696] {processor.py:641} INFO - Processing file /home/renan/datapipeline/.env/lib/python3.8/site-packages/airflow/example_dags/example_short_circuit_operator.py for tasks to queue
[2022-08-09 00:29:18,697] {logging_mixin.py:115} INFO - [2022-08-09 00:29:18,696] {dagbag.py:508} INFO - Filling up the DagBag from /home/renan/datapipeline/.env/lib/python3.8/site-packages/airflow/example_dags/example_short_circuit_operator.py
[2022-08-09 00:29:18,702] {processor.py:651} INFO - DAG(s) dict_keys(['example_short_circuit_operator']) retrieved from /home/renan/datapipeline/.env/lib/python3.8/site-packages/airflow/example_dags/example_short_circuit_operator.py
[2022-08-09 00:29:18,713] {logging_mixin.py:115} INFO - [2022-08-09 00:29:18,713] {dag.py:2420} INFO - Sync 1 DAGs
[2022-08-09 00:29:18,724] {logging_mixin.py:115} INFO - [2022-08-09 00:29:18,724] {dag.py:2968} INFO - Setting next_dagrun for example_short_circuit_operator to 2022-08-08T03:29:18.723943+00:00, run_after=2022-08-09T03:29:18.723943+00:00
[2022-08-09 00:29:18,733] {processor.py:161} INFO - Processing /home/renan/datapipeline/.env/lib/python3.8/site-packages/airflow/example_dags/example_short_circuit_operator.py took 0.039 seconds
[2022-08-09 00:29:52,599] {processor.py:153} INFO - Started process (PID=13035) to work on /home/renan/datapipeline/.env/lib/python3.8/site-packages/airflow/example_dags/example_short_circuit_operator.py
[2022-08-09 00:29:52,600] {processor.py:641} INFO - Processing file /home/renan/datapipeline/.env/lib/python3.8/site-packages/airflow/example_dags/example_short_circuit_operator.py for tasks to queue
[2022-08-09 00:29:52,600] {logging_mixin.py:115} INFO - [2022-08-09 00:29:52,600] {dagbag.py:508} INFO - Filling up the DagBag from /home/renan/datapipeline/.env/lib/python3.8/site-packages/airflow/example_dags/example_short_circuit_operator.py
[2022-08-09 00:29:52,606] {processor.py:651} INFO - DAG(s) dict_keys(['example_short_circuit_operator']) retrieved from /home/renan/datapipeline/.env/lib/python3.8/site-packages/airflow/example_dags/example_short_circuit_operator.py
[2022-08-09 00:29:52,617] {logging_mixin.py:115} INFO - [2022-08-09 00:29:52,617] {dag.py:2420} INFO - Sync 1 DAGs
[2022-08-09 00:29:52,626] {logging_mixin.py:115} INFO - [2022-08-09 00:29:52,626] {dag.py:2968} INFO - Setting next_dagrun for example_short_circuit_operator to 2022-08-08T03:29:52.626706+00:00, run_after=2022-08-09T03:29:52.626706+00:00
[2022-08-09 00:29:52,636] {processor.py:161} INFO - Processing /home/renan/datapipeline/.env/lib/python3.8/site-packages/airflow/example_dags/example_short_circuit_operator.py took 0.038 seconds
[2022-08-09 00:30:26,243] {processor.py:153} INFO - Started process (PID=13075) to work on /home/renan/datapipeline/.env/lib/python3.8/site-packages/airflow/example_dags/example_short_circuit_operator.py
[2022-08-09 00:30:26,243] {processor.py:641} INFO - Processing file /home/renan/datapipeline/.env/lib/python3.8/site-packages/airflow/example_dags/example_short_circuit_operator.py for tasks to queue
[2022-08-09 00:30:26,243] {logging_mixin.py:115} INFO - [2022-08-09 00:30:26,243] {dagbag.py:508} INFO - Filling up the DagBag from /home/renan/datapipeline/.env/lib/python3.8/site-packages/airflow/example_dags/example_short_circuit_operator.py
[2022-08-09 00:30:26,249] {processor.py:651} INFO - DAG(s) dict_keys(['example_short_circuit_operator']) retrieved from /home/renan/datapipeline/.env/lib/python3.8/site-packages/airflow/example_dags/example_short_circuit_operator.py
[2022-08-09 00:30:26,259] {logging_mixin.py:115} INFO - [2022-08-09 00:30:26,259] {dag.py:2420} INFO - Sync 1 DAGs
[2022-08-09 00:30:26,269] {logging_mixin.py:115} INFO - [2022-08-09 00:30:26,269] {dag.py:2968} INFO - Setting next_dagrun for example_short_circuit_operator to 2022-08-08T03:30:26.269573+00:00, run_after=2022-08-09T03:30:26.269573+00:00
[2022-08-09 00:30:26,279] {processor.py:161} INFO - Processing /home/renan/datapipeline/.env/lib/python3.8/site-packages/airflow/example_dags/example_short_circuit_operator.py took 0.038 seconds
[2022-08-09 00:31:02,175] {processor.py:153} INFO - Started process (PID=13112) to work on /home/renan/datapipeline/.env/lib/python3.8/site-packages/airflow/example_dags/example_short_circuit_operator.py
[2022-08-09 00:31:02,176] {processor.py:641} INFO - Processing file /home/renan/datapipeline/.env/lib/python3.8/site-packages/airflow/example_dags/example_short_circuit_operator.py for tasks to queue
[2022-08-09 00:31:02,176] {logging_mixin.py:115} INFO - [2022-08-09 00:31:02,176] {dagbag.py:508} INFO - Filling up the DagBag from /home/renan/datapipeline/.env/lib/python3.8/site-packages/airflow/example_dags/example_short_circuit_operator.py
[2022-08-09 00:31:02,181] {processor.py:651} INFO - DAG(s) dict_keys(['example_short_circuit_operator']) retrieved from /home/renan/datapipeline/.env/lib/python3.8/site-packages/airflow/example_dags/example_short_circuit_operator.py
[2022-08-09 00:31:02,191] {logging_mixin.py:115} INFO - [2022-08-09 00:31:02,191] {dag.py:2420} INFO - Sync 1 DAGs
[2022-08-09 00:31:02,201] {logging_mixin.py:115} INFO - [2022-08-09 00:31:02,201] {dag.py:2968} INFO - Setting next_dagrun for example_short_circuit_operator to 2022-08-08T03:31:02.200896+00:00, run_after=2022-08-09T03:31:02.200896+00:00
[2022-08-09 00:31:02,210] {processor.py:161} INFO - Processing /home/renan/datapipeline/.env/lib/python3.8/site-packages/airflow/example_dags/example_short_circuit_operator.py took 0.036 seconds
[2022-08-09 00:31:35,196] {processor.py:153} INFO - Started process (PID=13152) to work on /home/renan/datapipeline/.env/lib/python3.8/site-packages/airflow/example_dags/example_short_circuit_operator.py
[2022-08-09 00:31:35,196] {processor.py:641} INFO - Processing file /home/renan/datapipeline/.env/lib/python3.8/site-packages/airflow/example_dags/example_short_circuit_operator.py for tasks to queue
[2022-08-09 00:31:35,197] {logging_mixin.py:115} INFO - [2022-08-09 00:31:35,197] {dagbag.py:508} INFO - Filling up the DagBag from /home/renan/datapipeline/.env/lib/python3.8/site-packages/airflow/example_dags/example_short_circuit_operator.py
[2022-08-09 00:31:35,203] {processor.py:651} INFO - DAG(s) dict_keys(['example_short_circuit_operator']) retrieved from /home/renan/datapipeline/.env/lib/python3.8/site-packages/airflow/example_dags/example_short_circuit_operator.py
[2022-08-09 00:31:35,213] {logging_mixin.py:115} INFO - [2022-08-09 00:31:35,213] {dag.py:2420} INFO - Sync 1 DAGs
[2022-08-09 00:31:35,223] {logging_mixin.py:115} INFO - [2022-08-09 00:31:35,223] {dag.py:2968} INFO - Setting next_dagrun for example_short_circuit_operator to 2022-08-08T03:31:35.223514+00:00, run_after=2022-08-09T03:31:35.223514+00:00
[2022-08-09 00:31:35,233] {processor.py:161} INFO - Processing /home/renan/datapipeline/.env/lib/python3.8/site-packages/airflow/example_dags/example_short_circuit_operator.py took 0.038 seconds
[2022-08-09 00:32:07,749] {processor.py:153} INFO - Started process (PID=13273) to work on /home/renan/datapipeline/.env/lib/python3.8/site-packages/airflow/example_dags/example_short_circuit_operator.py
[2022-08-09 00:32:07,750] {processor.py:641} INFO - Processing file /home/renan/datapipeline/.env/lib/python3.8/site-packages/airflow/example_dags/example_short_circuit_operator.py for tasks to queue
[2022-08-09 00:32:07,750] {logging_mixin.py:115} INFO - [2022-08-09 00:32:07,750] {dagbag.py:508} INFO - Filling up the DagBag from /home/renan/datapipeline/.env/lib/python3.8/site-packages/airflow/example_dags/example_short_circuit_operator.py
[2022-08-09 00:32:07,756] {processor.py:651} INFO - DAG(s) dict_keys(['example_short_circuit_operator']) retrieved from /home/renan/datapipeline/.env/lib/python3.8/site-packages/airflow/example_dags/example_short_circuit_operator.py
[2022-08-09 00:32:07,767] {logging_mixin.py:115} INFO - [2022-08-09 00:32:07,767] {dag.py:2420} INFO - Sync 1 DAGs
[2022-08-09 00:32:07,778] {logging_mixin.py:115} INFO - [2022-08-09 00:32:07,778] {dag.py:2968} INFO - Setting next_dagrun for example_short_circuit_operator to 2022-08-08T03:32:07.778607+00:00, run_after=2022-08-09T03:32:07.778607+00:00
[2022-08-09 00:32:07,790] {processor.py:161} INFO - Processing /home/renan/datapipeline/.env/lib/python3.8/site-packages/airflow/example_dags/example_short_circuit_operator.py took 0.043 seconds
[2022-08-09 00:32:42,320] {processor.py:153} INFO - Started process (PID=13311) to work on /home/renan/datapipeline/.env/lib/python3.8/site-packages/airflow/example_dags/example_short_circuit_operator.py
[2022-08-09 00:32:42,321] {processor.py:641} INFO - Processing file /home/renan/datapipeline/.env/lib/python3.8/site-packages/airflow/example_dags/example_short_circuit_operator.py for tasks to queue
[2022-08-09 00:32:42,321] {logging_mixin.py:115} INFO - [2022-08-09 00:32:42,321] {dagbag.py:508} INFO - Filling up the DagBag from /home/renan/datapipeline/.env/lib/python3.8/site-packages/airflow/example_dags/example_short_circuit_operator.py
[2022-08-09 00:32:42,327] {processor.py:651} INFO - DAG(s) dict_keys(['example_short_circuit_operator']) retrieved from /home/renan/datapipeline/.env/lib/python3.8/site-packages/airflow/example_dags/example_short_circuit_operator.py
[2022-08-09 00:32:42,337] {logging_mixin.py:115} INFO - [2022-08-09 00:32:42,337] {dag.py:2420} INFO - Sync 1 DAGs
[2022-08-09 00:32:42,346] {logging_mixin.py:115} INFO - [2022-08-09 00:32:42,346] {dag.py:2968} INFO - Setting next_dagrun for example_short_circuit_operator to 2022-08-08T03:32:42.346424+00:00, run_after=2022-08-09T03:32:42.346424+00:00
[2022-08-09 00:32:42,355] {processor.py:161} INFO - Processing /home/renan/datapipeline/.env/lib/python3.8/site-packages/airflow/example_dags/example_short_circuit_operator.py took 0.036 seconds
