[2022-08-08 23:55:11,440] {processor.py:153} INFO - Started process (PID=9851) to work on /home/renan/datapipeline/.env/lib/python3.8/site-packages/airflow/example_dags/example_branch_python_dop_operator_3.py
[2022-08-08 23:55:11,440] {processor.py:641} INFO - Processing file /home/renan/datapipeline/.env/lib/python3.8/site-packages/airflow/example_dags/example_branch_python_dop_operator_3.py for tasks to queue
[2022-08-08 23:55:11,440] {logging_mixin.py:115} INFO - [2022-08-08 23:55:11,440] {dagbag.py:508} INFO - Filling up the DagBag from /home/renan/datapipeline/.env/lib/python3.8/site-packages/airflow/example_dags/example_branch_python_dop_operator_3.py
[2022-08-08 23:55:11,448] {processor.py:651} INFO - DAG(s) dict_keys(['example_branch_dop_operator_v3']) retrieved from /home/renan/datapipeline/.env/lib/python3.8/site-packages/airflow/example_dags/example_branch_python_dop_operator_3.py
[2022-08-08 23:55:11,469] {logging_mixin.py:115} INFO - [2022-08-08 23:55:11,469] {dag.py:2420} INFO - Sync 1 DAGs
[2022-08-08 23:55:11,488] {logging_mixin.py:115} INFO - [2022-08-08 23:55:11,488] {dag.py:2968} INFO - Setting next_dagrun for example_branch_dop_operator_v3 to 2022-08-09T02:54:00+00:00, run_after=2022-08-09T02:55:00+00:00
[2022-08-08 23:55:11,500] {processor.py:161} INFO - Processing /home/renan/datapipeline/.env/lib/python3.8/site-packages/airflow/example_dags/example_branch_python_dop_operator_3.py took 0.063 seconds
[2022-08-08 23:55:43,351] {processor.py:153} INFO - Started process (PID=9949) to work on /home/renan/datapipeline/.env/lib/python3.8/site-packages/airflow/example_dags/example_branch_python_dop_operator_3.py
[2022-08-08 23:55:43,351] {processor.py:641} INFO - Processing file /home/renan/datapipeline/.env/lib/python3.8/site-packages/airflow/example_dags/example_branch_python_dop_operator_3.py for tasks to queue
[2022-08-08 23:55:43,351] {logging_mixin.py:115} INFO - [2022-08-08 23:55:43,351] {dagbag.py:508} INFO - Filling up the DagBag from /home/renan/datapipeline/.env/lib/python3.8/site-packages/airflow/example_dags/example_branch_python_dop_operator_3.py
[2022-08-08 23:55:43,358] {processor.py:651} INFO - DAG(s) dict_keys(['example_branch_dop_operator_v3']) retrieved from /home/renan/datapipeline/.env/lib/python3.8/site-packages/airflow/example_dags/example_branch_python_dop_operator_3.py
[2022-08-08 23:55:43,369] {logging_mixin.py:115} INFO - [2022-08-08 23:55:43,369] {dag.py:2420} INFO - Sync 1 DAGs
[2022-08-08 23:55:43,382] {logging_mixin.py:115} INFO - [2022-08-08 23:55:43,382] {dag.py:2968} INFO - Setting next_dagrun for example_branch_dop_operator_v3 to 2022-08-09T02:54:00+00:00, run_after=2022-08-09T02:55:00+00:00
[2022-08-08 23:55:43,392] {processor.py:161} INFO - Processing /home/renan/datapipeline/.env/lib/python3.8/site-packages/airflow/example_dags/example_branch_python_dop_operator_3.py took 0.043 seconds
[2022-08-08 23:56:18,114] {processor.py:153} INFO - Started process (PID=10039) to work on /home/renan/datapipeline/.env/lib/python3.8/site-packages/airflow/example_dags/example_branch_python_dop_operator_3.py
[2022-08-08 23:56:18,114] {processor.py:641} INFO - Processing file /home/renan/datapipeline/.env/lib/python3.8/site-packages/airflow/example_dags/example_branch_python_dop_operator_3.py for tasks to queue
[2022-08-08 23:56:18,114] {logging_mixin.py:115} INFO - [2022-08-08 23:56:18,114] {dagbag.py:508} INFO - Filling up the DagBag from /home/renan/datapipeline/.env/lib/python3.8/site-packages/airflow/example_dags/example_branch_python_dop_operator_3.py
[2022-08-08 23:56:18,120] {processor.py:651} INFO - DAG(s) dict_keys(['example_branch_dop_operator_v3']) retrieved from /home/renan/datapipeline/.env/lib/python3.8/site-packages/airflow/example_dags/example_branch_python_dop_operator_3.py
[2022-08-08 23:56:18,130] {logging_mixin.py:115} INFO - [2022-08-08 23:56:18,130] {dag.py:2420} INFO - Sync 1 DAGs
[2022-08-08 23:56:18,143] {logging_mixin.py:115} INFO - [2022-08-08 23:56:18,143] {dag.py:2968} INFO - Setting next_dagrun for example_branch_dop_operator_v3 to 2022-08-09T02:55:00+00:00, run_after=2022-08-09T02:56:00+00:00
[2022-08-08 23:56:18,153] {processor.py:161} INFO - Processing /home/renan/datapipeline/.env/lib/python3.8/site-packages/airflow/example_dags/example_branch_python_dop_operator_3.py took 0.040 seconds
[2022-08-08 23:56:52,141] {processor.py:153} INFO - Started process (PID=10076) to work on /home/renan/datapipeline/.env/lib/python3.8/site-packages/airflow/example_dags/example_branch_python_dop_operator_3.py
[2022-08-08 23:56:52,142] {processor.py:641} INFO - Processing file /home/renan/datapipeline/.env/lib/python3.8/site-packages/airflow/example_dags/example_branch_python_dop_operator_3.py for tasks to queue
[2022-08-08 23:56:52,142] {logging_mixin.py:115} INFO - [2022-08-08 23:56:52,142] {dagbag.py:508} INFO - Filling up the DagBag from /home/renan/datapipeline/.env/lib/python3.8/site-packages/airflow/example_dags/example_branch_python_dop_operator_3.py
[2022-08-08 23:56:52,148] {processor.py:651} INFO - DAG(s) dict_keys(['example_branch_dop_operator_v3']) retrieved from /home/renan/datapipeline/.env/lib/python3.8/site-packages/airflow/example_dags/example_branch_python_dop_operator_3.py
[2022-08-08 23:56:52,157] {logging_mixin.py:115} INFO - [2022-08-08 23:56:52,157] {dag.py:2420} INFO - Sync 1 DAGs
[2022-08-08 23:56:52,169] {logging_mixin.py:115} INFO - [2022-08-08 23:56:52,169] {dag.py:2968} INFO - Setting next_dagrun for example_branch_dop_operator_v3 to 2022-08-09T02:55:00+00:00, run_after=2022-08-09T02:56:00+00:00
[2022-08-08 23:56:52,178] {processor.py:161} INFO - Processing /home/renan/datapipeline/.env/lib/python3.8/site-packages/airflow/example_dags/example_branch_python_dop_operator_3.py took 0.039 seconds
[2022-08-08 23:59:27,286] {processor.py:153} INFO - Started process (PID=10256) to work on /home/renan/datapipeline/.env/lib/python3.8/site-packages/airflow/example_dags/example_branch_python_dop_operator_3.py
[2022-08-08 23:59:27,286] {processor.py:641} INFO - Processing file /home/renan/datapipeline/.env/lib/python3.8/site-packages/airflow/example_dags/example_branch_python_dop_operator_3.py for tasks to queue
[2022-08-08 23:59:27,287] {logging_mixin.py:115} INFO - [2022-08-08 23:59:27,287] {dagbag.py:508} INFO - Filling up the DagBag from /home/renan/datapipeline/.env/lib/python3.8/site-packages/airflow/example_dags/example_branch_python_dop_operator_3.py
[2022-08-08 23:59:27,293] {processor.py:651} INFO - DAG(s) dict_keys(['example_branch_dop_operator_v3']) retrieved from /home/renan/datapipeline/.env/lib/python3.8/site-packages/airflow/example_dags/example_branch_python_dop_operator_3.py
[2022-08-08 23:59:27,304] {logging_mixin.py:115} INFO - [2022-08-08 23:59:27,304] {dag.py:2420} INFO - Sync 1 DAGs
[2022-08-08 23:59:27,317] {logging_mixin.py:115} INFO - [2022-08-08 23:59:27,317] {dag.py:2968} INFO - Setting next_dagrun for example_branch_dop_operator_v3 to 2022-08-09T02:58:00+00:00, run_after=2022-08-09T02:59:00+00:00
[2022-08-08 23:59:27,325] {processor.py:161} INFO - Processing /home/renan/datapipeline/.env/lib/python3.8/site-packages/airflow/example_dags/example_branch_python_dop_operator_3.py took 0.041 seconds
[2022-08-09 00:00:00,978] {processor.py:153} INFO - Started process (PID=10319) to work on /home/renan/datapipeline/.env/lib/python3.8/site-packages/airflow/example_dags/example_branch_python_dop_operator_3.py
[2022-08-09 00:00:00,980] {processor.py:641} INFO - Processing file /home/renan/datapipeline/.env/lib/python3.8/site-packages/airflow/example_dags/example_branch_python_dop_operator_3.py for tasks to queue
[2022-08-09 00:00:00,980] {logging_mixin.py:115} INFO - [2022-08-09 00:00:00,980] {dagbag.py:508} INFO - Filling up the DagBag from /home/renan/datapipeline/.env/lib/python3.8/site-packages/airflow/example_dags/example_branch_python_dop_operator_3.py
[2022-08-09 00:00:00,987] {processor.py:651} INFO - DAG(s) dict_keys(['example_branch_dop_operator_v3']) retrieved from /home/renan/datapipeline/.env/lib/python3.8/site-packages/airflow/example_dags/example_branch_python_dop_operator_3.py
[2022-08-09 00:00:00,998] {logging_mixin.py:115} INFO - [2022-08-09 00:00:00,998] {dag.py:2420} INFO - Sync 1 DAGs
[2022-08-09 00:00:01,011] {logging_mixin.py:115} INFO - [2022-08-09 00:00:01,011] {dag.py:2968} INFO - Setting next_dagrun for example_branch_dop_operator_v3 to 2022-08-09T02:59:00+00:00, run_after=2022-08-09T03:00:00+00:00
[2022-08-09 00:00:01,023] {processor.py:161} INFO - Processing /home/renan/datapipeline/.env/lib/python3.8/site-packages/airflow/example_dags/example_branch_python_dop_operator_3.py took 0.047 seconds
[2022-08-09 00:00:34,600] {processor.py:153} INFO - Started process (PID=10394) to work on /home/renan/datapipeline/.env/lib/python3.8/site-packages/airflow/example_dags/example_branch_python_dop_operator_3.py
[2022-08-09 00:00:34,601] {processor.py:641} INFO - Processing file /home/renan/datapipeline/.env/lib/python3.8/site-packages/airflow/example_dags/example_branch_python_dop_operator_3.py for tasks to queue
[2022-08-09 00:00:34,601] {logging_mixin.py:115} INFO - [2022-08-09 00:00:34,601] {dagbag.py:508} INFO - Filling up the DagBag from /home/renan/datapipeline/.env/lib/python3.8/site-packages/airflow/example_dags/example_branch_python_dop_operator_3.py
[2022-08-09 00:00:34,608] {processor.py:651} INFO - DAG(s) dict_keys(['example_branch_dop_operator_v3']) retrieved from /home/renan/datapipeline/.env/lib/python3.8/site-packages/airflow/example_dags/example_branch_python_dop_operator_3.py
[2022-08-09 00:00:34,622] {logging_mixin.py:115} INFO - [2022-08-09 00:00:34,622] {dag.py:2420} INFO - Sync 1 DAGs
[2022-08-09 00:00:34,636] {logging_mixin.py:115} INFO - [2022-08-09 00:00:34,636] {dag.py:2968} INFO - Setting next_dagrun for example_branch_dop_operator_v3 to 2022-08-09T02:59:00+00:00, run_after=2022-08-09T03:00:00+00:00
[2022-08-09 00:00:34,647] {processor.py:161} INFO - Processing /home/renan/datapipeline/.env/lib/python3.8/site-packages/airflow/example_dags/example_branch_python_dop_operator_3.py took 0.049 seconds
[2022-08-09 00:01:07,667] {processor.py:153} INFO - Started process (PID=10439) to work on /home/renan/datapipeline/.env/lib/python3.8/site-packages/airflow/example_dags/example_branch_python_dop_operator_3.py
[2022-08-09 00:01:07,667] {processor.py:641} INFO - Processing file /home/renan/datapipeline/.env/lib/python3.8/site-packages/airflow/example_dags/example_branch_python_dop_operator_3.py for tasks to queue
[2022-08-09 00:01:07,667] {logging_mixin.py:115} INFO - [2022-08-09 00:01:07,667] {dagbag.py:508} INFO - Filling up the DagBag from /home/renan/datapipeline/.env/lib/python3.8/site-packages/airflow/example_dags/example_branch_python_dop_operator_3.py
[2022-08-09 00:01:07,675] {processor.py:651} INFO - DAG(s) dict_keys(['example_branch_dop_operator_v3']) retrieved from /home/renan/datapipeline/.env/lib/python3.8/site-packages/airflow/example_dags/example_branch_python_dop_operator_3.py
[2022-08-09 00:01:07,686] {logging_mixin.py:115} INFO - [2022-08-09 00:01:07,685] {dag.py:2420} INFO - Sync 1 DAGs
[2022-08-09 00:01:07,699] {logging_mixin.py:115} INFO - [2022-08-09 00:01:07,699] {dag.py:2968} INFO - Setting next_dagrun for example_branch_dop_operator_v3 to 2022-08-09T03:00:00+00:00, run_after=2022-08-09T03:01:00+00:00
[2022-08-09 00:01:07,715] {processor.py:161} INFO - Processing /home/renan/datapipeline/.env/lib/python3.8/site-packages/airflow/example_dags/example_branch_python_dop_operator_3.py took 0.050 seconds
[2022-08-09 00:01:40,371] {processor.py:153} INFO - Started process (PID=10478) to work on /home/renan/datapipeline/.env/lib/python3.8/site-packages/airflow/example_dags/example_branch_python_dop_operator_3.py
[2022-08-09 00:01:40,372] {processor.py:641} INFO - Processing file /home/renan/datapipeline/.env/lib/python3.8/site-packages/airflow/example_dags/example_branch_python_dop_operator_3.py for tasks to queue
[2022-08-09 00:01:40,372] {logging_mixin.py:115} INFO - [2022-08-09 00:01:40,372] {dagbag.py:508} INFO - Filling up the DagBag from /home/renan/datapipeline/.env/lib/python3.8/site-packages/airflow/example_dags/example_branch_python_dop_operator_3.py
[2022-08-09 00:01:40,379] {processor.py:651} INFO - DAG(s) dict_keys(['example_branch_dop_operator_v3']) retrieved from /home/renan/datapipeline/.env/lib/python3.8/site-packages/airflow/example_dags/example_branch_python_dop_operator_3.py
[2022-08-09 00:01:40,390] {logging_mixin.py:115} INFO - [2022-08-09 00:01:40,390] {dag.py:2420} INFO - Sync 1 DAGs
[2022-08-09 00:01:40,404] {logging_mixin.py:115} INFO - [2022-08-09 00:01:40,404] {dag.py:2968} INFO - Setting next_dagrun for example_branch_dop_operator_v3 to 2022-08-09T03:00:00+00:00, run_after=2022-08-09T03:01:00+00:00
[2022-08-09 00:01:40,414] {processor.py:161} INFO - Processing /home/renan/datapipeline/.env/lib/python3.8/site-packages/airflow/example_dags/example_branch_python_dop_operator_3.py took 0.045 seconds
[2022-08-09 00:02:14,427] {processor.py:153} INFO - Started process (PID=10514) to work on /home/renan/datapipeline/.env/lib/python3.8/site-packages/airflow/example_dags/example_branch_python_dop_operator_3.py
[2022-08-09 00:02:14,428] {processor.py:641} INFO - Processing file /home/renan/datapipeline/.env/lib/python3.8/site-packages/airflow/example_dags/example_branch_python_dop_operator_3.py for tasks to queue
[2022-08-09 00:02:14,429] {logging_mixin.py:115} INFO - [2022-08-09 00:02:14,429] {dagbag.py:508} INFO - Filling up the DagBag from /home/renan/datapipeline/.env/lib/python3.8/site-packages/airflow/example_dags/example_branch_python_dop_operator_3.py
[2022-08-09 00:02:14,436] {processor.py:651} INFO - DAG(s) dict_keys(['example_branch_dop_operator_v3']) retrieved from /home/renan/datapipeline/.env/lib/python3.8/site-packages/airflow/example_dags/example_branch_python_dop_operator_3.py
[2022-08-09 00:02:14,447] {logging_mixin.py:115} INFO - [2022-08-09 00:02:14,447] {dag.py:2420} INFO - Sync 1 DAGs
[2022-08-09 00:02:14,462] {logging_mixin.py:115} INFO - [2022-08-09 00:02:14,461] {dag.py:2968} INFO - Setting next_dagrun for example_branch_dop_operator_v3 to 2022-08-09T03:01:00+00:00, run_after=2022-08-09T03:02:00+00:00
[2022-08-09 00:02:14,475] {processor.py:161} INFO - Processing /home/renan/datapipeline/.env/lib/python3.8/site-packages/airflow/example_dags/example_branch_python_dop_operator_3.py took 0.049 seconds
[2022-08-09 00:02:47,485] {processor.py:153} INFO - Started process (PID=10557) to work on /home/renan/datapipeline/.env/lib/python3.8/site-packages/airflow/example_dags/example_branch_python_dop_operator_3.py
[2022-08-09 00:02:47,486] {processor.py:641} INFO - Processing file /home/renan/datapipeline/.env/lib/python3.8/site-packages/airflow/example_dags/example_branch_python_dop_operator_3.py for tasks to queue
[2022-08-09 00:02:47,486] {logging_mixin.py:115} INFO - [2022-08-09 00:02:47,486] {dagbag.py:508} INFO - Filling up the DagBag from /home/renan/datapipeline/.env/lib/python3.8/site-packages/airflow/example_dags/example_branch_python_dop_operator_3.py
[2022-08-09 00:02:47,492] {processor.py:651} INFO - DAG(s) dict_keys(['example_branch_dop_operator_v3']) retrieved from /home/renan/datapipeline/.env/lib/python3.8/site-packages/airflow/example_dags/example_branch_python_dop_operator_3.py
[2022-08-09 00:02:47,502] {logging_mixin.py:115} INFO - [2022-08-09 00:02:47,502] {dag.py:2420} INFO - Sync 1 DAGs
[2022-08-09 00:02:47,514] {logging_mixin.py:115} INFO - [2022-08-09 00:02:47,514] {dag.py:2968} INFO - Setting next_dagrun for example_branch_dop_operator_v3 to 2022-08-09T03:01:00+00:00, run_after=2022-08-09T03:02:00+00:00
[2022-08-09 00:02:47,524] {processor.py:161} INFO - Processing /home/renan/datapipeline/.env/lib/python3.8/site-packages/airflow/example_dags/example_branch_python_dop_operator_3.py took 0.041 seconds
[2022-08-09 00:03:23,873] {processor.py:153} INFO - Started process (PID=10606) to work on /home/renan/datapipeline/.env/lib/python3.8/site-packages/airflow/example_dags/example_branch_python_dop_operator_3.py
[2022-08-09 00:03:23,874] {processor.py:641} INFO - Processing file /home/renan/datapipeline/.env/lib/python3.8/site-packages/airflow/example_dags/example_branch_python_dop_operator_3.py for tasks to queue
[2022-08-09 00:03:23,874] {logging_mixin.py:115} INFO - [2022-08-09 00:03:23,874] {dagbag.py:508} INFO - Filling up the DagBag from /home/renan/datapipeline/.env/lib/python3.8/site-packages/airflow/example_dags/example_branch_python_dop_operator_3.py
[2022-08-09 00:03:23,881] {processor.py:651} INFO - DAG(s) dict_keys(['example_branch_dop_operator_v3']) retrieved from /home/renan/datapipeline/.env/lib/python3.8/site-packages/airflow/example_dags/example_branch_python_dop_operator_3.py
[2022-08-09 00:03:23,895] {logging_mixin.py:115} INFO - [2022-08-09 00:03:23,895] {dag.py:2420} INFO - Sync 1 DAGs
[2022-08-09 00:03:23,911] {logging_mixin.py:115} INFO - [2022-08-09 00:03:23,911] {dag.py:2968} INFO - Setting next_dagrun for example_branch_dop_operator_v3 to 2022-08-09T03:02:00+00:00, run_after=2022-08-09T03:03:00+00:00
[2022-08-09 00:03:23,927] {processor.py:161} INFO - Processing /home/renan/datapipeline/.env/lib/python3.8/site-packages/airflow/example_dags/example_branch_python_dop_operator_3.py took 0.056 seconds
[2022-08-09 00:03:55,854] {processor.py:153} INFO - Started process (PID=10650) to work on /home/renan/datapipeline/.env/lib/python3.8/site-packages/airflow/example_dags/example_branch_python_dop_operator_3.py
[2022-08-09 00:03:55,854] {processor.py:641} INFO - Processing file /home/renan/datapipeline/.env/lib/python3.8/site-packages/airflow/example_dags/example_branch_python_dop_operator_3.py for tasks to queue
[2022-08-09 00:03:55,855] {logging_mixin.py:115} INFO - [2022-08-09 00:03:55,855] {dagbag.py:508} INFO - Filling up the DagBag from /home/renan/datapipeline/.env/lib/python3.8/site-packages/airflow/example_dags/example_branch_python_dop_operator_3.py
[2022-08-09 00:03:55,861] {processor.py:651} INFO - DAG(s) dict_keys(['example_branch_dop_operator_v3']) retrieved from /home/renan/datapipeline/.env/lib/python3.8/site-packages/airflow/example_dags/example_branch_python_dop_operator_3.py
[2022-08-09 00:03:55,871] {logging_mixin.py:115} INFO - [2022-08-09 00:03:55,871] {dag.py:2420} INFO - Sync 1 DAGs
[2022-08-09 00:03:55,883] {logging_mixin.py:115} INFO - [2022-08-09 00:03:55,883] {dag.py:2968} INFO - Setting next_dagrun for example_branch_dop_operator_v3 to 2022-08-09T03:02:00+00:00, run_after=2022-08-09T03:03:00+00:00
[2022-08-09 00:03:55,891] {processor.py:161} INFO - Processing /home/renan/datapipeline/.env/lib/python3.8/site-packages/airflow/example_dags/example_branch_python_dop_operator_3.py took 0.039 seconds
[2022-08-09 00:04:30,647] {processor.py:153} INFO - Started process (PID=10686) to work on /home/renan/datapipeline/.env/lib/python3.8/site-packages/airflow/example_dags/example_branch_python_dop_operator_3.py
[2022-08-09 00:04:30,648] {processor.py:641} INFO - Processing file /home/renan/datapipeline/.env/lib/python3.8/site-packages/airflow/example_dags/example_branch_python_dop_operator_3.py for tasks to queue
[2022-08-09 00:04:30,648] {logging_mixin.py:115} INFO - [2022-08-09 00:04:30,648] {dagbag.py:508} INFO - Filling up the DagBag from /home/renan/datapipeline/.env/lib/python3.8/site-packages/airflow/example_dags/example_branch_python_dop_operator_3.py
[2022-08-09 00:04:30,654] {processor.py:651} INFO - DAG(s) dict_keys(['example_branch_dop_operator_v3']) retrieved from /home/renan/datapipeline/.env/lib/python3.8/site-packages/airflow/example_dags/example_branch_python_dop_operator_3.py
[2022-08-09 00:04:30,664] {logging_mixin.py:115} INFO - [2022-08-09 00:04:30,664] {dag.py:2420} INFO - Sync 1 DAGs
[2022-08-09 00:04:30,676] {logging_mixin.py:115} INFO - [2022-08-09 00:04:30,676] {dag.py:2968} INFO - Setting next_dagrun for example_branch_dop_operator_v3 to 2022-08-09T03:03:00+00:00, run_after=2022-08-09T03:04:00+00:00
[2022-08-09 00:04:30,685] {processor.py:161} INFO - Processing /home/renan/datapipeline/.env/lib/python3.8/site-packages/airflow/example_dags/example_branch_python_dop_operator_3.py took 0.039 seconds
[2022-08-09 00:05:05,131] {processor.py:153} INFO - Started process (PID=10749) to work on /home/renan/datapipeline/.env/lib/python3.8/site-packages/airflow/example_dags/example_branch_python_dop_operator_3.py
[2022-08-09 00:05:05,131] {processor.py:641} INFO - Processing file /home/renan/datapipeline/.env/lib/python3.8/site-packages/airflow/example_dags/example_branch_python_dop_operator_3.py for tasks to queue
[2022-08-09 00:05:05,132] {logging_mixin.py:115} INFO - [2022-08-09 00:05:05,132] {dagbag.py:508} INFO - Filling up the DagBag from /home/renan/datapipeline/.env/lib/python3.8/site-packages/airflow/example_dags/example_branch_python_dop_operator_3.py
[2022-08-09 00:05:05,138] {processor.py:651} INFO - DAG(s) dict_keys(['example_branch_dop_operator_v3']) retrieved from /home/renan/datapipeline/.env/lib/python3.8/site-packages/airflow/example_dags/example_branch_python_dop_operator_3.py
[2022-08-09 00:05:05,151] {logging_mixin.py:115} INFO - [2022-08-09 00:05:05,151] {dag.py:2420} INFO - Sync 1 DAGs
[2022-08-09 00:05:05,164] {logging_mixin.py:115} INFO - [2022-08-09 00:05:05,164] {dag.py:2968} INFO - Setting next_dagrun for example_branch_dop_operator_v3 to 2022-08-09T03:04:00+00:00, run_after=2022-08-09T03:05:00+00:00
[2022-08-09 00:05:05,175] {processor.py:161} INFO - Processing /home/renan/datapipeline/.env/lib/python3.8/site-packages/airflow/example_dags/example_branch_python_dop_operator_3.py took 0.046 seconds
[2022-08-09 00:05:37,345] {processor.py:153} INFO - Started process (PID=10786) to work on /home/renan/datapipeline/.env/lib/python3.8/site-packages/airflow/example_dags/example_branch_python_dop_operator_3.py
[2022-08-09 00:05:37,345] {processor.py:641} INFO - Processing file /home/renan/datapipeline/.env/lib/python3.8/site-packages/airflow/example_dags/example_branch_python_dop_operator_3.py for tasks to queue
[2022-08-09 00:05:37,346] {logging_mixin.py:115} INFO - [2022-08-09 00:05:37,346] {dagbag.py:508} INFO - Filling up the DagBag from /home/renan/datapipeline/.env/lib/python3.8/site-packages/airflow/example_dags/example_branch_python_dop_operator_3.py
[2022-08-09 00:05:37,351] {processor.py:651} INFO - DAG(s) dict_keys(['example_branch_dop_operator_v3']) retrieved from /home/renan/datapipeline/.env/lib/python3.8/site-packages/airflow/example_dags/example_branch_python_dop_operator_3.py
[2022-08-09 00:05:37,362] {logging_mixin.py:115} INFO - [2022-08-09 00:05:37,362] {dag.py:2420} INFO - Sync 1 DAGs
[2022-08-09 00:05:37,374] {logging_mixin.py:115} INFO - [2022-08-09 00:05:37,374] {dag.py:2968} INFO - Setting next_dagrun for example_branch_dop_operator_v3 to 2022-08-09T03:04:00+00:00, run_after=2022-08-09T03:05:00+00:00
[2022-08-09 00:05:37,383] {processor.py:161} INFO - Processing /home/renan/datapipeline/.env/lib/python3.8/site-packages/airflow/example_dags/example_branch_python_dop_operator_3.py took 0.040 seconds
[2022-08-09 00:06:10,368] {processor.py:153} INFO - Started process (PID=10821) to work on /home/renan/datapipeline/.env/lib/python3.8/site-packages/airflow/example_dags/example_branch_python_dop_operator_3.py
[2022-08-09 00:06:10,368] {processor.py:641} INFO - Processing file /home/renan/datapipeline/.env/lib/python3.8/site-packages/airflow/example_dags/example_branch_python_dop_operator_3.py for tasks to queue
[2022-08-09 00:06:10,368] {logging_mixin.py:115} INFO - [2022-08-09 00:06:10,368] {dagbag.py:508} INFO - Filling up the DagBag from /home/renan/datapipeline/.env/lib/python3.8/site-packages/airflow/example_dags/example_branch_python_dop_operator_3.py
[2022-08-09 00:06:10,374] {processor.py:651} INFO - DAG(s) dict_keys(['example_branch_dop_operator_v3']) retrieved from /home/renan/datapipeline/.env/lib/python3.8/site-packages/airflow/example_dags/example_branch_python_dop_operator_3.py
[2022-08-09 00:06:10,383] {logging_mixin.py:115} INFO - [2022-08-09 00:06:10,383] {dag.py:2420} INFO - Sync 1 DAGs
[2022-08-09 00:06:10,395] {logging_mixin.py:115} INFO - [2022-08-09 00:06:10,395] {dag.py:2968} INFO - Setting next_dagrun for example_branch_dop_operator_v3 to 2022-08-09T03:05:00+00:00, run_after=2022-08-09T03:06:00+00:00
[2022-08-09 00:06:10,404] {processor.py:161} INFO - Processing /home/renan/datapipeline/.env/lib/python3.8/site-packages/airflow/example_dags/example_branch_python_dop_operator_3.py took 0.038 seconds
[2022-08-09 00:06:47,380] {processor.py:153} INFO - Started process (PID=10875) to work on /home/renan/datapipeline/.env/lib/python3.8/site-packages/airflow/example_dags/example_branch_python_dop_operator_3.py
[2022-08-09 00:06:47,382] {processor.py:641} INFO - Processing file /home/renan/datapipeline/.env/lib/python3.8/site-packages/airflow/example_dags/example_branch_python_dop_operator_3.py for tasks to queue
[2022-08-09 00:06:47,382] {logging_mixin.py:115} INFO - [2022-08-09 00:06:47,382] {dagbag.py:508} INFO - Filling up the DagBag from /home/renan/datapipeline/.env/lib/python3.8/site-packages/airflow/example_dags/example_branch_python_dop_operator_3.py
[2022-08-09 00:06:47,389] {processor.py:651} INFO - DAG(s) dict_keys(['example_branch_dop_operator_v3']) retrieved from /home/renan/datapipeline/.env/lib/python3.8/site-packages/airflow/example_dags/example_branch_python_dop_operator_3.py
[2022-08-09 00:06:47,400] {logging_mixin.py:115} INFO - [2022-08-09 00:06:47,400] {dag.py:2420} INFO - Sync 1 DAGs
[2022-08-09 00:06:47,414] {logging_mixin.py:115} INFO - [2022-08-09 00:06:47,414] {dag.py:2968} INFO - Setting next_dagrun for example_branch_dop_operator_v3 to 2022-08-09T03:05:00+00:00, run_after=2022-08-09T03:06:00+00:00
[2022-08-09 00:06:47,425] {processor.py:161} INFO - Processing /home/renan/datapipeline/.env/lib/python3.8/site-packages/airflow/example_dags/example_branch_python_dop_operator_3.py took 0.047 seconds
[2022-08-09 00:07:19,935] {processor.py:153} INFO - Started process (PID=10925) to work on /home/renan/datapipeline/.env/lib/python3.8/site-packages/airflow/example_dags/example_branch_python_dop_operator_3.py
[2022-08-09 00:07:19,935] {processor.py:641} INFO - Processing file /home/renan/datapipeline/.env/lib/python3.8/site-packages/airflow/example_dags/example_branch_python_dop_operator_3.py for tasks to queue
[2022-08-09 00:07:19,935] {logging_mixin.py:115} INFO - [2022-08-09 00:07:19,935] {dagbag.py:508} INFO - Filling up the DagBag from /home/renan/datapipeline/.env/lib/python3.8/site-packages/airflow/example_dags/example_branch_python_dop_operator_3.py
[2022-08-09 00:07:19,942] {processor.py:651} INFO - DAG(s) dict_keys(['example_branch_dop_operator_v3']) retrieved from /home/renan/datapipeline/.env/lib/python3.8/site-packages/airflow/example_dags/example_branch_python_dop_operator_3.py
[2022-08-09 00:07:19,953] {logging_mixin.py:115} INFO - [2022-08-09 00:07:19,953] {dag.py:2420} INFO - Sync 1 DAGs
[2022-08-09 00:07:19,966] {logging_mixin.py:115} INFO - [2022-08-09 00:07:19,966] {dag.py:2968} INFO - Setting next_dagrun for example_branch_dop_operator_v3 to 2022-08-09T03:06:00+00:00, run_after=2022-08-09T03:07:00+00:00
[2022-08-09 00:07:19,978] {processor.py:161} INFO - Processing /home/renan/datapipeline/.env/lib/python3.8/site-packages/airflow/example_dags/example_branch_python_dop_operator_3.py took 0.045 seconds
[2022-08-09 00:07:56,469] {processor.py:153} INFO - Started process (PID=10967) to work on /home/renan/datapipeline/.env/lib/python3.8/site-packages/airflow/example_dags/example_branch_python_dop_operator_3.py
[2022-08-09 00:07:56,470] {processor.py:641} INFO - Processing file /home/renan/datapipeline/.env/lib/python3.8/site-packages/airflow/example_dags/example_branch_python_dop_operator_3.py for tasks to queue
[2022-08-09 00:07:56,470] {logging_mixin.py:115} INFO - [2022-08-09 00:07:56,470] {dagbag.py:508} INFO - Filling up the DagBag from /home/renan/datapipeline/.env/lib/python3.8/site-packages/airflow/example_dags/example_branch_python_dop_operator_3.py
[2022-08-09 00:07:56,476] {processor.py:651} INFO - DAG(s) dict_keys(['example_branch_dop_operator_v3']) retrieved from /home/renan/datapipeline/.env/lib/python3.8/site-packages/airflow/example_dags/example_branch_python_dop_operator_3.py
[2022-08-09 00:07:56,486] {logging_mixin.py:115} INFO - [2022-08-09 00:07:56,486] {dag.py:2420} INFO - Sync 1 DAGs
[2022-08-09 00:07:56,498] {logging_mixin.py:115} INFO - [2022-08-09 00:07:56,498] {dag.py:2968} INFO - Setting next_dagrun for example_branch_dop_operator_v3 to 2022-08-09T03:06:00+00:00, run_after=2022-08-09T03:07:00+00:00
[2022-08-09 00:07:56,508] {processor.py:161} INFO - Processing /home/renan/datapipeline/.env/lib/python3.8/site-packages/airflow/example_dags/example_branch_python_dop_operator_3.py took 0.041 seconds
[2022-08-09 00:08:29,052] {processor.py:153} INFO - Started process (PID=11002) to work on /home/renan/datapipeline/.env/lib/python3.8/site-packages/airflow/example_dags/example_branch_python_dop_operator_3.py
[2022-08-09 00:08:29,053] {processor.py:641} INFO - Processing file /home/renan/datapipeline/.env/lib/python3.8/site-packages/airflow/example_dags/example_branch_python_dop_operator_3.py for tasks to queue
[2022-08-09 00:08:29,053] {logging_mixin.py:115} INFO - [2022-08-09 00:08:29,053] {dagbag.py:508} INFO - Filling up the DagBag from /home/renan/datapipeline/.env/lib/python3.8/site-packages/airflow/example_dags/example_branch_python_dop_operator_3.py
[2022-08-09 00:08:29,059] {processor.py:651} INFO - DAG(s) dict_keys(['example_branch_dop_operator_v3']) retrieved from /home/renan/datapipeline/.env/lib/python3.8/site-packages/airflow/example_dags/example_branch_python_dop_operator_3.py
[2022-08-09 00:08:29,068] {logging_mixin.py:115} INFO - [2022-08-09 00:08:29,068] {dag.py:2420} INFO - Sync 1 DAGs
[2022-08-09 00:08:29,080] {logging_mixin.py:115} INFO - [2022-08-09 00:08:29,080] {dag.py:2968} INFO - Setting next_dagrun for example_branch_dop_operator_v3 to 2022-08-09T03:07:00+00:00, run_after=2022-08-09T03:08:00+00:00
[2022-08-09 00:08:29,089] {processor.py:161} INFO - Processing /home/renan/datapipeline/.env/lib/python3.8/site-packages/airflow/example_dags/example_branch_python_dop_operator_3.py took 0.038 seconds
[2022-08-09 00:09:02,455] {processor.py:153} INFO - Started process (PID=11039) to work on /home/renan/datapipeline/.env/lib/python3.8/site-packages/airflow/example_dags/example_branch_python_dop_operator_3.py
[2022-08-09 00:09:02,455] {processor.py:641} INFO - Processing file /home/renan/datapipeline/.env/lib/python3.8/site-packages/airflow/example_dags/example_branch_python_dop_operator_3.py for tasks to queue
[2022-08-09 00:09:02,455] {logging_mixin.py:115} INFO - [2022-08-09 00:09:02,455] {dagbag.py:508} INFO - Filling up the DagBag from /home/renan/datapipeline/.env/lib/python3.8/site-packages/airflow/example_dags/example_branch_python_dop_operator_3.py
[2022-08-09 00:09:02,461] {processor.py:651} INFO - DAG(s) dict_keys(['example_branch_dop_operator_v3']) retrieved from /home/renan/datapipeline/.env/lib/python3.8/site-packages/airflow/example_dags/example_branch_python_dop_operator_3.py
[2022-08-09 00:09:02,471] {logging_mixin.py:115} INFO - [2022-08-09 00:09:02,471] {dag.py:2420} INFO - Sync 1 DAGs
[2022-08-09 00:09:02,483] {logging_mixin.py:115} INFO - [2022-08-09 00:09:02,483] {dag.py:2968} INFO - Setting next_dagrun for example_branch_dop_operator_v3 to 2022-08-09T03:08:00+00:00, run_after=2022-08-09T03:09:00+00:00
[2022-08-09 00:09:02,492] {processor.py:161} INFO - Processing /home/renan/datapipeline/.env/lib/python3.8/site-packages/airflow/example_dags/example_branch_python_dop_operator_3.py took 0.039 seconds
[2022-08-09 00:09:35,948] {processor.py:153} INFO - Started process (PID=11073) to work on /home/renan/datapipeline/.env/lib/python3.8/site-packages/airflow/example_dags/example_branch_python_dop_operator_3.py
[2022-08-09 00:09:35,948] {processor.py:641} INFO - Processing file /home/renan/datapipeline/.env/lib/python3.8/site-packages/airflow/example_dags/example_branch_python_dop_operator_3.py for tasks to queue
[2022-08-09 00:09:35,948] {logging_mixin.py:115} INFO - [2022-08-09 00:09:35,948] {dagbag.py:508} INFO - Filling up the DagBag from /home/renan/datapipeline/.env/lib/python3.8/site-packages/airflow/example_dags/example_branch_python_dop_operator_3.py
[2022-08-09 00:09:35,957] {processor.py:651} INFO - DAG(s) dict_keys(['example_branch_dop_operator_v3']) retrieved from /home/renan/datapipeline/.env/lib/python3.8/site-packages/airflow/example_dags/example_branch_python_dop_operator_3.py
[2022-08-09 00:09:35,965] {logging_mixin.py:115} INFO - [2022-08-09 00:09:35,965] {dag.py:2420} INFO - Sync 1 DAGs
[2022-08-09 00:09:35,977] {logging_mixin.py:115} INFO - [2022-08-09 00:09:35,977] {dag.py:2968} INFO - Setting next_dagrun for example_branch_dop_operator_v3 to 2022-08-09T03:08:00+00:00, run_after=2022-08-09T03:09:00+00:00
[2022-08-09 00:09:35,986] {processor.py:161} INFO - Processing /home/renan/datapipeline/.env/lib/python3.8/site-packages/airflow/example_dags/example_branch_python_dop_operator_3.py took 0.040 seconds
[2022-08-09 00:10:08,554] {processor.py:153} INFO - Started process (PID=11114) to work on /home/renan/datapipeline/.env/lib/python3.8/site-packages/airflow/example_dags/example_branch_python_dop_operator_3.py
[2022-08-09 00:10:08,554] {processor.py:641} INFO - Processing file /home/renan/datapipeline/.env/lib/python3.8/site-packages/airflow/example_dags/example_branch_python_dop_operator_3.py for tasks to queue
[2022-08-09 00:10:08,554] {logging_mixin.py:115} INFO - [2022-08-09 00:10:08,554] {dagbag.py:508} INFO - Filling up the DagBag from /home/renan/datapipeline/.env/lib/python3.8/site-packages/airflow/example_dags/example_branch_python_dop_operator_3.py
[2022-08-09 00:10:08,562] {processor.py:651} INFO - DAG(s) dict_keys(['example_branch_dop_operator_v3']) retrieved from /home/renan/datapipeline/.env/lib/python3.8/site-packages/airflow/example_dags/example_branch_python_dop_operator_3.py
[2022-08-09 00:10:08,570] {logging_mixin.py:115} INFO - [2022-08-09 00:10:08,570] {dag.py:2420} INFO - Sync 1 DAGs
[2022-08-09 00:10:08,582] {logging_mixin.py:115} INFO - [2022-08-09 00:10:08,582] {dag.py:2968} INFO - Setting next_dagrun for example_branch_dop_operator_v3 to 2022-08-09T03:09:00+00:00, run_after=2022-08-09T03:10:00+00:00
[2022-08-09 00:10:08,591] {processor.py:161} INFO - Processing /home/renan/datapipeline/.env/lib/python3.8/site-packages/airflow/example_dags/example_branch_python_dop_operator_3.py took 0.039 seconds
[2022-08-09 00:10:45,063] {processor.py:153} INFO - Started process (PID=11152) to work on /home/renan/datapipeline/.env/lib/python3.8/site-packages/airflow/example_dags/example_branch_python_dop_operator_3.py
[2022-08-09 00:10:45,064] {processor.py:641} INFO - Processing file /home/renan/datapipeline/.env/lib/python3.8/site-packages/airflow/example_dags/example_branch_python_dop_operator_3.py for tasks to queue
[2022-08-09 00:10:45,064] {logging_mixin.py:115} INFO - [2022-08-09 00:10:45,064] {dagbag.py:508} INFO - Filling up the DagBag from /home/renan/datapipeline/.env/lib/python3.8/site-packages/airflow/example_dags/example_branch_python_dop_operator_3.py
[2022-08-09 00:10:45,072] {processor.py:651} INFO - DAG(s) dict_keys(['example_branch_dop_operator_v3']) retrieved from /home/renan/datapipeline/.env/lib/python3.8/site-packages/airflow/example_dags/example_branch_python_dop_operator_3.py
[2022-08-09 00:10:45,080] {logging_mixin.py:115} INFO - [2022-08-09 00:10:45,080] {dag.py:2420} INFO - Sync 1 DAGs
[2022-08-09 00:10:45,093] {logging_mixin.py:115} INFO - [2022-08-09 00:10:45,092] {dag.py:2968} INFO - Setting next_dagrun for example_branch_dop_operator_v3 to 2022-08-09T03:09:00+00:00, run_after=2022-08-09T03:10:00+00:00
[2022-08-09 00:10:45,101] {processor.py:161} INFO - Processing /home/renan/datapipeline/.env/lib/python3.8/site-packages/airflow/example_dags/example_branch_python_dop_operator_3.py took 0.040 seconds
[2022-08-09 00:11:18,311] {processor.py:153} INFO - Started process (PID=11204) to work on /home/renan/datapipeline/.env/lib/python3.8/site-packages/airflow/example_dags/example_branch_python_dop_operator_3.py
[2022-08-09 00:11:18,311] {processor.py:641} INFO - Processing file /home/renan/datapipeline/.env/lib/python3.8/site-packages/airflow/example_dags/example_branch_python_dop_operator_3.py for tasks to queue
[2022-08-09 00:11:18,312] {logging_mixin.py:115} INFO - [2022-08-09 00:11:18,311] {dagbag.py:508} INFO - Filling up the DagBag from /home/renan/datapipeline/.env/lib/python3.8/site-packages/airflow/example_dags/example_branch_python_dop_operator_3.py
[2022-08-09 00:11:18,319] {processor.py:651} INFO - DAG(s) dict_keys(['example_branch_dop_operator_v3']) retrieved from /home/renan/datapipeline/.env/lib/python3.8/site-packages/airflow/example_dags/example_branch_python_dop_operator_3.py
[2022-08-09 00:11:18,327] {logging_mixin.py:115} INFO - [2022-08-09 00:11:18,327] {dag.py:2420} INFO - Sync 1 DAGs
[2022-08-09 00:11:18,339] {logging_mixin.py:115} INFO - [2022-08-09 00:11:18,339] {dag.py:2968} INFO - Setting next_dagrun for example_branch_dop_operator_v3 to 2022-08-09T03:10:00+00:00, run_after=2022-08-09T03:11:00+00:00
[2022-08-09 00:11:18,349] {processor.py:161} INFO - Processing /home/renan/datapipeline/.env/lib/python3.8/site-packages/airflow/example_dags/example_branch_python_dop_operator_3.py took 0.039 seconds
[2022-08-09 00:11:51,787] {processor.py:153} INFO - Started process (PID=11253) to work on /home/renan/datapipeline/.env/lib/python3.8/site-packages/airflow/example_dags/example_branch_python_dop_operator_3.py
[2022-08-09 00:11:51,788] {processor.py:641} INFO - Processing file /home/renan/datapipeline/.env/lib/python3.8/site-packages/airflow/example_dags/example_branch_python_dop_operator_3.py for tasks to queue
[2022-08-09 00:11:51,788] {logging_mixin.py:115} INFO - [2022-08-09 00:11:51,788] {dagbag.py:508} INFO - Filling up the DagBag from /home/renan/datapipeline/.env/lib/python3.8/site-packages/airflow/example_dags/example_branch_python_dop_operator_3.py
[2022-08-09 00:11:51,796] {processor.py:651} INFO - DAG(s) dict_keys(['example_branch_dop_operator_v3']) retrieved from /home/renan/datapipeline/.env/lib/python3.8/site-packages/airflow/example_dags/example_branch_python_dop_operator_3.py
[2022-08-09 00:11:51,805] {logging_mixin.py:115} INFO - [2022-08-09 00:11:51,805] {dag.py:2420} INFO - Sync 1 DAGs
[2022-08-09 00:11:51,818] {logging_mixin.py:115} INFO - [2022-08-09 00:11:51,818] {dag.py:2968} INFO - Setting next_dagrun for example_branch_dop_operator_v3 to 2022-08-09T03:10:00+00:00, run_after=2022-08-09T03:11:00+00:00
[2022-08-09 00:11:51,828] {processor.py:161} INFO - Processing /home/renan/datapipeline/.env/lib/python3.8/site-packages/airflow/example_dags/example_branch_python_dop_operator_3.py took 0.043 seconds
[2022-08-09 00:12:24,856] {processor.py:153} INFO - Started process (PID=11304) to work on /home/renan/datapipeline/.env/lib/python3.8/site-packages/airflow/example_dags/example_branch_python_dop_operator_3.py
[2022-08-09 00:12:24,856] {processor.py:641} INFO - Processing file /home/renan/datapipeline/.env/lib/python3.8/site-packages/airflow/example_dags/example_branch_python_dop_operator_3.py for tasks to queue
[2022-08-09 00:12:24,856] {logging_mixin.py:115} INFO - [2022-08-09 00:12:24,856] {dagbag.py:508} INFO - Filling up the DagBag from /home/renan/datapipeline/.env/lib/python3.8/site-packages/airflow/example_dags/example_branch_python_dop_operator_3.py
[2022-08-09 00:12:24,864] {processor.py:651} INFO - DAG(s) dict_keys(['example_branch_dop_operator_v3']) retrieved from /home/renan/datapipeline/.env/lib/python3.8/site-packages/airflow/example_dags/example_branch_python_dop_operator_3.py
[2022-08-09 00:12:24,875] {logging_mixin.py:115} INFO - [2022-08-09 00:12:24,875] {dag.py:2420} INFO - Sync 1 DAGs
[2022-08-09 00:12:24,888] {logging_mixin.py:115} INFO - [2022-08-09 00:12:24,888] {dag.py:2968} INFO - Setting next_dagrun for example_branch_dop_operator_v3 to 2022-08-09T03:11:00+00:00, run_after=2022-08-09T03:12:00+00:00
[2022-08-09 00:12:24,898] {processor.py:161} INFO - Processing /home/renan/datapipeline/.env/lib/python3.8/site-packages/airflow/example_dags/example_branch_python_dop_operator_3.py took 0.044 seconds
[2022-08-09 00:12:58,475] {processor.py:153} INFO - Started process (PID=11354) to work on /home/renan/datapipeline/.env/lib/python3.8/site-packages/airflow/example_dags/example_branch_python_dop_operator_3.py
[2022-08-09 00:12:58,476] {processor.py:641} INFO - Processing file /home/renan/datapipeline/.env/lib/python3.8/site-packages/airflow/example_dags/example_branch_python_dop_operator_3.py for tasks to queue
[2022-08-09 00:12:58,476] {logging_mixin.py:115} INFO - [2022-08-09 00:12:58,476] {dagbag.py:508} INFO - Filling up the DagBag from /home/renan/datapipeline/.env/lib/python3.8/site-packages/airflow/example_dags/example_branch_python_dop_operator_3.py
[2022-08-09 00:12:58,484] {processor.py:651} INFO - DAG(s) dict_keys(['example_branch_dop_operator_v3']) retrieved from /home/renan/datapipeline/.env/lib/python3.8/site-packages/airflow/example_dags/example_branch_python_dop_operator_3.py
[2022-08-09 00:12:58,493] {logging_mixin.py:115} INFO - [2022-08-09 00:12:58,493] {dag.py:2420} INFO - Sync 1 DAGs
[2022-08-09 00:12:58,508] {logging_mixin.py:115} INFO - [2022-08-09 00:12:58,508] {dag.py:2968} INFO - Setting next_dagrun for example_branch_dop_operator_v3 to 2022-08-09T03:11:00+00:00, run_after=2022-08-09T03:12:00+00:00
[2022-08-09 00:12:58,517] {processor.py:161} INFO - Processing /home/renan/datapipeline/.env/lib/python3.8/site-packages/airflow/example_dags/example_branch_python_dop_operator_3.py took 0.043 seconds
[2022-08-09 00:13:30,425] {processor.py:153} INFO - Started process (PID=11391) to work on /home/renan/datapipeline/.env/lib/python3.8/site-packages/airflow/example_dags/example_branch_python_dop_operator_3.py
[2022-08-09 00:13:30,426] {processor.py:641} INFO - Processing file /home/renan/datapipeline/.env/lib/python3.8/site-packages/airflow/example_dags/example_branch_python_dop_operator_3.py for tasks to queue
[2022-08-09 00:13:30,427] {logging_mixin.py:115} INFO - [2022-08-09 00:13:30,426] {dagbag.py:508} INFO - Filling up the DagBag from /home/renan/datapipeline/.env/lib/python3.8/site-packages/airflow/example_dags/example_branch_python_dop_operator_3.py
[2022-08-09 00:13:30,435] {processor.py:651} INFO - DAG(s) dict_keys(['example_branch_dop_operator_v3']) retrieved from /home/renan/datapipeline/.env/lib/python3.8/site-packages/airflow/example_dags/example_branch_python_dop_operator_3.py
[2022-08-09 00:13:30,445] {logging_mixin.py:115} INFO - [2022-08-09 00:13:30,445] {dag.py:2420} INFO - Sync 1 DAGs
[2022-08-09 00:13:30,460] {logging_mixin.py:115} INFO - [2022-08-09 00:13:30,460] {dag.py:2968} INFO - Setting next_dagrun for example_branch_dop_operator_v3 to 2022-08-09T03:12:00+00:00, run_after=2022-08-09T03:13:00+00:00
[2022-08-09 00:13:30,471] {processor.py:161} INFO - Processing /home/renan/datapipeline/.env/lib/python3.8/site-packages/airflow/example_dags/example_branch_python_dop_operator_3.py took 0.048 seconds
[2022-08-09 00:14:07,501] {processor.py:153} INFO - Started process (PID=11478) to work on /home/renan/datapipeline/.env/lib/python3.8/site-packages/airflow/example_dags/example_branch_python_dop_operator_3.py
[2022-08-09 00:14:07,502] {processor.py:641} INFO - Processing file /home/renan/datapipeline/.env/lib/python3.8/site-packages/airflow/example_dags/example_branch_python_dop_operator_3.py for tasks to queue
[2022-08-09 00:14:07,502] {logging_mixin.py:115} INFO - [2022-08-09 00:14:07,502] {dagbag.py:508} INFO - Filling up the DagBag from /home/renan/datapipeline/.env/lib/python3.8/site-packages/airflow/example_dags/example_branch_python_dop_operator_3.py
[2022-08-09 00:14:07,510] {processor.py:651} INFO - DAG(s) dict_keys(['example_branch_dop_operator_v3']) retrieved from /home/renan/datapipeline/.env/lib/python3.8/site-packages/airflow/example_dags/example_branch_python_dop_operator_3.py
[2022-08-09 00:14:07,518] {logging_mixin.py:115} INFO - [2022-08-09 00:14:07,518] {dag.py:2420} INFO - Sync 1 DAGs
[2022-08-09 00:14:07,531] {logging_mixin.py:115} INFO - [2022-08-09 00:14:07,530] {dag.py:2968} INFO - Setting next_dagrun for example_branch_dop_operator_v3 to 2022-08-09T03:13:00+00:00, run_after=2022-08-09T03:14:00+00:00
[2022-08-09 00:14:07,540] {processor.py:161} INFO - Processing /home/renan/datapipeline/.env/lib/python3.8/site-packages/airflow/example_dags/example_branch_python_dop_operator_3.py took 0.040 seconds
[2022-08-09 00:14:39,572] {processor.py:153} INFO - Started process (PID=11523) to work on /home/renan/datapipeline/.env/lib/python3.8/site-packages/airflow/example_dags/example_branch_python_dop_operator_3.py
[2022-08-09 00:14:39,572] {processor.py:641} INFO - Processing file /home/renan/datapipeline/.env/lib/python3.8/site-packages/airflow/example_dags/example_branch_python_dop_operator_3.py for tasks to queue
[2022-08-09 00:14:39,573] {logging_mixin.py:115} INFO - [2022-08-09 00:14:39,573] {dagbag.py:508} INFO - Filling up the DagBag from /home/renan/datapipeline/.env/lib/python3.8/site-packages/airflow/example_dags/example_branch_python_dop_operator_3.py
[2022-08-09 00:14:39,579] {processor.py:651} INFO - DAG(s) dict_keys(['example_branch_dop_operator_v3']) retrieved from /home/renan/datapipeline/.env/lib/python3.8/site-packages/airflow/example_dags/example_branch_python_dop_operator_3.py
[2022-08-09 00:14:39,588] {logging_mixin.py:115} INFO - [2022-08-09 00:14:39,588] {dag.py:2420} INFO - Sync 1 DAGs
[2022-08-09 00:14:39,601] {logging_mixin.py:115} INFO - [2022-08-09 00:14:39,600] {dag.py:2968} INFO - Setting next_dagrun for example_branch_dop_operator_v3 to 2022-08-09T03:13:00+00:00, run_after=2022-08-09T03:14:00+00:00
[2022-08-09 00:14:39,609] {processor.py:161} INFO - Processing /home/renan/datapipeline/.env/lib/python3.8/site-packages/airflow/example_dags/example_branch_python_dop_operator_3.py took 0.039 seconds
[2022-08-09 00:15:14,196] {processor.py:153} INFO - Started process (PID=11565) to work on /home/renan/datapipeline/.env/lib/python3.8/site-packages/airflow/example_dags/example_branch_python_dop_operator_3.py
[2022-08-09 00:15:14,196] {processor.py:641} INFO - Processing file /home/renan/datapipeline/.env/lib/python3.8/site-packages/airflow/example_dags/example_branch_python_dop_operator_3.py for tasks to queue
[2022-08-09 00:15:14,196] {logging_mixin.py:115} INFO - [2022-08-09 00:15:14,196] {dagbag.py:508} INFO - Filling up the DagBag from /home/renan/datapipeline/.env/lib/python3.8/site-packages/airflow/example_dags/example_branch_python_dop_operator_3.py
[2022-08-09 00:15:14,202] {processor.py:651} INFO - DAG(s) dict_keys(['example_branch_dop_operator_v3']) retrieved from /home/renan/datapipeline/.env/lib/python3.8/site-packages/airflow/example_dags/example_branch_python_dop_operator_3.py
[2022-08-09 00:15:14,211] {logging_mixin.py:115} INFO - [2022-08-09 00:15:14,211] {dag.py:2420} INFO - Sync 1 DAGs
[2022-08-09 00:15:14,224] {logging_mixin.py:115} INFO - [2022-08-09 00:15:14,224] {dag.py:2968} INFO - Setting next_dagrun for example_branch_dop_operator_v3 to 2022-08-09T03:14:00+00:00, run_after=2022-08-09T03:15:00+00:00
[2022-08-09 00:15:14,233] {processor.py:161} INFO - Processing /home/renan/datapipeline/.env/lib/python3.8/site-packages/airflow/example_dags/example_branch_python_dop_operator_3.py took 0.039 seconds
[2022-08-09 00:15:47,207] {processor.py:153} INFO - Started process (PID=11634) to work on /home/renan/datapipeline/.env/lib/python3.8/site-packages/airflow/example_dags/example_branch_python_dop_operator_3.py
[2022-08-09 00:15:47,208] {processor.py:641} INFO - Processing file /home/renan/datapipeline/.env/lib/python3.8/site-packages/airflow/example_dags/example_branch_python_dop_operator_3.py for tasks to queue
[2022-08-09 00:15:47,208] {logging_mixin.py:115} INFO - [2022-08-09 00:15:47,208] {dagbag.py:508} INFO - Filling up the DagBag from /home/renan/datapipeline/.env/lib/python3.8/site-packages/airflow/example_dags/example_branch_python_dop_operator_3.py
[2022-08-09 00:15:47,216] {processor.py:651} INFO - DAG(s) dict_keys(['example_branch_dop_operator_v3']) retrieved from /home/renan/datapipeline/.env/lib/python3.8/site-packages/airflow/example_dags/example_branch_python_dop_operator_3.py
[2022-08-09 00:15:47,230] {logging_mixin.py:115} INFO - [2022-08-09 00:15:47,230] {dag.py:2420} INFO - Sync 1 DAGs
[2022-08-09 00:15:47,248] {logging_mixin.py:115} INFO - [2022-08-09 00:15:47,248] {dag.py:2968} INFO - Setting next_dagrun for example_branch_dop_operator_v3 to 2022-08-09T03:14:00+00:00, run_after=2022-08-09T03:15:00+00:00
[2022-08-09 00:15:47,260] {processor.py:161} INFO - Processing /home/renan/datapipeline/.env/lib/python3.8/site-packages/airflow/example_dags/example_branch_python_dop_operator_3.py took 0.055 seconds
[2022-08-09 00:16:21,876] {processor.py:153} INFO - Started process (PID=11682) to work on /home/renan/datapipeline/.env/lib/python3.8/site-packages/airflow/example_dags/example_branch_python_dop_operator_3.py
[2022-08-09 00:16:21,876] {processor.py:641} INFO - Processing file /home/renan/datapipeline/.env/lib/python3.8/site-packages/airflow/example_dags/example_branch_python_dop_operator_3.py for tasks to queue
[2022-08-09 00:16:21,877] {logging_mixin.py:115} INFO - [2022-08-09 00:16:21,877] {dagbag.py:508} INFO - Filling up the DagBag from /home/renan/datapipeline/.env/lib/python3.8/site-packages/airflow/example_dags/example_branch_python_dop_operator_3.py
[2022-08-09 00:16:21,882] {processor.py:651} INFO - DAG(s) dict_keys(['example_branch_dop_operator_v3']) retrieved from /home/renan/datapipeline/.env/lib/python3.8/site-packages/airflow/example_dags/example_branch_python_dop_operator_3.py
[2022-08-09 00:16:21,892] {logging_mixin.py:115} INFO - [2022-08-09 00:16:21,892] {dag.py:2420} INFO - Sync 1 DAGs
[2022-08-09 00:16:21,905] {logging_mixin.py:115} INFO - [2022-08-09 00:16:21,905] {dag.py:2968} INFO - Setting next_dagrun for example_branch_dop_operator_v3 to 2022-08-09T03:15:00+00:00, run_after=2022-08-09T03:16:00+00:00
[2022-08-09 00:16:21,915] {processor.py:161} INFO - Processing /home/renan/datapipeline/.env/lib/python3.8/site-packages/airflow/example_dags/example_branch_python_dop_operator_3.py took 0.040 seconds
[2022-08-09 00:16:59,035] {processor.py:153} INFO - Started process (PID=11744) to work on /home/renan/datapipeline/.env/lib/python3.8/site-packages/airflow/example_dags/example_branch_python_dop_operator_3.py
[2022-08-09 00:16:59,036] {processor.py:641} INFO - Processing file /home/renan/datapipeline/.env/lib/python3.8/site-packages/airflow/example_dags/example_branch_python_dop_operator_3.py for tasks to queue
[2022-08-09 00:16:59,036] {logging_mixin.py:115} INFO - [2022-08-09 00:16:59,036] {dagbag.py:508} INFO - Filling up the DagBag from /home/renan/datapipeline/.env/lib/python3.8/site-packages/airflow/example_dags/example_branch_python_dop_operator_3.py
[2022-08-09 00:16:59,042] {processor.py:651} INFO - DAG(s) dict_keys(['example_branch_dop_operator_v3']) retrieved from /home/renan/datapipeline/.env/lib/python3.8/site-packages/airflow/example_dags/example_branch_python_dop_operator_3.py
[2022-08-09 00:16:59,051] {logging_mixin.py:115} INFO - [2022-08-09 00:16:59,051] {dag.py:2420} INFO - Sync 1 DAGs
[2022-08-09 00:16:59,064] {logging_mixin.py:115} INFO - [2022-08-09 00:16:59,064] {dag.py:2968} INFO - Setting next_dagrun for example_branch_dop_operator_v3 to 2022-08-09T03:15:00+00:00, run_after=2022-08-09T03:16:00+00:00
[2022-08-09 00:16:59,072] {processor.py:161} INFO - Processing /home/renan/datapipeline/.env/lib/python3.8/site-packages/airflow/example_dags/example_branch_python_dop_operator_3.py took 0.039 seconds
[2022-08-09 00:17:30,793] {processor.py:153} INFO - Started process (PID=11791) to work on /home/renan/datapipeline/.env/lib/python3.8/site-packages/airflow/example_dags/example_branch_python_dop_operator_3.py
[2022-08-09 00:17:30,793] {processor.py:641} INFO - Processing file /home/renan/datapipeline/.env/lib/python3.8/site-packages/airflow/example_dags/example_branch_python_dop_operator_3.py for tasks to queue
[2022-08-09 00:17:30,793] {logging_mixin.py:115} INFO - [2022-08-09 00:17:30,793] {dagbag.py:508} INFO - Filling up the DagBag from /home/renan/datapipeline/.env/lib/python3.8/site-packages/airflow/example_dags/example_branch_python_dop_operator_3.py
[2022-08-09 00:17:30,800] {processor.py:651} INFO - DAG(s) dict_keys(['example_branch_dop_operator_v3']) retrieved from /home/renan/datapipeline/.env/lib/python3.8/site-packages/airflow/example_dags/example_branch_python_dop_operator_3.py
[2022-08-09 00:17:30,812] {logging_mixin.py:115} INFO - [2022-08-09 00:17:30,812] {dag.py:2420} INFO - Sync 1 DAGs
[2022-08-09 00:17:30,826] {logging_mixin.py:115} INFO - [2022-08-09 00:17:30,825] {dag.py:2968} INFO - Setting next_dagrun for example_branch_dop_operator_v3 to 2022-08-09T03:16:00+00:00, run_after=2022-08-09T03:17:00+00:00
[2022-08-09 00:17:30,836] {processor.py:161} INFO - Processing /home/renan/datapipeline/.env/lib/python3.8/site-packages/airflow/example_dags/example_branch_python_dop_operator_3.py took 0.045 seconds
[2022-08-09 00:18:02,382] {processor.py:153} INFO - Started process (PID=11828) to work on /home/renan/datapipeline/.env/lib/python3.8/site-packages/airflow/example_dags/example_branch_python_dop_operator_3.py
[2022-08-09 00:18:02,382] {processor.py:641} INFO - Processing file /home/renan/datapipeline/.env/lib/python3.8/site-packages/airflow/example_dags/example_branch_python_dop_operator_3.py for tasks to queue
[2022-08-09 00:18:02,383] {logging_mixin.py:115} INFO - [2022-08-09 00:18:02,383] {dagbag.py:508} INFO - Filling up the DagBag from /home/renan/datapipeline/.env/lib/python3.8/site-packages/airflow/example_dags/example_branch_python_dop_operator_3.py
[2022-08-09 00:18:02,389] {processor.py:651} INFO - DAG(s) dict_keys(['example_branch_dop_operator_v3']) retrieved from /home/renan/datapipeline/.env/lib/python3.8/site-packages/airflow/example_dags/example_branch_python_dop_operator_3.py
[2022-08-09 00:18:02,399] {logging_mixin.py:115} INFO - [2022-08-09 00:18:02,399] {dag.py:2420} INFO - Sync 1 DAGs
[2022-08-09 00:18:02,413] {logging_mixin.py:115} INFO - [2022-08-09 00:18:02,413] {dag.py:2968} INFO - Setting next_dagrun for example_branch_dop_operator_v3 to 2022-08-09T03:17:00+00:00, run_after=2022-08-09T03:18:00+00:00
[2022-08-09 00:18:02,423] {processor.py:161} INFO - Processing /home/renan/datapipeline/.env/lib/python3.8/site-packages/airflow/example_dags/example_branch_python_dop_operator_3.py took 0.043 seconds
[2022-08-09 00:18:36,560] {processor.py:153} INFO - Started process (PID=11861) to work on /home/renan/datapipeline/.env/lib/python3.8/site-packages/airflow/example_dags/example_branch_python_dop_operator_3.py
[2022-08-09 00:18:36,560] {processor.py:641} INFO - Processing file /home/renan/datapipeline/.env/lib/python3.8/site-packages/airflow/example_dags/example_branch_python_dop_operator_3.py for tasks to queue
[2022-08-09 00:18:36,560] {logging_mixin.py:115} INFO - [2022-08-09 00:18:36,560] {dagbag.py:508} INFO - Filling up the DagBag from /home/renan/datapipeline/.env/lib/python3.8/site-packages/airflow/example_dags/example_branch_python_dop_operator_3.py
[2022-08-09 00:18:36,566] {processor.py:651} INFO - DAG(s) dict_keys(['example_branch_dop_operator_v3']) retrieved from /home/renan/datapipeline/.env/lib/python3.8/site-packages/airflow/example_dags/example_branch_python_dop_operator_3.py
[2022-08-09 00:18:36,575] {logging_mixin.py:115} INFO - [2022-08-09 00:18:36,575] {dag.py:2420} INFO - Sync 1 DAGs
[2022-08-09 00:18:36,588] {logging_mixin.py:115} INFO - [2022-08-09 00:18:36,588] {dag.py:2968} INFO - Setting next_dagrun for example_branch_dop_operator_v3 to 2022-08-09T03:17:00+00:00, run_after=2022-08-09T03:18:00+00:00
[2022-08-09 00:18:36,597] {processor.py:161} INFO - Processing /home/renan/datapipeline/.env/lib/python3.8/site-packages/airflow/example_dags/example_branch_python_dop_operator_3.py took 0.039 seconds
[2022-08-09 00:19:11,274] {processor.py:153} INFO - Started process (PID=11899) to work on /home/renan/datapipeline/.env/lib/python3.8/site-packages/airflow/example_dags/example_branch_python_dop_operator_3.py
[2022-08-09 00:19:11,274] {processor.py:641} INFO - Processing file /home/renan/datapipeline/.env/lib/python3.8/site-packages/airflow/example_dags/example_branch_python_dop_operator_3.py for tasks to queue
[2022-08-09 00:19:11,275] {logging_mixin.py:115} INFO - [2022-08-09 00:19:11,275] {dagbag.py:508} INFO - Filling up the DagBag from /home/renan/datapipeline/.env/lib/python3.8/site-packages/airflow/example_dags/example_branch_python_dop_operator_3.py
[2022-08-09 00:19:11,281] {processor.py:651} INFO - DAG(s) dict_keys(['example_branch_dop_operator_v3']) retrieved from /home/renan/datapipeline/.env/lib/python3.8/site-packages/airflow/example_dags/example_branch_python_dop_operator_3.py
[2022-08-09 00:19:11,289] {logging_mixin.py:115} INFO - [2022-08-09 00:19:11,289] {dag.py:2420} INFO - Sync 1 DAGs
[2022-08-09 00:19:11,302] {logging_mixin.py:115} INFO - [2022-08-09 00:19:11,302] {dag.py:2968} INFO - Setting next_dagrun for example_branch_dop_operator_v3 to 2022-08-09T03:18:00+00:00, run_after=2022-08-09T03:19:00+00:00
[2022-08-09 00:19:11,312] {processor.py:161} INFO - Processing /home/renan/datapipeline/.env/lib/python3.8/site-packages/airflow/example_dags/example_branch_python_dop_operator_3.py took 0.040 seconds
[2022-08-09 00:19:43,820] {processor.py:153} INFO - Started process (PID=11935) to work on /home/renan/datapipeline/.env/lib/python3.8/site-packages/airflow/example_dags/example_branch_python_dop_operator_3.py
[2022-08-09 00:19:43,820] {processor.py:641} INFO - Processing file /home/renan/datapipeline/.env/lib/python3.8/site-packages/airflow/example_dags/example_branch_python_dop_operator_3.py for tasks to queue
[2022-08-09 00:19:43,820] {logging_mixin.py:115} INFO - [2022-08-09 00:19:43,820] {dagbag.py:508} INFO - Filling up the DagBag from /home/renan/datapipeline/.env/lib/python3.8/site-packages/airflow/example_dags/example_branch_python_dop_operator_3.py
[2022-08-09 00:19:43,827] {processor.py:651} INFO - DAG(s) dict_keys(['example_branch_dop_operator_v3']) retrieved from /home/renan/datapipeline/.env/lib/python3.8/site-packages/airflow/example_dags/example_branch_python_dop_operator_3.py
[2022-08-09 00:19:43,836] {logging_mixin.py:115} INFO - [2022-08-09 00:19:43,836] {dag.py:2420} INFO - Sync 1 DAGs
[2022-08-09 00:19:43,849] {logging_mixin.py:115} INFO - [2022-08-09 00:19:43,849] {dag.py:2968} INFO - Setting next_dagrun for example_branch_dop_operator_v3 to 2022-08-09T03:18:00+00:00, run_after=2022-08-09T03:19:00+00:00
[2022-08-09 00:19:43,859] {processor.py:161} INFO - Processing /home/renan/datapipeline/.env/lib/python3.8/site-packages/airflow/example_dags/example_branch_python_dop_operator_3.py took 0.041 seconds
[2022-08-09 00:20:17,053] {processor.py:153} INFO - Started process (PID=11974) to work on /home/renan/datapipeline/.env/lib/python3.8/site-packages/airflow/example_dags/example_branch_python_dop_operator_3.py
[2022-08-09 00:20:17,054] {processor.py:641} INFO - Processing file /home/renan/datapipeline/.env/lib/python3.8/site-packages/airflow/example_dags/example_branch_python_dop_operator_3.py for tasks to queue
[2022-08-09 00:20:17,054] {logging_mixin.py:115} INFO - [2022-08-09 00:20:17,054] {dagbag.py:508} INFO - Filling up the DagBag from /home/renan/datapipeline/.env/lib/python3.8/site-packages/airflow/example_dags/example_branch_python_dop_operator_3.py
[2022-08-09 00:20:17,060] {processor.py:651} INFO - DAG(s) dict_keys(['example_branch_dop_operator_v3']) retrieved from /home/renan/datapipeline/.env/lib/python3.8/site-packages/airflow/example_dags/example_branch_python_dop_operator_3.py
[2022-08-09 00:20:17,069] {logging_mixin.py:115} INFO - [2022-08-09 00:20:17,069] {dag.py:2420} INFO - Sync 1 DAGs
[2022-08-09 00:20:17,081] {logging_mixin.py:115} INFO - [2022-08-09 00:20:17,081] {dag.py:2968} INFO - Setting next_dagrun for example_branch_dop_operator_v3 to 2022-08-09T03:19:00+00:00, run_after=2022-08-09T03:20:00+00:00
[2022-08-09 00:20:17,089] {processor.py:161} INFO - Processing /home/renan/datapipeline/.env/lib/python3.8/site-packages/airflow/example_dags/example_branch_python_dop_operator_3.py took 0.038 seconds
[2022-08-09 00:20:50,501] {processor.py:153} INFO - Started process (PID=12010) to work on /home/renan/datapipeline/.env/lib/python3.8/site-packages/airflow/example_dags/example_branch_python_dop_operator_3.py
[2022-08-09 00:20:50,502] {processor.py:641} INFO - Processing file /home/renan/datapipeline/.env/lib/python3.8/site-packages/airflow/example_dags/example_branch_python_dop_operator_3.py for tasks to queue
[2022-08-09 00:20:50,502] {logging_mixin.py:115} INFO - [2022-08-09 00:20:50,502] {dagbag.py:508} INFO - Filling up the DagBag from /home/renan/datapipeline/.env/lib/python3.8/site-packages/airflow/example_dags/example_branch_python_dop_operator_3.py
[2022-08-09 00:20:50,508] {processor.py:651} INFO - DAG(s) dict_keys(['example_branch_dop_operator_v3']) retrieved from /home/renan/datapipeline/.env/lib/python3.8/site-packages/airflow/example_dags/example_branch_python_dop_operator_3.py
[2022-08-09 00:20:50,518] {logging_mixin.py:115} INFO - [2022-08-09 00:20:50,517] {dag.py:2420} INFO - Sync 1 DAGs
[2022-08-09 00:20:50,530] {logging_mixin.py:115} INFO - [2022-08-09 00:20:50,530] {dag.py:2968} INFO - Setting next_dagrun for example_branch_dop_operator_v3 to 2022-08-09T03:19:00+00:00, run_after=2022-08-09T03:20:00+00:00
[2022-08-09 00:20:50,538] {processor.py:161} INFO - Processing /home/renan/datapipeline/.env/lib/python3.8/site-packages/airflow/example_dags/example_branch_python_dop_operator_3.py took 0.039 seconds
[2022-08-09 00:21:23,004] {processor.py:153} INFO - Started process (PID=12113) to work on /home/renan/datapipeline/.env/lib/python3.8/site-packages/airflow/example_dags/example_branch_python_dop_operator_3.py
[2022-08-09 00:21:23,005] {processor.py:641} INFO - Processing file /home/renan/datapipeline/.env/lib/python3.8/site-packages/airflow/example_dags/example_branch_python_dop_operator_3.py for tasks to queue
[2022-08-09 00:21:23,005] {logging_mixin.py:115} INFO - [2022-08-09 00:21:23,005] {dagbag.py:508} INFO - Filling up the DagBag from /home/renan/datapipeline/.env/lib/python3.8/site-packages/airflow/example_dags/example_branch_python_dop_operator_3.py
[2022-08-09 00:21:23,011] {processor.py:651} INFO - DAG(s) dict_keys(['example_branch_dop_operator_v3']) retrieved from /home/renan/datapipeline/.env/lib/python3.8/site-packages/airflow/example_dags/example_branch_python_dop_operator_3.py
[2022-08-09 00:21:23,020] {logging_mixin.py:115} INFO - [2022-08-09 00:21:23,020] {dag.py:2420} INFO - Sync 1 DAGs
[2022-08-09 00:21:23,033] {logging_mixin.py:115} INFO - [2022-08-09 00:21:23,033] {dag.py:2968} INFO - Setting next_dagrun for example_branch_dop_operator_v3 to 2022-08-09T03:20:00+00:00, run_after=2022-08-09T03:21:00+00:00
[2022-08-09 00:21:23,042] {processor.py:161} INFO - Processing /home/renan/datapipeline/.env/lib/python3.8/site-packages/airflow/example_dags/example_branch_python_dop_operator_3.py took 0.039 seconds
[2022-08-09 00:21:54,518] {processor.py:153} INFO - Started process (PID=12233) to work on /home/renan/datapipeline/.env/lib/python3.8/site-packages/airflow/example_dags/example_branch_python_dop_operator_3.py
[2022-08-09 00:21:54,519] {processor.py:641} INFO - Processing file /home/renan/datapipeline/.env/lib/python3.8/site-packages/airflow/example_dags/example_branch_python_dop_operator_3.py for tasks to queue
[2022-08-09 00:21:54,519] {logging_mixin.py:115} INFO - [2022-08-09 00:21:54,519] {dagbag.py:508} INFO - Filling up the DagBag from /home/renan/datapipeline/.env/lib/python3.8/site-packages/airflow/example_dags/example_branch_python_dop_operator_3.py
[2022-08-09 00:21:54,527] {processor.py:651} INFO - DAG(s) dict_keys(['example_branch_dop_operator_v3']) retrieved from /home/renan/datapipeline/.env/lib/python3.8/site-packages/airflow/example_dags/example_branch_python_dop_operator_3.py
[2022-08-09 00:21:54,540] {logging_mixin.py:115} INFO - [2022-08-09 00:21:54,540] {dag.py:2420} INFO - Sync 1 DAGs
[2022-08-09 00:21:54,555] {logging_mixin.py:115} INFO - [2022-08-09 00:21:54,555] {dag.py:2968} INFO - Setting next_dagrun for example_branch_dop_operator_v3 to 2022-08-09T03:20:00+00:00, run_after=2022-08-09T03:21:00+00:00
[2022-08-09 00:21:54,567] {processor.py:161} INFO - Processing /home/renan/datapipeline/.env/lib/python3.8/site-packages/airflow/example_dags/example_branch_python_dop_operator_3.py took 0.050 seconds
[2022-08-09 00:22:28,000] {processor.py:153} INFO - Started process (PID=12295) to work on /home/renan/datapipeline/.env/lib/python3.8/site-packages/airflow/example_dags/example_branch_python_dop_operator_3.py
[2022-08-09 00:22:28,001] {processor.py:641} INFO - Processing file /home/renan/datapipeline/.env/lib/python3.8/site-packages/airflow/example_dags/example_branch_python_dop_operator_3.py for tasks to queue
[2022-08-09 00:22:28,001] {logging_mixin.py:115} INFO - [2022-08-09 00:22:28,001] {dagbag.py:508} INFO - Filling up the DagBag from /home/renan/datapipeline/.env/lib/python3.8/site-packages/airflow/example_dags/example_branch_python_dop_operator_3.py
[2022-08-09 00:22:28,007] {processor.py:651} INFO - DAG(s) dict_keys(['example_branch_dop_operator_v3']) retrieved from /home/renan/datapipeline/.env/lib/python3.8/site-packages/airflow/example_dags/example_branch_python_dop_operator_3.py
[2022-08-09 00:22:28,015] {logging_mixin.py:115} INFO - [2022-08-09 00:22:28,015] {dag.py:2420} INFO - Sync 1 DAGs
[2022-08-09 00:22:28,028] {logging_mixin.py:115} INFO - [2022-08-09 00:22:28,028] {dag.py:2968} INFO - Setting next_dagrun for example_branch_dop_operator_v3 to 2022-08-09T03:21:00+00:00, run_after=2022-08-09T03:22:00+00:00
[2022-08-09 00:22:28,036] {processor.py:161} INFO - Processing /home/renan/datapipeline/.env/lib/python3.8/site-packages/airflow/example_dags/example_branch_python_dop_operator_3.py took 0.038 seconds
[2022-08-09 00:22:59,933] {processor.py:153} INFO - Started process (PID=12331) to work on /home/renan/datapipeline/.env/lib/python3.8/site-packages/airflow/example_dags/example_branch_python_dop_operator_3.py
[2022-08-09 00:22:59,933] {processor.py:641} INFO - Processing file /home/renan/datapipeline/.env/lib/python3.8/site-packages/airflow/example_dags/example_branch_python_dop_operator_3.py for tasks to queue
[2022-08-09 00:22:59,933] {logging_mixin.py:115} INFO - [2022-08-09 00:22:59,933] {dagbag.py:508} INFO - Filling up the DagBag from /home/renan/datapipeline/.env/lib/python3.8/site-packages/airflow/example_dags/example_branch_python_dop_operator_3.py
[2022-08-09 00:22:59,940] {processor.py:651} INFO - DAG(s) dict_keys(['example_branch_dop_operator_v3']) retrieved from /home/renan/datapipeline/.env/lib/python3.8/site-packages/airflow/example_dags/example_branch_python_dop_operator_3.py
[2022-08-09 00:22:59,949] {logging_mixin.py:115} INFO - [2022-08-09 00:22:59,949] {dag.py:2420} INFO - Sync 1 DAGs
[2022-08-09 00:22:59,962] {logging_mixin.py:115} INFO - [2022-08-09 00:22:59,961] {dag.py:2968} INFO - Setting next_dagrun for example_branch_dop_operator_v3 to 2022-08-09T03:21:00+00:00, run_after=2022-08-09T03:22:00+00:00
[2022-08-09 00:22:59,972] {processor.py:161} INFO - Processing /home/renan/datapipeline/.env/lib/python3.8/site-packages/airflow/example_dags/example_branch_python_dop_operator_3.py took 0.040 seconds
[2022-08-09 00:23:33,575] {processor.py:153} INFO - Started process (PID=12369) to work on /home/renan/datapipeline/.env/lib/python3.8/site-packages/airflow/example_dags/example_branch_python_dop_operator_3.py
[2022-08-09 00:23:33,576] {processor.py:641} INFO - Processing file /home/renan/datapipeline/.env/lib/python3.8/site-packages/airflow/example_dags/example_branch_python_dop_operator_3.py for tasks to queue
[2022-08-09 00:23:33,576] {logging_mixin.py:115} INFO - [2022-08-09 00:23:33,576] {dagbag.py:508} INFO - Filling up the DagBag from /home/renan/datapipeline/.env/lib/python3.8/site-packages/airflow/example_dags/example_branch_python_dop_operator_3.py
[2022-08-09 00:23:33,582] {processor.py:651} INFO - DAG(s) dict_keys(['example_branch_dop_operator_v3']) retrieved from /home/renan/datapipeline/.env/lib/python3.8/site-packages/airflow/example_dags/example_branch_python_dop_operator_3.py
[2022-08-09 00:23:33,591] {logging_mixin.py:115} INFO - [2022-08-09 00:23:33,591] {dag.py:2420} INFO - Sync 1 DAGs
[2022-08-09 00:23:33,604] {logging_mixin.py:115} INFO - [2022-08-09 00:23:33,604] {dag.py:2968} INFO - Setting next_dagrun for example_branch_dop_operator_v3 to 2022-08-09T03:22:00+00:00, run_after=2022-08-09T03:23:00+00:00
[2022-08-09 00:23:33,613] {processor.py:161} INFO - Processing /home/renan/datapipeline/.env/lib/python3.8/site-packages/airflow/example_dags/example_branch_python_dop_operator_3.py took 0.040 seconds
[2022-08-09 00:24:06,662] {processor.py:153} INFO - Started process (PID=12407) to work on /home/renan/datapipeline/.env/lib/python3.8/site-packages/airflow/example_dags/example_branch_python_dop_operator_3.py
[2022-08-09 00:24:06,662] {processor.py:641} INFO - Processing file /home/renan/datapipeline/.env/lib/python3.8/site-packages/airflow/example_dags/example_branch_python_dop_operator_3.py for tasks to queue
[2022-08-09 00:24:06,663] {logging_mixin.py:115} INFO - [2022-08-09 00:24:06,663] {dagbag.py:508} INFO - Filling up the DagBag from /home/renan/datapipeline/.env/lib/python3.8/site-packages/airflow/example_dags/example_branch_python_dop_operator_3.py
[2022-08-09 00:24:06,669] {processor.py:651} INFO - DAG(s) dict_keys(['example_branch_dop_operator_v3']) retrieved from /home/renan/datapipeline/.env/lib/python3.8/site-packages/airflow/example_dags/example_branch_python_dop_operator_3.py
[2022-08-09 00:24:06,678] {logging_mixin.py:115} INFO - [2022-08-09 00:24:06,678] {dag.py:2420} INFO - Sync 1 DAGs
[2022-08-09 00:24:06,690] {logging_mixin.py:115} INFO - [2022-08-09 00:24:06,690] {dag.py:2968} INFO - Setting next_dagrun for example_branch_dop_operator_v3 to 2022-08-09T03:23:00+00:00, run_after=2022-08-09T03:24:00+00:00
[2022-08-09 00:24:06,699] {processor.py:161} INFO - Processing /home/renan/datapipeline/.env/lib/python3.8/site-packages/airflow/example_dags/example_branch_python_dop_operator_3.py took 0.038 seconds
[2022-08-09 00:24:41,475] {processor.py:153} INFO - Started process (PID=12474) to work on /home/renan/datapipeline/.env/lib/python3.8/site-packages/airflow/example_dags/example_branch_python_dop_operator_3.py
[2022-08-09 00:24:41,475] {processor.py:641} INFO - Processing file /home/renan/datapipeline/.env/lib/python3.8/site-packages/airflow/example_dags/example_branch_python_dop_operator_3.py for tasks to queue
[2022-08-09 00:24:41,476] {logging_mixin.py:115} INFO - [2022-08-09 00:24:41,476] {dagbag.py:508} INFO - Filling up the DagBag from /home/renan/datapipeline/.env/lib/python3.8/site-packages/airflow/example_dags/example_branch_python_dop_operator_3.py
[2022-08-09 00:24:41,481] {processor.py:651} INFO - DAG(s) dict_keys(['example_branch_dop_operator_v3']) retrieved from /home/renan/datapipeline/.env/lib/python3.8/site-packages/airflow/example_dags/example_branch_python_dop_operator_3.py
[2022-08-09 00:24:41,491] {logging_mixin.py:115} INFO - [2022-08-09 00:24:41,491] {dag.py:2420} INFO - Sync 1 DAGs
[2022-08-09 00:24:41,504] {logging_mixin.py:115} INFO - [2022-08-09 00:24:41,504] {dag.py:2968} INFO - Setting next_dagrun for example_branch_dop_operator_v3 to 2022-08-09T03:23:00+00:00, run_after=2022-08-09T03:24:00+00:00
[2022-08-09 00:24:41,514] {processor.py:161} INFO - Processing /home/renan/datapipeline/.env/lib/python3.8/site-packages/airflow/example_dags/example_branch_python_dop_operator_3.py took 0.041 seconds
[2022-08-09 00:25:14,475] {processor.py:153} INFO - Started process (PID=12516) to work on /home/renan/datapipeline/.env/lib/python3.8/site-packages/airflow/example_dags/example_branch_python_dop_operator_3.py
[2022-08-09 00:25:14,475] {processor.py:641} INFO - Processing file /home/renan/datapipeline/.env/lib/python3.8/site-packages/airflow/example_dags/example_branch_python_dop_operator_3.py for tasks to queue
[2022-08-09 00:25:14,476] {logging_mixin.py:115} INFO - [2022-08-09 00:25:14,476] {dagbag.py:508} INFO - Filling up the DagBag from /home/renan/datapipeline/.env/lib/python3.8/site-packages/airflow/example_dags/example_branch_python_dop_operator_3.py
[2022-08-09 00:25:14,481] {processor.py:651} INFO - DAG(s) dict_keys(['example_branch_dop_operator_v3']) retrieved from /home/renan/datapipeline/.env/lib/python3.8/site-packages/airflow/example_dags/example_branch_python_dop_operator_3.py
[2022-08-09 00:25:14,490] {logging_mixin.py:115} INFO - [2022-08-09 00:25:14,490] {dag.py:2420} INFO - Sync 1 DAGs
[2022-08-09 00:25:14,503] {logging_mixin.py:115} INFO - [2022-08-09 00:25:14,503] {dag.py:2968} INFO - Setting next_dagrun for example_branch_dop_operator_v3 to 2022-08-09T03:24:00+00:00, run_after=2022-08-09T03:25:00+00:00
[2022-08-09 00:25:14,512] {processor.py:161} INFO - Processing /home/renan/datapipeline/.env/lib/python3.8/site-packages/airflow/example_dags/example_branch_python_dop_operator_3.py took 0.038 seconds
[2022-08-09 00:25:49,592] {processor.py:153} INFO - Started process (PID=12554) to work on /home/renan/datapipeline/.env/lib/python3.8/site-packages/airflow/example_dags/example_branch_python_dop_operator_3.py
[2022-08-09 00:25:49,592] {processor.py:641} INFO - Processing file /home/renan/datapipeline/.env/lib/python3.8/site-packages/airflow/example_dags/example_branch_python_dop_operator_3.py for tasks to queue
[2022-08-09 00:25:49,592] {logging_mixin.py:115} INFO - [2022-08-09 00:25:49,592] {dagbag.py:508} INFO - Filling up the DagBag from /home/renan/datapipeline/.env/lib/python3.8/site-packages/airflow/example_dags/example_branch_python_dop_operator_3.py
[2022-08-09 00:25:49,598] {processor.py:651} INFO - DAG(s) dict_keys(['example_branch_dop_operator_v3']) retrieved from /home/renan/datapipeline/.env/lib/python3.8/site-packages/airflow/example_dags/example_branch_python_dop_operator_3.py
[2022-08-09 00:25:49,607] {logging_mixin.py:115} INFO - [2022-08-09 00:25:49,607] {dag.py:2420} INFO - Sync 1 DAGs
[2022-08-09 00:25:49,619] {logging_mixin.py:115} INFO - [2022-08-09 00:25:49,619] {dag.py:2968} INFO - Setting next_dagrun for example_branch_dop_operator_v3 to 2022-08-09T03:24:00+00:00, run_after=2022-08-09T03:25:00+00:00
[2022-08-09 00:25:49,628] {processor.py:161} INFO - Processing /home/renan/datapipeline/.env/lib/python3.8/site-packages/airflow/example_dags/example_branch_python_dop_operator_3.py took 0.038 seconds
[2022-08-09 00:26:23,195] {processor.py:153} INFO - Started process (PID=12590) to work on /home/renan/datapipeline/.env/lib/python3.8/site-packages/airflow/example_dags/example_branch_python_dop_operator_3.py
[2022-08-09 00:26:23,195] {processor.py:641} INFO - Processing file /home/renan/datapipeline/.env/lib/python3.8/site-packages/airflow/example_dags/example_branch_python_dop_operator_3.py for tasks to queue
[2022-08-09 00:26:23,195] {logging_mixin.py:115} INFO - [2022-08-09 00:26:23,195] {dagbag.py:508} INFO - Filling up the DagBag from /home/renan/datapipeline/.env/lib/python3.8/site-packages/airflow/example_dags/example_branch_python_dop_operator_3.py
[2022-08-09 00:26:23,201] {processor.py:651} INFO - DAG(s) dict_keys(['example_branch_dop_operator_v3']) retrieved from /home/renan/datapipeline/.env/lib/python3.8/site-packages/airflow/example_dags/example_branch_python_dop_operator_3.py
[2022-08-09 00:26:23,211] {logging_mixin.py:115} INFO - [2022-08-09 00:26:23,210] {dag.py:2420} INFO - Sync 1 DAGs
[2022-08-09 00:26:23,224] {logging_mixin.py:115} INFO - [2022-08-09 00:26:23,223] {dag.py:2968} INFO - Setting next_dagrun for example_branch_dop_operator_v3 to 2022-08-09T03:25:00+00:00, run_after=2022-08-09T03:26:00+00:00
[2022-08-09 00:26:23,232] {processor.py:161} INFO - Processing /home/renan/datapipeline/.env/lib/python3.8/site-packages/airflow/example_dags/example_branch_python_dop_operator_3.py took 0.039 seconds
[2022-08-09 00:26:55,976] {processor.py:153} INFO - Started process (PID=12628) to work on /home/renan/datapipeline/.env/lib/python3.8/site-packages/airflow/example_dags/example_branch_python_dop_operator_3.py
[2022-08-09 00:26:55,976] {processor.py:641} INFO - Processing file /home/renan/datapipeline/.env/lib/python3.8/site-packages/airflow/example_dags/example_branch_python_dop_operator_3.py for tasks to queue
[2022-08-09 00:26:55,976] {logging_mixin.py:115} INFO - [2022-08-09 00:26:55,976] {dagbag.py:508} INFO - Filling up the DagBag from /home/renan/datapipeline/.env/lib/python3.8/site-packages/airflow/example_dags/example_branch_python_dop_operator_3.py
[2022-08-09 00:26:55,982] {processor.py:651} INFO - DAG(s) dict_keys(['example_branch_dop_operator_v3']) retrieved from /home/renan/datapipeline/.env/lib/python3.8/site-packages/airflow/example_dags/example_branch_python_dop_operator_3.py
[2022-08-09 00:26:55,992] {logging_mixin.py:115} INFO - [2022-08-09 00:26:55,992] {dag.py:2420} INFO - Sync 1 DAGs
[2022-08-09 00:26:56,004] {logging_mixin.py:115} INFO - [2022-08-09 00:26:56,004] {dag.py:2968} INFO - Setting next_dagrun for example_branch_dop_operator_v3 to 2022-08-09T03:25:00+00:00, run_after=2022-08-09T03:26:00+00:00
[2022-08-09 00:26:56,012] {processor.py:161} INFO - Processing /home/renan/datapipeline/.env/lib/python3.8/site-packages/airflow/example_dags/example_branch_python_dop_operator_3.py took 0.038 seconds
[2022-08-09 00:27:34,118] {processor.py:153} INFO - Started process (PID=12691) to work on /home/renan/datapipeline/.env/lib/python3.8/site-packages/airflow/example_dags/example_branch_python_dop_operator_3.py
[2022-08-09 00:27:34,118] {processor.py:641} INFO - Processing file /home/renan/datapipeline/.env/lib/python3.8/site-packages/airflow/example_dags/example_branch_python_dop_operator_3.py for tasks to queue
[2022-08-09 00:27:34,118] {logging_mixin.py:115} INFO - [2022-08-09 00:27:34,118] {dagbag.py:508} INFO - Filling up the DagBag from /home/renan/datapipeline/.env/lib/python3.8/site-packages/airflow/example_dags/example_branch_python_dop_operator_3.py
[2022-08-09 00:27:34,126] {processor.py:651} INFO - DAG(s) dict_keys(['example_branch_dop_operator_v3']) retrieved from /home/renan/datapipeline/.env/lib/python3.8/site-packages/airflow/example_dags/example_branch_python_dop_operator_3.py
[2022-08-09 00:27:34,136] {logging_mixin.py:115} INFO - [2022-08-09 00:27:34,136] {dag.py:2420} INFO - Sync 1 DAGs
[2022-08-09 00:27:34,151] {logging_mixin.py:115} INFO - [2022-08-09 00:27:34,150] {dag.py:2968} INFO - Setting next_dagrun for example_branch_dop_operator_v3 to 2022-08-09T03:26:00+00:00, run_after=2022-08-09T03:27:00+00:00
[2022-08-09 00:27:34,161] {processor.py:161} INFO - Processing /home/renan/datapipeline/.env/lib/python3.8/site-packages/airflow/example_dags/example_branch_python_dop_operator_3.py took 0.046 seconds
[2022-08-09 00:28:06,665] {processor.py:153} INFO - Started process (PID=12828) to work on /home/renan/datapipeline/.env/lib/python3.8/site-packages/airflow/example_dags/example_branch_python_dop_operator_3.py
[2022-08-09 00:28:06,666] {processor.py:641} INFO - Processing file /home/renan/datapipeline/.env/lib/python3.8/site-packages/airflow/example_dags/example_branch_python_dop_operator_3.py for tasks to queue
[2022-08-09 00:28:06,666] {logging_mixin.py:115} INFO - [2022-08-09 00:28:06,666] {dagbag.py:508} INFO - Filling up the DagBag from /home/renan/datapipeline/.env/lib/python3.8/site-packages/airflow/example_dags/example_branch_python_dop_operator_3.py
[2022-08-09 00:28:06,672] {processor.py:651} INFO - DAG(s) dict_keys(['example_branch_dop_operator_v3']) retrieved from /home/renan/datapipeline/.env/lib/python3.8/site-packages/airflow/example_dags/example_branch_python_dop_operator_3.py
[2022-08-09 00:28:06,682] {logging_mixin.py:115} INFO - [2022-08-09 00:28:06,682] {dag.py:2420} INFO - Sync 1 DAGs
[2022-08-09 00:28:06,695] {logging_mixin.py:115} INFO - [2022-08-09 00:28:06,695] {dag.py:2968} INFO - Setting next_dagrun for example_branch_dop_operator_v3 to 2022-08-09T03:27:00+00:00, run_after=2022-08-09T03:28:00+00:00
[2022-08-09 00:28:06,705] {processor.py:161} INFO - Processing /home/renan/datapipeline/.env/lib/python3.8/site-packages/airflow/example_dags/example_branch_python_dop_operator_3.py took 0.041 seconds
[2022-08-09 00:28:40,438] {processor.py:153} INFO - Started process (PID=12948) to work on /home/renan/datapipeline/.env/lib/python3.8/site-packages/airflow/example_dags/example_branch_python_dop_operator_3.py
[2022-08-09 00:28:40,438] {processor.py:641} INFO - Processing file /home/renan/datapipeline/.env/lib/python3.8/site-packages/airflow/example_dags/example_branch_python_dop_operator_3.py for tasks to queue
[2022-08-09 00:28:40,439] {logging_mixin.py:115} INFO - [2022-08-09 00:28:40,439] {dagbag.py:508} INFO - Filling up the DagBag from /home/renan/datapipeline/.env/lib/python3.8/site-packages/airflow/example_dags/example_branch_python_dop_operator_3.py
[2022-08-09 00:28:40,444] {processor.py:651} INFO - DAG(s) dict_keys(['example_branch_dop_operator_v3']) retrieved from /home/renan/datapipeline/.env/lib/python3.8/site-packages/airflow/example_dags/example_branch_python_dop_operator_3.py
[2022-08-09 00:28:40,454] {logging_mixin.py:115} INFO - [2022-08-09 00:28:40,454] {dag.py:2420} INFO - Sync 1 DAGs
[2022-08-09 00:28:40,466] {logging_mixin.py:115} INFO - [2022-08-09 00:28:40,466] {dag.py:2968} INFO - Setting next_dagrun for example_branch_dop_operator_v3 to 2022-08-09T03:27:00+00:00, run_after=2022-08-09T03:28:00+00:00
[2022-08-09 00:28:40,475] {processor.py:161} INFO - Processing /home/renan/datapipeline/.env/lib/python3.8/site-packages/airflow/example_dags/example_branch_python_dop_operator_3.py took 0.039 seconds
[2022-08-09 00:29:14,445] {processor.py:153} INFO - Started process (PID=12991) to work on /home/renan/datapipeline/.env/lib/python3.8/site-packages/airflow/example_dags/example_branch_python_dop_operator_3.py
[2022-08-09 00:29:14,446] {processor.py:641} INFO - Processing file /home/renan/datapipeline/.env/lib/python3.8/site-packages/airflow/example_dags/example_branch_python_dop_operator_3.py for tasks to queue
[2022-08-09 00:29:14,446] {logging_mixin.py:115} INFO - [2022-08-09 00:29:14,446] {dagbag.py:508} INFO - Filling up the DagBag from /home/renan/datapipeline/.env/lib/python3.8/site-packages/airflow/example_dags/example_branch_python_dop_operator_3.py
[2022-08-09 00:29:14,452] {processor.py:651} INFO - DAG(s) dict_keys(['example_branch_dop_operator_v3']) retrieved from /home/renan/datapipeline/.env/lib/python3.8/site-packages/airflow/example_dags/example_branch_python_dop_operator_3.py
[2022-08-09 00:29:14,461] {logging_mixin.py:115} INFO - [2022-08-09 00:29:14,461] {dag.py:2420} INFO - Sync 1 DAGs
[2022-08-09 00:29:14,474] {logging_mixin.py:115} INFO - [2022-08-09 00:29:14,474] {dag.py:2968} INFO - Setting next_dagrun for example_branch_dop_operator_v3 to 2022-08-09T03:28:00+00:00, run_after=2022-08-09T03:29:00+00:00
[2022-08-09 00:29:14,483] {processor.py:161} INFO - Processing /home/renan/datapipeline/.env/lib/python3.8/site-packages/airflow/example_dags/example_branch_python_dop_operator_3.py took 0.039 seconds
[2022-08-09 00:29:46,340] {processor.py:153} INFO - Started process (PID=13028) to work on /home/renan/datapipeline/.env/lib/python3.8/site-packages/airflow/example_dags/example_branch_python_dop_operator_3.py
[2022-08-09 00:29:46,340] {processor.py:641} INFO - Processing file /home/renan/datapipeline/.env/lib/python3.8/site-packages/airflow/example_dags/example_branch_python_dop_operator_3.py for tasks to queue
[2022-08-09 00:29:46,340] {logging_mixin.py:115} INFO - [2022-08-09 00:29:46,340] {dagbag.py:508} INFO - Filling up the DagBag from /home/renan/datapipeline/.env/lib/python3.8/site-packages/airflow/example_dags/example_branch_python_dop_operator_3.py
[2022-08-09 00:29:46,346] {processor.py:651} INFO - DAG(s) dict_keys(['example_branch_dop_operator_v3']) retrieved from /home/renan/datapipeline/.env/lib/python3.8/site-packages/airflow/example_dags/example_branch_python_dop_operator_3.py
[2022-08-09 00:29:46,356] {logging_mixin.py:115} INFO - [2022-08-09 00:29:46,356] {dag.py:2420} INFO - Sync 1 DAGs
[2022-08-09 00:29:46,368] {logging_mixin.py:115} INFO - [2022-08-09 00:29:46,368] {dag.py:2968} INFO - Setting next_dagrun for example_branch_dop_operator_v3 to 2022-08-09T03:28:00+00:00, run_after=2022-08-09T03:29:00+00:00
[2022-08-09 00:29:46,378] {processor.py:161} INFO - Processing /home/renan/datapipeline/.env/lib/python3.8/site-packages/airflow/example_dags/example_branch_python_dop_operator_3.py took 0.040 seconds
[2022-08-09 00:30:19,399] {processor.py:153} INFO - Started process (PID=13068) to work on /home/renan/datapipeline/.env/lib/python3.8/site-packages/airflow/example_dags/example_branch_python_dop_operator_3.py
[2022-08-09 00:30:19,399] {processor.py:641} INFO - Processing file /home/renan/datapipeline/.env/lib/python3.8/site-packages/airflow/example_dags/example_branch_python_dop_operator_3.py for tasks to queue
[2022-08-09 00:30:19,399] {logging_mixin.py:115} INFO - [2022-08-09 00:30:19,399] {dagbag.py:508} INFO - Filling up the DagBag from /home/renan/datapipeline/.env/lib/python3.8/site-packages/airflow/example_dags/example_branch_python_dop_operator_3.py
[2022-08-09 00:30:19,406] {processor.py:651} INFO - DAG(s) dict_keys(['example_branch_dop_operator_v3']) retrieved from /home/renan/datapipeline/.env/lib/python3.8/site-packages/airflow/example_dags/example_branch_python_dop_operator_3.py
[2022-08-09 00:30:19,415] {logging_mixin.py:115} INFO - [2022-08-09 00:30:19,415] {dag.py:2420} INFO - Sync 1 DAGs
[2022-08-09 00:30:19,427] {logging_mixin.py:115} INFO - [2022-08-09 00:30:19,427] {dag.py:2968} INFO - Setting next_dagrun for example_branch_dop_operator_v3 to 2022-08-09T03:29:00+00:00, run_after=2022-08-09T03:30:00+00:00
[2022-08-09 00:30:19,436] {processor.py:161} INFO - Processing /home/renan/datapipeline/.env/lib/python3.8/site-packages/airflow/example_dags/example_branch_python_dop_operator_3.py took 0.039 seconds
[2022-08-09 00:30:51,915] {processor.py:153} INFO - Started process (PID=13102) to work on /home/renan/datapipeline/.env/lib/python3.8/site-packages/airflow/example_dags/example_branch_python_dop_operator_3.py
[2022-08-09 00:30:51,915] {processor.py:641} INFO - Processing file /home/renan/datapipeline/.env/lib/python3.8/site-packages/airflow/example_dags/example_branch_python_dop_operator_3.py for tasks to queue
[2022-08-09 00:30:51,915] {logging_mixin.py:115} INFO - [2022-08-09 00:30:51,915] {dagbag.py:508} INFO - Filling up the DagBag from /home/renan/datapipeline/.env/lib/python3.8/site-packages/airflow/example_dags/example_branch_python_dop_operator_3.py
[2022-08-09 00:30:51,922] {processor.py:651} INFO - DAG(s) dict_keys(['example_branch_dop_operator_v3']) retrieved from /home/renan/datapipeline/.env/lib/python3.8/site-packages/airflow/example_dags/example_branch_python_dop_operator_3.py
[2022-08-09 00:30:51,931] {logging_mixin.py:115} INFO - [2022-08-09 00:30:51,931] {dag.py:2420} INFO - Sync 1 DAGs
[2022-08-09 00:30:51,943] {logging_mixin.py:115} INFO - [2022-08-09 00:30:51,943] {dag.py:2968} INFO - Setting next_dagrun for example_branch_dop_operator_v3 to 2022-08-09T03:29:00+00:00, run_after=2022-08-09T03:30:00+00:00
[2022-08-09 00:30:51,953] {processor.py:161} INFO - Processing /home/renan/datapipeline/.env/lib/python3.8/site-packages/airflow/example_dags/example_branch_python_dop_operator_3.py took 0.040 seconds
[2022-08-09 00:31:25,554] {processor.py:153} INFO - Started process (PID=13141) to work on /home/renan/datapipeline/.env/lib/python3.8/site-packages/airflow/example_dags/example_branch_python_dop_operator_3.py
[2022-08-09 00:31:25,554] {processor.py:641} INFO - Processing file /home/renan/datapipeline/.env/lib/python3.8/site-packages/airflow/example_dags/example_branch_python_dop_operator_3.py for tasks to queue
[2022-08-09 00:31:25,555] {logging_mixin.py:115} INFO - [2022-08-09 00:31:25,555] {dagbag.py:508} INFO - Filling up the DagBag from /home/renan/datapipeline/.env/lib/python3.8/site-packages/airflow/example_dags/example_branch_python_dop_operator_3.py
[2022-08-09 00:31:25,561] {processor.py:651} INFO - DAG(s) dict_keys(['example_branch_dop_operator_v3']) retrieved from /home/renan/datapipeline/.env/lib/python3.8/site-packages/airflow/example_dags/example_branch_python_dop_operator_3.py
[2022-08-09 00:31:25,570] {logging_mixin.py:115} INFO - [2022-08-09 00:31:25,570] {dag.py:2420} INFO - Sync 1 DAGs
[2022-08-09 00:31:25,582] {logging_mixin.py:115} INFO - [2022-08-09 00:31:25,582] {dag.py:2968} INFO - Setting next_dagrun for example_branch_dop_operator_v3 to 2022-08-09T03:30:00+00:00, run_after=2022-08-09T03:31:00+00:00
[2022-08-09 00:31:25,590] {processor.py:161} INFO - Processing /home/renan/datapipeline/.env/lib/python3.8/site-packages/airflow/example_dags/example_branch_python_dop_operator_3.py took 0.038 seconds
[2022-08-09 00:31:58,615] {processor.py:153} INFO - Started process (PID=13263) to work on /home/renan/datapipeline/.env/lib/python3.8/site-packages/airflow/example_dags/example_branch_python_dop_operator_3.py
[2022-08-09 00:31:58,615] {processor.py:641} INFO - Processing file /home/renan/datapipeline/.env/lib/python3.8/site-packages/airflow/example_dags/example_branch_python_dop_operator_3.py for tasks to queue
[2022-08-09 00:31:58,615] {logging_mixin.py:115} INFO - [2022-08-09 00:31:58,615] {dagbag.py:508} INFO - Filling up the DagBag from /home/renan/datapipeline/.env/lib/python3.8/site-packages/airflow/example_dags/example_branch_python_dop_operator_3.py
[2022-08-09 00:31:58,623] {processor.py:651} INFO - DAG(s) dict_keys(['example_branch_dop_operator_v3']) retrieved from /home/renan/datapipeline/.env/lib/python3.8/site-packages/airflow/example_dags/example_branch_python_dop_operator_3.py
[2022-08-09 00:31:58,633] {logging_mixin.py:115} INFO - [2022-08-09 00:31:58,633] {dag.py:2420} INFO - Sync 1 DAGs
[2022-08-09 00:31:58,646] {logging_mixin.py:115} INFO - [2022-08-09 00:31:58,646] {dag.py:2968} INFO - Setting next_dagrun for example_branch_dop_operator_v3 to 2022-08-09T03:30:00+00:00, run_after=2022-08-09T03:31:00+00:00
[2022-08-09 00:31:58,655] {processor.py:161} INFO - Processing /home/renan/datapipeline/.env/lib/python3.8/site-packages/airflow/example_dags/example_branch_python_dop_operator_3.py took 0.042 seconds
[2022-08-09 00:32:33,321] {processor.py:153} INFO - Started process (PID=13301) to work on /home/renan/datapipeline/.env/lib/python3.8/site-packages/airflow/example_dags/example_branch_python_dop_operator_3.py
[2022-08-09 00:32:33,321] {processor.py:641} INFO - Processing file /home/renan/datapipeline/.env/lib/python3.8/site-packages/airflow/example_dags/example_branch_python_dop_operator_3.py for tasks to queue
[2022-08-09 00:32:33,321] {logging_mixin.py:115} INFO - [2022-08-09 00:32:33,321] {dagbag.py:508} INFO - Filling up the DagBag from /home/renan/datapipeline/.env/lib/python3.8/site-packages/airflow/example_dags/example_branch_python_dop_operator_3.py
[2022-08-09 00:32:33,327] {processor.py:651} INFO - DAG(s) dict_keys(['example_branch_dop_operator_v3']) retrieved from /home/renan/datapipeline/.env/lib/python3.8/site-packages/airflow/example_dags/example_branch_python_dop_operator_3.py
[2022-08-09 00:32:33,337] {logging_mixin.py:115} INFO - [2022-08-09 00:32:33,337] {dag.py:2420} INFO - Sync 1 DAGs
[2022-08-09 00:32:33,349] {logging_mixin.py:115} INFO - [2022-08-09 00:32:33,349] {dag.py:2968} INFO - Setting next_dagrun for example_branch_dop_operator_v3 to 2022-08-09T03:31:00+00:00, run_after=2022-08-09T03:32:00+00:00
[2022-08-09 00:32:33,360] {processor.py:161} INFO - Processing /home/renan/datapipeline/.env/lib/python3.8/site-packages/airflow/example_dags/example_branch_python_dop_operator_3.py took 0.041 seconds
