[2022-08-08 23:55:06,440] {processor.py:153} INFO - Started process (PID=9843) to work on /home/renan/datapipeline/.env/lib/python3.8/site-packages/airflow/example_dags/example_time_delta_sensor_async.py
[2022-08-08 23:55:06,440] {processor.py:641} INFO - Processing file /home/renan/datapipeline/.env/lib/python3.8/site-packages/airflow/example_dags/example_time_delta_sensor_async.py for tasks to queue
[2022-08-08 23:55:06,441] {logging_mixin.py:115} INFO - [2022-08-08 23:55:06,441] {dagbag.py:508} INFO - Filling up the DagBag from /home/renan/datapipeline/.env/lib/python3.8/site-packages/airflow/example_dags/example_time_delta_sensor_async.py
[2022-08-08 23:55:06,445] {processor.py:651} INFO - DAG(s) dict_keys(['example_time_delta_sensor_async']) retrieved from /home/renan/datapipeline/.env/lib/python3.8/site-packages/airflow/example_dags/example_time_delta_sensor_async.py
[2022-08-08 23:55:06,465] {logging_mixin.py:115} INFO - [2022-08-08 23:55:06,465] {dag.py:2420} INFO - Sync 1 DAGs
[2022-08-08 23:55:06,475] {logging_mixin.py:115} INFO - [2022-08-08 23:55:06,475] {dag.py:2968} INFO - Setting next_dagrun for example_time_delta_sensor_async to None, run_after=None
[2022-08-08 23:55:06,485] {processor.py:161} INFO - Processing /home/renan/datapipeline/.env/lib/python3.8/site-packages/airflow/example_dags/example_time_delta_sensor_async.py took 0.047 seconds
[2022-08-08 23:55:39,353] {processor.py:153} INFO - Started process (PID=9943) to work on /home/renan/datapipeline/.env/lib/python3.8/site-packages/airflow/example_dags/example_time_delta_sensor_async.py
[2022-08-08 23:55:39,353] {processor.py:641} INFO - Processing file /home/renan/datapipeline/.env/lib/python3.8/site-packages/airflow/example_dags/example_time_delta_sensor_async.py for tasks to queue
[2022-08-08 23:55:39,353] {logging_mixin.py:115} INFO - [2022-08-08 23:55:39,353] {dagbag.py:508} INFO - Filling up the DagBag from /home/renan/datapipeline/.env/lib/python3.8/site-packages/airflow/example_dags/example_time_delta_sensor_async.py
[2022-08-08 23:55:39,356] {processor.py:651} INFO - DAG(s) dict_keys(['example_time_delta_sensor_async']) retrieved from /home/renan/datapipeline/.env/lib/python3.8/site-packages/airflow/example_dags/example_time_delta_sensor_async.py
[2022-08-08 23:55:39,374] {logging_mixin.py:115} INFO - [2022-08-08 23:55:39,374] {dag.py:2420} INFO - Sync 1 DAGs
[2022-08-08 23:55:39,383] {logging_mixin.py:115} INFO - [2022-08-08 23:55:39,383] {dag.py:2968} INFO - Setting next_dagrun for example_time_delta_sensor_async to None, run_after=None
[2022-08-08 23:55:39,393] {processor.py:161} INFO - Processing /home/renan/datapipeline/.env/lib/python3.8/site-packages/airflow/example_dags/example_time_delta_sensor_async.py took 0.042 seconds
[2022-08-08 23:56:12,986] {processor.py:153} INFO - Started process (PID=10008) to work on /home/renan/datapipeline/.env/lib/python3.8/site-packages/airflow/example_dags/example_time_delta_sensor_async.py
[2022-08-08 23:56:12,986] {processor.py:641} INFO - Processing file /home/renan/datapipeline/.env/lib/python3.8/site-packages/airflow/example_dags/example_time_delta_sensor_async.py for tasks to queue
[2022-08-08 23:56:12,986] {logging_mixin.py:115} INFO - [2022-08-08 23:56:12,986] {dagbag.py:508} INFO - Filling up the DagBag from /home/renan/datapipeline/.env/lib/python3.8/site-packages/airflow/example_dags/example_time_delta_sensor_async.py
[2022-08-08 23:56:12,990] {processor.py:651} INFO - DAG(s) dict_keys(['example_time_delta_sensor_async']) retrieved from /home/renan/datapipeline/.env/lib/python3.8/site-packages/airflow/example_dags/example_time_delta_sensor_async.py
[2022-08-08 23:56:13,007] {logging_mixin.py:115} INFO - [2022-08-08 23:56:13,007] {dag.py:2420} INFO - Sync 1 DAGs
[2022-08-08 23:56:13,016] {logging_mixin.py:115} INFO - [2022-08-08 23:56:13,016] {dag.py:2968} INFO - Setting next_dagrun for example_time_delta_sensor_async to None, run_after=None
[2022-08-08 23:56:13,026] {processor.py:161} INFO - Processing /home/renan/datapipeline/.env/lib/python3.8/site-packages/airflow/example_dags/example_time_delta_sensor_async.py took 0.042 seconds
[2022-08-08 23:56:47,110] {processor.py:153} INFO - Started process (PID=10071) to work on /home/renan/datapipeline/.env/lib/python3.8/site-packages/airflow/example_dags/example_time_delta_sensor_async.py
[2022-08-08 23:56:47,111] {processor.py:641} INFO - Processing file /home/renan/datapipeline/.env/lib/python3.8/site-packages/airflow/example_dags/example_time_delta_sensor_async.py for tasks to queue
[2022-08-08 23:56:47,112] {logging_mixin.py:115} INFO - [2022-08-08 23:56:47,112] {dagbag.py:508} INFO - Filling up the DagBag from /home/renan/datapipeline/.env/lib/python3.8/site-packages/airflow/example_dags/example_time_delta_sensor_async.py
[2022-08-08 23:56:47,116] {processor.py:651} INFO - DAG(s) dict_keys(['example_time_delta_sensor_async']) retrieved from /home/renan/datapipeline/.env/lib/python3.8/site-packages/airflow/example_dags/example_time_delta_sensor_async.py
[2022-08-08 23:56:47,137] {logging_mixin.py:115} INFO - [2022-08-08 23:56:47,137] {dag.py:2420} INFO - Sync 1 DAGs
[2022-08-08 23:56:47,148] {logging_mixin.py:115} INFO - [2022-08-08 23:56:47,147] {dag.py:2968} INFO - Setting next_dagrun for example_time_delta_sensor_async to None, run_after=None
[2022-08-08 23:56:47,157] {processor.py:161} INFO - Processing /home/renan/datapipeline/.env/lib/python3.8/site-packages/airflow/example_dags/example_time_delta_sensor_async.py took 0.050 seconds
[2022-08-08 23:59:22,498] {processor.py:153} INFO - Started process (PID=10250) to work on /home/renan/datapipeline/.env/lib/python3.8/site-packages/airflow/example_dags/example_time_delta_sensor_async.py
[2022-08-08 23:59:22,499] {processor.py:641} INFO - Processing file /home/renan/datapipeline/.env/lib/python3.8/site-packages/airflow/example_dags/example_time_delta_sensor_async.py for tasks to queue
[2022-08-08 23:59:22,500] {logging_mixin.py:115} INFO - [2022-08-08 23:59:22,500] {dagbag.py:508} INFO - Filling up the DagBag from /home/renan/datapipeline/.env/lib/python3.8/site-packages/airflow/example_dags/example_time_delta_sensor_async.py
[2022-08-08 23:59:22,504] {processor.py:651} INFO - DAG(s) dict_keys(['example_time_delta_sensor_async']) retrieved from /home/renan/datapipeline/.env/lib/python3.8/site-packages/airflow/example_dags/example_time_delta_sensor_async.py
[2022-08-08 23:59:22,524] {logging_mixin.py:115} INFO - [2022-08-08 23:59:22,524] {dag.py:2420} INFO - Sync 1 DAGs
[2022-08-08 23:59:22,535] {logging_mixin.py:115} INFO - [2022-08-08 23:59:22,535] {dag.py:2968} INFO - Setting next_dagrun for example_time_delta_sensor_async to None, run_after=None
[2022-08-08 23:59:22,545] {processor.py:161} INFO - Processing /home/renan/datapipeline/.env/lib/python3.8/site-packages/airflow/example_dags/example_time_delta_sensor_async.py took 0.050 seconds
[2022-08-08 23:59:55,843] {processor.py:153} INFO - Started process (PID=10308) to work on /home/renan/datapipeline/.env/lib/python3.8/site-packages/airflow/example_dags/example_time_delta_sensor_async.py
[2022-08-08 23:59:55,843] {processor.py:641} INFO - Processing file /home/renan/datapipeline/.env/lib/python3.8/site-packages/airflow/example_dags/example_time_delta_sensor_async.py for tasks to queue
[2022-08-08 23:59:55,844] {logging_mixin.py:115} INFO - [2022-08-08 23:59:55,844] {dagbag.py:508} INFO - Filling up the DagBag from /home/renan/datapipeline/.env/lib/python3.8/site-packages/airflow/example_dags/example_time_delta_sensor_async.py
[2022-08-08 23:59:55,847] {processor.py:651} INFO - DAG(s) dict_keys(['example_time_delta_sensor_async']) retrieved from /home/renan/datapipeline/.env/lib/python3.8/site-packages/airflow/example_dags/example_time_delta_sensor_async.py
[2022-08-08 23:59:55,867] {logging_mixin.py:115} INFO - [2022-08-08 23:59:55,867] {dag.py:2420} INFO - Sync 1 DAGs
[2022-08-08 23:59:55,877] {logging_mixin.py:115} INFO - [2022-08-08 23:59:55,877] {dag.py:2968} INFO - Setting next_dagrun for example_time_delta_sensor_async to None, run_after=None
[2022-08-08 23:59:55,890] {processor.py:161} INFO - Processing /home/renan/datapipeline/.env/lib/python3.8/site-packages/airflow/example_dags/example_time_delta_sensor_async.py took 0.049 seconds
[2022-08-09 00:00:29,464] {processor.py:153} INFO - Started process (PID=10389) to work on /home/renan/datapipeline/.env/lib/python3.8/site-packages/airflow/example_dags/example_time_delta_sensor_async.py
[2022-08-09 00:00:29,464] {processor.py:641} INFO - Processing file /home/renan/datapipeline/.env/lib/python3.8/site-packages/airflow/example_dags/example_time_delta_sensor_async.py for tasks to queue
[2022-08-09 00:00:29,465] {logging_mixin.py:115} INFO - [2022-08-09 00:00:29,465] {dagbag.py:508} INFO - Filling up the DagBag from /home/renan/datapipeline/.env/lib/python3.8/site-packages/airflow/example_dags/example_time_delta_sensor_async.py
[2022-08-09 00:00:29,468] {processor.py:651} INFO - DAG(s) dict_keys(['example_time_delta_sensor_async']) retrieved from /home/renan/datapipeline/.env/lib/python3.8/site-packages/airflow/example_dags/example_time_delta_sensor_async.py
[2022-08-09 00:00:29,490] {logging_mixin.py:115} INFO - [2022-08-09 00:00:29,490] {dag.py:2420} INFO - Sync 1 DAGs
[2022-08-09 00:00:29,503] {logging_mixin.py:115} INFO - [2022-08-09 00:00:29,503] {dag.py:2968} INFO - Setting next_dagrun for example_time_delta_sensor_async to None, run_after=None
[2022-08-09 00:00:29,515] {processor.py:161} INFO - Processing /home/renan/datapipeline/.env/lib/python3.8/site-packages/airflow/example_dags/example_time_delta_sensor_async.py took 0.053 seconds
[2022-08-09 00:01:02,539] {processor.py:153} INFO - Started process (PID=10434) to work on /home/renan/datapipeline/.env/lib/python3.8/site-packages/airflow/example_dags/example_time_delta_sensor_async.py
[2022-08-09 00:01:02,540] {processor.py:641} INFO - Processing file /home/renan/datapipeline/.env/lib/python3.8/site-packages/airflow/example_dags/example_time_delta_sensor_async.py for tasks to queue
[2022-08-09 00:01:02,540] {logging_mixin.py:115} INFO - [2022-08-09 00:01:02,540] {dagbag.py:508} INFO - Filling up the DagBag from /home/renan/datapipeline/.env/lib/python3.8/site-packages/airflow/example_dags/example_time_delta_sensor_async.py
[2022-08-09 00:01:02,544] {processor.py:651} INFO - DAG(s) dict_keys(['example_time_delta_sensor_async']) retrieved from /home/renan/datapipeline/.env/lib/python3.8/site-packages/airflow/example_dags/example_time_delta_sensor_async.py
[2022-08-09 00:01:02,564] {logging_mixin.py:115} INFO - [2022-08-09 00:01:02,564] {dag.py:2420} INFO - Sync 1 DAGs
[2022-08-09 00:01:02,574] {logging_mixin.py:115} INFO - [2022-08-09 00:01:02,574] {dag.py:2968} INFO - Setting next_dagrun for example_time_delta_sensor_async to None, run_after=None
[2022-08-09 00:01:02,585] {processor.py:161} INFO - Processing /home/renan/datapipeline/.env/lib/python3.8/site-packages/airflow/example_dags/example_time_delta_sensor_async.py took 0.048 seconds
[2022-08-09 00:01:36,224] {processor.py:153} INFO - Started process (PID=10472) to work on /home/renan/datapipeline/.env/lib/python3.8/site-packages/airflow/example_dags/example_time_delta_sensor_async.py
[2022-08-09 00:01:36,225] {processor.py:641} INFO - Processing file /home/renan/datapipeline/.env/lib/python3.8/site-packages/airflow/example_dags/example_time_delta_sensor_async.py for tasks to queue
[2022-08-09 00:01:36,225] {logging_mixin.py:115} INFO - [2022-08-09 00:01:36,225] {dagbag.py:508} INFO - Filling up the DagBag from /home/renan/datapipeline/.env/lib/python3.8/site-packages/airflow/example_dags/example_time_delta_sensor_async.py
[2022-08-09 00:01:36,229] {processor.py:651} INFO - DAG(s) dict_keys(['example_time_delta_sensor_async']) retrieved from /home/renan/datapipeline/.env/lib/python3.8/site-packages/airflow/example_dags/example_time_delta_sensor_async.py
[2022-08-09 00:01:36,249] {logging_mixin.py:115} INFO - [2022-08-09 00:01:36,249] {dag.py:2420} INFO - Sync 1 DAGs
[2022-08-09 00:01:36,259] {logging_mixin.py:115} INFO - [2022-08-09 00:01:36,259] {dag.py:2968} INFO - Setting next_dagrun for example_time_delta_sensor_async to None, run_after=None
[2022-08-09 00:01:36,270] {processor.py:161} INFO - Processing /home/renan/datapipeline/.env/lib/python3.8/site-packages/airflow/example_dags/example_time_delta_sensor_async.py took 0.047 seconds
[2022-08-09 00:02:09,626] {processor.py:153} INFO - Started process (PID=10509) to work on /home/renan/datapipeline/.env/lib/python3.8/site-packages/airflow/example_dags/example_time_delta_sensor_async.py
[2022-08-09 00:02:09,627] {processor.py:641} INFO - Processing file /home/renan/datapipeline/.env/lib/python3.8/site-packages/airflow/example_dags/example_time_delta_sensor_async.py for tasks to queue
[2022-08-09 00:02:09,627] {logging_mixin.py:115} INFO - [2022-08-09 00:02:09,627] {dagbag.py:508} INFO - Filling up the DagBag from /home/renan/datapipeline/.env/lib/python3.8/site-packages/airflow/example_dags/example_time_delta_sensor_async.py
[2022-08-09 00:02:09,630] {processor.py:651} INFO - DAG(s) dict_keys(['example_time_delta_sensor_async']) retrieved from /home/renan/datapipeline/.env/lib/python3.8/site-packages/airflow/example_dags/example_time_delta_sensor_async.py
[2022-08-09 00:02:09,649] {logging_mixin.py:115} INFO - [2022-08-09 00:02:09,649] {dag.py:2420} INFO - Sync 1 DAGs
[2022-08-09 00:02:09,659] {logging_mixin.py:115} INFO - [2022-08-09 00:02:09,659] {dag.py:2968} INFO - Setting next_dagrun for example_time_delta_sensor_async to None, run_after=None
[2022-08-09 00:02:09,668] {processor.py:161} INFO - Processing /home/renan/datapipeline/.env/lib/python3.8/site-packages/airflow/example_dags/example_time_delta_sensor_async.py took 0.043 seconds
[2022-08-09 00:02:42,219] {processor.py:153} INFO - Started process (PID=10552) to work on /home/renan/datapipeline/.env/lib/python3.8/site-packages/airflow/example_dags/example_time_delta_sensor_async.py
[2022-08-09 00:02:42,219] {processor.py:641} INFO - Processing file /home/renan/datapipeline/.env/lib/python3.8/site-packages/airflow/example_dags/example_time_delta_sensor_async.py for tasks to queue
[2022-08-09 00:02:42,219] {logging_mixin.py:115} INFO - [2022-08-09 00:02:42,219] {dagbag.py:508} INFO - Filling up the DagBag from /home/renan/datapipeline/.env/lib/python3.8/site-packages/airflow/example_dags/example_time_delta_sensor_async.py
[2022-08-09 00:02:42,222] {processor.py:651} INFO - DAG(s) dict_keys(['example_time_delta_sensor_async']) retrieved from /home/renan/datapipeline/.env/lib/python3.8/site-packages/airflow/example_dags/example_time_delta_sensor_async.py
[2022-08-09 00:02:42,240] {logging_mixin.py:115} INFO - [2022-08-09 00:02:42,240] {dag.py:2420} INFO - Sync 1 DAGs
[2022-08-09 00:02:42,250] {logging_mixin.py:115} INFO - [2022-08-09 00:02:42,250] {dag.py:2968} INFO - Setting next_dagrun for example_time_delta_sensor_async to None, run_after=None
[2022-08-09 00:02:42,259] {processor.py:161} INFO - Processing /home/renan/datapipeline/.env/lib/python3.8/site-packages/airflow/example_dags/example_time_delta_sensor_async.py took 0.042 seconds
[2022-08-09 00:03:18,256] {processor.py:153} INFO - Started process (PID=10598) to work on /home/renan/datapipeline/.env/lib/python3.8/site-packages/airflow/example_dags/example_time_delta_sensor_async.py
[2022-08-09 00:03:18,256] {processor.py:641} INFO - Processing file /home/renan/datapipeline/.env/lib/python3.8/site-packages/airflow/example_dags/example_time_delta_sensor_async.py for tasks to queue
[2022-08-09 00:03:18,257] {logging_mixin.py:115} INFO - [2022-08-09 00:03:18,256] {dagbag.py:508} INFO - Filling up the DagBag from /home/renan/datapipeline/.env/lib/python3.8/site-packages/airflow/example_dags/example_time_delta_sensor_async.py
[2022-08-09 00:03:18,260] {processor.py:651} INFO - DAG(s) dict_keys(['example_time_delta_sensor_async']) retrieved from /home/renan/datapipeline/.env/lib/python3.8/site-packages/airflow/example_dags/example_time_delta_sensor_async.py
[2022-08-09 00:03:18,281] {logging_mixin.py:115} INFO - [2022-08-09 00:03:18,281] {dag.py:2420} INFO - Sync 1 DAGs
[2022-08-09 00:03:18,292] {logging_mixin.py:115} INFO - [2022-08-09 00:03:18,292] {dag.py:2968} INFO - Setting next_dagrun for example_time_delta_sensor_async to None, run_after=None
[2022-08-09 00:03:18,302] {processor.py:161} INFO - Processing /home/renan/datapipeline/.env/lib/python3.8/site-packages/airflow/example_dags/example_time_delta_sensor_async.py took 0.048 seconds
[2022-08-09 00:03:50,721] {processor.py:153} INFO - Started process (PID=10644) to work on /home/renan/datapipeline/.env/lib/python3.8/site-packages/airflow/example_dags/example_time_delta_sensor_async.py
[2022-08-09 00:03:50,722] {processor.py:641} INFO - Processing file /home/renan/datapipeline/.env/lib/python3.8/site-packages/airflow/example_dags/example_time_delta_sensor_async.py for tasks to queue
[2022-08-09 00:03:50,722] {logging_mixin.py:115} INFO - [2022-08-09 00:03:50,722] {dagbag.py:508} INFO - Filling up the DagBag from /home/renan/datapipeline/.env/lib/python3.8/site-packages/airflow/example_dags/example_time_delta_sensor_async.py
[2022-08-09 00:03:50,725] {processor.py:651} INFO - DAG(s) dict_keys(['example_time_delta_sensor_async']) retrieved from /home/renan/datapipeline/.env/lib/python3.8/site-packages/airflow/example_dags/example_time_delta_sensor_async.py
[2022-08-09 00:03:50,744] {logging_mixin.py:115} INFO - [2022-08-09 00:03:50,744] {dag.py:2420} INFO - Sync 1 DAGs
[2022-08-09 00:03:50,753] {logging_mixin.py:115} INFO - [2022-08-09 00:03:50,753] {dag.py:2968} INFO - Setting next_dagrun for example_time_delta_sensor_async to None, run_after=None
[2022-08-09 00:03:50,763] {processor.py:161} INFO - Processing /home/renan/datapipeline/.env/lib/python3.8/site-packages/airflow/example_dags/example_time_delta_sensor_async.py took 0.043 seconds
[2022-08-09 00:04:23,493] {processor.py:153} INFO - Started process (PID=10678) to work on /home/renan/datapipeline/.env/lib/python3.8/site-packages/airflow/example_dags/example_time_delta_sensor_async.py
[2022-08-09 00:04:23,493] {processor.py:641} INFO - Processing file /home/renan/datapipeline/.env/lib/python3.8/site-packages/airflow/example_dags/example_time_delta_sensor_async.py for tasks to queue
[2022-08-09 00:04:23,493] {logging_mixin.py:115} INFO - [2022-08-09 00:04:23,493] {dagbag.py:508} INFO - Filling up the DagBag from /home/renan/datapipeline/.env/lib/python3.8/site-packages/airflow/example_dags/example_time_delta_sensor_async.py
[2022-08-09 00:04:23,496] {processor.py:651} INFO - DAG(s) dict_keys(['example_time_delta_sensor_async']) retrieved from /home/renan/datapipeline/.env/lib/python3.8/site-packages/airflow/example_dags/example_time_delta_sensor_async.py
[2022-08-09 00:04:23,514] {logging_mixin.py:115} INFO - [2022-08-09 00:04:23,514] {dag.py:2420} INFO - Sync 1 DAGs
[2022-08-09 00:04:23,523] {logging_mixin.py:115} INFO - [2022-08-09 00:04:23,523] {dag.py:2968} INFO - Setting next_dagrun for example_time_delta_sensor_async to None, run_after=None
[2022-08-09 00:04:23,532] {processor.py:161} INFO - Processing /home/renan/datapipeline/.env/lib/python3.8/site-packages/airflow/example_dags/example_time_delta_sensor_async.py took 0.041 seconds
[2022-08-09 00:04:56,272] {processor.py:153} INFO - Started process (PID=10733) to work on /home/renan/datapipeline/.env/lib/python3.8/site-packages/airflow/example_dags/example_time_delta_sensor_async.py
[2022-08-09 00:04:56,272] {processor.py:641} INFO - Processing file /home/renan/datapipeline/.env/lib/python3.8/site-packages/airflow/example_dags/example_time_delta_sensor_async.py for tasks to queue
[2022-08-09 00:04:56,273] {logging_mixin.py:115} INFO - [2022-08-09 00:04:56,273] {dagbag.py:508} INFO - Filling up the DagBag from /home/renan/datapipeline/.env/lib/python3.8/site-packages/airflow/example_dags/example_time_delta_sensor_async.py
[2022-08-09 00:04:56,276] {processor.py:651} INFO - DAG(s) dict_keys(['example_time_delta_sensor_async']) retrieved from /home/renan/datapipeline/.env/lib/python3.8/site-packages/airflow/example_dags/example_time_delta_sensor_async.py
[2022-08-09 00:04:56,296] {logging_mixin.py:115} INFO - [2022-08-09 00:04:56,296] {dag.py:2420} INFO - Sync 1 DAGs
[2022-08-09 00:04:56,307] {logging_mixin.py:115} INFO - [2022-08-09 00:04:56,306] {dag.py:2968} INFO - Setting next_dagrun for example_time_delta_sensor_async to None, run_after=None
[2022-08-09 00:04:56,318] {processor.py:161} INFO - Processing /home/renan/datapipeline/.env/lib/python3.8/site-packages/airflow/example_dags/example_time_delta_sensor_async.py took 0.048 seconds
[2022-08-09 00:05:29,334] {processor.py:153} INFO - Started process (PID=10777) to work on /home/renan/datapipeline/.env/lib/python3.8/site-packages/airflow/example_dags/example_time_delta_sensor_async.py
[2022-08-09 00:05:29,334] {processor.py:641} INFO - Processing file /home/renan/datapipeline/.env/lib/python3.8/site-packages/airflow/example_dags/example_time_delta_sensor_async.py for tasks to queue
[2022-08-09 00:05:29,334] {logging_mixin.py:115} INFO - [2022-08-09 00:05:29,334] {dagbag.py:508} INFO - Filling up the DagBag from /home/renan/datapipeline/.env/lib/python3.8/site-packages/airflow/example_dags/example_time_delta_sensor_async.py
[2022-08-09 00:05:29,338] {processor.py:651} INFO - DAG(s) dict_keys(['example_time_delta_sensor_async']) retrieved from /home/renan/datapipeline/.env/lib/python3.8/site-packages/airflow/example_dags/example_time_delta_sensor_async.py
[2022-08-09 00:05:29,355] {logging_mixin.py:115} INFO - [2022-08-09 00:05:29,355] {dag.py:2420} INFO - Sync 1 DAGs
[2022-08-09 00:05:29,365] {logging_mixin.py:115} INFO - [2022-08-09 00:05:29,365] {dag.py:2968} INFO - Setting next_dagrun for example_time_delta_sensor_async to None, run_after=None
[2022-08-09 00:05:29,374] {processor.py:161} INFO - Processing /home/renan/datapipeline/.env/lib/python3.8/site-packages/airflow/example_dags/example_time_delta_sensor_async.py took 0.041 seconds
[2022-08-09 00:06:02,974] {processor.py:153} INFO - Started process (PID=10814) to work on /home/renan/datapipeline/.env/lib/python3.8/site-packages/airflow/example_dags/example_time_delta_sensor_async.py
[2022-08-09 00:06:02,974] {processor.py:641} INFO - Processing file /home/renan/datapipeline/.env/lib/python3.8/site-packages/airflow/example_dags/example_time_delta_sensor_async.py for tasks to queue
[2022-08-09 00:06:02,975] {logging_mixin.py:115} INFO - [2022-08-09 00:06:02,974] {dagbag.py:508} INFO - Filling up the DagBag from /home/renan/datapipeline/.env/lib/python3.8/site-packages/airflow/example_dags/example_time_delta_sensor_async.py
[2022-08-09 00:06:02,977] {processor.py:651} INFO - DAG(s) dict_keys(['example_time_delta_sensor_async']) retrieved from /home/renan/datapipeline/.env/lib/python3.8/site-packages/airflow/example_dags/example_time_delta_sensor_async.py
[2022-08-09 00:06:02,995] {logging_mixin.py:115} INFO - [2022-08-09 00:06:02,995] {dag.py:2420} INFO - Sync 1 DAGs
[2022-08-09 00:06:03,005] {logging_mixin.py:115} INFO - [2022-08-09 00:06:03,005] {dag.py:2968} INFO - Setting next_dagrun for example_time_delta_sensor_async to None, run_after=None
[2022-08-09 00:06:03,013] {processor.py:161} INFO - Processing /home/renan/datapipeline/.env/lib/python3.8/site-packages/airflow/example_dags/example_time_delta_sensor_async.py took 0.041 seconds
[2022-08-09 00:06:37,159] {processor.py:153} INFO - Started process (PID=10864) to work on /home/renan/datapipeline/.env/lib/python3.8/site-packages/airflow/example_dags/example_time_delta_sensor_async.py
[2022-08-09 00:06:37,159] {processor.py:641} INFO - Processing file /home/renan/datapipeline/.env/lib/python3.8/site-packages/airflow/example_dags/example_time_delta_sensor_async.py for tasks to queue
[2022-08-09 00:06:37,159] {logging_mixin.py:115} INFO - [2022-08-09 00:06:37,159] {dagbag.py:508} INFO - Filling up the DagBag from /home/renan/datapipeline/.env/lib/python3.8/site-packages/airflow/example_dags/example_time_delta_sensor_async.py
[2022-08-09 00:06:37,163] {processor.py:651} INFO - DAG(s) dict_keys(['example_time_delta_sensor_async']) retrieved from /home/renan/datapipeline/.env/lib/python3.8/site-packages/airflow/example_dags/example_time_delta_sensor_async.py
[2022-08-09 00:06:37,182] {logging_mixin.py:115} INFO - [2022-08-09 00:06:37,182] {dag.py:2420} INFO - Sync 1 DAGs
[2022-08-09 00:06:37,193] {logging_mixin.py:115} INFO - [2022-08-09 00:06:37,193] {dag.py:2968} INFO - Setting next_dagrun for example_time_delta_sensor_async to None, run_after=None
[2022-08-09 00:06:37,207] {processor.py:161} INFO - Processing /home/renan/datapipeline/.env/lib/python3.8/site-packages/airflow/example_dags/example_time_delta_sensor_async.py took 0.050 seconds
[2022-08-09 00:07:11,146] {processor.py:153} INFO - Started process (PID=10915) to work on /home/renan/datapipeline/.env/lib/python3.8/site-packages/airflow/example_dags/example_time_delta_sensor_async.py
[2022-08-09 00:07:11,147] {processor.py:641} INFO - Processing file /home/renan/datapipeline/.env/lib/python3.8/site-packages/airflow/example_dags/example_time_delta_sensor_async.py for tasks to queue
[2022-08-09 00:07:11,147] {logging_mixin.py:115} INFO - [2022-08-09 00:07:11,147] {dagbag.py:508} INFO - Filling up the DagBag from /home/renan/datapipeline/.env/lib/python3.8/site-packages/airflow/example_dags/example_time_delta_sensor_async.py
[2022-08-09 00:07:11,150] {processor.py:651} INFO - DAG(s) dict_keys(['example_time_delta_sensor_async']) retrieved from /home/renan/datapipeline/.env/lib/python3.8/site-packages/airflow/example_dags/example_time_delta_sensor_async.py
[2022-08-09 00:07:11,169] {logging_mixin.py:115} INFO - [2022-08-09 00:07:11,169] {dag.py:2420} INFO - Sync 1 DAGs
[2022-08-09 00:07:11,179] {logging_mixin.py:115} INFO - [2022-08-09 00:07:11,179] {dag.py:2968} INFO - Setting next_dagrun for example_time_delta_sensor_async to None, run_after=None
[2022-08-09 00:07:11,189] {processor.py:161} INFO - Processing /home/renan/datapipeline/.env/lib/python3.8/site-packages/airflow/example_dags/example_time_delta_sensor_async.py took 0.045 seconds
[2022-08-09 00:07:44,719] {processor.py:153} INFO - Started process (PID=10954) to work on /home/renan/datapipeline/.env/lib/python3.8/site-packages/airflow/example_dags/example_time_delta_sensor_async.py
[2022-08-09 00:07:44,720] {processor.py:641} INFO - Processing file /home/renan/datapipeline/.env/lib/python3.8/site-packages/airflow/example_dags/example_time_delta_sensor_async.py for tasks to queue
[2022-08-09 00:07:44,720] {logging_mixin.py:115} INFO - [2022-08-09 00:07:44,720] {dagbag.py:508} INFO - Filling up the DagBag from /home/renan/datapipeline/.env/lib/python3.8/site-packages/airflow/example_dags/example_time_delta_sensor_async.py
[2022-08-09 00:07:44,723] {processor.py:651} INFO - DAG(s) dict_keys(['example_time_delta_sensor_async']) retrieved from /home/renan/datapipeline/.env/lib/python3.8/site-packages/airflow/example_dags/example_time_delta_sensor_async.py
[2022-08-09 00:07:44,744] {logging_mixin.py:115} INFO - [2022-08-09 00:07:44,744] {dag.py:2420} INFO - Sync 1 DAGs
[2022-08-09 00:07:44,755] {logging_mixin.py:115} INFO - [2022-08-09 00:07:44,755] {dag.py:2968} INFO - Setting next_dagrun for example_time_delta_sensor_async to None, run_after=None
[2022-08-09 00:07:44,765] {processor.py:161} INFO - Processing /home/renan/datapipeline/.env/lib/python3.8/site-packages/airflow/example_dags/example_time_delta_sensor_async.py took 0.048 seconds
[2022-08-09 00:08:19,752] {processor.py:153} INFO - Started process (PID=10991) to work on /home/renan/datapipeline/.env/lib/python3.8/site-packages/airflow/example_dags/example_time_delta_sensor_async.py
[2022-08-09 00:08:19,752] {processor.py:641} INFO - Processing file /home/renan/datapipeline/.env/lib/python3.8/site-packages/airflow/example_dags/example_time_delta_sensor_async.py for tasks to queue
[2022-08-09 00:08:19,753] {logging_mixin.py:115} INFO - [2022-08-09 00:08:19,753] {dagbag.py:508} INFO - Filling up the DagBag from /home/renan/datapipeline/.env/lib/python3.8/site-packages/airflow/example_dags/example_time_delta_sensor_async.py
[2022-08-09 00:08:19,755] {processor.py:651} INFO - DAG(s) dict_keys(['example_time_delta_sensor_async']) retrieved from /home/renan/datapipeline/.env/lib/python3.8/site-packages/airflow/example_dags/example_time_delta_sensor_async.py
[2022-08-09 00:08:19,774] {logging_mixin.py:115} INFO - [2022-08-09 00:08:19,774] {dag.py:2420} INFO - Sync 1 DAGs
[2022-08-09 00:08:19,783] {logging_mixin.py:115} INFO - [2022-08-09 00:08:19,783] {dag.py:2968} INFO - Setting next_dagrun for example_time_delta_sensor_async to None, run_after=None
[2022-08-09 00:08:19,792] {processor.py:161} INFO - Processing /home/renan/datapipeline/.env/lib/python3.8/site-packages/airflow/example_dags/example_time_delta_sensor_async.py took 0.041 seconds
[2022-08-09 00:08:52,194] {processor.py:153} INFO - Started process (PID=11028) to work on /home/renan/datapipeline/.env/lib/python3.8/site-packages/airflow/example_dags/example_time_delta_sensor_async.py
[2022-08-09 00:08:52,195] {processor.py:641} INFO - Processing file /home/renan/datapipeline/.env/lib/python3.8/site-packages/airflow/example_dags/example_time_delta_sensor_async.py for tasks to queue
[2022-08-09 00:08:52,195] {logging_mixin.py:115} INFO - [2022-08-09 00:08:52,195] {dagbag.py:508} INFO - Filling up the DagBag from /home/renan/datapipeline/.env/lib/python3.8/site-packages/airflow/example_dags/example_time_delta_sensor_async.py
[2022-08-09 00:08:52,198] {processor.py:651} INFO - DAG(s) dict_keys(['example_time_delta_sensor_async']) retrieved from /home/renan/datapipeline/.env/lib/python3.8/site-packages/airflow/example_dags/example_time_delta_sensor_async.py
[2022-08-09 00:08:52,216] {logging_mixin.py:115} INFO - [2022-08-09 00:08:52,216] {dag.py:2420} INFO - Sync 1 DAGs
[2022-08-09 00:08:52,225] {logging_mixin.py:115} INFO - [2022-08-09 00:08:52,225] {dag.py:2968} INFO - Setting next_dagrun for example_time_delta_sensor_async to None, run_after=None
[2022-08-09 00:08:52,233] {processor.py:161} INFO - Processing /home/renan/datapipeline/.env/lib/python3.8/site-packages/airflow/example_dags/example_time_delta_sensor_async.py took 0.041 seconds
[2022-08-09 00:09:24,694] {processor.py:153} INFO - Started process (PID=11061) to work on /home/renan/datapipeline/.env/lib/python3.8/site-packages/airflow/example_dags/example_time_delta_sensor_async.py
[2022-08-09 00:09:24,694] {processor.py:641} INFO - Processing file /home/renan/datapipeline/.env/lib/python3.8/site-packages/airflow/example_dags/example_time_delta_sensor_async.py for tasks to queue
[2022-08-09 00:09:24,694] {logging_mixin.py:115} INFO - [2022-08-09 00:09:24,694] {dagbag.py:508} INFO - Filling up the DagBag from /home/renan/datapipeline/.env/lib/python3.8/site-packages/airflow/example_dags/example_time_delta_sensor_async.py
[2022-08-09 00:09:24,698] {processor.py:651} INFO - DAG(s) dict_keys(['example_time_delta_sensor_async']) retrieved from /home/renan/datapipeline/.env/lib/python3.8/site-packages/airflow/example_dags/example_time_delta_sensor_async.py
[2022-08-09 00:09:24,718] {logging_mixin.py:115} INFO - [2022-08-09 00:09:24,718] {dag.py:2420} INFO - Sync 1 DAGs
[2022-08-09 00:09:24,727] {logging_mixin.py:115} INFO - [2022-08-09 00:09:24,727] {dag.py:2968} INFO - Setting next_dagrun for example_time_delta_sensor_async to None, run_after=None
[2022-08-09 00:09:24,736] {processor.py:161} INFO - Processing /home/renan/datapipeline/.env/lib/python3.8/site-packages/airflow/example_dags/example_time_delta_sensor_async.py took 0.044 seconds
[2022-08-09 00:09:57,332] {processor.py:153} INFO - Started process (PID=11097) to work on /home/renan/datapipeline/.env/lib/python3.8/site-packages/airflow/example_dags/example_time_delta_sensor_async.py
[2022-08-09 00:09:57,333] {processor.py:641} INFO - Processing file /home/renan/datapipeline/.env/lib/python3.8/site-packages/airflow/example_dags/example_time_delta_sensor_async.py for tasks to queue
[2022-08-09 00:09:57,333] {logging_mixin.py:115} INFO - [2022-08-09 00:09:57,333] {dagbag.py:508} INFO - Filling up the DagBag from /home/renan/datapipeline/.env/lib/python3.8/site-packages/airflow/example_dags/example_time_delta_sensor_async.py
[2022-08-09 00:09:57,336] {processor.py:651} INFO - DAG(s) dict_keys(['example_time_delta_sensor_async']) retrieved from /home/renan/datapipeline/.env/lib/python3.8/site-packages/airflow/example_dags/example_time_delta_sensor_async.py
[2022-08-09 00:09:57,355] {logging_mixin.py:115} INFO - [2022-08-09 00:09:57,354] {dag.py:2420} INFO - Sync 1 DAGs
[2022-08-09 00:09:57,364] {logging_mixin.py:115} INFO - [2022-08-09 00:09:57,364] {dag.py:2968} INFO - Setting next_dagrun for example_time_delta_sensor_async to None, run_after=None
[2022-08-09 00:09:57,372] {processor.py:161} INFO - Processing /home/renan/datapipeline/.env/lib/python3.8/site-packages/airflow/example_dags/example_time_delta_sensor_async.py took 0.042 seconds
[2022-08-09 00:10:31,961] {processor.py:153} INFO - Started process (PID=11137) to work on /home/renan/datapipeline/.env/lib/python3.8/site-packages/airflow/example_dags/example_time_delta_sensor_async.py
[2022-08-09 00:10:31,961] {processor.py:641} INFO - Processing file /home/renan/datapipeline/.env/lib/python3.8/site-packages/airflow/example_dags/example_time_delta_sensor_async.py for tasks to queue
[2022-08-09 00:10:31,962] {logging_mixin.py:115} INFO - [2022-08-09 00:10:31,962] {dagbag.py:508} INFO - Filling up the DagBag from /home/renan/datapipeline/.env/lib/python3.8/site-packages/airflow/example_dags/example_time_delta_sensor_async.py
[2022-08-09 00:10:31,965] {processor.py:651} INFO - DAG(s) dict_keys(['example_time_delta_sensor_async']) retrieved from /home/renan/datapipeline/.env/lib/python3.8/site-packages/airflow/example_dags/example_time_delta_sensor_async.py
[2022-08-09 00:10:31,983] {logging_mixin.py:115} INFO - [2022-08-09 00:10:31,982] {dag.py:2420} INFO - Sync 1 DAGs
[2022-08-09 00:10:31,992] {logging_mixin.py:115} INFO - [2022-08-09 00:10:31,992] {dag.py:2968} INFO - Setting next_dagrun for example_time_delta_sensor_async to None, run_after=None
[2022-08-09 00:10:32,008] {processor.py:161} INFO - Processing /home/renan/datapipeline/.env/lib/python3.8/site-packages/airflow/example_dags/example_time_delta_sensor_async.py took 0.048 seconds
[2022-08-09 00:11:07,063] {processor.py:153} INFO - Started process (PID=11192) to work on /home/renan/datapipeline/.env/lib/python3.8/site-packages/airflow/example_dags/example_time_delta_sensor_async.py
[2022-08-09 00:11:07,064] {processor.py:641} INFO - Processing file /home/renan/datapipeline/.env/lib/python3.8/site-packages/airflow/example_dags/example_time_delta_sensor_async.py for tasks to queue
[2022-08-09 00:11:07,064] {logging_mixin.py:115} INFO - [2022-08-09 00:11:07,064] {dagbag.py:508} INFO - Filling up the DagBag from /home/renan/datapipeline/.env/lib/python3.8/site-packages/airflow/example_dags/example_time_delta_sensor_async.py
[2022-08-09 00:11:07,067] {processor.py:651} INFO - DAG(s) dict_keys(['example_time_delta_sensor_async']) retrieved from /home/renan/datapipeline/.env/lib/python3.8/site-packages/airflow/example_dags/example_time_delta_sensor_async.py
[2022-08-09 00:11:07,085] {logging_mixin.py:115} INFO - [2022-08-09 00:11:07,085] {dag.py:2420} INFO - Sync 1 DAGs
[2022-08-09 00:11:07,094] {logging_mixin.py:115} INFO - [2022-08-09 00:11:07,094] {dag.py:2968} INFO - Setting next_dagrun for example_time_delta_sensor_async to None, run_after=None
[2022-08-09 00:11:07,104] {processor.py:161} INFO - Processing /home/renan/datapipeline/.env/lib/python3.8/site-packages/airflow/example_dags/example_time_delta_sensor_async.py took 0.042 seconds
[2022-08-09 00:11:40,900] {processor.py:153} INFO - Started process (PID=11229) to work on /home/renan/datapipeline/.env/lib/python3.8/site-packages/airflow/example_dags/example_time_delta_sensor_async.py
[2022-08-09 00:11:40,900] {processor.py:641} INFO - Processing file /home/renan/datapipeline/.env/lib/python3.8/site-packages/airflow/example_dags/example_time_delta_sensor_async.py for tasks to queue
[2022-08-09 00:11:40,901] {logging_mixin.py:115} INFO - [2022-08-09 00:11:40,901] {dagbag.py:508} INFO - Filling up the DagBag from /home/renan/datapipeline/.env/lib/python3.8/site-packages/airflow/example_dags/example_time_delta_sensor_async.py
[2022-08-09 00:11:40,903] {processor.py:651} INFO - DAG(s) dict_keys(['example_time_delta_sensor_async']) retrieved from /home/renan/datapipeline/.env/lib/python3.8/site-packages/airflow/example_dags/example_time_delta_sensor_async.py
[2022-08-09 00:11:40,922] {logging_mixin.py:115} INFO - [2022-08-09 00:11:40,922] {dag.py:2420} INFO - Sync 1 DAGs
[2022-08-09 00:11:40,931] {logging_mixin.py:115} INFO - [2022-08-09 00:11:40,931] {dag.py:2968} INFO - Setting next_dagrun for example_time_delta_sensor_async to None, run_after=None
[2022-08-09 00:11:40,939] {processor.py:161} INFO - Processing /home/renan/datapipeline/.env/lib/python3.8/site-packages/airflow/example_dags/example_time_delta_sensor_async.py took 0.041 seconds
[2022-08-09 00:12:14,601] {processor.py:153} INFO - Started process (PID=11294) to work on /home/renan/datapipeline/.env/lib/python3.8/site-packages/airflow/example_dags/example_time_delta_sensor_async.py
[2022-08-09 00:12:14,601] {processor.py:641} INFO - Processing file /home/renan/datapipeline/.env/lib/python3.8/site-packages/airflow/example_dags/example_time_delta_sensor_async.py for tasks to queue
[2022-08-09 00:12:14,602] {logging_mixin.py:115} INFO - [2022-08-09 00:12:14,601] {dagbag.py:508} INFO - Filling up the DagBag from /home/renan/datapipeline/.env/lib/python3.8/site-packages/airflow/example_dags/example_time_delta_sensor_async.py
[2022-08-09 00:12:14,605] {processor.py:651} INFO - DAG(s) dict_keys(['example_time_delta_sensor_async']) retrieved from /home/renan/datapipeline/.env/lib/python3.8/site-packages/airflow/example_dags/example_time_delta_sensor_async.py
[2022-08-09 00:12:14,625] {logging_mixin.py:115} INFO - [2022-08-09 00:12:14,625] {dag.py:2420} INFO - Sync 1 DAGs
[2022-08-09 00:12:14,635] {logging_mixin.py:115} INFO - [2022-08-09 00:12:14,635] {dag.py:2968} INFO - Setting next_dagrun for example_time_delta_sensor_async to None, run_after=None
[2022-08-09 00:12:14,644] {processor.py:161} INFO - Processing /home/renan/datapipeline/.env/lib/python3.8/site-packages/airflow/example_dags/example_time_delta_sensor_async.py took 0.045 seconds
[2022-08-09 00:12:51,597] {processor.py:153} INFO - Started process (PID=11339) to work on /home/renan/datapipeline/.env/lib/python3.8/site-packages/airflow/example_dags/example_time_delta_sensor_async.py
[2022-08-09 00:12:51,603] {processor.py:641} INFO - Processing file /home/renan/datapipeline/.env/lib/python3.8/site-packages/airflow/example_dags/example_time_delta_sensor_async.py for tasks to queue
[2022-08-09 00:12:51,604] {logging_mixin.py:115} INFO - [2022-08-09 00:12:51,604] {dagbag.py:508} INFO - Filling up the DagBag from /home/renan/datapipeline/.env/lib/python3.8/site-packages/airflow/example_dags/example_time_delta_sensor_async.py
[2022-08-09 00:12:51,607] {processor.py:651} INFO - DAG(s) dict_keys(['example_time_delta_sensor_async']) retrieved from /home/renan/datapipeline/.env/lib/python3.8/site-packages/airflow/example_dags/example_time_delta_sensor_async.py
[2022-08-09 00:12:51,627] {logging_mixin.py:115} INFO - [2022-08-09 00:12:51,627] {dag.py:2420} INFO - Sync 1 DAGs
[2022-08-09 00:12:51,640] {logging_mixin.py:115} INFO - [2022-08-09 00:12:51,640] {dag.py:2968} INFO - Setting next_dagrun for example_time_delta_sensor_async to None, run_after=None
[2022-08-09 00:12:51,649] {processor.py:161} INFO - Processing /home/renan/datapipeline/.env/lib/python3.8/site-packages/airflow/example_dags/example_time_delta_sensor_async.py took 0.054 seconds
[2022-08-09 00:13:23,540] {processor.py:153} INFO - Started process (PID=11383) to work on /home/renan/datapipeline/.env/lib/python3.8/site-packages/airflow/example_dags/example_time_delta_sensor_async.py
[2022-08-09 00:13:23,541] {processor.py:641} INFO - Processing file /home/renan/datapipeline/.env/lib/python3.8/site-packages/airflow/example_dags/example_time_delta_sensor_async.py for tasks to queue
[2022-08-09 00:13:23,541] {logging_mixin.py:115} INFO - [2022-08-09 00:13:23,541] {dagbag.py:508} INFO - Filling up the DagBag from /home/renan/datapipeline/.env/lib/python3.8/site-packages/airflow/example_dags/example_time_delta_sensor_async.py
[2022-08-09 00:13:23,544] {processor.py:651} INFO - DAG(s) dict_keys(['example_time_delta_sensor_async']) retrieved from /home/renan/datapipeline/.env/lib/python3.8/site-packages/airflow/example_dags/example_time_delta_sensor_async.py
[2022-08-09 00:13:23,565] {logging_mixin.py:115} INFO - [2022-08-09 00:13:23,565] {dag.py:2420} INFO - Sync 1 DAGs
[2022-08-09 00:13:23,576] {logging_mixin.py:115} INFO - [2022-08-09 00:13:23,576] {dag.py:2968} INFO - Setting next_dagrun for example_time_delta_sensor_async to None, run_after=None
[2022-08-09 00:13:23,587] {processor.py:161} INFO - Processing /home/renan/datapipeline/.env/lib/python3.8/site-packages/airflow/example_dags/example_time_delta_sensor_async.py took 0.049 seconds
[2022-08-09 00:13:56,109] {processor.py:153} INFO - Started process (PID=11466) to work on /home/renan/datapipeline/.env/lib/python3.8/site-packages/airflow/example_dags/example_time_delta_sensor_async.py
[2022-08-09 00:13:56,109] {processor.py:641} INFO - Processing file /home/renan/datapipeline/.env/lib/python3.8/site-packages/airflow/example_dags/example_time_delta_sensor_async.py for tasks to queue
[2022-08-09 00:13:56,109] {logging_mixin.py:115} INFO - [2022-08-09 00:13:56,109] {dagbag.py:508} INFO - Filling up the DagBag from /home/renan/datapipeline/.env/lib/python3.8/site-packages/airflow/example_dags/example_time_delta_sensor_async.py
[2022-08-09 00:13:56,113] {processor.py:651} INFO - DAG(s) dict_keys(['example_time_delta_sensor_async']) retrieved from /home/renan/datapipeline/.env/lib/python3.8/site-packages/airflow/example_dags/example_time_delta_sensor_async.py
[2022-08-09 00:13:56,132] {logging_mixin.py:115} INFO - [2022-08-09 00:13:56,132] {dag.py:2420} INFO - Sync 1 DAGs
[2022-08-09 00:13:56,142] {logging_mixin.py:115} INFO - [2022-08-09 00:13:56,142] {dag.py:2968} INFO - Setting next_dagrun for example_time_delta_sensor_async to None, run_after=None
[2022-08-09 00:13:56,151] {processor.py:161} INFO - Processing /home/renan/datapipeline/.env/lib/python3.8/site-packages/airflow/example_dags/example_time_delta_sensor_async.py took 0.044 seconds
[2022-08-09 00:14:27,980] {processor.py:153} INFO - Started process (PID=11509) to work on /home/renan/datapipeline/.env/lib/python3.8/site-packages/airflow/example_dags/example_time_delta_sensor_async.py
[2022-08-09 00:14:27,980] {processor.py:641} INFO - Processing file /home/renan/datapipeline/.env/lib/python3.8/site-packages/airflow/example_dags/example_time_delta_sensor_async.py for tasks to queue
[2022-08-09 00:14:27,981] {logging_mixin.py:115} INFO - [2022-08-09 00:14:27,980] {dagbag.py:508} INFO - Filling up the DagBag from /home/renan/datapipeline/.env/lib/python3.8/site-packages/airflow/example_dags/example_time_delta_sensor_async.py
[2022-08-09 00:14:27,984] {processor.py:651} INFO - DAG(s) dict_keys(['example_time_delta_sensor_async']) retrieved from /home/renan/datapipeline/.env/lib/python3.8/site-packages/airflow/example_dags/example_time_delta_sensor_async.py
[2022-08-09 00:14:28,002] {logging_mixin.py:115} INFO - [2022-08-09 00:14:28,002] {dag.py:2420} INFO - Sync 1 DAGs
[2022-08-09 00:14:28,012] {logging_mixin.py:115} INFO - [2022-08-09 00:14:28,012] {dag.py:2968} INFO - Setting next_dagrun for example_time_delta_sensor_async to None, run_after=None
[2022-08-09 00:14:28,021] {processor.py:161} INFO - Processing /home/renan/datapipeline/.env/lib/python3.8/site-packages/airflow/example_dags/example_time_delta_sensor_async.py took 0.043 seconds
[2022-08-09 00:15:02,802] {processor.py:153} INFO - Started process (PID=11550) to work on /home/renan/datapipeline/.env/lib/python3.8/site-packages/airflow/example_dags/example_time_delta_sensor_async.py
[2022-08-09 00:15:02,803] {processor.py:641} INFO - Processing file /home/renan/datapipeline/.env/lib/python3.8/site-packages/airflow/example_dags/example_time_delta_sensor_async.py for tasks to queue
[2022-08-09 00:15:02,803] {logging_mixin.py:115} INFO - [2022-08-09 00:15:02,803] {dagbag.py:508} INFO - Filling up the DagBag from /home/renan/datapipeline/.env/lib/python3.8/site-packages/airflow/example_dags/example_time_delta_sensor_async.py
[2022-08-09 00:15:02,806] {processor.py:651} INFO - DAG(s) dict_keys(['example_time_delta_sensor_async']) retrieved from /home/renan/datapipeline/.env/lib/python3.8/site-packages/airflow/example_dags/example_time_delta_sensor_async.py
[2022-08-09 00:15:02,823] {logging_mixin.py:115} INFO - [2022-08-09 00:15:02,823] {dag.py:2420} INFO - Sync 1 DAGs
[2022-08-09 00:15:02,832] {logging_mixin.py:115} INFO - [2022-08-09 00:15:02,832] {dag.py:2968} INFO - Setting next_dagrun for example_time_delta_sensor_async to None, run_after=None
[2022-08-09 00:15:02,841] {processor.py:161} INFO - Processing /home/renan/datapipeline/.env/lib/python3.8/site-packages/airflow/example_dags/example_time_delta_sensor_async.py took 0.041 seconds
[2022-08-09 00:15:36,937] {processor.py:153} INFO - Started process (PID=11617) to work on /home/renan/datapipeline/.env/lib/python3.8/site-packages/airflow/example_dags/example_time_delta_sensor_async.py
[2022-08-09 00:15:36,937] {processor.py:641} INFO - Processing file /home/renan/datapipeline/.env/lib/python3.8/site-packages/airflow/example_dags/example_time_delta_sensor_async.py for tasks to queue
[2022-08-09 00:15:36,938] {logging_mixin.py:115} INFO - [2022-08-09 00:15:36,938] {dagbag.py:508} INFO - Filling up the DagBag from /home/renan/datapipeline/.env/lib/python3.8/site-packages/airflow/example_dags/example_time_delta_sensor_async.py
[2022-08-09 00:15:36,941] {processor.py:651} INFO - DAG(s) dict_keys(['example_time_delta_sensor_async']) retrieved from /home/renan/datapipeline/.env/lib/python3.8/site-packages/airflow/example_dags/example_time_delta_sensor_async.py
[2022-08-09 00:15:36,960] {logging_mixin.py:115} INFO - [2022-08-09 00:15:36,960] {dag.py:2420} INFO - Sync 1 DAGs
[2022-08-09 00:15:36,970] {logging_mixin.py:115} INFO - [2022-08-09 00:15:36,970] {dag.py:2968} INFO - Setting next_dagrun for example_time_delta_sensor_async to None, run_after=None
[2022-08-09 00:15:36,979] {processor.py:161} INFO - Processing /home/renan/datapipeline/.env/lib/python3.8/site-packages/airflow/example_dags/example_time_delta_sensor_async.py took 0.044 seconds
[2022-08-09 00:16:09,497] {processor.py:153} INFO - Started process (PID=11668) to work on /home/renan/datapipeline/.env/lib/python3.8/site-packages/airflow/example_dags/example_time_delta_sensor_async.py
[2022-08-09 00:16:09,497] {processor.py:641} INFO - Processing file /home/renan/datapipeline/.env/lib/python3.8/site-packages/airflow/example_dags/example_time_delta_sensor_async.py for tasks to queue
[2022-08-09 00:16:09,497] {logging_mixin.py:115} INFO - [2022-08-09 00:16:09,497] {dagbag.py:508} INFO - Filling up the DagBag from /home/renan/datapipeline/.env/lib/python3.8/site-packages/airflow/example_dags/example_time_delta_sensor_async.py
[2022-08-09 00:16:09,501] {processor.py:651} INFO - DAG(s) dict_keys(['example_time_delta_sensor_async']) retrieved from /home/renan/datapipeline/.env/lib/python3.8/site-packages/airflow/example_dags/example_time_delta_sensor_async.py
[2022-08-09 00:16:09,520] {logging_mixin.py:115} INFO - [2022-08-09 00:16:09,520] {dag.py:2420} INFO - Sync 1 DAGs
[2022-08-09 00:16:09,532] {logging_mixin.py:115} INFO - [2022-08-09 00:16:09,532] {dag.py:2968} INFO - Setting next_dagrun for example_time_delta_sensor_async to None, run_after=None
[2022-08-09 00:16:09,542] {processor.py:161} INFO - Processing /home/renan/datapipeline/.env/lib/python3.8/site-packages/airflow/example_dags/example_time_delta_sensor_async.py took 0.048 seconds
[2022-08-09 00:16:43,259] {processor.py:153} INFO - Started process (PID=11715) to work on /home/renan/datapipeline/.env/lib/python3.8/site-packages/airflow/example_dags/example_time_delta_sensor_async.py
[2022-08-09 00:16:43,260] {processor.py:641} INFO - Processing file /home/renan/datapipeline/.env/lib/python3.8/site-packages/airflow/example_dags/example_time_delta_sensor_async.py for tasks to queue
[2022-08-09 00:16:43,260] {logging_mixin.py:115} INFO - [2022-08-09 00:16:43,260] {dagbag.py:508} INFO - Filling up the DagBag from /home/renan/datapipeline/.env/lib/python3.8/site-packages/airflow/example_dags/example_time_delta_sensor_async.py
[2022-08-09 00:16:43,264] {processor.py:651} INFO - DAG(s) dict_keys(['example_time_delta_sensor_async']) retrieved from /home/renan/datapipeline/.env/lib/python3.8/site-packages/airflow/example_dags/example_time_delta_sensor_async.py
[2022-08-09 00:16:43,283] {logging_mixin.py:115} INFO - [2022-08-09 00:16:43,283] {dag.py:2420} INFO - Sync 1 DAGs
[2022-08-09 00:16:43,295] {logging_mixin.py:115} INFO - [2022-08-09 00:16:43,294] {dag.py:2968} INFO - Setting next_dagrun for example_time_delta_sensor_async to None, run_after=None
[2022-08-09 00:16:43,305] {processor.py:161} INFO - Processing /home/renan/datapipeline/.env/lib/python3.8/site-packages/airflow/example_dags/example_time_delta_sensor_async.py took 0.047 seconds
[2022-08-09 00:17:16,793] {processor.py:153} INFO - Started process (PID=11776) to work on /home/renan/datapipeline/.env/lib/python3.8/site-packages/airflow/example_dags/example_time_delta_sensor_async.py
[2022-08-09 00:17:16,794] {processor.py:641} INFO - Processing file /home/renan/datapipeline/.env/lib/python3.8/site-packages/airflow/example_dags/example_time_delta_sensor_async.py for tasks to queue
[2022-08-09 00:17:16,794] {logging_mixin.py:115} INFO - [2022-08-09 00:17:16,794] {dagbag.py:508} INFO - Filling up the DagBag from /home/renan/datapipeline/.env/lib/python3.8/site-packages/airflow/example_dags/example_time_delta_sensor_async.py
[2022-08-09 00:17:16,797] {processor.py:651} INFO - DAG(s) dict_keys(['example_time_delta_sensor_async']) retrieved from /home/renan/datapipeline/.env/lib/python3.8/site-packages/airflow/example_dags/example_time_delta_sensor_async.py
[2022-08-09 00:17:16,817] {logging_mixin.py:115} INFO - [2022-08-09 00:17:16,817] {dag.py:2420} INFO - Sync 1 DAGs
[2022-08-09 00:17:16,828] {logging_mixin.py:115} INFO - [2022-08-09 00:17:16,828] {dag.py:2968} INFO - Setting next_dagrun for example_time_delta_sensor_async to None, run_after=None
[2022-08-09 00:17:16,838] {processor.py:161} INFO - Processing /home/renan/datapipeline/.env/lib/python3.8/site-packages/airflow/example_dags/example_time_delta_sensor_async.py took 0.047 seconds
[2022-08-09 00:17:50,984] {processor.py:153} INFO - Started process (PID=11814) to work on /home/renan/datapipeline/.env/lib/python3.8/site-packages/airflow/example_dags/example_time_delta_sensor_async.py
[2022-08-09 00:17:50,984] {processor.py:641} INFO - Processing file /home/renan/datapipeline/.env/lib/python3.8/site-packages/airflow/example_dags/example_time_delta_sensor_async.py for tasks to queue
[2022-08-09 00:17:50,984] {logging_mixin.py:115} INFO - [2022-08-09 00:17:50,984] {dagbag.py:508} INFO - Filling up the DagBag from /home/renan/datapipeline/.env/lib/python3.8/site-packages/airflow/example_dags/example_time_delta_sensor_async.py
[2022-08-09 00:17:50,987] {processor.py:651} INFO - DAG(s) dict_keys(['example_time_delta_sensor_async']) retrieved from /home/renan/datapipeline/.env/lib/python3.8/site-packages/airflow/example_dags/example_time_delta_sensor_async.py
[2022-08-09 00:17:51,004] {logging_mixin.py:115} INFO - [2022-08-09 00:17:51,004] {dag.py:2420} INFO - Sync 1 DAGs
[2022-08-09 00:17:51,014] {logging_mixin.py:115} INFO - [2022-08-09 00:17:51,014] {dag.py:2968} INFO - Setting next_dagrun for example_time_delta_sensor_async to None, run_after=None
[2022-08-09 00:17:51,022] {processor.py:161} INFO - Processing /home/renan/datapipeline/.env/lib/python3.8/site-packages/airflow/example_dags/example_time_delta_sensor_async.py took 0.040 seconds
[2022-08-09 00:18:26,295] {processor.py:153} INFO - Started process (PID=11851) to work on /home/renan/datapipeline/.env/lib/python3.8/site-packages/airflow/example_dags/example_time_delta_sensor_async.py
[2022-08-09 00:18:26,296] {processor.py:641} INFO - Processing file /home/renan/datapipeline/.env/lib/python3.8/site-packages/airflow/example_dags/example_time_delta_sensor_async.py for tasks to queue
[2022-08-09 00:18:26,296] {logging_mixin.py:115} INFO - [2022-08-09 00:18:26,296] {dagbag.py:508} INFO - Filling up the DagBag from /home/renan/datapipeline/.env/lib/python3.8/site-packages/airflow/example_dags/example_time_delta_sensor_async.py
[2022-08-09 00:18:26,299] {processor.py:651} INFO - DAG(s) dict_keys(['example_time_delta_sensor_async']) retrieved from /home/renan/datapipeline/.env/lib/python3.8/site-packages/airflow/example_dags/example_time_delta_sensor_async.py
[2022-08-09 00:18:26,316] {logging_mixin.py:115} INFO - [2022-08-09 00:18:26,316] {dag.py:2420} INFO - Sync 1 DAGs
[2022-08-09 00:18:26,326] {logging_mixin.py:115} INFO - [2022-08-09 00:18:26,326] {dag.py:2968} INFO - Setting next_dagrun for example_time_delta_sensor_async to None, run_after=None
[2022-08-09 00:18:26,335] {processor.py:161} INFO - Processing /home/renan/datapipeline/.env/lib/python3.8/site-packages/airflow/example_dags/example_time_delta_sensor_async.py took 0.041 seconds
[2022-08-09 00:18:59,924] {processor.py:153} INFO - Started process (PID=11887) to work on /home/renan/datapipeline/.env/lib/python3.8/site-packages/airflow/example_dags/example_time_delta_sensor_async.py
[2022-08-09 00:18:59,924] {processor.py:641} INFO - Processing file /home/renan/datapipeline/.env/lib/python3.8/site-packages/airflow/example_dags/example_time_delta_sensor_async.py for tasks to queue
[2022-08-09 00:18:59,924] {logging_mixin.py:115} INFO - [2022-08-09 00:18:59,924] {dagbag.py:508} INFO - Filling up the DagBag from /home/renan/datapipeline/.env/lib/python3.8/site-packages/airflow/example_dags/example_time_delta_sensor_async.py
[2022-08-09 00:18:59,928] {processor.py:651} INFO - DAG(s) dict_keys(['example_time_delta_sensor_async']) retrieved from /home/renan/datapipeline/.env/lib/python3.8/site-packages/airflow/example_dags/example_time_delta_sensor_async.py
[2022-08-09 00:18:59,944] {logging_mixin.py:115} INFO - [2022-08-09 00:18:59,944] {dag.py:2420} INFO - Sync 1 DAGs
[2022-08-09 00:18:59,954] {logging_mixin.py:115} INFO - [2022-08-09 00:18:59,954] {dag.py:2968} INFO - Setting next_dagrun for example_time_delta_sensor_async to None, run_after=None
[2022-08-09 00:18:59,963] {processor.py:161} INFO - Processing /home/renan/datapipeline/.env/lib/python3.8/site-packages/airflow/example_dags/example_time_delta_sensor_async.py took 0.040 seconds
[2022-08-09 00:19:31,669] {processor.py:153} INFO - Started process (PID=11922) to work on /home/renan/datapipeline/.env/lib/python3.8/site-packages/airflow/example_dags/example_time_delta_sensor_async.py
[2022-08-09 00:19:31,669] {processor.py:641} INFO - Processing file /home/renan/datapipeline/.env/lib/python3.8/site-packages/airflow/example_dags/example_time_delta_sensor_async.py for tasks to queue
[2022-08-09 00:19:31,670] {logging_mixin.py:115} INFO - [2022-08-09 00:19:31,670] {dagbag.py:508} INFO - Filling up the DagBag from /home/renan/datapipeline/.env/lib/python3.8/site-packages/airflow/example_dags/example_time_delta_sensor_async.py
[2022-08-09 00:19:31,673] {processor.py:651} INFO - DAG(s) dict_keys(['example_time_delta_sensor_async']) retrieved from /home/renan/datapipeline/.env/lib/python3.8/site-packages/airflow/example_dags/example_time_delta_sensor_async.py
[2022-08-09 00:19:31,691] {logging_mixin.py:115} INFO - [2022-08-09 00:19:31,691] {dag.py:2420} INFO - Sync 1 DAGs
[2022-08-09 00:19:31,701] {logging_mixin.py:115} INFO - [2022-08-09 00:19:31,701] {dag.py:2968} INFO - Setting next_dagrun for example_time_delta_sensor_async to None, run_after=None
[2022-08-09 00:19:31,710] {processor.py:161} INFO - Processing /home/renan/datapipeline/.env/lib/python3.8/site-packages/airflow/example_dags/example_time_delta_sensor_async.py took 0.044 seconds
[2022-08-09 00:20:06,565] {processor.py:153} INFO - Started process (PID=11962) to work on /home/renan/datapipeline/.env/lib/python3.8/site-packages/airflow/example_dags/example_time_delta_sensor_async.py
[2022-08-09 00:20:06,565] {processor.py:641} INFO - Processing file /home/renan/datapipeline/.env/lib/python3.8/site-packages/airflow/example_dags/example_time_delta_sensor_async.py for tasks to queue
[2022-08-09 00:20:06,565] {logging_mixin.py:115} INFO - [2022-08-09 00:20:06,565] {dagbag.py:508} INFO - Filling up the DagBag from /home/renan/datapipeline/.env/lib/python3.8/site-packages/airflow/example_dags/example_time_delta_sensor_async.py
[2022-08-09 00:20:06,568] {processor.py:651} INFO - DAG(s) dict_keys(['example_time_delta_sensor_async']) retrieved from /home/renan/datapipeline/.env/lib/python3.8/site-packages/airflow/example_dags/example_time_delta_sensor_async.py
[2022-08-09 00:20:06,585] {logging_mixin.py:115} INFO - [2022-08-09 00:20:06,585] {dag.py:2420} INFO - Sync 1 DAGs
[2022-08-09 00:20:06,596] {logging_mixin.py:115} INFO - [2022-08-09 00:20:06,596] {dag.py:2968} INFO - Setting next_dagrun for example_time_delta_sensor_async to None, run_after=None
[2022-08-09 00:20:06,607] {processor.py:161} INFO - Processing /home/renan/datapipeline/.env/lib/python3.8/site-packages/airflow/example_dags/example_time_delta_sensor_async.py took 0.043 seconds
[2022-08-09 00:20:37,364] {processor.py:153} INFO - Started process (PID=11996) to work on /home/renan/datapipeline/.env/lib/python3.8/site-packages/airflow/example_dags/example_time_delta_sensor_async.py
[2022-08-09 00:20:37,364] {processor.py:641} INFO - Processing file /home/renan/datapipeline/.env/lib/python3.8/site-packages/airflow/example_dags/example_time_delta_sensor_async.py for tasks to queue
[2022-08-09 00:20:37,364] {logging_mixin.py:115} INFO - [2022-08-09 00:20:37,364] {dagbag.py:508} INFO - Filling up the DagBag from /home/renan/datapipeline/.env/lib/python3.8/site-packages/airflow/example_dags/example_time_delta_sensor_async.py
[2022-08-09 00:20:37,367] {processor.py:651} INFO - DAG(s) dict_keys(['example_time_delta_sensor_async']) retrieved from /home/renan/datapipeline/.env/lib/python3.8/site-packages/airflow/example_dags/example_time_delta_sensor_async.py
[2022-08-09 00:20:37,385] {logging_mixin.py:115} INFO - [2022-08-09 00:20:37,385] {dag.py:2420} INFO - Sync 1 DAGs
[2022-08-09 00:20:37,397] {logging_mixin.py:115} INFO - [2022-08-09 00:20:37,397] {dag.py:2968} INFO - Setting next_dagrun for example_time_delta_sensor_async to None, run_after=None
[2022-08-09 00:20:37,406] {processor.py:161} INFO - Processing /home/renan/datapipeline/.env/lib/python3.8/site-packages/airflow/example_dags/example_time_delta_sensor_async.py took 0.044 seconds
[2022-08-09 00:21:12,169] {processor.py:153} INFO - Started process (PID=12051) to work on /home/renan/datapipeline/.env/lib/python3.8/site-packages/airflow/example_dags/example_time_delta_sensor_async.py
[2022-08-09 00:21:12,169] {processor.py:641} INFO - Processing file /home/renan/datapipeline/.env/lib/python3.8/site-packages/airflow/example_dags/example_time_delta_sensor_async.py for tasks to queue
[2022-08-09 00:21:12,169] {logging_mixin.py:115} INFO - [2022-08-09 00:21:12,169] {dagbag.py:508} INFO - Filling up the DagBag from /home/renan/datapipeline/.env/lib/python3.8/site-packages/airflow/example_dags/example_time_delta_sensor_async.py
[2022-08-09 00:21:12,172] {processor.py:651} INFO - DAG(s) dict_keys(['example_time_delta_sensor_async']) retrieved from /home/renan/datapipeline/.env/lib/python3.8/site-packages/airflow/example_dags/example_time_delta_sensor_async.py
[2022-08-09 00:21:12,189] {logging_mixin.py:115} INFO - [2022-08-09 00:21:12,189] {dag.py:2420} INFO - Sync 1 DAGs
[2022-08-09 00:21:12,199] {logging_mixin.py:115} INFO - [2022-08-09 00:21:12,199] {dag.py:2968} INFO - Setting next_dagrun for example_time_delta_sensor_async to None, run_after=None
[2022-08-09 00:21:12,208] {processor.py:161} INFO - Processing /home/renan/datapipeline/.env/lib/python3.8/site-packages/airflow/example_dags/example_time_delta_sensor_async.py took 0.041 seconds
[2022-08-09 00:21:45,519] {processor.py:153} INFO - Started process (PID=12186) to work on /home/renan/datapipeline/.env/lib/python3.8/site-packages/airflow/example_dags/example_time_delta_sensor_async.py
[2022-08-09 00:21:45,522] {processor.py:641} INFO - Processing file /home/renan/datapipeline/.env/lib/python3.8/site-packages/airflow/example_dags/example_time_delta_sensor_async.py for tasks to queue
[2022-08-09 00:21:45,522] {logging_mixin.py:115} INFO - [2022-08-09 00:21:45,522] {dagbag.py:508} INFO - Filling up the DagBag from /home/renan/datapipeline/.env/lib/python3.8/site-packages/airflow/example_dags/example_time_delta_sensor_async.py
[2022-08-09 00:21:45,526] {processor.py:651} INFO - DAG(s) dict_keys(['example_time_delta_sensor_async']) retrieved from /home/renan/datapipeline/.env/lib/python3.8/site-packages/airflow/example_dags/example_time_delta_sensor_async.py
[2022-08-09 00:21:45,549] {logging_mixin.py:115} INFO - [2022-08-09 00:21:45,549] {dag.py:2420} INFO - Sync 1 DAGs
[2022-08-09 00:21:45,562] {logging_mixin.py:115} INFO - [2022-08-09 00:21:45,562] {dag.py:2968} INFO - Setting next_dagrun for example_time_delta_sensor_async to None, run_after=None
[2022-08-09 00:21:45,572] {processor.py:161} INFO - Processing /home/renan/datapipeline/.env/lib/python3.8/site-packages/airflow/example_dags/example_time_delta_sensor_async.py took 0.054 seconds
[2022-08-09 00:22:17,727] {processor.py:153} INFO - Started process (PID=12284) to work on /home/renan/datapipeline/.env/lib/python3.8/site-packages/airflow/example_dags/example_time_delta_sensor_async.py
[2022-08-09 00:22:17,727] {processor.py:641} INFO - Processing file /home/renan/datapipeline/.env/lib/python3.8/site-packages/airflow/example_dags/example_time_delta_sensor_async.py for tasks to queue
[2022-08-09 00:22:17,727] {logging_mixin.py:115} INFO - [2022-08-09 00:22:17,727] {dagbag.py:508} INFO - Filling up the DagBag from /home/renan/datapipeline/.env/lib/python3.8/site-packages/airflow/example_dags/example_time_delta_sensor_async.py
[2022-08-09 00:22:17,730] {processor.py:651} INFO - DAG(s) dict_keys(['example_time_delta_sensor_async']) retrieved from /home/renan/datapipeline/.env/lib/python3.8/site-packages/airflow/example_dags/example_time_delta_sensor_async.py
[2022-08-09 00:22:17,746] {logging_mixin.py:115} INFO - [2022-08-09 00:22:17,746] {dag.py:2420} INFO - Sync 1 DAGs
[2022-08-09 00:22:17,755] {logging_mixin.py:115} INFO - [2022-08-09 00:22:17,755] {dag.py:2968} INFO - Setting next_dagrun for example_time_delta_sensor_async to None, run_after=None
[2022-08-09 00:22:17,763] {processor.py:161} INFO - Processing /home/renan/datapipeline/.env/lib/python3.8/site-packages/airflow/example_dags/example_time_delta_sensor_async.py took 0.038 seconds
[2022-08-09 00:22:50,794] {processor.py:153} INFO - Started process (PID=12320) to work on /home/renan/datapipeline/.env/lib/python3.8/site-packages/airflow/example_dags/example_time_delta_sensor_async.py
[2022-08-09 00:22:50,795] {processor.py:641} INFO - Processing file /home/renan/datapipeline/.env/lib/python3.8/site-packages/airflow/example_dags/example_time_delta_sensor_async.py for tasks to queue
[2022-08-09 00:22:50,795] {logging_mixin.py:115} INFO - [2022-08-09 00:22:50,795] {dagbag.py:508} INFO - Filling up the DagBag from /home/renan/datapipeline/.env/lib/python3.8/site-packages/airflow/example_dags/example_time_delta_sensor_async.py
[2022-08-09 00:22:50,798] {processor.py:651} INFO - DAG(s) dict_keys(['example_time_delta_sensor_async']) retrieved from /home/renan/datapipeline/.env/lib/python3.8/site-packages/airflow/example_dags/example_time_delta_sensor_async.py
[2022-08-09 00:22:50,815] {logging_mixin.py:115} INFO - [2022-08-09 00:22:50,815] {dag.py:2420} INFO - Sync 1 DAGs
[2022-08-09 00:22:50,825] {logging_mixin.py:115} INFO - [2022-08-09 00:22:50,825] {dag.py:2968} INFO - Setting next_dagrun for example_time_delta_sensor_async to None, run_after=None
[2022-08-09 00:22:50,833] {processor.py:161} INFO - Processing /home/renan/datapipeline/.env/lib/python3.8/site-packages/airflow/example_dags/example_time_delta_sensor_async.py took 0.040 seconds
[2022-08-09 00:23:24,469] {processor.py:153} INFO - Started process (PID=12360) to work on /home/renan/datapipeline/.env/lib/python3.8/site-packages/airflow/example_dags/example_time_delta_sensor_async.py
[2022-08-09 00:23:24,469] {processor.py:641} INFO - Processing file /home/renan/datapipeline/.env/lib/python3.8/site-packages/airflow/example_dags/example_time_delta_sensor_async.py for tasks to queue
[2022-08-09 00:23:24,470] {logging_mixin.py:115} INFO - [2022-08-09 00:23:24,470] {dagbag.py:508} INFO - Filling up the DagBag from /home/renan/datapipeline/.env/lib/python3.8/site-packages/airflow/example_dags/example_time_delta_sensor_async.py
[2022-08-09 00:23:24,473] {processor.py:651} INFO - DAG(s) dict_keys(['example_time_delta_sensor_async']) retrieved from /home/renan/datapipeline/.env/lib/python3.8/site-packages/airflow/example_dags/example_time_delta_sensor_async.py
[2022-08-09 00:23:24,490] {logging_mixin.py:115} INFO - [2022-08-09 00:23:24,490] {dag.py:2420} INFO - Sync 1 DAGs
[2022-08-09 00:23:24,500] {logging_mixin.py:115} INFO - [2022-08-09 00:23:24,500] {dag.py:2968} INFO - Setting next_dagrun for example_time_delta_sensor_async to None, run_after=None
[2022-08-09 00:23:24,509] {processor.py:161} INFO - Processing /home/renan/datapipeline/.env/lib/python3.8/site-packages/airflow/example_dags/example_time_delta_sensor_async.py took 0.042 seconds
[2022-08-09 00:23:55,263] {processor.py:153} INFO - Started process (PID=12396) to work on /home/renan/datapipeline/.env/lib/python3.8/site-packages/airflow/example_dags/example_time_delta_sensor_async.py
[2022-08-09 00:23:55,263] {processor.py:641} INFO - Processing file /home/renan/datapipeline/.env/lib/python3.8/site-packages/airflow/example_dags/example_time_delta_sensor_async.py for tasks to queue
[2022-08-09 00:23:55,263] {logging_mixin.py:115} INFO - [2022-08-09 00:23:55,263] {dagbag.py:508} INFO - Filling up the DagBag from /home/renan/datapipeline/.env/lib/python3.8/site-packages/airflow/example_dags/example_time_delta_sensor_async.py
[2022-08-09 00:23:55,267] {processor.py:651} INFO - DAG(s) dict_keys(['example_time_delta_sensor_async']) retrieved from /home/renan/datapipeline/.env/lib/python3.8/site-packages/airflow/example_dags/example_time_delta_sensor_async.py
[2022-08-09 00:23:55,284] {logging_mixin.py:115} INFO - [2022-08-09 00:23:55,284] {dag.py:2420} INFO - Sync 1 DAGs
[2022-08-09 00:23:55,293] {logging_mixin.py:115} INFO - [2022-08-09 00:23:55,293] {dag.py:2968} INFO - Setting next_dagrun for example_time_delta_sensor_async to None, run_after=None
[2022-08-09 00:23:55,302] {processor.py:161} INFO - Processing /home/renan/datapipeline/.env/lib/python3.8/site-packages/airflow/example_dags/example_time_delta_sensor_async.py took 0.041 seconds
[2022-08-09 00:24:30,590] {processor.py:153} INFO - Started process (PID=12460) to work on /home/renan/datapipeline/.env/lib/python3.8/site-packages/airflow/example_dags/example_time_delta_sensor_async.py
[2022-08-09 00:24:30,590] {processor.py:641} INFO - Processing file /home/renan/datapipeline/.env/lib/python3.8/site-packages/airflow/example_dags/example_time_delta_sensor_async.py for tasks to queue
[2022-08-09 00:24:30,590] {logging_mixin.py:115} INFO - [2022-08-09 00:24:30,590] {dagbag.py:508} INFO - Filling up the DagBag from /home/renan/datapipeline/.env/lib/python3.8/site-packages/airflow/example_dags/example_time_delta_sensor_async.py
[2022-08-09 00:24:30,593] {processor.py:651} INFO - DAG(s) dict_keys(['example_time_delta_sensor_async']) retrieved from /home/renan/datapipeline/.env/lib/python3.8/site-packages/airflow/example_dags/example_time_delta_sensor_async.py
[2022-08-09 00:24:30,610] {logging_mixin.py:115} INFO - [2022-08-09 00:24:30,610] {dag.py:2420} INFO - Sync 1 DAGs
[2022-08-09 00:24:30,620] {logging_mixin.py:115} INFO - [2022-08-09 00:24:30,620] {dag.py:2968} INFO - Setting next_dagrun for example_time_delta_sensor_async to None, run_after=None
[2022-08-09 00:24:30,629] {processor.py:161} INFO - Processing /home/renan/datapipeline/.env/lib/python3.8/site-packages/airflow/example_dags/example_time_delta_sensor_async.py took 0.041 seconds
[2022-08-09 00:25:03,082] {processor.py:153} INFO - Started process (PID=12500) to work on /home/renan/datapipeline/.env/lib/python3.8/site-packages/airflow/example_dags/example_time_delta_sensor_async.py
[2022-08-09 00:25:03,083] {processor.py:641} INFO - Processing file /home/renan/datapipeline/.env/lib/python3.8/site-packages/airflow/example_dags/example_time_delta_sensor_async.py for tasks to queue
[2022-08-09 00:25:03,083] {logging_mixin.py:115} INFO - [2022-08-09 00:25:03,083] {dagbag.py:508} INFO - Filling up the DagBag from /home/renan/datapipeline/.env/lib/python3.8/site-packages/airflow/example_dags/example_time_delta_sensor_async.py
[2022-08-09 00:25:03,086] {processor.py:651} INFO - DAG(s) dict_keys(['example_time_delta_sensor_async']) retrieved from /home/renan/datapipeline/.env/lib/python3.8/site-packages/airflow/example_dags/example_time_delta_sensor_async.py
[2022-08-09 00:25:03,103] {logging_mixin.py:115} INFO - [2022-08-09 00:25:03,103] {dag.py:2420} INFO - Sync 1 DAGs
[2022-08-09 00:25:03,113] {logging_mixin.py:115} INFO - [2022-08-09 00:25:03,113] {dag.py:2968} INFO - Setting next_dagrun for example_time_delta_sensor_async to None, run_after=None
[2022-08-09 00:25:03,121] {processor.py:161} INFO - Processing /home/renan/datapipeline/.env/lib/python3.8/site-packages/airflow/example_dags/example_time_delta_sensor_async.py took 0.041 seconds
[2022-08-09 00:25:37,129] {processor.py:153} INFO - Started process (PID=12540) to work on /home/renan/datapipeline/.env/lib/python3.8/site-packages/airflow/example_dags/example_time_delta_sensor_async.py
[2022-08-09 00:25:37,130] {processor.py:641} INFO - Processing file /home/renan/datapipeline/.env/lib/python3.8/site-packages/airflow/example_dags/example_time_delta_sensor_async.py for tasks to queue
[2022-08-09 00:25:37,130] {logging_mixin.py:115} INFO - [2022-08-09 00:25:37,130] {dagbag.py:508} INFO - Filling up the DagBag from /home/renan/datapipeline/.env/lib/python3.8/site-packages/airflow/example_dags/example_time_delta_sensor_async.py
[2022-08-09 00:25:37,133] {processor.py:651} INFO - DAG(s) dict_keys(['example_time_delta_sensor_async']) retrieved from /home/renan/datapipeline/.env/lib/python3.8/site-packages/airflow/example_dags/example_time_delta_sensor_async.py
[2022-08-09 00:25:37,150] {logging_mixin.py:115} INFO - [2022-08-09 00:25:37,150] {dag.py:2420} INFO - Sync 1 DAGs
[2022-08-09 00:25:37,159] {logging_mixin.py:115} INFO - [2022-08-09 00:25:37,159] {dag.py:2968} INFO - Setting next_dagrun for example_time_delta_sensor_async to None, run_after=None
[2022-08-09 00:25:37,168] {processor.py:161} INFO - Processing /home/renan/datapipeline/.env/lib/python3.8/site-packages/airflow/example_dags/example_time_delta_sensor_async.py took 0.041 seconds
[2022-08-09 00:26:13,147] {processor.py:153} INFO - Started process (PID=12579) to work on /home/renan/datapipeline/.env/lib/python3.8/site-packages/airflow/example_dags/example_time_delta_sensor_async.py
[2022-08-09 00:26:13,148] {processor.py:641} INFO - Processing file /home/renan/datapipeline/.env/lib/python3.8/site-packages/airflow/example_dags/example_time_delta_sensor_async.py for tasks to queue
[2022-08-09 00:26:13,148] {logging_mixin.py:115} INFO - [2022-08-09 00:26:13,148] {dagbag.py:508} INFO - Filling up the DagBag from /home/renan/datapipeline/.env/lib/python3.8/site-packages/airflow/example_dags/example_time_delta_sensor_async.py
[2022-08-09 00:26:13,152] {processor.py:651} INFO - DAG(s) dict_keys(['example_time_delta_sensor_async']) retrieved from /home/renan/datapipeline/.env/lib/python3.8/site-packages/airflow/example_dags/example_time_delta_sensor_async.py
[2022-08-09 00:26:13,170] {logging_mixin.py:115} INFO - [2022-08-09 00:26:13,169] {dag.py:2420} INFO - Sync 1 DAGs
[2022-08-09 00:26:13,180] {logging_mixin.py:115} INFO - [2022-08-09 00:26:13,180] {dag.py:2968} INFO - Setting next_dagrun for example_time_delta_sensor_async to None, run_after=None
[2022-08-09 00:26:13,189] {processor.py:161} INFO - Processing /home/renan/datapipeline/.env/lib/python3.8/site-packages/airflow/example_dags/example_time_delta_sensor_async.py took 0.043 seconds
[2022-08-09 00:26:45,710] {processor.py:153} INFO - Started process (PID=12615) to work on /home/renan/datapipeline/.env/lib/python3.8/site-packages/airflow/example_dags/example_time_delta_sensor_async.py
[2022-08-09 00:26:45,710] {processor.py:641} INFO - Processing file /home/renan/datapipeline/.env/lib/python3.8/site-packages/airflow/example_dags/example_time_delta_sensor_async.py for tasks to queue
[2022-08-09 00:26:45,710] {logging_mixin.py:115} INFO - [2022-08-09 00:26:45,710] {dagbag.py:508} INFO - Filling up the DagBag from /home/renan/datapipeline/.env/lib/python3.8/site-packages/airflow/example_dags/example_time_delta_sensor_async.py
[2022-08-09 00:26:45,713] {processor.py:651} INFO - DAG(s) dict_keys(['example_time_delta_sensor_async']) retrieved from /home/renan/datapipeline/.env/lib/python3.8/site-packages/airflow/example_dags/example_time_delta_sensor_async.py
[2022-08-09 00:26:45,731] {logging_mixin.py:115} INFO - [2022-08-09 00:26:45,731] {dag.py:2420} INFO - Sync 1 DAGs
[2022-08-09 00:26:45,740] {logging_mixin.py:115} INFO - [2022-08-09 00:26:45,740] {dag.py:2968} INFO - Setting next_dagrun for example_time_delta_sensor_async to None, run_after=None
[2022-08-09 00:26:45,753] {processor.py:161} INFO - Processing /home/renan/datapipeline/.env/lib/python3.8/site-packages/airflow/example_dags/example_time_delta_sensor_async.py took 0.045 seconds
[2022-08-09 00:27:18,344] {processor.py:153} INFO - Started process (PID=12653) to work on /home/renan/datapipeline/.env/lib/python3.8/site-packages/airflow/example_dags/example_time_delta_sensor_async.py
[2022-08-09 00:27:18,345] {processor.py:641} INFO - Processing file /home/renan/datapipeline/.env/lib/python3.8/site-packages/airflow/example_dags/example_time_delta_sensor_async.py for tasks to queue
[2022-08-09 00:27:18,345] {logging_mixin.py:115} INFO - [2022-08-09 00:27:18,345] {dagbag.py:508} INFO - Filling up the DagBag from /home/renan/datapipeline/.env/lib/python3.8/site-packages/airflow/example_dags/example_time_delta_sensor_async.py
[2022-08-09 00:27:18,349] {processor.py:651} INFO - DAG(s) dict_keys(['example_time_delta_sensor_async']) retrieved from /home/renan/datapipeline/.env/lib/python3.8/site-packages/airflow/example_dags/example_time_delta_sensor_async.py
[2022-08-09 00:27:18,370] {logging_mixin.py:115} INFO - [2022-08-09 00:27:18,370] {dag.py:2420} INFO - Sync 1 DAGs
[2022-08-09 00:27:18,382] {logging_mixin.py:115} INFO - [2022-08-09 00:27:18,382] {dag.py:2968} INFO - Setting next_dagrun for example_time_delta_sensor_async to None, run_after=None
[2022-08-09 00:27:18,395] {processor.py:161} INFO - Processing /home/renan/datapipeline/.env/lib/python3.8/site-packages/airflow/example_dags/example_time_delta_sensor_async.py took 0.053 seconds
[2022-08-09 00:27:50,505] {processor.py:153} INFO - Started process (PID=12719) to work on /home/renan/datapipeline/.env/lib/python3.8/site-packages/airflow/example_dags/example_time_delta_sensor_async.py
[2022-08-09 00:27:50,505] {processor.py:641} INFO - Processing file /home/renan/datapipeline/.env/lib/python3.8/site-packages/airflow/example_dags/example_time_delta_sensor_async.py for tasks to queue
[2022-08-09 00:27:50,506] {logging_mixin.py:115} INFO - [2022-08-09 00:27:50,506] {dagbag.py:508} INFO - Filling up the DagBag from /home/renan/datapipeline/.env/lib/python3.8/site-packages/airflow/example_dags/example_time_delta_sensor_async.py
[2022-08-09 00:27:50,509] {processor.py:651} INFO - DAG(s) dict_keys(['example_time_delta_sensor_async']) retrieved from /home/renan/datapipeline/.env/lib/python3.8/site-packages/airflow/example_dags/example_time_delta_sensor_async.py
[2022-08-09 00:27:50,525] {logging_mixin.py:115} INFO - [2022-08-09 00:27:50,525] {dag.py:2420} INFO - Sync 1 DAGs
[2022-08-09 00:27:50,534] {logging_mixin.py:115} INFO - [2022-08-09 00:27:50,534] {dag.py:2968} INFO - Setting next_dagrun for example_time_delta_sensor_async to None, run_after=None
[2022-08-09 00:27:50,543] {processor.py:161} INFO - Processing /home/renan/datapipeline/.env/lib/python3.8/site-packages/airflow/example_dags/example_time_delta_sensor_async.py took 0.040 seconds
[2022-08-09 00:28:22,076] {processor.py:153} INFO - Started process (PID=12926) to work on /home/renan/datapipeline/.env/lib/python3.8/site-packages/airflow/example_dags/example_time_delta_sensor_async.py
[2022-08-09 00:28:22,077] {processor.py:641} INFO - Processing file /home/renan/datapipeline/.env/lib/python3.8/site-packages/airflow/example_dags/example_time_delta_sensor_async.py for tasks to queue
[2022-08-09 00:28:22,078] {logging_mixin.py:115} INFO - [2022-08-09 00:28:22,078] {dagbag.py:508} INFO - Filling up the DagBag from /home/renan/datapipeline/.env/lib/python3.8/site-packages/airflow/example_dags/example_time_delta_sensor_async.py
[2022-08-09 00:28:22,081] {processor.py:651} INFO - DAG(s) dict_keys(['example_time_delta_sensor_async']) retrieved from /home/renan/datapipeline/.env/lib/python3.8/site-packages/airflow/example_dags/example_time_delta_sensor_async.py
[2022-08-09 00:28:22,102] {logging_mixin.py:115} INFO - [2022-08-09 00:28:22,102] {dag.py:2420} INFO - Sync 1 DAGs
[2022-08-09 00:28:22,114] {logging_mixin.py:115} INFO - [2022-08-09 00:28:22,114] {dag.py:2968} INFO - Setting next_dagrun for example_time_delta_sensor_async to None, run_after=None
[2022-08-09 00:28:22,124] {processor.py:161} INFO - Processing /home/renan/datapipeline/.env/lib/python3.8/site-packages/airflow/example_dags/example_time_delta_sensor_async.py took 0.050 seconds
[2022-08-09 00:28:56,271] {processor.py:153} INFO - Started process (PID=12966) to work on /home/renan/datapipeline/.env/lib/python3.8/site-packages/airflow/example_dags/example_time_delta_sensor_async.py
[2022-08-09 00:28:56,272] {processor.py:641} INFO - Processing file /home/renan/datapipeline/.env/lib/python3.8/site-packages/airflow/example_dags/example_time_delta_sensor_async.py for tasks to queue
[2022-08-09 00:28:56,272] {logging_mixin.py:115} INFO - [2022-08-09 00:28:56,272] {dagbag.py:508} INFO - Filling up the DagBag from /home/renan/datapipeline/.env/lib/python3.8/site-packages/airflow/example_dags/example_time_delta_sensor_async.py
[2022-08-09 00:28:56,276] {processor.py:651} INFO - DAG(s) dict_keys(['example_time_delta_sensor_async']) retrieved from /home/renan/datapipeline/.env/lib/python3.8/site-packages/airflow/example_dags/example_time_delta_sensor_async.py
[2022-08-09 00:28:56,296] {logging_mixin.py:115} INFO - [2022-08-09 00:28:56,296] {dag.py:2420} INFO - Sync 1 DAGs
[2022-08-09 00:28:56,309] {logging_mixin.py:115} INFO - [2022-08-09 00:28:56,309] {dag.py:2968} INFO - Setting next_dagrun for example_time_delta_sensor_async to None, run_after=None
[2022-08-09 00:28:56,320] {processor.py:161} INFO - Processing /home/renan/datapipeline/.env/lib/python3.8/site-packages/airflow/example_dags/example_time_delta_sensor_async.py took 0.051 seconds
[2022-08-09 00:29:28,681] {processor.py:153} INFO - Started process (PID=13007) to work on /home/renan/datapipeline/.env/lib/python3.8/site-packages/airflow/example_dags/example_time_delta_sensor_async.py
[2022-08-09 00:29:28,681] {processor.py:641} INFO - Processing file /home/renan/datapipeline/.env/lib/python3.8/site-packages/airflow/example_dags/example_time_delta_sensor_async.py for tasks to queue
[2022-08-09 00:29:28,681] {logging_mixin.py:115} INFO - [2022-08-09 00:29:28,681] {dagbag.py:508} INFO - Filling up the DagBag from /home/renan/datapipeline/.env/lib/python3.8/site-packages/airflow/example_dags/example_time_delta_sensor_async.py
[2022-08-09 00:29:28,685] {processor.py:651} INFO - DAG(s) dict_keys(['example_time_delta_sensor_async']) retrieved from /home/renan/datapipeline/.env/lib/python3.8/site-packages/airflow/example_dags/example_time_delta_sensor_async.py
[2022-08-09 00:29:28,701] {logging_mixin.py:115} INFO - [2022-08-09 00:29:28,701] {dag.py:2420} INFO - Sync 1 DAGs
[2022-08-09 00:29:28,711] {logging_mixin.py:115} INFO - [2022-08-09 00:29:28,711] {dag.py:2968} INFO - Setting next_dagrun for example_time_delta_sensor_async to None, run_after=None
[2022-08-09 00:29:28,719] {processor.py:161} INFO - Processing /home/renan/datapipeline/.env/lib/python3.8/site-packages/airflow/example_dags/example_time_delta_sensor_async.py took 0.040 seconds
[2022-08-09 00:29:59,209] {processor.py:153} INFO - Started process (PID=13042) to work on /home/renan/datapipeline/.env/lib/python3.8/site-packages/airflow/example_dags/example_time_delta_sensor_async.py
[2022-08-09 00:29:59,210] {processor.py:641} INFO - Processing file /home/renan/datapipeline/.env/lib/python3.8/site-packages/airflow/example_dags/example_time_delta_sensor_async.py for tasks to queue
[2022-08-09 00:29:59,210] {logging_mixin.py:115} INFO - [2022-08-09 00:29:59,210] {dagbag.py:508} INFO - Filling up the DagBag from /home/renan/datapipeline/.env/lib/python3.8/site-packages/airflow/example_dags/example_time_delta_sensor_async.py
[2022-08-09 00:29:59,214] {processor.py:651} INFO - DAG(s) dict_keys(['example_time_delta_sensor_async']) retrieved from /home/renan/datapipeline/.env/lib/python3.8/site-packages/airflow/example_dags/example_time_delta_sensor_async.py
[2022-08-09 00:29:59,233] {logging_mixin.py:115} INFO - [2022-08-09 00:29:59,233] {dag.py:2420} INFO - Sync 1 DAGs
[2022-08-09 00:29:59,245] {logging_mixin.py:115} INFO - [2022-08-09 00:29:59,245] {dag.py:2968} INFO - Setting next_dagrun for example_time_delta_sensor_async to None, run_after=None
[2022-08-09 00:29:59,255] {processor.py:161} INFO - Processing /home/renan/datapipeline/.env/lib/python3.8/site-packages/airflow/example_dags/example_time_delta_sensor_async.py took 0.048 seconds
[2022-08-09 00:30:33,625] {processor.py:153} INFO - Started process (PID=13082) to work on /home/renan/datapipeline/.env/lib/python3.8/site-packages/airflow/example_dags/example_time_delta_sensor_async.py
[2022-08-09 00:30:33,625] {processor.py:641} INFO - Processing file /home/renan/datapipeline/.env/lib/python3.8/site-packages/airflow/example_dags/example_time_delta_sensor_async.py for tasks to queue
[2022-08-09 00:30:33,626] {logging_mixin.py:115} INFO - [2022-08-09 00:30:33,626] {dagbag.py:508} INFO - Filling up the DagBag from /home/renan/datapipeline/.env/lib/python3.8/site-packages/airflow/example_dags/example_time_delta_sensor_async.py
[2022-08-09 00:30:33,629] {processor.py:651} INFO - DAG(s) dict_keys(['example_time_delta_sensor_async']) retrieved from /home/renan/datapipeline/.env/lib/python3.8/site-packages/airflow/example_dags/example_time_delta_sensor_async.py
[2022-08-09 00:30:33,646] {logging_mixin.py:115} INFO - [2022-08-09 00:30:33,645] {dag.py:2420} INFO - Sync 1 DAGs
[2022-08-09 00:30:33,655] {logging_mixin.py:115} INFO - [2022-08-09 00:30:33,655] {dag.py:2968} INFO - Setting next_dagrun for example_time_delta_sensor_async to None, run_after=None
[2022-08-09 00:30:33,664] {processor.py:161} INFO - Processing /home/renan/datapipeline/.env/lib/python3.8/site-packages/airflow/example_dags/example_time_delta_sensor_async.py took 0.041 seconds
[2022-08-09 00:31:10,040] {processor.py:153} INFO - Started process (PID=13120) to work on /home/renan/datapipeline/.env/lib/python3.8/site-packages/airflow/example_dags/example_time_delta_sensor_async.py
[2022-08-09 00:31:10,041] {processor.py:641} INFO - Processing file /home/renan/datapipeline/.env/lib/python3.8/site-packages/airflow/example_dags/example_time_delta_sensor_async.py for tasks to queue
[2022-08-09 00:31:10,041] {logging_mixin.py:115} INFO - [2022-08-09 00:31:10,041] {dagbag.py:508} INFO - Filling up the DagBag from /home/renan/datapipeline/.env/lib/python3.8/site-packages/airflow/example_dags/example_time_delta_sensor_async.py
[2022-08-09 00:31:10,044] {processor.py:651} INFO - DAG(s) dict_keys(['example_time_delta_sensor_async']) retrieved from /home/renan/datapipeline/.env/lib/python3.8/site-packages/airflow/example_dags/example_time_delta_sensor_async.py
[2022-08-09 00:31:10,061] {logging_mixin.py:115} INFO - [2022-08-09 00:31:10,061] {dag.py:2420} INFO - Sync 1 DAGs
[2022-08-09 00:31:10,070] {logging_mixin.py:115} INFO - [2022-08-09 00:31:10,070] {dag.py:2968} INFO - Setting next_dagrun for example_time_delta_sensor_async to None, run_after=None
[2022-08-09 00:31:10,079] {processor.py:161} INFO - Processing /home/renan/datapipeline/.env/lib/python3.8/site-packages/airflow/example_dags/example_time_delta_sensor_async.py took 0.040 seconds
[2022-08-09 00:31:44,339] {processor.py:153} INFO - Started process (PID=13164) to work on /home/renan/datapipeline/.env/lib/python3.8/site-packages/airflow/example_dags/example_time_delta_sensor_async.py
[2022-08-09 00:31:44,339] {processor.py:641} INFO - Processing file /home/renan/datapipeline/.env/lib/python3.8/site-packages/airflow/example_dags/example_time_delta_sensor_async.py for tasks to queue
[2022-08-09 00:31:44,340] {logging_mixin.py:115} INFO - [2022-08-09 00:31:44,340] {dagbag.py:508} INFO - Filling up the DagBag from /home/renan/datapipeline/.env/lib/python3.8/site-packages/airflow/example_dags/example_time_delta_sensor_async.py
[2022-08-09 00:31:44,344] {processor.py:651} INFO - DAG(s) dict_keys(['example_time_delta_sensor_async']) retrieved from /home/renan/datapipeline/.env/lib/python3.8/site-packages/airflow/example_dags/example_time_delta_sensor_async.py
[2022-08-09 00:31:44,368] {logging_mixin.py:115} INFO - [2022-08-09 00:31:44,367] {dag.py:2420} INFO - Sync 1 DAGs
[2022-08-09 00:31:44,382] {logging_mixin.py:115} INFO - [2022-08-09 00:31:44,382] {dag.py:2968} INFO - Setting next_dagrun for example_time_delta_sensor_async to None, run_after=None
[2022-08-09 00:31:44,393] {processor.py:161} INFO - Processing /home/renan/datapipeline/.env/lib/python3.8/site-packages/airflow/example_dags/example_time_delta_sensor_async.py took 0.057 seconds
[2022-08-09 00:32:19,150] {processor.py:153} INFO - Started process (PID=13284) to work on /home/renan/datapipeline/.env/lib/python3.8/site-packages/airflow/example_dags/example_time_delta_sensor_async.py
[2022-08-09 00:32:19,150] {processor.py:641} INFO - Processing file /home/renan/datapipeline/.env/lib/python3.8/site-packages/airflow/example_dags/example_time_delta_sensor_async.py for tasks to queue
[2022-08-09 00:32:19,151] {logging_mixin.py:115} INFO - [2022-08-09 00:32:19,151] {dagbag.py:508} INFO - Filling up the DagBag from /home/renan/datapipeline/.env/lib/python3.8/site-packages/airflow/example_dags/example_time_delta_sensor_async.py
[2022-08-09 00:32:19,154] {processor.py:651} INFO - DAG(s) dict_keys(['example_time_delta_sensor_async']) retrieved from /home/renan/datapipeline/.env/lib/python3.8/site-packages/airflow/example_dags/example_time_delta_sensor_async.py
[2022-08-09 00:32:19,172] {logging_mixin.py:115} INFO - [2022-08-09 00:32:19,172] {dag.py:2420} INFO - Sync 1 DAGs
[2022-08-09 00:32:19,182] {logging_mixin.py:115} INFO - [2022-08-09 00:32:19,182] {dag.py:2968} INFO - Setting next_dagrun for example_time_delta_sensor_async to None, run_after=None
[2022-08-09 00:32:19,192] {processor.py:161} INFO - Processing /home/renan/datapipeline/.env/lib/python3.8/site-packages/airflow/example_dags/example_time_delta_sensor_async.py took 0.044 seconds
[2022-08-09 00:32:52,450] {processor.py:153} INFO - Started process (PID=13324) to work on /home/renan/datapipeline/.env/lib/python3.8/site-packages/airflow/example_dags/example_time_delta_sensor_async.py
[2022-08-09 00:32:52,450] {processor.py:641} INFO - Processing file /home/renan/datapipeline/.env/lib/python3.8/site-packages/airflow/example_dags/example_time_delta_sensor_async.py for tasks to queue
[2022-08-09 00:32:52,451] {logging_mixin.py:115} INFO - [2022-08-09 00:32:52,451] {dagbag.py:508} INFO - Filling up the DagBag from /home/renan/datapipeline/.env/lib/python3.8/site-packages/airflow/example_dags/example_time_delta_sensor_async.py
[2022-08-09 00:32:52,454] {processor.py:651} INFO - DAG(s) dict_keys(['example_time_delta_sensor_async']) retrieved from /home/renan/datapipeline/.env/lib/python3.8/site-packages/airflow/example_dags/example_time_delta_sensor_async.py
[2022-08-09 00:32:52,474] {logging_mixin.py:115} INFO - [2022-08-09 00:32:52,474] {dag.py:2420} INFO - Sync 1 DAGs
[2022-08-09 00:32:52,486] {logging_mixin.py:115} INFO - [2022-08-09 00:32:52,486] {dag.py:2968} INFO - Setting next_dagrun for example_time_delta_sensor_async to None, run_after=None
[2022-08-09 00:32:52,496] {processor.py:161} INFO - Processing /home/renan/datapipeline/.env/lib/python3.8/site-packages/airflow/example_dags/example_time_delta_sensor_async.py took 0.048 seconds
