[2022-08-08 23:55:19,965] {processor.py:153} INFO - Started process (PID=9877) to work on /home/renan/datapipeline/.env/lib/python3.8/site-packages/airflow/example_dags/example_dag_decorator.py
[2022-08-08 23:55:19,966] {processor.py:641} INFO - Processing file /home/renan/datapipeline/.env/lib/python3.8/site-packages/airflow/example_dags/example_dag_decorator.py for tasks to queue
[2022-08-08 23:55:19,966] {logging_mixin.py:115} INFO - [2022-08-08 23:55:19,966] {dagbag.py:508} INFO - Filling up the DagBag from /home/renan/datapipeline/.env/lib/python3.8/site-packages/airflow/example_dags/example_dag_decorator.py
[2022-08-08 23:55:19,984] {processor.py:651} INFO - DAG(s) dict_keys(['example_dag_decorator']) retrieved from /home/renan/datapipeline/.env/lib/python3.8/site-packages/airflow/example_dags/example_dag_decorator.py
[2022-08-08 23:55:20,010] {logging_mixin.py:115} INFO - [2022-08-08 23:55:20,010] {dag.py:2420} INFO - Sync 1 DAGs
[2022-08-08 23:55:20,020] {logging_mixin.py:115} INFO - [2022-08-08 23:55:20,020] {dag.py:2968} INFO - Setting next_dagrun for example_dag_decorator to None, run_after=None
[2022-08-08 23:55:20,032] {processor.py:161} INFO - Processing /home/renan/datapipeline/.env/lib/python3.8/site-packages/airflow/example_dags/example_dag_decorator.py took 0.068 seconds
[2022-08-08 23:55:51,627] {processor.py:153} INFO - Started process (PID=9957) to work on /home/renan/datapipeline/.env/lib/python3.8/site-packages/airflow/example_dags/example_dag_decorator.py
[2022-08-08 23:55:51,627] {processor.py:641} INFO - Processing file /home/renan/datapipeline/.env/lib/python3.8/site-packages/airflow/example_dags/example_dag_decorator.py for tasks to queue
[2022-08-08 23:55:51,628] {logging_mixin.py:115} INFO - [2022-08-08 23:55:51,628] {dagbag.py:508} INFO - Filling up the DagBag from /home/renan/datapipeline/.env/lib/python3.8/site-packages/airflow/example_dags/example_dag_decorator.py
[2022-08-08 23:55:51,642] {processor.py:651} INFO - DAG(s) dict_keys(['example_dag_decorator']) retrieved from /home/renan/datapipeline/.env/lib/python3.8/site-packages/airflow/example_dags/example_dag_decorator.py
[2022-08-08 23:55:51,665] {logging_mixin.py:115} INFO - [2022-08-08 23:55:51,665] {dag.py:2420} INFO - Sync 1 DAGs
[2022-08-08 23:55:51,673] {logging_mixin.py:115} INFO - [2022-08-08 23:55:51,673] {dag.py:2968} INFO - Setting next_dagrun for example_dag_decorator to None, run_after=None
[2022-08-08 23:55:51,683] {processor.py:161} INFO - Processing /home/renan/datapipeline/.env/lib/python3.8/site-packages/airflow/example_dags/example_dag_decorator.py took 0.058 seconds
[2022-08-08 23:56:25,496] {processor.py:153} INFO - Started process (PID=10047) to work on /home/renan/datapipeline/.env/lib/python3.8/site-packages/airflow/example_dags/example_dag_decorator.py
[2022-08-08 23:56:25,497] {processor.py:641} INFO - Processing file /home/renan/datapipeline/.env/lib/python3.8/site-packages/airflow/example_dags/example_dag_decorator.py for tasks to queue
[2022-08-08 23:56:25,497] {logging_mixin.py:115} INFO - [2022-08-08 23:56:25,497] {dagbag.py:508} INFO - Filling up the DagBag from /home/renan/datapipeline/.env/lib/python3.8/site-packages/airflow/example_dags/example_dag_decorator.py
[2022-08-08 23:56:25,512] {processor.py:651} INFO - DAG(s) dict_keys(['example_dag_decorator']) retrieved from /home/renan/datapipeline/.env/lib/python3.8/site-packages/airflow/example_dags/example_dag_decorator.py
[2022-08-08 23:56:25,521] {logging_mixin.py:115} INFO - [2022-08-08 23:56:25,521] {dag.py:2420} INFO - Sync 1 DAGs
[2022-08-08 23:56:25,529] {logging_mixin.py:115} INFO - [2022-08-08 23:56:25,529] {dag.py:2968} INFO - Setting next_dagrun for example_dag_decorator to None, run_after=None
[2022-08-08 23:56:25,537] {processor.py:161} INFO - Processing /home/renan/datapipeline/.env/lib/python3.8/site-packages/airflow/example_dags/example_dag_decorator.py took 0.043 seconds
[2022-08-08 23:57:02,352] {processor.py:153} INFO - Started process (PID=10086) to work on /home/renan/datapipeline/.env/lib/python3.8/site-packages/airflow/example_dags/example_dag_decorator.py
[2022-08-08 23:57:02,353] {processor.py:641} INFO - Processing file /home/renan/datapipeline/.env/lib/python3.8/site-packages/airflow/example_dags/example_dag_decorator.py for tasks to queue
[2022-08-08 23:57:02,353] {logging_mixin.py:115} INFO - [2022-08-08 23:57:02,353] {dagbag.py:508} INFO - Filling up the DagBag from /home/renan/datapipeline/.env/lib/python3.8/site-packages/airflow/example_dags/example_dag_decorator.py
[2022-08-08 23:57:02,370] {processor.py:651} INFO - DAG(s) dict_keys(['example_dag_decorator']) retrieved from /home/renan/datapipeline/.env/lib/python3.8/site-packages/airflow/example_dags/example_dag_decorator.py
[2022-08-08 23:57:02,381] {logging_mixin.py:115} INFO - [2022-08-08 23:57:02,381] {dag.py:2420} INFO - Sync 1 DAGs
[2022-08-08 23:57:02,391] {logging_mixin.py:115} INFO - [2022-08-08 23:57:02,391] {dag.py:2968} INFO - Setting next_dagrun for example_dag_decorator to None, run_after=None
[2022-08-08 23:57:02,402] {processor.py:161} INFO - Processing /home/renan/datapipeline/.env/lib/python3.8/site-packages/airflow/example_dags/example_dag_decorator.py took 0.051 seconds
[2022-08-08 23:59:34,166] {processor.py:153} INFO - Started process (PID=10283) to work on /home/renan/datapipeline/.env/lib/python3.8/site-packages/airflow/example_dags/example_dag_decorator.py
[2022-08-08 23:59:34,167] {processor.py:641} INFO - Processing file /home/renan/datapipeline/.env/lib/python3.8/site-packages/airflow/example_dags/example_dag_decorator.py for tasks to queue
[2022-08-08 23:59:34,167] {logging_mixin.py:115} INFO - [2022-08-08 23:59:34,167] {dagbag.py:508} INFO - Filling up the DagBag from /home/renan/datapipeline/.env/lib/python3.8/site-packages/airflow/example_dags/example_dag_decorator.py
[2022-08-08 23:59:34,186] {processor.py:651} INFO - DAG(s) dict_keys(['example_dag_decorator']) retrieved from /home/renan/datapipeline/.env/lib/python3.8/site-packages/airflow/example_dags/example_dag_decorator.py
[2022-08-08 23:59:34,217] {logging_mixin.py:115} INFO - [2022-08-08 23:59:34,217] {dag.py:2420} INFO - Sync 1 DAGs
[2022-08-08 23:59:34,228] {logging_mixin.py:115} INFO - [2022-08-08 23:59:34,228] {dag.py:2968} INFO - Setting next_dagrun for example_dag_decorator to None, run_after=None
[2022-08-08 23:59:34,242] {processor.py:161} INFO - Processing /home/renan/datapipeline/.env/lib/python3.8/site-packages/airflow/example_dags/example_dag_decorator.py took 0.078 seconds
[2022-08-09 00:00:08,082] {processor.py:153} INFO - Started process (PID=10354) to work on /home/renan/datapipeline/.env/lib/python3.8/site-packages/airflow/example_dags/example_dag_decorator.py
[2022-08-09 00:00:08,083] {processor.py:641} INFO - Processing file /home/renan/datapipeline/.env/lib/python3.8/site-packages/airflow/example_dags/example_dag_decorator.py for tasks to queue
[2022-08-09 00:00:08,083] {logging_mixin.py:115} INFO - [2022-08-09 00:00:08,083] {dagbag.py:508} INFO - Filling up the DagBag from /home/renan/datapipeline/.env/lib/python3.8/site-packages/airflow/example_dags/example_dag_decorator.py
[2022-08-09 00:00:08,098] {processor.py:651} INFO - DAG(s) dict_keys(['example_dag_decorator']) retrieved from /home/renan/datapipeline/.env/lib/python3.8/site-packages/airflow/example_dags/example_dag_decorator.py
[2022-08-09 00:00:08,122] {logging_mixin.py:115} INFO - [2022-08-09 00:00:08,122] {dag.py:2420} INFO - Sync 1 DAGs
[2022-08-09 00:00:08,130] {logging_mixin.py:115} INFO - [2022-08-09 00:00:08,130] {dag.py:2968} INFO - Setting next_dagrun for example_dag_decorator to None, run_after=None
[2022-08-09 00:00:08,142] {processor.py:161} INFO - Processing /home/renan/datapipeline/.env/lib/python3.8/site-packages/airflow/example_dags/example_dag_decorator.py took 0.062 seconds
[2022-08-09 00:00:41,993] {processor.py:153} INFO - Started process (PID=10403) to work on /home/renan/datapipeline/.env/lib/python3.8/site-packages/airflow/example_dags/example_dag_decorator.py
[2022-08-09 00:00:41,994] {processor.py:641} INFO - Processing file /home/renan/datapipeline/.env/lib/python3.8/site-packages/airflow/example_dags/example_dag_decorator.py for tasks to queue
[2022-08-09 00:00:41,995] {logging_mixin.py:115} INFO - [2022-08-09 00:00:41,994] {dagbag.py:508} INFO - Filling up the DagBag from /home/renan/datapipeline/.env/lib/python3.8/site-packages/airflow/example_dags/example_dag_decorator.py
[2022-08-09 00:00:42,009] {processor.py:651} INFO - DAG(s) dict_keys(['example_dag_decorator']) retrieved from /home/renan/datapipeline/.env/lib/python3.8/site-packages/airflow/example_dags/example_dag_decorator.py
[2022-08-09 00:00:42,018] {logging_mixin.py:115} INFO - [2022-08-09 00:00:42,018] {dag.py:2420} INFO - Sync 1 DAGs
[2022-08-09 00:00:42,027] {logging_mixin.py:115} INFO - [2022-08-09 00:00:42,027] {dag.py:2968} INFO - Setting next_dagrun for example_dag_decorator to None, run_after=None
[2022-08-09 00:00:42,035] {processor.py:161} INFO - Processing /home/renan/datapipeline/.env/lib/python3.8/site-packages/airflow/example_dags/example_dag_decorator.py took 0.043 seconds
[2022-08-09 00:01:15,066] {processor.py:153} INFO - Started process (PID=10449) to work on /home/renan/datapipeline/.env/lib/python3.8/site-packages/airflow/example_dags/example_dag_decorator.py
[2022-08-09 00:01:15,066] {processor.py:641} INFO - Processing file /home/renan/datapipeline/.env/lib/python3.8/site-packages/airflow/example_dags/example_dag_decorator.py for tasks to queue
[2022-08-09 00:01:15,066] {logging_mixin.py:115} INFO - [2022-08-09 00:01:15,066] {dagbag.py:508} INFO - Filling up the DagBag from /home/renan/datapipeline/.env/lib/python3.8/site-packages/airflow/example_dags/example_dag_decorator.py
[2022-08-09 00:01:15,083] {processor.py:651} INFO - DAG(s) dict_keys(['example_dag_decorator']) retrieved from /home/renan/datapipeline/.env/lib/python3.8/site-packages/airflow/example_dags/example_dag_decorator.py
[2022-08-09 00:01:15,093] {logging_mixin.py:115} INFO - [2022-08-09 00:01:15,093] {dag.py:2420} INFO - Sync 1 DAGs
[2022-08-09 00:01:15,104] {logging_mixin.py:115} INFO - [2022-08-09 00:01:15,103] {dag.py:2968} INFO - Setting next_dagrun for example_dag_decorator to None, run_after=None
[2022-08-09 00:01:15,114] {processor.py:161} INFO - Processing /home/renan/datapipeline/.env/lib/python3.8/site-packages/airflow/example_dags/example_dag_decorator.py took 0.050 seconds
[2022-08-09 00:01:49,368] {processor.py:153} INFO - Started process (PID=10487) to work on /home/renan/datapipeline/.env/lib/python3.8/site-packages/airflow/example_dags/example_dag_decorator.py
[2022-08-09 00:01:49,369] {processor.py:641} INFO - Processing file /home/renan/datapipeline/.env/lib/python3.8/site-packages/airflow/example_dags/example_dag_decorator.py for tasks to queue
[2022-08-09 00:01:49,369] {logging_mixin.py:115} INFO - [2022-08-09 00:01:49,369] {dagbag.py:508} INFO - Filling up the DagBag from /home/renan/datapipeline/.env/lib/python3.8/site-packages/airflow/example_dags/example_dag_decorator.py
[2022-08-09 00:01:49,385] {processor.py:651} INFO - DAG(s) dict_keys(['example_dag_decorator']) retrieved from /home/renan/datapipeline/.env/lib/python3.8/site-packages/airflow/example_dags/example_dag_decorator.py
[2022-08-09 00:01:49,395] {logging_mixin.py:115} INFO - [2022-08-09 00:01:49,395] {dag.py:2420} INFO - Sync 1 DAGs
[2022-08-09 00:01:49,405] {logging_mixin.py:115} INFO - [2022-08-09 00:01:49,405] {dag.py:2968} INFO - Setting next_dagrun for example_dag_decorator to None, run_after=None
[2022-08-09 00:01:49,414] {processor.py:161} INFO - Processing /home/renan/datapipeline/.env/lib/python3.8/site-packages/airflow/example_dags/example_dag_decorator.py took 0.048 seconds
[2022-08-09 00:02:22,435] {processor.py:153} INFO - Started process (PID=10530) to work on /home/renan/datapipeline/.env/lib/python3.8/site-packages/airflow/example_dags/example_dag_decorator.py
[2022-08-09 00:02:22,435] {processor.py:641} INFO - Processing file /home/renan/datapipeline/.env/lib/python3.8/site-packages/airflow/example_dags/example_dag_decorator.py for tasks to queue
[2022-08-09 00:02:22,436] {logging_mixin.py:115} INFO - [2022-08-09 00:02:22,435] {dagbag.py:508} INFO - Filling up the DagBag from /home/renan/datapipeline/.env/lib/python3.8/site-packages/airflow/example_dags/example_dag_decorator.py
[2022-08-09 00:02:22,451] {processor.py:651} INFO - DAG(s) dict_keys(['example_dag_decorator']) retrieved from /home/renan/datapipeline/.env/lib/python3.8/site-packages/airflow/example_dags/example_dag_decorator.py
[2022-08-09 00:02:22,460] {logging_mixin.py:115} INFO - [2022-08-09 00:02:22,460] {dag.py:2420} INFO - Sync 1 DAGs
[2022-08-09 00:02:22,469] {logging_mixin.py:115} INFO - [2022-08-09 00:02:22,469] {dag.py:2968} INFO - Setting next_dagrun for example_dag_decorator to None, run_after=None
[2022-08-09 00:02:22,479] {processor.py:161} INFO - Processing /home/renan/datapipeline/.env/lib/python3.8/site-packages/airflow/example_dags/example_dag_decorator.py took 0.047 seconds
[2022-08-09 00:02:58,374] {processor.py:153} INFO - Started process (PID=10575) to work on /home/renan/datapipeline/.env/lib/python3.8/site-packages/airflow/example_dags/example_dag_decorator.py
[2022-08-09 00:02:58,374] {processor.py:641} INFO - Processing file /home/renan/datapipeline/.env/lib/python3.8/site-packages/airflow/example_dags/example_dag_decorator.py for tasks to queue
[2022-08-09 00:02:58,375] {logging_mixin.py:115} INFO - [2022-08-09 00:02:58,375] {dagbag.py:508} INFO - Filling up the DagBag from /home/renan/datapipeline/.env/lib/python3.8/site-packages/airflow/example_dags/example_dag_decorator.py
[2022-08-09 00:02:58,394] {processor.py:651} INFO - DAG(s) dict_keys(['example_dag_decorator']) retrieved from /home/renan/datapipeline/.env/lib/python3.8/site-packages/airflow/example_dags/example_dag_decorator.py
[2022-08-09 00:02:58,404] {logging_mixin.py:115} INFO - [2022-08-09 00:02:58,404] {dag.py:2420} INFO - Sync 1 DAGs
[2022-08-09 00:02:58,416] {logging_mixin.py:115} INFO - [2022-08-09 00:02:58,415] {dag.py:2968} INFO - Setting next_dagrun for example_dag_decorator to None, run_after=None
[2022-08-09 00:02:58,426] {processor.py:161} INFO - Processing /home/renan/datapipeline/.env/lib/python3.8/site-packages/airflow/example_dags/example_dag_decorator.py took 0.055 seconds
[2022-08-09 00:03:35,319] {processor.py:153} INFO - Started process (PID=10626) to work on /home/renan/datapipeline/.env/lib/python3.8/site-packages/airflow/example_dags/example_dag_decorator.py
[2022-08-09 00:03:35,320] {processor.py:641} INFO - Processing file /home/renan/datapipeline/.env/lib/python3.8/site-packages/airflow/example_dags/example_dag_decorator.py for tasks to queue
[2022-08-09 00:03:35,320] {logging_mixin.py:115} INFO - [2022-08-09 00:03:35,320] {dagbag.py:508} INFO - Filling up the DagBag from /home/renan/datapipeline/.env/lib/python3.8/site-packages/airflow/example_dags/example_dag_decorator.py
[2022-08-09 00:03:35,339] {processor.py:651} INFO - DAG(s) dict_keys(['example_dag_decorator']) retrieved from /home/renan/datapipeline/.env/lib/python3.8/site-packages/airflow/example_dags/example_dag_decorator.py
[2022-08-09 00:03:35,351] {logging_mixin.py:115} INFO - [2022-08-09 00:03:35,351] {dag.py:2420} INFO - Sync 1 DAGs
[2022-08-09 00:03:35,365] {logging_mixin.py:115} INFO - [2022-08-09 00:03:35,365] {dag.py:2968} INFO - Setting next_dagrun for example_dag_decorator to None, run_after=None
[2022-08-09 00:03:35,377] {processor.py:161} INFO - Processing /home/renan/datapipeline/.env/lib/python3.8/site-packages/airflow/example_dags/example_dag_decorator.py took 0.060 seconds
[2022-08-09 00:04:08,639] {processor.py:153} INFO - Started process (PID=10663) to work on /home/renan/datapipeline/.env/lib/python3.8/site-packages/airflow/example_dags/example_dag_decorator.py
[2022-08-09 00:04:08,639] {processor.py:641} INFO - Processing file /home/renan/datapipeline/.env/lib/python3.8/site-packages/airflow/example_dags/example_dag_decorator.py for tasks to queue
[2022-08-09 00:04:08,639] {logging_mixin.py:115} INFO - [2022-08-09 00:04:08,639] {dagbag.py:508} INFO - Filling up the DagBag from /home/renan/datapipeline/.env/lib/python3.8/site-packages/airflow/example_dags/example_dag_decorator.py
[2022-08-09 00:04:08,654] {processor.py:651} INFO - DAG(s) dict_keys(['example_dag_decorator']) retrieved from /home/renan/datapipeline/.env/lib/python3.8/site-packages/airflow/example_dags/example_dag_decorator.py
[2022-08-09 00:04:08,677] {logging_mixin.py:115} INFO - [2022-08-09 00:04:08,677] {dag.py:2420} INFO - Sync 1 DAGs
[2022-08-09 00:04:08,685] {logging_mixin.py:115} INFO - [2022-08-09 00:04:08,685] {dag.py:2968} INFO - Setting next_dagrun for example_dag_decorator to None, run_after=None
[2022-08-09 00:04:08,695] {processor.py:161} INFO - Processing /home/renan/datapipeline/.env/lib/python3.8/site-packages/airflow/example_dags/example_dag_decorator.py took 0.058 seconds
[2022-08-09 00:04:42,625] {processor.py:153} INFO - Started process (PID=10700) to work on /home/renan/datapipeline/.env/lib/python3.8/site-packages/airflow/example_dags/example_dag_decorator.py
[2022-08-09 00:04:42,625] {processor.py:641} INFO - Processing file /home/renan/datapipeline/.env/lib/python3.8/site-packages/airflow/example_dags/example_dag_decorator.py for tasks to queue
[2022-08-09 00:04:42,625] {logging_mixin.py:115} INFO - [2022-08-09 00:04:42,625] {dagbag.py:508} INFO - Filling up the DagBag from /home/renan/datapipeline/.env/lib/python3.8/site-packages/airflow/example_dags/example_dag_decorator.py
[2022-08-09 00:04:42,640] {processor.py:651} INFO - DAG(s) dict_keys(['example_dag_decorator']) retrieved from /home/renan/datapipeline/.env/lib/python3.8/site-packages/airflow/example_dags/example_dag_decorator.py
[2022-08-09 00:04:42,649] {logging_mixin.py:115} INFO - [2022-08-09 00:04:42,648] {dag.py:2420} INFO - Sync 1 DAGs
[2022-08-09 00:04:42,657] {logging_mixin.py:115} INFO - [2022-08-09 00:04:42,657] {dag.py:2968} INFO - Setting next_dagrun for example_dag_decorator to None, run_after=None
[2022-08-09 00:04:42,666] {processor.py:161} INFO - Processing /home/renan/datapipeline/.env/lib/python3.8/site-packages/airflow/example_dags/example_dag_decorator.py took 0.043 seconds
[2022-08-09 00:05:16,385] {processor.py:153} INFO - Started process (PID=10762) to work on /home/renan/datapipeline/.env/lib/python3.8/site-packages/airflow/example_dags/example_dag_decorator.py
[2022-08-09 00:05:16,385] {processor.py:641} INFO - Processing file /home/renan/datapipeline/.env/lib/python3.8/site-packages/airflow/example_dags/example_dag_decorator.py for tasks to queue
[2022-08-09 00:05:16,385] {logging_mixin.py:115} INFO - [2022-08-09 00:05:16,385] {dagbag.py:508} INFO - Filling up the DagBag from /home/renan/datapipeline/.env/lib/python3.8/site-packages/airflow/example_dags/example_dag_decorator.py
[2022-08-09 00:05:16,400] {processor.py:651} INFO - DAG(s) dict_keys(['example_dag_decorator']) retrieved from /home/renan/datapipeline/.env/lib/python3.8/site-packages/airflow/example_dags/example_dag_decorator.py
[2022-08-09 00:05:16,409] {logging_mixin.py:115} INFO - [2022-08-09 00:05:16,409] {dag.py:2420} INFO - Sync 1 DAGs
[2022-08-09 00:05:16,418] {logging_mixin.py:115} INFO - [2022-08-09 00:05:16,418] {dag.py:2968} INFO - Setting next_dagrun for example_dag_decorator to None, run_after=None
[2022-08-09 00:05:16,428] {processor.py:161} INFO - Processing /home/renan/datapipeline/.env/lib/python3.8/site-packages/airflow/example_dags/example_dag_decorator.py took 0.045 seconds
[2022-08-09 00:05:52,114] {processor.py:153} INFO - Started process (PID=10802) to work on /home/renan/datapipeline/.env/lib/python3.8/site-packages/airflow/example_dags/example_dag_decorator.py
[2022-08-09 00:05:52,115] {processor.py:641} INFO - Processing file /home/renan/datapipeline/.env/lib/python3.8/site-packages/airflow/example_dags/example_dag_decorator.py for tasks to queue
[2022-08-09 00:05:52,115] {logging_mixin.py:115} INFO - [2022-08-09 00:05:52,115] {dagbag.py:508} INFO - Filling up the DagBag from /home/renan/datapipeline/.env/lib/python3.8/site-packages/airflow/example_dags/example_dag_decorator.py
[2022-08-09 00:05:52,130] {processor.py:651} INFO - DAG(s) dict_keys(['example_dag_decorator']) retrieved from /home/renan/datapipeline/.env/lib/python3.8/site-packages/airflow/example_dags/example_dag_decorator.py
[2022-08-09 00:05:52,138] {logging_mixin.py:115} INFO - [2022-08-09 00:05:52,138] {dag.py:2420} INFO - Sync 1 DAGs
[2022-08-09 00:05:52,147] {logging_mixin.py:115} INFO - [2022-08-09 00:05:52,147] {dag.py:2968} INFO - Setting next_dagrun for example_dag_decorator to None, run_after=None
[2022-08-09 00:05:52,156] {processor.py:161} INFO - Processing /home/renan/datapipeline/.env/lib/python3.8/site-packages/airflow/example_dags/example_dag_decorator.py took 0.043 seconds
[2022-08-09 00:06:28,009] {processor.py:153} INFO - Started process (PID=10839) to work on /home/renan/datapipeline/.env/lib/python3.8/site-packages/airflow/example_dags/example_dag_decorator.py
[2022-08-09 00:06:28,009] {processor.py:641} INFO - Processing file /home/renan/datapipeline/.env/lib/python3.8/site-packages/airflow/example_dags/example_dag_decorator.py for tasks to queue
[2022-08-09 00:06:28,010] {logging_mixin.py:115} INFO - [2022-08-09 00:06:28,010] {dagbag.py:508} INFO - Filling up the DagBag from /home/renan/datapipeline/.env/lib/python3.8/site-packages/airflow/example_dags/example_dag_decorator.py
[2022-08-09 00:06:28,024] {processor.py:651} INFO - DAG(s) dict_keys(['example_dag_decorator']) retrieved from /home/renan/datapipeline/.env/lib/python3.8/site-packages/airflow/example_dags/example_dag_decorator.py
[2022-08-09 00:06:28,033] {logging_mixin.py:115} INFO - [2022-08-09 00:06:28,033] {dag.py:2420} INFO - Sync 1 DAGs
[2022-08-09 00:06:28,042] {logging_mixin.py:115} INFO - [2022-08-09 00:06:28,042] {dag.py:2968} INFO - Setting next_dagrun for example_dag_decorator to None, run_after=None
[2022-08-09 00:06:28,050] {processor.py:161} INFO - Processing /home/renan/datapipeline/.env/lib/python3.8/site-packages/airflow/example_dags/example_dag_decorator.py took 0.043 seconds
[2022-08-09 00:07:04,247] {processor.py:153} INFO - Started process (PID=10907) to work on /home/renan/datapipeline/.env/lib/python3.8/site-packages/airflow/example_dags/example_dag_decorator.py
[2022-08-09 00:07:04,248] {processor.py:641} INFO - Processing file /home/renan/datapipeline/.env/lib/python3.8/site-packages/airflow/example_dags/example_dag_decorator.py for tasks to queue
[2022-08-09 00:07:04,249] {logging_mixin.py:115} INFO - [2022-08-09 00:07:04,249] {dagbag.py:508} INFO - Filling up the DagBag from /home/renan/datapipeline/.env/lib/python3.8/site-packages/airflow/example_dags/example_dag_decorator.py
[2022-08-09 00:07:04,265] {processor.py:651} INFO - DAG(s) dict_keys(['example_dag_decorator']) retrieved from /home/renan/datapipeline/.env/lib/python3.8/site-packages/airflow/example_dags/example_dag_decorator.py
[2022-08-09 00:07:04,275] {logging_mixin.py:115} INFO - [2022-08-09 00:07:04,275] {dag.py:2420} INFO - Sync 1 DAGs
[2022-08-09 00:07:04,289] {logging_mixin.py:115} INFO - [2022-08-09 00:07:04,288] {dag.py:2968} INFO - Setting next_dagrun for example_dag_decorator to None, run_after=None
[2022-08-09 00:07:04,300] {processor.py:161} INFO - Processing /home/renan/datapipeline/.env/lib/python3.8/site-packages/airflow/example_dags/example_dag_decorator.py took 0.054 seconds
[2022-08-09 00:07:40,483] {processor.py:153} INFO - Started process (PID=10950) to work on /home/renan/datapipeline/.env/lib/python3.8/site-packages/airflow/example_dags/example_dag_decorator.py
[2022-08-09 00:07:40,484] {processor.py:641} INFO - Processing file /home/renan/datapipeline/.env/lib/python3.8/site-packages/airflow/example_dags/example_dag_decorator.py for tasks to queue
[2022-08-09 00:07:40,485] {logging_mixin.py:115} INFO - [2022-08-09 00:07:40,485] {dagbag.py:508} INFO - Filling up the DagBag from /home/renan/datapipeline/.env/lib/python3.8/site-packages/airflow/example_dags/example_dag_decorator.py
[2022-08-09 00:07:40,503] {processor.py:651} INFO - DAG(s) dict_keys(['example_dag_decorator']) retrieved from /home/renan/datapipeline/.env/lib/python3.8/site-packages/airflow/example_dags/example_dag_decorator.py
[2022-08-09 00:07:40,513] {logging_mixin.py:115} INFO - [2022-08-09 00:07:40,513] {dag.py:2420} INFO - Sync 1 DAGs
[2022-08-09 00:07:40,523] {logging_mixin.py:115} INFO - [2022-08-09 00:07:40,523] {dag.py:2968} INFO - Setting next_dagrun for example_dag_decorator to None, run_after=None
[2022-08-09 00:07:40,532] {processor.py:161} INFO - Processing /home/renan/datapipeline/.env/lib/python3.8/site-packages/airflow/example_dags/example_dag_decorator.py took 0.051 seconds
[2022-08-09 00:08:16,363] {processor.py:153} INFO - Started process (PID=10988) to work on /home/renan/datapipeline/.env/lib/python3.8/site-packages/airflow/example_dags/example_dag_decorator.py
[2022-08-09 00:08:16,364] {processor.py:641} INFO - Processing file /home/renan/datapipeline/.env/lib/python3.8/site-packages/airflow/example_dags/example_dag_decorator.py for tasks to queue
[2022-08-09 00:08:16,364] {logging_mixin.py:115} INFO - [2022-08-09 00:08:16,364] {dagbag.py:508} INFO - Filling up the DagBag from /home/renan/datapipeline/.env/lib/python3.8/site-packages/airflow/example_dags/example_dag_decorator.py
[2022-08-09 00:08:16,378] {processor.py:651} INFO - DAG(s) dict_keys(['example_dag_decorator']) retrieved from /home/renan/datapipeline/.env/lib/python3.8/site-packages/airflow/example_dags/example_dag_decorator.py
[2022-08-09 00:08:16,387] {logging_mixin.py:115} INFO - [2022-08-09 00:08:16,386] {dag.py:2420} INFO - Sync 1 DAGs
[2022-08-09 00:08:16,396] {logging_mixin.py:115} INFO - [2022-08-09 00:08:16,396] {dag.py:2968} INFO - Setting next_dagrun for example_dag_decorator to None, run_after=None
[2022-08-09 00:08:16,404] {processor.py:161} INFO - Processing /home/renan/datapipeline/.env/lib/python3.8/site-packages/airflow/example_dags/example_dag_decorator.py took 0.043 seconds
[2022-08-09 00:08:49,321] {processor.py:153} INFO - Started process (PID=11025) to work on /home/renan/datapipeline/.env/lib/python3.8/site-packages/airflow/example_dags/example_dag_decorator.py
[2022-08-09 00:08:49,321] {processor.py:641} INFO - Processing file /home/renan/datapipeline/.env/lib/python3.8/site-packages/airflow/example_dags/example_dag_decorator.py for tasks to queue
[2022-08-09 00:08:49,322] {logging_mixin.py:115} INFO - [2022-08-09 00:08:49,321] {dagbag.py:508} INFO - Filling up the DagBag from /home/renan/datapipeline/.env/lib/python3.8/site-packages/airflow/example_dags/example_dag_decorator.py
[2022-08-09 00:08:49,336] {processor.py:651} INFO - DAG(s) dict_keys(['example_dag_decorator']) retrieved from /home/renan/datapipeline/.env/lib/python3.8/site-packages/airflow/example_dags/example_dag_decorator.py
[2022-08-09 00:08:49,344] {logging_mixin.py:115} INFO - [2022-08-09 00:08:49,344] {dag.py:2420} INFO - Sync 1 DAGs
[2022-08-09 00:08:49,353] {logging_mixin.py:115} INFO - [2022-08-09 00:08:49,353] {dag.py:2968} INFO - Setting next_dagrun for example_dag_decorator to None, run_after=None
[2022-08-09 00:08:49,362] {processor.py:161} INFO - Processing /home/renan/datapipeline/.env/lib/python3.8/site-packages/airflow/example_dags/example_dag_decorator.py took 0.043 seconds
[2022-08-09 00:09:26,949] {processor.py:153} INFO - Started process (PID=11063) to work on /home/renan/datapipeline/.env/lib/python3.8/site-packages/airflow/example_dags/example_dag_decorator.py
[2022-08-09 00:09:26,950] {processor.py:641} INFO - Processing file /home/renan/datapipeline/.env/lib/python3.8/site-packages/airflow/example_dags/example_dag_decorator.py for tasks to queue
[2022-08-09 00:09:26,950] {logging_mixin.py:115} INFO - [2022-08-09 00:09:26,950] {dagbag.py:508} INFO - Filling up the DagBag from /home/renan/datapipeline/.env/lib/python3.8/site-packages/airflow/example_dags/example_dag_decorator.py
[2022-08-09 00:09:26,966] {processor.py:651} INFO - DAG(s) dict_keys(['example_dag_decorator']) retrieved from /home/renan/datapipeline/.env/lib/python3.8/site-packages/airflow/example_dags/example_dag_decorator.py
[2022-08-09 00:09:26,989] {logging_mixin.py:115} INFO - [2022-08-09 00:09:26,988] {dag.py:2420} INFO - Sync 1 DAGs
[2022-08-09 00:09:26,998] {logging_mixin.py:115} INFO - [2022-08-09 00:09:26,998] {dag.py:2968} INFO - Setting next_dagrun for example_dag_decorator to None, run_after=None
[2022-08-09 00:09:27,007] {processor.py:161} INFO - Processing /home/renan/datapipeline/.env/lib/python3.8/site-packages/airflow/example_dags/example_dag_decorator.py took 0.059 seconds
[2022-08-09 00:10:00,038] {processor.py:153} INFO - Started process (PID=11101) to work on /home/renan/datapipeline/.env/lib/python3.8/site-packages/airflow/example_dags/example_dag_decorator.py
[2022-08-09 00:10:00,038] {processor.py:641} INFO - Processing file /home/renan/datapipeline/.env/lib/python3.8/site-packages/airflow/example_dags/example_dag_decorator.py for tasks to queue
[2022-08-09 00:10:00,039] {logging_mixin.py:115} INFO - [2022-08-09 00:10:00,038] {dagbag.py:508} INFO - Filling up the DagBag from /home/renan/datapipeline/.env/lib/python3.8/site-packages/airflow/example_dags/example_dag_decorator.py
[2022-08-09 00:10:00,053] {processor.py:651} INFO - DAG(s) dict_keys(['example_dag_decorator']) retrieved from /home/renan/datapipeline/.env/lib/python3.8/site-packages/airflow/example_dags/example_dag_decorator.py
[2022-08-09 00:10:00,062] {logging_mixin.py:115} INFO - [2022-08-09 00:10:00,062] {dag.py:2420} INFO - Sync 1 DAGs
[2022-08-09 00:10:00,071] {logging_mixin.py:115} INFO - [2022-08-09 00:10:00,071] {dag.py:2968} INFO - Setting next_dagrun for example_dag_decorator to None, run_after=None
[2022-08-09 00:10:00,079] {processor.py:161} INFO - Processing /home/renan/datapipeline/.env/lib/python3.8/site-packages/airflow/example_dags/example_dag_decorator.py took 0.043 seconds
[2022-08-09 00:10:38,935] {processor.py:153} INFO - Started process (PID=11145) to work on /home/renan/datapipeline/.env/lib/python3.8/site-packages/airflow/example_dags/example_dag_decorator.py
[2022-08-09 00:10:38,935] {processor.py:641} INFO - Processing file /home/renan/datapipeline/.env/lib/python3.8/site-packages/airflow/example_dags/example_dag_decorator.py for tasks to queue
[2022-08-09 00:10:38,936] {logging_mixin.py:115} INFO - [2022-08-09 00:10:38,935] {dagbag.py:508} INFO - Filling up the DagBag from /home/renan/datapipeline/.env/lib/python3.8/site-packages/airflow/example_dags/example_dag_decorator.py
[2022-08-09 00:10:38,950] {processor.py:651} INFO - DAG(s) dict_keys(['example_dag_decorator']) retrieved from /home/renan/datapipeline/.env/lib/python3.8/site-packages/airflow/example_dags/example_dag_decorator.py
[2022-08-09 00:10:38,958] {logging_mixin.py:115} INFO - [2022-08-09 00:10:38,958] {dag.py:2420} INFO - Sync 1 DAGs
[2022-08-09 00:10:38,967] {logging_mixin.py:115} INFO - [2022-08-09 00:10:38,967] {dag.py:2968} INFO - Setting next_dagrun for example_dag_decorator to None, run_after=None
[2022-08-09 00:10:38,978] {processor.py:161} INFO - Processing /home/renan/datapipeline/.env/lib/python3.8/site-packages/airflow/example_dags/example_dag_decorator.py took 0.044 seconds
[2022-08-09 00:11:12,980] {processor.py:153} INFO - Started process (PID=11198) to work on /home/renan/datapipeline/.env/lib/python3.8/site-packages/airflow/example_dags/example_dag_decorator.py
[2022-08-09 00:11:12,981] {processor.py:641} INFO - Processing file /home/renan/datapipeline/.env/lib/python3.8/site-packages/airflow/example_dags/example_dag_decorator.py for tasks to queue
[2022-08-09 00:11:12,981] {logging_mixin.py:115} INFO - [2022-08-09 00:11:12,981] {dagbag.py:508} INFO - Filling up the DagBag from /home/renan/datapipeline/.env/lib/python3.8/site-packages/airflow/example_dags/example_dag_decorator.py
[2022-08-09 00:11:12,995] {processor.py:651} INFO - DAG(s) dict_keys(['example_dag_decorator']) retrieved from /home/renan/datapipeline/.env/lib/python3.8/site-packages/airflow/example_dags/example_dag_decorator.py
[2022-08-09 00:11:13,003] {logging_mixin.py:115} INFO - [2022-08-09 00:11:13,003] {dag.py:2420} INFO - Sync 1 DAGs
[2022-08-09 00:11:13,012] {logging_mixin.py:115} INFO - [2022-08-09 00:11:13,012] {dag.py:2968} INFO - Setting next_dagrun for example_dag_decorator to None, run_after=None
[2022-08-09 00:11:13,021] {processor.py:161} INFO - Processing /home/renan/datapipeline/.env/lib/python3.8/site-packages/airflow/example_dags/example_dag_decorator.py took 0.042 seconds
[2022-08-09 00:11:46,652] {processor.py:153} INFO - Started process (PID=11236) to work on /home/renan/datapipeline/.env/lib/python3.8/site-packages/airflow/example_dags/example_dag_decorator.py
[2022-08-09 00:11:46,653] {processor.py:641} INFO - Processing file /home/renan/datapipeline/.env/lib/python3.8/site-packages/airflow/example_dags/example_dag_decorator.py for tasks to queue
[2022-08-09 00:11:46,653] {logging_mixin.py:115} INFO - [2022-08-09 00:11:46,653] {dagbag.py:508} INFO - Filling up the DagBag from /home/renan/datapipeline/.env/lib/python3.8/site-packages/airflow/example_dags/example_dag_decorator.py
[2022-08-09 00:11:46,669] {processor.py:651} INFO - DAG(s) dict_keys(['example_dag_decorator']) retrieved from /home/renan/datapipeline/.env/lib/python3.8/site-packages/airflow/example_dags/example_dag_decorator.py
[2022-08-09 00:11:46,679] {logging_mixin.py:115} INFO - [2022-08-09 00:11:46,678] {dag.py:2420} INFO - Sync 1 DAGs
[2022-08-09 00:11:46,689] {logging_mixin.py:115} INFO - [2022-08-09 00:11:46,689] {dag.py:2968} INFO - Setting next_dagrun for example_dag_decorator to None, run_after=None
[2022-08-09 00:11:46,699] {processor.py:161} INFO - Processing /home/renan/datapipeline/.env/lib/python3.8/site-packages/airflow/example_dags/example_dag_decorator.py took 0.048 seconds
[2022-08-09 00:12:20,847] {processor.py:153} INFO - Started process (PID=11300) to work on /home/renan/datapipeline/.env/lib/python3.8/site-packages/airflow/example_dags/example_dag_decorator.py
[2022-08-09 00:12:20,847] {processor.py:641} INFO - Processing file /home/renan/datapipeline/.env/lib/python3.8/site-packages/airflow/example_dags/example_dag_decorator.py for tasks to queue
[2022-08-09 00:12:20,848] {logging_mixin.py:115} INFO - [2022-08-09 00:12:20,848] {dagbag.py:508} INFO - Filling up the DagBag from /home/renan/datapipeline/.env/lib/python3.8/site-packages/airflow/example_dags/example_dag_decorator.py
[2022-08-09 00:12:20,865] {processor.py:651} INFO - DAG(s) dict_keys(['example_dag_decorator']) retrieved from /home/renan/datapipeline/.env/lib/python3.8/site-packages/airflow/example_dags/example_dag_decorator.py
[2022-08-09 00:12:20,874] {logging_mixin.py:115} INFO - [2022-08-09 00:12:20,874] {dag.py:2420} INFO - Sync 1 DAGs
[2022-08-09 00:12:20,885] {logging_mixin.py:115} INFO - [2022-08-09 00:12:20,884] {dag.py:2968} INFO - Setting next_dagrun for example_dag_decorator to None, run_after=None
[2022-08-09 00:12:20,896] {processor.py:161} INFO - Processing /home/renan/datapipeline/.env/lib/python3.8/site-packages/airflow/example_dags/example_dag_decorator.py took 0.051 seconds
[2022-08-09 00:12:58,857] {processor.py:153} INFO - Started process (PID=11355) to work on /home/renan/datapipeline/.env/lib/python3.8/site-packages/airflow/example_dags/example_dag_decorator.py
[2022-08-09 00:12:58,858] {processor.py:641} INFO - Processing file /home/renan/datapipeline/.env/lib/python3.8/site-packages/airflow/example_dags/example_dag_decorator.py for tasks to queue
[2022-08-09 00:12:58,858] {logging_mixin.py:115} INFO - [2022-08-09 00:12:58,858] {dagbag.py:508} INFO - Filling up the DagBag from /home/renan/datapipeline/.env/lib/python3.8/site-packages/airflow/example_dags/example_dag_decorator.py
[2022-08-09 00:12:58,874] {processor.py:651} INFO - DAG(s) dict_keys(['example_dag_decorator']) retrieved from /home/renan/datapipeline/.env/lib/python3.8/site-packages/airflow/example_dags/example_dag_decorator.py
[2022-08-09 00:12:58,887] {logging_mixin.py:115} INFO - [2022-08-09 00:12:58,887] {dag.py:2420} INFO - Sync 1 DAGs
[2022-08-09 00:12:58,898] {logging_mixin.py:115} INFO - [2022-08-09 00:12:58,898] {dag.py:2968} INFO - Setting next_dagrun for example_dag_decorator to None, run_after=None
[2022-08-09 00:12:58,908] {processor.py:161} INFO - Processing /home/renan/datapipeline/.env/lib/python3.8/site-packages/airflow/example_dags/example_dag_decorator.py took 0.052 seconds
[2022-08-09 00:13:32,677] {processor.py:153} INFO - Started process (PID=11393) to work on /home/renan/datapipeline/.env/lib/python3.8/site-packages/airflow/example_dags/example_dag_decorator.py
[2022-08-09 00:13:32,677] {processor.py:641} INFO - Processing file /home/renan/datapipeline/.env/lib/python3.8/site-packages/airflow/example_dags/example_dag_decorator.py for tasks to queue
[2022-08-09 00:13:32,677] {logging_mixin.py:115} INFO - [2022-08-09 00:13:32,677] {dagbag.py:508} INFO - Filling up the DagBag from /home/renan/datapipeline/.env/lib/python3.8/site-packages/airflow/example_dags/example_dag_decorator.py
[2022-08-09 00:13:32,693] {processor.py:651} INFO - DAG(s) dict_keys(['example_dag_decorator']) retrieved from /home/renan/datapipeline/.env/lib/python3.8/site-packages/airflow/example_dags/example_dag_decorator.py
[2022-08-09 00:13:32,702] {logging_mixin.py:115} INFO - [2022-08-09 00:13:32,702] {dag.py:2420} INFO - Sync 1 DAGs
[2022-08-09 00:13:32,713] {logging_mixin.py:115} INFO - [2022-08-09 00:13:32,713] {dag.py:2968} INFO - Setting next_dagrun for example_dag_decorator to None, run_after=None
[2022-08-09 00:13:32,723] {processor.py:161} INFO - Processing /home/renan/datapipeline/.env/lib/python3.8/site-packages/airflow/example_dags/example_dag_decorator.py took 0.048 seconds
[2022-08-09 00:14:07,745] {processor.py:153} INFO - Started process (PID=11479) to work on /home/renan/datapipeline/.env/lib/python3.8/site-packages/airflow/example_dags/example_dag_decorator.py
[2022-08-09 00:14:07,746] {processor.py:641} INFO - Processing file /home/renan/datapipeline/.env/lib/python3.8/site-packages/airflow/example_dags/example_dag_decorator.py for tasks to queue
[2022-08-09 00:14:07,746] {logging_mixin.py:115} INFO - [2022-08-09 00:14:07,746] {dagbag.py:508} INFO - Filling up the DagBag from /home/renan/datapipeline/.env/lib/python3.8/site-packages/airflow/example_dags/example_dag_decorator.py
[2022-08-09 00:14:07,759] {processor.py:651} INFO - DAG(s) dict_keys(['example_dag_decorator']) retrieved from /home/renan/datapipeline/.env/lib/python3.8/site-packages/airflow/example_dags/example_dag_decorator.py
[2022-08-09 00:14:07,782] {logging_mixin.py:115} INFO - [2022-08-09 00:14:07,782] {dag.py:2420} INFO - Sync 1 DAGs
[2022-08-09 00:14:07,791] {logging_mixin.py:115} INFO - [2022-08-09 00:14:07,791] {dag.py:2968} INFO - Setting next_dagrun for example_dag_decorator to None, run_after=None
[2022-08-09 00:14:07,800] {processor.py:161} INFO - Processing /home/renan/datapipeline/.env/lib/python3.8/site-packages/airflow/example_dags/example_dag_decorator.py took 0.056 seconds
[2022-08-09 00:14:40,699] {processor.py:153} INFO - Started process (PID=11525) to work on /home/renan/datapipeline/.env/lib/python3.8/site-packages/airflow/example_dags/example_dag_decorator.py
[2022-08-09 00:14:40,700] {processor.py:641} INFO - Processing file /home/renan/datapipeline/.env/lib/python3.8/site-packages/airflow/example_dags/example_dag_decorator.py for tasks to queue
[2022-08-09 00:14:40,700] {logging_mixin.py:115} INFO - [2022-08-09 00:14:40,700] {dagbag.py:508} INFO - Filling up the DagBag from /home/renan/datapipeline/.env/lib/python3.8/site-packages/airflow/example_dags/example_dag_decorator.py
[2022-08-09 00:14:40,713] {processor.py:651} INFO - DAG(s) dict_keys(['example_dag_decorator']) retrieved from /home/renan/datapipeline/.env/lib/python3.8/site-packages/airflow/example_dags/example_dag_decorator.py
[2022-08-09 00:14:40,737] {logging_mixin.py:115} INFO - [2022-08-09 00:14:40,737] {dag.py:2420} INFO - Sync 1 DAGs
[2022-08-09 00:14:40,746] {logging_mixin.py:115} INFO - [2022-08-09 00:14:40,746] {dag.py:2968} INFO - Setting next_dagrun for example_dag_decorator to None, run_after=None
[2022-08-09 00:14:40,755] {processor.py:161} INFO - Processing /home/renan/datapipeline/.env/lib/python3.8/site-packages/airflow/example_dags/example_dag_decorator.py took 0.058 seconds
[2022-08-09 00:15:15,893] {processor.py:153} INFO - Started process (PID=11567) to work on /home/renan/datapipeline/.env/lib/python3.8/site-packages/airflow/example_dags/example_dag_decorator.py
[2022-08-09 00:15:15,893] {processor.py:641} INFO - Processing file /home/renan/datapipeline/.env/lib/python3.8/site-packages/airflow/example_dags/example_dag_decorator.py for tasks to queue
[2022-08-09 00:15:15,894] {logging_mixin.py:115} INFO - [2022-08-09 00:15:15,894] {dagbag.py:508} INFO - Filling up the DagBag from /home/renan/datapipeline/.env/lib/python3.8/site-packages/airflow/example_dags/example_dag_decorator.py
[2022-08-09 00:15:15,907] {processor.py:651} INFO - DAG(s) dict_keys(['example_dag_decorator']) retrieved from /home/renan/datapipeline/.env/lib/python3.8/site-packages/airflow/example_dags/example_dag_decorator.py
[2022-08-09 00:15:15,930] {logging_mixin.py:115} INFO - [2022-08-09 00:15:15,930] {dag.py:2420} INFO - Sync 1 DAGs
[2022-08-09 00:15:15,939] {logging_mixin.py:115} INFO - [2022-08-09 00:15:15,939] {dag.py:2968} INFO - Setting next_dagrun for example_dag_decorator to None, run_after=None
[2022-08-09 00:15:15,948] {processor.py:161} INFO - Processing /home/renan/datapipeline/.env/lib/python3.8/site-packages/airflow/example_dags/example_dag_decorator.py took 0.057 seconds
[2022-08-09 00:15:51,543] {processor.py:153} INFO - Started process (PID=11647) to work on /home/renan/datapipeline/.env/lib/python3.8/site-packages/airflow/example_dags/example_dag_decorator.py
[2022-08-09 00:15:51,543] {processor.py:641} INFO - Processing file /home/renan/datapipeline/.env/lib/python3.8/site-packages/airflow/example_dags/example_dag_decorator.py for tasks to queue
[2022-08-09 00:15:51,544] {logging_mixin.py:115} INFO - [2022-08-09 00:15:51,544] {dagbag.py:508} INFO - Filling up the DagBag from /home/renan/datapipeline/.env/lib/python3.8/site-packages/airflow/example_dags/example_dag_decorator.py
[2022-08-09 00:15:51,558] {processor.py:651} INFO - DAG(s) dict_keys(['example_dag_decorator']) retrieved from /home/renan/datapipeline/.env/lib/python3.8/site-packages/airflow/example_dags/example_dag_decorator.py
[2022-08-09 00:15:51,587] {logging_mixin.py:115} INFO - [2022-08-09 00:15:51,587] {dag.py:2420} INFO - Sync 1 DAGs
[2022-08-09 00:15:51,597] {logging_mixin.py:115} INFO - [2022-08-09 00:15:51,597] {dag.py:2968} INFO - Setting next_dagrun for example_dag_decorator to None, run_after=None
[2022-08-09 00:15:51,612] {processor.py:161} INFO - Processing /home/renan/datapipeline/.env/lib/python3.8/site-packages/airflow/example_dags/example_dag_decorator.py took 0.071 seconds
[2022-08-09 00:16:28,235] {processor.py:153} INFO - Started process (PID=11698) to work on /home/renan/datapipeline/.env/lib/python3.8/site-packages/airflow/example_dags/example_dag_decorator.py
[2022-08-09 00:16:28,236] {processor.py:641} INFO - Processing file /home/renan/datapipeline/.env/lib/python3.8/site-packages/airflow/example_dags/example_dag_decorator.py for tasks to queue
[2022-08-09 00:16:28,236] {logging_mixin.py:115} INFO - [2022-08-09 00:16:28,236] {dagbag.py:508} INFO - Filling up the DagBag from /home/renan/datapipeline/.env/lib/python3.8/site-packages/airflow/example_dags/example_dag_decorator.py
[2022-08-09 00:16:28,250] {processor.py:651} INFO - DAG(s) dict_keys(['example_dag_decorator']) retrieved from /home/renan/datapipeline/.env/lib/python3.8/site-packages/airflow/example_dags/example_dag_decorator.py
[2022-08-09 00:16:28,260] {logging_mixin.py:115} INFO - [2022-08-09 00:16:28,260] {dag.py:2420} INFO - Sync 1 DAGs
[2022-08-09 00:16:28,270] {logging_mixin.py:115} INFO - [2022-08-09 00:16:28,270] {dag.py:2968} INFO - Setting next_dagrun for example_dag_decorator to None, run_after=None
[2022-08-09 00:16:28,281] {processor.py:161} INFO - Processing /home/renan/datapipeline/.env/lib/python3.8/site-packages/airflow/example_dags/example_dag_decorator.py took 0.048 seconds
[2022-08-09 00:17:03,912] {processor.py:153} INFO - Started process (PID=11760) to work on /home/renan/datapipeline/.env/lib/python3.8/site-packages/airflow/example_dags/example_dag_decorator.py
[2022-08-09 00:17:03,915] {processor.py:641} INFO - Processing file /home/renan/datapipeline/.env/lib/python3.8/site-packages/airflow/example_dags/example_dag_decorator.py for tasks to queue
[2022-08-09 00:17:03,915] {logging_mixin.py:115} INFO - [2022-08-09 00:17:03,915] {dagbag.py:508} INFO - Filling up the DagBag from /home/renan/datapipeline/.env/lib/python3.8/site-packages/airflow/example_dags/example_dag_decorator.py
[2022-08-09 00:17:03,929] {processor.py:651} INFO - DAG(s) dict_keys(['example_dag_decorator']) retrieved from /home/renan/datapipeline/.env/lib/python3.8/site-packages/airflow/example_dags/example_dag_decorator.py
[2022-08-09 00:17:03,941] {logging_mixin.py:115} INFO - [2022-08-09 00:17:03,941] {dag.py:2420} INFO - Sync 1 DAGs
[2022-08-09 00:17:03,951] {logging_mixin.py:115} INFO - [2022-08-09 00:17:03,951] {dag.py:2968} INFO - Setting next_dagrun for example_dag_decorator to None, run_after=None
[2022-08-09 00:17:03,962] {processor.py:161} INFO - Processing /home/renan/datapipeline/.env/lib/python3.8/site-packages/airflow/example_dags/example_dag_decorator.py took 0.052 seconds
[2022-08-09 00:17:37,843] {processor.py:153} INFO - Started process (PID=11798) to work on /home/renan/datapipeline/.env/lib/python3.8/site-packages/airflow/example_dags/example_dag_decorator.py
[2022-08-09 00:17:37,844] {processor.py:641} INFO - Processing file /home/renan/datapipeline/.env/lib/python3.8/site-packages/airflow/example_dags/example_dag_decorator.py for tasks to queue
[2022-08-09 00:17:37,844] {logging_mixin.py:115} INFO - [2022-08-09 00:17:37,844] {dagbag.py:508} INFO - Filling up the DagBag from /home/renan/datapipeline/.env/lib/python3.8/site-packages/airflow/example_dags/example_dag_decorator.py
[2022-08-09 00:17:37,860] {processor.py:651} INFO - DAG(s) dict_keys(['example_dag_decorator']) retrieved from /home/renan/datapipeline/.env/lib/python3.8/site-packages/airflow/example_dags/example_dag_decorator.py
[2022-08-09 00:17:37,872] {logging_mixin.py:115} INFO - [2022-08-09 00:17:37,872] {dag.py:2420} INFO - Sync 1 DAGs
[2022-08-09 00:17:37,883] {logging_mixin.py:115} INFO - [2022-08-09 00:17:37,883] {dag.py:2968} INFO - Setting next_dagrun for example_dag_decorator to None, run_after=None
[2022-08-09 00:17:37,896] {processor.py:161} INFO - Processing /home/renan/datapipeline/.env/lib/python3.8/site-packages/airflow/example_dags/example_dag_decorator.py took 0.054 seconds
[2022-08-09 00:18:09,768] {processor.py:153} INFO - Started process (PID=11835) to work on /home/renan/datapipeline/.env/lib/python3.8/site-packages/airflow/example_dags/example_dag_decorator.py
[2022-08-09 00:18:09,769] {processor.py:641} INFO - Processing file /home/renan/datapipeline/.env/lib/python3.8/site-packages/airflow/example_dags/example_dag_decorator.py for tasks to queue
[2022-08-09 00:18:09,769] {logging_mixin.py:115} INFO - [2022-08-09 00:18:09,769] {dagbag.py:508} INFO - Filling up the DagBag from /home/renan/datapipeline/.env/lib/python3.8/site-packages/airflow/example_dags/example_dag_decorator.py
[2022-08-09 00:18:09,782] {processor.py:651} INFO - DAG(s) dict_keys(['example_dag_decorator']) retrieved from /home/renan/datapipeline/.env/lib/python3.8/site-packages/airflow/example_dags/example_dag_decorator.py
[2022-08-09 00:18:09,791] {logging_mixin.py:115} INFO - [2022-08-09 00:18:09,791] {dag.py:2420} INFO - Sync 1 DAGs
[2022-08-09 00:18:09,800] {logging_mixin.py:115} INFO - [2022-08-09 00:18:09,800] {dag.py:2968} INFO - Setting next_dagrun for example_dag_decorator to None, run_after=None
[2022-08-09 00:18:09,809] {processor.py:161} INFO - Processing /home/renan/datapipeline/.env/lib/python3.8/site-packages/airflow/example_dags/example_dag_decorator.py took 0.042 seconds
[2022-08-09 00:18:49,672] {processor.py:153} INFO - Started process (PID=11876) to work on /home/renan/datapipeline/.env/lib/python3.8/site-packages/airflow/example_dags/example_dag_decorator.py
[2022-08-09 00:18:49,673] {processor.py:641} INFO - Processing file /home/renan/datapipeline/.env/lib/python3.8/site-packages/airflow/example_dags/example_dag_decorator.py for tasks to queue
[2022-08-09 00:18:49,673] {logging_mixin.py:115} INFO - [2022-08-09 00:18:49,673] {dagbag.py:508} INFO - Filling up the DagBag from /home/renan/datapipeline/.env/lib/python3.8/site-packages/airflow/example_dags/example_dag_decorator.py
[2022-08-09 00:18:49,686] {processor.py:651} INFO - DAG(s) dict_keys(['example_dag_decorator']) retrieved from /home/renan/datapipeline/.env/lib/python3.8/site-packages/airflow/example_dags/example_dag_decorator.py
[2022-08-09 00:18:49,695] {logging_mixin.py:115} INFO - [2022-08-09 00:18:49,695] {dag.py:2420} INFO - Sync 1 DAGs
[2022-08-09 00:18:49,704] {logging_mixin.py:115} INFO - [2022-08-09 00:18:49,704] {dag.py:2968} INFO - Setting next_dagrun for example_dag_decorator to None, run_after=None
[2022-08-09 00:18:49,712] {processor.py:161} INFO - Processing /home/renan/datapipeline/.env/lib/python3.8/site-packages/airflow/example_dags/example_dag_decorator.py took 0.042 seconds
[2022-08-09 00:19:21,670] {processor.py:153} INFO - Started process (PID=11912) to work on /home/renan/datapipeline/.env/lib/python3.8/site-packages/airflow/example_dags/example_dag_decorator.py
[2022-08-09 00:19:21,671] {processor.py:641} INFO - Processing file /home/renan/datapipeline/.env/lib/python3.8/site-packages/airflow/example_dags/example_dag_decorator.py for tasks to queue
[2022-08-09 00:19:21,671] {logging_mixin.py:115} INFO - [2022-08-09 00:19:21,671] {dagbag.py:508} INFO - Filling up the DagBag from /home/renan/datapipeline/.env/lib/python3.8/site-packages/airflow/example_dags/example_dag_decorator.py
[2022-08-09 00:19:21,687] {processor.py:651} INFO - DAG(s) dict_keys(['example_dag_decorator']) retrieved from /home/renan/datapipeline/.env/lib/python3.8/site-packages/airflow/example_dags/example_dag_decorator.py
[2022-08-09 00:19:21,713] {logging_mixin.py:115} INFO - [2022-08-09 00:19:21,713] {dag.py:2420} INFO - Sync 1 DAGs
[2022-08-09 00:19:21,723] {logging_mixin.py:115} INFO - [2022-08-09 00:19:21,723] {dag.py:2968} INFO - Setting next_dagrun for example_dag_decorator to None, run_after=None
[2022-08-09 00:19:21,734] {processor.py:161} INFO - Processing /home/renan/datapipeline/.env/lib/python3.8/site-packages/airflow/example_dags/example_dag_decorator.py took 0.065 seconds
[2022-08-09 00:19:59,216] {processor.py:153} INFO - Started process (PID=11950) to work on /home/renan/datapipeline/.env/lib/python3.8/site-packages/airflow/example_dags/example_dag_decorator.py
[2022-08-09 00:19:59,216] {processor.py:641} INFO - Processing file /home/renan/datapipeline/.env/lib/python3.8/site-packages/airflow/example_dags/example_dag_decorator.py for tasks to queue
[2022-08-09 00:19:59,217] {logging_mixin.py:115} INFO - [2022-08-09 00:19:59,217] {dagbag.py:508} INFO - Filling up the DagBag from /home/renan/datapipeline/.env/lib/python3.8/site-packages/airflow/example_dags/example_dag_decorator.py
[2022-08-09 00:19:59,230] {processor.py:651} INFO - DAG(s) dict_keys(['example_dag_decorator']) retrieved from /home/renan/datapipeline/.env/lib/python3.8/site-packages/airflow/example_dags/example_dag_decorator.py
[2022-08-09 00:19:59,238] {logging_mixin.py:115} INFO - [2022-08-09 00:19:59,238] {dag.py:2420} INFO - Sync 1 DAGs
[2022-08-09 00:19:59,247] {logging_mixin.py:115} INFO - [2022-08-09 00:19:59,247] {dag.py:2968} INFO - Setting next_dagrun for example_dag_decorator to None, run_after=None
[2022-08-09 00:19:59,256] {processor.py:161} INFO - Processing /home/renan/datapipeline/.env/lib/python3.8/site-packages/airflow/example_dags/example_dag_decorator.py took 0.042 seconds
[2022-08-09 00:20:31,105] {processor.py:153} INFO - Started process (PID=11989) to work on /home/renan/datapipeline/.env/lib/python3.8/site-packages/airflow/example_dags/example_dag_decorator.py
[2022-08-09 00:20:31,105] {processor.py:641} INFO - Processing file /home/renan/datapipeline/.env/lib/python3.8/site-packages/airflow/example_dags/example_dag_decorator.py for tasks to queue
[2022-08-09 00:20:31,105] {logging_mixin.py:115} INFO - [2022-08-09 00:20:31,105] {dagbag.py:508} INFO - Filling up the DagBag from /home/renan/datapipeline/.env/lib/python3.8/site-packages/airflow/example_dags/example_dag_decorator.py
[2022-08-09 00:20:31,119] {processor.py:651} INFO - DAG(s) dict_keys(['example_dag_decorator']) retrieved from /home/renan/datapipeline/.env/lib/python3.8/site-packages/airflow/example_dags/example_dag_decorator.py
[2022-08-09 00:20:31,127] {logging_mixin.py:115} INFO - [2022-08-09 00:20:31,127] {dag.py:2420} INFO - Sync 1 DAGs
[2022-08-09 00:20:31,136] {logging_mixin.py:115} INFO - [2022-08-09 00:20:31,136] {dag.py:2968} INFO - Setting next_dagrun for example_dag_decorator to None, run_after=None
[2022-08-09 00:20:31,145] {processor.py:161} INFO - Processing /home/renan/datapipeline/.env/lib/python3.8/site-packages/airflow/example_dags/example_dag_decorator.py took 0.042 seconds
[2022-08-09 00:21:05,902] {processor.py:153} INFO - Started process (PID=12027) to work on /home/renan/datapipeline/.env/lib/python3.8/site-packages/airflow/example_dags/example_dag_decorator.py
[2022-08-09 00:21:05,902] {processor.py:641} INFO - Processing file /home/renan/datapipeline/.env/lib/python3.8/site-packages/airflow/example_dags/example_dag_decorator.py for tasks to queue
[2022-08-09 00:21:05,903] {logging_mixin.py:115} INFO - [2022-08-09 00:21:05,903] {dagbag.py:508} INFO - Filling up the DagBag from /home/renan/datapipeline/.env/lib/python3.8/site-packages/airflow/example_dags/example_dag_decorator.py
[2022-08-09 00:21:05,916] {processor.py:651} INFO - DAG(s) dict_keys(['example_dag_decorator']) retrieved from /home/renan/datapipeline/.env/lib/python3.8/site-packages/airflow/example_dags/example_dag_decorator.py
[2022-08-09 00:21:05,940] {logging_mixin.py:115} INFO - [2022-08-09 00:21:05,939] {dag.py:2420} INFO - Sync 1 DAGs
[2022-08-09 00:21:05,948] {logging_mixin.py:115} INFO - [2022-08-09 00:21:05,948] {dag.py:2968} INFO - Setting next_dagrun for example_dag_decorator to None, run_after=None
[2022-08-09 00:21:05,957] {processor.py:161} INFO - Processing /home/renan/datapipeline/.env/lib/python3.8/site-packages/airflow/example_dags/example_dag_decorator.py took 0.057 seconds
[2022-08-09 00:21:41,163] {processor.py:153} INFO - Started process (PID=12180) to work on /home/renan/datapipeline/.env/lib/python3.8/site-packages/airflow/example_dags/example_dag_decorator.py
[2022-08-09 00:21:41,164] {processor.py:641} INFO - Processing file /home/renan/datapipeline/.env/lib/python3.8/site-packages/airflow/example_dags/example_dag_decorator.py for tasks to queue
[2022-08-09 00:21:41,164] {logging_mixin.py:115} INFO - [2022-08-09 00:21:41,164] {dagbag.py:508} INFO - Filling up the DagBag from /home/renan/datapipeline/.env/lib/python3.8/site-packages/airflow/example_dags/example_dag_decorator.py
[2022-08-09 00:21:41,177] {processor.py:651} INFO - DAG(s) dict_keys(['example_dag_decorator']) retrieved from /home/renan/datapipeline/.env/lib/python3.8/site-packages/airflow/example_dags/example_dag_decorator.py
[2022-08-09 00:21:41,186] {logging_mixin.py:115} INFO - [2022-08-09 00:21:41,186] {dag.py:2420} INFO - Sync 1 DAGs
[2022-08-09 00:21:41,195] {logging_mixin.py:115} INFO - [2022-08-09 00:21:41,195] {dag.py:2968} INFO - Setting next_dagrun for example_dag_decorator to None, run_after=None
[2022-08-09 00:21:41,203] {processor.py:161} INFO - Processing /home/renan/datapipeline/.env/lib/python3.8/site-packages/airflow/example_dags/example_dag_decorator.py took 0.042 seconds
[2022-08-09 00:22:14,774] {processor.py:153} INFO - Started process (PID=12281) to work on /home/renan/datapipeline/.env/lib/python3.8/site-packages/airflow/example_dags/example_dag_decorator.py
[2022-08-09 00:22:14,774] {processor.py:641} INFO - Processing file /home/renan/datapipeline/.env/lib/python3.8/site-packages/airflow/example_dags/example_dag_decorator.py for tasks to queue
[2022-08-09 00:22:14,775] {logging_mixin.py:115} INFO - [2022-08-09 00:22:14,775] {dagbag.py:508} INFO - Filling up the DagBag from /home/renan/datapipeline/.env/lib/python3.8/site-packages/airflow/example_dags/example_dag_decorator.py
[2022-08-09 00:22:14,787] {processor.py:651} INFO - DAG(s) dict_keys(['example_dag_decorator']) retrieved from /home/renan/datapipeline/.env/lib/python3.8/site-packages/airflow/example_dags/example_dag_decorator.py
[2022-08-09 00:22:14,796] {logging_mixin.py:115} INFO - [2022-08-09 00:22:14,796] {dag.py:2420} INFO - Sync 1 DAGs
[2022-08-09 00:22:14,805] {logging_mixin.py:115} INFO - [2022-08-09 00:22:14,805] {dag.py:2968} INFO - Setting next_dagrun for example_dag_decorator to None, run_after=None
[2022-08-09 00:22:14,813] {processor.py:161} INFO - Processing /home/renan/datapipeline/.env/lib/python3.8/site-packages/airflow/example_dags/example_dag_decorator.py took 0.041 seconds
[2022-08-09 00:22:51,920] {processor.py:153} INFO - Started process (PID=12321) to work on /home/renan/datapipeline/.env/lib/python3.8/site-packages/airflow/example_dags/example_dag_decorator.py
[2022-08-09 00:22:51,921] {processor.py:641} INFO - Processing file /home/renan/datapipeline/.env/lib/python3.8/site-packages/airflow/example_dags/example_dag_decorator.py for tasks to queue
[2022-08-09 00:22:51,921] {logging_mixin.py:115} INFO - [2022-08-09 00:22:51,921] {dagbag.py:508} INFO - Filling up the DagBag from /home/renan/datapipeline/.env/lib/python3.8/site-packages/airflow/example_dags/example_dag_decorator.py
[2022-08-09 00:22:51,935] {processor.py:651} INFO - DAG(s) dict_keys(['example_dag_decorator']) retrieved from /home/renan/datapipeline/.env/lib/python3.8/site-packages/airflow/example_dags/example_dag_decorator.py
[2022-08-09 00:22:51,943] {logging_mixin.py:115} INFO - [2022-08-09 00:22:51,943] {dag.py:2420} INFO - Sync 1 DAGs
[2022-08-09 00:22:51,952] {logging_mixin.py:115} INFO - [2022-08-09 00:22:51,952] {dag.py:2968} INFO - Setting next_dagrun for example_dag_decorator to None, run_after=None
[2022-08-09 00:22:51,960] {processor.py:161} INFO - Processing /home/renan/datapipeline/.env/lib/python3.8/site-packages/airflow/example_dags/example_dag_decorator.py took 0.042 seconds
[2022-08-09 00:23:25,603] {processor.py:153} INFO - Started process (PID=12361) to work on /home/renan/datapipeline/.env/lib/python3.8/site-packages/airflow/example_dags/example_dag_decorator.py
[2022-08-09 00:23:25,603] {processor.py:641} INFO - Processing file /home/renan/datapipeline/.env/lib/python3.8/site-packages/airflow/example_dags/example_dag_decorator.py for tasks to queue
[2022-08-09 00:23:25,603] {logging_mixin.py:115} INFO - [2022-08-09 00:23:25,603] {dagbag.py:508} INFO - Filling up the DagBag from /home/renan/datapipeline/.env/lib/python3.8/site-packages/airflow/example_dags/example_dag_decorator.py
[2022-08-09 00:23:25,617] {processor.py:651} INFO - DAG(s) dict_keys(['example_dag_decorator']) retrieved from /home/renan/datapipeline/.env/lib/python3.8/site-packages/airflow/example_dags/example_dag_decorator.py
[2022-08-09 00:23:25,626] {logging_mixin.py:115} INFO - [2022-08-09 00:23:25,626] {dag.py:2420} INFO - Sync 1 DAGs
[2022-08-09 00:23:25,635] {logging_mixin.py:115} INFO - [2022-08-09 00:23:25,635] {dag.py:2968} INFO - Setting next_dagrun for example_dag_decorator to None, run_after=None
[2022-08-09 00:23:25,643] {processor.py:161} INFO - Processing /home/renan/datapipeline/.env/lib/python3.8/site-packages/airflow/example_dags/example_dag_decorator.py took 0.043 seconds
[2022-08-09 00:23:57,522] {processor.py:153} INFO - Started process (PID=12398) to work on /home/renan/datapipeline/.env/lib/python3.8/site-packages/airflow/example_dags/example_dag_decorator.py
[2022-08-09 00:23:57,523] {processor.py:641} INFO - Processing file /home/renan/datapipeline/.env/lib/python3.8/site-packages/airflow/example_dags/example_dag_decorator.py for tasks to queue
[2022-08-09 00:23:57,523] {logging_mixin.py:115} INFO - [2022-08-09 00:23:57,523] {dagbag.py:508} INFO - Filling up the DagBag from /home/renan/datapipeline/.env/lib/python3.8/site-packages/airflow/example_dags/example_dag_decorator.py
[2022-08-09 00:23:57,536] {processor.py:651} INFO - DAG(s) dict_keys(['example_dag_decorator']) retrieved from /home/renan/datapipeline/.env/lib/python3.8/site-packages/airflow/example_dags/example_dag_decorator.py
[2022-08-09 00:23:57,545] {logging_mixin.py:115} INFO - [2022-08-09 00:23:57,545] {dag.py:2420} INFO - Sync 1 DAGs
[2022-08-09 00:23:57,566] {logging_mixin.py:115} INFO - [2022-08-09 00:23:57,565] {dag.py:2968} INFO - Setting next_dagrun for example_dag_decorator to None, run_after=None
[2022-08-09 00:23:57,577] {processor.py:161} INFO - Processing /home/renan/datapipeline/.env/lib/python3.8/site-packages/airflow/example_dags/example_dag_decorator.py took 0.056 seconds
[2022-08-09 00:24:33,469] {processor.py:153} INFO - Started process (PID=12464) to work on /home/renan/datapipeline/.env/lib/python3.8/site-packages/airflow/example_dags/example_dag_decorator.py
[2022-08-09 00:24:33,469] {processor.py:641} INFO - Processing file /home/renan/datapipeline/.env/lib/python3.8/site-packages/airflow/example_dags/example_dag_decorator.py for tasks to queue
[2022-08-09 00:24:33,469] {logging_mixin.py:115} INFO - [2022-08-09 00:24:33,469] {dagbag.py:508} INFO - Filling up the DagBag from /home/renan/datapipeline/.env/lib/python3.8/site-packages/airflow/example_dags/example_dag_decorator.py
[2022-08-09 00:24:33,483] {processor.py:651} INFO - DAG(s) dict_keys(['example_dag_decorator']) retrieved from /home/renan/datapipeline/.env/lib/python3.8/site-packages/airflow/example_dags/example_dag_decorator.py
[2022-08-09 00:24:33,507] {logging_mixin.py:115} INFO - [2022-08-09 00:24:33,506] {dag.py:2420} INFO - Sync 1 DAGs
[2022-08-09 00:24:33,516] {logging_mixin.py:115} INFO - [2022-08-09 00:24:33,516] {dag.py:2968} INFO - Setting next_dagrun for example_dag_decorator to None, run_after=None
[2022-08-09 00:24:33,526] {processor.py:161} INFO - Processing /home/renan/datapipeline/.env/lib/python3.8/site-packages/airflow/example_dags/example_dag_decorator.py took 0.059 seconds
[2022-08-09 00:25:06,806] {processor.py:153} INFO - Started process (PID=12507) to work on /home/renan/datapipeline/.env/lib/python3.8/site-packages/airflow/example_dags/example_dag_decorator.py
[2022-08-09 00:25:06,807] {processor.py:641} INFO - Processing file /home/renan/datapipeline/.env/lib/python3.8/site-packages/airflow/example_dags/example_dag_decorator.py for tasks to queue
[2022-08-09 00:25:06,807] {logging_mixin.py:115} INFO - [2022-08-09 00:25:06,807] {dagbag.py:508} INFO - Filling up the DagBag from /home/renan/datapipeline/.env/lib/python3.8/site-packages/airflow/example_dags/example_dag_decorator.py
[2022-08-09 00:25:06,820] {processor.py:651} INFO - DAG(s) dict_keys(['example_dag_decorator']) retrieved from /home/renan/datapipeline/.env/lib/python3.8/site-packages/airflow/example_dags/example_dag_decorator.py
[2022-08-09 00:25:06,845] {logging_mixin.py:115} INFO - [2022-08-09 00:25:06,845] {dag.py:2420} INFO - Sync 1 DAGs
[2022-08-09 00:25:06,854] {logging_mixin.py:115} INFO - [2022-08-09 00:25:06,854] {dag.py:2968} INFO - Setting next_dagrun for example_dag_decorator to None, run_after=None
[2022-08-09 00:25:06,863] {processor.py:161} INFO - Processing /home/renan/datapipeline/.env/lib/python3.8/site-packages/airflow/example_dags/example_dag_decorator.py took 0.059 seconds
[2022-08-09 00:25:41,268] {processor.py:153} INFO - Started process (PID=12545) to work on /home/renan/datapipeline/.env/lib/python3.8/site-packages/airflow/example_dags/example_dag_decorator.py
[2022-08-09 00:25:41,269] {processor.py:641} INFO - Processing file /home/renan/datapipeline/.env/lib/python3.8/site-packages/airflow/example_dags/example_dag_decorator.py for tasks to queue
[2022-08-09 00:25:41,269] {logging_mixin.py:115} INFO - [2022-08-09 00:25:41,269] {dagbag.py:508} INFO - Filling up the DagBag from /home/renan/datapipeline/.env/lib/python3.8/site-packages/airflow/example_dags/example_dag_decorator.py
[2022-08-09 00:25:41,283] {processor.py:651} INFO - DAG(s) dict_keys(['example_dag_decorator']) retrieved from /home/renan/datapipeline/.env/lib/python3.8/site-packages/airflow/example_dags/example_dag_decorator.py
[2022-08-09 00:25:41,292] {logging_mixin.py:115} INFO - [2022-08-09 00:25:41,292] {dag.py:2420} INFO - Sync 1 DAGs
[2022-08-09 00:25:41,301] {logging_mixin.py:115} INFO - [2022-08-09 00:25:41,301] {dag.py:2968} INFO - Setting next_dagrun for example_dag_decorator to None, run_after=None
[2022-08-09 00:25:41,310] {processor.py:161} INFO - Processing /home/renan/datapipeline/.env/lib/python3.8/site-packages/airflow/example_dags/example_dag_decorator.py took 0.043 seconds
[2022-08-09 00:26:17,635] {processor.py:153} INFO - Started process (PID=12584) to work on /home/renan/datapipeline/.env/lib/python3.8/site-packages/airflow/example_dags/example_dag_decorator.py
[2022-08-09 00:26:17,636] {processor.py:641} INFO - Processing file /home/renan/datapipeline/.env/lib/python3.8/site-packages/airflow/example_dags/example_dag_decorator.py for tasks to queue
[2022-08-09 00:26:17,636] {logging_mixin.py:115} INFO - [2022-08-09 00:26:17,636] {dagbag.py:508} INFO - Filling up the DagBag from /home/renan/datapipeline/.env/lib/python3.8/site-packages/airflow/example_dags/example_dag_decorator.py
[2022-08-09 00:26:17,649] {processor.py:651} INFO - DAG(s) dict_keys(['example_dag_decorator']) retrieved from /home/renan/datapipeline/.env/lib/python3.8/site-packages/airflow/example_dags/example_dag_decorator.py
[2022-08-09 00:26:17,658] {logging_mixin.py:115} INFO - [2022-08-09 00:26:17,658] {dag.py:2420} INFO - Sync 1 DAGs
[2022-08-09 00:26:17,667] {logging_mixin.py:115} INFO - [2022-08-09 00:26:17,667] {dag.py:2968} INFO - Setting next_dagrun for example_dag_decorator to None, run_after=None
[2022-08-09 00:26:17,678] {processor.py:161} INFO - Processing /home/renan/datapipeline/.env/lib/python3.8/site-packages/airflow/example_dags/example_dag_decorator.py took 0.044 seconds
[2022-08-09 00:26:50,067] {processor.py:153} INFO - Started process (PID=12621) to work on /home/renan/datapipeline/.env/lib/python3.8/site-packages/airflow/example_dags/example_dag_decorator.py
[2022-08-09 00:26:50,067] {processor.py:641} INFO - Processing file /home/renan/datapipeline/.env/lib/python3.8/site-packages/airflow/example_dags/example_dag_decorator.py for tasks to queue
[2022-08-09 00:26:50,067] {logging_mixin.py:115} INFO - [2022-08-09 00:26:50,067] {dagbag.py:508} INFO - Filling up the DagBag from /home/renan/datapipeline/.env/lib/python3.8/site-packages/airflow/example_dags/example_dag_decorator.py
[2022-08-09 00:26:50,080] {processor.py:651} INFO - DAG(s) dict_keys(['example_dag_decorator']) retrieved from /home/renan/datapipeline/.env/lib/python3.8/site-packages/airflow/example_dags/example_dag_decorator.py
[2022-08-09 00:26:50,089] {logging_mixin.py:115} INFO - [2022-08-09 00:26:50,089] {dag.py:2420} INFO - Sync 1 DAGs
[2022-08-09 00:26:50,098] {logging_mixin.py:115} INFO - [2022-08-09 00:26:50,098] {dag.py:2968} INFO - Setting next_dagrun for example_dag_decorator to None, run_after=None
[2022-08-09 00:26:50,107] {processor.py:161} INFO - Processing /home/renan/datapipeline/.env/lib/python3.8/site-packages/airflow/example_dags/example_dag_decorator.py took 0.042 seconds
[2022-08-09 00:27:25,041] {processor.py:153} INFO - Started process (PID=12678) to work on /home/renan/datapipeline/.env/lib/python3.8/site-packages/airflow/example_dags/example_dag_decorator.py
[2022-08-09 00:27:25,042] {processor.py:641} INFO - Processing file /home/renan/datapipeline/.env/lib/python3.8/site-packages/airflow/example_dags/example_dag_decorator.py for tasks to queue
[2022-08-09 00:27:25,042] {logging_mixin.py:115} INFO - [2022-08-09 00:27:25,042] {dagbag.py:508} INFO - Filling up the DagBag from /home/renan/datapipeline/.env/lib/python3.8/site-packages/airflow/example_dags/example_dag_decorator.py
[2022-08-09 00:27:25,057] {processor.py:651} INFO - DAG(s) dict_keys(['example_dag_decorator']) retrieved from /home/renan/datapipeline/.env/lib/python3.8/site-packages/airflow/example_dags/example_dag_decorator.py
[2022-08-09 00:27:25,067] {logging_mixin.py:115} INFO - [2022-08-09 00:27:25,066] {dag.py:2420} INFO - Sync 1 DAGs
[2022-08-09 00:27:25,077] {logging_mixin.py:115} INFO - [2022-08-09 00:27:25,077] {dag.py:2968} INFO - Setting next_dagrun for example_dag_decorator to None, run_after=None
[2022-08-09 00:27:25,086] {processor.py:161} INFO - Processing /home/renan/datapipeline/.env/lib/python3.8/site-packages/airflow/example_dags/example_dag_decorator.py took 0.047 seconds
[2022-08-09 00:27:59,985] {processor.py:153} INFO - Started process (PID=12733) to work on /home/renan/datapipeline/.env/lib/python3.8/site-packages/airflow/example_dags/example_dag_decorator.py
[2022-08-09 00:27:59,986] {processor.py:641} INFO - Processing file /home/renan/datapipeline/.env/lib/python3.8/site-packages/airflow/example_dags/example_dag_decorator.py for tasks to queue
[2022-08-09 00:27:59,986] {logging_mixin.py:115} INFO - [2022-08-09 00:27:59,986] {dagbag.py:508} INFO - Filling up the DagBag from /home/renan/datapipeline/.env/lib/python3.8/site-packages/airflow/example_dags/example_dag_decorator.py
[2022-08-09 00:28:00,000] {processor.py:651} INFO - DAG(s) dict_keys(['example_dag_decorator']) retrieved from /home/renan/datapipeline/.env/lib/python3.8/site-packages/airflow/example_dags/example_dag_decorator.py
[2022-08-09 00:28:00,010] {logging_mixin.py:115} INFO - [2022-08-09 00:28:00,010] {dag.py:2420} INFO - Sync 1 DAGs
[2022-08-09 00:28:00,020] {logging_mixin.py:115} INFO - [2022-08-09 00:28:00,020] {dag.py:2968} INFO - Setting next_dagrun for example_dag_decorator to None, run_after=None
[2022-08-09 00:28:00,029] {processor.py:161} INFO - Processing /home/renan/datapipeline/.env/lib/python3.8/site-packages/airflow/example_dags/example_dag_decorator.py took 0.045 seconds
[2022-08-09 00:28:35,900] {processor.py:153} INFO - Started process (PID=12941) to work on /home/renan/datapipeline/.env/lib/python3.8/site-packages/airflow/example_dags/example_dag_decorator.py
[2022-08-09 00:28:35,901] {processor.py:641} INFO - Processing file /home/renan/datapipeline/.env/lib/python3.8/site-packages/airflow/example_dags/example_dag_decorator.py for tasks to queue
[2022-08-09 00:28:35,901] {logging_mixin.py:115} INFO - [2022-08-09 00:28:35,901] {dagbag.py:508} INFO - Filling up the DagBag from /home/renan/datapipeline/.env/lib/python3.8/site-packages/airflow/example_dags/example_dag_decorator.py
[2022-08-09 00:28:35,917] {processor.py:651} INFO - DAG(s) dict_keys(['example_dag_decorator']) retrieved from /home/renan/datapipeline/.env/lib/python3.8/site-packages/airflow/example_dags/example_dag_decorator.py
[2022-08-09 00:28:35,927] {logging_mixin.py:115} INFO - [2022-08-09 00:28:35,927] {dag.py:2420} INFO - Sync 1 DAGs
[2022-08-09 00:28:35,937] {logging_mixin.py:115} INFO - [2022-08-09 00:28:35,937] {dag.py:2968} INFO - Setting next_dagrun for example_dag_decorator to None, run_after=None
[2022-08-09 00:28:35,949] {processor.py:161} INFO - Processing /home/renan/datapipeline/.env/lib/python3.8/site-packages/airflow/example_dags/example_dag_decorator.py took 0.050 seconds
[2022-08-09 00:29:08,569] {processor.py:153} INFO - Started process (PID=12980) to work on /home/renan/datapipeline/.env/lib/python3.8/site-packages/airflow/example_dags/example_dag_decorator.py
[2022-08-09 00:29:08,569] {processor.py:641} INFO - Processing file /home/renan/datapipeline/.env/lib/python3.8/site-packages/airflow/example_dags/example_dag_decorator.py for tasks to queue
[2022-08-09 00:29:08,569] {logging_mixin.py:115} INFO - [2022-08-09 00:29:08,569] {dagbag.py:508} INFO - Filling up the DagBag from /home/renan/datapipeline/.env/lib/python3.8/site-packages/airflow/example_dags/example_dag_decorator.py
[2022-08-09 00:29:08,583] {processor.py:651} INFO - DAG(s) dict_keys(['example_dag_decorator']) retrieved from /home/renan/datapipeline/.env/lib/python3.8/site-packages/airflow/example_dags/example_dag_decorator.py
[2022-08-09 00:29:08,606] {logging_mixin.py:115} INFO - [2022-08-09 00:29:08,606] {dag.py:2420} INFO - Sync 1 DAGs
[2022-08-09 00:29:08,615] {logging_mixin.py:115} INFO - [2022-08-09 00:29:08,615] {dag.py:2968} INFO - Setting next_dagrun for example_dag_decorator to None, run_after=None
[2022-08-09 00:29:08,625] {processor.py:161} INFO - Processing /home/renan/datapipeline/.env/lib/python3.8/site-packages/airflow/example_dags/example_dag_decorator.py took 0.058 seconds
[2022-08-09 00:29:41,207] {processor.py:153} INFO - Started process (PID=13023) to work on /home/renan/datapipeline/.env/lib/python3.8/site-packages/airflow/example_dags/example_dag_decorator.py
[2022-08-09 00:29:41,208] {processor.py:641} INFO - Processing file /home/renan/datapipeline/.env/lib/python3.8/site-packages/airflow/example_dags/example_dag_decorator.py for tasks to queue
[2022-08-09 00:29:41,208] {logging_mixin.py:115} INFO - [2022-08-09 00:29:41,208] {dagbag.py:508} INFO - Filling up the DagBag from /home/renan/datapipeline/.env/lib/python3.8/site-packages/airflow/example_dags/example_dag_decorator.py
[2022-08-09 00:29:41,222] {processor.py:651} INFO - DAG(s) dict_keys(['example_dag_decorator']) retrieved from /home/renan/datapipeline/.env/lib/python3.8/site-packages/airflow/example_dags/example_dag_decorator.py
[2022-08-09 00:29:41,230] {logging_mixin.py:115} INFO - [2022-08-09 00:29:41,230] {dag.py:2420} INFO - Sync 1 DAGs
[2022-08-09 00:29:41,240] {logging_mixin.py:115} INFO - [2022-08-09 00:29:41,239] {dag.py:2968} INFO - Setting next_dagrun for example_dag_decorator to None, run_after=None
[2022-08-09 00:29:41,248] {processor.py:161} INFO - Processing /home/renan/datapipeline/.env/lib/python3.8/site-packages/airflow/example_dags/example_dag_decorator.py took 0.042 seconds
[2022-08-09 00:30:16,019] {processor.py:153} INFO - Started process (PID=13065) to work on /home/renan/datapipeline/.env/lib/python3.8/site-packages/airflow/example_dags/example_dag_decorator.py
[2022-08-09 00:30:16,020] {processor.py:641} INFO - Processing file /home/renan/datapipeline/.env/lib/python3.8/site-packages/airflow/example_dags/example_dag_decorator.py for tasks to queue
[2022-08-09 00:30:16,020] {logging_mixin.py:115} INFO - [2022-08-09 00:30:16,020] {dagbag.py:508} INFO - Filling up the DagBag from /home/renan/datapipeline/.env/lib/python3.8/site-packages/airflow/example_dags/example_dag_decorator.py
[2022-08-09 00:30:16,033] {processor.py:651} INFO - DAG(s) dict_keys(['example_dag_decorator']) retrieved from /home/renan/datapipeline/.env/lib/python3.8/site-packages/airflow/example_dags/example_dag_decorator.py
[2022-08-09 00:30:16,042] {logging_mixin.py:115} INFO - [2022-08-09 00:30:16,042] {dag.py:2420} INFO - Sync 1 DAGs
[2022-08-09 00:30:16,051] {logging_mixin.py:115} INFO - [2022-08-09 00:30:16,051] {dag.py:2968} INFO - Setting next_dagrun for example_dag_decorator to None, run_after=None
[2022-08-09 00:30:16,060] {processor.py:161} INFO - Processing /home/renan/datapipeline/.env/lib/python3.8/site-packages/airflow/example_dags/example_dag_decorator.py took 0.042 seconds
[2022-08-09 00:30:53,045] {processor.py:153} INFO - Started process (PID=13103) to work on /home/renan/datapipeline/.env/lib/python3.8/site-packages/airflow/example_dags/example_dag_decorator.py
[2022-08-09 00:30:53,046] {processor.py:641} INFO - Processing file /home/renan/datapipeline/.env/lib/python3.8/site-packages/airflow/example_dags/example_dag_decorator.py for tasks to queue
[2022-08-09 00:30:53,046] {logging_mixin.py:115} INFO - [2022-08-09 00:30:53,046] {dagbag.py:508} INFO - Filling up the DagBag from /home/renan/datapipeline/.env/lib/python3.8/site-packages/airflow/example_dags/example_dag_decorator.py
[2022-08-09 00:30:53,060] {processor.py:651} INFO - DAG(s) dict_keys(['example_dag_decorator']) retrieved from /home/renan/datapipeline/.env/lib/python3.8/site-packages/airflow/example_dags/example_dag_decorator.py
[2022-08-09 00:30:53,069] {logging_mixin.py:115} INFO - [2022-08-09 00:30:53,068] {dag.py:2420} INFO - Sync 1 DAGs
[2022-08-09 00:30:53,078] {logging_mixin.py:115} INFO - [2022-08-09 00:30:53,078] {dag.py:2968} INFO - Setting next_dagrun for example_dag_decorator to None, run_after=None
[2022-08-09 00:30:53,088] {processor.py:161} INFO - Processing /home/renan/datapipeline/.env/lib/python3.8/site-packages/airflow/example_dags/example_dag_decorator.py took 0.045 seconds
[2022-08-09 00:31:26,679] {processor.py:153} INFO - Started process (PID=13142) to work on /home/renan/datapipeline/.env/lib/python3.8/site-packages/airflow/example_dags/example_dag_decorator.py
[2022-08-09 00:31:26,679] {processor.py:641} INFO - Processing file /home/renan/datapipeline/.env/lib/python3.8/site-packages/airflow/example_dags/example_dag_decorator.py for tasks to queue
[2022-08-09 00:31:26,679] {logging_mixin.py:115} INFO - [2022-08-09 00:31:26,679] {dagbag.py:508} INFO - Filling up the DagBag from /home/renan/datapipeline/.env/lib/python3.8/site-packages/airflow/example_dags/example_dag_decorator.py
[2022-08-09 00:31:26,692] {processor.py:651} INFO - DAG(s) dict_keys(['example_dag_decorator']) retrieved from /home/renan/datapipeline/.env/lib/python3.8/site-packages/airflow/example_dags/example_dag_decorator.py
[2022-08-09 00:31:26,701] {logging_mixin.py:115} INFO - [2022-08-09 00:31:26,701] {dag.py:2420} INFO - Sync 1 DAGs
[2022-08-09 00:31:26,710] {logging_mixin.py:115} INFO - [2022-08-09 00:31:26,710] {dag.py:2968} INFO - Setting next_dagrun for example_dag_decorator to None, run_after=None
[2022-08-09 00:31:26,718] {processor.py:161} INFO - Processing /home/renan/datapipeline/.env/lib/python3.8/site-packages/airflow/example_dags/example_dag_decorator.py took 0.041 seconds
[2022-08-09 00:32:00,683] {processor.py:153} INFO - Started process (PID=13265) to work on /home/renan/datapipeline/.env/lib/python3.8/site-packages/airflow/example_dags/example_dag_decorator.py
[2022-08-09 00:32:00,684] {processor.py:641} INFO - Processing file /home/renan/datapipeline/.env/lib/python3.8/site-packages/airflow/example_dags/example_dag_decorator.py for tasks to queue
[2022-08-09 00:32:00,685] {logging_mixin.py:115} INFO - [2022-08-09 00:32:00,685] {dagbag.py:508} INFO - Filling up the DagBag from /home/renan/datapipeline/.env/lib/python3.8/site-packages/airflow/example_dags/example_dag_decorator.py
[2022-08-09 00:32:00,699] {processor.py:651} INFO - DAG(s) dict_keys(['example_dag_decorator']) retrieved from /home/renan/datapipeline/.env/lib/python3.8/site-packages/airflow/example_dags/example_dag_decorator.py
[2022-08-09 00:32:00,709] {logging_mixin.py:115} INFO - [2022-08-09 00:32:00,709] {dag.py:2420} INFO - Sync 1 DAGs
[2022-08-09 00:32:00,718] {logging_mixin.py:115} INFO - [2022-08-09 00:32:00,718] {dag.py:2968} INFO - Setting next_dagrun for example_dag_decorator to None, run_after=None
[2022-08-09 00:32:00,726] {processor.py:161} INFO - Processing /home/renan/datapipeline/.env/lib/python3.8/site-packages/airflow/example_dags/example_dag_decorator.py took 0.045 seconds
[2022-08-09 00:32:35,585] {processor.py:153} INFO - Started process (PID=13303) to work on /home/renan/datapipeline/.env/lib/python3.8/site-packages/airflow/example_dags/example_dag_decorator.py
[2022-08-09 00:32:35,585] {processor.py:641} INFO - Processing file /home/renan/datapipeline/.env/lib/python3.8/site-packages/airflow/example_dags/example_dag_decorator.py for tasks to queue
[2022-08-09 00:32:35,586] {logging_mixin.py:115} INFO - [2022-08-09 00:32:35,586] {dagbag.py:508} INFO - Filling up the DagBag from /home/renan/datapipeline/.env/lib/python3.8/site-packages/airflow/example_dags/example_dag_decorator.py
[2022-08-09 00:32:35,604] {processor.py:651} INFO - DAG(s) dict_keys(['example_dag_decorator']) retrieved from /home/renan/datapipeline/.env/lib/python3.8/site-packages/airflow/example_dags/example_dag_decorator.py
[2022-08-09 00:32:35,615] {logging_mixin.py:115} INFO - [2022-08-09 00:32:35,615] {dag.py:2420} INFO - Sync 1 DAGs
[2022-08-09 00:32:35,625] {logging_mixin.py:115} INFO - [2022-08-09 00:32:35,625] {dag.py:2968} INFO - Setting next_dagrun for example_dag_decorator to None, run_after=None
[2022-08-09 00:32:35,635] {processor.py:161} INFO - Processing /home/renan/datapipeline/.env/lib/python3.8/site-packages/airflow/example_dags/example_dag_decorator.py took 0.053 seconds
