[2022-08-08 23:55:12,576] {processor.py:153} INFO - Started process (PID=9852) to work on /home/renan/datapipeline/.env/lib/python3.8/site-packages/airflow/example_dags/example_bash_operator.py
[2022-08-08 23:55:12,576] {processor.py:641} INFO - Processing file /home/renan/datapipeline/.env/lib/python3.8/site-packages/airflow/example_dags/example_bash_operator.py for tasks to queue
[2022-08-08 23:55:12,577] {logging_mixin.py:115} INFO - [2022-08-08 23:55:12,577] {dagbag.py:508} INFO - Filling up the DagBag from /home/renan/datapipeline/.env/lib/python3.8/site-packages/airflow/example_dags/example_bash_operator.py
[2022-08-08 23:55:12,584] {processor.py:651} INFO - DAG(s) dict_keys(['example_bash_operator']) retrieved from /home/renan/datapipeline/.env/lib/python3.8/site-packages/airflow/example_dags/example_bash_operator.py
[2022-08-08 23:55:12,601] {logging_mixin.py:115} INFO - [2022-08-08 23:55:12,601] {dag.py:2420} INFO - Sync 1 DAGs
[2022-08-08 23:55:12,613] {logging_mixin.py:115} INFO - [2022-08-08 23:55:12,613] {dag.py:2968} INFO - Setting next_dagrun for example_bash_operator to 2022-08-08T00:00:00+00:00, run_after=2022-08-09T00:00:00+00:00
[2022-08-08 23:55:12,624] {processor.py:161} INFO - Processing /home/renan/datapipeline/.env/lib/python3.8/site-packages/airflow/example_dags/example_bash_operator.py took 0.049 seconds
[2022-08-08 23:55:44,476] {processor.py:153} INFO - Started process (PID=9950) to work on /home/renan/datapipeline/.env/lib/python3.8/site-packages/airflow/example_dags/example_bash_operator.py
[2022-08-08 23:55:44,477] {processor.py:641} INFO - Processing file /home/renan/datapipeline/.env/lib/python3.8/site-packages/airflow/example_dags/example_bash_operator.py for tasks to queue
[2022-08-08 23:55:44,477] {logging_mixin.py:115} INFO - [2022-08-08 23:55:44,477] {dagbag.py:508} INFO - Filling up the DagBag from /home/renan/datapipeline/.env/lib/python3.8/site-packages/airflow/example_dags/example_bash_operator.py
[2022-08-08 23:55:44,484] {processor.py:651} INFO - DAG(s) dict_keys(['example_bash_operator']) retrieved from /home/renan/datapipeline/.env/lib/python3.8/site-packages/airflow/example_dags/example_bash_operator.py
[2022-08-08 23:55:44,494] {logging_mixin.py:115} INFO - [2022-08-08 23:55:44,494] {dag.py:2420} INFO - Sync 1 DAGs
[2022-08-08 23:55:44,504] {logging_mixin.py:115} INFO - [2022-08-08 23:55:44,504] {dag.py:2968} INFO - Setting next_dagrun for example_bash_operator to 2022-08-08T00:00:00+00:00, run_after=2022-08-09T00:00:00+00:00
[2022-08-08 23:55:44,513] {processor.py:161} INFO - Processing /home/renan/datapipeline/.env/lib/python3.8/site-packages/airflow/example_dags/example_bash_operator.py took 0.039 seconds
[2022-08-08 23:56:19,241] {processor.py:153} INFO - Started process (PID=10040) to work on /home/renan/datapipeline/.env/lib/python3.8/site-packages/airflow/example_dags/example_bash_operator.py
[2022-08-08 23:56:19,242] {processor.py:641} INFO - Processing file /home/renan/datapipeline/.env/lib/python3.8/site-packages/airflow/example_dags/example_bash_operator.py for tasks to queue
[2022-08-08 23:56:19,242] {logging_mixin.py:115} INFO - [2022-08-08 23:56:19,242] {dagbag.py:508} INFO - Filling up the DagBag from /home/renan/datapipeline/.env/lib/python3.8/site-packages/airflow/example_dags/example_bash_operator.py
[2022-08-08 23:56:19,250] {processor.py:651} INFO - DAG(s) dict_keys(['example_bash_operator']) retrieved from /home/renan/datapipeline/.env/lib/python3.8/site-packages/airflow/example_dags/example_bash_operator.py
[2022-08-08 23:56:19,262] {logging_mixin.py:115} INFO - [2022-08-08 23:56:19,262] {dag.py:2420} INFO - Sync 1 DAGs
[2022-08-08 23:56:19,273] {logging_mixin.py:115} INFO - [2022-08-08 23:56:19,273] {dag.py:2968} INFO - Setting next_dagrun for example_bash_operator to 2022-08-08T00:00:00+00:00, run_after=2022-08-09T00:00:00+00:00
[2022-08-08 23:56:19,283] {processor.py:161} INFO - Processing /home/renan/datapipeline/.env/lib/python3.8/site-packages/airflow/example_dags/example_bash_operator.py took 0.044 seconds
[2022-08-08 23:56:52,718] {processor.py:153} INFO - Started process (PID=10077) to work on /home/renan/datapipeline/.env/lib/python3.8/site-packages/airflow/example_dags/example_bash_operator.py
[2022-08-08 23:56:52,719] {processor.py:641} INFO - Processing file /home/renan/datapipeline/.env/lib/python3.8/site-packages/airflow/example_dags/example_bash_operator.py for tasks to queue
[2022-08-08 23:56:52,719] {logging_mixin.py:115} INFO - [2022-08-08 23:56:52,719] {dagbag.py:508} INFO - Filling up the DagBag from /home/renan/datapipeline/.env/lib/python3.8/site-packages/airflow/example_dags/example_bash_operator.py
[2022-08-08 23:56:52,726] {processor.py:651} INFO - DAG(s) dict_keys(['example_bash_operator']) retrieved from /home/renan/datapipeline/.env/lib/python3.8/site-packages/airflow/example_dags/example_bash_operator.py
[2022-08-08 23:56:52,736] {logging_mixin.py:115} INFO - [2022-08-08 23:56:52,736] {dag.py:2420} INFO - Sync 1 DAGs
[2022-08-08 23:56:52,746] {logging_mixin.py:115} INFO - [2022-08-08 23:56:52,746] {dag.py:2968} INFO - Setting next_dagrun for example_bash_operator to 2022-08-08T00:00:00+00:00, run_after=2022-08-09T00:00:00+00:00
[2022-08-08 23:56:52,755] {processor.py:161} INFO - Processing /home/renan/datapipeline/.env/lib/python3.8/site-packages/airflow/example_dags/example_bash_operator.py took 0.038 seconds
[2022-08-08 23:59:27,626] {processor.py:153} INFO - Started process (PID=10257) to work on /home/renan/datapipeline/.env/lib/python3.8/site-packages/airflow/example_dags/example_bash_operator.py
[2022-08-08 23:59:27,627] {processor.py:641} INFO - Processing file /home/renan/datapipeline/.env/lib/python3.8/site-packages/airflow/example_dags/example_bash_operator.py for tasks to queue
[2022-08-08 23:59:27,627] {logging_mixin.py:115} INFO - [2022-08-08 23:59:27,627] {dagbag.py:508} INFO - Filling up the DagBag from /home/renan/datapipeline/.env/lib/python3.8/site-packages/airflow/example_dags/example_bash_operator.py
[2022-08-08 23:59:27,635] {processor.py:651} INFO - DAG(s) dict_keys(['example_bash_operator']) retrieved from /home/renan/datapipeline/.env/lib/python3.8/site-packages/airflow/example_dags/example_bash_operator.py
[2022-08-08 23:59:27,646] {logging_mixin.py:115} INFO - [2022-08-08 23:59:27,646] {dag.py:2420} INFO - Sync 1 DAGs
[2022-08-08 23:59:27,656] {logging_mixin.py:115} INFO - [2022-08-08 23:59:27,656] {dag.py:2968} INFO - Setting next_dagrun for example_bash_operator to 2022-08-08T00:00:00+00:00, run_after=2022-08-09T00:00:00+00:00
[2022-08-08 23:59:27,665] {processor.py:161} INFO - Processing /home/renan/datapipeline/.env/lib/python3.8/site-packages/airflow/example_dags/example_bash_operator.py took 0.041 seconds
[2022-08-09 00:00:02,104] {processor.py:153} INFO - Started process (PID=10320) to work on /home/renan/datapipeline/.env/lib/python3.8/site-packages/airflow/example_dags/example_bash_operator.py
[2022-08-09 00:00:02,105] {processor.py:641} INFO - Processing file /home/renan/datapipeline/.env/lib/python3.8/site-packages/airflow/example_dags/example_bash_operator.py for tasks to queue
[2022-08-09 00:00:02,105] {logging_mixin.py:115} INFO - [2022-08-09 00:00:02,105] {dagbag.py:508} INFO - Filling up the DagBag from /home/renan/datapipeline/.env/lib/python3.8/site-packages/airflow/example_dags/example_bash_operator.py
[2022-08-09 00:00:02,113] {processor.py:651} INFO - DAG(s) dict_keys(['example_bash_operator']) retrieved from /home/renan/datapipeline/.env/lib/python3.8/site-packages/airflow/example_dags/example_bash_operator.py
[2022-08-09 00:00:02,124] {logging_mixin.py:115} INFO - [2022-08-09 00:00:02,124] {dag.py:2420} INFO - Sync 1 DAGs
[2022-08-09 00:00:02,136] {logging_mixin.py:115} INFO - [2022-08-09 00:00:02,136] {dag.py:2968} INFO - Setting next_dagrun for example_bash_operator to 2022-08-08T00:00:00+00:00, run_after=2022-08-09T00:00:00+00:00
[2022-08-09 00:00:02,147] {processor.py:161} INFO - Processing /home/renan/datapipeline/.env/lib/python3.8/site-packages/airflow/example_dags/example_bash_operator.py took 0.045 seconds
[2022-08-09 00:00:35,737] {processor.py:153} INFO - Started process (PID=10395) to work on /home/renan/datapipeline/.env/lib/python3.8/site-packages/airflow/example_dags/example_bash_operator.py
[2022-08-09 00:00:35,737] {processor.py:641} INFO - Processing file /home/renan/datapipeline/.env/lib/python3.8/site-packages/airflow/example_dags/example_bash_operator.py for tasks to queue
[2022-08-09 00:00:35,737] {logging_mixin.py:115} INFO - [2022-08-09 00:00:35,737] {dagbag.py:508} INFO - Filling up the DagBag from /home/renan/datapipeline/.env/lib/python3.8/site-packages/airflow/example_dags/example_bash_operator.py
[2022-08-09 00:00:35,745] {processor.py:651} INFO - DAG(s) dict_keys(['example_bash_operator']) retrieved from /home/renan/datapipeline/.env/lib/python3.8/site-packages/airflow/example_dags/example_bash_operator.py
[2022-08-09 00:00:35,757] {logging_mixin.py:115} INFO - [2022-08-09 00:00:35,757] {dag.py:2420} INFO - Sync 1 DAGs
[2022-08-09 00:00:35,770] {logging_mixin.py:115} INFO - [2022-08-09 00:00:35,770] {dag.py:2968} INFO - Setting next_dagrun for example_bash_operator to 2022-08-08T00:00:00+00:00, run_after=2022-08-09T00:00:00+00:00
[2022-08-09 00:00:35,780] {processor.py:161} INFO - Processing /home/renan/datapipeline/.env/lib/python3.8/site-packages/airflow/example_dags/example_bash_operator.py took 0.045 seconds
[2022-08-09 00:01:08,267] {processor.py:153} INFO - Started process (PID=10440) to work on /home/renan/datapipeline/.env/lib/python3.8/site-packages/airflow/example_dags/example_bash_operator.py
[2022-08-09 00:01:08,267] {processor.py:641} INFO - Processing file /home/renan/datapipeline/.env/lib/python3.8/site-packages/airflow/example_dags/example_bash_operator.py for tasks to queue
[2022-08-09 00:01:08,268] {logging_mixin.py:115} INFO - [2022-08-09 00:01:08,268] {dagbag.py:508} INFO - Filling up the DagBag from /home/renan/datapipeline/.env/lib/python3.8/site-packages/airflow/example_dags/example_bash_operator.py
[2022-08-09 00:01:08,275] {processor.py:651} INFO - DAG(s) dict_keys(['example_bash_operator']) retrieved from /home/renan/datapipeline/.env/lib/python3.8/site-packages/airflow/example_dags/example_bash_operator.py
[2022-08-09 00:01:08,353] {logging_mixin.py:115} INFO - [2022-08-09 00:01:08,352] {dag.py:2420} INFO - Sync 1 DAGs
[2022-08-09 00:01:08,374] {logging_mixin.py:115} INFO - [2022-08-09 00:01:08,374] {dag.py:2968} INFO - Setting next_dagrun for example_bash_operator to 2022-08-08T00:00:00+00:00, run_after=2022-08-09T00:00:00+00:00
[2022-08-09 00:01:08,399] {processor.py:161} INFO - Processing /home/renan/datapipeline/.env/lib/python3.8/site-packages/airflow/example_dags/example_bash_operator.py took 0.134 seconds
[2022-08-09 00:01:41,362] {processor.py:153} INFO - Started process (PID=10479) to work on /home/renan/datapipeline/.env/lib/python3.8/site-packages/airflow/example_dags/example_bash_operator.py
[2022-08-09 00:01:41,364] {processor.py:641} INFO - Processing file /home/renan/datapipeline/.env/lib/python3.8/site-packages/airflow/example_dags/example_bash_operator.py for tasks to queue
[2022-08-09 00:01:41,365] {logging_mixin.py:115} INFO - [2022-08-09 00:01:41,364] {dagbag.py:508} INFO - Filling up the DagBag from /home/renan/datapipeline/.env/lib/python3.8/site-packages/airflow/example_dags/example_bash_operator.py
[2022-08-09 00:01:41,372] {processor.py:651} INFO - DAG(s) dict_keys(['example_bash_operator']) retrieved from /home/renan/datapipeline/.env/lib/python3.8/site-packages/airflow/example_dags/example_bash_operator.py
[2022-08-09 00:01:41,382] {logging_mixin.py:115} INFO - [2022-08-09 00:01:41,382] {dag.py:2420} INFO - Sync 1 DAGs
[2022-08-09 00:01:41,394] {logging_mixin.py:115} INFO - [2022-08-09 00:01:41,394] {dag.py:2968} INFO - Setting next_dagrun for example_bash_operator to 2022-08-08T00:00:00+00:00, run_after=2022-08-09T00:00:00+00:00
[2022-08-09 00:01:41,407] {processor.py:161} INFO - Processing /home/renan/datapipeline/.env/lib/python3.8/site-packages/airflow/example_dags/example_bash_operator.py took 0.046 seconds
[2022-08-09 00:02:15,555] {processor.py:153} INFO - Started process (PID=10515) to work on /home/renan/datapipeline/.env/lib/python3.8/site-packages/airflow/example_dags/example_bash_operator.py
[2022-08-09 00:02:15,555] {processor.py:641} INFO - Processing file /home/renan/datapipeline/.env/lib/python3.8/site-packages/airflow/example_dags/example_bash_operator.py for tasks to queue
[2022-08-09 00:02:15,555] {logging_mixin.py:115} INFO - [2022-08-09 00:02:15,555] {dagbag.py:508} INFO - Filling up the DagBag from /home/renan/datapipeline/.env/lib/python3.8/site-packages/airflow/example_dags/example_bash_operator.py
[2022-08-09 00:02:15,563] {processor.py:651} INFO - DAG(s) dict_keys(['example_bash_operator']) retrieved from /home/renan/datapipeline/.env/lib/python3.8/site-packages/airflow/example_dags/example_bash_operator.py
[2022-08-09 00:02:15,574] {logging_mixin.py:115} INFO - [2022-08-09 00:02:15,574] {dag.py:2420} INFO - Sync 1 DAGs
[2022-08-09 00:02:15,584] {logging_mixin.py:115} INFO - [2022-08-09 00:02:15,584] {dag.py:2968} INFO - Setting next_dagrun for example_bash_operator to 2022-08-08T00:00:00+00:00, run_after=2022-08-09T00:00:00+00:00
[2022-08-09 00:02:15,592] {processor.py:161} INFO - Processing /home/renan/datapipeline/.env/lib/python3.8/site-packages/airflow/example_dags/example_bash_operator.py took 0.039 seconds
[2022-08-09 00:02:48,106] {processor.py:153} INFO - Started process (PID=10558) to work on /home/renan/datapipeline/.env/lib/python3.8/site-packages/airflow/example_dags/example_bash_operator.py
[2022-08-09 00:02:48,106] {processor.py:641} INFO - Processing file /home/renan/datapipeline/.env/lib/python3.8/site-packages/airflow/example_dags/example_bash_operator.py for tasks to queue
[2022-08-09 00:02:48,107] {logging_mixin.py:115} INFO - [2022-08-09 00:02:48,107] {dagbag.py:508} INFO - Filling up the DagBag from /home/renan/datapipeline/.env/lib/python3.8/site-packages/airflow/example_dags/example_bash_operator.py
[2022-08-09 00:02:48,114] {processor.py:651} INFO - DAG(s) dict_keys(['example_bash_operator']) retrieved from /home/renan/datapipeline/.env/lib/python3.8/site-packages/airflow/example_dags/example_bash_operator.py
[2022-08-09 00:02:48,125] {logging_mixin.py:115} INFO - [2022-08-09 00:02:48,124] {dag.py:2420} INFO - Sync 1 DAGs
[2022-08-09 00:02:48,134] {logging_mixin.py:115} INFO - [2022-08-09 00:02:48,134] {dag.py:2968} INFO - Setting next_dagrun for example_bash_operator to 2022-08-08T00:00:00+00:00, run_after=2022-08-09T00:00:00+00:00
[2022-08-09 00:02:48,143] {processor.py:161} INFO - Processing /home/renan/datapipeline/.env/lib/python3.8/site-packages/airflow/example_dags/example_bash_operator.py took 0.039 seconds
[2022-08-09 00:03:24,005] {processor.py:153} INFO - Started process (PID=10607) to work on /home/renan/datapipeline/.env/lib/python3.8/site-packages/airflow/example_dags/example_bash_operator.py
[2022-08-09 00:03:24,005] {processor.py:641} INFO - Processing file /home/renan/datapipeline/.env/lib/python3.8/site-packages/airflow/example_dags/example_bash_operator.py for tasks to queue
[2022-08-09 00:03:24,006] {logging_mixin.py:115} INFO - [2022-08-09 00:03:24,006] {dagbag.py:508} INFO - Filling up the DagBag from /home/renan/datapipeline/.env/lib/python3.8/site-packages/airflow/example_dags/example_bash_operator.py
[2022-08-09 00:03:24,015] {processor.py:651} INFO - DAG(s) dict_keys(['example_bash_operator']) retrieved from /home/renan/datapipeline/.env/lib/python3.8/site-packages/airflow/example_dags/example_bash_operator.py
[2022-08-09 00:03:24,029] {logging_mixin.py:115} INFO - [2022-08-09 00:03:24,029] {dag.py:2420} INFO - Sync 1 DAGs
[2022-08-09 00:03:24,042] {logging_mixin.py:115} INFO - [2022-08-09 00:03:24,042] {dag.py:2968} INFO - Setting next_dagrun for example_bash_operator to 2022-08-08T00:00:00+00:00, run_after=2022-08-09T00:00:00+00:00
[2022-08-09 00:03:24,054] {processor.py:161} INFO - Processing /home/renan/datapipeline/.env/lib/python3.8/site-packages/airflow/example_dags/example_bash_operator.py took 0.051 seconds
[2022-08-09 00:03:56,982] {processor.py:153} INFO - Started process (PID=10651) to work on /home/renan/datapipeline/.env/lib/python3.8/site-packages/airflow/example_dags/example_bash_operator.py
[2022-08-09 00:03:56,982] {processor.py:641} INFO - Processing file /home/renan/datapipeline/.env/lib/python3.8/site-packages/airflow/example_dags/example_bash_operator.py for tasks to queue
[2022-08-09 00:03:56,982] {logging_mixin.py:115} INFO - [2022-08-09 00:03:56,982] {dagbag.py:508} INFO - Filling up the DagBag from /home/renan/datapipeline/.env/lib/python3.8/site-packages/airflow/example_dags/example_bash_operator.py
[2022-08-09 00:03:56,989] {processor.py:651} INFO - DAG(s) dict_keys(['example_bash_operator']) retrieved from /home/renan/datapipeline/.env/lib/python3.8/site-packages/airflow/example_dags/example_bash_operator.py
[2022-08-09 00:03:57,000] {logging_mixin.py:115} INFO - [2022-08-09 00:03:57,000] {dag.py:2420} INFO - Sync 1 DAGs
[2022-08-09 00:03:57,010] {logging_mixin.py:115} INFO - [2022-08-09 00:03:57,010] {dag.py:2968} INFO - Setting next_dagrun for example_bash_operator to 2022-08-08T00:00:00+00:00, run_after=2022-08-09T00:00:00+00:00
[2022-08-09 00:03:57,019] {processor.py:161} INFO - Processing /home/renan/datapipeline/.env/lib/python3.8/site-packages/airflow/example_dags/example_bash_operator.py took 0.039 seconds
[2022-08-09 00:04:31,370] {processor.py:153} INFO - Started process (PID=10687) to work on /home/renan/datapipeline/.env/lib/python3.8/site-packages/airflow/example_dags/example_bash_operator.py
[2022-08-09 00:04:31,371] {processor.py:641} INFO - Processing file /home/renan/datapipeline/.env/lib/python3.8/site-packages/airflow/example_dags/example_bash_operator.py for tasks to queue
[2022-08-09 00:04:31,371] {logging_mixin.py:115} INFO - [2022-08-09 00:04:31,371] {dagbag.py:508} INFO - Filling up the DagBag from /home/renan/datapipeline/.env/lib/python3.8/site-packages/airflow/example_dags/example_bash_operator.py
[2022-08-09 00:04:31,379] {processor.py:651} INFO - DAG(s) dict_keys(['example_bash_operator']) retrieved from /home/renan/datapipeline/.env/lib/python3.8/site-packages/airflow/example_dags/example_bash_operator.py
[2022-08-09 00:04:31,388] {logging_mixin.py:115} INFO - [2022-08-09 00:04:31,388] {dag.py:2420} INFO - Sync 1 DAGs
[2022-08-09 00:04:31,398] {logging_mixin.py:115} INFO - [2022-08-09 00:04:31,398] {dag.py:2968} INFO - Setting next_dagrun for example_bash_operator to 2022-08-08T00:00:00+00:00, run_after=2022-08-09T00:00:00+00:00
[2022-08-09 00:04:31,407] {processor.py:161} INFO - Processing /home/renan/datapipeline/.env/lib/python3.8/site-packages/airflow/example_dags/example_bash_operator.py took 0.038 seconds
[2022-08-09 00:05:06,257] {processor.py:153} INFO - Started process (PID=10750) to work on /home/renan/datapipeline/.env/lib/python3.8/site-packages/airflow/example_dags/example_bash_operator.py
[2022-08-09 00:05:06,258] {processor.py:641} INFO - Processing file /home/renan/datapipeline/.env/lib/python3.8/site-packages/airflow/example_dags/example_bash_operator.py for tasks to queue
[2022-08-09 00:05:06,258] {logging_mixin.py:115} INFO - [2022-08-09 00:05:06,258] {dagbag.py:508} INFO - Filling up the DagBag from /home/renan/datapipeline/.env/lib/python3.8/site-packages/airflow/example_dags/example_bash_operator.py
[2022-08-09 00:05:06,268] {processor.py:651} INFO - DAG(s) dict_keys(['example_bash_operator']) retrieved from /home/renan/datapipeline/.env/lib/python3.8/site-packages/airflow/example_dags/example_bash_operator.py
[2022-08-09 00:05:06,277] {logging_mixin.py:115} INFO - [2022-08-09 00:05:06,277] {dag.py:2420} INFO - Sync 1 DAGs
[2022-08-09 00:05:06,289] {logging_mixin.py:115} INFO - [2022-08-09 00:05:06,289] {dag.py:2968} INFO - Setting next_dagrun for example_bash_operator to 2022-08-08T00:00:00+00:00, run_after=2022-08-09T00:00:00+00:00
[2022-08-09 00:05:06,301] {processor.py:161} INFO - Processing /home/renan/datapipeline/.env/lib/python3.8/site-packages/airflow/example_dags/example_bash_operator.py took 0.046 seconds
[2022-08-09 00:05:39,604] {processor.py:153} INFO - Started process (PID=10789) to work on /home/renan/datapipeline/.env/lib/python3.8/site-packages/airflow/example_dags/example_bash_operator.py
[2022-08-09 00:05:39,604] {processor.py:641} INFO - Processing file /home/renan/datapipeline/.env/lib/python3.8/site-packages/airflow/example_dags/example_bash_operator.py for tasks to queue
[2022-08-09 00:05:39,605] {logging_mixin.py:115} INFO - [2022-08-09 00:05:39,605] {dagbag.py:508} INFO - Filling up the DagBag from /home/renan/datapipeline/.env/lib/python3.8/site-packages/airflow/example_dags/example_bash_operator.py
[2022-08-09 00:05:39,613] {processor.py:651} INFO - DAG(s) dict_keys(['example_bash_operator']) retrieved from /home/renan/datapipeline/.env/lib/python3.8/site-packages/airflow/example_dags/example_bash_operator.py
[2022-08-09 00:05:39,622] {logging_mixin.py:115} INFO - [2022-08-09 00:05:39,622] {dag.py:2420} INFO - Sync 1 DAGs
[2022-08-09 00:05:39,633] {logging_mixin.py:115} INFO - [2022-08-09 00:05:39,633] {dag.py:2968} INFO - Setting next_dagrun for example_bash_operator to 2022-08-08T00:00:00+00:00, run_after=2022-08-09T00:00:00+00:00
[2022-08-09 00:05:39,641] {processor.py:161} INFO - Processing /home/renan/datapipeline/.env/lib/python3.8/site-packages/airflow/example_dags/example_bash_operator.py took 0.038 seconds
[2022-08-09 00:06:13,238] {processor.py:153} INFO - Started process (PID=10825) to work on /home/renan/datapipeline/.env/lib/python3.8/site-packages/airflow/example_dags/example_bash_operator.py
[2022-08-09 00:06:13,238] {processor.py:641} INFO - Processing file /home/renan/datapipeline/.env/lib/python3.8/site-packages/airflow/example_dags/example_bash_operator.py for tasks to queue
[2022-08-09 00:06:13,239] {logging_mixin.py:115} INFO - [2022-08-09 00:06:13,239] {dagbag.py:508} INFO - Filling up the DagBag from /home/renan/datapipeline/.env/lib/python3.8/site-packages/airflow/example_dags/example_bash_operator.py
[2022-08-09 00:06:13,247] {processor.py:651} INFO - DAG(s) dict_keys(['example_bash_operator']) retrieved from /home/renan/datapipeline/.env/lib/python3.8/site-packages/airflow/example_dags/example_bash_operator.py
[2022-08-09 00:06:13,256] {logging_mixin.py:115} INFO - [2022-08-09 00:06:13,256] {dag.py:2420} INFO - Sync 1 DAGs
[2022-08-09 00:06:13,266] {logging_mixin.py:115} INFO - [2022-08-09 00:06:13,266] {dag.py:2968} INFO - Setting next_dagrun for example_bash_operator to 2022-08-08T00:00:00+00:00, run_after=2022-08-09T00:00:00+00:00
[2022-08-09 00:06:13,274] {processor.py:161} INFO - Processing /home/renan/datapipeline/.env/lib/python3.8/site-packages/airflow/example_dags/example_bash_operator.py took 0.038 seconds
[2022-08-09 00:06:48,509] {processor.py:153} INFO - Started process (PID=10876) to work on /home/renan/datapipeline/.env/lib/python3.8/site-packages/airflow/example_dags/example_bash_operator.py
[2022-08-09 00:06:48,509] {processor.py:641} INFO - Processing file /home/renan/datapipeline/.env/lib/python3.8/site-packages/airflow/example_dags/example_bash_operator.py for tasks to queue
[2022-08-09 00:06:48,510] {logging_mixin.py:115} INFO - [2022-08-09 00:06:48,510] {dagbag.py:508} INFO - Filling up the DagBag from /home/renan/datapipeline/.env/lib/python3.8/site-packages/airflow/example_dags/example_bash_operator.py
[2022-08-09 00:06:48,520] {processor.py:651} INFO - DAG(s) dict_keys(['example_bash_operator']) retrieved from /home/renan/datapipeline/.env/lib/python3.8/site-packages/airflow/example_dags/example_bash_operator.py
[2022-08-09 00:06:48,530] {logging_mixin.py:115} INFO - [2022-08-09 00:06:48,530] {dag.py:2420} INFO - Sync 1 DAGs
[2022-08-09 00:06:48,543] {logging_mixin.py:115} INFO - [2022-08-09 00:06:48,543] {dag.py:2968} INFO - Setting next_dagrun for example_bash_operator to 2022-08-08T00:00:00+00:00, run_after=2022-08-09T00:00:00+00:00
[2022-08-09 00:06:48,555] {processor.py:161} INFO - Processing /home/renan/datapipeline/.env/lib/python3.8/site-packages/airflow/example_dags/example_bash_operator.py took 0.048 seconds
[2022-08-09 00:07:21,080] {processor.py:153} INFO - Started process (PID=10926) to work on /home/renan/datapipeline/.env/lib/python3.8/site-packages/airflow/example_dags/example_bash_operator.py
[2022-08-09 00:07:21,080] {processor.py:641} INFO - Processing file /home/renan/datapipeline/.env/lib/python3.8/site-packages/airflow/example_dags/example_bash_operator.py for tasks to queue
[2022-08-09 00:07:21,081] {logging_mixin.py:115} INFO - [2022-08-09 00:07:21,081] {dagbag.py:508} INFO - Filling up the DagBag from /home/renan/datapipeline/.env/lib/python3.8/site-packages/airflow/example_dags/example_bash_operator.py
[2022-08-09 00:07:21,090] {processor.py:651} INFO - DAG(s) dict_keys(['example_bash_operator']) retrieved from /home/renan/datapipeline/.env/lib/python3.8/site-packages/airflow/example_dags/example_bash_operator.py
[2022-08-09 00:07:21,100] {logging_mixin.py:115} INFO - [2022-08-09 00:07:21,100] {dag.py:2420} INFO - Sync 1 DAGs
[2022-08-09 00:07:21,112] {logging_mixin.py:115} INFO - [2022-08-09 00:07:21,112] {dag.py:2968} INFO - Setting next_dagrun for example_bash_operator to 2022-08-08T00:00:00+00:00, run_after=2022-08-09T00:00:00+00:00
[2022-08-09 00:07:21,123] {processor.py:161} INFO - Processing /home/renan/datapipeline/.env/lib/python3.8/site-packages/airflow/example_dags/example_bash_operator.py took 0.045 seconds
[2022-08-09 00:07:57,596] {processor.py:153} INFO - Started process (PID=10968) to work on /home/renan/datapipeline/.env/lib/python3.8/site-packages/airflow/example_dags/example_bash_operator.py
[2022-08-09 00:07:57,597] {processor.py:641} INFO - Processing file /home/renan/datapipeline/.env/lib/python3.8/site-packages/airflow/example_dags/example_bash_operator.py for tasks to queue
[2022-08-09 00:07:57,597] {logging_mixin.py:115} INFO - [2022-08-09 00:07:57,597] {dagbag.py:508} INFO - Filling up the DagBag from /home/renan/datapipeline/.env/lib/python3.8/site-packages/airflow/example_dags/example_bash_operator.py
[2022-08-09 00:07:57,605] {processor.py:651} INFO - DAG(s) dict_keys(['example_bash_operator']) retrieved from /home/renan/datapipeline/.env/lib/python3.8/site-packages/airflow/example_dags/example_bash_operator.py
[2022-08-09 00:07:57,615] {logging_mixin.py:115} INFO - [2022-08-09 00:07:57,614] {dag.py:2420} INFO - Sync 1 DAGs
[2022-08-09 00:07:57,625] {logging_mixin.py:115} INFO - [2022-08-09 00:07:57,625] {dag.py:2968} INFO - Setting next_dagrun for example_bash_operator to 2022-08-08T00:00:00+00:00, run_after=2022-08-09T00:00:00+00:00
[2022-08-09 00:07:57,634] {processor.py:161} INFO - Processing /home/renan/datapipeline/.env/lib/python3.8/site-packages/airflow/example_dags/example_bash_operator.py took 0.039 seconds
[2022-08-09 00:08:32,900] {processor.py:153} INFO - Started process (PID=11006) to work on /home/renan/datapipeline/.env/lib/python3.8/site-packages/airflow/example_dags/example_bash_operator.py
[2022-08-09 00:08:32,900] {processor.py:641} INFO - Processing file /home/renan/datapipeline/.env/lib/python3.8/site-packages/airflow/example_dags/example_bash_operator.py for tasks to queue
[2022-08-09 00:08:32,900] {logging_mixin.py:115} INFO - [2022-08-09 00:08:32,900] {dagbag.py:508} INFO - Filling up the DagBag from /home/renan/datapipeline/.env/lib/python3.8/site-packages/airflow/example_dags/example_bash_operator.py
[2022-08-09 00:08:32,909] {processor.py:651} INFO - DAG(s) dict_keys(['example_bash_operator']) retrieved from /home/renan/datapipeline/.env/lib/python3.8/site-packages/airflow/example_dags/example_bash_operator.py
[2022-08-09 00:08:32,918] {logging_mixin.py:115} INFO - [2022-08-09 00:08:32,918] {dag.py:2420} INFO - Sync 1 DAGs
[2022-08-09 00:08:32,928] {logging_mixin.py:115} INFO - [2022-08-09 00:08:32,928] {dag.py:2968} INFO - Setting next_dagrun for example_bash_operator to 2022-08-08T00:00:00+00:00, run_after=2022-08-09T00:00:00+00:00
[2022-08-09 00:08:32,937] {processor.py:161} INFO - Processing /home/renan/datapipeline/.env/lib/python3.8/site-packages/airflow/example_dags/example_bash_operator.py took 0.039 seconds
[2022-08-09 00:09:05,567] {processor.py:153} INFO - Started process (PID=11042) to work on /home/renan/datapipeline/.env/lib/python3.8/site-packages/airflow/example_dags/example_bash_operator.py
[2022-08-09 00:09:05,567] {processor.py:641} INFO - Processing file /home/renan/datapipeline/.env/lib/python3.8/site-packages/airflow/example_dags/example_bash_operator.py for tasks to queue
[2022-08-09 00:09:05,568] {logging_mixin.py:115} INFO - [2022-08-09 00:09:05,568] {dagbag.py:508} INFO - Filling up the DagBag from /home/renan/datapipeline/.env/lib/python3.8/site-packages/airflow/example_dags/example_bash_operator.py
[2022-08-09 00:09:05,576] {processor.py:651} INFO - DAG(s) dict_keys(['example_bash_operator']) retrieved from /home/renan/datapipeline/.env/lib/python3.8/site-packages/airflow/example_dags/example_bash_operator.py
[2022-08-09 00:09:05,585] {logging_mixin.py:115} INFO - [2022-08-09 00:09:05,585] {dag.py:2420} INFO - Sync 1 DAGs
[2022-08-09 00:09:05,596] {logging_mixin.py:115} INFO - [2022-08-09 00:09:05,596] {dag.py:2968} INFO - Setting next_dagrun for example_bash_operator to 2022-08-08T00:00:00+00:00, run_after=2022-08-09T00:00:00+00:00
[2022-08-09 00:09:05,605] {processor.py:161} INFO - Processing /home/renan/datapipeline/.env/lib/python3.8/site-packages/airflow/example_dags/example_bash_operator.py took 0.039 seconds
[2022-08-09 00:09:40,662] {processor.py:153} INFO - Started process (PID=11079) to work on /home/renan/datapipeline/.env/lib/python3.8/site-packages/airflow/example_dags/example_bash_operator.py
[2022-08-09 00:09:40,663] {processor.py:641} INFO - Processing file /home/renan/datapipeline/.env/lib/python3.8/site-packages/airflow/example_dags/example_bash_operator.py for tasks to queue
[2022-08-09 00:09:40,663] {logging_mixin.py:115} INFO - [2022-08-09 00:09:40,663] {dagbag.py:508} INFO - Filling up the DagBag from /home/renan/datapipeline/.env/lib/python3.8/site-packages/airflow/example_dags/example_bash_operator.py
[2022-08-09 00:09:40,672] {processor.py:651} INFO - DAG(s) dict_keys(['example_bash_operator']) retrieved from /home/renan/datapipeline/.env/lib/python3.8/site-packages/airflow/example_dags/example_bash_operator.py
[2022-08-09 00:09:40,681] {logging_mixin.py:115} INFO - [2022-08-09 00:09:40,680] {dag.py:2420} INFO - Sync 1 DAGs
[2022-08-09 00:09:40,691] {logging_mixin.py:115} INFO - [2022-08-09 00:09:40,690] {dag.py:2968} INFO - Setting next_dagrun for example_bash_operator to 2022-08-08T00:00:00+00:00, run_after=2022-08-09T00:00:00+00:00
[2022-08-09 00:09:40,700] {processor.py:161} INFO - Processing /home/renan/datapipeline/.env/lib/python3.8/site-packages/airflow/example_dags/example_bash_operator.py took 0.039 seconds
[2022-08-09 00:10:14,302] {processor.py:153} INFO - Started process (PID=11120) to work on /home/renan/datapipeline/.env/lib/python3.8/site-packages/airflow/example_dags/example_bash_operator.py
[2022-08-09 00:10:14,302] {processor.py:641} INFO - Processing file /home/renan/datapipeline/.env/lib/python3.8/site-packages/airflow/example_dags/example_bash_operator.py for tasks to queue
[2022-08-09 00:10:14,303] {logging_mixin.py:115} INFO - [2022-08-09 00:10:14,303] {dagbag.py:508} INFO - Filling up the DagBag from /home/renan/datapipeline/.env/lib/python3.8/site-packages/airflow/example_dags/example_bash_operator.py
[2022-08-09 00:10:14,312] {processor.py:651} INFO - DAG(s) dict_keys(['example_bash_operator']) retrieved from /home/renan/datapipeline/.env/lib/python3.8/site-packages/airflow/example_dags/example_bash_operator.py
[2022-08-09 00:10:14,320] {logging_mixin.py:115} INFO - [2022-08-09 00:10:14,320] {dag.py:2420} INFO - Sync 1 DAGs
[2022-08-09 00:10:14,330] {logging_mixin.py:115} INFO - [2022-08-09 00:10:14,330] {dag.py:2968} INFO - Setting next_dagrun for example_bash_operator to 2022-08-08T00:00:00+00:00, run_after=2022-08-09T00:00:00+00:00
[2022-08-09 00:10:14,339] {processor.py:161} INFO - Processing /home/renan/datapipeline/.env/lib/python3.8/site-packages/airflow/example_dags/example_bash_operator.py took 0.039 seconds
[2022-08-09 00:10:50,187] {processor.py:153} INFO - Started process (PID=11157) to work on /home/renan/datapipeline/.env/lib/python3.8/site-packages/airflow/example_dags/example_bash_operator.py
[2022-08-09 00:10:50,188] {processor.py:641} INFO - Processing file /home/renan/datapipeline/.env/lib/python3.8/site-packages/airflow/example_dags/example_bash_operator.py for tasks to queue
[2022-08-09 00:10:50,188] {logging_mixin.py:115} INFO - [2022-08-09 00:10:50,188] {dagbag.py:508} INFO - Filling up the DagBag from /home/renan/datapipeline/.env/lib/python3.8/site-packages/airflow/example_dags/example_bash_operator.py
[2022-08-09 00:10:50,197] {processor.py:651} INFO - DAG(s) dict_keys(['example_bash_operator']) retrieved from /home/renan/datapipeline/.env/lib/python3.8/site-packages/airflow/example_dags/example_bash_operator.py
[2022-08-09 00:10:50,207] {logging_mixin.py:115} INFO - [2022-08-09 00:10:50,207] {dag.py:2420} INFO - Sync 1 DAGs
[2022-08-09 00:10:50,219] {logging_mixin.py:115} INFO - [2022-08-09 00:10:50,219] {dag.py:2968} INFO - Setting next_dagrun for example_bash_operator to 2022-08-08T00:00:00+00:00, run_after=2022-08-09T00:00:00+00:00
[2022-08-09 00:10:50,229] {processor.py:161} INFO - Processing /home/renan/datapipeline/.env/lib/python3.8/site-packages/airflow/example_dags/example_bash_operator.py took 0.044 seconds
[2022-08-09 00:11:23,248] {processor.py:153} INFO - Started process (PID=11209) to work on /home/renan/datapipeline/.env/lib/python3.8/site-packages/airflow/example_dags/example_bash_operator.py
[2022-08-09 00:11:23,248] {processor.py:641} INFO - Processing file /home/renan/datapipeline/.env/lib/python3.8/site-packages/airflow/example_dags/example_bash_operator.py for tasks to queue
[2022-08-09 00:11:23,248] {logging_mixin.py:115} INFO - [2022-08-09 00:11:23,248] {dagbag.py:508} INFO - Filling up the DagBag from /home/renan/datapipeline/.env/lib/python3.8/site-packages/airflow/example_dags/example_bash_operator.py
[2022-08-09 00:11:23,257] {processor.py:651} INFO - DAG(s) dict_keys(['example_bash_operator']) retrieved from /home/renan/datapipeline/.env/lib/python3.8/site-packages/airflow/example_dags/example_bash_operator.py
[2022-08-09 00:11:23,265] {logging_mixin.py:115} INFO - [2022-08-09 00:11:23,265] {dag.py:2420} INFO - Sync 1 DAGs
[2022-08-09 00:11:23,275] {logging_mixin.py:115} INFO - [2022-08-09 00:11:23,275] {dag.py:2968} INFO - Setting next_dagrun for example_bash_operator to 2022-08-08T00:00:00+00:00, run_after=2022-08-09T00:00:00+00:00
[2022-08-09 00:11:23,285] {processor.py:161} INFO - Processing /home/renan/datapipeline/.env/lib/python3.8/site-packages/airflow/example_dags/example_bash_operator.py took 0.039 seconds
[2022-08-09 00:11:56,925] {processor.py:153} INFO - Started process (PID=11259) to work on /home/renan/datapipeline/.env/lib/python3.8/site-packages/airflow/example_dags/example_bash_operator.py
[2022-08-09 00:11:56,926] {processor.py:641} INFO - Processing file /home/renan/datapipeline/.env/lib/python3.8/site-packages/airflow/example_dags/example_bash_operator.py for tasks to queue
[2022-08-09 00:11:56,926] {logging_mixin.py:115} INFO - [2022-08-09 00:11:56,926] {dagbag.py:508} INFO - Filling up the DagBag from /home/renan/datapipeline/.env/lib/python3.8/site-packages/airflow/example_dags/example_bash_operator.py
[2022-08-09 00:11:56,935] {processor.py:651} INFO - DAG(s) dict_keys(['example_bash_operator']) retrieved from /home/renan/datapipeline/.env/lib/python3.8/site-packages/airflow/example_dags/example_bash_operator.py
[2022-08-09 00:11:56,944] {logging_mixin.py:115} INFO - [2022-08-09 00:11:56,944] {dag.py:2420} INFO - Sync 1 DAGs
[2022-08-09 00:11:56,954] {logging_mixin.py:115} INFO - [2022-08-09 00:11:56,954] {dag.py:2968} INFO - Setting next_dagrun for example_bash_operator to 2022-08-08T00:00:00+00:00, run_after=2022-08-09T00:00:00+00:00
[2022-08-09 00:11:56,963] {processor.py:161} INFO - Processing /home/renan/datapipeline/.env/lib/python3.8/site-packages/airflow/example_dags/example_bash_operator.py took 0.040 seconds
[2022-08-09 00:12:33,996] {processor.py:153} INFO - Started process (PID=11316) to work on /home/renan/datapipeline/.env/lib/python3.8/site-packages/airflow/example_dags/example_bash_operator.py
[2022-08-09 00:12:33,997] {processor.py:641} INFO - Processing file /home/renan/datapipeline/.env/lib/python3.8/site-packages/airflow/example_dags/example_bash_operator.py for tasks to queue
[2022-08-09 00:12:33,997] {logging_mixin.py:115} INFO - [2022-08-09 00:12:33,997] {dagbag.py:508} INFO - Filling up the DagBag from /home/renan/datapipeline/.env/lib/python3.8/site-packages/airflow/example_dags/example_bash_operator.py
[2022-08-09 00:12:34,006] {processor.py:651} INFO - DAG(s) dict_keys(['example_bash_operator']) retrieved from /home/renan/datapipeline/.env/lib/python3.8/site-packages/airflow/example_dags/example_bash_operator.py
[2022-08-09 00:12:34,015] {logging_mixin.py:115} INFO - [2022-08-09 00:12:34,015] {dag.py:2420} INFO - Sync 1 DAGs
[2022-08-09 00:12:34,025] {logging_mixin.py:115} INFO - [2022-08-09 00:12:34,025] {dag.py:2968} INFO - Setting next_dagrun for example_bash_operator to 2022-08-08T00:00:00+00:00, run_after=2022-08-09T00:00:00+00:00
[2022-08-09 00:12:34,033] {processor.py:161} INFO - Processing /home/renan/datapipeline/.env/lib/python3.8/site-packages/airflow/example_dags/example_bash_operator.py took 0.039 seconds
[2022-08-09 00:13:07,340] {processor.py:153} INFO - Started process (PID=11365) to work on /home/renan/datapipeline/.env/lib/python3.8/site-packages/airflow/example_dags/example_bash_operator.py
[2022-08-09 00:13:07,340] {processor.py:641} INFO - Processing file /home/renan/datapipeline/.env/lib/python3.8/site-packages/airflow/example_dags/example_bash_operator.py for tasks to queue
[2022-08-09 00:13:07,341] {logging_mixin.py:115} INFO - [2022-08-09 00:13:07,341] {dagbag.py:508} INFO - Filling up the DagBag from /home/renan/datapipeline/.env/lib/python3.8/site-packages/airflow/example_dags/example_bash_operator.py
[2022-08-09 00:13:07,353] {processor.py:651} INFO - DAG(s) dict_keys(['example_bash_operator']) retrieved from /home/renan/datapipeline/.env/lib/python3.8/site-packages/airflow/example_dags/example_bash_operator.py
[2022-08-09 00:13:07,363] {logging_mixin.py:115} INFO - [2022-08-09 00:13:07,363] {dag.py:2420} INFO - Sync 1 DAGs
[2022-08-09 00:13:07,375] {logging_mixin.py:115} INFO - [2022-08-09 00:13:07,375] {dag.py:2968} INFO - Setting next_dagrun for example_bash_operator to 2022-08-08T00:00:00+00:00, run_after=2022-08-09T00:00:00+00:00
[2022-08-09 00:13:07,385] {processor.py:161} INFO - Processing /home/renan/datapipeline/.env/lib/python3.8/site-packages/airflow/example_dags/example_bash_operator.py took 0.047 seconds
[2022-08-09 00:13:39,567] {processor.py:153} INFO - Started process (PID=11400) to work on /home/renan/datapipeline/.env/lib/python3.8/site-packages/airflow/example_dags/example_bash_operator.py
[2022-08-09 00:13:39,567] {processor.py:641} INFO - Processing file /home/renan/datapipeline/.env/lib/python3.8/site-packages/airflow/example_dags/example_bash_operator.py for tasks to queue
[2022-08-09 00:13:39,567] {logging_mixin.py:115} INFO - [2022-08-09 00:13:39,567] {dagbag.py:508} INFO - Filling up the DagBag from /home/renan/datapipeline/.env/lib/python3.8/site-packages/airflow/example_dags/example_bash_operator.py
[2022-08-09 00:13:39,577] {processor.py:651} INFO - DAG(s) dict_keys(['example_bash_operator']) retrieved from /home/renan/datapipeline/.env/lib/python3.8/site-packages/airflow/example_dags/example_bash_operator.py
[2022-08-09 00:13:39,587] {logging_mixin.py:115} INFO - [2022-08-09 00:13:39,587] {dag.py:2420} INFO - Sync 1 DAGs
[2022-08-09 00:13:39,598] {logging_mixin.py:115} INFO - [2022-08-09 00:13:39,598] {dag.py:2968} INFO - Setting next_dagrun for example_bash_operator to 2022-08-08T00:00:00+00:00, run_after=2022-08-09T00:00:00+00:00
[2022-08-09 00:13:39,608] {processor.py:161} INFO - Processing /home/renan/datapipeline/.env/lib/python3.8/site-packages/airflow/example_dags/example_bash_operator.py took 0.044 seconds
[2022-08-09 00:14:14,347] {processor.py:153} INFO - Started process (PID=11486) to work on /home/renan/datapipeline/.env/lib/python3.8/site-packages/airflow/example_dags/example_bash_operator.py
[2022-08-09 00:14:14,347] {processor.py:641} INFO - Processing file /home/renan/datapipeline/.env/lib/python3.8/site-packages/airflow/example_dags/example_bash_operator.py for tasks to queue
[2022-08-09 00:14:14,347] {logging_mixin.py:115} INFO - [2022-08-09 00:14:14,347] {dagbag.py:508} INFO - Filling up the DagBag from /home/renan/datapipeline/.env/lib/python3.8/site-packages/airflow/example_dags/example_bash_operator.py
[2022-08-09 00:14:14,354] {processor.py:651} INFO - DAG(s) dict_keys(['example_bash_operator']) retrieved from /home/renan/datapipeline/.env/lib/python3.8/site-packages/airflow/example_dags/example_bash_operator.py
[2022-08-09 00:14:14,363] {logging_mixin.py:115} INFO - [2022-08-09 00:14:14,363] {dag.py:2420} INFO - Sync 1 DAGs
[2022-08-09 00:14:14,373] {logging_mixin.py:115} INFO - [2022-08-09 00:14:14,373] {dag.py:2968} INFO - Setting next_dagrun for example_bash_operator to 2022-08-08T00:00:00+00:00, run_after=2022-08-09T00:00:00+00:00
[2022-08-09 00:14:14,383] {processor.py:161} INFO - Processing /home/renan/datapipeline/.env/lib/python3.8/site-packages/airflow/example_dags/example_bash_operator.py took 0.038 seconds
[2022-08-09 00:14:47,396] {processor.py:153} INFO - Started process (PID=11532) to work on /home/renan/datapipeline/.env/lib/python3.8/site-packages/airflow/example_dags/example_bash_operator.py
[2022-08-09 00:14:47,396] {processor.py:641} INFO - Processing file /home/renan/datapipeline/.env/lib/python3.8/site-packages/airflow/example_dags/example_bash_operator.py for tasks to queue
[2022-08-09 00:14:47,396] {logging_mixin.py:115} INFO - [2022-08-09 00:14:47,396] {dagbag.py:508} INFO - Filling up the DagBag from /home/renan/datapipeline/.env/lib/python3.8/site-packages/airflow/example_dags/example_bash_operator.py
[2022-08-09 00:14:47,403] {processor.py:651} INFO - DAG(s) dict_keys(['example_bash_operator']) retrieved from /home/renan/datapipeline/.env/lib/python3.8/site-packages/airflow/example_dags/example_bash_operator.py
[2022-08-09 00:14:47,412] {logging_mixin.py:115} INFO - [2022-08-09 00:14:47,412] {dag.py:2420} INFO - Sync 1 DAGs
[2022-08-09 00:14:47,423] {logging_mixin.py:115} INFO - [2022-08-09 00:14:47,423] {dag.py:2968} INFO - Setting next_dagrun for example_bash_operator to 2022-08-08T00:00:00+00:00, run_after=2022-08-09T00:00:00+00:00
[2022-08-09 00:14:47,432] {processor.py:161} INFO - Processing /home/renan/datapipeline/.env/lib/python3.8/site-packages/airflow/example_dags/example_bash_operator.py took 0.038 seconds
[2022-08-09 00:15:23,291] {processor.py:153} INFO - Started process (PID=11574) to work on /home/renan/datapipeline/.env/lib/python3.8/site-packages/airflow/example_dags/example_bash_operator.py
[2022-08-09 00:15:23,292] {processor.py:641} INFO - Processing file /home/renan/datapipeline/.env/lib/python3.8/site-packages/airflow/example_dags/example_bash_operator.py for tasks to queue
[2022-08-09 00:15:23,292] {logging_mixin.py:115} INFO - [2022-08-09 00:15:23,292] {dagbag.py:508} INFO - Filling up the DagBag from /home/renan/datapipeline/.env/lib/python3.8/site-packages/airflow/example_dags/example_bash_operator.py
[2022-08-09 00:15:23,300] {processor.py:651} INFO - DAG(s) dict_keys(['example_bash_operator']) retrieved from /home/renan/datapipeline/.env/lib/python3.8/site-packages/airflow/example_dags/example_bash_operator.py
[2022-08-09 00:15:23,311] {logging_mixin.py:115} INFO - [2022-08-09 00:15:23,310] {dag.py:2420} INFO - Sync 1 DAGs
[2022-08-09 00:15:23,322] {logging_mixin.py:115} INFO - [2022-08-09 00:15:23,322] {dag.py:2968} INFO - Setting next_dagrun for example_bash_operator to 2022-08-08T00:00:00+00:00, run_after=2022-08-09T00:00:00+00:00
[2022-08-09 00:15:23,334] {processor.py:161} INFO - Processing /home/renan/datapipeline/.env/lib/python3.8/site-packages/airflow/example_dags/example_bash_operator.py took 0.044 seconds
[2022-08-09 00:15:58,093] {processor.py:153} INFO - Started process (PID=11656) to work on /home/renan/datapipeline/.env/lib/python3.8/site-packages/airflow/example_dags/example_bash_operator.py
[2022-08-09 00:15:58,093] {processor.py:641} INFO - Processing file /home/renan/datapipeline/.env/lib/python3.8/site-packages/airflow/example_dags/example_bash_operator.py for tasks to queue
[2022-08-09 00:15:58,094] {logging_mixin.py:115} INFO - [2022-08-09 00:15:58,094] {dagbag.py:508} INFO - Filling up the DagBag from /home/renan/datapipeline/.env/lib/python3.8/site-packages/airflow/example_dags/example_bash_operator.py
[2022-08-09 00:15:58,101] {processor.py:651} INFO - DAG(s) dict_keys(['example_bash_operator']) retrieved from /home/renan/datapipeline/.env/lib/python3.8/site-packages/airflow/example_dags/example_bash_operator.py
[2022-08-09 00:15:58,111] {logging_mixin.py:115} INFO - [2022-08-09 00:15:58,111] {dag.py:2420} INFO - Sync 1 DAGs
[2022-08-09 00:15:58,122] {logging_mixin.py:115} INFO - [2022-08-09 00:15:58,122] {dag.py:2968} INFO - Setting next_dagrun for example_bash_operator to 2022-08-08T00:00:00+00:00, run_after=2022-08-09T00:00:00+00:00
[2022-08-09 00:15:58,131] {processor.py:161} INFO - Processing /home/renan/datapipeline/.env/lib/python3.8/site-packages/airflow/example_dags/example_bash_operator.py took 0.040 seconds
[2022-08-09 00:16:33,719] {processor.py:153} INFO - Started process (PID=11704) to work on /home/renan/datapipeline/.env/lib/python3.8/site-packages/airflow/example_dags/example_bash_operator.py
[2022-08-09 00:16:33,719] {processor.py:641} INFO - Processing file /home/renan/datapipeline/.env/lib/python3.8/site-packages/airflow/example_dags/example_bash_operator.py for tasks to queue
[2022-08-09 00:16:33,719] {logging_mixin.py:115} INFO - [2022-08-09 00:16:33,719] {dagbag.py:508} INFO - Filling up the DagBag from /home/renan/datapipeline/.env/lib/python3.8/site-packages/airflow/example_dags/example_bash_operator.py
[2022-08-09 00:16:33,729] {processor.py:651} INFO - DAG(s) dict_keys(['example_bash_operator']) retrieved from /home/renan/datapipeline/.env/lib/python3.8/site-packages/airflow/example_dags/example_bash_operator.py
[2022-08-09 00:16:33,739] {logging_mixin.py:115} INFO - [2022-08-09 00:16:33,739] {dag.py:2420} INFO - Sync 1 DAGs
[2022-08-09 00:16:33,750] {logging_mixin.py:115} INFO - [2022-08-09 00:16:33,750] {dag.py:2968} INFO - Setting next_dagrun for example_bash_operator to 2022-08-08T00:00:00+00:00, run_after=2022-08-09T00:00:00+00:00
[2022-08-09 00:16:33,760] {processor.py:161} INFO - Processing /home/renan/datapipeline/.env/lib/python3.8/site-packages/airflow/example_dags/example_bash_operator.py took 0.044 seconds
[2022-08-09 00:17:09,295] {processor.py:153} INFO - Started process (PID=11767) to work on /home/renan/datapipeline/.env/lib/python3.8/site-packages/airflow/example_dags/example_bash_operator.py
[2022-08-09 00:17:09,295] {processor.py:641} INFO - Processing file /home/renan/datapipeline/.env/lib/python3.8/site-packages/airflow/example_dags/example_bash_operator.py for tasks to queue
[2022-08-09 00:17:09,296] {logging_mixin.py:115} INFO - [2022-08-09 00:17:09,296] {dagbag.py:508} INFO - Filling up the DagBag from /home/renan/datapipeline/.env/lib/python3.8/site-packages/airflow/example_dags/example_bash_operator.py
[2022-08-09 00:17:09,306] {processor.py:651} INFO - DAG(s) dict_keys(['example_bash_operator']) retrieved from /home/renan/datapipeline/.env/lib/python3.8/site-packages/airflow/example_dags/example_bash_operator.py
[2022-08-09 00:17:09,318] {logging_mixin.py:115} INFO - [2022-08-09 00:17:09,318] {dag.py:2420} INFO - Sync 1 DAGs
[2022-08-09 00:17:09,329] {logging_mixin.py:115} INFO - [2022-08-09 00:17:09,329] {dag.py:2968} INFO - Setting next_dagrun for example_bash_operator to 2022-08-08T00:00:00+00:00, run_after=2022-08-09T00:00:00+00:00
[2022-08-09 00:17:09,339] {processor.py:161} INFO - Processing /home/renan/datapipeline/.env/lib/python3.8/site-packages/airflow/example_dags/example_bash_operator.py took 0.046 seconds
[2022-08-09 00:17:40,712] {processor.py:153} INFO - Started process (PID=11803) to work on /home/renan/datapipeline/.env/lib/python3.8/site-packages/airflow/example_dags/example_bash_operator.py
[2022-08-09 00:17:40,713] {processor.py:641} INFO - Processing file /home/renan/datapipeline/.env/lib/python3.8/site-packages/airflow/example_dags/example_bash_operator.py for tasks to queue
[2022-08-09 00:17:40,713] {logging_mixin.py:115} INFO - [2022-08-09 00:17:40,713] {dagbag.py:508} INFO - Filling up the DagBag from /home/renan/datapipeline/.env/lib/python3.8/site-packages/airflow/example_dags/example_bash_operator.py
[2022-08-09 00:17:40,720] {processor.py:651} INFO - DAG(s) dict_keys(['example_bash_operator']) retrieved from /home/renan/datapipeline/.env/lib/python3.8/site-packages/airflow/example_dags/example_bash_operator.py
[2022-08-09 00:17:40,729] {logging_mixin.py:115} INFO - [2022-08-09 00:17:40,729] {dag.py:2420} INFO - Sync 1 DAGs
[2022-08-09 00:17:40,740] {logging_mixin.py:115} INFO - [2022-08-09 00:17:40,740] {dag.py:2968} INFO - Setting next_dagrun for example_bash_operator to 2022-08-08T00:00:00+00:00, run_after=2022-08-09T00:00:00+00:00
[2022-08-09 00:17:40,749] {processor.py:161} INFO - Processing /home/renan/datapipeline/.env/lib/python3.8/site-packages/airflow/example_dags/example_bash_operator.py took 0.038 seconds
[2022-08-09 00:18:12,646] {processor.py:153} INFO - Started process (PID=11838) to work on /home/renan/datapipeline/.env/lib/python3.8/site-packages/airflow/example_dags/example_bash_operator.py
[2022-08-09 00:18:12,647] {processor.py:641} INFO - Processing file /home/renan/datapipeline/.env/lib/python3.8/site-packages/airflow/example_dags/example_bash_operator.py for tasks to queue
[2022-08-09 00:18:12,647] {logging_mixin.py:115} INFO - [2022-08-09 00:18:12,647] {dagbag.py:508} INFO - Filling up the DagBag from /home/renan/datapipeline/.env/lib/python3.8/site-packages/airflow/example_dags/example_bash_operator.py
[2022-08-09 00:18:12,654] {processor.py:651} INFO - DAG(s) dict_keys(['example_bash_operator']) retrieved from /home/renan/datapipeline/.env/lib/python3.8/site-packages/airflow/example_dags/example_bash_operator.py
[2022-08-09 00:18:12,664] {logging_mixin.py:115} INFO - [2022-08-09 00:18:12,664] {dag.py:2420} INFO - Sync 1 DAGs
[2022-08-09 00:18:12,675] {logging_mixin.py:115} INFO - [2022-08-09 00:18:12,675] {dag.py:2968} INFO - Setting next_dagrun for example_bash_operator to 2022-08-08T00:00:00+00:00, run_after=2022-08-09T00:00:00+00:00
[2022-08-09 00:18:12,685] {processor.py:161} INFO - Processing /home/renan/datapipeline/.env/lib/python3.8/site-packages/airflow/example_dags/example_bash_operator.py took 0.040 seconds
[2022-08-09 00:18:48,546] {processor.py:153} INFO - Started process (PID=11875) to work on /home/renan/datapipeline/.env/lib/python3.8/site-packages/airflow/example_dags/example_bash_operator.py
[2022-08-09 00:18:48,547] {processor.py:641} INFO - Processing file /home/renan/datapipeline/.env/lib/python3.8/site-packages/airflow/example_dags/example_bash_operator.py for tasks to queue
[2022-08-09 00:18:48,547] {logging_mixin.py:115} INFO - [2022-08-09 00:18:48,547] {dagbag.py:508} INFO - Filling up the DagBag from /home/renan/datapipeline/.env/lib/python3.8/site-packages/airflow/example_dags/example_bash_operator.py
[2022-08-09 00:18:48,555] {processor.py:651} INFO - DAG(s) dict_keys(['example_bash_operator']) retrieved from /home/renan/datapipeline/.env/lib/python3.8/site-packages/airflow/example_dags/example_bash_operator.py
[2022-08-09 00:18:48,565] {logging_mixin.py:115} INFO - [2022-08-09 00:18:48,565] {dag.py:2420} INFO - Sync 1 DAGs
[2022-08-09 00:18:48,576] {logging_mixin.py:115} INFO - [2022-08-09 00:18:48,576] {dag.py:2968} INFO - Setting next_dagrun for example_bash_operator to 2022-08-08T00:00:00+00:00, run_after=2022-08-09T00:00:00+00:00
[2022-08-09 00:18:48,586] {processor.py:161} INFO - Processing /home/renan/datapipeline/.env/lib/python3.8/site-packages/airflow/example_dags/example_bash_operator.py took 0.041 seconds
[2022-08-09 00:19:21,540] {processor.py:153} INFO - Started process (PID=11911) to work on /home/renan/datapipeline/.env/lib/python3.8/site-packages/airflow/example_dags/example_bash_operator.py
[2022-08-09 00:19:21,541] {processor.py:641} INFO - Processing file /home/renan/datapipeline/.env/lib/python3.8/site-packages/airflow/example_dags/example_bash_operator.py for tasks to queue
[2022-08-09 00:19:21,541] {logging_mixin.py:115} INFO - [2022-08-09 00:19:21,541] {dagbag.py:508} INFO - Filling up the DagBag from /home/renan/datapipeline/.env/lib/python3.8/site-packages/airflow/example_dags/example_bash_operator.py
[2022-08-09 00:19:21,549] {processor.py:651} INFO - DAG(s) dict_keys(['example_bash_operator']) retrieved from /home/renan/datapipeline/.env/lib/python3.8/site-packages/airflow/example_dags/example_bash_operator.py
[2022-08-09 00:19:21,559] {logging_mixin.py:115} INFO - [2022-08-09 00:19:21,558] {dag.py:2420} INFO - Sync 1 DAGs
[2022-08-09 00:19:21,571] {logging_mixin.py:115} INFO - [2022-08-09 00:19:21,570] {dag.py:2968} INFO - Setting next_dagrun for example_bash_operator to 2022-08-08T00:00:00+00:00, run_after=2022-08-09T00:00:00+00:00
[2022-08-09 00:19:21,580] {processor.py:161} INFO - Processing /home/renan/datapipeline/.env/lib/python3.8/site-packages/airflow/example_dags/example_bash_operator.py took 0.042 seconds
[2022-08-09 00:19:58,594] {processor.py:153} INFO - Started process (PID=11949) to work on /home/renan/datapipeline/.env/lib/python3.8/site-packages/airflow/example_dags/example_bash_operator.py
[2022-08-09 00:19:58,594] {processor.py:641} INFO - Processing file /home/renan/datapipeline/.env/lib/python3.8/site-packages/airflow/example_dags/example_bash_operator.py for tasks to queue
[2022-08-09 00:19:58,594] {logging_mixin.py:115} INFO - [2022-08-09 00:19:58,594] {dagbag.py:508} INFO - Filling up the DagBag from /home/renan/datapipeline/.env/lib/python3.8/site-packages/airflow/example_dags/example_bash_operator.py
[2022-08-09 00:19:58,602] {processor.py:651} INFO - DAG(s) dict_keys(['example_bash_operator']) retrieved from /home/renan/datapipeline/.env/lib/python3.8/site-packages/airflow/example_dags/example_bash_operator.py
[2022-08-09 00:19:58,611] {logging_mixin.py:115} INFO - [2022-08-09 00:19:58,611] {dag.py:2420} INFO - Sync 1 DAGs
[2022-08-09 00:19:58,621] {logging_mixin.py:115} INFO - [2022-08-09 00:19:58,621] {dag.py:2968} INFO - Setting next_dagrun for example_bash_operator to 2022-08-08T00:00:00+00:00, run_after=2022-08-09T00:00:00+00:00
[2022-08-09 00:19:58,630] {processor.py:161} INFO - Processing /home/renan/datapipeline/.env/lib/python3.8/site-packages/airflow/example_dags/example_bash_operator.py took 0.038 seconds
[2022-08-09 00:20:29,971] {processor.py:153} INFO - Started process (PID=11988) to work on /home/renan/datapipeline/.env/lib/python3.8/site-packages/airflow/example_dags/example_bash_operator.py
[2022-08-09 00:20:29,972] {processor.py:641} INFO - Processing file /home/renan/datapipeline/.env/lib/python3.8/site-packages/airflow/example_dags/example_bash_operator.py for tasks to queue
[2022-08-09 00:20:29,972] {logging_mixin.py:115} INFO - [2022-08-09 00:20:29,972] {dagbag.py:508} INFO - Filling up the DagBag from /home/renan/datapipeline/.env/lib/python3.8/site-packages/airflow/example_dags/example_bash_operator.py
[2022-08-09 00:20:29,979] {processor.py:651} INFO - DAG(s) dict_keys(['example_bash_operator']) retrieved from /home/renan/datapipeline/.env/lib/python3.8/site-packages/airflow/example_dags/example_bash_operator.py
[2022-08-09 00:20:29,988] {logging_mixin.py:115} INFO - [2022-08-09 00:20:29,988] {dag.py:2420} INFO - Sync 1 DAGs
[2022-08-09 00:20:29,999] {logging_mixin.py:115} INFO - [2022-08-09 00:20:29,999] {dag.py:2968} INFO - Setting next_dagrun for example_bash_operator to 2022-08-08T00:00:00+00:00, run_after=2022-08-09T00:00:00+00:00
[2022-08-09 00:20:30,008] {processor.py:161} INFO - Processing /home/renan/datapipeline/.env/lib/python3.8/site-packages/airflow/example_dags/example_bash_operator.py took 0.038 seconds
[2022-08-09 00:21:05,003] {processor.py:153} INFO - Started process (PID=12026) to work on /home/renan/datapipeline/.env/lib/python3.8/site-packages/airflow/example_dags/example_bash_operator.py
[2022-08-09 00:21:05,004] {processor.py:641} INFO - Processing file /home/renan/datapipeline/.env/lib/python3.8/site-packages/airflow/example_dags/example_bash_operator.py for tasks to queue
[2022-08-09 00:21:05,004] {logging_mixin.py:115} INFO - [2022-08-09 00:21:05,004] {dagbag.py:508} INFO - Filling up the DagBag from /home/renan/datapipeline/.env/lib/python3.8/site-packages/airflow/example_dags/example_bash_operator.py
[2022-08-09 00:21:05,011] {processor.py:651} INFO - DAG(s) dict_keys(['example_bash_operator']) retrieved from /home/renan/datapipeline/.env/lib/python3.8/site-packages/airflow/example_dags/example_bash_operator.py
[2022-08-09 00:21:05,020] {logging_mixin.py:115} INFO - [2022-08-09 00:21:05,020] {dag.py:2420} INFO - Sync 1 DAGs
[2022-08-09 00:21:05,031] {logging_mixin.py:115} INFO - [2022-08-09 00:21:05,031] {dag.py:2968} INFO - Setting next_dagrun for example_bash_operator to 2022-08-08T00:00:00+00:00, run_after=2022-08-09T00:00:00+00:00
[2022-08-09 00:21:05,042] {processor.py:161} INFO - Processing /home/renan/datapipeline/.env/lib/python3.8/site-packages/airflow/example_dags/example_bash_operator.py took 0.041 seconds
[2022-08-09 00:21:40,037] {processor.py:153} INFO - Started process (PID=12178) to work on /home/renan/datapipeline/.env/lib/python3.8/site-packages/airflow/example_dags/example_bash_operator.py
[2022-08-09 00:21:40,037] {processor.py:641} INFO - Processing file /home/renan/datapipeline/.env/lib/python3.8/site-packages/airflow/example_dags/example_bash_operator.py for tasks to queue
[2022-08-09 00:21:40,037] {logging_mixin.py:115} INFO - [2022-08-09 00:21:40,037] {dagbag.py:508} INFO - Filling up the DagBag from /home/renan/datapipeline/.env/lib/python3.8/site-packages/airflow/example_dags/example_bash_operator.py
[2022-08-09 00:21:40,044] {processor.py:651} INFO - DAG(s) dict_keys(['example_bash_operator']) retrieved from /home/renan/datapipeline/.env/lib/python3.8/site-packages/airflow/example_dags/example_bash_operator.py
[2022-08-09 00:21:40,054] {logging_mixin.py:115} INFO - [2022-08-09 00:21:40,054] {dag.py:2420} INFO - Sync 1 DAGs
[2022-08-09 00:21:40,064] {logging_mixin.py:115} INFO - [2022-08-09 00:21:40,064] {dag.py:2968} INFO - Setting next_dagrun for example_bash_operator to 2022-08-08T00:00:00+00:00, run_after=2022-08-09T00:00:00+00:00
[2022-08-09 00:21:40,074] {processor.py:161} INFO - Processing /home/renan/datapipeline/.env/lib/python3.8/site-packages/airflow/example_dags/example_bash_operator.py took 0.039 seconds
[2022-08-09 00:22:13,648] {processor.py:153} INFO - Started process (PID=12280) to work on /home/renan/datapipeline/.env/lib/python3.8/site-packages/airflow/example_dags/example_bash_operator.py
[2022-08-09 00:22:13,648] {processor.py:641} INFO - Processing file /home/renan/datapipeline/.env/lib/python3.8/site-packages/airflow/example_dags/example_bash_operator.py for tasks to queue
[2022-08-09 00:22:13,649] {logging_mixin.py:115} INFO - [2022-08-09 00:22:13,649] {dagbag.py:508} INFO - Filling up the DagBag from /home/renan/datapipeline/.env/lib/python3.8/site-packages/airflow/example_dags/example_bash_operator.py
[2022-08-09 00:22:13,656] {processor.py:651} INFO - DAG(s) dict_keys(['example_bash_operator']) retrieved from /home/renan/datapipeline/.env/lib/python3.8/site-packages/airflow/example_dags/example_bash_operator.py
[2022-08-09 00:22:13,665] {logging_mixin.py:115} INFO - [2022-08-09 00:22:13,665] {dag.py:2420} INFO - Sync 1 DAGs
[2022-08-09 00:22:13,675] {logging_mixin.py:115} INFO - [2022-08-09 00:22:13,675] {dag.py:2968} INFO - Setting next_dagrun for example_bash_operator to 2022-08-08T00:00:00+00:00, run_after=2022-08-09T00:00:00+00:00
[2022-08-09 00:22:13,684] {processor.py:161} INFO - Processing /home/renan/datapipeline/.env/lib/python3.8/site-packages/airflow/example_dags/example_bash_operator.py took 0.038 seconds
[2022-08-09 00:22:46,281] {processor.py:153} INFO - Started process (PID=12314) to work on /home/renan/datapipeline/.env/lib/python3.8/site-packages/airflow/example_dags/example_bash_operator.py
[2022-08-09 00:22:46,282] {processor.py:641} INFO - Processing file /home/renan/datapipeline/.env/lib/python3.8/site-packages/airflow/example_dags/example_bash_operator.py for tasks to queue
[2022-08-09 00:22:46,283] {logging_mixin.py:115} INFO - [2022-08-09 00:22:46,283] {dagbag.py:508} INFO - Filling up the DagBag from /home/renan/datapipeline/.env/lib/python3.8/site-packages/airflow/example_dags/example_bash_operator.py
[2022-08-09 00:22:46,290] {processor.py:651} INFO - DAG(s) dict_keys(['example_bash_operator']) retrieved from /home/renan/datapipeline/.env/lib/python3.8/site-packages/airflow/example_dags/example_bash_operator.py
[2022-08-09 00:22:46,300] {logging_mixin.py:115} INFO - [2022-08-09 00:22:46,300] {dag.py:2420} INFO - Sync 1 DAGs
[2022-08-09 00:22:46,311] {logging_mixin.py:115} INFO - [2022-08-09 00:22:46,311] {dag.py:2968} INFO - Setting next_dagrun for example_bash_operator to 2022-08-08T00:00:00+00:00, run_after=2022-08-09T00:00:00+00:00
[2022-08-09 00:22:46,323] {processor.py:161} INFO - Processing /home/renan/datapipeline/.env/lib/python3.8/site-packages/airflow/example_dags/example_bash_operator.py took 0.044 seconds
[2022-08-09 00:23:18,446] {processor.py:153} INFO - Started process (PID=12354) to work on /home/renan/datapipeline/.env/lib/python3.8/site-packages/airflow/example_dags/example_bash_operator.py
[2022-08-09 00:23:18,446] {processor.py:641} INFO - Processing file /home/renan/datapipeline/.env/lib/python3.8/site-packages/airflow/example_dags/example_bash_operator.py for tasks to queue
[2022-08-09 00:23:18,446] {logging_mixin.py:115} INFO - [2022-08-09 00:23:18,446] {dagbag.py:508} INFO - Filling up the DagBag from /home/renan/datapipeline/.env/lib/python3.8/site-packages/airflow/example_dags/example_bash_operator.py
[2022-08-09 00:23:18,453] {processor.py:651} INFO - DAG(s) dict_keys(['example_bash_operator']) retrieved from /home/renan/datapipeline/.env/lib/python3.8/site-packages/airflow/example_dags/example_bash_operator.py
[2022-08-09 00:23:18,462] {logging_mixin.py:115} INFO - [2022-08-09 00:23:18,462] {dag.py:2420} INFO - Sync 1 DAGs
[2022-08-09 00:23:18,476] {logging_mixin.py:115} INFO - [2022-08-09 00:23:18,476] {dag.py:2968} INFO - Setting next_dagrun for example_bash_operator to 2022-08-08T00:00:00+00:00, run_after=2022-08-09T00:00:00+00:00
[2022-08-09 00:23:18,484] {processor.py:161} INFO - Processing /home/renan/datapipeline/.env/lib/python3.8/site-packages/airflow/example_dags/example_bash_operator.py took 0.040 seconds
[2022-08-09 00:23:52,394] {processor.py:153} INFO - Started process (PID=12392) to work on /home/renan/datapipeline/.env/lib/python3.8/site-packages/airflow/example_dags/example_bash_operator.py
[2022-08-09 00:23:52,394] {processor.py:641} INFO - Processing file /home/renan/datapipeline/.env/lib/python3.8/site-packages/airflow/example_dags/example_bash_operator.py for tasks to queue
[2022-08-09 00:23:52,394] {logging_mixin.py:115} INFO - [2022-08-09 00:23:52,394] {dagbag.py:508} INFO - Filling up the DagBag from /home/renan/datapipeline/.env/lib/python3.8/site-packages/airflow/example_dags/example_bash_operator.py
[2022-08-09 00:23:52,402] {processor.py:651} INFO - DAG(s) dict_keys(['example_bash_operator']) retrieved from /home/renan/datapipeline/.env/lib/python3.8/site-packages/airflow/example_dags/example_bash_operator.py
[2022-08-09 00:23:52,411] {logging_mixin.py:115} INFO - [2022-08-09 00:23:52,411] {dag.py:2420} INFO - Sync 1 DAGs
[2022-08-09 00:23:52,422] {logging_mixin.py:115} INFO - [2022-08-09 00:23:52,422] {dag.py:2968} INFO - Setting next_dagrun for example_bash_operator to 2022-08-08T00:00:00+00:00, run_after=2022-08-09T00:00:00+00:00
[2022-08-09 00:23:52,431] {processor.py:161} INFO - Processing /home/renan/datapipeline/.env/lib/python3.8/site-packages/airflow/example_dags/example_bash_operator.py took 0.039 seconds
[2022-08-09 00:24:28,336] {processor.py:153} INFO - Started process (PID=12458) to work on /home/renan/datapipeline/.env/lib/python3.8/site-packages/airflow/example_dags/example_bash_operator.py
[2022-08-09 00:24:28,337] {processor.py:641} INFO - Processing file /home/renan/datapipeline/.env/lib/python3.8/site-packages/airflow/example_dags/example_bash_operator.py for tasks to queue
[2022-08-09 00:24:28,337] {logging_mixin.py:115} INFO - [2022-08-09 00:24:28,337] {dagbag.py:508} INFO - Filling up the DagBag from /home/renan/datapipeline/.env/lib/python3.8/site-packages/airflow/example_dags/example_bash_operator.py
[2022-08-09 00:24:28,344] {processor.py:651} INFO - DAG(s) dict_keys(['example_bash_operator']) retrieved from /home/renan/datapipeline/.env/lib/python3.8/site-packages/airflow/example_dags/example_bash_operator.py
[2022-08-09 00:24:28,354] {logging_mixin.py:115} INFO - [2022-08-09 00:24:28,354] {dag.py:2420} INFO - Sync 1 DAGs
[2022-08-09 00:24:28,366] {logging_mixin.py:115} INFO - [2022-08-09 00:24:28,365] {dag.py:2968} INFO - Setting next_dagrun for example_bash_operator to 2022-08-08T00:00:00+00:00, run_after=2022-08-09T00:00:00+00:00
[2022-08-09 00:24:28,376] {processor.py:161} INFO - Processing /home/renan/datapipeline/.env/lib/python3.8/site-packages/airflow/example_dags/example_bash_operator.py took 0.041 seconds
[2022-08-09 00:25:01,328] {processor.py:153} INFO - Started process (PID=12495) to work on /home/renan/datapipeline/.env/lib/python3.8/site-packages/airflow/example_dags/example_bash_operator.py
[2022-08-09 00:25:01,329] {processor.py:641} INFO - Processing file /home/renan/datapipeline/.env/lib/python3.8/site-packages/airflow/example_dags/example_bash_operator.py for tasks to queue
[2022-08-09 00:25:01,329] {logging_mixin.py:115} INFO - [2022-08-09 00:25:01,329] {dagbag.py:508} INFO - Filling up the DagBag from /home/renan/datapipeline/.env/lib/python3.8/site-packages/airflow/example_dags/example_bash_operator.py
[2022-08-09 00:25:01,336] {processor.py:651} INFO - DAG(s) dict_keys(['example_bash_operator']) retrieved from /home/renan/datapipeline/.env/lib/python3.8/site-packages/airflow/example_dags/example_bash_operator.py
[2022-08-09 00:25:01,345] {logging_mixin.py:115} INFO - [2022-08-09 00:25:01,345] {dag.py:2420} INFO - Sync 1 DAGs
[2022-08-09 00:25:01,356] {logging_mixin.py:115} INFO - [2022-08-09 00:25:01,356] {dag.py:2968} INFO - Setting next_dagrun for example_bash_operator to 2022-08-08T00:00:00+00:00, run_after=2022-08-09T00:00:00+00:00
[2022-08-09 00:25:01,364] {processor.py:161} INFO - Processing /home/renan/datapipeline/.env/lib/python3.8/site-packages/airflow/example_dags/example_bash_operator.py took 0.038 seconds
[2022-08-09 00:25:33,884] {processor.py:153} INFO - Started process (PID=12536) to work on /home/renan/datapipeline/.env/lib/python3.8/site-packages/airflow/example_dags/example_bash_operator.py
[2022-08-09 00:25:33,884] {processor.py:641} INFO - Processing file /home/renan/datapipeline/.env/lib/python3.8/site-packages/airflow/example_dags/example_bash_operator.py for tasks to queue
[2022-08-09 00:25:33,885] {logging_mixin.py:115} INFO - [2022-08-09 00:25:33,884] {dagbag.py:508} INFO - Filling up the DagBag from /home/renan/datapipeline/.env/lib/python3.8/site-packages/airflow/example_dags/example_bash_operator.py
[2022-08-09 00:25:33,892] {processor.py:651} INFO - DAG(s) dict_keys(['example_bash_operator']) retrieved from /home/renan/datapipeline/.env/lib/python3.8/site-packages/airflow/example_dags/example_bash_operator.py
[2022-08-09 00:25:33,901] {logging_mixin.py:115} INFO - [2022-08-09 00:25:33,901] {dag.py:2420} INFO - Sync 1 DAGs
[2022-08-09 00:25:33,911] {logging_mixin.py:115} INFO - [2022-08-09 00:25:33,911] {dag.py:2968} INFO - Setting next_dagrun for example_bash_operator to 2022-08-08T00:00:00+00:00, run_after=2022-08-09T00:00:00+00:00
[2022-08-09 00:25:33,921] {processor.py:161} INFO - Processing /home/renan/datapipeline/.env/lib/python3.8/site-packages/airflow/example_dags/example_bash_operator.py took 0.038 seconds
[2022-08-09 00:26:07,508] {processor.py:153} INFO - Started process (PID=12572) to work on /home/renan/datapipeline/.env/lib/python3.8/site-packages/airflow/example_dags/example_bash_operator.py
[2022-08-09 00:26:07,509] {processor.py:641} INFO - Processing file /home/renan/datapipeline/.env/lib/python3.8/site-packages/airflow/example_dags/example_bash_operator.py for tasks to queue
[2022-08-09 00:26:07,510] {logging_mixin.py:115} INFO - [2022-08-09 00:26:07,510] {dagbag.py:508} INFO - Filling up the DagBag from /home/renan/datapipeline/.env/lib/python3.8/site-packages/airflow/example_dags/example_bash_operator.py
[2022-08-09 00:26:07,517] {processor.py:651} INFO - DAG(s) dict_keys(['example_bash_operator']) retrieved from /home/renan/datapipeline/.env/lib/python3.8/site-packages/airflow/example_dags/example_bash_operator.py
[2022-08-09 00:26:07,527] {logging_mixin.py:115} INFO - [2022-08-09 00:26:07,527] {dag.py:2420} INFO - Sync 1 DAGs
[2022-08-09 00:26:07,538] {logging_mixin.py:115} INFO - [2022-08-09 00:26:07,538] {dag.py:2968} INFO - Setting next_dagrun for example_bash_operator to 2022-08-08T00:00:00+00:00, run_after=2022-08-09T00:00:00+00:00
[2022-08-09 00:26:07,548] {processor.py:161} INFO - Processing /home/renan/datapipeline/.env/lib/python3.8/site-packages/airflow/example_dags/example_bash_operator.py took 0.041 seconds
[2022-08-09 00:26:39,434] {processor.py:153} INFO - Started process (PID=12608) to work on /home/renan/datapipeline/.env/lib/python3.8/site-packages/airflow/example_dags/example_bash_operator.py
[2022-08-09 00:26:39,435] {processor.py:641} INFO - Processing file /home/renan/datapipeline/.env/lib/python3.8/site-packages/airflow/example_dags/example_bash_operator.py for tasks to queue
[2022-08-09 00:26:39,435] {logging_mixin.py:115} INFO - [2022-08-09 00:26:39,435] {dagbag.py:508} INFO - Filling up the DagBag from /home/renan/datapipeline/.env/lib/python3.8/site-packages/airflow/example_dags/example_bash_operator.py
[2022-08-09 00:26:39,442] {processor.py:651} INFO - DAG(s) dict_keys(['example_bash_operator']) retrieved from /home/renan/datapipeline/.env/lib/python3.8/site-packages/airflow/example_dags/example_bash_operator.py
[2022-08-09 00:26:39,451] {logging_mixin.py:115} INFO - [2022-08-09 00:26:39,451] {dag.py:2420} INFO - Sync 1 DAGs
[2022-08-09 00:26:39,461] {logging_mixin.py:115} INFO - [2022-08-09 00:26:39,461] {dag.py:2968} INFO - Setting next_dagrun for example_bash_operator to 2022-08-08T00:00:00+00:00, run_after=2022-08-09T00:00:00+00:00
[2022-08-09 00:26:39,470] {processor.py:161} INFO - Processing /home/renan/datapipeline/.env/lib/python3.8/site-packages/airflow/example_dags/example_bash_operator.py took 0.038 seconds
[2022-08-09 00:27:13,633] {processor.py:153} INFO - Started process (PID=12648) to work on /home/renan/datapipeline/.env/lib/python3.8/site-packages/airflow/example_dags/example_bash_operator.py
[2022-08-09 00:27:13,633] {processor.py:641} INFO - Processing file /home/renan/datapipeline/.env/lib/python3.8/site-packages/airflow/example_dags/example_bash_operator.py for tasks to queue
[2022-08-09 00:27:13,634] {logging_mixin.py:115} INFO - [2022-08-09 00:27:13,633] {dagbag.py:508} INFO - Filling up the DagBag from /home/renan/datapipeline/.env/lib/python3.8/site-packages/airflow/example_dags/example_bash_operator.py
[2022-08-09 00:27:13,641] {processor.py:651} INFO - DAG(s) dict_keys(['example_bash_operator']) retrieved from /home/renan/datapipeline/.env/lib/python3.8/site-packages/airflow/example_dags/example_bash_operator.py
[2022-08-09 00:27:13,653] {logging_mixin.py:115} INFO - [2022-08-09 00:27:13,653] {dag.py:2420} INFO - Sync 1 DAGs
[2022-08-09 00:27:13,665] {logging_mixin.py:115} INFO - [2022-08-09 00:27:13,665] {dag.py:2968} INFO - Setting next_dagrun for example_bash_operator to 2022-08-08T00:00:00+00:00, run_after=2022-08-09T00:00:00+00:00
[2022-08-09 00:27:13,675] {processor.py:161} INFO - Processing /home/renan/datapipeline/.env/lib/python3.8/site-packages/airflow/example_dags/example_bash_operator.py took 0.044 seconds
[2022-08-09 00:27:46,130] {processor.py:153} INFO - Started process (PID=12712) to work on /home/renan/datapipeline/.env/lib/python3.8/site-packages/airflow/example_dags/example_bash_operator.py
[2022-08-09 00:27:46,130] {processor.py:641} INFO - Processing file /home/renan/datapipeline/.env/lib/python3.8/site-packages/airflow/example_dags/example_bash_operator.py for tasks to queue
[2022-08-09 00:27:46,130] {logging_mixin.py:115} INFO - [2022-08-09 00:27:46,130] {dagbag.py:508} INFO - Filling up the DagBag from /home/renan/datapipeline/.env/lib/python3.8/site-packages/airflow/example_dags/example_bash_operator.py
[2022-08-09 00:27:46,137] {processor.py:651} INFO - DAG(s) dict_keys(['example_bash_operator']) retrieved from /home/renan/datapipeline/.env/lib/python3.8/site-packages/airflow/example_dags/example_bash_operator.py
[2022-08-09 00:27:46,148] {logging_mixin.py:115} INFO - [2022-08-09 00:27:46,147] {dag.py:2420} INFO - Sync 1 DAGs
[2022-08-09 00:27:46,159] {logging_mixin.py:115} INFO - [2022-08-09 00:27:46,159] {dag.py:2968} INFO - Setting next_dagrun for example_bash_operator to 2022-08-08T00:00:00+00:00, run_after=2022-08-09T00:00:00+00:00
[2022-08-09 00:27:46,170] {processor.py:161} INFO - Processing /home/renan/datapipeline/.env/lib/python3.8/site-packages/airflow/example_dags/example_bash_operator.py took 0.042 seconds
[2022-08-09 00:28:19,058] {processor.py:153} INFO - Started process (PID=12904) to work on /home/renan/datapipeline/.env/lib/python3.8/site-packages/airflow/example_dags/example_bash_operator.py
[2022-08-09 00:28:19,059] {processor.py:641} INFO - Processing file /home/renan/datapipeline/.env/lib/python3.8/site-packages/airflow/example_dags/example_bash_operator.py for tasks to queue
[2022-08-09 00:28:19,060] {logging_mixin.py:115} INFO - [2022-08-09 00:28:19,060] {dagbag.py:508} INFO - Filling up the DagBag from /home/renan/datapipeline/.env/lib/python3.8/site-packages/airflow/example_dags/example_bash_operator.py
[2022-08-09 00:28:19,068] {processor.py:651} INFO - DAG(s) dict_keys(['example_bash_operator']) retrieved from /home/renan/datapipeline/.env/lib/python3.8/site-packages/airflow/example_dags/example_bash_operator.py
[2022-08-09 00:28:19,081] {logging_mixin.py:115} INFO - [2022-08-09 00:28:19,081] {dag.py:2420} INFO - Sync 1 DAGs
[2022-08-09 00:28:19,092] {logging_mixin.py:115} INFO - [2022-08-09 00:28:19,092] {dag.py:2968} INFO - Setting next_dagrun for example_bash_operator to 2022-08-08T00:00:00+00:00, run_after=2022-08-09T00:00:00+00:00
[2022-08-09 00:28:19,102] {processor.py:161} INFO - Processing /home/renan/datapipeline/.env/lib/python3.8/site-packages/airflow/example_dags/example_bash_operator.py took 0.045 seconds
[2022-08-09 00:28:52,882] {processor.py:153} INFO - Started process (PID=12963) to work on /home/renan/datapipeline/.env/lib/python3.8/site-packages/airflow/example_dags/example_bash_operator.py
[2022-08-09 00:28:52,883] {processor.py:641} INFO - Processing file /home/renan/datapipeline/.env/lib/python3.8/site-packages/airflow/example_dags/example_bash_operator.py for tasks to queue
[2022-08-09 00:28:52,883] {logging_mixin.py:115} INFO - [2022-08-09 00:28:52,883] {dagbag.py:508} INFO - Filling up the DagBag from /home/renan/datapipeline/.env/lib/python3.8/site-packages/airflow/example_dags/example_bash_operator.py
[2022-08-09 00:28:52,890] {processor.py:651} INFO - DAG(s) dict_keys(['example_bash_operator']) retrieved from /home/renan/datapipeline/.env/lib/python3.8/site-packages/airflow/example_dags/example_bash_operator.py
[2022-08-09 00:28:52,900] {logging_mixin.py:115} INFO - [2022-08-09 00:28:52,900] {dag.py:2420} INFO - Sync 1 DAGs
[2022-08-09 00:28:52,910] {logging_mixin.py:115} INFO - [2022-08-09 00:28:52,910] {dag.py:2968} INFO - Setting next_dagrun for example_bash_operator to 2022-08-08T00:00:00+00:00, run_after=2022-08-09T00:00:00+00:00
[2022-08-09 00:28:52,919] {processor.py:161} INFO - Processing /home/renan/datapipeline/.env/lib/python3.8/site-packages/airflow/example_dags/example_bash_operator.py took 0.039 seconds
[2022-08-09 00:29:25,809] {processor.py:153} INFO - Started process (PID=13004) to work on /home/renan/datapipeline/.env/lib/python3.8/site-packages/airflow/example_dags/example_bash_operator.py
[2022-08-09 00:29:25,809] {processor.py:641} INFO - Processing file /home/renan/datapipeline/.env/lib/python3.8/site-packages/airflow/example_dags/example_bash_operator.py for tasks to queue
[2022-08-09 00:29:25,810] {logging_mixin.py:115} INFO - [2022-08-09 00:29:25,810] {dagbag.py:508} INFO - Filling up the DagBag from /home/renan/datapipeline/.env/lib/python3.8/site-packages/airflow/example_dags/example_bash_operator.py
[2022-08-09 00:29:25,817] {processor.py:651} INFO - DAG(s) dict_keys(['example_bash_operator']) retrieved from /home/renan/datapipeline/.env/lib/python3.8/site-packages/airflow/example_dags/example_bash_operator.py
[2022-08-09 00:29:25,827] {logging_mixin.py:115} INFO - [2022-08-09 00:29:25,826] {dag.py:2420} INFO - Sync 1 DAGs
[2022-08-09 00:29:25,837] {logging_mixin.py:115} INFO - [2022-08-09 00:29:25,837] {dag.py:2968} INFO - Setting next_dagrun for example_bash_operator to 2022-08-08T00:00:00+00:00, run_after=2022-08-09T00:00:00+00:00
[2022-08-09 00:29:25,847] {processor.py:161} INFO - Processing /home/renan/datapipeline/.env/lib/python3.8/site-packages/airflow/example_dags/example_bash_operator.py took 0.039 seconds
[2022-08-09 00:29:59,477] {processor.py:153} INFO - Started process (PID=13043) to work on /home/renan/datapipeline/.env/lib/python3.8/site-packages/airflow/example_dags/example_bash_operator.py
[2022-08-09 00:29:59,477] {processor.py:641} INFO - Processing file /home/renan/datapipeline/.env/lib/python3.8/site-packages/airflow/example_dags/example_bash_operator.py for tasks to queue
[2022-08-09 00:29:59,478] {logging_mixin.py:115} INFO - [2022-08-09 00:29:59,478] {dagbag.py:508} INFO - Filling up the DagBag from /home/renan/datapipeline/.env/lib/python3.8/site-packages/airflow/example_dags/example_bash_operator.py
[2022-08-09 00:29:59,487] {processor.py:651} INFO - DAG(s) dict_keys(['example_bash_operator']) retrieved from /home/renan/datapipeline/.env/lib/python3.8/site-packages/airflow/example_dags/example_bash_operator.py
[2022-08-09 00:29:59,497] {logging_mixin.py:115} INFO - [2022-08-09 00:29:59,497] {dag.py:2420} INFO - Sync 1 DAGs
[2022-08-09 00:29:59,510] {logging_mixin.py:115} INFO - [2022-08-09 00:29:59,510] {dag.py:2968} INFO - Setting next_dagrun for example_bash_operator to 2022-08-08T00:00:00+00:00, run_after=2022-08-09T00:00:00+00:00
[2022-08-09 00:29:59,523] {processor.py:161} INFO - Processing /home/renan/datapipeline/.env/lib/python3.8/site-packages/airflow/example_dags/example_bash_operator.py took 0.048 seconds
[2022-08-09 00:30:36,856] {processor.py:153} INFO - Started process (PID=13086) to work on /home/renan/datapipeline/.env/lib/python3.8/site-packages/airflow/example_dags/example_bash_operator.py
[2022-08-09 00:30:36,857] {processor.py:641} INFO - Processing file /home/renan/datapipeline/.env/lib/python3.8/site-packages/airflow/example_dags/example_bash_operator.py for tasks to queue
[2022-08-09 00:30:36,857] {logging_mixin.py:115} INFO - [2022-08-09 00:30:36,857] {dagbag.py:508} INFO - Filling up the DagBag from /home/renan/datapipeline/.env/lib/python3.8/site-packages/airflow/example_dags/example_bash_operator.py
[2022-08-09 00:30:36,864] {processor.py:651} INFO - DAG(s) dict_keys(['example_bash_operator']) retrieved from /home/renan/datapipeline/.env/lib/python3.8/site-packages/airflow/example_dags/example_bash_operator.py
[2022-08-09 00:30:36,874] {logging_mixin.py:115} INFO - [2022-08-09 00:30:36,874] {dag.py:2420} INFO - Sync 1 DAGs
[2022-08-09 00:30:36,884] {logging_mixin.py:115} INFO - [2022-08-09 00:30:36,884] {dag.py:2968} INFO - Setting next_dagrun for example_bash_operator to 2022-08-08T00:00:00+00:00, run_after=2022-08-09T00:00:00+00:00
[2022-08-09 00:30:36,893] {processor.py:161} INFO - Processing /home/renan/datapipeline/.env/lib/python3.8/site-packages/airflow/example_dags/example_bash_operator.py took 0.038 seconds
[2022-08-09 00:31:13,567] {processor.py:153} INFO - Started process (PID=13124) to work on /home/renan/datapipeline/.env/lib/python3.8/site-packages/airflow/example_dags/example_bash_operator.py
[2022-08-09 00:31:13,567] {processor.py:641} INFO - Processing file /home/renan/datapipeline/.env/lib/python3.8/site-packages/airflow/example_dags/example_bash_operator.py for tasks to queue
[2022-08-09 00:31:13,568] {logging_mixin.py:115} INFO - [2022-08-09 00:31:13,568] {dagbag.py:508} INFO - Filling up the DagBag from /home/renan/datapipeline/.env/lib/python3.8/site-packages/airflow/example_dags/example_bash_operator.py
[2022-08-09 00:31:13,575] {processor.py:651} INFO - DAG(s) dict_keys(['example_bash_operator']) retrieved from /home/renan/datapipeline/.env/lib/python3.8/site-packages/airflow/example_dags/example_bash_operator.py
[2022-08-09 00:31:13,584] {logging_mixin.py:115} INFO - [2022-08-09 00:31:13,584] {dag.py:2420} INFO - Sync 1 DAGs
[2022-08-09 00:31:13,595] {logging_mixin.py:115} INFO - [2022-08-09 00:31:13,595] {dag.py:2968} INFO - Setting next_dagrun for example_bash_operator to 2022-08-08T00:00:00+00:00, run_after=2022-08-09T00:00:00+00:00
[2022-08-09 00:31:13,603] {processor.py:161} INFO - Processing /home/renan/datapipeline/.env/lib/python3.8/site-packages/airflow/example_dags/example_bash_operator.py took 0.038 seconds
[2022-08-09 00:31:46,590] {processor.py:153} INFO - Started process (PID=13201) to work on /home/renan/datapipeline/.env/lib/python3.8/site-packages/airflow/example_dags/example_bash_operator.py
[2022-08-09 00:31:46,591] {processor.py:641} INFO - Processing file /home/renan/datapipeline/.env/lib/python3.8/site-packages/airflow/example_dags/example_bash_operator.py for tasks to queue
[2022-08-09 00:31:46,591] {logging_mixin.py:115} INFO - [2022-08-09 00:31:46,591] {dagbag.py:508} INFO - Filling up the DagBag from /home/renan/datapipeline/.env/lib/python3.8/site-packages/airflow/example_dags/example_bash_operator.py
[2022-08-09 00:31:46,598] {processor.py:651} INFO - DAG(s) dict_keys(['example_bash_operator']) retrieved from /home/renan/datapipeline/.env/lib/python3.8/site-packages/airflow/example_dags/example_bash_operator.py
[2022-08-09 00:31:46,607] {logging_mixin.py:115} INFO - [2022-08-09 00:31:46,607] {dag.py:2420} INFO - Sync 1 DAGs
[2022-08-09 00:31:46,617] {logging_mixin.py:115} INFO - [2022-08-09 00:31:46,617] {dag.py:2968} INFO - Setting next_dagrun for example_bash_operator to 2022-08-08T00:00:00+00:00, run_after=2022-08-09T00:00:00+00:00
[2022-08-09 00:31:46,626] {processor.py:161} INFO - Processing /home/renan/datapipeline/.env/lib/python3.8/site-packages/airflow/example_dags/example_bash_operator.py took 0.038 seconds
[2022-08-09 00:32:20,939] {processor.py:153} INFO - Started process (PID=13286) to work on /home/renan/datapipeline/.env/lib/python3.8/site-packages/airflow/example_dags/example_bash_operator.py
[2022-08-09 00:32:20,940] {processor.py:641} INFO - Processing file /home/renan/datapipeline/.env/lib/python3.8/site-packages/airflow/example_dags/example_bash_operator.py for tasks to queue
[2022-08-09 00:32:20,940] {logging_mixin.py:115} INFO - [2022-08-09 00:32:20,940] {dagbag.py:508} INFO - Filling up the DagBag from /home/renan/datapipeline/.env/lib/python3.8/site-packages/airflow/example_dags/example_bash_operator.py
[2022-08-09 00:32:20,947] {processor.py:651} INFO - DAG(s) dict_keys(['example_bash_operator']) retrieved from /home/renan/datapipeline/.env/lib/python3.8/site-packages/airflow/example_dags/example_bash_operator.py
[2022-08-09 00:32:20,957] {logging_mixin.py:115} INFO - [2022-08-09 00:32:20,956] {dag.py:2420} INFO - Sync 1 DAGs
[2022-08-09 00:32:20,967] {logging_mixin.py:115} INFO - [2022-08-09 00:32:20,966] {dag.py:2968} INFO - Setting next_dagrun for example_bash_operator to 2022-08-08T00:00:00+00:00, run_after=2022-08-09T00:00:00+00:00
[2022-08-09 00:32:20,976] {processor.py:161} INFO - Processing /home/renan/datapipeline/.env/lib/python3.8/site-packages/airflow/example_dags/example_bash_operator.py took 0.039 seconds
[2022-08-09 00:32:53,859] {processor.py:153} INFO - Started process (PID=13327) to work on /home/renan/datapipeline/.env/lib/python3.8/site-packages/airflow/example_dags/example_bash_operator.py
[2022-08-09 00:32:53,859] {processor.py:641} INFO - Processing file /home/renan/datapipeline/.env/lib/python3.8/site-packages/airflow/example_dags/example_bash_operator.py for tasks to queue
[2022-08-09 00:32:53,859] {logging_mixin.py:115} INFO - [2022-08-09 00:32:53,859] {dagbag.py:508} INFO - Filling up the DagBag from /home/renan/datapipeline/.env/lib/python3.8/site-packages/airflow/example_dags/example_bash_operator.py
[2022-08-09 00:32:53,867] {processor.py:651} INFO - DAG(s) dict_keys(['example_bash_operator']) retrieved from /home/renan/datapipeline/.env/lib/python3.8/site-packages/airflow/example_dags/example_bash_operator.py
[2022-08-09 00:32:53,876] {logging_mixin.py:115} INFO - [2022-08-09 00:32:53,876] {dag.py:2420} INFO - Sync 1 DAGs
[2022-08-09 00:32:53,888] {logging_mixin.py:115} INFO - [2022-08-09 00:32:53,888] {dag.py:2968} INFO - Setting next_dagrun for example_bash_operator to 2022-08-08T00:00:00+00:00, run_after=2022-08-09T00:00:00+00:00
[2022-08-09 00:32:53,898] {processor.py:161} INFO - Processing /home/renan/datapipeline/.env/lib/python3.8/site-packages/airflow/example_dags/example_bash_operator.py took 0.041 seconds
