[2022-08-08 23:55:10,956] {processor.py:153} INFO - Started process (PID=9850) to work on /home/renan/datapipeline/.env/lib/python3.8/site-packages/airflow/example_dags/example_branch_day_of_week_operator.py
[2022-08-08 23:55:10,956] {processor.py:641} INFO - Processing file /home/renan/datapipeline/.env/lib/python3.8/site-packages/airflow/example_dags/example_branch_day_of_week_operator.py for tasks to queue
[2022-08-08 23:55:10,956] {logging_mixin.py:115} INFO - [2022-08-08 23:55:10,956] {dagbag.py:508} INFO - Filling up the DagBag from /home/renan/datapipeline/.env/lib/python3.8/site-packages/airflow/example_dags/example_branch_day_of_week_operator.py
[2022-08-08 23:55:10,966] {processor.py:651} INFO - DAG(s) dict_keys(['example_weekday_branch_operator']) retrieved from /home/renan/datapipeline/.env/lib/python3.8/site-packages/airflow/example_dags/example_branch_day_of_week_operator.py
[2022-08-08 23:55:10,983] {logging_mixin.py:115} INFO - [2022-08-08 23:55:10,983] {dag.py:2420} INFO - Sync 1 DAGs
[2022-08-08 23:55:10,997] {logging_mixin.py:115} INFO - [2022-08-08 23:55:10,997] {dag.py:2968} INFO - Setting next_dagrun for example_weekday_branch_operator to 2022-08-08T00:00:00+00:00, run_after=2022-08-09T00:00:00+00:00
[2022-08-08 23:55:11,009] {processor.py:161} INFO - Processing /home/renan/datapipeline/.env/lib/python3.8/site-packages/airflow/example_dags/example_branch_day_of_week_operator.py took 0.055 seconds
[2022-08-08 23:55:42,226] {processor.py:153} INFO - Started process (PID=9947) to work on /home/renan/datapipeline/.env/lib/python3.8/site-packages/airflow/example_dags/example_branch_day_of_week_operator.py
[2022-08-08 23:55:42,226] {processor.py:641} INFO - Processing file /home/renan/datapipeline/.env/lib/python3.8/site-packages/airflow/example_dags/example_branch_day_of_week_operator.py for tasks to queue
[2022-08-08 23:55:42,226] {logging_mixin.py:115} INFO - [2022-08-08 23:55:42,226] {dagbag.py:508} INFO - Filling up the DagBag from /home/renan/datapipeline/.env/lib/python3.8/site-packages/airflow/example_dags/example_branch_day_of_week_operator.py
[2022-08-08 23:55:42,231] {processor.py:651} INFO - DAG(s) dict_keys(['example_weekday_branch_operator']) retrieved from /home/renan/datapipeline/.env/lib/python3.8/site-packages/airflow/example_dags/example_branch_day_of_week_operator.py
[2022-08-08 23:55:42,241] {logging_mixin.py:115} INFO - [2022-08-08 23:55:42,241] {dag.py:2420} INFO - Sync 1 DAGs
[2022-08-08 23:55:42,251] {logging_mixin.py:115} INFO - [2022-08-08 23:55:42,251] {dag.py:2968} INFO - Setting next_dagrun for example_weekday_branch_operator to 2022-08-08T00:00:00+00:00, run_after=2022-08-09T00:00:00+00:00
[2022-08-08 23:55:42,260] {processor.py:161} INFO - Processing /home/renan/datapipeline/.env/lib/python3.8/site-packages/airflow/example_dags/example_branch_day_of_week_operator.py took 0.036 seconds
[2022-08-08 23:56:17,513] {processor.py:153} INFO - Started process (PID=10038) to work on /home/renan/datapipeline/.env/lib/python3.8/site-packages/airflow/example_dags/example_branch_day_of_week_operator.py
[2022-08-08 23:56:17,514] {processor.py:641} INFO - Processing file /home/renan/datapipeline/.env/lib/python3.8/site-packages/airflow/example_dags/example_branch_day_of_week_operator.py for tasks to queue
[2022-08-08 23:56:17,514] {logging_mixin.py:115} INFO - [2022-08-08 23:56:17,514] {dagbag.py:508} INFO - Filling up the DagBag from /home/renan/datapipeline/.env/lib/python3.8/site-packages/airflow/example_dags/example_branch_day_of_week_operator.py
[2022-08-08 23:56:17,519] {processor.py:651} INFO - DAG(s) dict_keys(['example_weekday_branch_operator']) retrieved from /home/renan/datapipeline/.env/lib/python3.8/site-packages/airflow/example_dags/example_branch_day_of_week_operator.py
[2022-08-08 23:56:17,530] {logging_mixin.py:115} INFO - [2022-08-08 23:56:17,530] {dag.py:2420} INFO - Sync 1 DAGs
[2022-08-08 23:56:17,544] {logging_mixin.py:115} INFO - [2022-08-08 23:56:17,543] {dag.py:2968} INFO - Setting next_dagrun for example_weekday_branch_operator to 2022-08-08T00:00:00+00:00, run_after=2022-08-09T00:00:00+00:00
[2022-08-08 23:56:17,552] {processor.py:161} INFO - Processing /home/renan/datapipeline/.env/lib/python3.8/site-packages/airflow/example_dags/example_branch_day_of_week_operator.py took 0.040 seconds
[2022-08-08 23:56:51,099] {processor.py:153} INFO - Started process (PID=10075) to work on /home/renan/datapipeline/.env/lib/python3.8/site-packages/airflow/example_dags/example_branch_day_of_week_operator.py
[2022-08-08 23:56:51,099] {processor.py:641} INFO - Processing file /home/renan/datapipeline/.env/lib/python3.8/site-packages/airflow/example_dags/example_branch_day_of_week_operator.py for tasks to queue
[2022-08-08 23:56:51,100] {logging_mixin.py:115} INFO - [2022-08-08 23:56:51,100] {dagbag.py:508} INFO - Filling up the DagBag from /home/renan/datapipeline/.env/lib/python3.8/site-packages/airflow/example_dags/example_branch_day_of_week_operator.py
[2022-08-08 23:56:51,105] {processor.py:651} INFO - DAG(s) dict_keys(['example_weekday_branch_operator']) retrieved from /home/renan/datapipeline/.env/lib/python3.8/site-packages/airflow/example_dags/example_branch_day_of_week_operator.py
[2022-08-08 23:56:51,115] {logging_mixin.py:115} INFO - [2022-08-08 23:56:51,115] {dag.py:2420} INFO - Sync 1 DAGs
[2022-08-08 23:56:51,126] {logging_mixin.py:115} INFO - [2022-08-08 23:56:51,126] {dag.py:2968} INFO - Setting next_dagrun for example_weekday_branch_operator to 2022-08-08T00:00:00+00:00, run_after=2022-08-09T00:00:00+00:00
[2022-08-08 23:56:51,136] {processor.py:161} INFO - Processing /home/renan/datapipeline/.env/lib/python3.8/site-packages/airflow/example_dags/example_branch_day_of_week_operator.py took 0.039 seconds
[2022-08-08 23:59:26,160] {processor.py:153} INFO - Started process (PID=10255) to work on /home/renan/datapipeline/.env/lib/python3.8/site-packages/airflow/example_dags/example_branch_day_of_week_operator.py
[2022-08-08 23:59:26,160] {processor.py:641} INFO - Processing file /home/renan/datapipeline/.env/lib/python3.8/site-packages/airflow/example_dags/example_branch_day_of_week_operator.py for tasks to queue
[2022-08-08 23:59:26,161] {logging_mixin.py:115} INFO - [2022-08-08 23:59:26,161] {dagbag.py:508} INFO - Filling up the DagBag from /home/renan/datapipeline/.env/lib/python3.8/site-packages/airflow/example_dags/example_branch_day_of_week_operator.py
[2022-08-08 23:59:26,166] {processor.py:651} INFO - DAG(s) dict_keys(['example_weekday_branch_operator']) retrieved from /home/renan/datapipeline/.env/lib/python3.8/site-packages/airflow/example_dags/example_branch_day_of_week_operator.py
[2022-08-08 23:59:26,176] {logging_mixin.py:115} INFO - [2022-08-08 23:59:26,176] {dag.py:2420} INFO - Sync 1 DAGs
[2022-08-08 23:59:26,187] {logging_mixin.py:115} INFO - [2022-08-08 23:59:26,187] {dag.py:2968} INFO - Setting next_dagrun for example_weekday_branch_operator to 2022-08-08T00:00:00+00:00, run_after=2022-08-09T00:00:00+00:00
[2022-08-08 23:59:26,195] {processor.py:161} INFO - Processing /home/renan/datapipeline/.env/lib/python3.8/site-packages/airflow/example_dags/example_branch_day_of_week_operator.py took 0.037 seconds
[2022-08-08 23:59:59,851] {processor.py:153} INFO - Started process (PID=10312) to work on /home/renan/datapipeline/.env/lib/python3.8/site-packages/airflow/example_dags/example_branch_day_of_week_operator.py
[2022-08-08 23:59:59,851] {processor.py:641} INFO - Processing file /home/renan/datapipeline/.env/lib/python3.8/site-packages/airflow/example_dags/example_branch_day_of_week_operator.py for tasks to queue
[2022-08-08 23:59:59,852] {logging_mixin.py:115} INFO - [2022-08-08 23:59:59,852] {dagbag.py:508} INFO - Filling up the DagBag from /home/renan/datapipeline/.env/lib/python3.8/site-packages/airflow/example_dags/example_branch_day_of_week_operator.py
[2022-08-08 23:59:59,857] {processor.py:651} INFO - DAG(s) dict_keys(['example_weekday_branch_operator']) retrieved from /home/renan/datapipeline/.env/lib/python3.8/site-packages/airflow/example_dags/example_branch_day_of_week_operator.py
[2022-08-08 23:59:59,873] {logging_mixin.py:115} INFO - [2022-08-08 23:59:59,873] {dag.py:2420} INFO - Sync 1 DAGs
[2022-08-08 23:59:59,887] {logging_mixin.py:115} INFO - [2022-08-08 23:59:59,887] {dag.py:2968} INFO - Setting next_dagrun for example_weekday_branch_operator to 2022-08-08T00:00:00+00:00, run_after=2022-08-09T00:00:00+00:00
[2022-08-08 23:59:59,899] {processor.py:161} INFO - Processing /home/renan/datapipeline/.env/lib/python3.8/site-packages/airflow/example_dags/example_branch_day_of_week_operator.py took 0.051 seconds
[2022-08-09 00:00:33,984] {processor.py:153} INFO - Started process (PID=10393) to work on /home/renan/datapipeline/.env/lib/python3.8/site-packages/airflow/example_dags/example_branch_day_of_week_operator.py
[2022-08-09 00:00:33,984] {processor.py:641} INFO - Processing file /home/renan/datapipeline/.env/lib/python3.8/site-packages/airflow/example_dags/example_branch_day_of_week_operator.py for tasks to queue
[2022-08-09 00:00:33,984] {logging_mixin.py:115} INFO - [2022-08-09 00:00:33,984] {dagbag.py:508} INFO - Filling up the DagBag from /home/renan/datapipeline/.env/lib/python3.8/site-packages/airflow/example_dags/example_branch_day_of_week_operator.py
[2022-08-09 00:00:33,992] {processor.py:651} INFO - DAG(s) dict_keys(['example_weekday_branch_operator']) retrieved from /home/renan/datapipeline/.env/lib/python3.8/site-packages/airflow/example_dags/example_branch_day_of_week_operator.py
[2022-08-09 00:00:34,006] {logging_mixin.py:115} INFO - [2022-08-09 00:00:34,006] {dag.py:2420} INFO - Sync 1 DAGs
[2022-08-09 00:00:34,018] {logging_mixin.py:115} INFO - [2022-08-09 00:00:34,018] {dag.py:2968} INFO - Setting next_dagrun for example_weekday_branch_operator to 2022-08-08T00:00:00+00:00, run_after=2022-08-09T00:00:00+00:00
[2022-08-09 00:00:34,035] {processor.py:161} INFO - Processing /home/renan/datapipeline/.env/lib/python3.8/site-packages/airflow/example_dags/example_branch_day_of_week_operator.py took 0.053 seconds
[2022-08-09 00:01:06,542] {processor.py:153} INFO - Started process (PID=10438) to work on /home/renan/datapipeline/.env/lib/python3.8/site-packages/airflow/example_dags/example_branch_day_of_week_operator.py
[2022-08-09 00:01:06,544] {processor.py:641} INFO - Processing file /home/renan/datapipeline/.env/lib/python3.8/site-packages/airflow/example_dags/example_branch_day_of_week_operator.py for tasks to queue
[2022-08-09 00:01:06,544] {logging_mixin.py:115} INFO - [2022-08-09 00:01:06,544] {dagbag.py:508} INFO - Filling up the DagBag from /home/renan/datapipeline/.env/lib/python3.8/site-packages/airflow/example_dags/example_branch_day_of_week_operator.py
[2022-08-09 00:01:06,550] {processor.py:651} INFO - DAG(s) dict_keys(['example_weekday_branch_operator']) retrieved from /home/renan/datapipeline/.env/lib/python3.8/site-packages/airflow/example_dags/example_branch_day_of_week_operator.py
[2022-08-09 00:01:06,562] {logging_mixin.py:115} INFO - [2022-08-09 00:01:06,562] {dag.py:2420} INFO - Sync 1 DAGs
[2022-08-09 00:01:06,577] {logging_mixin.py:115} INFO - [2022-08-09 00:01:06,577] {dag.py:2968} INFO - Setting next_dagrun for example_weekday_branch_operator to 2022-08-08T00:00:00+00:00, run_after=2022-08-09T00:00:00+00:00
[2022-08-09 00:01:06,588] {processor.py:161} INFO - Processing /home/renan/datapipeline/.env/lib/python3.8/site-packages/airflow/example_dags/example_branch_day_of_week_operator.py took 0.048 seconds
[2022-08-09 00:01:39,242] {processor.py:153} INFO - Started process (PID=10476) to work on /home/renan/datapipeline/.env/lib/python3.8/site-packages/airflow/example_dags/example_branch_day_of_week_operator.py
[2022-08-09 00:01:39,242] {processor.py:641} INFO - Processing file /home/renan/datapipeline/.env/lib/python3.8/site-packages/airflow/example_dags/example_branch_day_of_week_operator.py for tasks to queue
[2022-08-09 00:01:39,243] {logging_mixin.py:115} INFO - [2022-08-09 00:01:39,243] {dagbag.py:508} INFO - Filling up the DagBag from /home/renan/datapipeline/.env/lib/python3.8/site-packages/airflow/example_dags/example_branch_day_of_week_operator.py
[2022-08-09 00:01:39,248] {processor.py:651} INFO - DAG(s) dict_keys(['example_weekday_branch_operator']) retrieved from /home/renan/datapipeline/.env/lib/python3.8/site-packages/airflow/example_dags/example_branch_day_of_week_operator.py
[2022-08-09 00:01:39,261] {logging_mixin.py:115} INFO - [2022-08-09 00:01:39,261] {dag.py:2420} INFO - Sync 1 DAGs
[2022-08-09 00:01:39,273] {logging_mixin.py:115} INFO - [2022-08-09 00:01:39,272] {dag.py:2968} INFO - Setting next_dagrun for example_weekday_branch_operator to 2022-08-08T00:00:00+00:00, run_after=2022-08-09T00:00:00+00:00
[2022-08-09 00:01:39,281] {processor.py:161} INFO - Processing /home/renan/datapipeline/.env/lib/python3.8/site-packages/airflow/example_dags/example_branch_day_of_week_operator.py took 0.042 seconds
[2022-08-09 00:02:13,301] {processor.py:153} INFO - Started process (PID=10513) to work on /home/renan/datapipeline/.env/lib/python3.8/site-packages/airflow/example_dags/example_branch_day_of_week_operator.py
[2022-08-09 00:02:13,302] {processor.py:641} INFO - Processing file /home/renan/datapipeline/.env/lib/python3.8/site-packages/airflow/example_dags/example_branch_day_of_week_operator.py for tasks to queue
[2022-08-09 00:02:13,302] {logging_mixin.py:115} INFO - [2022-08-09 00:02:13,302] {dagbag.py:508} INFO - Filling up the DagBag from /home/renan/datapipeline/.env/lib/python3.8/site-packages/airflow/example_dags/example_branch_day_of_week_operator.py
[2022-08-09 00:02:13,307] {processor.py:651} INFO - DAG(s) dict_keys(['example_weekday_branch_operator']) retrieved from /home/renan/datapipeline/.env/lib/python3.8/site-packages/airflow/example_dags/example_branch_day_of_week_operator.py
[2022-08-09 00:02:13,318] {logging_mixin.py:115} INFO - [2022-08-09 00:02:13,318] {dag.py:2420} INFO - Sync 1 DAGs
[2022-08-09 00:02:13,329] {logging_mixin.py:115} INFO - [2022-08-09 00:02:13,329] {dag.py:2968} INFO - Setting next_dagrun for example_weekday_branch_operator to 2022-08-08T00:00:00+00:00, run_after=2022-08-09T00:00:00+00:00
[2022-08-09 00:02:13,338] {processor.py:161} INFO - Processing /home/renan/datapipeline/.env/lib/python3.8/site-packages/airflow/example_dags/example_branch_day_of_week_operator.py took 0.039 seconds
[2022-08-09 00:02:46,359] {processor.py:153} INFO - Started process (PID=10556) to work on /home/renan/datapipeline/.env/lib/python3.8/site-packages/airflow/example_dags/example_branch_day_of_week_operator.py
[2022-08-09 00:02:46,359] {processor.py:641} INFO - Processing file /home/renan/datapipeline/.env/lib/python3.8/site-packages/airflow/example_dags/example_branch_day_of_week_operator.py for tasks to queue
[2022-08-09 00:02:46,359] {logging_mixin.py:115} INFO - [2022-08-09 00:02:46,359] {dagbag.py:508} INFO - Filling up the DagBag from /home/renan/datapipeline/.env/lib/python3.8/site-packages/airflow/example_dags/example_branch_day_of_week_operator.py
[2022-08-09 00:02:46,366] {processor.py:651} INFO - DAG(s) dict_keys(['example_weekday_branch_operator']) retrieved from /home/renan/datapipeline/.env/lib/python3.8/site-packages/airflow/example_dags/example_branch_day_of_week_operator.py
[2022-08-09 00:02:46,379] {logging_mixin.py:115} INFO - [2022-08-09 00:02:46,379] {dag.py:2420} INFO - Sync 1 DAGs
[2022-08-09 00:02:46,392] {logging_mixin.py:115} INFO - [2022-08-09 00:02:46,392] {dag.py:2968} INFO - Setting next_dagrun for example_weekday_branch_operator to 2022-08-08T00:00:00+00:00, run_after=2022-08-09T00:00:00+00:00
[2022-08-09 00:02:46,402] {processor.py:161} INFO - Processing /home/renan/datapipeline/.env/lib/python3.8/site-packages/airflow/example_dags/example_branch_day_of_week_operator.py took 0.046 seconds
[2022-08-09 00:03:21,608] {processor.py:153} INFO - Started process (PID=10602) to work on /home/renan/datapipeline/.env/lib/python3.8/site-packages/airflow/example_dags/example_branch_day_of_week_operator.py
[2022-08-09 00:03:21,609] {processor.py:641} INFO - Processing file /home/renan/datapipeline/.env/lib/python3.8/site-packages/airflow/example_dags/example_branch_day_of_week_operator.py for tasks to queue
[2022-08-09 00:03:21,610] {logging_mixin.py:115} INFO - [2022-08-09 00:03:21,610] {dagbag.py:508} INFO - Filling up the DagBag from /home/renan/datapipeline/.env/lib/python3.8/site-packages/airflow/example_dags/example_branch_day_of_week_operator.py
[2022-08-09 00:03:21,615] {processor.py:651} INFO - DAG(s) dict_keys(['example_weekday_branch_operator']) retrieved from /home/renan/datapipeline/.env/lib/python3.8/site-packages/airflow/example_dags/example_branch_day_of_week_operator.py
[2022-08-09 00:03:21,627] {logging_mixin.py:115} INFO - [2022-08-09 00:03:21,627] {dag.py:2420} INFO - Sync 1 DAGs
[2022-08-09 00:03:21,640] {logging_mixin.py:115} INFO - [2022-08-09 00:03:21,640] {dag.py:2968} INFO - Setting next_dagrun for example_weekday_branch_operator to 2022-08-08T00:00:00+00:00, run_after=2022-08-09T00:00:00+00:00
[2022-08-09 00:03:21,655] {processor.py:161} INFO - Processing /home/renan/datapipeline/.env/lib/python3.8/site-packages/airflow/example_dags/example_branch_day_of_week_operator.py took 0.049 seconds
[2022-08-09 00:03:54,720] {processor.py:153} INFO - Started process (PID=10649) to work on /home/renan/datapipeline/.env/lib/python3.8/site-packages/airflow/example_dags/example_branch_day_of_week_operator.py
[2022-08-09 00:03:54,721] {processor.py:641} INFO - Processing file /home/renan/datapipeline/.env/lib/python3.8/site-packages/airflow/example_dags/example_branch_day_of_week_operator.py for tasks to queue
[2022-08-09 00:03:54,721] {logging_mixin.py:115} INFO - [2022-08-09 00:03:54,721] {dagbag.py:508} INFO - Filling up the DagBag from /home/renan/datapipeline/.env/lib/python3.8/site-packages/airflow/example_dags/example_branch_day_of_week_operator.py
[2022-08-09 00:03:54,726] {processor.py:651} INFO - DAG(s) dict_keys(['example_weekday_branch_operator']) retrieved from /home/renan/datapipeline/.env/lib/python3.8/site-packages/airflow/example_dags/example_branch_day_of_week_operator.py
[2022-08-09 00:03:54,737] {logging_mixin.py:115} INFO - [2022-08-09 00:03:54,736] {dag.py:2420} INFO - Sync 1 DAGs
[2022-08-09 00:03:54,747] {logging_mixin.py:115} INFO - [2022-08-09 00:03:54,747] {dag.py:2968} INFO - Setting next_dagrun for example_weekday_branch_operator to 2022-08-08T00:00:00+00:00, run_after=2022-08-09T00:00:00+00:00
[2022-08-09 00:03:54,755] {processor.py:161} INFO - Processing /home/renan/datapipeline/.env/lib/python3.8/site-packages/airflow/example_dags/example_branch_day_of_week_operator.py took 0.037 seconds
[2022-08-09 00:04:28,898] {processor.py:153} INFO - Started process (PID=10684) to work on /home/renan/datapipeline/.env/lib/python3.8/site-packages/airflow/example_dags/example_branch_day_of_week_operator.py
[2022-08-09 00:04:28,898] {processor.py:641} INFO - Processing file /home/renan/datapipeline/.env/lib/python3.8/site-packages/airflow/example_dags/example_branch_day_of_week_operator.py for tasks to queue
[2022-08-09 00:04:28,899] {logging_mixin.py:115} INFO - [2022-08-09 00:04:28,899] {dagbag.py:508} INFO - Filling up the DagBag from /home/renan/datapipeline/.env/lib/python3.8/site-packages/airflow/example_dags/example_branch_day_of_week_operator.py
[2022-08-09 00:04:28,904] {processor.py:651} INFO - DAG(s) dict_keys(['example_weekday_branch_operator']) retrieved from /home/renan/datapipeline/.env/lib/python3.8/site-packages/airflow/example_dags/example_branch_day_of_week_operator.py
[2022-08-09 00:04:28,914] {logging_mixin.py:115} INFO - [2022-08-09 00:04:28,914] {dag.py:2420} INFO - Sync 1 DAGs
[2022-08-09 00:04:28,924] {logging_mixin.py:115} INFO - [2022-08-09 00:04:28,924] {dag.py:2968} INFO - Setting next_dagrun for example_weekday_branch_operator to 2022-08-08T00:00:00+00:00, run_after=2022-08-09T00:00:00+00:00
[2022-08-09 00:04:28,933] {processor.py:161} INFO - Processing /home/renan/datapipeline/.env/lib/python3.8/site-packages/airflow/example_dags/example_branch_day_of_week_operator.py took 0.036 seconds
[2022-08-09 00:05:04,007] {processor.py:153} INFO - Started process (PID=10745) to work on /home/renan/datapipeline/.env/lib/python3.8/site-packages/airflow/example_dags/example_branch_day_of_week_operator.py
[2022-08-09 00:05:04,007] {processor.py:641} INFO - Processing file /home/renan/datapipeline/.env/lib/python3.8/site-packages/airflow/example_dags/example_branch_day_of_week_operator.py for tasks to queue
[2022-08-09 00:05:04,008] {logging_mixin.py:115} INFO - [2022-08-09 00:05:04,007] {dagbag.py:508} INFO - Filling up the DagBag from /home/renan/datapipeline/.env/lib/python3.8/site-packages/airflow/example_dags/example_branch_day_of_week_operator.py
[2022-08-09 00:05:04,013] {processor.py:651} INFO - DAG(s) dict_keys(['example_weekday_branch_operator']) retrieved from /home/renan/datapipeline/.env/lib/python3.8/site-packages/airflow/example_dags/example_branch_day_of_week_operator.py
[2022-08-09 00:05:04,026] {logging_mixin.py:115} INFO - [2022-08-09 00:05:04,026] {dag.py:2420} INFO - Sync 1 DAGs
[2022-08-09 00:05:04,037] {logging_mixin.py:115} INFO - [2022-08-09 00:05:04,037] {dag.py:2968} INFO - Setting next_dagrun for example_weekday_branch_operator to 2022-08-08T00:00:00+00:00, run_after=2022-08-09T00:00:00+00:00
[2022-08-09 00:05:04,047] {processor.py:161} INFO - Processing /home/renan/datapipeline/.env/lib/python3.8/site-packages/airflow/example_dags/example_branch_day_of_week_operator.py took 0.042 seconds
[2022-08-09 00:05:36,724] {processor.py:153} INFO - Started process (PID=10785) to work on /home/renan/datapipeline/.env/lib/python3.8/site-packages/airflow/example_dags/example_branch_day_of_week_operator.py
[2022-08-09 00:05:36,724] {processor.py:641} INFO - Processing file /home/renan/datapipeline/.env/lib/python3.8/site-packages/airflow/example_dags/example_branch_day_of_week_operator.py for tasks to queue
[2022-08-09 00:05:36,725] {logging_mixin.py:115} INFO - [2022-08-09 00:05:36,724] {dagbag.py:508} INFO - Filling up the DagBag from /home/renan/datapipeline/.env/lib/python3.8/site-packages/airflow/example_dags/example_branch_day_of_week_operator.py
[2022-08-09 00:05:36,729] {processor.py:651} INFO - DAG(s) dict_keys(['example_weekday_branch_operator']) retrieved from /home/renan/datapipeline/.env/lib/python3.8/site-packages/airflow/example_dags/example_branch_day_of_week_operator.py
[2022-08-09 00:05:36,740] {logging_mixin.py:115} INFO - [2022-08-09 00:05:36,740] {dag.py:2420} INFO - Sync 1 DAGs
[2022-08-09 00:05:36,752] {logging_mixin.py:115} INFO - [2022-08-09 00:05:36,752] {dag.py:2968} INFO - Setting next_dagrun for example_weekday_branch_operator to 2022-08-08T00:00:00+00:00, run_after=2022-08-09T00:00:00+00:00
[2022-08-09 00:05:36,762] {processor.py:161} INFO - Processing /home/renan/datapipeline/.env/lib/python3.8/site-packages/airflow/example_dags/example_branch_day_of_week_operator.py took 0.040 seconds
[2022-08-09 00:06:09,239] {processor.py:153} INFO - Started process (PID=10820) to work on /home/renan/datapipeline/.env/lib/python3.8/site-packages/airflow/example_dags/example_branch_day_of_week_operator.py
[2022-08-09 00:06:09,240] {processor.py:641} INFO - Processing file /home/renan/datapipeline/.env/lib/python3.8/site-packages/airflow/example_dags/example_branch_day_of_week_operator.py for tasks to queue
[2022-08-09 00:06:09,240] {logging_mixin.py:115} INFO - [2022-08-09 00:06:09,240] {dagbag.py:508} INFO - Filling up the DagBag from /home/renan/datapipeline/.env/lib/python3.8/site-packages/airflow/example_dags/example_branch_day_of_week_operator.py
[2022-08-09 00:06:09,245] {processor.py:651} INFO - DAG(s) dict_keys(['example_weekday_branch_operator']) retrieved from /home/renan/datapipeline/.env/lib/python3.8/site-packages/airflow/example_dags/example_branch_day_of_week_operator.py
[2022-08-09 00:06:09,255] {logging_mixin.py:115} INFO - [2022-08-09 00:06:09,255] {dag.py:2420} INFO - Sync 1 DAGs
[2022-08-09 00:06:09,266] {logging_mixin.py:115} INFO - [2022-08-09 00:06:09,266] {dag.py:2968} INFO - Setting next_dagrun for example_weekday_branch_operator to 2022-08-08T00:00:00+00:00, run_after=2022-08-09T00:00:00+00:00
[2022-08-09 00:06:09,274] {processor.py:161} INFO - Processing /home/renan/datapipeline/.env/lib/python3.8/site-packages/airflow/example_dags/example_branch_day_of_week_operator.py took 0.036 seconds
[2022-08-09 00:06:46,254] {processor.py:153} INFO - Started process (PID=10874) to work on /home/renan/datapipeline/.env/lib/python3.8/site-packages/airflow/example_dags/example_branch_day_of_week_operator.py
[2022-08-09 00:06:46,255] {processor.py:641} INFO - Processing file /home/renan/datapipeline/.env/lib/python3.8/site-packages/airflow/example_dags/example_branch_day_of_week_operator.py for tasks to queue
[2022-08-09 00:06:46,255] {logging_mixin.py:115} INFO - [2022-08-09 00:06:46,255] {dagbag.py:508} INFO - Filling up the DagBag from /home/renan/datapipeline/.env/lib/python3.8/site-packages/airflow/example_dags/example_branch_day_of_week_operator.py
[2022-08-09 00:06:46,260] {processor.py:651} INFO - DAG(s) dict_keys(['example_weekday_branch_operator']) retrieved from /home/renan/datapipeline/.env/lib/python3.8/site-packages/airflow/example_dags/example_branch_day_of_week_operator.py
[2022-08-09 00:06:46,272] {logging_mixin.py:115} INFO - [2022-08-09 00:06:46,271] {dag.py:2420} INFO - Sync 1 DAGs
[2022-08-09 00:06:46,284] {logging_mixin.py:115} INFO - [2022-08-09 00:06:46,284] {dag.py:2968} INFO - Setting next_dagrun for example_weekday_branch_operator to 2022-08-08T00:00:00+00:00, run_after=2022-08-09T00:00:00+00:00
[2022-08-09 00:06:46,294] {processor.py:161} INFO - Processing /home/renan/datapipeline/.env/lib/python3.8/site-packages/airflow/example_dags/example_branch_day_of_week_operator.py took 0.042 seconds
[2022-08-09 00:07:19,314] {processor.py:153} INFO - Started process (PID=10924) to work on /home/renan/datapipeline/.env/lib/python3.8/site-packages/airflow/example_dags/example_branch_day_of_week_operator.py
[2022-08-09 00:07:19,315] {processor.py:641} INFO - Processing file /home/renan/datapipeline/.env/lib/python3.8/site-packages/airflow/example_dags/example_branch_day_of_week_operator.py for tasks to queue
[2022-08-09 00:07:19,315] {logging_mixin.py:115} INFO - [2022-08-09 00:07:19,315] {dagbag.py:508} INFO - Filling up the DagBag from /home/renan/datapipeline/.env/lib/python3.8/site-packages/airflow/example_dags/example_branch_day_of_week_operator.py
[2022-08-09 00:07:19,322] {processor.py:651} INFO - DAG(s) dict_keys(['example_weekday_branch_operator']) retrieved from /home/renan/datapipeline/.env/lib/python3.8/site-packages/airflow/example_dags/example_branch_day_of_week_operator.py
[2022-08-09 00:07:19,337] {logging_mixin.py:115} INFO - [2022-08-09 00:07:19,336] {dag.py:2420} INFO - Sync 1 DAGs
[2022-08-09 00:07:19,354] {logging_mixin.py:115} INFO - [2022-08-09 00:07:19,354] {dag.py:2968} INFO - Setting next_dagrun for example_weekday_branch_operator to 2022-08-08T00:00:00+00:00, run_after=2022-08-09T00:00:00+00:00
[2022-08-09 00:07:19,367] {processor.py:161} INFO - Processing /home/renan/datapipeline/.env/lib/python3.8/site-packages/airflow/example_dags/example_branch_day_of_week_operator.py took 0.055 seconds
[2022-08-09 00:07:55,897] {processor.py:153} INFO - Started process (PID=10966) to work on /home/renan/datapipeline/.env/lib/python3.8/site-packages/airflow/example_dags/example_branch_day_of_week_operator.py
[2022-08-09 00:07:55,898] {processor.py:641} INFO - Processing file /home/renan/datapipeline/.env/lib/python3.8/site-packages/airflow/example_dags/example_branch_day_of_week_operator.py for tasks to queue
[2022-08-09 00:07:55,898] {logging_mixin.py:115} INFO - [2022-08-09 00:07:55,898] {dagbag.py:508} INFO - Filling up the DagBag from /home/renan/datapipeline/.env/lib/python3.8/site-packages/airflow/example_dags/example_branch_day_of_week_operator.py
[2022-08-09 00:07:55,904] {processor.py:651} INFO - DAG(s) dict_keys(['example_weekday_branch_operator']) retrieved from /home/renan/datapipeline/.env/lib/python3.8/site-packages/airflow/example_dags/example_branch_day_of_week_operator.py
[2022-08-09 00:07:55,916] {logging_mixin.py:115} INFO - [2022-08-09 00:07:55,916] {dag.py:2420} INFO - Sync 1 DAGs
[2022-08-09 00:07:55,929] {logging_mixin.py:115} INFO - [2022-08-09 00:07:55,929] {dag.py:2968} INFO - Setting next_dagrun for example_weekday_branch_operator to 2022-08-08T00:00:00+00:00, run_after=2022-08-09T00:00:00+00:00
[2022-08-09 00:07:55,939] {processor.py:161} INFO - Processing /home/renan/datapipeline/.env/lib/python3.8/site-packages/airflow/example_dags/example_branch_day_of_week_operator.py took 0.043 seconds
[2022-08-09 00:08:27,924] {processor.py:153} INFO - Started process (PID=11001) to work on /home/renan/datapipeline/.env/lib/python3.8/site-packages/airflow/example_dags/example_branch_day_of_week_operator.py
[2022-08-09 00:08:27,924] {processor.py:641} INFO - Processing file /home/renan/datapipeline/.env/lib/python3.8/site-packages/airflow/example_dags/example_branch_day_of_week_operator.py for tasks to queue
[2022-08-09 00:08:27,924] {logging_mixin.py:115} INFO - [2022-08-09 00:08:27,924] {dagbag.py:508} INFO - Filling up the DagBag from /home/renan/datapipeline/.env/lib/python3.8/site-packages/airflow/example_dags/example_branch_day_of_week_operator.py
[2022-08-09 00:08:27,930] {processor.py:651} INFO - DAG(s) dict_keys(['example_weekday_branch_operator']) retrieved from /home/renan/datapipeline/.env/lib/python3.8/site-packages/airflow/example_dags/example_branch_day_of_week_operator.py
[2022-08-09 00:08:27,939] {logging_mixin.py:115} INFO - [2022-08-09 00:08:27,939] {dag.py:2420} INFO - Sync 1 DAGs
[2022-08-09 00:08:27,949] {logging_mixin.py:115} INFO - [2022-08-09 00:08:27,949] {dag.py:2968} INFO - Setting next_dagrun for example_weekday_branch_operator to 2022-08-08T00:00:00+00:00, run_after=2022-08-09T00:00:00+00:00
[2022-08-09 00:08:27,958] {processor.py:161} INFO - Processing /home/renan/datapipeline/.env/lib/python3.8/site-packages/airflow/example_dags/example_branch_day_of_week_operator.py took 0.036 seconds
[2022-08-09 00:09:01,831] {processor.py:153} INFO - Started process (PID=11038) to work on /home/renan/datapipeline/.env/lib/python3.8/site-packages/airflow/example_dags/example_branch_day_of_week_operator.py
[2022-08-09 00:09:01,831] {processor.py:641} INFO - Processing file /home/renan/datapipeline/.env/lib/python3.8/site-packages/airflow/example_dags/example_branch_day_of_week_operator.py for tasks to queue
[2022-08-09 00:09:01,832] {logging_mixin.py:115} INFO - [2022-08-09 00:09:01,832] {dagbag.py:508} INFO - Filling up the DagBag from /home/renan/datapipeline/.env/lib/python3.8/site-packages/airflow/example_dags/example_branch_day_of_week_operator.py
[2022-08-09 00:09:01,837] {processor.py:651} INFO - DAG(s) dict_keys(['example_weekday_branch_operator']) retrieved from /home/renan/datapipeline/.env/lib/python3.8/site-packages/airflow/example_dags/example_branch_day_of_week_operator.py
[2022-08-09 00:09:01,847] {logging_mixin.py:115} INFO - [2022-08-09 00:09:01,847] {dag.py:2420} INFO - Sync 1 DAGs
[2022-08-09 00:09:01,857] {logging_mixin.py:115} INFO - [2022-08-09 00:09:01,857] {dag.py:2968} INFO - Setting next_dagrun for example_weekday_branch_operator to 2022-08-08T00:00:00+00:00, run_after=2022-08-09T00:00:00+00:00
[2022-08-09 00:09:01,866] {processor.py:161} INFO - Processing /home/renan/datapipeline/.env/lib/python3.8/site-packages/airflow/example_dags/example_branch_day_of_week_operator.py took 0.037 seconds
[2022-08-09 00:09:34,821] {processor.py:153} INFO - Started process (PID=11072) to work on /home/renan/datapipeline/.env/lib/python3.8/site-packages/airflow/example_dags/example_branch_day_of_week_operator.py
[2022-08-09 00:09:34,821] {processor.py:641} INFO - Processing file /home/renan/datapipeline/.env/lib/python3.8/site-packages/airflow/example_dags/example_branch_day_of_week_operator.py for tasks to queue
[2022-08-09 00:09:34,821] {logging_mixin.py:115} INFO - [2022-08-09 00:09:34,821] {dagbag.py:508} INFO - Filling up the DagBag from /home/renan/datapipeline/.env/lib/python3.8/site-packages/airflow/example_dags/example_branch_day_of_week_operator.py
[2022-08-09 00:09:34,828] {processor.py:651} INFO - DAG(s) dict_keys(['example_weekday_branch_operator']) retrieved from /home/renan/datapipeline/.env/lib/python3.8/site-packages/airflow/example_dags/example_branch_day_of_week_operator.py
[2022-08-09 00:09:34,837] {logging_mixin.py:115} INFO - [2022-08-09 00:09:34,837] {dag.py:2420} INFO - Sync 1 DAGs
[2022-08-09 00:09:34,847] {logging_mixin.py:115} INFO - [2022-08-09 00:09:34,847] {dag.py:2968} INFO - Setting next_dagrun for example_weekday_branch_operator to 2022-08-08T00:00:00+00:00, run_after=2022-08-09T00:00:00+00:00
[2022-08-09 00:09:34,856] {processor.py:161} INFO - Processing /home/renan/datapipeline/.env/lib/python3.8/site-packages/airflow/example_dags/example_branch_day_of_week_operator.py took 0.036 seconds
[2022-08-09 00:10:07,425] {processor.py:153} INFO - Started process (PID=11111) to work on /home/renan/datapipeline/.env/lib/python3.8/site-packages/airflow/example_dags/example_branch_day_of_week_operator.py
[2022-08-09 00:10:07,425] {processor.py:641} INFO - Processing file /home/renan/datapipeline/.env/lib/python3.8/site-packages/airflow/example_dags/example_branch_day_of_week_operator.py for tasks to queue
[2022-08-09 00:10:07,426] {logging_mixin.py:115} INFO - [2022-08-09 00:10:07,426] {dagbag.py:508} INFO - Filling up the DagBag from /home/renan/datapipeline/.env/lib/python3.8/site-packages/airflow/example_dags/example_branch_day_of_week_operator.py
[2022-08-09 00:10:07,433] {processor.py:651} INFO - DAG(s) dict_keys(['example_weekday_branch_operator']) retrieved from /home/renan/datapipeline/.env/lib/python3.8/site-packages/airflow/example_dags/example_branch_day_of_week_operator.py
[2022-08-09 00:10:07,442] {logging_mixin.py:115} INFO - [2022-08-09 00:10:07,442] {dag.py:2420} INFO - Sync 1 DAGs
[2022-08-09 00:10:07,452] {logging_mixin.py:115} INFO - [2022-08-09 00:10:07,452] {dag.py:2968} INFO - Setting next_dagrun for example_weekday_branch_operator to 2022-08-08T00:00:00+00:00, run_after=2022-08-09T00:00:00+00:00
[2022-08-09 00:10:07,461] {processor.py:161} INFO - Processing /home/renan/datapipeline/.env/lib/python3.8/site-packages/airflow/example_dags/example_branch_day_of_week_operator.py took 0.038 seconds
[2022-08-09 00:10:43,936] {processor.py:153} INFO - Started process (PID=11151) to work on /home/renan/datapipeline/.env/lib/python3.8/site-packages/airflow/example_dags/example_branch_day_of_week_operator.py
[2022-08-09 00:10:43,936] {processor.py:641} INFO - Processing file /home/renan/datapipeline/.env/lib/python3.8/site-packages/airflow/example_dags/example_branch_day_of_week_operator.py for tasks to queue
[2022-08-09 00:10:43,937] {logging_mixin.py:115} INFO - [2022-08-09 00:10:43,937] {dagbag.py:508} INFO - Filling up the DagBag from /home/renan/datapipeline/.env/lib/python3.8/site-packages/airflow/example_dags/example_branch_day_of_week_operator.py
[2022-08-09 00:10:43,944] {processor.py:651} INFO - DAG(s) dict_keys(['example_weekday_branch_operator']) retrieved from /home/renan/datapipeline/.env/lib/python3.8/site-packages/airflow/example_dags/example_branch_day_of_week_operator.py
[2022-08-09 00:10:43,952] {logging_mixin.py:115} INFO - [2022-08-09 00:10:43,952] {dag.py:2420} INFO - Sync 1 DAGs
[2022-08-09 00:10:43,963] {logging_mixin.py:115} INFO - [2022-08-09 00:10:43,962] {dag.py:2968} INFO - Setting next_dagrun for example_weekday_branch_operator to 2022-08-08T00:00:00+00:00, run_after=2022-08-09T00:00:00+00:00
[2022-08-09 00:10:43,971] {processor.py:161} INFO - Processing /home/renan/datapipeline/.env/lib/python3.8/site-packages/airflow/example_dags/example_branch_day_of_week_operator.py took 0.037 seconds
[2022-08-09 00:11:17,186] {processor.py:153} INFO - Started process (PID=11203) to work on /home/renan/datapipeline/.env/lib/python3.8/site-packages/airflow/example_dags/example_branch_day_of_week_operator.py
[2022-08-09 00:11:17,187] {processor.py:641} INFO - Processing file /home/renan/datapipeline/.env/lib/python3.8/site-packages/airflow/example_dags/example_branch_day_of_week_operator.py for tasks to queue
[2022-08-09 00:11:17,187] {logging_mixin.py:115} INFO - [2022-08-09 00:11:17,187] {dagbag.py:508} INFO - Filling up the DagBag from /home/renan/datapipeline/.env/lib/python3.8/site-packages/airflow/example_dags/example_branch_day_of_week_operator.py
[2022-08-09 00:11:17,194] {processor.py:651} INFO - DAG(s) dict_keys(['example_weekday_branch_operator']) retrieved from /home/renan/datapipeline/.env/lib/python3.8/site-packages/airflow/example_dags/example_branch_day_of_week_operator.py
[2022-08-09 00:11:17,202] {logging_mixin.py:115} INFO - [2022-08-09 00:11:17,202] {dag.py:2420} INFO - Sync 1 DAGs
[2022-08-09 00:11:17,213] {logging_mixin.py:115} INFO - [2022-08-09 00:11:17,212] {dag.py:2968} INFO - Setting next_dagrun for example_weekday_branch_operator to 2022-08-08T00:00:00+00:00, run_after=2022-08-09T00:00:00+00:00
[2022-08-09 00:11:17,221] {processor.py:161} INFO - Processing /home/renan/datapipeline/.env/lib/python3.8/site-packages/airflow/example_dags/example_branch_day_of_week_operator.py took 0.037 seconds
[2022-08-09 00:11:51,167] {processor.py:153} INFO - Started process (PID=11246) to work on /home/renan/datapipeline/.env/lib/python3.8/site-packages/airflow/example_dags/example_branch_day_of_week_operator.py
[2022-08-09 00:11:51,168] {processor.py:641} INFO - Processing file /home/renan/datapipeline/.env/lib/python3.8/site-packages/airflow/example_dags/example_branch_day_of_week_operator.py for tasks to queue
[2022-08-09 00:11:51,168] {logging_mixin.py:115} INFO - [2022-08-09 00:11:51,168] {dagbag.py:508} INFO - Filling up the DagBag from /home/renan/datapipeline/.env/lib/python3.8/site-packages/airflow/example_dags/example_branch_day_of_week_operator.py
[2022-08-09 00:11:51,176] {processor.py:651} INFO - DAG(s) dict_keys(['example_weekday_branch_operator']) retrieved from /home/renan/datapipeline/.env/lib/python3.8/site-packages/airflow/example_dags/example_branch_day_of_week_operator.py
[2022-08-09 00:11:51,188] {logging_mixin.py:115} INFO - [2022-08-09 00:11:51,187] {dag.py:2420} INFO - Sync 1 DAGs
[2022-08-09 00:11:51,200] {logging_mixin.py:115} INFO - [2022-08-09 00:11:51,200] {dag.py:2968} INFO - Setting next_dagrun for example_weekday_branch_operator to 2022-08-08T00:00:00+00:00, run_after=2022-08-09T00:00:00+00:00
[2022-08-09 00:11:51,212] {processor.py:161} INFO - Processing /home/renan/datapipeline/.env/lib/python3.8/site-packages/airflow/example_dags/example_branch_day_of_week_operator.py took 0.047 seconds
[2022-08-09 00:12:23,729] {processor.py:153} INFO - Started process (PID=11303) to work on /home/renan/datapipeline/.env/lib/python3.8/site-packages/airflow/example_dags/example_branch_day_of_week_operator.py
[2022-08-09 00:12:23,730] {processor.py:641} INFO - Processing file /home/renan/datapipeline/.env/lib/python3.8/site-packages/airflow/example_dags/example_branch_day_of_week_operator.py for tasks to queue
[2022-08-09 00:12:23,730] {logging_mixin.py:115} INFO - [2022-08-09 00:12:23,730] {dagbag.py:508} INFO - Filling up the DagBag from /home/renan/datapipeline/.env/lib/python3.8/site-packages/airflow/example_dags/example_branch_day_of_week_operator.py
[2022-08-09 00:12:23,737] {processor.py:651} INFO - DAG(s) dict_keys(['example_weekday_branch_operator']) retrieved from /home/renan/datapipeline/.env/lib/python3.8/site-packages/airflow/example_dags/example_branch_day_of_week_operator.py
[2022-08-09 00:12:23,747] {logging_mixin.py:115} INFO - [2022-08-09 00:12:23,747] {dag.py:2420} INFO - Sync 1 DAGs
[2022-08-09 00:12:23,759] {logging_mixin.py:115} INFO - [2022-08-09 00:12:23,759] {dag.py:2968} INFO - Setting next_dagrun for example_weekday_branch_operator to 2022-08-08T00:00:00+00:00, run_after=2022-08-09T00:00:00+00:00
[2022-08-09 00:12:23,769] {processor.py:161} INFO - Processing /home/renan/datapipeline/.env/lib/python3.8/site-packages/airflow/example_dags/example_branch_day_of_week_operator.py took 0.042 seconds
[2022-08-09 00:12:58,341] {processor.py:153} INFO - Started process (PID=11353) to work on /home/renan/datapipeline/.env/lib/python3.8/site-packages/airflow/example_dags/example_branch_day_of_week_operator.py
[2022-08-09 00:12:58,342] {processor.py:641} INFO - Processing file /home/renan/datapipeline/.env/lib/python3.8/site-packages/airflow/example_dags/example_branch_day_of_week_operator.py for tasks to queue
[2022-08-09 00:12:58,342] {logging_mixin.py:115} INFO - [2022-08-09 00:12:58,342] {dagbag.py:508} INFO - Filling up the DagBag from /home/renan/datapipeline/.env/lib/python3.8/site-packages/airflow/example_dags/example_branch_day_of_week_operator.py
[2022-08-09 00:12:58,352] {processor.py:651} INFO - DAG(s) dict_keys(['example_weekday_branch_operator']) retrieved from /home/renan/datapipeline/.env/lib/python3.8/site-packages/airflow/example_dags/example_branch_day_of_week_operator.py
[2022-08-09 00:12:58,361] {logging_mixin.py:115} INFO - [2022-08-09 00:12:58,361] {dag.py:2420} INFO - Sync 1 DAGs
[2022-08-09 00:12:58,373] {logging_mixin.py:115} INFO - [2022-08-09 00:12:58,373] {dag.py:2968} INFO - Setting next_dagrun for example_weekday_branch_operator to 2022-08-08T00:00:00+00:00, run_after=2022-08-09T00:00:00+00:00
[2022-08-09 00:12:58,384] {processor.py:161} INFO - Processing /home/renan/datapipeline/.env/lib/python3.8/site-packages/airflow/example_dags/example_branch_day_of_week_operator.py took 0.045 seconds
[2022-08-09 00:13:29,290] {processor.py:153} INFO - Started process (PID=11390) to work on /home/renan/datapipeline/.env/lib/python3.8/site-packages/airflow/example_dags/example_branch_day_of_week_operator.py
[2022-08-09 00:13:29,291] {processor.py:641} INFO - Processing file /home/renan/datapipeline/.env/lib/python3.8/site-packages/airflow/example_dags/example_branch_day_of_week_operator.py for tasks to queue
[2022-08-09 00:13:29,291] {logging_mixin.py:115} INFO - [2022-08-09 00:13:29,291] {dagbag.py:508} INFO - Filling up the DagBag from /home/renan/datapipeline/.env/lib/python3.8/site-packages/airflow/example_dags/example_branch_day_of_week_operator.py
[2022-08-09 00:13:29,300] {processor.py:651} INFO - DAG(s) dict_keys(['example_weekday_branch_operator']) retrieved from /home/renan/datapipeline/.env/lib/python3.8/site-packages/airflow/example_dags/example_branch_day_of_week_operator.py
[2022-08-09 00:13:29,309] {logging_mixin.py:115} INFO - [2022-08-09 00:13:29,309] {dag.py:2420} INFO - Sync 1 DAGs
[2022-08-09 00:13:29,321] {logging_mixin.py:115} INFO - [2022-08-09 00:13:29,321] {dag.py:2968} INFO - Setting next_dagrun for example_weekday_branch_operator to 2022-08-08T00:00:00+00:00, run_after=2022-08-09T00:00:00+00:00
[2022-08-09 00:13:29,331] {processor.py:161} INFO - Processing /home/renan/datapipeline/.env/lib/python3.8/site-packages/airflow/example_dags/example_branch_day_of_week_operator.py took 0.043 seconds
[2022-08-09 00:14:06,376] {processor.py:153} INFO - Started process (PID=11477) to work on /home/renan/datapipeline/.env/lib/python3.8/site-packages/airflow/example_dags/example_branch_day_of_week_operator.py
[2022-08-09 00:14:06,377] {processor.py:641} INFO - Processing file /home/renan/datapipeline/.env/lib/python3.8/site-packages/airflow/example_dags/example_branch_day_of_week_operator.py for tasks to queue
[2022-08-09 00:14:06,377] {logging_mixin.py:115} INFO - [2022-08-09 00:14:06,377] {dagbag.py:508} INFO - Filling up the DagBag from /home/renan/datapipeline/.env/lib/python3.8/site-packages/airflow/example_dags/example_branch_day_of_week_operator.py
[2022-08-09 00:14:06,385] {processor.py:651} INFO - DAG(s) dict_keys(['example_weekday_branch_operator']) retrieved from /home/renan/datapipeline/.env/lib/python3.8/site-packages/airflow/example_dags/example_branch_day_of_week_operator.py
[2022-08-09 00:14:06,393] {logging_mixin.py:115} INFO - [2022-08-09 00:14:06,393] {dag.py:2420} INFO - Sync 1 DAGs
[2022-08-09 00:14:06,404] {logging_mixin.py:115} INFO - [2022-08-09 00:14:06,404] {dag.py:2968} INFO - Setting next_dagrun for example_weekday_branch_operator to 2022-08-08T00:00:00+00:00, run_after=2022-08-09T00:00:00+00:00
[2022-08-09 00:14:06,413] {processor.py:161} INFO - Processing /home/renan/datapipeline/.env/lib/python3.8/site-packages/airflow/example_dags/example_branch_day_of_week_operator.py took 0.038 seconds
[2022-08-09 00:14:38,444] {processor.py:153} INFO - Started process (PID=11522) to work on /home/renan/datapipeline/.env/lib/python3.8/site-packages/airflow/example_dags/example_branch_day_of_week_operator.py
[2022-08-09 00:14:38,445] {processor.py:641} INFO - Processing file /home/renan/datapipeline/.env/lib/python3.8/site-packages/airflow/example_dags/example_branch_day_of_week_operator.py for tasks to queue
[2022-08-09 00:14:38,445] {logging_mixin.py:115} INFO - [2022-08-09 00:14:38,445] {dagbag.py:508} INFO - Filling up the DagBag from /home/renan/datapipeline/.env/lib/python3.8/site-packages/airflow/example_dags/example_branch_day_of_week_operator.py
[2022-08-09 00:14:38,450] {processor.py:651} INFO - DAG(s) dict_keys(['example_weekday_branch_operator']) retrieved from /home/renan/datapipeline/.env/lib/python3.8/site-packages/airflow/example_dags/example_branch_day_of_week_operator.py
[2022-08-09 00:14:38,460] {logging_mixin.py:115} INFO - [2022-08-09 00:14:38,460] {dag.py:2420} INFO - Sync 1 DAGs
[2022-08-09 00:14:38,471] {logging_mixin.py:115} INFO - [2022-08-09 00:14:38,471] {dag.py:2968} INFO - Setting next_dagrun for example_weekday_branch_operator to 2022-08-08T00:00:00+00:00, run_after=2022-08-09T00:00:00+00:00
[2022-08-09 00:14:38,479] {processor.py:161} INFO - Processing /home/renan/datapipeline/.env/lib/python3.8/site-packages/airflow/example_dags/example_branch_day_of_week_operator.py took 0.037 seconds
[2022-08-09 00:15:13,071] {processor.py:153} INFO - Started process (PID=11564) to work on /home/renan/datapipeline/.env/lib/python3.8/site-packages/airflow/example_dags/example_branch_day_of_week_operator.py
[2022-08-09 00:15:13,072] {processor.py:641} INFO - Processing file /home/renan/datapipeline/.env/lib/python3.8/site-packages/airflow/example_dags/example_branch_day_of_week_operator.py for tasks to queue
[2022-08-09 00:15:13,073] {logging_mixin.py:115} INFO - [2022-08-09 00:15:13,073] {dagbag.py:508} INFO - Filling up the DagBag from /home/renan/datapipeline/.env/lib/python3.8/site-packages/airflow/example_dags/example_branch_day_of_week_operator.py
[2022-08-09 00:15:13,078] {processor.py:651} INFO - DAG(s) dict_keys(['example_weekday_branch_operator']) retrieved from /home/renan/datapipeline/.env/lib/python3.8/site-packages/airflow/example_dags/example_branch_day_of_week_operator.py
[2022-08-09 00:15:13,090] {logging_mixin.py:115} INFO - [2022-08-09 00:15:13,090] {dag.py:2420} INFO - Sync 1 DAGs
[2022-08-09 00:15:13,101] {logging_mixin.py:115} INFO - [2022-08-09 00:15:13,101] {dag.py:2968} INFO - Setting next_dagrun for example_weekday_branch_operator to 2022-08-08T00:00:00+00:00, run_after=2022-08-09T00:00:00+00:00
[2022-08-09 00:15:13,110] {processor.py:161} INFO - Processing /home/renan/datapipeline/.env/lib/python3.8/site-packages/airflow/example_dags/example_branch_day_of_week_operator.py took 0.041 seconds
[2022-08-09 00:15:46,081] {processor.py:153} INFO - Started process (PID=11633) to work on /home/renan/datapipeline/.env/lib/python3.8/site-packages/airflow/example_dags/example_branch_day_of_week_operator.py
[2022-08-09 00:15:46,081] {processor.py:641} INFO - Processing file /home/renan/datapipeline/.env/lib/python3.8/site-packages/airflow/example_dags/example_branch_day_of_week_operator.py for tasks to queue
[2022-08-09 00:15:46,082] {logging_mixin.py:115} INFO - [2022-08-09 00:15:46,082] {dagbag.py:508} INFO - Filling up the DagBag from /home/renan/datapipeline/.env/lib/python3.8/site-packages/airflow/example_dags/example_branch_day_of_week_operator.py
[2022-08-09 00:15:46,086] {processor.py:651} INFO - DAG(s) dict_keys(['example_weekday_branch_operator']) retrieved from /home/renan/datapipeline/.env/lib/python3.8/site-packages/airflow/example_dags/example_branch_day_of_week_operator.py
[2022-08-09 00:15:46,096] {logging_mixin.py:115} INFO - [2022-08-09 00:15:46,095] {dag.py:2420} INFO - Sync 1 DAGs
[2022-08-09 00:15:46,106] {logging_mixin.py:115} INFO - [2022-08-09 00:15:46,106] {dag.py:2968} INFO - Setting next_dagrun for example_weekday_branch_operator to 2022-08-08T00:00:00+00:00, run_after=2022-08-09T00:00:00+00:00
[2022-08-09 00:15:46,116] {processor.py:161} INFO - Processing /home/renan/datapipeline/.env/lib/python3.8/site-packages/airflow/example_dags/example_branch_day_of_week_operator.py took 0.037 seconds
[2022-08-09 00:16:20,751] {processor.py:153} INFO - Started process (PID=11681) to work on /home/renan/datapipeline/.env/lib/python3.8/site-packages/airflow/example_dags/example_branch_day_of_week_operator.py
[2022-08-09 00:16:20,751] {processor.py:641} INFO - Processing file /home/renan/datapipeline/.env/lib/python3.8/site-packages/airflow/example_dags/example_branch_day_of_week_operator.py for tasks to queue
[2022-08-09 00:16:20,751] {logging_mixin.py:115} INFO - [2022-08-09 00:16:20,751] {dagbag.py:508} INFO - Filling up the DagBag from /home/renan/datapipeline/.env/lib/python3.8/site-packages/airflow/example_dags/example_branch_day_of_week_operator.py
[2022-08-09 00:16:20,756] {processor.py:651} INFO - DAG(s) dict_keys(['example_weekday_branch_operator']) retrieved from /home/renan/datapipeline/.env/lib/python3.8/site-packages/airflow/example_dags/example_branch_day_of_week_operator.py
[2022-08-09 00:16:20,765] {logging_mixin.py:115} INFO - [2022-08-09 00:16:20,765] {dag.py:2420} INFO - Sync 1 DAGs
[2022-08-09 00:16:20,775] {logging_mixin.py:115} INFO - [2022-08-09 00:16:20,775] {dag.py:2968} INFO - Setting next_dagrun for example_weekday_branch_operator to 2022-08-08T00:00:00+00:00, run_after=2022-08-09T00:00:00+00:00
[2022-08-09 00:16:20,785] {processor.py:161} INFO - Processing /home/renan/datapipeline/.env/lib/python3.8/site-packages/airflow/example_dags/example_branch_day_of_week_operator.py took 0.036 seconds
[2022-08-09 00:16:53,388] {processor.py:153} INFO - Started process (PID=11729) to work on /home/renan/datapipeline/.env/lib/python3.8/site-packages/airflow/example_dags/example_branch_day_of_week_operator.py
[2022-08-09 00:16:53,393] {processor.py:641} INFO - Processing file /home/renan/datapipeline/.env/lib/python3.8/site-packages/airflow/example_dags/example_branch_day_of_week_operator.py for tasks to queue
[2022-08-09 00:16:53,393] {logging_mixin.py:115} INFO - [2022-08-09 00:16:53,393] {dagbag.py:508} INFO - Filling up the DagBag from /home/renan/datapipeline/.env/lib/python3.8/site-packages/airflow/example_dags/example_branch_day_of_week_operator.py
[2022-08-09 00:16:53,399] {processor.py:651} INFO - DAG(s) dict_keys(['example_weekday_branch_operator']) retrieved from /home/renan/datapipeline/.env/lib/python3.8/site-packages/airflow/example_dags/example_branch_day_of_week_operator.py
[2022-08-09 00:16:53,414] {logging_mixin.py:115} INFO - [2022-08-09 00:16:53,414] {dag.py:2420} INFO - Sync 1 DAGs
[2022-08-09 00:16:53,426] {logging_mixin.py:115} INFO - [2022-08-09 00:16:53,426] {dag.py:2968} INFO - Setting next_dagrun for example_weekday_branch_operator to 2022-08-08T00:00:00+00:00, run_after=2022-08-09T00:00:00+00:00
[2022-08-09 00:16:53,439] {processor.py:161} INFO - Processing /home/renan/datapipeline/.env/lib/python3.8/site-packages/airflow/example_dags/example_branch_day_of_week_operator.py took 0.053 seconds
[2022-08-09 00:17:26,446] {processor.py:153} INFO - Started process (PID=11786) to work on /home/renan/datapipeline/.env/lib/python3.8/site-packages/airflow/example_dags/example_branch_day_of_week_operator.py
[2022-08-09 00:17:26,446] {processor.py:641} INFO - Processing file /home/renan/datapipeline/.env/lib/python3.8/site-packages/airflow/example_dags/example_branch_day_of_week_operator.py for tasks to queue
[2022-08-09 00:17:26,446] {logging_mixin.py:115} INFO - [2022-08-09 00:17:26,446] {dagbag.py:508} INFO - Filling up the DagBag from /home/renan/datapipeline/.env/lib/python3.8/site-packages/airflow/example_dags/example_branch_day_of_week_operator.py
[2022-08-09 00:17:26,452] {processor.py:651} INFO - DAG(s) dict_keys(['example_weekday_branch_operator']) retrieved from /home/renan/datapipeline/.env/lib/python3.8/site-packages/airflow/example_dags/example_branch_day_of_week_operator.py
[2022-08-09 00:17:26,463] {logging_mixin.py:115} INFO - [2022-08-09 00:17:26,463] {dag.py:2420} INFO - Sync 1 DAGs
[2022-08-09 00:17:26,475] {logging_mixin.py:115} INFO - [2022-08-09 00:17:26,475] {dag.py:2968} INFO - Setting next_dagrun for example_weekday_branch_operator to 2022-08-08T00:00:00+00:00, run_after=2022-08-09T00:00:00+00:00
[2022-08-09 00:17:26,485] {processor.py:161} INFO - Processing /home/renan/datapipeline/.env/lib/python3.8/site-packages/airflow/example_dags/example_branch_day_of_week_operator.py took 0.041 seconds
[2022-08-09 00:17:59,503] {processor.py:153} INFO - Started process (PID=11822) to work on /home/renan/datapipeline/.env/lib/python3.8/site-packages/airflow/example_dags/example_branch_day_of_week_operator.py
[2022-08-09 00:17:59,504] {processor.py:641} INFO - Processing file /home/renan/datapipeline/.env/lib/python3.8/site-packages/airflow/example_dags/example_branch_day_of_week_operator.py for tasks to queue
[2022-08-09 00:17:59,504] {logging_mixin.py:115} INFO - [2022-08-09 00:17:59,504] {dagbag.py:508} INFO - Filling up the DagBag from /home/renan/datapipeline/.env/lib/python3.8/site-packages/airflow/example_dags/example_branch_day_of_week_operator.py
[2022-08-09 00:17:59,509] {processor.py:651} INFO - DAG(s) dict_keys(['example_weekday_branch_operator']) retrieved from /home/renan/datapipeline/.env/lib/python3.8/site-packages/airflow/example_dags/example_branch_day_of_week_operator.py
[2022-08-09 00:17:59,518] {logging_mixin.py:115} INFO - [2022-08-09 00:17:59,518] {dag.py:2420} INFO - Sync 1 DAGs
[2022-08-09 00:17:59,529] {logging_mixin.py:115} INFO - [2022-08-09 00:17:59,529] {dag.py:2968} INFO - Setting next_dagrun for example_weekday_branch_operator to 2022-08-08T00:00:00+00:00, run_after=2022-08-09T00:00:00+00:00
[2022-08-09 00:17:59,539] {processor.py:161} INFO - Processing /home/renan/datapipeline/.env/lib/python3.8/site-packages/airflow/example_dags/example_branch_day_of_week_operator.py took 0.038 seconds
[2022-08-09 00:18:35,432] {processor.py:153} INFO - Started process (PID=11860) to work on /home/renan/datapipeline/.env/lib/python3.8/site-packages/airflow/example_dags/example_branch_day_of_week_operator.py
[2022-08-09 00:18:35,433] {processor.py:641} INFO - Processing file /home/renan/datapipeline/.env/lib/python3.8/site-packages/airflow/example_dags/example_branch_day_of_week_operator.py for tasks to queue
[2022-08-09 00:18:35,433] {logging_mixin.py:115} INFO - [2022-08-09 00:18:35,433] {dagbag.py:508} INFO - Filling up the DagBag from /home/renan/datapipeline/.env/lib/python3.8/site-packages/airflow/example_dags/example_branch_day_of_week_operator.py
[2022-08-09 00:18:35,438] {processor.py:651} INFO - DAG(s) dict_keys(['example_weekday_branch_operator']) retrieved from /home/renan/datapipeline/.env/lib/python3.8/site-packages/airflow/example_dags/example_branch_day_of_week_operator.py
[2022-08-09 00:18:35,447] {logging_mixin.py:115} INFO - [2022-08-09 00:18:35,447] {dag.py:2420} INFO - Sync 1 DAGs
[2022-08-09 00:18:35,458] {logging_mixin.py:115} INFO - [2022-08-09 00:18:35,458] {dag.py:2968} INFO - Setting next_dagrun for example_weekday_branch_operator to 2022-08-08T00:00:00+00:00, run_after=2022-08-09T00:00:00+00:00
[2022-08-09 00:18:35,467] {processor.py:161} INFO - Processing /home/renan/datapipeline/.env/lib/python3.8/site-packages/airflow/example_dags/example_branch_day_of_week_operator.py took 0.036 seconds
[2022-08-09 00:19:10,147] {processor.py:153} INFO - Started process (PID=11898) to work on /home/renan/datapipeline/.env/lib/python3.8/site-packages/airflow/example_dags/example_branch_day_of_week_operator.py
[2022-08-09 00:19:10,147] {processor.py:641} INFO - Processing file /home/renan/datapipeline/.env/lib/python3.8/site-packages/airflow/example_dags/example_branch_day_of_week_operator.py for tasks to queue
[2022-08-09 00:19:10,148] {logging_mixin.py:115} INFO - [2022-08-09 00:19:10,148] {dagbag.py:508} INFO - Filling up the DagBag from /home/renan/datapipeline/.env/lib/python3.8/site-packages/airflow/example_dags/example_branch_day_of_week_operator.py
[2022-08-09 00:19:10,153] {processor.py:651} INFO - DAG(s) dict_keys(['example_weekday_branch_operator']) retrieved from /home/renan/datapipeline/.env/lib/python3.8/site-packages/airflow/example_dags/example_branch_day_of_week_operator.py
[2022-08-09 00:19:10,162] {logging_mixin.py:115} INFO - [2022-08-09 00:19:10,162] {dag.py:2420} INFO - Sync 1 DAGs
[2022-08-09 00:19:10,172] {logging_mixin.py:115} INFO - [2022-08-09 00:19:10,172] {dag.py:2968} INFO - Setting next_dagrun for example_weekday_branch_operator to 2022-08-08T00:00:00+00:00, run_after=2022-08-09T00:00:00+00:00
[2022-08-09 00:19:10,180] {processor.py:161} INFO - Processing /home/renan/datapipeline/.env/lib/python3.8/site-packages/airflow/example_dags/example_branch_day_of_week_operator.py took 0.035 seconds
[2022-08-09 00:19:42,925] {processor.py:153} INFO - Started process (PID=11934) to work on /home/renan/datapipeline/.env/lib/python3.8/site-packages/airflow/example_dags/example_branch_day_of_week_operator.py
[2022-08-09 00:19:42,926] {processor.py:641} INFO - Processing file /home/renan/datapipeline/.env/lib/python3.8/site-packages/airflow/example_dags/example_branch_day_of_week_operator.py for tasks to queue
[2022-08-09 00:19:42,926] {logging_mixin.py:115} INFO - [2022-08-09 00:19:42,926] {dagbag.py:508} INFO - Filling up the DagBag from /home/renan/datapipeline/.env/lib/python3.8/site-packages/airflow/example_dags/example_branch_day_of_week_operator.py
[2022-08-09 00:19:42,932] {processor.py:651} INFO - DAG(s) dict_keys(['example_weekday_branch_operator']) retrieved from /home/renan/datapipeline/.env/lib/python3.8/site-packages/airflow/example_dags/example_branch_day_of_week_operator.py
[2022-08-09 00:19:42,941] {logging_mixin.py:115} INFO - [2022-08-09 00:19:42,941] {dag.py:2420} INFO - Sync 1 DAGs
[2022-08-09 00:19:42,952] {logging_mixin.py:115} INFO - [2022-08-09 00:19:42,952] {dag.py:2968} INFO - Setting next_dagrun for example_weekday_branch_operator to 2022-08-08T00:00:00+00:00, run_after=2022-08-09T00:00:00+00:00
[2022-08-09 00:19:42,963] {processor.py:161} INFO - Processing /home/renan/datapipeline/.env/lib/python3.8/site-packages/airflow/example_dags/example_branch_day_of_week_operator.py took 0.039 seconds
[2022-08-09 00:20:16,833] {processor.py:153} INFO - Started process (PID=11973) to work on /home/renan/datapipeline/.env/lib/python3.8/site-packages/airflow/example_dags/example_branch_day_of_week_operator.py
[2022-08-09 00:20:16,833] {processor.py:641} INFO - Processing file /home/renan/datapipeline/.env/lib/python3.8/site-packages/airflow/example_dags/example_branch_day_of_week_operator.py for tasks to queue
[2022-08-09 00:20:16,834] {logging_mixin.py:115} INFO - [2022-08-09 00:20:16,834] {dagbag.py:508} INFO - Filling up the DagBag from /home/renan/datapipeline/.env/lib/python3.8/site-packages/airflow/example_dags/example_branch_day_of_week_operator.py
[2022-08-09 00:20:16,839] {processor.py:651} INFO - DAG(s) dict_keys(['example_weekday_branch_operator']) retrieved from /home/renan/datapipeline/.env/lib/python3.8/site-packages/airflow/example_dags/example_branch_day_of_week_operator.py
[2022-08-09 00:20:16,847] {logging_mixin.py:115} INFO - [2022-08-09 00:20:16,847] {dag.py:2420} INFO - Sync 1 DAGs
[2022-08-09 00:20:16,858] {logging_mixin.py:115} INFO - [2022-08-09 00:20:16,858] {dag.py:2968} INFO - Setting next_dagrun for example_weekday_branch_operator to 2022-08-08T00:00:00+00:00, run_after=2022-08-09T00:00:00+00:00
[2022-08-09 00:20:16,866] {processor.py:161} INFO - Processing /home/renan/datapipeline/.env/lib/python3.8/site-packages/airflow/example_dags/example_branch_day_of_week_operator.py took 0.035 seconds
[2022-08-09 00:20:49,564] {processor.py:153} INFO - Started process (PID=12009) to work on /home/renan/datapipeline/.env/lib/python3.8/site-packages/airflow/example_dags/example_branch_day_of_week_operator.py
[2022-08-09 00:20:49,564] {processor.py:641} INFO - Processing file /home/renan/datapipeline/.env/lib/python3.8/site-packages/airflow/example_dags/example_branch_day_of_week_operator.py for tasks to queue
[2022-08-09 00:20:49,565] {logging_mixin.py:115} INFO - [2022-08-09 00:20:49,565] {dagbag.py:508} INFO - Filling up the DagBag from /home/renan/datapipeline/.env/lib/python3.8/site-packages/airflow/example_dags/example_branch_day_of_week_operator.py
[2022-08-09 00:20:49,570] {processor.py:651} INFO - DAG(s) dict_keys(['example_weekday_branch_operator']) retrieved from /home/renan/datapipeline/.env/lib/python3.8/site-packages/airflow/example_dags/example_branch_day_of_week_operator.py
[2022-08-09 00:20:49,579] {logging_mixin.py:115} INFO - [2022-08-09 00:20:49,579] {dag.py:2420} INFO - Sync 1 DAGs
[2022-08-09 00:20:49,590] {logging_mixin.py:115} INFO - [2022-08-09 00:20:49,590] {dag.py:2968} INFO - Setting next_dagrun for example_weekday_branch_operator to 2022-08-08T00:00:00+00:00, run_after=2022-08-09T00:00:00+00:00
[2022-08-09 00:20:49,598] {processor.py:161} INFO - Processing /home/renan/datapipeline/.env/lib/python3.8/site-packages/airflow/example_dags/example_branch_day_of_week_operator.py took 0.035 seconds
[2022-08-09 00:21:22,435] {processor.py:153} INFO - Started process (PID=12112) to work on /home/renan/datapipeline/.env/lib/python3.8/site-packages/airflow/example_dags/example_branch_day_of_week_operator.py
[2022-08-09 00:21:22,435] {processor.py:641} INFO - Processing file /home/renan/datapipeline/.env/lib/python3.8/site-packages/airflow/example_dags/example_branch_day_of_week_operator.py for tasks to queue
[2022-08-09 00:21:22,435] {logging_mixin.py:115} INFO - [2022-08-09 00:21:22,435] {dagbag.py:508} INFO - Filling up the DagBag from /home/renan/datapipeline/.env/lib/python3.8/site-packages/airflow/example_dags/example_branch_day_of_week_operator.py
[2022-08-09 00:21:22,442] {processor.py:651} INFO - DAG(s) dict_keys(['example_weekday_branch_operator']) retrieved from /home/renan/datapipeline/.env/lib/python3.8/site-packages/airflow/example_dags/example_branch_day_of_week_operator.py
[2022-08-09 00:21:22,450] {logging_mixin.py:115} INFO - [2022-08-09 00:21:22,450] {dag.py:2420} INFO - Sync 1 DAGs
[2022-08-09 00:21:22,461] {logging_mixin.py:115} INFO - [2022-08-09 00:21:22,461] {dag.py:2968} INFO - Setting next_dagrun for example_weekday_branch_operator to 2022-08-08T00:00:00+00:00, run_after=2022-08-09T00:00:00+00:00
[2022-08-09 00:21:22,470] {processor.py:161} INFO - Processing /home/renan/datapipeline/.env/lib/python3.8/site-packages/airflow/example_dags/example_branch_day_of_week_operator.py took 0.037 seconds
[2022-08-09 00:21:53,392] {processor.py:153} INFO - Started process (PID=12232) to work on /home/renan/datapipeline/.env/lib/python3.8/site-packages/airflow/example_dags/example_branch_day_of_week_operator.py
[2022-08-09 00:21:53,393] {processor.py:641} INFO - Processing file /home/renan/datapipeline/.env/lib/python3.8/site-packages/airflow/example_dags/example_branch_day_of_week_operator.py for tasks to queue
[2022-08-09 00:21:53,393] {logging_mixin.py:115} INFO - [2022-08-09 00:21:53,393] {dagbag.py:508} INFO - Filling up the DagBag from /home/renan/datapipeline/.env/lib/python3.8/site-packages/airflow/example_dags/example_branch_day_of_week_operator.py
[2022-08-09 00:21:53,398] {processor.py:651} INFO - DAG(s) dict_keys(['example_weekday_branch_operator']) retrieved from /home/renan/datapipeline/.env/lib/python3.8/site-packages/airflow/example_dags/example_branch_day_of_week_operator.py
[2022-08-09 00:21:53,407] {logging_mixin.py:115} INFO - [2022-08-09 00:21:53,407] {dag.py:2420} INFO - Sync 1 DAGs
[2022-08-09 00:21:53,417] {logging_mixin.py:115} INFO - [2022-08-09 00:21:53,417] {dag.py:2968} INFO - Setting next_dagrun for example_weekday_branch_operator to 2022-08-08T00:00:00+00:00, run_after=2022-08-09T00:00:00+00:00
[2022-08-09 00:21:53,426] {processor.py:161} INFO - Processing /home/renan/datapipeline/.env/lib/python3.8/site-packages/airflow/example_dags/example_branch_day_of_week_operator.py took 0.036 seconds
[2022-08-09 00:22:27,150] {processor.py:153} INFO - Started process (PID=12294) to work on /home/renan/datapipeline/.env/lib/python3.8/site-packages/airflow/example_dags/example_branch_day_of_week_operator.py
[2022-08-09 00:22:27,150] {processor.py:641} INFO - Processing file /home/renan/datapipeline/.env/lib/python3.8/site-packages/airflow/example_dags/example_branch_day_of_week_operator.py for tasks to queue
[2022-08-09 00:22:27,151] {logging_mixin.py:115} INFO - [2022-08-09 00:22:27,151] {dagbag.py:508} INFO - Filling up the DagBag from /home/renan/datapipeline/.env/lib/python3.8/site-packages/airflow/example_dags/example_branch_day_of_week_operator.py
[2022-08-09 00:22:27,156] {processor.py:651} INFO - DAG(s) dict_keys(['example_weekday_branch_operator']) retrieved from /home/renan/datapipeline/.env/lib/python3.8/site-packages/airflow/example_dags/example_branch_day_of_week_operator.py
[2022-08-09 00:22:27,165] {logging_mixin.py:115} INFO - [2022-08-09 00:22:27,165] {dag.py:2420} INFO - Sync 1 DAGs
[2022-08-09 00:22:27,175] {logging_mixin.py:115} INFO - [2022-08-09 00:22:27,175] {dag.py:2968} INFO - Setting next_dagrun for example_weekday_branch_operator to 2022-08-08T00:00:00+00:00, run_after=2022-08-09T00:00:00+00:00
[2022-08-09 00:22:27,184] {processor.py:161} INFO - Processing /home/renan/datapipeline/.env/lib/python3.8/site-packages/airflow/example_dags/example_branch_day_of_week_operator.py took 0.036 seconds
[2022-08-09 00:22:58,799] {processor.py:153} INFO - Started process (PID=12329) to work on /home/renan/datapipeline/.env/lib/python3.8/site-packages/airflow/example_dags/example_branch_day_of_week_operator.py
[2022-08-09 00:22:58,799] {processor.py:641} INFO - Processing file /home/renan/datapipeline/.env/lib/python3.8/site-packages/airflow/example_dags/example_branch_day_of_week_operator.py for tasks to queue
[2022-08-09 00:22:58,799] {logging_mixin.py:115} INFO - [2022-08-09 00:22:58,799] {dagbag.py:508} INFO - Filling up the DagBag from /home/renan/datapipeline/.env/lib/python3.8/site-packages/airflow/example_dags/example_branch_day_of_week_operator.py
[2022-08-09 00:22:58,805] {processor.py:651} INFO - DAG(s) dict_keys(['example_weekday_branch_operator']) retrieved from /home/renan/datapipeline/.env/lib/python3.8/site-packages/airflow/example_dags/example_branch_day_of_week_operator.py
[2022-08-09 00:22:58,814] {logging_mixin.py:115} INFO - [2022-08-09 00:22:58,814] {dag.py:2420} INFO - Sync 1 DAGs
[2022-08-09 00:22:58,825] {logging_mixin.py:115} INFO - [2022-08-09 00:22:58,825] {dag.py:2968} INFO - Setting next_dagrun for example_weekday_branch_operator to 2022-08-08T00:00:00+00:00, run_after=2022-08-09T00:00:00+00:00
[2022-08-09 00:22:58,834] {processor.py:161} INFO - Processing /home/renan/datapipeline/.env/lib/python3.8/site-packages/airflow/example_dags/example_branch_day_of_week_operator.py took 0.037 seconds
[2022-08-09 00:23:32,986] {processor.py:153} INFO - Started process (PID=12368) to work on /home/renan/datapipeline/.env/lib/python3.8/site-packages/airflow/example_dags/example_branch_day_of_week_operator.py
[2022-08-09 00:23:32,987] {processor.py:641} INFO - Processing file /home/renan/datapipeline/.env/lib/python3.8/site-packages/airflow/example_dags/example_branch_day_of_week_operator.py for tasks to queue
[2022-08-09 00:23:32,987] {logging_mixin.py:115} INFO - [2022-08-09 00:23:32,987] {dagbag.py:508} INFO - Filling up the DagBag from /home/renan/datapipeline/.env/lib/python3.8/site-packages/airflow/example_dags/example_branch_day_of_week_operator.py
[2022-08-09 00:23:32,992] {processor.py:651} INFO - DAG(s) dict_keys(['example_weekday_branch_operator']) retrieved from /home/renan/datapipeline/.env/lib/python3.8/site-packages/airflow/example_dags/example_branch_day_of_week_operator.py
[2022-08-09 00:23:33,001] {logging_mixin.py:115} INFO - [2022-08-09 00:23:33,001] {dag.py:2420} INFO - Sync 1 DAGs
[2022-08-09 00:23:33,012] {logging_mixin.py:115} INFO - [2022-08-09 00:23:33,012] {dag.py:2968} INFO - Setting next_dagrun for example_weekday_branch_operator to 2022-08-08T00:00:00+00:00, run_after=2022-08-09T00:00:00+00:00
[2022-08-09 00:23:33,020] {processor.py:161} INFO - Processing /home/renan/datapipeline/.env/lib/python3.8/site-packages/airflow/example_dags/example_branch_day_of_week_operator.py took 0.036 seconds
[2022-08-09 00:24:05,529] {processor.py:153} INFO - Started process (PID=12406) to work on /home/renan/datapipeline/.env/lib/python3.8/site-packages/airflow/example_dags/example_branch_day_of_week_operator.py
[2022-08-09 00:24:05,530] {processor.py:641} INFO - Processing file /home/renan/datapipeline/.env/lib/python3.8/site-packages/airflow/example_dags/example_branch_day_of_week_operator.py for tasks to queue
[2022-08-09 00:24:05,530] {logging_mixin.py:115} INFO - [2022-08-09 00:24:05,530] {dagbag.py:508} INFO - Filling up the DagBag from /home/renan/datapipeline/.env/lib/python3.8/site-packages/airflow/example_dags/example_branch_day_of_week_operator.py
[2022-08-09 00:24:05,535] {processor.py:651} INFO - DAG(s) dict_keys(['example_weekday_branch_operator']) retrieved from /home/renan/datapipeline/.env/lib/python3.8/site-packages/airflow/example_dags/example_branch_day_of_week_operator.py
[2022-08-09 00:24:05,544] {logging_mixin.py:115} INFO - [2022-08-09 00:24:05,544] {dag.py:2420} INFO - Sync 1 DAGs
[2022-08-09 00:24:05,555] {logging_mixin.py:115} INFO - [2022-08-09 00:24:05,554] {dag.py:2968} INFO - Setting next_dagrun for example_weekday_branch_operator to 2022-08-08T00:00:00+00:00, run_after=2022-08-09T00:00:00+00:00
[2022-08-09 00:24:05,563] {processor.py:161} INFO - Processing /home/renan/datapipeline/.env/lib/python3.8/site-packages/airflow/example_dags/example_branch_day_of_week_operator.py took 0.035 seconds
[2022-08-09 00:24:40,860] {processor.py:153} INFO - Started process (PID=12473) to work on /home/renan/datapipeline/.env/lib/python3.8/site-packages/airflow/example_dags/example_branch_day_of_week_operator.py
[2022-08-09 00:24:40,860] {processor.py:641} INFO - Processing file /home/renan/datapipeline/.env/lib/python3.8/site-packages/airflow/example_dags/example_branch_day_of_week_operator.py for tasks to queue
[2022-08-09 00:24:40,860] {logging_mixin.py:115} INFO - [2022-08-09 00:24:40,860] {dagbag.py:508} INFO - Filling up the DagBag from /home/renan/datapipeline/.env/lib/python3.8/site-packages/airflow/example_dags/example_branch_day_of_week_operator.py
[2022-08-09 00:24:40,866] {processor.py:651} INFO - DAG(s) dict_keys(['example_weekday_branch_operator']) retrieved from /home/renan/datapipeline/.env/lib/python3.8/site-packages/airflow/example_dags/example_branch_day_of_week_operator.py
[2022-08-09 00:24:40,875] {logging_mixin.py:115} INFO - [2022-08-09 00:24:40,875] {dag.py:2420} INFO - Sync 1 DAGs
[2022-08-09 00:24:40,886] {logging_mixin.py:115} INFO - [2022-08-09 00:24:40,886] {dag.py:2968} INFO - Setting next_dagrun for example_weekday_branch_operator to 2022-08-08T00:00:00+00:00, run_after=2022-08-09T00:00:00+00:00
[2022-08-09 00:24:40,895] {processor.py:161} INFO - Processing /home/renan/datapipeline/.env/lib/python3.8/site-packages/airflow/example_dags/example_branch_day_of_week_operator.py took 0.038 seconds
[2022-08-09 00:25:13,348] {processor.py:153} INFO - Started process (PID=12514) to work on /home/renan/datapipeline/.env/lib/python3.8/site-packages/airflow/example_dags/example_branch_day_of_week_operator.py
[2022-08-09 00:25:13,349] {processor.py:641} INFO - Processing file /home/renan/datapipeline/.env/lib/python3.8/site-packages/airflow/example_dags/example_branch_day_of_week_operator.py for tasks to queue
[2022-08-09 00:25:13,349] {logging_mixin.py:115} INFO - [2022-08-09 00:25:13,349] {dagbag.py:508} INFO - Filling up the DagBag from /home/renan/datapipeline/.env/lib/python3.8/site-packages/airflow/example_dags/example_branch_day_of_week_operator.py
[2022-08-09 00:25:13,354] {processor.py:651} INFO - DAG(s) dict_keys(['example_weekday_branch_operator']) retrieved from /home/renan/datapipeline/.env/lib/python3.8/site-packages/airflow/example_dags/example_branch_day_of_week_operator.py
[2022-08-09 00:25:13,363] {logging_mixin.py:115} INFO - [2022-08-09 00:25:13,363] {dag.py:2420} INFO - Sync 1 DAGs
[2022-08-09 00:25:13,374] {logging_mixin.py:115} INFO - [2022-08-09 00:25:13,374] {dag.py:2968} INFO - Setting next_dagrun for example_weekday_branch_operator to 2022-08-08T00:00:00+00:00, run_after=2022-08-09T00:00:00+00:00
[2022-08-09 00:25:13,382] {processor.py:161} INFO - Processing /home/renan/datapipeline/.env/lib/python3.8/site-packages/airflow/example_dags/example_branch_day_of_week_operator.py took 0.036 seconds
[2022-08-09 00:25:46,129] {processor.py:153} INFO - Started process (PID=12550) to work on /home/renan/datapipeline/.env/lib/python3.8/site-packages/airflow/example_dags/example_branch_day_of_week_operator.py
[2022-08-09 00:25:46,130] {processor.py:641} INFO - Processing file /home/renan/datapipeline/.env/lib/python3.8/site-packages/airflow/example_dags/example_branch_day_of_week_operator.py for tasks to queue
[2022-08-09 00:25:46,130] {logging_mixin.py:115} INFO - [2022-08-09 00:25:46,130] {dagbag.py:508} INFO - Filling up the DagBag from /home/renan/datapipeline/.env/lib/python3.8/site-packages/airflow/example_dags/example_branch_day_of_week_operator.py
[2022-08-09 00:25:46,135] {processor.py:651} INFO - DAG(s) dict_keys(['example_weekday_branch_operator']) retrieved from /home/renan/datapipeline/.env/lib/python3.8/site-packages/airflow/example_dags/example_branch_day_of_week_operator.py
[2022-08-09 00:25:46,145] {logging_mixin.py:115} INFO - [2022-08-09 00:25:46,145] {dag.py:2420} INFO - Sync 1 DAGs
[2022-08-09 00:25:46,157] {logging_mixin.py:115} INFO - [2022-08-09 00:25:46,157] {dag.py:2968} INFO - Setting next_dagrun for example_weekday_branch_operator to 2022-08-08T00:00:00+00:00, run_after=2022-08-09T00:00:00+00:00
[2022-08-09 00:25:46,170] {processor.py:161} INFO - Processing /home/renan/datapipeline/.env/lib/python3.8/site-packages/airflow/example_dags/example_branch_day_of_week_operator.py took 0.043 seconds
[2022-08-09 00:26:22,066] {processor.py:153} INFO - Started process (PID=12589) to work on /home/renan/datapipeline/.env/lib/python3.8/site-packages/airflow/example_dags/example_branch_day_of_week_operator.py
[2022-08-09 00:26:22,066] {processor.py:641} INFO - Processing file /home/renan/datapipeline/.env/lib/python3.8/site-packages/airflow/example_dags/example_branch_day_of_week_operator.py for tasks to queue
[2022-08-09 00:26:22,066] {logging_mixin.py:115} INFO - [2022-08-09 00:26:22,066] {dagbag.py:508} INFO - Filling up the DagBag from /home/renan/datapipeline/.env/lib/python3.8/site-packages/airflow/example_dags/example_branch_day_of_week_operator.py
[2022-08-09 00:26:22,071] {processor.py:651} INFO - DAG(s) dict_keys(['example_weekday_branch_operator']) retrieved from /home/renan/datapipeline/.env/lib/python3.8/site-packages/airflow/example_dags/example_branch_day_of_week_operator.py
[2022-08-09 00:26:22,081] {logging_mixin.py:115} INFO - [2022-08-09 00:26:22,081] {dag.py:2420} INFO - Sync 1 DAGs
[2022-08-09 00:26:22,091] {logging_mixin.py:115} INFO - [2022-08-09 00:26:22,091] {dag.py:2968} INFO - Setting next_dagrun for example_weekday_branch_operator to 2022-08-08T00:00:00+00:00, run_after=2022-08-09T00:00:00+00:00
[2022-08-09 00:26:22,100] {processor.py:161} INFO - Processing /home/renan/datapipeline/.env/lib/python3.8/site-packages/airflow/example_dags/example_branch_day_of_week_operator.py took 0.036 seconds
[2022-08-09 00:26:54,842] {processor.py:153} INFO - Started process (PID=12627) to work on /home/renan/datapipeline/.env/lib/python3.8/site-packages/airflow/example_dags/example_branch_day_of_week_operator.py
[2022-08-09 00:26:54,843] {processor.py:641} INFO - Processing file /home/renan/datapipeline/.env/lib/python3.8/site-packages/airflow/example_dags/example_branch_day_of_week_operator.py for tasks to queue
[2022-08-09 00:26:54,843] {logging_mixin.py:115} INFO - [2022-08-09 00:26:54,843] {dagbag.py:508} INFO - Filling up the DagBag from /home/renan/datapipeline/.env/lib/python3.8/site-packages/airflow/example_dags/example_branch_day_of_week_operator.py
[2022-08-09 00:26:54,848] {processor.py:651} INFO - DAG(s) dict_keys(['example_weekday_branch_operator']) retrieved from /home/renan/datapipeline/.env/lib/python3.8/site-packages/airflow/example_dags/example_branch_day_of_week_operator.py
[2022-08-09 00:26:54,857] {logging_mixin.py:115} INFO - [2022-08-09 00:26:54,857] {dag.py:2420} INFO - Sync 1 DAGs
[2022-08-09 00:26:54,868] {logging_mixin.py:115} INFO - [2022-08-09 00:26:54,868] {dag.py:2968} INFO - Setting next_dagrun for example_weekday_branch_operator to 2022-08-08T00:00:00+00:00, run_after=2022-08-09T00:00:00+00:00
[2022-08-09 00:26:54,877] {processor.py:161} INFO - Processing /home/renan/datapipeline/.env/lib/python3.8/site-packages/airflow/example_dags/example_branch_day_of_week_operator.py took 0.037 seconds
[2022-08-09 00:27:27,343] {processor.py:153} INFO - Started process (PID=12682) to work on /home/renan/datapipeline/.env/lib/python3.8/site-packages/airflow/example_dags/example_branch_day_of_week_operator.py
[2022-08-09 00:27:27,343] {processor.py:641} INFO - Processing file /home/renan/datapipeline/.env/lib/python3.8/site-packages/airflow/example_dags/example_branch_day_of_week_operator.py for tasks to queue
[2022-08-09 00:27:27,344] {logging_mixin.py:115} INFO - [2022-08-09 00:27:27,344] {dagbag.py:508} INFO - Filling up the DagBag from /home/renan/datapipeline/.env/lib/python3.8/site-packages/airflow/example_dags/example_branch_day_of_week_operator.py
[2022-08-09 00:27:27,349] {processor.py:651} INFO - DAG(s) dict_keys(['example_weekday_branch_operator']) retrieved from /home/renan/datapipeline/.env/lib/python3.8/site-packages/airflow/example_dags/example_branch_day_of_week_operator.py
[2022-08-09 00:27:27,358] {logging_mixin.py:115} INFO - [2022-08-09 00:27:27,358] {dag.py:2420} INFO - Sync 1 DAGs
[2022-08-09 00:27:27,369] {logging_mixin.py:115} INFO - [2022-08-09 00:27:27,368] {dag.py:2968} INFO - Setting next_dagrun for example_weekday_branch_operator to 2022-08-08T00:00:00+00:00, run_after=2022-08-09T00:00:00+00:00
[2022-08-09 00:27:27,377] {processor.py:161} INFO - Processing /home/renan/datapipeline/.env/lib/python3.8/site-packages/airflow/example_dags/example_branch_day_of_week_operator.py took 0.036 seconds
[2022-08-09 00:27:58,860] {processor.py:153} INFO - Started process (PID=12732) to work on /home/renan/datapipeline/.env/lib/python3.8/site-packages/airflow/example_dags/example_branch_day_of_week_operator.py
[2022-08-09 00:27:58,861] {processor.py:641} INFO - Processing file /home/renan/datapipeline/.env/lib/python3.8/site-packages/airflow/example_dags/example_branch_day_of_week_operator.py for tasks to queue
[2022-08-09 00:27:58,861] {logging_mixin.py:115} INFO - [2022-08-09 00:27:58,861] {dagbag.py:508} INFO - Filling up the DagBag from /home/renan/datapipeline/.env/lib/python3.8/site-packages/airflow/example_dags/example_branch_day_of_week_operator.py
[2022-08-09 00:27:58,866] {processor.py:651} INFO - DAG(s) dict_keys(['example_weekday_branch_operator']) retrieved from /home/renan/datapipeline/.env/lib/python3.8/site-packages/airflow/example_dags/example_branch_day_of_week_operator.py
[2022-08-09 00:27:58,875] {logging_mixin.py:115} INFO - [2022-08-09 00:27:58,875] {dag.py:2420} INFO - Sync 1 DAGs
[2022-08-09 00:27:58,885] {logging_mixin.py:115} INFO - [2022-08-09 00:27:58,885] {dag.py:2968} INFO - Setting next_dagrun for example_weekday_branch_operator to 2022-08-08T00:00:00+00:00, run_after=2022-08-09T00:00:00+00:00
[2022-08-09 00:27:58,894] {processor.py:161} INFO - Processing /home/renan/datapipeline/.env/lib/python3.8/site-packages/airflow/example_dags/example_branch_day_of_week_operator.py took 0.035 seconds
[2022-08-09 00:28:33,479] {processor.py:153} INFO - Started process (PID=12938) to work on /home/renan/datapipeline/.env/lib/python3.8/site-packages/airflow/example_dags/example_branch_day_of_week_operator.py
[2022-08-09 00:28:33,479] {processor.py:641} INFO - Processing file /home/renan/datapipeline/.env/lib/python3.8/site-packages/airflow/example_dags/example_branch_day_of_week_operator.py for tasks to queue
[2022-08-09 00:28:33,479] {logging_mixin.py:115} INFO - [2022-08-09 00:28:33,479] {dagbag.py:508} INFO - Filling up the DagBag from /home/renan/datapipeline/.env/lib/python3.8/site-packages/airflow/example_dags/example_branch_day_of_week_operator.py
[2022-08-09 00:28:33,485] {processor.py:651} INFO - DAG(s) dict_keys(['example_weekday_branch_operator']) retrieved from /home/renan/datapipeline/.env/lib/python3.8/site-packages/airflow/example_dags/example_branch_day_of_week_operator.py
[2022-08-09 00:28:33,496] {logging_mixin.py:115} INFO - [2022-08-09 00:28:33,495] {dag.py:2420} INFO - Sync 1 DAGs
[2022-08-09 00:28:33,507] {logging_mixin.py:115} INFO - [2022-08-09 00:28:33,507] {dag.py:2968} INFO - Setting next_dagrun for example_weekday_branch_operator to 2022-08-08T00:00:00+00:00, run_after=2022-08-09T00:00:00+00:00
[2022-08-09 00:28:33,516] {processor.py:161} INFO - Processing /home/renan/datapipeline/.env/lib/python3.8/site-packages/airflow/example_dags/example_branch_day_of_week_operator.py took 0.039 seconds
[2022-08-09 00:29:08,175] {processor.py:153} INFO - Started process (PID=12979) to work on /home/renan/datapipeline/.env/lib/python3.8/site-packages/airflow/example_dags/example_branch_day_of_week_operator.py
[2022-08-09 00:29:08,177] {processor.py:641} INFO - Processing file /home/renan/datapipeline/.env/lib/python3.8/site-packages/airflow/example_dags/example_branch_day_of_week_operator.py for tasks to queue
[2022-08-09 00:29:08,177] {logging_mixin.py:115} INFO - [2022-08-09 00:29:08,177] {dagbag.py:508} INFO - Filling up the DagBag from /home/renan/datapipeline/.env/lib/python3.8/site-packages/airflow/example_dags/example_branch_day_of_week_operator.py
[2022-08-09 00:29:08,184] {processor.py:651} INFO - DAG(s) dict_keys(['example_weekday_branch_operator']) retrieved from /home/renan/datapipeline/.env/lib/python3.8/site-packages/airflow/example_dags/example_branch_day_of_week_operator.py
[2022-08-09 00:29:08,194] {logging_mixin.py:115} INFO - [2022-08-09 00:29:08,194] {dag.py:2420} INFO - Sync 1 DAGs
[2022-08-09 00:29:08,207] {logging_mixin.py:115} INFO - [2022-08-09 00:29:08,206] {dag.py:2968} INFO - Setting next_dagrun for example_weekday_branch_operator to 2022-08-08T00:00:00+00:00, run_after=2022-08-09T00:00:00+00:00
[2022-08-09 00:29:08,219] {processor.py:161} INFO - Processing /home/renan/datapipeline/.env/lib/python3.8/site-packages/airflow/example_dags/example_branch_day_of_week_operator.py took 0.046 seconds
[2022-08-09 00:29:40,080] {processor.py:153} INFO - Started process (PID=13021) to work on /home/renan/datapipeline/.env/lib/python3.8/site-packages/airflow/example_dags/example_branch_day_of_week_operator.py
[2022-08-09 00:29:40,080] {processor.py:641} INFO - Processing file /home/renan/datapipeline/.env/lib/python3.8/site-packages/airflow/example_dags/example_branch_day_of_week_operator.py for tasks to queue
[2022-08-09 00:29:40,081] {logging_mixin.py:115} INFO - [2022-08-09 00:29:40,081] {dagbag.py:508} INFO - Filling up the DagBag from /home/renan/datapipeline/.env/lib/python3.8/site-packages/airflow/example_dags/example_branch_day_of_week_operator.py
[2022-08-09 00:29:40,086] {processor.py:651} INFO - DAG(s) dict_keys(['example_weekday_branch_operator']) retrieved from /home/renan/datapipeline/.env/lib/python3.8/site-packages/airflow/example_dags/example_branch_day_of_week_operator.py
[2022-08-09 00:29:40,095] {logging_mixin.py:115} INFO - [2022-08-09 00:29:40,095] {dag.py:2420} INFO - Sync 1 DAGs
[2022-08-09 00:29:40,105] {logging_mixin.py:115} INFO - [2022-08-09 00:29:40,105] {dag.py:2968} INFO - Setting next_dagrun for example_weekday_branch_operator to 2022-08-08T00:00:00+00:00, run_after=2022-08-09T00:00:00+00:00
[2022-08-09 00:29:40,116] {processor.py:161} INFO - Processing /home/renan/datapipeline/.env/lib/python3.8/site-packages/airflow/example_dags/example_branch_day_of_week_operator.py took 0.037 seconds
[2022-08-09 00:30:13,141] {processor.py:153} INFO - Started process (PID=13062) to work on /home/renan/datapipeline/.env/lib/python3.8/site-packages/airflow/example_dags/example_branch_day_of_week_operator.py
[2022-08-09 00:30:13,141] {processor.py:641} INFO - Processing file /home/renan/datapipeline/.env/lib/python3.8/site-packages/airflow/example_dags/example_branch_day_of_week_operator.py for tasks to queue
[2022-08-09 00:30:13,141] {logging_mixin.py:115} INFO - [2022-08-09 00:30:13,141] {dagbag.py:508} INFO - Filling up the DagBag from /home/renan/datapipeline/.env/lib/python3.8/site-packages/airflow/example_dags/example_branch_day_of_week_operator.py
[2022-08-09 00:30:13,147] {processor.py:651} INFO - DAG(s) dict_keys(['example_weekday_branch_operator']) retrieved from /home/renan/datapipeline/.env/lib/python3.8/site-packages/airflow/example_dags/example_branch_day_of_week_operator.py
[2022-08-09 00:30:13,155] {logging_mixin.py:115} INFO - [2022-08-09 00:30:13,155] {dag.py:2420} INFO - Sync 1 DAGs
[2022-08-09 00:30:13,166] {logging_mixin.py:115} INFO - [2022-08-09 00:30:13,166] {dag.py:2968} INFO - Setting next_dagrun for example_weekday_branch_operator to 2022-08-08T00:00:00+00:00, run_after=2022-08-09T00:00:00+00:00
[2022-08-09 00:30:13,175] {processor.py:161} INFO - Processing /home/renan/datapipeline/.env/lib/python3.8/site-packages/airflow/example_dags/example_branch_day_of_week_operator.py took 0.036 seconds
[2022-08-09 00:30:49,034] {processor.py:153} INFO - Started process (PID=13099) to work on /home/renan/datapipeline/.env/lib/python3.8/site-packages/airflow/example_dags/example_branch_day_of_week_operator.py
[2022-08-09 00:30:49,034] {processor.py:641} INFO - Processing file /home/renan/datapipeline/.env/lib/python3.8/site-packages/airflow/example_dags/example_branch_day_of_week_operator.py for tasks to queue
[2022-08-09 00:30:49,034] {logging_mixin.py:115} INFO - [2022-08-09 00:30:49,034] {dagbag.py:508} INFO - Filling up the DagBag from /home/renan/datapipeline/.env/lib/python3.8/site-packages/airflow/example_dags/example_branch_day_of_week_operator.py
[2022-08-09 00:30:49,040] {processor.py:651} INFO - DAG(s) dict_keys(['example_weekday_branch_operator']) retrieved from /home/renan/datapipeline/.env/lib/python3.8/site-packages/airflow/example_dags/example_branch_day_of_week_operator.py
[2022-08-09 00:30:49,050] {logging_mixin.py:115} INFO - [2022-08-09 00:30:49,050] {dag.py:2420} INFO - Sync 1 DAGs
[2022-08-09 00:30:49,060] {logging_mixin.py:115} INFO - [2022-08-09 00:30:49,060] {dag.py:2968} INFO - Setting next_dagrun for example_weekday_branch_operator to 2022-08-08T00:00:00+00:00, run_after=2022-08-09T00:00:00+00:00
[2022-08-09 00:30:49,069] {processor.py:161} INFO - Processing /home/renan/datapipeline/.env/lib/python3.8/site-packages/airflow/example_dags/example_branch_day_of_week_operator.py took 0.037 seconds
[2022-08-09 00:31:23,303] {processor.py:153} INFO - Started process (PID=13139) to work on /home/renan/datapipeline/.env/lib/python3.8/site-packages/airflow/example_dags/example_branch_day_of_week_operator.py
[2022-08-09 00:31:23,304] {processor.py:641} INFO - Processing file /home/renan/datapipeline/.env/lib/python3.8/site-packages/airflow/example_dags/example_branch_day_of_week_operator.py for tasks to queue
[2022-08-09 00:31:23,304] {logging_mixin.py:115} INFO - [2022-08-09 00:31:23,304] {dagbag.py:508} INFO - Filling up the DagBag from /home/renan/datapipeline/.env/lib/python3.8/site-packages/airflow/example_dags/example_branch_day_of_week_operator.py
[2022-08-09 00:31:23,310] {processor.py:651} INFO - DAG(s) dict_keys(['example_weekday_branch_operator']) retrieved from /home/renan/datapipeline/.env/lib/python3.8/site-packages/airflow/example_dags/example_branch_day_of_week_operator.py
[2022-08-09 00:31:23,319] {logging_mixin.py:115} INFO - [2022-08-09 00:31:23,319] {dag.py:2420} INFO - Sync 1 DAGs
[2022-08-09 00:31:23,329] {logging_mixin.py:115} INFO - [2022-08-09 00:31:23,329] {dag.py:2968} INFO - Setting next_dagrun for example_weekday_branch_operator to 2022-08-08T00:00:00+00:00, run_after=2022-08-09T00:00:00+00:00
[2022-08-09 00:31:23,338] {processor.py:161} INFO - Processing /home/renan/datapipeline/.env/lib/python3.8/site-packages/airflow/example_dags/example_branch_day_of_week_operator.py took 0.036 seconds
[2022-08-09 00:31:57,482] {processor.py:153} INFO - Started process (PID=13262) to work on /home/renan/datapipeline/.env/lib/python3.8/site-packages/airflow/example_dags/example_branch_day_of_week_operator.py
[2022-08-09 00:31:57,482] {processor.py:641} INFO - Processing file /home/renan/datapipeline/.env/lib/python3.8/site-packages/airflow/example_dags/example_branch_day_of_week_operator.py for tasks to queue
[2022-08-09 00:31:57,482] {logging_mixin.py:115} INFO - [2022-08-09 00:31:57,482] {dagbag.py:508} INFO - Filling up the DagBag from /home/renan/datapipeline/.env/lib/python3.8/site-packages/airflow/example_dags/example_branch_day_of_week_operator.py
[2022-08-09 00:31:57,488] {processor.py:651} INFO - DAG(s) dict_keys(['example_weekday_branch_operator']) retrieved from /home/renan/datapipeline/.env/lib/python3.8/site-packages/airflow/example_dags/example_branch_day_of_week_operator.py
[2022-08-09 00:31:57,496] {logging_mixin.py:115} INFO - [2022-08-09 00:31:57,496] {dag.py:2420} INFO - Sync 1 DAGs
[2022-08-09 00:31:57,507] {logging_mixin.py:115} INFO - [2022-08-09 00:31:57,507] {dag.py:2968} INFO - Setting next_dagrun for example_weekday_branch_operator to 2022-08-08T00:00:00+00:00, run_after=2022-08-09T00:00:00+00:00
[2022-08-09 00:31:57,515] {processor.py:161} INFO - Processing /home/renan/datapipeline/.env/lib/python3.8/site-packages/airflow/example_dags/example_branch_day_of_week_operator.py took 0.035 seconds
[2022-08-09 00:32:29,418] {processor.py:153} INFO - Started process (PID=13297) to work on /home/renan/datapipeline/.env/lib/python3.8/site-packages/airflow/example_dags/example_branch_day_of_week_operator.py
[2022-08-09 00:32:29,418] {processor.py:641} INFO - Processing file /home/renan/datapipeline/.env/lib/python3.8/site-packages/airflow/example_dags/example_branch_day_of_week_operator.py for tasks to queue
[2022-08-09 00:32:29,419] {logging_mixin.py:115} INFO - [2022-08-09 00:32:29,419] {dagbag.py:508} INFO - Filling up the DagBag from /home/renan/datapipeline/.env/lib/python3.8/site-packages/airflow/example_dags/example_branch_day_of_week_operator.py
[2022-08-09 00:32:29,424] {processor.py:651} INFO - DAG(s) dict_keys(['example_weekday_branch_operator']) retrieved from /home/renan/datapipeline/.env/lib/python3.8/site-packages/airflow/example_dags/example_branch_day_of_week_operator.py
[2022-08-09 00:32:29,433] {logging_mixin.py:115} INFO - [2022-08-09 00:32:29,433] {dag.py:2420} INFO - Sync 1 DAGs
[2022-08-09 00:32:29,445] {logging_mixin.py:115} INFO - [2022-08-09 00:32:29,445] {dag.py:2968} INFO - Setting next_dagrun for example_weekday_branch_operator to 2022-08-08T00:00:00+00:00, run_after=2022-08-09T00:00:00+00:00
[2022-08-09 00:32:29,456] {processor.py:161} INFO - Processing /home/renan/datapipeline/.env/lib/python3.8/site-packages/airflow/example_dags/example_branch_day_of_week_operator.py took 0.040 seconds
