[2022-08-08 23:55:00,815] {processor.py:153} INFO - Started process (PID=9830) to work on /home/renan/datapipeline/.env/lib/python3.8/site-packages/airflow/example_dags/example_trigger_controller_dag.py
[2022-08-08 23:55:00,815] {processor.py:641} INFO - Processing file /home/renan/datapipeline/.env/lib/python3.8/site-packages/airflow/example_dags/example_trigger_controller_dag.py for tasks to queue
[2022-08-08 23:55:00,815] {logging_mixin.py:115} INFO - [2022-08-08 23:55:00,815] {dagbag.py:508} INFO - Filling up the DagBag from /home/renan/datapipeline/.env/lib/python3.8/site-packages/airflow/example_dags/example_trigger_controller_dag.py
[2022-08-08 23:55:00,817] {processor.py:651} INFO - DAG(s) dict_keys(['example_trigger_controller_dag']) retrieved from /home/renan/datapipeline/.env/lib/python3.8/site-packages/airflow/example_dags/example_trigger_controller_dag.py
[2022-08-08 23:55:00,827] {logging_mixin.py:115} INFO - [2022-08-08 23:55:00,827] {dag.py:2420} INFO - Sync 1 DAGs
[2022-08-08 23:55:00,839] {logging_mixin.py:115} INFO - [2022-08-08 23:55:00,839] {dag.py:2968} INFO - Setting next_dagrun for example_trigger_controller_dag to 2021-01-01T00:00:00+00:00, run_after=2021-01-01T00:00:00+00:00
[2022-08-08 23:55:00,848] {processor.py:161} INFO - Processing /home/renan/datapipeline/.env/lib/python3.8/site-packages/airflow/example_dags/example_trigger_controller_dag.py took 0.035 seconds
[2022-08-08 23:55:31,972] {processor.py:153} INFO - Started process (PID=9935) to work on /home/renan/datapipeline/.env/lib/python3.8/site-packages/airflow/example_dags/example_trigger_controller_dag.py
[2022-08-08 23:55:31,972] {processor.py:641} INFO - Processing file /home/renan/datapipeline/.env/lib/python3.8/site-packages/airflow/example_dags/example_trigger_controller_dag.py for tasks to queue
[2022-08-08 23:55:31,972] {logging_mixin.py:115} INFO - [2022-08-08 23:55:31,972] {dagbag.py:508} INFO - Filling up the DagBag from /home/renan/datapipeline/.env/lib/python3.8/site-packages/airflow/example_dags/example_trigger_controller_dag.py
[2022-08-08 23:55:31,975] {processor.py:651} INFO - DAG(s) dict_keys(['example_trigger_controller_dag']) retrieved from /home/renan/datapipeline/.env/lib/python3.8/site-packages/airflow/example_dags/example_trigger_controller_dag.py
[2022-08-08 23:55:31,985] {logging_mixin.py:115} INFO - [2022-08-08 23:55:31,985] {dag.py:2420} INFO - Sync 1 DAGs
[2022-08-08 23:55:31,996] {logging_mixin.py:115} INFO - [2022-08-08 23:55:31,996] {dag.py:2968} INFO - Setting next_dagrun for example_trigger_controller_dag to 2021-01-01T00:00:00+00:00, run_after=2021-01-01T00:00:00+00:00
[2022-08-08 23:55:32,005] {processor.py:161} INFO - Processing /home/renan/datapipeline/.env/lib/python3.8/site-packages/airflow/example_dags/example_trigger_controller_dag.py took 0.036 seconds
[2022-08-08 23:56:06,125] {processor.py:153} INFO - Started process (PID=10001) to work on /home/renan/datapipeline/.env/lib/python3.8/site-packages/airflow/example_dags/example_trigger_controller_dag.py
[2022-08-08 23:56:06,126] {processor.py:641} INFO - Processing file /home/renan/datapipeline/.env/lib/python3.8/site-packages/airflow/example_dags/example_trigger_controller_dag.py for tasks to queue
[2022-08-08 23:56:06,126] {logging_mixin.py:115} INFO - [2022-08-08 23:56:06,126] {dagbag.py:508} INFO - Filling up the DagBag from /home/renan/datapipeline/.env/lib/python3.8/site-packages/airflow/example_dags/example_trigger_controller_dag.py
[2022-08-08 23:56:06,128] {processor.py:651} INFO - DAG(s) dict_keys(['example_trigger_controller_dag']) retrieved from /home/renan/datapipeline/.env/lib/python3.8/site-packages/airflow/example_dags/example_trigger_controller_dag.py
[2022-08-08 23:56:06,139] {logging_mixin.py:115} INFO - [2022-08-08 23:56:06,139] {dag.py:2420} INFO - Sync 1 DAGs
[2022-08-08 23:56:06,148] {logging_mixin.py:115} INFO - [2022-08-08 23:56:06,148] {dag.py:2968} INFO - Setting next_dagrun for example_trigger_controller_dag to 2021-01-01T00:00:00+00:00, run_after=2021-01-01T00:00:00+00:00
[2022-08-08 23:56:06,157] {processor.py:161} INFO - Processing /home/renan/datapipeline/.env/lib/python3.8/site-packages/airflow/example_dags/example_trigger_controller_dag.py took 0.033 seconds
[2022-08-08 23:56:39,755] {processor.py:153} INFO - Started process (PID=10064) to work on /home/renan/datapipeline/.env/lib/python3.8/site-packages/airflow/example_dags/example_trigger_controller_dag.py
[2022-08-08 23:56:39,756] {processor.py:641} INFO - Processing file /home/renan/datapipeline/.env/lib/python3.8/site-packages/airflow/example_dags/example_trigger_controller_dag.py for tasks to queue
[2022-08-08 23:56:39,756] {logging_mixin.py:115} INFO - [2022-08-08 23:56:39,756] {dagbag.py:508} INFO - Filling up the DagBag from /home/renan/datapipeline/.env/lib/python3.8/site-packages/airflow/example_dags/example_trigger_controller_dag.py
[2022-08-08 23:56:39,759] {processor.py:651} INFO - DAG(s) dict_keys(['example_trigger_controller_dag']) retrieved from /home/renan/datapipeline/.env/lib/python3.8/site-packages/airflow/example_dags/example_trigger_controller_dag.py
[2022-08-08 23:56:39,772] {logging_mixin.py:115} INFO - [2022-08-08 23:56:39,772] {dag.py:2420} INFO - Sync 1 DAGs
[2022-08-08 23:56:39,782] {logging_mixin.py:115} INFO - [2022-08-08 23:56:39,782] {dag.py:2968} INFO - Setting next_dagrun for example_trigger_controller_dag to 2021-01-01T00:00:00+00:00, run_after=2021-01-01T00:00:00+00:00
[2022-08-08 23:56:39,799] {processor.py:161} INFO - Processing /home/renan/datapipeline/.env/lib/python3.8/site-packages/airflow/example_dags/example_trigger_controller_dag.py took 0.046 seconds
[2022-08-08 23:59:17,018] {processor.py:153} INFO - Started process (PID=10242) to work on /home/renan/datapipeline/.env/lib/python3.8/site-packages/airflow/example_dags/example_trigger_controller_dag.py
[2022-08-08 23:59:17,018] {processor.py:641} INFO - Processing file /home/renan/datapipeline/.env/lib/python3.8/site-packages/airflow/example_dags/example_trigger_controller_dag.py for tasks to queue
[2022-08-08 23:59:17,019] {logging_mixin.py:115} INFO - [2022-08-08 23:59:17,019] {dagbag.py:508} INFO - Filling up the DagBag from /home/renan/datapipeline/.env/lib/python3.8/site-packages/airflow/example_dags/example_trigger_controller_dag.py
[2022-08-08 23:59:17,020] {processor.py:651} INFO - DAG(s) dict_keys(['example_trigger_controller_dag']) retrieved from /home/renan/datapipeline/.env/lib/python3.8/site-packages/airflow/example_dags/example_trigger_controller_dag.py
[2022-08-08 23:59:17,031] {logging_mixin.py:115} INFO - [2022-08-08 23:59:17,031] {dag.py:2420} INFO - Sync 1 DAGs
[2022-08-08 23:59:17,042] {logging_mixin.py:115} INFO - [2022-08-08 23:59:17,042] {dag.py:2968} INFO - Setting next_dagrun for example_trigger_controller_dag to 2021-01-01T00:00:00+00:00, run_after=2021-01-01T00:00:00+00:00
[2022-08-08 23:59:17,063] {processor.py:161} INFO - Processing /home/renan/datapipeline/.env/lib/python3.8/site-packages/airflow/example_dags/example_trigger_controller_dag.py took 0.047 seconds
[2022-08-08 23:59:48,444] {processor.py:153} INFO - Started process (PID=10301) to work on /home/renan/datapipeline/.env/lib/python3.8/site-packages/airflow/example_dags/example_trigger_controller_dag.py
[2022-08-08 23:59:48,446] {processor.py:641} INFO - Processing file /home/renan/datapipeline/.env/lib/python3.8/site-packages/airflow/example_dags/example_trigger_controller_dag.py for tasks to queue
[2022-08-08 23:59:48,446] {logging_mixin.py:115} INFO - [2022-08-08 23:59:48,446] {dagbag.py:508} INFO - Filling up the DagBag from /home/renan/datapipeline/.env/lib/python3.8/site-packages/airflow/example_dags/example_trigger_controller_dag.py
[2022-08-08 23:59:48,449] {processor.py:651} INFO - DAG(s) dict_keys(['example_trigger_controller_dag']) retrieved from /home/renan/datapipeline/.env/lib/python3.8/site-packages/airflow/example_dags/example_trigger_controller_dag.py
[2022-08-08 23:59:48,461] {logging_mixin.py:115} INFO - [2022-08-08 23:59:48,461] {dag.py:2420} INFO - Sync 1 DAGs
[2022-08-08 23:59:48,473] {logging_mixin.py:115} INFO - [2022-08-08 23:59:48,473] {dag.py:2968} INFO - Setting next_dagrun for example_trigger_controller_dag to 2021-01-01T00:00:00+00:00, run_after=2021-01-01T00:00:00+00:00
[2022-08-08 23:59:48,486] {processor.py:161} INFO - Processing /home/renan/datapipeline/.env/lib/python3.8/site-packages/airflow/example_dags/example_trigger_controller_dag.py took 0.043 seconds
[2022-08-09 00:00:22,952] {processor.py:153} INFO - Started process (PID=10378) to work on /home/renan/datapipeline/.env/lib/python3.8/site-packages/airflow/example_dags/example_trigger_controller_dag.py
[2022-08-09 00:00:22,953] {processor.py:641} INFO - Processing file /home/renan/datapipeline/.env/lib/python3.8/site-packages/airflow/example_dags/example_trigger_controller_dag.py for tasks to queue
[2022-08-09 00:00:22,953] {logging_mixin.py:115} INFO - [2022-08-09 00:00:22,953] {dagbag.py:508} INFO - Filling up the DagBag from /home/renan/datapipeline/.env/lib/python3.8/site-packages/airflow/example_dags/example_trigger_controller_dag.py
[2022-08-09 00:00:22,955] {processor.py:651} INFO - DAG(s) dict_keys(['example_trigger_controller_dag']) retrieved from /home/renan/datapipeline/.env/lib/python3.8/site-packages/airflow/example_dags/example_trigger_controller_dag.py
[2022-08-09 00:00:22,967] {logging_mixin.py:115} INFO - [2022-08-09 00:00:22,967] {dag.py:2420} INFO - Sync 1 DAGs
[2022-08-09 00:00:22,980] {logging_mixin.py:115} INFO - [2022-08-09 00:00:22,980] {dag.py:2968} INFO - Setting next_dagrun for example_trigger_controller_dag to 2021-01-01T00:00:00+00:00, run_after=2021-01-01T00:00:00+00:00
[2022-08-09 00:00:22,991] {processor.py:161} INFO - Processing /home/renan/datapipeline/.env/lib/python3.8/site-packages/airflow/example_dags/example_trigger_controller_dag.py took 0.041 seconds
[2022-08-09 00:00:56,271] {processor.py:153} INFO - Started process (PID=10418) to work on /home/renan/datapipeline/.env/lib/python3.8/site-packages/airflow/example_dags/example_trigger_controller_dag.py
[2022-08-09 00:00:56,272] {processor.py:641} INFO - Processing file /home/renan/datapipeline/.env/lib/python3.8/site-packages/airflow/example_dags/example_trigger_controller_dag.py for tasks to queue
[2022-08-09 00:00:56,272] {logging_mixin.py:115} INFO - [2022-08-09 00:00:56,272] {dagbag.py:508} INFO - Filling up the DagBag from /home/renan/datapipeline/.env/lib/python3.8/site-packages/airflow/example_dags/example_trigger_controller_dag.py
[2022-08-09 00:00:56,274] {processor.py:651} INFO - DAG(s) dict_keys(['example_trigger_controller_dag']) retrieved from /home/renan/datapipeline/.env/lib/python3.8/site-packages/airflow/example_dags/example_trigger_controller_dag.py
[2022-08-09 00:00:56,285] {logging_mixin.py:115} INFO - [2022-08-09 00:00:56,285] {dag.py:2420} INFO - Sync 1 DAGs
[2022-08-09 00:00:56,298] {logging_mixin.py:115} INFO - [2022-08-09 00:00:56,298] {dag.py:2968} INFO - Setting next_dagrun for example_trigger_controller_dag to 2021-01-01T00:00:00+00:00, run_after=2021-01-01T00:00:00+00:00
[2022-08-09 00:00:56,307] {processor.py:161} INFO - Processing /home/renan/datapipeline/.env/lib/python3.8/site-packages/airflow/example_dags/example_trigger_controller_dag.py took 0.038 seconds
[2022-08-09 00:01:29,111] {processor.py:153} INFO - Started process (PID=10465) to work on /home/renan/datapipeline/.env/lib/python3.8/site-packages/airflow/example_dags/example_trigger_controller_dag.py
[2022-08-09 00:01:29,112] {processor.py:641} INFO - Processing file /home/renan/datapipeline/.env/lib/python3.8/site-packages/airflow/example_dags/example_trigger_controller_dag.py for tasks to queue
[2022-08-09 00:01:29,112] {logging_mixin.py:115} INFO - [2022-08-09 00:01:29,112] {dagbag.py:508} INFO - Filling up the DagBag from /home/renan/datapipeline/.env/lib/python3.8/site-packages/airflow/example_dags/example_trigger_controller_dag.py
[2022-08-09 00:01:29,115] {processor.py:651} INFO - DAG(s) dict_keys(['example_trigger_controller_dag']) retrieved from /home/renan/datapipeline/.env/lib/python3.8/site-packages/airflow/example_dags/example_trigger_controller_dag.py
[2022-08-09 00:01:29,129] {logging_mixin.py:115} INFO - [2022-08-09 00:01:29,129] {dag.py:2420} INFO - Sync 1 DAGs
[2022-08-09 00:01:29,144] {logging_mixin.py:115} INFO - [2022-08-09 00:01:29,144] {dag.py:2968} INFO - Setting next_dagrun for example_trigger_controller_dag to 2021-01-01T00:00:00+00:00, run_after=2021-01-01T00:00:00+00:00
[2022-08-09 00:01:29,158] {processor.py:161} INFO - Processing /home/renan/datapipeline/.env/lib/python3.8/site-packages/airflow/example_dags/example_trigger_controller_dag.py took 0.049 seconds
[2022-08-09 00:02:01,892] {processor.py:153} INFO - Started process (PID=10500) to work on /home/renan/datapipeline/.env/lib/python3.8/site-packages/airflow/example_dags/example_trigger_controller_dag.py
[2022-08-09 00:02:01,892] {processor.py:641} INFO - Processing file /home/renan/datapipeline/.env/lib/python3.8/site-packages/airflow/example_dags/example_trigger_controller_dag.py for tasks to queue
[2022-08-09 00:02:01,893] {logging_mixin.py:115} INFO - [2022-08-09 00:02:01,893] {dagbag.py:508} INFO - Filling up the DagBag from /home/renan/datapipeline/.env/lib/python3.8/site-packages/airflow/example_dags/example_trigger_controller_dag.py
[2022-08-09 00:02:01,895] {processor.py:651} INFO - DAG(s) dict_keys(['example_trigger_controller_dag']) retrieved from /home/renan/datapipeline/.env/lib/python3.8/site-packages/airflow/example_dags/example_trigger_controller_dag.py
[2022-08-09 00:02:01,905] {logging_mixin.py:115} INFO - [2022-08-09 00:02:01,904] {dag.py:2420} INFO - Sync 1 DAGs
[2022-08-09 00:02:01,916] {logging_mixin.py:115} INFO - [2022-08-09 00:02:01,916] {dag.py:2968} INFO - Setting next_dagrun for example_trigger_controller_dag to 2021-01-01T00:00:00+00:00, run_after=2021-01-01T00:00:00+00:00
[2022-08-09 00:02:01,927] {processor.py:161} INFO - Processing /home/renan/datapipeline/.env/lib/python3.8/site-packages/airflow/example_dags/example_trigger_controller_dag.py took 0.037 seconds
[2022-08-09 00:02:34,963] {processor.py:153} INFO - Started process (PID=10543) to work on /home/renan/datapipeline/.env/lib/python3.8/site-packages/airflow/example_dags/example_trigger_controller_dag.py
[2022-08-09 00:02:34,963] {processor.py:641} INFO - Processing file /home/renan/datapipeline/.env/lib/python3.8/site-packages/airflow/example_dags/example_trigger_controller_dag.py for tasks to queue
[2022-08-09 00:02:34,964] {logging_mixin.py:115} INFO - [2022-08-09 00:02:34,964] {dagbag.py:508} INFO - Filling up the DagBag from /home/renan/datapipeline/.env/lib/python3.8/site-packages/airflow/example_dags/example_trigger_controller_dag.py
[2022-08-09 00:02:34,966] {processor.py:651} INFO - DAG(s) dict_keys(['example_trigger_controller_dag']) retrieved from /home/renan/datapipeline/.env/lib/python3.8/site-packages/airflow/example_dags/example_trigger_controller_dag.py
[2022-08-09 00:02:34,976] {logging_mixin.py:115} INFO - [2022-08-09 00:02:34,976] {dag.py:2420} INFO - Sync 1 DAGs
[2022-08-09 00:02:34,988] {logging_mixin.py:115} INFO - [2022-08-09 00:02:34,987] {dag.py:2968} INFO - Setting next_dagrun for example_trigger_controller_dag to 2021-01-01T00:00:00+00:00, run_after=2021-01-01T00:00:00+00:00
[2022-08-09 00:02:34,998] {processor.py:161} INFO - Processing /home/renan/datapipeline/.env/lib/python3.8/site-packages/airflow/example_dags/example_trigger_controller_dag.py took 0.037 seconds
[2022-08-09 00:03:08,029] {processor.py:153} INFO - Started process (PID=10587) to work on /home/renan/datapipeline/.env/lib/python3.8/site-packages/airflow/example_dags/example_trigger_controller_dag.py
[2022-08-09 00:03:08,030] {processor.py:641} INFO - Processing file /home/renan/datapipeline/.env/lib/python3.8/site-packages/airflow/example_dags/example_trigger_controller_dag.py for tasks to queue
[2022-08-09 00:03:08,030] {logging_mixin.py:115} INFO - [2022-08-09 00:03:08,030] {dagbag.py:508} INFO - Filling up the DagBag from /home/renan/datapipeline/.env/lib/python3.8/site-packages/airflow/example_dags/example_trigger_controller_dag.py
[2022-08-09 00:03:08,032] {processor.py:651} INFO - DAG(s) dict_keys(['example_trigger_controller_dag']) retrieved from /home/renan/datapipeline/.env/lib/python3.8/site-packages/airflow/example_dags/example_trigger_controller_dag.py
[2022-08-09 00:03:08,043] {logging_mixin.py:115} INFO - [2022-08-09 00:03:08,043] {dag.py:2420} INFO - Sync 1 DAGs
[2022-08-09 00:03:08,055] {logging_mixin.py:115} INFO - [2022-08-09 00:03:08,055] {dag.py:2968} INFO - Setting next_dagrun for example_trigger_controller_dag to 2021-01-01T00:00:00+00:00, run_after=2021-01-01T00:00:00+00:00
[2022-08-09 00:03:08,066] {processor.py:161} INFO - Processing /home/renan/datapipeline/.env/lib/python3.8/site-packages/airflow/example_dags/example_trigger_controller_dag.py took 0.038 seconds
[2022-08-09 00:03:40,736] {processor.py:153} INFO - Started process (PID=10634) to work on /home/renan/datapipeline/.env/lib/python3.8/site-packages/airflow/example_dags/example_trigger_controller_dag.py
[2022-08-09 00:03:40,736] {processor.py:641} INFO - Processing file /home/renan/datapipeline/.env/lib/python3.8/site-packages/airflow/example_dags/example_trigger_controller_dag.py for tasks to queue
[2022-08-09 00:03:40,737] {logging_mixin.py:115} INFO - [2022-08-09 00:03:40,737] {dagbag.py:508} INFO - Filling up the DagBag from /home/renan/datapipeline/.env/lib/python3.8/site-packages/airflow/example_dags/example_trigger_controller_dag.py
[2022-08-09 00:03:40,739] {processor.py:651} INFO - DAG(s) dict_keys(['example_trigger_controller_dag']) retrieved from /home/renan/datapipeline/.env/lib/python3.8/site-packages/airflow/example_dags/example_trigger_controller_dag.py
[2022-08-09 00:03:40,749] {logging_mixin.py:115} INFO - [2022-08-09 00:03:40,749] {dag.py:2420} INFO - Sync 1 DAGs
[2022-08-09 00:03:40,761] {logging_mixin.py:115} INFO - [2022-08-09 00:03:40,761] {dag.py:2968} INFO - Setting next_dagrun for example_trigger_controller_dag to 2021-01-01T00:00:00+00:00, run_after=2021-01-01T00:00:00+00:00
[2022-08-09 00:03:40,771] {processor.py:161} INFO - Processing /home/renan/datapipeline/.env/lib/python3.8/site-packages/airflow/example_dags/example_trigger_controller_dag.py took 0.037 seconds
[2022-08-09 00:04:13,369] {processor.py:153} INFO - Started process (PID=10668) to work on /home/renan/datapipeline/.env/lib/python3.8/site-packages/airflow/example_dags/example_trigger_controller_dag.py
[2022-08-09 00:04:13,369] {processor.py:641} INFO - Processing file /home/renan/datapipeline/.env/lib/python3.8/site-packages/airflow/example_dags/example_trigger_controller_dag.py for tasks to queue
[2022-08-09 00:04:13,369] {logging_mixin.py:115} INFO - [2022-08-09 00:04:13,369] {dagbag.py:508} INFO - Filling up the DagBag from /home/renan/datapipeline/.env/lib/python3.8/site-packages/airflow/example_dags/example_trigger_controller_dag.py
[2022-08-09 00:04:13,371] {processor.py:651} INFO - DAG(s) dict_keys(['example_trigger_controller_dag']) retrieved from /home/renan/datapipeline/.env/lib/python3.8/site-packages/airflow/example_dags/example_trigger_controller_dag.py
[2022-08-09 00:04:13,381] {logging_mixin.py:115} INFO - [2022-08-09 00:04:13,381] {dag.py:2420} INFO - Sync 1 DAGs
[2022-08-09 00:04:13,392] {logging_mixin.py:115} INFO - [2022-08-09 00:04:13,392] {dag.py:2968} INFO - Setting next_dagrun for example_trigger_controller_dag to 2021-01-01T00:00:00+00:00, run_after=2021-01-01T00:00:00+00:00
[2022-08-09 00:04:13,401] {processor.py:161} INFO - Processing /home/renan/datapipeline/.env/lib/python3.8/site-packages/airflow/example_dags/example_trigger_controller_dag.py took 0.034 seconds
[2022-08-09 00:04:47,135] {processor.py:153} INFO - Started process (PID=10704) to work on /home/renan/datapipeline/.env/lib/python3.8/site-packages/airflow/example_dags/example_trigger_controller_dag.py
[2022-08-09 00:04:47,136] {processor.py:641} INFO - Processing file /home/renan/datapipeline/.env/lib/python3.8/site-packages/airflow/example_dags/example_trigger_controller_dag.py for tasks to queue
[2022-08-09 00:04:47,136] {logging_mixin.py:115} INFO - [2022-08-09 00:04:47,136] {dagbag.py:508} INFO - Filling up the DagBag from /home/renan/datapipeline/.env/lib/python3.8/site-packages/airflow/example_dags/example_trigger_controller_dag.py
[2022-08-09 00:04:47,138] {processor.py:651} INFO - DAG(s) dict_keys(['example_trigger_controller_dag']) retrieved from /home/renan/datapipeline/.env/lib/python3.8/site-packages/airflow/example_dags/example_trigger_controller_dag.py
[2022-08-09 00:04:47,149] {logging_mixin.py:115} INFO - [2022-08-09 00:04:47,149] {dag.py:2420} INFO - Sync 1 DAGs
[2022-08-09 00:04:47,159] {logging_mixin.py:115} INFO - [2022-08-09 00:04:47,159] {dag.py:2968} INFO - Setting next_dagrun for example_trigger_controller_dag to 2021-01-01T00:00:00+00:00, run_after=2021-01-01T00:00:00+00:00
[2022-08-09 00:04:47,168] {processor.py:161} INFO - Processing /home/renan/datapipeline/.env/lib/python3.8/site-packages/airflow/example_dags/example_trigger_controller_dag.py took 0.034 seconds
[2022-08-09 00:05:19,072] {processor.py:153} INFO - Started process (PID=10766) to work on /home/renan/datapipeline/.env/lib/python3.8/site-packages/airflow/example_dags/example_trigger_controller_dag.py
[2022-08-09 00:05:19,072] {processor.py:641} INFO - Processing file /home/renan/datapipeline/.env/lib/python3.8/site-packages/airflow/example_dags/example_trigger_controller_dag.py for tasks to queue
[2022-08-09 00:05:19,072] {logging_mixin.py:115} INFO - [2022-08-09 00:05:19,072] {dagbag.py:508} INFO - Filling up the DagBag from /home/renan/datapipeline/.env/lib/python3.8/site-packages/airflow/example_dags/example_trigger_controller_dag.py
[2022-08-09 00:05:19,074] {processor.py:651} INFO - DAG(s) dict_keys(['example_trigger_controller_dag']) retrieved from /home/renan/datapipeline/.env/lib/python3.8/site-packages/airflow/example_dags/example_trigger_controller_dag.py
[2022-08-09 00:05:19,085] {logging_mixin.py:115} INFO - [2022-08-09 00:05:19,085] {dag.py:2420} INFO - Sync 1 DAGs
[2022-08-09 00:05:19,095] {logging_mixin.py:115} INFO - [2022-08-09 00:05:19,095] {dag.py:2968} INFO - Setting next_dagrun for example_trigger_controller_dag to 2021-01-01T00:00:00+00:00, run_after=2021-01-01T00:00:00+00:00
[2022-08-09 00:05:19,104] {processor.py:161} INFO - Processing /home/renan/datapipeline/.env/lib/python3.8/site-packages/airflow/example_dags/example_trigger_controller_dag.py took 0.034 seconds
[2022-08-09 00:05:52,331] {processor.py:153} INFO - Started process (PID=10803) to work on /home/renan/datapipeline/.env/lib/python3.8/site-packages/airflow/example_dags/example_trigger_controller_dag.py
[2022-08-09 00:05:52,332] {processor.py:641} INFO - Processing file /home/renan/datapipeline/.env/lib/python3.8/site-packages/airflow/example_dags/example_trigger_controller_dag.py for tasks to queue
[2022-08-09 00:05:52,332] {logging_mixin.py:115} INFO - [2022-08-09 00:05:52,332] {dagbag.py:508} INFO - Filling up the DagBag from /home/renan/datapipeline/.env/lib/python3.8/site-packages/airflow/example_dags/example_trigger_controller_dag.py
[2022-08-09 00:05:52,333] {processor.py:651} INFO - DAG(s) dict_keys(['example_trigger_controller_dag']) retrieved from /home/renan/datapipeline/.env/lib/python3.8/site-packages/airflow/example_dags/example_trigger_controller_dag.py
[2022-08-09 00:05:52,345] {logging_mixin.py:115} INFO - [2022-08-09 00:05:52,344] {dag.py:2420} INFO - Sync 1 DAGs
[2022-08-09 00:05:52,354] {logging_mixin.py:115} INFO - [2022-08-09 00:05:52,354] {dag.py:2968} INFO - Setting next_dagrun for example_trigger_controller_dag to 2021-01-01T00:00:00+00:00, run_after=2021-01-01T00:00:00+00:00
[2022-08-09 00:05:52,366] {processor.py:161} INFO - Processing /home/renan/datapipeline/.env/lib/python3.8/site-packages/airflow/example_dags/example_trigger_controller_dag.py took 0.037 seconds
[2022-08-09 00:06:24,634] {processor.py:153} INFO - Started process (PID=10836) to work on /home/renan/datapipeline/.env/lib/python3.8/site-packages/airflow/example_dags/example_trigger_controller_dag.py
[2022-08-09 00:06:24,634] {processor.py:641} INFO - Processing file /home/renan/datapipeline/.env/lib/python3.8/site-packages/airflow/example_dags/example_trigger_controller_dag.py for tasks to queue
[2022-08-09 00:06:24,634] {logging_mixin.py:115} INFO - [2022-08-09 00:06:24,634] {dagbag.py:508} INFO - Filling up the DagBag from /home/renan/datapipeline/.env/lib/python3.8/site-packages/airflow/example_dags/example_trigger_controller_dag.py
[2022-08-09 00:06:24,636] {processor.py:651} INFO - DAG(s) dict_keys(['example_trigger_controller_dag']) retrieved from /home/renan/datapipeline/.env/lib/python3.8/site-packages/airflow/example_dags/example_trigger_controller_dag.py
[2022-08-09 00:06:24,647] {logging_mixin.py:115} INFO - [2022-08-09 00:06:24,647] {dag.py:2420} INFO - Sync 1 DAGs
[2022-08-09 00:06:24,657] {logging_mixin.py:115} INFO - [2022-08-09 00:06:24,656] {dag.py:2968} INFO - Setting next_dagrun for example_trigger_controller_dag to 2021-01-01T00:00:00+00:00, run_after=2021-01-01T00:00:00+00:00
[2022-08-09 00:06:24,665] {processor.py:161} INFO - Processing /home/renan/datapipeline/.env/lib/python3.8/site-packages/airflow/example_dags/example_trigger_controller_dag.py took 0.033 seconds
[2022-08-09 00:06:58,271] {processor.py:153} INFO - Started process (PID=10888) to work on /home/renan/datapipeline/.env/lib/python3.8/site-packages/airflow/example_dags/example_trigger_controller_dag.py
[2022-08-09 00:06:58,271] {processor.py:641} INFO - Processing file /home/renan/datapipeline/.env/lib/python3.8/site-packages/airflow/example_dags/example_trigger_controller_dag.py for tasks to queue
[2022-08-09 00:06:58,272] {logging_mixin.py:115} INFO - [2022-08-09 00:06:58,271] {dagbag.py:508} INFO - Filling up the DagBag from /home/renan/datapipeline/.env/lib/python3.8/site-packages/airflow/example_dags/example_trigger_controller_dag.py
[2022-08-09 00:06:58,273] {processor.py:651} INFO - DAG(s) dict_keys(['example_trigger_controller_dag']) retrieved from /home/renan/datapipeline/.env/lib/python3.8/site-packages/airflow/example_dags/example_trigger_controller_dag.py
[2022-08-09 00:06:58,285] {logging_mixin.py:115} INFO - [2022-08-09 00:06:58,285] {dag.py:2420} INFO - Sync 1 DAGs
[2022-08-09 00:06:58,294] {logging_mixin.py:115} INFO - [2022-08-09 00:06:58,294] {dag.py:2968} INFO - Setting next_dagrun for example_trigger_controller_dag to 2021-01-01T00:00:00+00:00, run_after=2021-01-01T00:00:00+00:00
[2022-08-09 00:06:58,303] {processor.py:161} INFO - Processing /home/renan/datapipeline/.env/lib/python3.8/site-packages/airflow/example_dags/example_trigger_controller_dag.py took 0.033 seconds
[2022-08-09 00:07:32,474] {processor.py:153} INFO - Started process (PID=10937) to work on /home/renan/datapipeline/.env/lib/python3.8/site-packages/airflow/example_dags/example_trigger_controller_dag.py
[2022-08-09 00:07:32,475] {processor.py:641} INFO - Processing file /home/renan/datapipeline/.env/lib/python3.8/site-packages/airflow/example_dags/example_trigger_controller_dag.py for tasks to queue
[2022-08-09 00:07:32,475] {logging_mixin.py:115} INFO - [2022-08-09 00:07:32,475] {dagbag.py:508} INFO - Filling up the DagBag from /home/renan/datapipeline/.env/lib/python3.8/site-packages/airflow/example_dags/example_trigger_controller_dag.py
[2022-08-09 00:07:32,477] {processor.py:651} INFO - DAG(s) dict_keys(['example_trigger_controller_dag']) retrieved from /home/renan/datapipeline/.env/lib/python3.8/site-packages/airflow/example_dags/example_trigger_controller_dag.py
[2022-08-09 00:07:32,488] {logging_mixin.py:115} INFO - [2022-08-09 00:07:32,488] {dag.py:2420} INFO - Sync 1 DAGs
[2022-08-09 00:07:32,500] {logging_mixin.py:115} INFO - [2022-08-09 00:07:32,499] {dag.py:2968} INFO - Setting next_dagrun for example_trigger_controller_dag to 2021-01-01T00:00:00+00:00, run_after=2021-01-01T00:00:00+00:00
[2022-08-09 00:07:32,509] {processor.py:161} INFO - Processing /home/renan/datapipeline/.env/lib/python3.8/site-packages/airflow/example_dags/example_trigger_controller_dag.py took 0.036 seconds
[2022-08-09 00:08:06,095] {processor.py:153} INFO - Started process (PID=10977) to work on /home/renan/datapipeline/.env/lib/python3.8/site-packages/airflow/example_dags/example_trigger_controller_dag.py
[2022-08-09 00:08:06,095] {processor.py:641} INFO - Processing file /home/renan/datapipeline/.env/lib/python3.8/site-packages/airflow/example_dags/example_trigger_controller_dag.py for tasks to queue
[2022-08-09 00:08:06,096] {logging_mixin.py:115} INFO - [2022-08-09 00:08:06,096] {dagbag.py:508} INFO - Filling up the DagBag from /home/renan/datapipeline/.env/lib/python3.8/site-packages/airflow/example_dags/example_trigger_controller_dag.py
[2022-08-09 00:08:06,097] {processor.py:651} INFO - DAG(s) dict_keys(['example_trigger_controller_dag']) retrieved from /home/renan/datapipeline/.env/lib/python3.8/site-packages/airflow/example_dags/example_trigger_controller_dag.py
[2022-08-09 00:08:06,109] {logging_mixin.py:115} INFO - [2022-08-09 00:08:06,109] {dag.py:2420} INFO - Sync 1 DAGs
[2022-08-09 00:08:06,118] {logging_mixin.py:115} INFO - [2022-08-09 00:08:06,118] {dag.py:2968} INFO - Setting next_dagrun for example_trigger_controller_dag to 2021-01-01T00:00:00+00:00, run_after=2021-01-01T00:00:00+00:00
[2022-08-09 00:08:06,126] {processor.py:161} INFO - Processing /home/renan/datapipeline/.env/lib/python3.8/site-packages/airflow/example_dags/example_trigger_controller_dag.py took 0.033 seconds
[2022-08-09 00:08:36,899] {processor.py:153} INFO - Started process (PID=11011) to work on /home/renan/datapipeline/.env/lib/python3.8/site-packages/airflow/example_dags/example_trigger_controller_dag.py
[2022-08-09 00:08:36,900] {processor.py:641} INFO - Processing file /home/renan/datapipeline/.env/lib/python3.8/site-packages/airflow/example_dags/example_trigger_controller_dag.py for tasks to queue
[2022-08-09 00:08:36,900] {logging_mixin.py:115} INFO - [2022-08-09 00:08:36,900] {dagbag.py:508} INFO - Filling up the DagBag from /home/renan/datapipeline/.env/lib/python3.8/site-packages/airflow/example_dags/example_trigger_controller_dag.py
[2022-08-09 00:08:36,902] {processor.py:651} INFO - DAG(s) dict_keys(['example_trigger_controller_dag']) retrieved from /home/renan/datapipeline/.env/lib/python3.8/site-packages/airflow/example_dags/example_trigger_controller_dag.py
[2022-08-09 00:08:36,913] {logging_mixin.py:115} INFO - [2022-08-09 00:08:36,913] {dag.py:2420} INFO - Sync 1 DAGs
[2022-08-09 00:08:36,922] {logging_mixin.py:115} INFO - [2022-08-09 00:08:36,922] {dag.py:2968} INFO - Setting next_dagrun for example_trigger_controller_dag to 2021-01-01T00:00:00+00:00, run_after=2021-01-01T00:00:00+00:00
[2022-08-09 00:08:36,931] {processor.py:161} INFO - Processing /home/renan/datapipeline/.env/lib/python3.8/site-packages/airflow/example_dags/example_trigger_controller_dag.py took 0.033 seconds
[2022-08-09 00:09:09,857] {processor.py:153} INFO - Started process (PID=11046) to work on /home/renan/datapipeline/.env/lib/python3.8/site-packages/airflow/example_dags/example_trigger_controller_dag.py
[2022-08-09 00:09:09,857] {processor.py:641} INFO - Processing file /home/renan/datapipeline/.env/lib/python3.8/site-packages/airflow/example_dags/example_trigger_controller_dag.py for tasks to queue
[2022-08-09 00:09:09,857] {logging_mixin.py:115} INFO - [2022-08-09 00:09:09,857] {dagbag.py:508} INFO - Filling up the DagBag from /home/renan/datapipeline/.env/lib/python3.8/site-packages/airflow/example_dags/example_trigger_controller_dag.py
[2022-08-09 00:09:09,859] {processor.py:651} INFO - DAG(s) dict_keys(['example_trigger_controller_dag']) retrieved from /home/renan/datapipeline/.env/lib/python3.8/site-packages/airflow/example_dags/example_trigger_controller_dag.py
[2022-08-09 00:09:09,870] {logging_mixin.py:115} INFO - [2022-08-09 00:09:09,870] {dag.py:2420} INFO - Sync 1 DAGs
[2022-08-09 00:09:09,879] {logging_mixin.py:115} INFO - [2022-08-09 00:09:09,879] {dag.py:2968} INFO - Setting next_dagrun for example_trigger_controller_dag to 2021-01-01T00:00:00+00:00, run_after=2021-01-01T00:00:00+00:00
[2022-08-09 00:09:09,889] {processor.py:161} INFO - Processing /home/renan/datapipeline/.env/lib/python3.8/site-packages/airflow/example_dags/example_trigger_controller_dag.py took 0.033 seconds
[2022-08-09 00:09:43,506] {processor.py:153} INFO - Started process (PID=11082) to work on /home/renan/datapipeline/.env/lib/python3.8/site-packages/airflow/example_dags/example_trigger_controller_dag.py
[2022-08-09 00:09:43,507] {processor.py:641} INFO - Processing file /home/renan/datapipeline/.env/lib/python3.8/site-packages/airflow/example_dags/example_trigger_controller_dag.py for tasks to queue
[2022-08-09 00:09:43,507] {logging_mixin.py:115} INFO - [2022-08-09 00:09:43,507] {dagbag.py:508} INFO - Filling up the DagBag from /home/renan/datapipeline/.env/lib/python3.8/site-packages/airflow/example_dags/example_trigger_controller_dag.py
[2022-08-09 00:09:43,509] {processor.py:651} INFO - DAG(s) dict_keys(['example_trigger_controller_dag']) retrieved from /home/renan/datapipeline/.env/lib/python3.8/site-packages/airflow/example_dags/example_trigger_controller_dag.py
[2022-08-09 00:09:43,519] {logging_mixin.py:115} INFO - [2022-08-09 00:09:43,519] {dag.py:2420} INFO - Sync 1 DAGs
[2022-08-09 00:09:43,529] {logging_mixin.py:115} INFO - [2022-08-09 00:09:43,529] {dag.py:2968} INFO - Setting next_dagrun for example_trigger_controller_dag to 2021-01-01T00:00:00+00:00, run_after=2021-01-01T00:00:00+00:00
[2022-08-09 00:09:43,537] {processor.py:161} INFO - Processing /home/renan/datapipeline/.env/lib/python3.8/site-packages/airflow/example_dags/example_trigger_controller_dag.py took 0.033 seconds
[2022-08-09 00:10:16,426] {processor.py:153} INFO - Started process (PID=11122) to work on /home/renan/datapipeline/.env/lib/python3.8/site-packages/airflow/example_dags/example_trigger_controller_dag.py
[2022-08-09 00:10:16,426] {processor.py:641} INFO - Processing file /home/renan/datapipeline/.env/lib/python3.8/site-packages/airflow/example_dags/example_trigger_controller_dag.py for tasks to queue
[2022-08-09 00:10:16,426] {logging_mixin.py:115} INFO - [2022-08-09 00:10:16,426] {dagbag.py:508} INFO - Filling up the DagBag from /home/renan/datapipeline/.env/lib/python3.8/site-packages/airflow/example_dags/example_trigger_controller_dag.py
[2022-08-09 00:10:16,428] {processor.py:651} INFO - DAG(s) dict_keys(['example_trigger_controller_dag']) retrieved from /home/renan/datapipeline/.env/lib/python3.8/site-packages/airflow/example_dags/example_trigger_controller_dag.py
[2022-08-09 00:10:16,439] {logging_mixin.py:115} INFO - [2022-08-09 00:10:16,439] {dag.py:2420} INFO - Sync 1 DAGs
[2022-08-09 00:10:16,448] {logging_mixin.py:115} INFO - [2022-08-09 00:10:16,448] {dag.py:2968} INFO - Setting next_dagrun for example_trigger_controller_dag to 2021-01-01T00:00:00+00:00, run_after=2021-01-01T00:00:00+00:00
[2022-08-09 00:10:16,457] {processor.py:161} INFO - Processing /home/renan/datapipeline/.env/lib/python3.8/site-packages/airflow/example_dags/example_trigger_controller_dag.py took 0.033 seconds
[2022-08-09 00:10:49,060] {processor.py:153} INFO - Started process (PID=11156) to work on /home/renan/datapipeline/.env/lib/python3.8/site-packages/airflow/example_dags/example_trigger_controller_dag.py
[2022-08-09 00:10:49,060] {processor.py:641} INFO - Processing file /home/renan/datapipeline/.env/lib/python3.8/site-packages/airflow/example_dags/example_trigger_controller_dag.py for tasks to queue
[2022-08-09 00:10:49,061] {logging_mixin.py:115} INFO - [2022-08-09 00:10:49,061] {dagbag.py:508} INFO - Filling up the DagBag from /home/renan/datapipeline/.env/lib/python3.8/site-packages/airflow/example_dags/example_trigger_controller_dag.py
[2022-08-09 00:10:49,062] {processor.py:651} INFO - DAG(s) dict_keys(['example_trigger_controller_dag']) retrieved from /home/renan/datapipeline/.env/lib/python3.8/site-packages/airflow/example_dags/example_trigger_controller_dag.py
[2022-08-09 00:10:49,073] {logging_mixin.py:115} INFO - [2022-08-09 00:10:49,073] {dag.py:2420} INFO - Sync 1 DAGs
[2022-08-09 00:10:49,083] {logging_mixin.py:115} INFO - [2022-08-09 00:10:49,083] {dag.py:2968} INFO - Setting next_dagrun for example_trigger_controller_dag to 2021-01-01T00:00:00+00:00, run_after=2021-01-01T00:00:00+00:00
[2022-08-09 00:10:49,092] {processor.py:161} INFO - Processing /home/renan/datapipeline/.env/lib/python3.8/site-packages/airflow/example_dags/example_trigger_controller_dag.py took 0.034 seconds
[2022-08-09 00:11:20,988] {processor.py:153} INFO - Started process (PID=11207) to work on /home/renan/datapipeline/.env/lib/python3.8/site-packages/airflow/example_dags/example_trigger_controller_dag.py
[2022-08-09 00:11:20,988] {processor.py:641} INFO - Processing file /home/renan/datapipeline/.env/lib/python3.8/site-packages/airflow/example_dags/example_trigger_controller_dag.py for tasks to queue
[2022-08-09 00:11:20,989] {logging_mixin.py:115} INFO - [2022-08-09 00:11:20,989] {dagbag.py:508} INFO - Filling up the DagBag from /home/renan/datapipeline/.env/lib/python3.8/site-packages/airflow/example_dags/example_trigger_controller_dag.py
[2022-08-09 00:11:20,990] {processor.py:651} INFO - DAG(s) dict_keys(['example_trigger_controller_dag']) retrieved from /home/renan/datapipeline/.env/lib/python3.8/site-packages/airflow/example_dags/example_trigger_controller_dag.py
[2022-08-09 00:11:21,001] {logging_mixin.py:115} INFO - [2022-08-09 00:11:21,001] {dag.py:2420} INFO - Sync 1 DAGs
[2022-08-09 00:11:21,011] {logging_mixin.py:115} INFO - [2022-08-09 00:11:21,010] {dag.py:2968} INFO - Setting next_dagrun for example_trigger_controller_dag to 2021-01-01T00:00:00+00:00, run_after=2021-01-01T00:00:00+00:00
[2022-08-09 00:11:21,019] {processor.py:161} INFO - Processing /home/renan/datapipeline/.env/lib/python3.8/site-packages/airflow/example_dags/example_trigger_controller_dag.py took 0.033 seconds
[2022-08-09 00:11:55,180] {processor.py:153} INFO - Started process (PID=11256) to work on /home/renan/datapipeline/.env/lib/python3.8/site-packages/airflow/example_dags/example_trigger_controller_dag.py
[2022-08-09 00:11:55,181] {processor.py:641} INFO - Processing file /home/renan/datapipeline/.env/lib/python3.8/site-packages/airflow/example_dags/example_trigger_controller_dag.py for tasks to queue
[2022-08-09 00:11:55,181] {logging_mixin.py:115} INFO - [2022-08-09 00:11:55,181] {dagbag.py:508} INFO - Filling up the DagBag from /home/renan/datapipeline/.env/lib/python3.8/site-packages/airflow/example_dags/example_trigger_controller_dag.py
[2022-08-09 00:11:55,183] {processor.py:651} INFO - DAG(s) dict_keys(['example_trigger_controller_dag']) retrieved from /home/renan/datapipeline/.env/lib/python3.8/site-packages/airflow/example_dags/example_trigger_controller_dag.py
[2022-08-09 00:11:55,194] {logging_mixin.py:115} INFO - [2022-08-09 00:11:55,194] {dag.py:2420} INFO - Sync 1 DAGs
[2022-08-09 00:11:55,204] {logging_mixin.py:115} INFO - [2022-08-09 00:11:55,204] {dag.py:2968} INFO - Setting next_dagrun for example_trigger_controller_dag to 2021-01-01T00:00:00+00:00, run_after=2021-01-01T00:00:00+00:00
[2022-08-09 00:11:55,213] {processor.py:161} INFO - Processing /home/renan/datapipeline/.env/lib/python3.8/site-packages/airflow/example_dags/example_trigger_controller_dag.py took 0.034 seconds
[2022-08-09 00:12:29,724] {processor.py:153} INFO - Started process (PID=11312) to work on /home/renan/datapipeline/.env/lib/python3.8/site-packages/airflow/example_dags/example_trigger_controller_dag.py
[2022-08-09 00:12:29,725] {processor.py:641} INFO - Processing file /home/renan/datapipeline/.env/lib/python3.8/site-packages/airflow/example_dags/example_trigger_controller_dag.py for tasks to queue
[2022-08-09 00:12:29,725] {logging_mixin.py:115} INFO - [2022-08-09 00:12:29,725] {dagbag.py:508} INFO - Filling up the DagBag from /home/renan/datapipeline/.env/lib/python3.8/site-packages/airflow/example_dags/example_trigger_controller_dag.py
[2022-08-09 00:12:29,727] {processor.py:651} INFO - DAG(s) dict_keys(['example_trigger_controller_dag']) retrieved from /home/renan/datapipeline/.env/lib/python3.8/site-packages/airflow/example_dags/example_trigger_controller_dag.py
[2022-08-09 00:12:29,738] {logging_mixin.py:115} INFO - [2022-08-09 00:12:29,738] {dag.py:2420} INFO - Sync 1 DAGs
[2022-08-09 00:12:29,748] {logging_mixin.py:115} INFO - [2022-08-09 00:12:29,748] {dag.py:2968} INFO - Setting next_dagrun for example_trigger_controller_dag to 2021-01-01T00:00:00+00:00, run_after=2021-01-01T00:00:00+00:00
[2022-08-09 00:12:29,757] {processor.py:161} INFO - Processing /home/renan/datapipeline/.env/lib/python3.8/site-packages/airflow/example_dags/example_trigger_controller_dag.py took 0.034 seconds
[2022-08-09 00:13:03,610] {processor.py:153} INFO - Started process (PID=11361) to work on /home/renan/datapipeline/.env/lib/python3.8/site-packages/airflow/example_dags/example_trigger_controller_dag.py
[2022-08-09 00:13:03,610] {processor.py:641} INFO - Processing file /home/renan/datapipeline/.env/lib/python3.8/site-packages/airflow/example_dags/example_trigger_controller_dag.py for tasks to queue
[2022-08-09 00:13:03,611] {logging_mixin.py:115} INFO - [2022-08-09 00:13:03,611] {dagbag.py:508} INFO - Filling up the DagBag from /home/renan/datapipeline/.env/lib/python3.8/site-packages/airflow/example_dags/example_trigger_controller_dag.py
[2022-08-09 00:13:03,613] {processor.py:651} INFO - DAG(s) dict_keys(['example_trigger_controller_dag']) retrieved from /home/renan/datapipeline/.env/lib/python3.8/site-packages/airflow/example_dags/example_trigger_controller_dag.py
[2022-08-09 00:13:03,626] {logging_mixin.py:115} INFO - [2022-08-09 00:13:03,626] {dag.py:2420} INFO - Sync 1 DAGs
[2022-08-09 00:13:03,637] {logging_mixin.py:115} INFO - [2022-08-09 00:13:03,637] {dag.py:2968} INFO - Setting next_dagrun for example_trigger_controller_dag to 2021-01-01T00:00:00+00:00, run_after=2021-01-01T00:00:00+00:00
[2022-08-09 00:13:03,647] {processor.py:161} INFO - Processing /home/renan/datapipeline/.env/lib/python3.8/site-packages/airflow/example_dags/example_trigger_controller_dag.py took 0.038 seconds
[2022-08-09 00:13:36,692] {processor.py:153} INFO - Started process (PID=11397) to work on /home/renan/datapipeline/.env/lib/python3.8/site-packages/airflow/example_dags/example_trigger_controller_dag.py
[2022-08-09 00:13:36,692] {processor.py:641} INFO - Processing file /home/renan/datapipeline/.env/lib/python3.8/site-packages/airflow/example_dags/example_trigger_controller_dag.py for tasks to queue
[2022-08-09 00:13:36,692] {logging_mixin.py:115} INFO - [2022-08-09 00:13:36,692] {dagbag.py:508} INFO - Filling up the DagBag from /home/renan/datapipeline/.env/lib/python3.8/site-packages/airflow/example_dags/example_trigger_controller_dag.py
[2022-08-09 00:13:36,695] {processor.py:651} INFO - DAG(s) dict_keys(['example_trigger_controller_dag']) retrieved from /home/renan/datapipeline/.env/lib/python3.8/site-packages/airflow/example_dags/example_trigger_controller_dag.py
[2022-08-09 00:13:36,706] {logging_mixin.py:115} INFO - [2022-08-09 00:13:36,706] {dag.py:2420} INFO - Sync 1 DAGs
[2022-08-09 00:13:36,717] {logging_mixin.py:115} INFO - [2022-08-09 00:13:36,717] {dag.py:2968} INFO - Setting next_dagrun for example_trigger_controller_dag to 2021-01-01T00:00:00+00:00, run_after=2021-01-01T00:00:00+00:00
[2022-08-09 00:13:36,728] {processor.py:161} INFO - Processing /home/renan/datapipeline/.env/lib/python3.8/site-packages/airflow/example_dags/example_trigger_controller_dag.py took 0.038 seconds
[2022-08-09 00:14:10,307] {processor.py:153} INFO - Started process (PID=11482) to work on /home/renan/datapipeline/.env/lib/python3.8/site-packages/airflow/example_dags/example_trigger_controller_dag.py
[2022-08-09 00:14:10,307] {processor.py:641} INFO - Processing file /home/renan/datapipeline/.env/lib/python3.8/site-packages/airflow/example_dags/example_trigger_controller_dag.py for tasks to queue
[2022-08-09 00:14:10,307] {logging_mixin.py:115} INFO - [2022-08-09 00:14:10,307] {dagbag.py:508} INFO - Filling up the DagBag from /home/renan/datapipeline/.env/lib/python3.8/site-packages/airflow/example_dags/example_trigger_controller_dag.py
[2022-08-09 00:14:10,309] {processor.py:651} INFO - DAG(s) dict_keys(['example_trigger_controller_dag']) retrieved from /home/renan/datapipeline/.env/lib/python3.8/site-packages/airflow/example_dags/example_trigger_controller_dag.py
[2022-08-09 00:14:10,319] {logging_mixin.py:115} INFO - [2022-08-09 00:14:10,319] {dag.py:2420} INFO - Sync 1 DAGs
[2022-08-09 00:14:10,328] {logging_mixin.py:115} INFO - [2022-08-09 00:14:10,328] {dag.py:2968} INFO - Setting next_dagrun for example_trigger_controller_dag to 2021-01-01T00:00:00+00:00, run_after=2021-01-01T00:00:00+00:00
[2022-08-09 00:14:10,337] {processor.py:161} INFO - Processing /home/renan/datapipeline/.env/lib/python3.8/site-packages/airflow/example_dags/example_trigger_controller_dag.py took 0.032 seconds
[2022-08-09 00:14:43,378] {processor.py:153} INFO - Started process (PID=11528) to work on /home/renan/datapipeline/.env/lib/python3.8/site-packages/airflow/example_dags/example_trigger_controller_dag.py
[2022-08-09 00:14:43,378] {processor.py:641} INFO - Processing file /home/renan/datapipeline/.env/lib/python3.8/site-packages/airflow/example_dags/example_trigger_controller_dag.py for tasks to queue
[2022-08-09 00:14:43,379] {logging_mixin.py:115} INFO - [2022-08-09 00:14:43,379] {dagbag.py:508} INFO - Filling up the DagBag from /home/renan/datapipeline/.env/lib/python3.8/site-packages/airflow/example_dags/example_trigger_controller_dag.py
[2022-08-09 00:14:43,381] {processor.py:651} INFO - DAG(s) dict_keys(['example_trigger_controller_dag']) retrieved from /home/renan/datapipeline/.env/lib/python3.8/site-packages/airflow/example_dags/example_trigger_controller_dag.py
[2022-08-09 00:14:43,392] {logging_mixin.py:115} INFO - [2022-08-09 00:14:43,392] {dag.py:2420} INFO - Sync 1 DAGs
[2022-08-09 00:14:43,402] {logging_mixin.py:115} INFO - [2022-08-09 00:14:43,402] {dag.py:2968} INFO - Setting next_dagrun for example_trigger_controller_dag to 2021-01-01T00:00:00+00:00, run_after=2021-01-01T00:00:00+00:00
[2022-08-09 00:14:43,413] {processor.py:161} INFO - Processing /home/renan/datapipeline/.env/lib/python3.8/site-packages/airflow/example_dags/example_trigger_controller_dag.py took 0.037 seconds
[2022-08-09 00:15:20,033] {processor.py:153} INFO - Started process (PID=11571) to work on /home/renan/datapipeline/.env/lib/python3.8/site-packages/airflow/example_dags/example_trigger_controller_dag.py
[2022-08-09 00:15:20,034] {processor.py:641} INFO - Processing file /home/renan/datapipeline/.env/lib/python3.8/site-packages/airflow/example_dags/example_trigger_controller_dag.py for tasks to queue
[2022-08-09 00:15:20,034] {logging_mixin.py:115} INFO - [2022-08-09 00:15:20,034] {dagbag.py:508} INFO - Filling up the DagBag from /home/renan/datapipeline/.env/lib/python3.8/site-packages/airflow/example_dags/example_trigger_controller_dag.py
[2022-08-09 00:15:20,036] {processor.py:651} INFO - DAG(s) dict_keys(['example_trigger_controller_dag']) retrieved from /home/renan/datapipeline/.env/lib/python3.8/site-packages/airflow/example_dags/example_trigger_controller_dag.py
[2022-08-09 00:15:20,046] {logging_mixin.py:115} INFO - [2022-08-09 00:15:20,046] {dag.py:2420} INFO - Sync 1 DAGs
[2022-08-09 00:15:20,055] {logging_mixin.py:115} INFO - [2022-08-09 00:15:20,055] {dag.py:2968} INFO - Setting next_dagrun for example_trigger_controller_dag to 2021-01-01T00:00:00+00:00, run_after=2021-01-01T00:00:00+00:00
[2022-08-09 00:15:20,064] {processor.py:161} INFO - Processing /home/renan/datapipeline/.env/lib/python3.8/site-packages/airflow/example_dags/example_trigger_controller_dag.py took 0.033 seconds
[2022-08-09 00:15:52,960] {processor.py:153} INFO - Started process (PID=11649) to work on /home/renan/datapipeline/.env/lib/python3.8/site-packages/airflow/example_dags/example_trigger_controller_dag.py
[2022-08-09 00:15:52,960] {processor.py:641} INFO - Processing file /home/renan/datapipeline/.env/lib/python3.8/site-packages/airflow/example_dags/example_trigger_controller_dag.py for tasks to queue
[2022-08-09 00:15:52,961] {logging_mixin.py:115} INFO - [2022-08-09 00:15:52,961] {dagbag.py:508} INFO - Filling up the DagBag from /home/renan/datapipeline/.env/lib/python3.8/site-packages/airflow/example_dags/example_trigger_controller_dag.py
[2022-08-09 00:15:52,962] {processor.py:651} INFO - DAG(s) dict_keys(['example_trigger_controller_dag']) retrieved from /home/renan/datapipeline/.env/lib/python3.8/site-packages/airflow/example_dags/example_trigger_controller_dag.py
[2022-08-09 00:15:52,972] {logging_mixin.py:115} INFO - [2022-08-09 00:15:52,972] {dag.py:2420} INFO - Sync 1 DAGs
[2022-08-09 00:15:52,982] {logging_mixin.py:115} INFO - [2022-08-09 00:15:52,982] {dag.py:2968} INFO - Setting next_dagrun for example_trigger_controller_dag to 2021-01-01T00:00:00+00:00, run_after=2021-01-01T00:00:00+00:00
[2022-08-09 00:15:52,990] {processor.py:161} INFO - Processing /home/renan/datapipeline/.env/lib/python3.8/site-packages/airflow/example_dags/example_trigger_controller_dag.py took 0.032 seconds
[2022-08-09 00:16:25,987] {processor.py:153} INFO - Started process (PID=11696) to work on /home/renan/datapipeline/.env/lib/python3.8/site-packages/airflow/example_dags/example_trigger_controller_dag.py
[2022-08-09 00:16:25,988] {processor.py:641} INFO - Processing file /home/renan/datapipeline/.env/lib/python3.8/site-packages/airflow/example_dags/example_trigger_controller_dag.py for tasks to queue
[2022-08-09 00:16:25,988] {logging_mixin.py:115} INFO - [2022-08-09 00:16:25,988] {dagbag.py:508} INFO - Filling up the DagBag from /home/renan/datapipeline/.env/lib/python3.8/site-packages/airflow/example_dags/example_trigger_controller_dag.py
[2022-08-09 00:16:25,990] {processor.py:651} INFO - DAG(s) dict_keys(['example_trigger_controller_dag']) retrieved from /home/renan/datapipeline/.env/lib/python3.8/site-packages/airflow/example_dags/example_trigger_controller_dag.py
[2022-08-09 00:16:26,002] {logging_mixin.py:115} INFO - [2022-08-09 00:16:26,002] {dag.py:2420} INFO - Sync 1 DAGs
[2022-08-09 00:16:26,013] {logging_mixin.py:115} INFO - [2022-08-09 00:16:26,013] {dag.py:2968} INFO - Setting next_dagrun for example_trigger_controller_dag to 2021-01-01T00:00:00+00:00, run_after=2021-01-01T00:00:00+00:00
[2022-08-09 00:16:26,023] {processor.py:161} INFO - Processing /home/renan/datapipeline/.env/lib/python3.8/site-packages/airflow/example_dags/example_trigger_controller_dag.py took 0.038 seconds
[2022-08-09 00:16:57,911] {processor.py:153} INFO - Started process (PID=11743) to work on /home/renan/datapipeline/.env/lib/python3.8/site-packages/airflow/example_dags/example_trigger_controller_dag.py
[2022-08-09 00:16:57,911] {processor.py:641} INFO - Processing file /home/renan/datapipeline/.env/lib/python3.8/site-packages/airflow/example_dags/example_trigger_controller_dag.py for tasks to queue
[2022-08-09 00:16:57,911] {logging_mixin.py:115} INFO - [2022-08-09 00:16:57,911] {dagbag.py:508} INFO - Filling up the DagBag from /home/renan/datapipeline/.env/lib/python3.8/site-packages/airflow/example_dags/example_trigger_controller_dag.py
[2022-08-09 00:16:57,913] {processor.py:651} INFO - DAG(s) dict_keys(['example_trigger_controller_dag']) retrieved from /home/renan/datapipeline/.env/lib/python3.8/site-packages/airflow/example_dags/example_trigger_controller_dag.py
[2022-08-09 00:16:57,923] {logging_mixin.py:115} INFO - [2022-08-09 00:16:57,923] {dag.py:2420} INFO - Sync 1 DAGs
[2022-08-09 00:16:57,933] {logging_mixin.py:115} INFO - [2022-08-09 00:16:57,933] {dag.py:2968} INFO - Setting next_dagrun for example_trigger_controller_dag to 2021-01-01T00:00:00+00:00, run_after=2021-01-01T00:00:00+00:00
[2022-08-09 00:16:57,942] {processor.py:161} INFO - Processing /home/renan/datapipeline/.env/lib/python3.8/site-packages/airflow/example_dags/example_trigger_controller_dag.py took 0.033 seconds
[2022-08-09 00:17:30,445] {processor.py:153} INFO - Started process (PID=11790) to work on /home/renan/datapipeline/.env/lib/python3.8/site-packages/airflow/example_dags/example_trigger_controller_dag.py
[2022-08-09 00:17:30,446] {processor.py:641} INFO - Processing file /home/renan/datapipeline/.env/lib/python3.8/site-packages/airflow/example_dags/example_trigger_controller_dag.py for tasks to queue
[2022-08-09 00:17:30,446] {logging_mixin.py:115} INFO - [2022-08-09 00:17:30,446] {dagbag.py:508} INFO - Filling up the DagBag from /home/renan/datapipeline/.env/lib/python3.8/site-packages/airflow/example_dags/example_trigger_controller_dag.py
[2022-08-09 00:17:30,448] {processor.py:651} INFO - DAG(s) dict_keys(['example_trigger_controller_dag']) retrieved from /home/renan/datapipeline/.env/lib/python3.8/site-packages/airflow/example_dags/example_trigger_controller_dag.py
[2022-08-09 00:17:30,458] {logging_mixin.py:115} INFO - [2022-08-09 00:17:30,458] {dag.py:2420} INFO - Sync 1 DAGs
[2022-08-09 00:17:30,469] {logging_mixin.py:115} INFO - [2022-08-09 00:17:30,469] {dag.py:2968} INFO - Setting next_dagrun for example_trigger_controller_dag to 2021-01-01T00:00:00+00:00, run_after=2021-01-01T00:00:00+00:00
[2022-08-09 00:17:30,479] {processor.py:161} INFO - Processing /home/renan/datapipeline/.env/lib/python3.8/site-packages/airflow/example_dags/example_trigger_controller_dag.py took 0.035 seconds
[2022-08-09 00:18:01,248] {processor.py:153} INFO - Started process (PID=11826) to work on /home/renan/datapipeline/.env/lib/python3.8/site-packages/airflow/example_dags/example_trigger_controller_dag.py
[2022-08-09 00:18:01,248] {processor.py:641} INFO - Processing file /home/renan/datapipeline/.env/lib/python3.8/site-packages/airflow/example_dags/example_trigger_controller_dag.py for tasks to queue
[2022-08-09 00:18:01,248] {logging_mixin.py:115} INFO - [2022-08-09 00:18:01,248] {dagbag.py:508} INFO - Filling up the DagBag from /home/renan/datapipeline/.env/lib/python3.8/site-packages/airflow/example_dags/example_trigger_controller_dag.py
[2022-08-09 00:18:01,250] {processor.py:651} INFO - DAG(s) dict_keys(['example_trigger_controller_dag']) retrieved from /home/renan/datapipeline/.env/lib/python3.8/site-packages/airflow/example_dags/example_trigger_controller_dag.py
[2022-08-09 00:18:01,260] {logging_mixin.py:115} INFO - [2022-08-09 00:18:01,260] {dag.py:2420} INFO - Sync 1 DAGs
[2022-08-09 00:18:01,269] {logging_mixin.py:115} INFO - [2022-08-09 00:18:01,269] {dag.py:2968} INFO - Setting next_dagrun for example_trigger_controller_dag to 2021-01-01T00:00:00+00:00, run_after=2021-01-01T00:00:00+00:00
[2022-08-09 00:18:01,278] {processor.py:161} INFO - Processing /home/renan/datapipeline/.env/lib/python3.8/site-packages/airflow/example_dags/example_trigger_controller_dag.py took 0.032 seconds
[2022-08-09 00:18:34,306] {processor.py:153} INFO - Started process (PID=11859) to work on /home/renan/datapipeline/.env/lib/python3.8/site-packages/airflow/example_dags/example_trigger_controller_dag.py
[2022-08-09 00:18:34,306] {processor.py:641} INFO - Processing file /home/renan/datapipeline/.env/lib/python3.8/site-packages/airflow/example_dags/example_trigger_controller_dag.py for tasks to queue
[2022-08-09 00:18:34,306] {logging_mixin.py:115} INFO - [2022-08-09 00:18:34,306] {dagbag.py:508} INFO - Filling up the DagBag from /home/renan/datapipeline/.env/lib/python3.8/site-packages/airflow/example_dags/example_trigger_controller_dag.py
[2022-08-09 00:18:34,308] {processor.py:651} INFO - DAG(s) dict_keys(['example_trigger_controller_dag']) retrieved from /home/renan/datapipeline/.env/lib/python3.8/site-packages/airflow/example_dags/example_trigger_controller_dag.py
[2022-08-09 00:18:34,318] {logging_mixin.py:115} INFO - [2022-08-09 00:18:34,318] {dag.py:2420} INFO - Sync 1 DAGs
[2022-08-09 00:18:34,327] {logging_mixin.py:115} INFO - [2022-08-09 00:18:34,327] {dag.py:2968} INFO - Setting next_dagrun for example_trigger_controller_dag to 2021-01-01T00:00:00+00:00, run_after=2021-01-01T00:00:00+00:00
[2022-08-09 00:18:34,336] {processor.py:161} INFO - Processing /home/renan/datapipeline/.env/lib/python3.8/site-packages/airflow/example_dags/example_trigger_controller_dag.py took 0.032 seconds
[2022-08-09 00:19:09,022] {processor.py:153} INFO - Started process (PID=11897) to work on /home/renan/datapipeline/.env/lib/python3.8/site-packages/airflow/example_dags/example_trigger_controller_dag.py
[2022-08-09 00:19:09,022] {processor.py:641} INFO - Processing file /home/renan/datapipeline/.env/lib/python3.8/site-packages/airflow/example_dags/example_trigger_controller_dag.py for tasks to queue
[2022-08-09 00:19:09,022] {logging_mixin.py:115} INFO - [2022-08-09 00:19:09,022] {dagbag.py:508} INFO - Filling up the DagBag from /home/renan/datapipeline/.env/lib/python3.8/site-packages/airflow/example_dags/example_trigger_controller_dag.py
[2022-08-09 00:19:09,024] {processor.py:651} INFO - DAG(s) dict_keys(['example_trigger_controller_dag']) retrieved from /home/renan/datapipeline/.env/lib/python3.8/site-packages/airflow/example_dags/example_trigger_controller_dag.py
[2022-08-09 00:19:09,034] {logging_mixin.py:115} INFO - [2022-08-09 00:19:09,034] {dag.py:2420} INFO - Sync 1 DAGs
[2022-08-09 00:19:09,044] {logging_mixin.py:115} INFO - [2022-08-09 00:19:09,044] {dag.py:2968} INFO - Setting next_dagrun for example_trigger_controller_dag to 2021-01-01T00:00:00+00:00, run_after=2021-01-01T00:00:00+00:00
[2022-08-09 00:19:09,053] {processor.py:161} INFO - Processing /home/renan/datapipeline/.env/lib/python3.8/site-packages/airflow/example_dags/example_trigger_controller_dag.py took 0.033 seconds
[2022-08-09 00:19:41,798] {processor.py:153} INFO - Started process (PID=11933) to work on /home/renan/datapipeline/.env/lib/python3.8/site-packages/airflow/example_dags/example_trigger_controller_dag.py
[2022-08-09 00:19:41,798] {processor.py:641} INFO - Processing file /home/renan/datapipeline/.env/lib/python3.8/site-packages/airflow/example_dags/example_trigger_controller_dag.py for tasks to queue
[2022-08-09 00:19:41,799] {logging_mixin.py:115} INFO - [2022-08-09 00:19:41,799] {dagbag.py:508} INFO - Filling up the DagBag from /home/renan/datapipeline/.env/lib/python3.8/site-packages/airflow/example_dags/example_trigger_controller_dag.py
[2022-08-09 00:19:41,800] {processor.py:651} INFO - DAG(s) dict_keys(['example_trigger_controller_dag']) retrieved from /home/renan/datapipeline/.env/lib/python3.8/site-packages/airflow/example_dags/example_trigger_controller_dag.py
[2022-08-09 00:19:41,810] {logging_mixin.py:115} INFO - [2022-08-09 00:19:41,810] {dag.py:2420} INFO - Sync 1 DAGs
[2022-08-09 00:19:41,820] {logging_mixin.py:115} INFO - [2022-08-09 00:19:41,820] {dag.py:2968} INFO - Setting next_dagrun for example_trigger_controller_dag to 2021-01-01T00:00:00+00:00, run_after=2021-01-01T00:00:00+00:00
[2022-08-09 00:19:41,829] {processor.py:161} INFO - Processing /home/renan/datapipeline/.env/lib/python3.8/site-packages/airflow/example_dags/example_trigger_controller_dag.py took 0.032 seconds
[2022-08-09 00:20:15,705] {processor.py:153} INFO - Started process (PID=11972) to work on /home/renan/datapipeline/.env/lib/python3.8/site-packages/airflow/example_dags/example_trigger_controller_dag.py
[2022-08-09 00:20:15,706] {processor.py:641} INFO - Processing file /home/renan/datapipeline/.env/lib/python3.8/site-packages/airflow/example_dags/example_trigger_controller_dag.py for tasks to queue
[2022-08-09 00:20:15,706] {logging_mixin.py:115} INFO - [2022-08-09 00:20:15,706] {dagbag.py:508} INFO - Filling up the DagBag from /home/renan/datapipeline/.env/lib/python3.8/site-packages/airflow/example_dags/example_trigger_controller_dag.py
[2022-08-09 00:20:15,708] {processor.py:651} INFO - DAG(s) dict_keys(['example_trigger_controller_dag']) retrieved from /home/renan/datapipeline/.env/lib/python3.8/site-packages/airflow/example_dags/example_trigger_controller_dag.py
[2022-08-09 00:20:15,717] {logging_mixin.py:115} INFO - [2022-08-09 00:20:15,717] {dag.py:2420} INFO - Sync 1 DAGs
[2022-08-09 00:20:15,727] {logging_mixin.py:115} INFO - [2022-08-09 00:20:15,726] {dag.py:2968} INFO - Setting next_dagrun for example_trigger_controller_dag to 2021-01-01T00:00:00+00:00, run_after=2021-01-01T00:00:00+00:00
[2022-08-09 00:20:15,735] {processor.py:161} INFO - Processing /home/renan/datapipeline/.env/lib/python3.8/site-packages/airflow/example_dags/example_trigger_controller_dag.py took 0.031 seconds
[2022-08-09 00:20:48,438] {processor.py:153} INFO - Started process (PID=12008) to work on /home/renan/datapipeline/.env/lib/python3.8/site-packages/airflow/example_dags/example_trigger_controller_dag.py
[2022-08-09 00:20:48,438] {processor.py:641} INFO - Processing file /home/renan/datapipeline/.env/lib/python3.8/site-packages/airflow/example_dags/example_trigger_controller_dag.py for tasks to queue
[2022-08-09 00:20:48,439] {logging_mixin.py:115} INFO - [2022-08-09 00:20:48,439] {dagbag.py:508} INFO - Filling up the DagBag from /home/renan/datapipeline/.env/lib/python3.8/site-packages/airflow/example_dags/example_trigger_controller_dag.py
[2022-08-09 00:20:48,440] {processor.py:651} INFO - DAG(s) dict_keys(['example_trigger_controller_dag']) retrieved from /home/renan/datapipeline/.env/lib/python3.8/site-packages/airflow/example_dags/example_trigger_controller_dag.py
[2022-08-09 00:20:48,450] {logging_mixin.py:115} INFO - [2022-08-09 00:20:48,450] {dag.py:2420} INFO - Sync 1 DAGs
[2022-08-09 00:20:48,460] {logging_mixin.py:115} INFO - [2022-08-09 00:20:48,460] {dag.py:2968} INFO - Setting next_dagrun for example_trigger_controller_dag to 2021-01-01T00:00:00+00:00, run_after=2021-01-01T00:00:00+00:00
[2022-08-09 00:20:48,469] {processor.py:161} INFO - Processing /home/renan/datapipeline/.env/lib/python3.8/site-packages/airflow/example_dags/example_trigger_controller_dag.py took 0.033 seconds
[2022-08-09 00:21:21,302] {processor.py:153} INFO - Started process (PID=12097) to work on /home/renan/datapipeline/.env/lib/python3.8/site-packages/airflow/example_dags/example_trigger_controller_dag.py
[2022-08-09 00:21:21,302] {processor.py:641} INFO - Processing file /home/renan/datapipeline/.env/lib/python3.8/site-packages/airflow/example_dags/example_trigger_controller_dag.py for tasks to queue
[2022-08-09 00:21:21,303] {logging_mixin.py:115} INFO - [2022-08-09 00:21:21,303] {dagbag.py:508} INFO - Filling up the DagBag from /home/renan/datapipeline/.env/lib/python3.8/site-packages/airflow/example_dags/example_trigger_controller_dag.py
[2022-08-09 00:21:21,305] {processor.py:651} INFO - DAG(s) dict_keys(['example_trigger_controller_dag']) retrieved from /home/renan/datapipeline/.env/lib/python3.8/site-packages/airflow/example_dags/example_trigger_controller_dag.py
[2022-08-09 00:21:21,319] {logging_mixin.py:115} INFO - [2022-08-09 00:21:21,319] {dag.py:2420} INFO - Sync 1 DAGs
[2022-08-09 00:21:21,332] {logging_mixin.py:115} INFO - [2022-08-09 00:21:21,332] {dag.py:2968} INFO - Setting next_dagrun for example_trigger_controller_dag to 2021-01-01T00:00:00+00:00, run_after=2021-01-01T00:00:00+00:00
[2022-08-09 00:21:21,341] {processor.py:161} INFO - Processing /home/renan/datapipeline/.env/lib/python3.8/site-packages/airflow/example_dags/example_trigger_controller_dag.py took 0.041 seconds
[2022-08-09 00:21:53,186] {processor.py:153} INFO - Started process (PID=12231) to work on /home/renan/datapipeline/.env/lib/python3.8/site-packages/airflow/example_dags/example_trigger_controller_dag.py
[2022-08-09 00:21:53,187] {processor.py:641} INFO - Processing file /home/renan/datapipeline/.env/lib/python3.8/site-packages/airflow/example_dags/example_trigger_controller_dag.py for tasks to queue
[2022-08-09 00:21:53,187] {logging_mixin.py:115} INFO - [2022-08-09 00:21:53,187] {dagbag.py:508} INFO - Filling up the DagBag from /home/renan/datapipeline/.env/lib/python3.8/site-packages/airflow/example_dags/example_trigger_controller_dag.py
[2022-08-09 00:21:53,189] {processor.py:651} INFO - DAG(s) dict_keys(['example_trigger_controller_dag']) retrieved from /home/renan/datapipeline/.env/lib/python3.8/site-packages/airflow/example_dags/example_trigger_controller_dag.py
[2022-08-09 00:21:53,198] {logging_mixin.py:115} INFO - [2022-08-09 00:21:53,198] {dag.py:2420} INFO - Sync 1 DAGs
[2022-08-09 00:21:53,208] {logging_mixin.py:115} INFO - [2022-08-09 00:21:53,208] {dag.py:2968} INFO - Setting next_dagrun for example_trigger_controller_dag to 2021-01-01T00:00:00+00:00, run_after=2021-01-01T00:00:00+00:00
[2022-08-09 00:21:53,217] {processor.py:161} INFO - Processing /home/renan/datapipeline/.env/lib/python3.8/site-packages/airflow/example_dags/example_trigger_controller_dag.py took 0.032 seconds
[2022-08-09 00:22:26,025] {processor.py:153} INFO - Started process (PID=12293) to work on /home/renan/datapipeline/.env/lib/python3.8/site-packages/airflow/example_dags/example_trigger_controller_dag.py
[2022-08-09 00:22:26,026] {processor.py:641} INFO - Processing file /home/renan/datapipeline/.env/lib/python3.8/site-packages/airflow/example_dags/example_trigger_controller_dag.py for tasks to queue
[2022-08-09 00:22:26,026] {logging_mixin.py:115} INFO - [2022-08-09 00:22:26,026] {dagbag.py:508} INFO - Filling up the DagBag from /home/renan/datapipeline/.env/lib/python3.8/site-packages/airflow/example_dags/example_trigger_controller_dag.py
[2022-08-09 00:22:26,028] {processor.py:651} INFO - DAG(s) dict_keys(['example_trigger_controller_dag']) retrieved from /home/renan/datapipeline/.env/lib/python3.8/site-packages/airflow/example_dags/example_trigger_controller_dag.py
[2022-08-09 00:22:26,037] {logging_mixin.py:115} INFO - [2022-08-09 00:22:26,037] {dag.py:2420} INFO - Sync 1 DAGs
[2022-08-09 00:22:26,047] {logging_mixin.py:115} INFO - [2022-08-09 00:22:26,047] {dag.py:2968} INFO - Setting next_dagrun for example_trigger_controller_dag to 2021-01-01T00:00:00+00:00, run_after=2021-01-01T00:00:00+00:00
[2022-08-09 00:22:26,055] {processor.py:161} INFO - Processing /home/renan/datapipeline/.env/lib/python3.8/site-packages/airflow/example_dags/example_trigger_controller_dag.py took 0.031 seconds
[2022-08-09 00:22:58,667] {processor.py:153} INFO - Started process (PID=12328) to work on /home/renan/datapipeline/.env/lib/python3.8/site-packages/airflow/example_dags/example_trigger_controller_dag.py
[2022-08-09 00:22:58,667] {processor.py:641} INFO - Processing file /home/renan/datapipeline/.env/lib/python3.8/site-packages/airflow/example_dags/example_trigger_controller_dag.py for tasks to queue
[2022-08-09 00:22:58,667] {logging_mixin.py:115} INFO - [2022-08-09 00:22:58,667] {dagbag.py:508} INFO - Filling up the DagBag from /home/renan/datapipeline/.env/lib/python3.8/site-packages/airflow/example_dags/example_trigger_controller_dag.py
[2022-08-09 00:22:58,669] {processor.py:651} INFO - DAG(s) dict_keys(['example_trigger_controller_dag']) retrieved from /home/renan/datapipeline/.env/lib/python3.8/site-packages/airflow/example_dags/example_trigger_controller_dag.py
[2022-08-09 00:22:58,679] {logging_mixin.py:115} INFO - [2022-08-09 00:22:58,679] {dag.py:2420} INFO - Sync 1 DAGs
[2022-08-09 00:22:58,689] {logging_mixin.py:115} INFO - [2022-08-09 00:22:58,689] {dag.py:2968} INFO - Setting next_dagrun for example_trigger_controller_dag to 2021-01-01T00:00:00+00:00, run_after=2021-01-01T00:00:00+00:00
[2022-08-09 00:22:58,697] {processor.py:161} INFO - Processing /home/renan/datapipeline/.env/lib/python3.8/site-packages/airflow/example_dags/example_trigger_controller_dag.py took 0.032 seconds
[2022-08-09 00:23:31,860] {processor.py:153} INFO - Started process (PID=12367) to work on /home/renan/datapipeline/.env/lib/python3.8/site-packages/airflow/example_dags/example_trigger_controller_dag.py
[2022-08-09 00:23:31,860] {processor.py:641} INFO - Processing file /home/renan/datapipeline/.env/lib/python3.8/site-packages/airflow/example_dags/example_trigger_controller_dag.py for tasks to queue
[2022-08-09 00:23:31,861] {logging_mixin.py:115} INFO - [2022-08-09 00:23:31,861] {dagbag.py:508} INFO - Filling up the DagBag from /home/renan/datapipeline/.env/lib/python3.8/site-packages/airflow/example_dags/example_trigger_controller_dag.py
[2022-08-09 00:23:31,862] {processor.py:651} INFO - DAG(s) dict_keys(['example_trigger_controller_dag']) retrieved from /home/renan/datapipeline/.env/lib/python3.8/site-packages/airflow/example_dags/example_trigger_controller_dag.py
[2022-08-09 00:23:31,872] {logging_mixin.py:115} INFO - [2022-08-09 00:23:31,872] {dag.py:2420} INFO - Sync 1 DAGs
[2022-08-09 00:23:31,882] {logging_mixin.py:115} INFO - [2022-08-09 00:23:31,882] {dag.py:2968} INFO - Setting next_dagrun for example_trigger_controller_dag to 2021-01-01T00:00:00+00:00, run_after=2021-01-01T00:00:00+00:00
[2022-08-09 00:23:31,892] {processor.py:161} INFO - Processing /home/renan/datapipeline/.env/lib/python3.8/site-packages/airflow/example_dags/example_trigger_controller_dag.py took 0.034 seconds
[2022-08-09 00:24:02,654] {processor.py:153} INFO - Started process (PID=12403) to work on /home/renan/datapipeline/.env/lib/python3.8/site-packages/airflow/example_dags/example_trigger_controller_dag.py
[2022-08-09 00:24:02,654] {processor.py:641} INFO - Processing file /home/renan/datapipeline/.env/lib/python3.8/site-packages/airflow/example_dags/example_trigger_controller_dag.py for tasks to queue
[2022-08-09 00:24:02,655] {logging_mixin.py:115} INFO - [2022-08-09 00:24:02,655] {dagbag.py:508} INFO - Filling up the DagBag from /home/renan/datapipeline/.env/lib/python3.8/site-packages/airflow/example_dags/example_trigger_controller_dag.py
[2022-08-09 00:24:02,656] {processor.py:651} INFO - DAG(s) dict_keys(['example_trigger_controller_dag']) retrieved from /home/renan/datapipeline/.env/lib/python3.8/site-packages/airflow/example_dags/example_trigger_controller_dag.py
[2022-08-09 00:24:02,666] {logging_mixin.py:115} INFO - [2022-08-09 00:24:02,666] {dag.py:2420} INFO - Sync 1 DAGs
[2022-08-09 00:24:02,676] {logging_mixin.py:115} INFO - [2022-08-09 00:24:02,676] {dag.py:2968} INFO - Setting next_dagrun for example_trigger_controller_dag to 2021-01-01T00:00:00+00:00, run_after=2021-01-01T00:00:00+00:00
[2022-08-09 00:24:02,685] {processor.py:161} INFO - Processing /home/renan/datapipeline/.env/lib/python3.8/site-packages/airflow/example_dags/example_trigger_controller_dag.py took 0.032 seconds
[2022-08-09 00:24:36,342] {processor.py:153} INFO - Started process (PID=12468) to work on /home/renan/datapipeline/.env/lib/python3.8/site-packages/airflow/example_dags/example_trigger_controller_dag.py
[2022-08-09 00:24:36,343] {processor.py:641} INFO - Processing file /home/renan/datapipeline/.env/lib/python3.8/site-packages/airflow/example_dags/example_trigger_controller_dag.py for tasks to queue
[2022-08-09 00:24:36,343] {logging_mixin.py:115} INFO - [2022-08-09 00:24:36,343] {dagbag.py:508} INFO - Filling up the DagBag from /home/renan/datapipeline/.env/lib/python3.8/site-packages/airflow/example_dags/example_trigger_controller_dag.py
[2022-08-09 00:24:36,345] {processor.py:651} INFO - DAG(s) dict_keys(['example_trigger_controller_dag']) retrieved from /home/renan/datapipeline/.env/lib/python3.8/site-packages/airflow/example_dags/example_trigger_controller_dag.py
[2022-08-09 00:24:36,354] {logging_mixin.py:115} INFO - [2022-08-09 00:24:36,354] {dag.py:2420} INFO - Sync 1 DAGs
[2022-08-09 00:24:36,364] {logging_mixin.py:115} INFO - [2022-08-09 00:24:36,364] {dag.py:2968} INFO - Setting next_dagrun for example_trigger_controller_dag to 2021-01-01T00:00:00+00:00, run_after=2021-01-01T00:00:00+00:00
[2022-08-09 00:24:36,373] {processor.py:161} INFO - Processing /home/renan/datapipeline/.env/lib/python3.8/site-packages/airflow/example_dags/example_trigger_controller_dag.py took 0.032 seconds
[2022-08-09 00:25:09,341] {processor.py:153} INFO - Started process (PID=12510) to work on /home/renan/datapipeline/.env/lib/python3.8/site-packages/airflow/example_dags/example_trigger_controller_dag.py
[2022-08-09 00:25:09,342] {processor.py:641} INFO - Processing file /home/renan/datapipeline/.env/lib/python3.8/site-packages/airflow/example_dags/example_trigger_controller_dag.py for tasks to queue
[2022-08-09 00:25:09,342] {logging_mixin.py:115} INFO - [2022-08-09 00:25:09,342] {dagbag.py:508} INFO - Filling up the DagBag from /home/renan/datapipeline/.env/lib/python3.8/site-packages/airflow/example_dags/example_trigger_controller_dag.py
[2022-08-09 00:25:09,344] {processor.py:651} INFO - DAG(s) dict_keys(['example_trigger_controller_dag']) retrieved from /home/renan/datapipeline/.env/lib/python3.8/site-packages/airflow/example_dags/example_trigger_controller_dag.py
[2022-08-09 00:25:09,354] {logging_mixin.py:115} INFO - [2022-08-09 00:25:09,354] {dag.py:2420} INFO - Sync 1 DAGs
[2022-08-09 00:25:09,364] {logging_mixin.py:115} INFO - [2022-08-09 00:25:09,364] {dag.py:2968} INFO - Setting next_dagrun for example_trigger_controller_dag to 2021-01-01T00:00:00+00:00, run_after=2021-01-01T00:00:00+00:00
[2022-08-09 00:25:09,374] {processor.py:161} INFO - Processing /home/renan/datapipeline/.env/lib/python3.8/site-packages/airflow/example_dags/example_trigger_controller_dag.py took 0.034 seconds
[2022-08-09 00:25:40,141] {processor.py:153} INFO - Started process (PID=12543) to work on /home/renan/datapipeline/.env/lib/python3.8/site-packages/airflow/example_dags/example_trigger_controller_dag.py
[2022-08-09 00:25:40,142] {processor.py:641} INFO - Processing file /home/renan/datapipeline/.env/lib/python3.8/site-packages/airflow/example_dags/example_trigger_controller_dag.py for tasks to queue
[2022-08-09 00:25:40,142] {logging_mixin.py:115} INFO - [2022-08-09 00:25:40,142] {dagbag.py:508} INFO - Filling up the DagBag from /home/renan/datapipeline/.env/lib/python3.8/site-packages/airflow/example_dags/example_trigger_controller_dag.py
[2022-08-09 00:25:40,143] {processor.py:651} INFO - DAG(s) dict_keys(['example_trigger_controller_dag']) retrieved from /home/renan/datapipeline/.env/lib/python3.8/site-packages/airflow/example_dags/example_trigger_controller_dag.py
[2022-08-09 00:25:40,153] {logging_mixin.py:115} INFO - [2022-08-09 00:25:40,153] {dag.py:2420} INFO - Sync 1 DAGs
[2022-08-09 00:25:40,163] {logging_mixin.py:115} INFO - [2022-08-09 00:25:40,163] {dag.py:2968} INFO - Setting next_dagrun for example_trigger_controller_dag to 2021-01-01T00:00:00+00:00, run_after=2021-01-01T00:00:00+00:00
[2022-08-09 00:25:40,171] {processor.py:161} INFO - Processing /home/renan/datapipeline/.env/lib/python3.8/site-packages/airflow/example_dags/example_trigger_controller_dag.py took 0.032 seconds
[2022-08-09 00:26:12,020] {processor.py:153} INFO - Started process (PID=12578) to work on /home/renan/datapipeline/.env/lib/python3.8/site-packages/airflow/example_dags/example_trigger_controller_dag.py
[2022-08-09 00:26:12,020] {processor.py:641} INFO - Processing file /home/renan/datapipeline/.env/lib/python3.8/site-packages/airflow/example_dags/example_trigger_controller_dag.py for tasks to queue
[2022-08-09 00:26:12,020] {logging_mixin.py:115} INFO - [2022-08-09 00:26:12,020] {dagbag.py:508} INFO - Filling up the DagBag from /home/renan/datapipeline/.env/lib/python3.8/site-packages/airflow/example_dags/example_trigger_controller_dag.py
[2022-08-09 00:26:12,022] {processor.py:651} INFO - DAG(s) dict_keys(['example_trigger_controller_dag']) retrieved from /home/renan/datapipeline/.env/lib/python3.8/site-packages/airflow/example_dags/example_trigger_controller_dag.py
[2022-08-09 00:26:12,034] {logging_mixin.py:115} INFO - [2022-08-09 00:26:12,034] {dag.py:2420} INFO - Sync 1 DAGs
[2022-08-09 00:26:12,047] {logging_mixin.py:115} INFO - [2022-08-09 00:26:12,047] {dag.py:2968} INFO - Setting next_dagrun for example_trigger_controller_dag to 2021-01-01T00:00:00+00:00, run_after=2021-01-01T00:00:00+00:00
[2022-08-09 00:26:12,057] {processor.py:161} INFO - Processing /home/renan/datapipeline/.env/lib/python3.8/site-packages/airflow/example_dags/example_trigger_controller_dag.py took 0.040 seconds
[2022-08-09 00:26:44,573] {processor.py:153} INFO - Started process (PID=12614) to work on /home/renan/datapipeline/.env/lib/python3.8/site-packages/airflow/example_dags/example_trigger_controller_dag.py
[2022-08-09 00:26:44,573] {processor.py:641} INFO - Processing file /home/renan/datapipeline/.env/lib/python3.8/site-packages/airflow/example_dags/example_trigger_controller_dag.py for tasks to queue
[2022-08-09 00:26:44,574] {logging_mixin.py:115} INFO - [2022-08-09 00:26:44,574] {dagbag.py:508} INFO - Filling up the DagBag from /home/renan/datapipeline/.env/lib/python3.8/site-packages/airflow/example_dags/example_trigger_controller_dag.py
[2022-08-09 00:26:44,576] {processor.py:651} INFO - DAG(s) dict_keys(['example_trigger_controller_dag']) retrieved from /home/renan/datapipeline/.env/lib/python3.8/site-packages/airflow/example_dags/example_trigger_controller_dag.py
[2022-08-09 00:26:44,585] {logging_mixin.py:115} INFO - [2022-08-09 00:26:44,585] {dag.py:2420} INFO - Sync 1 DAGs
[2022-08-09 00:26:44,596] {logging_mixin.py:115} INFO - [2022-08-09 00:26:44,596] {dag.py:2968} INFO - Setting next_dagrun for example_trigger_controller_dag to 2021-01-01T00:00:00+00:00, run_after=2021-01-01T00:00:00+00:00
[2022-08-09 00:26:44,608] {processor.py:161} INFO - Processing /home/renan/datapipeline/.env/lib/python3.8/site-packages/airflow/example_dags/example_trigger_controller_dag.py took 0.036 seconds
[2022-08-09 00:27:17,216] {processor.py:153} INFO - Started process (PID=12652) to work on /home/renan/datapipeline/.env/lib/python3.8/site-packages/airflow/example_dags/example_trigger_controller_dag.py
[2022-08-09 00:27:17,216] {processor.py:641} INFO - Processing file /home/renan/datapipeline/.env/lib/python3.8/site-packages/airflow/example_dags/example_trigger_controller_dag.py for tasks to queue
[2022-08-09 00:27:17,217] {logging_mixin.py:115} INFO - [2022-08-09 00:27:17,217] {dagbag.py:508} INFO - Filling up the DagBag from /home/renan/datapipeline/.env/lib/python3.8/site-packages/airflow/example_dags/example_trigger_controller_dag.py
[2022-08-09 00:27:17,218] {processor.py:651} INFO - DAG(s) dict_keys(['example_trigger_controller_dag']) retrieved from /home/renan/datapipeline/.env/lib/python3.8/site-packages/airflow/example_dags/example_trigger_controller_dag.py
[2022-08-09 00:27:17,228] {logging_mixin.py:115} INFO - [2022-08-09 00:27:17,228] {dag.py:2420} INFO - Sync 1 DAGs
[2022-08-09 00:27:17,238] {logging_mixin.py:115} INFO - [2022-08-09 00:27:17,238] {dag.py:2968} INFO - Setting next_dagrun for example_trigger_controller_dag to 2021-01-01T00:00:00+00:00, run_after=2021-01-01T00:00:00+00:00
[2022-08-09 00:27:17,246] {processor.py:161} INFO - Processing /home/renan/datapipeline/.env/lib/python3.8/site-packages/airflow/example_dags/example_trigger_controller_dag.py took 0.032 seconds
[2022-08-09 00:27:49,857] {processor.py:153} INFO - Started process (PID=12718) to work on /home/renan/datapipeline/.env/lib/python3.8/site-packages/airflow/example_dags/example_trigger_controller_dag.py
[2022-08-09 00:27:49,858] {processor.py:641} INFO - Processing file /home/renan/datapipeline/.env/lib/python3.8/site-packages/airflow/example_dags/example_trigger_controller_dag.py for tasks to queue
[2022-08-09 00:27:49,858] {logging_mixin.py:115} INFO - [2022-08-09 00:27:49,858] {dagbag.py:508} INFO - Filling up the DagBag from /home/renan/datapipeline/.env/lib/python3.8/site-packages/airflow/example_dags/example_trigger_controller_dag.py
[2022-08-09 00:27:49,860] {processor.py:651} INFO - DAG(s) dict_keys(['example_trigger_controller_dag']) retrieved from /home/renan/datapipeline/.env/lib/python3.8/site-packages/airflow/example_dags/example_trigger_controller_dag.py
[2022-08-09 00:27:49,870] {logging_mixin.py:115} INFO - [2022-08-09 00:27:49,870] {dag.py:2420} INFO - Sync 1 DAGs
[2022-08-09 00:27:49,881] {logging_mixin.py:115} INFO - [2022-08-09 00:27:49,881] {dag.py:2968} INFO - Setting next_dagrun for example_trigger_controller_dag to 2021-01-01T00:00:00+00:00, run_after=2021-01-01T00:00:00+00:00
[2022-08-09 00:27:49,890] {processor.py:161} INFO - Processing /home/renan/datapipeline/.env/lib/python3.8/site-packages/airflow/example_dags/example_trigger_controller_dag.py took 0.034 seconds
[2022-08-09 00:28:21,902] {processor.py:153} INFO - Started process (PID=12924) to work on /home/renan/datapipeline/.env/lib/python3.8/site-packages/airflow/example_dags/example_trigger_controller_dag.py
[2022-08-09 00:28:21,902] {processor.py:641} INFO - Processing file /home/renan/datapipeline/.env/lib/python3.8/site-packages/airflow/example_dags/example_trigger_controller_dag.py for tasks to queue
[2022-08-09 00:28:21,902] {logging_mixin.py:115} INFO - [2022-08-09 00:28:21,902] {dagbag.py:508} INFO - Filling up the DagBag from /home/renan/datapipeline/.env/lib/python3.8/site-packages/airflow/example_dags/example_trigger_controller_dag.py
[2022-08-09 00:28:21,904] {processor.py:651} INFO - DAG(s) dict_keys(['example_trigger_controller_dag']) retrieved from /home/renan/datapipeline/.env/lib/python3.8/site-packages/airflow/example_dags/example_trigger_controller_dag.py
[2022-08-09 00:28:21,916] {logging_mixin.py:115} INFO - [2022-08-09 00:28:21,916] {dag.py:2420} INFO - Sync 1 DAGs
[2022-08-09 00:28:21,927] {logging_mixin.py:115} INFO - [2022-08-09 00:28:21,926] {dag.py:2968} INFO - Setting next_dagrun for example_trigger_controller_dag to 2021-01-01T00:00:00+00:00, run_after=2021-01-01T00:00:00+00:00
[2022-08-09 00:28:21,937] {processor.py:161} INFO - Processing /home/renan/datapipeline/.env/lib/python3.8/site-packages/airflow/example_dags/example_trigger_controller_dag.py took 0.037 seconds
[2022-08-09 00:28:55,144] {processor.py:153} INFO - Started process (PID=12965) to work on /home/renan/datapipeline/.env/lib/python3.8/site-packages/airflow/example_dags/example_trigger_controller_dag.py
[2022-08-09 00:28:55,144] {processor.py:641} INFO - Processing file /home/renan/datapipeline/.env/lib/python3.8/site-packages/airflow/example_dags/example_trigger_controller_dag.py for tasks to queue
[2022-08-09 00:28:55,145] {logging_mixin.py:115} INFO - [2022-08-09 00:28:55,145] {dagbag.py:508} INFO - Filling up the DagBag from /home/renan/datapipeline/.env/lib/python3.8/site-packages/airflow/example_dags/example_trigger_controller_dag.py
[2022-08-09 00:28:55,147] {processor.py:651} INFO - DAG(s) dict_keys(['example_trigger_controller_dag']) retrieved from /home/renan/datapipeline/.env/lib/python3.8/site-packages/airflow/example_dags/example_trigger_controller_dag.py
[2022-08-09 00:28:55,156] {logging_mixin.py:115} INFO - [2022-08-09 00:28:55,156] {dag.py:2420} INFO - Sync 1 DAGs
[2022-08-09 00:28:55,165] {logging_mixin.py:115} INFO - [2022-08-09 00:28:55,165] {dag.py:2968} INFO - Setting next_dagrun for example_trigger_controller_dag to 2021-01-01T00:00:00+00:00, run_after=2021-01-01T00:00:00+00:00
[2022-08-09 00:28:55,174] {processor.py:161} INFO - Processing /home/renan/datapipeline/.env/lib/python3.8/site-packages/airflow/example_dags/example_trigger_controller_dag.py took 0.033 seconds
[2022-08-09 00:29:28,064] {processor.py:153} INFO - Started process (PID=13006) to work on /home/renan/datapipeline/.env/lib/python3.8/site-packages/airflow/example_dags/example_trigger_controller_dag.py
[2022-08-09 00:29:28,064] {processor.py:641} INFO - Processing file /home/renan/datapipeline/.env/lib/python3.8/site-packages/airflow/example_dags/example_trigger_controller_dag.py for tasks to queue
[2022-08-09 00:29:28,064] {logging_mixin.py:115} INFO - [2022-08-09 00:29:28,064] {dagbag.py:508} INFO - Filling up the DagBag from /home/renan/datapipeline/.env/lib/python3.8/site-packages/airflow/example_dags/example_trigger_controller_dag.py
[2022-08-09 00:29:28,066] {processor.py:651} INFO - DAG(s) dict_keys(['example_trigger_controller_dag']) retrieved from /home/renan/datapipeline/.env/lib/python3.8/site-packages/airflow/example_dags/example_trigger_controller_dag.py
[2022-08-09 00:29:28,077] {logging_mixin.py:115} INFO - [2022-08-09 00:29:28,077] {dag.py:2420} INFO - Sync 1 DAGs
[2022-08-09 00:29:28,086] {logging_mixin.py:115} INFO - [2022-08-09 00:29:28,086] {dag.py:2968} INFO - Setting next_dagrun for example_trigger_controller_dag to 2021-01-01T00:00:00+00:00, run_after=2021-01-01T00:00:00+00:00
[2022-08-09 00:29:28,095] {processor.py:161} INFO - Processing /home/renan/datapipeline/.env/lib/python3.8/site-packages/airflow/example_dags/example_trigger_controller_dag.py took 0.033 seconds
[2022-08-09 00:29:58,855] {processor.py:153} INFO - Started process (PID=13041) to work on /home/renan/datapipeline/.env/lib/python3.8/site-packages/airflow/example_dags/example_trigger_controller_dag.py
[2022-08-09 00:29:58,856] {processor.py:641} INFO - Processing file /home/renan/datapipeline/.env/lib/python3.8/site-packages/airflow/example_dags/example_trigger_controller_dag.py for tasks to queue
[2022-08-09 00:29:58,856] {logging_mixin.py:115} INFO - [2022-08-09 00:29:58,856] {dagbag.py:508} INFO - Filling up the DagBag from /home/renan/datapipeline/.env/lib/python3.8/site-packages/airflow/example_dags/example_trigger_controller_dag.py
[2022-08-09 00:29:58,858] {processor.py:651} INFO - DAG(s) dict_keys(['example_trigger_controller_dag']) retrieved from /home/renan/datapipeline/.env/lib/python3.8/site-packages/airflow/example_dags/example_trigger_controller_dag.py
[2022-08-09 00:29:58,868] {logging_mixin.py:115} INFO - [2022-08-09 00:29:58,867] {dag.py:2420} INFO - Sync 1 DAGs
[2022-08-09 00:29:58,877] {logging_mixin.py:115} INFO - [2022-08-09 00:29:58,877] {dag.py:2968} INFO - Setting next_dagrun for example_trigger_controller_dag to 2021-01-01T00:00:00+00:00, run_after=2021-01-01T00:00:00+00:00
[2022-08-09 00:29:58,885] {processor.py:161} INFO - Processing /home/renan/datapipeline/.env/lib/python3.8/site-packages/airflow/example_dags/example_trigger_controller_dag.py took 0.032 seconds
[2022-08-09 00:30:29,527] {processor.py:153} INFO - Started process (PID=13078) to work on /home/renan/datapipeline/.env/lib/python3.8/site-packages/airflow/example_dags/example_trigger_controller_dag.py
[2022-08-09 00:30:29,528] {processor.py:641} INFO - Processing file /home/renan/datapipeline/.env/lib/python3.8/site-packages/airflow/example_dags/example_trigger_controller_dag.py for tasks to queue
[2022-08-09 00:30:29,528] {logging_mixin.py:115} INFO - [2022-08-09 00:30:29,528] {dagbag.py:508} INFO - Filling up the DagBag from /home/renan/datapipeline/.env/lib/python3.8/site-packages/airflow/example_dags/example_trigger_controller_dag.py
[2022-08-09 00:30:29,530] {processor.py:651} INFO - DAG(s) dict_keys(['example_trigger_controller_dag']) retrieved from /home/renan/datapipeline/.env/lib/python3.8/site-packages/airflow/example_dags/example_trigger_controller_dag.py
[2022-08-09 00:30:29,539] {logging_mixin.py:115} INFO - [2022-08-09 00:30:29,539] {dag.py:2420} INFO - Sync 1 DAGs
[2022-08-09 00:30:29,549] {logging_mixin.py:115} INFO - [2022-08-09 00:30:29,549] {dag.py:2968} INFO - Setting next_dagrun for example_trigger_controller_dag to 2021-01-01T00:00:00+00:00, run_after=2021-01-01T00:00:00+00:00
[2022-08-09 00:30:29,557] {processor.py:161} INFO - Processing /home/renan/datapipeline/.env/lib/python3.8/site-packages/airflow/example_dags/example_trigger_controller_dag.py took 0.032 seconds
[2022-08-09 00:31:01,042] {processor.py:153} INFO - Started process (PID=13111) to work on /home/renan/datapipeline/.env/lib/python3.8/site-packages/airflow/example_dags/example_trigger_controller_dag.py
[2022-08-09 00:31:01,043] {processor.py:641} INFO - Processing file /home/renan/datapipeline/.env/lib/python3.8/site-packages/airflow/example_dags/example_trigger_controller_dag.py for tasks to queue
[2022-08-09 00:31:01,043] {logging_mixin.py:115} INFO - [2022-08-09 00:31:01,043] {dagbag.py:508} INFO - Filling up the DagBag from /home/renan/datapipeline/.env/lib/python3.8/site-packages/airflow/example_dags/example_trigger_controller_dag.py
[2022-08-09 00:31:01,045] {processor.py:651} INFO - DAG(s) dict_keys(['example_trigger_controller_dag']) retrieved from /home/renan/datapipeline/.env/lib/python3.8/site-packages/airflow/example_dags/example_trigger_controller_dag.py
[2022-08-09 00:31:01,054] {logging_mixin.py:115} INFO - [2022-08-09 00:31:01,054] {dag.py:2420} INFO - Sync 1 DAGs
[2022-08-09 00:31:01,064] {logging_mixin.py:115} INFO - [2022-08-09 00:31:01,064] {dag.py:2968} INFO - Setting next_dagrun for example_trigger_controller_dag to 2021-01-01T00:00:00+00:00, run_after=2021-01-01T00:00:00+00:00
[2022-08-09 00:31:01,073] {processor.py:161} INFO - Processing /home/renan/datapipeline/.env/lib/python3.8/site-packages/airflow/example_dags/example_trigger_controller_dag.py took 0.032 seconds
[2022-08-09 00:31:34,070] {processor.py:153} INFO - Started process (PID=13151) to work on /home/renan/datapipeline/.env/lib/python3.8/site-packages/airflow/example_dags/example_trigger_controller_dag.py
[2022-08-09 00:31:34,070] {processor.py:641} INFO - Processing file /home/renan/datapipeline/.env/lib/python3.8/site-packages/airflow/example_dags/example_trigger_controller_dag.py for tasks to queue
[2022-08-09 00:31:34,070] {logging_mixin.py:115} INFO - [2022-08-09 00:31:34,070] {dagbag.py:508} INFO - Filling up the DagBag from /home/renan/datapipeline/.env/lib/python3.8/site-packages/airflow/example_dags/example_trigger_controller_dag.py
[2022-08-09 00:31:34,072] {processor.py:651} INFO - DAG(s) dict_keys(['example_trigger_controller_dag']) retrieved from /home/renan/datapipeline/.env/lib/python3.8/site-packages/airflow/example_dags/example_trigger_controller_dag.py
[2022-08-09 00:31:34,082] {logging_mixin.py:115} INFO - [2022-08-09 00:31:34,082] {dag.py:2420} INFO - Sync 1 DAGs
[2022-08-09 00:31:34,091] {logging_mixin.py:115} INFO - [2022-08-09 00:31:34,091] {dag.py:2968} INFO - Setting next_dagrun for example_trigger_controller_dag to 2021-01-01T00:00:00+00:00, run_after=2021-01-01T00:00:00+00:00
[2022-08-09 00:31:34,100] {processor.py:161} INFO - Processing /home/renan/datapipeline/.env/lib/python3.8/site-packages/airflow/example_dags/example_trigger_controller_dag.py took 0.032 seconds
[2022-08-09 00:32:07,482] {processor.py:153} INFO - Started process (PID=13272) to work on /home/renan/datapipeline/.env/lib/python3.8/site-packages/airflow/example_dags/example_trigger_controller_dag.py
[2022-08-09 00:32:07,482] {processor.py:641} INFO - Processing file /home/renan/datapipeline/.env/lib/python3.8/site-packages/airflow/example_dags/example_trigger_controller_dag.py for tasks to queue
[2022-08-09 00:32:07,483] {logging_mixin.py:115} INFO - [2022-08-09 00:32:07,483] {dagbag.py:508} INFO - Filling up the DagBag from /home/renan/datapipeline/.env/lib/python3.8/site-packages/airflow/example_dags/example_trigger_controller_dag.py
[2022-08-09 00:32:07,485] {processor.py:651} INFO - DAG(s) dict_keys(['example_trigger_controller_dag']) retrieved from /home/renan/datapipeline/.env/lib/python3.8/site-packages/airflow/example_dags/example_trigger_controller_dag.py
[2022-08-09 00:32:07,495] {logging_mixin.py:115} INFO - [2022-08-09 00:32:07,495] {dag.py:2420} INFO - Sync 1 DAGs
[2022-08-09 00:32:07,505] {logging_mixin.py:115} INFO - [2022-08-09 00:32:07,505] {dag.py:2968} INFO - Setting next_dagrun for example_trigger_controller_dag to 2021-01-01T00:00:00+00:00, run_after=2021-01-01T00:00:00+00:00
[2022-08-09 00:32:07,514] {processor.py:161} INFO - Processing /home/renan/datapipeline/.env/lib/python3.8/site-packages/airflow/example_dags/example_trigger_controller_dag.py took 0.034 seconds
[2022-08-09 00:32:41,195] {processor.py:153} INFO - Started process (PID=13310) to work on /home/renan/datapipeline/.env/lib/python3.8/site-packages/airflow/example_dags/example_trigger_controller_dag.py
[2022-08-09 00:32:41,195] {processor.py:641} INFO - Processing file /home/renan/datapipeline/.env/lib/python3.8/site-packages/airflow/example_dags/example_trigger_controller_dag.py for tasks to queue
[2022-08-09 00:32:41,196] {logging_mixin.py:115} INFO - [2022-08-09 00:32:41,196] {dagbag.py:508} INFO - Filling up the DagBag from /home/renan/datapipeline/.env/lib/python3.8/site-packages/airflow/example_dags/example_trigger_controller_dag.py
[2022-08-09 00:32:41,197] {processor.py:651} INFO - DAG(s) dict_keys(['example_trigger_controller_dag']) retrieved from /home/renan/datapipeline/.env/lib/python3.8/site-packages/airflow/example_dags/example_trigger_controller_dag.py
[2022-08-09 00:32:41,207] {logging_mixin.py:115} INFO - [2022-08-09 00:32:41,207] {dag.py:2420} INFO - Sync 1 DAGs
[2022-08-09 00:32:41,217] {logging_mixin.py:115} INFO - [2022-08-09 00:32:41,217] {dag.py:2968} INFO - Setting next_dagrun for example_trigger_controller_dag to 2021-01-01T00:00:00+00:00, run_after=2021-01-01T00:00:00+00:00
[2022-08-09 00:32:41,226] {processor.py:161} INFO - Processing /home/renan/datapipeline/.env/lib/python3.8/site-packages/airflow/example_dags/example_trigger_controller_dag.py took 0.033 seconds
