[2022-08-08 23:55:14,835] {processor.py:153} INFO - Started process (PID=9854) to work on /home/renan/datapipeline/.env/lib/python3.8/site-packages/airflow/example_dags/example_complex.py
[2022-08-08 23:55:14,835] {processor.py:641} INFO - Processing file /home/renan/datapipeline/.env/lib/python3.8/site-packages/airflow/example_dags/example_complex.py for tasks to queue
[2022-08-08 23:55:14,835] {logging_mixin.py:115} INFO - [2022-08-08 23:55:14,835] {dagbag.py:508} INFO - Filling up the DagBag from /home/renan/datapipeline/.env/lib/python3.8/site-packages/airflow/example_dags/example_complex.py
[2022-08-08 23:55:14,844] {processor.py:651} INFO - DAG(s) dict_keys(['example_complex']) retrieved from /home/renan/datapipeline/.env/lib/python3.8/site-packages/airflow/example_dags/example_complex.py
[2022-08-08 23:55:14,860] {logging_mixin.py:115} INFO - [2022-08-08 23:55:14,860] {dag.py:2420} INFO - Sync 1 DAGs
[2022-08-08 23:55:14,870] {logging_mixin.py:115} INFO - [2022-08-08 23:55:14,870] {dag.py:2968} INFO - Setting next_dagrun for example_complex to None, run_after=None
[2022-08-08 23:55:14,881] {processor.py:161} INFO - Processing /home/renan/datapipeline/.env/lib/python3.8/site-packages/airflow/example_dags/example_complex.py took 0.048 seconds
[2022-08-08 23:55:46,733] {processor.py:153} INFO - Started process (PID=9952) to work on /home/renan/datapipeline/.env/lib/python3.8/site-packages/airflow/example_dags/example_complex.py
[2022-08-08 23:55:46,734] {processor.py:641} INFO - Processing file /home/renan/datapipeline/.env/lib/python3.8/site-packages/airflow/example_dags/example_complex.py for tasks to queue
[2022-08-08 23:55:46,734] {logging_mixin.py:115} INFO - [2022-08-08 23:55:46,734] {dagbag.py:508} INFO - Filling up the DagBag from /home/renan/datapipeline/.env/lib/python3.8/site-packages/airflow/example_dags/example_complex.py
[2022-08-08 23:55:46,741] {processor.py:651} INFO - DAG(s) dict_keys(['example_complex']) retrieved from /home/renan/datapipeline/.env/lib/python3.8/site-packages/airflow/example_dags/example_complex.py
[2022-08-08 23:55:46,754] {logging_mixin.py:115} INFO - [2022-08-08 23:55:46,754] {dag.py:2420} INFO - Sync 1 DAGs
[2022-08-08 23:55:46,763] {logging_mixin.py:115} INFO - [2022-08-08 23:55:46,763] {dag.py:2968} INFO - Setting next_dagrun for example_complex to None, run_after=None
[2022-08-08 23:55:46,772] {processor.py:161} INFO - Processing /home/renan/datapipeline/.env/lib/python3.8/site-packages/airflow/example_dags/example_complex.py took 0.041 seconds
[2022-08-08 23:56:21,498] {processor.py:153} INFO - Started process (PID=10042) to work on /home/renan/datapipeline/.env/lib/python3.8/site-packages/airflow/example_dags/example_complex.py
[2022-08-08 23:56:21,499] {processor.py:641} INFO - Processing file /home/renan/datapipeline/.env/lib/python3.8/site-packages/airflow/example_dags/example_complex.py for tasks to queue
[2022-08-08 23:56:21,499] {logging_mixin.py:115} INFO - [2022-08-08 23:56:21,499] {dagbag.py:508} INFO - Filling up the DagBag from /home/renan/datapipeline/.env/lib/python3.8/site-packages/airflow/example_dags/example_complex.py
[2022-08-08 23:56:21,506] {processor.py:651} INFO - DAG(s) dict_keys(['example_complex']) retrieved from /home/renan/datapipeline/.env/lib/python3.8/site-packages/airflow/example_dags/example_complex.py
[2022-08-08 23:56:21,519] {logging_mixin.py:115} INFO - [2022-08-08 23:56:21,519] {dag.py:2420} INFO - Sync 1 DAGs
[2022-08-08 23:56:21,529] {logging_mixin.py:115} INFO - [2022-08-08 23:56:21,529] {dag.py:2968} INFO - Setting next_dagrun for example_complex to None, run_after=None
[2022-08-08 23:56:21,538] {processor.py:161} INFO - Processing /home/renan/datapipeline/.env/lib/python3.8/site-packages/airflow/example_dags/example_complex.py took 0.042 seconds
[2022-08-08 23:56:54,975] {processor.py:153} INFO - Started process (PID=10079) to work on /home/renan/datapipeline/.env/lib/python3.8/site-packages/airflow/example_dags/example_complex.py
[2022-08-08 23:56:54,976] {processor.py:641} INFO - Processing file /home/renan/datapipeline/.env/lib/python3.8/site-packages/airflow/example_dags/example_complex.py for tasks to queue
[2022-08-08 23:56:54,976] {logging_mixin.py:115} INFO - [2022-08-08 23:56:54,976] {dagbag.py:508} INFO - Filling up the DagBag from /home/renan/datapipeline/.env/lib/python3.8/site-packages/airflow/example_dags/example_complex.py
[2022-08-08 23:56:54,986] {processor.py:651} INFO - DAG(s) dict_keys(['example_complex']) retrieved from /home/renan/datapipeline/.env/lib/python3.8/site-packages/airflow/example_dags/example_complex.py
[2022-08-08 23:56:55,000] {logging_mixin.py:115} INFO - [2022-08-08 23:56:55,000] {dag.py:2420} INFO - Sync 1 DAGs
[2022-08-08 23:56:55,012] {logging_mixin.py:115} INFO - [2022-08-08 23:56:55,012] {dag.py:2968} INFO - Setting next_dagrun for example_complex to None, run_after=None
[2022-08-08 23:56:55,027] {processor.py:161} INFO - Processing /home/renan/datapipeline/.env/lib/python3.8/site-packages/airflow/example_dags/example_complex.py took 0.054 seconds
[2022-08-08 23:59:29,032] {processor.py:153} INFO - Started process (PID=10259) to work on /home/renan/datapipeline/.env/lib/python3.8/site-packages/airflow/example_dags/example_complex.py
[2022-08-08 23:59:29,033] {processor.py:641} INFO - Processing file /home/renan/datapipeline/.env/lib/python3.8/site-packages/airflow/example_dags/example_complex.py for tasks to queue
[2022-08-08 23:59:29,033] {logging_mixin.py:115} INFO - [2022-08-08 23:59:29,033] {dagbag.py:508} INFO - Filling up the DagBag from /home/renan/datapipeline/.env/lib/python3.8/site-packages/airflow/example_dags/example_complex.py
[2022-08-08 23:59:29,040] {processor.py:651} INFO - DAG(s) dict_keys(['example_complex']) retrieved from /home/renan/datapipeline/.env/lib/python3.8/site-packages/airflow/example_dags/example_complex.py
[2022-08-08 23:59:29,054] {logging_mixin.py:115} INFO - [2022-08-08 23:59:29,054] {dag.py:2420} INFO - Sync 1 DAGs
[2022-08-08 23:59:29,064] {logging_mixin.py:115} INFO - [2022-08-08 23:59:29,064] {dag.py:2968} INFO - Setting next_dagrun for example_complex to None, run_after=None
[2022-08-08 23:59:29,074] {processor.py:161} INFO - Processing /home/renan/datapipeline/.env/lib/python3.8/site-packages/airflow/example_dags/example_complex.py took 0.043 seconds
[2022-08-09 00:00:03,849] {processor.py:153} INFO - Started process (PID=10322) to work on /home/renan/datapipeline/.env/lib/python3.8/site-packages/airflow/example_dags/example_complex.py
[2022-08-09 00:00:03,850] {processor.py:641} INFO - Processing file /home/renan/datapipeline/.env/lib/python3.8/site-packages/airflow/example_dags/example_complex.py for tasks to queue
[2022-08-09 00:00:03,850] {logging_mixin.py:115} INFO - [2022-08-09 00:00:03,850] {dagbag.py:508} INFO - Filling up the DagBag from /home/renan/datapipeline/.env/lib/python3.8/site-packages/airflow/example_dags/example_complex.py
[2022-08-09 00:00:03,858] {processor.py:651} INFO - DAG(s) dict_keys(['example_complex']) retrieved from /home/renan/datapipeline/.env/lib/python3.8/site-packages/airflow/example_dags/example_complex.py
[2022-08-09 00:00:03,877] {logging_mixin.py:115} INFO - [2022-08-09 00:00:03,877] {dag.py:2420} INFO - Sync 1 DAGs
[2022-08-09 00:00:03,888] {logging_mixin.py:115} INFO - [2022-08-09 00:00:03,888] {dag.py:2968} INFO - Setting next_dagrun for example_complex to None, run_after=None
[2022-08-09 00:00:03,899] {processor.py:161} INFO - Processing /home/renan/datapipeline/.env/lib/python3.8/site-packages/airflow/example_dags/example_complex.py took 0.051 seconds
[2022-08-09 00:00:38,001] {processor.py:153} INFO - Started process (PID=10397) to work on /home/renan/datapipeline/.env/lib/python3.8/site-packages/airflow/example_dags/example_complex.py
[2022-08-09 00:00:38,001] {processor.py:641} INFO - Processing file /home/renan/datapipeline/.env/lib/python3.8/site-packages/airflow/example_dags/example_complex.py for tasks to queue
[2022-08-09 00:00:38,001] {logging_mixin.py:115} INFO - [2022-08-09 00:00:38,001] {dagbag.py:508} INFO - Filling up the DagBag from /home/renan/datapipeline/.env/lib/python3.8/site-packages/airflow/example_dags/example_complex.py
[2022-08-09 00:00:38,008] {processor.py:651} INFO - DAG(s) dict_keys(['example_complex']) retrieved from /home/renan/datapipeline/.env/lib/python3.8/site-packages/airflow/example_dags/example_complex.py
[2022-08-09 00:00:38,022] {logging_mixin.py:115} INFO - [2022-08-09 00:00:38,022] {dag.py:2420} INFO - Sync 1 DAGs
[2022-08-09 00:00:38,031] {logging_mixin.py:115} INFO - [2022-08-09 00:00:38,031] {dag.py:2968} INFO - Setting next_dagrun for example_complex to None, run_after=None
[2022-08-09 00:00:38,042] {processor.py:161} INFO - Processing /home/renan/datapipeline/.env/lib/python3.8/site-packages/airflow/example_dags/example_complex.py took 0.044 seconds
[2022-08-09 00:01:09,979] {processor.py:153} INFO - Started process (PID=10444) to work on /home/renan/datapipeline/.env/lib/python3.8/site-packages/airflow/example_dags/example_complex.py
[2022-08-09 00:01:09,979] {processor.py:641} INFO - Processing file /home/renan/datapipeline/.env/lib/python3.8/site-packages/airflow/example_dags/example_complex.py for tasks to queue
[2022-08-09 00:01:09,980] {logging_mixin.py:115} INFO - [2022-08-09 00:01:09,979] {dagbag.py:508} INFO - Filling up the DagBag from /home/renan/datapipeline/.env/lib/python3.8/site-packages/airflow/example_dags/example_complex.py
[2022-08-09 00:01:09,987] {processor.py:651} INFO - DAG(s) dict_keys(['example_complex']) retrieved from /home/renan/datapipeline/.env/lib/python3.8/site-packages/airflow/example_dags/example_complex.py
[2022-08-09 00:01:10,004] {logging_mixin.py:115} INFO - [2022-08-09 00:01:10,004] {dag.py:2420} INFO - Sync 1 DAGs
[2022-08-09 00:01:10,014] {logging_mixin.py:115} INFO - [2022-08-09 00:01:10,014] {dag.py:2968} INFO - Setting next_dagrun for example_complex to None, run_after=None
[2022-08-09 00:01:10,024] {processor.py:161} INFO - Processing /home/renan/datapipeline/.env/lib/python3.8/site-packages/airflow/example_dags/example_complex.py took 0.047 seconds
[2022-08-09 00:01:43,622] {processor.py:153} INFO - Started process (PID=10481) to work on /home/renan/datapipeline/.env/lib/python3.8/site-packages/airflow/example_dags/example_complex.py
[2022-08-09 00:01:43,623] {processor.py:641} INFO - Processing file /home/renan/datapipeline/.env/lib/python3.8/site-packages/airflow/example_dags/example_complex.py for tasks to queue
[2022-08-09 00:01:43,623] {logging_mixin.py:115} INFO - [2022-08-09 00:01:43,623] {dagbag.py:508} INFO - Filling up the DagBag from /home/renan/datapipeline/.env/lib/python3.8/site-packages/airflow/example_dags/example_complex.py
[2022-08-09 00:01:43,631] {processor.py:651} INFO - DAG(s) dict_keys(['example_complex']) retrieved from /home/renan/datapipeline/.env/lib/python3.8/site-packages/airflow/example_dags/example_complex.py
[2022-08-09 00:01:43,649] {logging_mixin.py:115} INFO - [2022-08-09 00:01:43,648] {dag.py:2420} INFO - Sync 1 DAGs
[2022-08-09 00:01:43,659] {logging_mixin.py:115} INFO - [2022-08-09 00:01:43,659] {dag.py:2968} INFO - Setting next_dagrun for example_complex to None, run_after=None
[2022-08-09 00:01:43,670] {processor.py:161} INFO - Processing /home/renan/datapipeline/.env/lib/python3.8/site-packages/airflow/example_dags/example_complex.py took 0.050 seconds
[2022-08-09 00:02:17,300] {processor.py:153} INFO - Started process (PID=10517) to work on /home/renan/datapipeline/.env/lib/python3.8/site-packages/airflow/example_dags/example_complex.py
[2022-08-09 00:02:17,301] {processor.py:641} INFO - Processing file /home/renan/datapipeline/.env/lib/python3.8/site-packages/airflow/example_dags/example_complex.py for tasks to queue
[2022-08-09 00:02:17,301] {logging_mixin.py:115} INFO - [2022-08-09 00:02:17,301] {dagbag.py:508} INFO - Filling up the DagBag from /home/renan/datapipeline/.env/lib/python3.8/site-packages/airflow/example_dags/example_complex.py
[2022-08-09 00:02:17,308] {processor.py:651} INFO - DAG(s) dict_keys(['example_complex']) retrieved from /home/renan/datapipeline/.env/lib/python3.8/site-packages/airflow/example_dags/example_complex.py
[2022-08-09 00:02:17,322] {logging_mixin.py:115} INFO - [2022-08-09 00:02:17,322] {dag.py:2420} INFO - Sync 1 DAGs
[2022-08-09 00:02:17,332] {logging_mixin.py:115} INFO - [2022-08-09 00:02:17,332] {dag.py:2968} INFO - Setting next_dagrun for example_complex to None, run_after=None
[2022-08-09 00:02:17,341] {processor.py:161} INFO - Processing /home/renan/datapipeline/.env/lib/python3.8/site-packages/airflow/example_dags/example_complex.py took 0.042 seconds
[2022-08-09 00:02:50,093] {processor.py:153} INFO - Started process (PID=10560) to work on /home/renan/datapipeline/.env/lib/python3.8/site-packages/airflow/example_dags/example_complex.py
[2022-08-09 00:02:50,094] {processor.py:641} INFO - Processing file /home/renan/datapipeline/.env/lib/python3.8/site-packages/airflow/example_dags/example_complex.py for tasks to queue
[2022-08-09 00:02:50,094] {logging_mixin.py:115} INFO - [2022-08-09 00:02:50,094] {dagbag.py:508} INFO - Filling up the DagBag from /home/renan/datapipeline/.env/lib/python3.8/site-packages/airflow/example_dags/example_complex.py
[2022-08-09 00:02:50,102] {processor.py:651} INFO - DAG(s) dict_keys(['example_complex']) retrieved from /home/renan/datapipeline/.env/lib/python3.8/site-packages/airflow/example_dags/example_complex.py
[2022-08-09 00:02:50,117] {logging_mixin.py:115} INFO - [2022-08-09 00:02:50,117] {dag.py:2420} INFO - Sync 1 DAGs
[2022-08-09 00:02:50,130] {logging_mixin.py:115} INFO - [2022-08-09 00:02:50,130] {dag.py:2968} INFO - Setting next_dagrun for example_complex to None, run_after=None
[2022-08-09 00:02:50,142] {processor.py:161} INFO - Processing /home/renan/datapipeline/.env/lib/python3.8/site-packages/airflow/example_dags/example_complex.py took 0.051 seconds
[2022-08-09 00:03:25,670] {processor.py:153} INFO - Started process (PID=10609) to work on /home/renan/datapipeline/.env/lib/python3.8/site-packages/airflow/example_dags/example_complex.py
[2022-08-09 00:03:25,670] {processor.py:641} INFO - Processing file /home/renan/datapipeline/.env/lib/python3.8/site-packages/airflow/example_dags/example_complex.py for tasks to queue
[2022-08-09 00:03:25,671] {logging_mixin.py:115} INFO - [2022-08-09 00:03:25,671] {dagbag.py:508} INFO - Filling up the DagBag from /home/renan/datapipeline/.env/lib/python3.8/site-packages/airflow/example_dags/example_complex.py
[2022-08-09 00:03:25,679] {processor.py:651} INFO - DAG(s) dict_keys(['example_complex']) retrieved from /home/renan/datapipeline/.env/lib/python3.8/site-packages/airflow/example_dags/example_complex.py
[2022-08-09 00:03:25,696] {logging_mixin.py:115} INFO - [2022-08-09 00:03:25,696] {dag.py:2420} INFO - Sync 1 DAGs
[2022-08-09 00:03:25,709] {logging_mixin.py:115} INFO - [2022-08-09 00:03:25,708] {dag.py:2968} INFO - Setting next_dagrun for example_complex to None, run_after=None
[2022-08-09 00:03:25,721] {processor.py:161} INFO - Processing /home/renan/datapipeline/.env/lib/python3.8/site-packages/airflow/example_dags/example_complex.py took 0.053 seconds
[2022-08-09 00:03:59,852] {processor.py:153} INFO - Started process (PID=10654) to work on /home/renan/datapipeline/.env/lib/python3.8/site-packages/airflow/example_dags/example_complex.py
[2022-08-09 00:03:59,853] {processor.py:641} INFO - Processing file /home/renan/datapipeline/.env/lib/python3.8/site-packages/airflow/example_dags/example_complex.py for tasks to queue
[2022-08-09 00:03:59,853] {logging_mixin.py:115} INFO - [2022-08-09 00:03:59,853] {dagbag.py:508} INFO - Filling up the DagBag from /home/renan/datapipeline/.env/lib/python3.8/site-packages/airflow/example_dags/example_complex.py
[2022-08-09 00:03:59,860] {processor.py:651} INFO - DAG(s) dict_keys(['example_complex']) retrieved from /home/renan/datapipeline/.env/lib/python3.8/site-packages/airflow/example_dags/example_complex.py
[2022-08-09 00:03:59,873] {logging_mixin.py:115} INFO - [2022-08-09 00:03:59,873] {dag.py:2420} INFO - Sync 1 DAGs
[2022-08-09 00:03:59,883] {logging_mixin.py:115} INFO - [2022-08-09 00:03:59,882] {dag.py:2968} INFO - Setting next_dagrun for example_complex to None, run_after=None
[2022-08-09 00:03:59,891] {processor.py:161} INFO - Processing /home/renan/datapipeline/.env/lib/python3.8/site-packages/airflow/example_dags/example_complex.py took 0.040 seconds
[2022-08-09 00:04:33,622] {processor.py:153} INFO - Started process (PID=10690) to work on /home/renan/datapipeline/.env/lib/python3.8/site-packages/airflow/example_dags/example_complex.py
[2022-08-09 00:04:33,622] {processor.py:641} INFO - Processing file /home/renan/datapipeline/.env/lib/python3.8/site-packages/airflow/example_dags/example_complex.py for tasks to queue
[2022-08-09 00:04:33,622] {logging_mixin.py:115} INFO - [2022-08-09 00:04:33,622] {dagbag.py:508} INFO - Filling up the DagBag from /home/renan/datapipeline/.env/lib/python3.8/site-packages/airflow/example_dags/example_complex.py
[2022-08-09 00:04:33,631] {processor.py:651} INFO - DAG(s) dict_keys(['example_complex']) retrieved from /home/renan/datapipeline/.env/lib/python3.8/site-packages/airflow/example_dags/example_complex.py
[2022-08-09 00:04:33,642] {logging_mixin.py:115} INFO - [2022-08-09 00:04:33,641] {dag.py:2420} INFO - Sync 1 DAGs
[2022-08-09 00:04:33,651] {logging_mixin.py:115} INFO - [2022-08-09 00:04:33,651] {dag.py:2968} INFO - Setting next_dagrun for example_complex to None, run_after=None
[2022-08-09 00:04:33,660] {processor.py:161} INFO - Processing /home/renan/datapipeline/.env/lib/python3.8/site-packages/airflow/example_dags/example_complex.py took 0.040 seconds
[2022-08-09 00:05:08,805] {processor.py:153} INFO - Started process (PID=10753) to work on /home/renan/datapipeline/.env/lib/python3.8/site-packages/airflow/example_dags/example_complex.py
[2022-08-09 00:05:08,806] {processor.py:641} INFO - Processing file /home/renan/datapipeline/.env/lib/python3.8/site-packages/airflow/example_dags/example_complex.py for tasks to queue
[2022-08-09 00:05:08,806] {logging_mixin.py:115} INFO - [2022-08-09 00:05:08,806] {dagbag.py:508} INFO - Filling up the DagBag from /home/renan/datapipeline/.env/lib/python3.8/site-packages/airflow/example_dags/example_complex.py
[2022-08-09 00:05:08,822] {processor.py:651} INFO - DAG(s) dict_keys(['example_complex']) retrieved from /home/renan/datapipeline/.env/lib/python3.8/site-packages/airflow/example_dags/example_complex.py
[2022-08-09 00:05:08,836] {logging_mixin.py:115} INFO - [2022-08-09 00:05:08,836] {dag.py:2420} INFO - Sync 1 DAGs
[2022-08-09 00:05:08,846] {logging_mixin.py:115} INFO - [2022-08-09 00:05:08,846] {dag.py:2968} INFO - Setting next_dagrun for example_complex to None, run_after=None
[2022-08-09 00:05:08,859] {processor.py:161} INFO - Processing /home/renan/datapipeline/.env/lib/python3.8/site-packages/airflow/example_dags/example_complex.py took 0.056 seconds
[2022-08-09 00:05:42,203] {processor.py:153} INFO - Started process (PID=10792) to work on /home/renan/datapipeline/.env/lib/python3.8/site-packages/airflow/example_dags/example_complex.py
[2022-08-09 00:05:42,204] {processor.py:641} INFO - Processing file /home/renan/datapipeline/.env/lib/python3.8/site-packages/airflow/example_dags/example_complex.py for tasks to queue
[2022-08-09 00:05:42,204] {logging_mixin.py:115} INFO - [2022-08-09 00:05:42,204] {dagbag.py:508} INFO - Filling up the DagBag from /home/renan/datapipeline/.env/lib/python3.8/site-packages/airflow/example_dags/example_complex.py
[2022-08-09 00:05:42,213] {processor.py:651} INFO - DAG(s) dict_keys(['example_complex']) retrieved from /home/renan/datapipeline/.env/lib/python3.8/site-packages/airflow/example_dags/example_complex.py
[2022-08-09 00:05:42,224] {logging_mixin.py:115} INFO - [2022-08-09 00:05:42,224] {dag.py:2420} INFO - Sync 1 DAGs
[2022-08-09 00:05:42,233] {logging_mixin.py:115} INFO - [2022-08-09 00:05:42,233] {dag.py:2968} INFO - Setting next_dagrun for example_complex to None, run_after=None
[2022-08-09 00:05:42,242] {processor.py:161} INFO - Processing /home/renan/datapipeline/.env/lib/python3.8/site-packages/airflow/example_dags/example_complex.py took 0.040 seconds
[2022-08-09 00:06:16,621] {processor.py:153} INFO - Started process (PID=10828) to work on /home/renan/datapipeline/.env/lib/python3.8/site-packages/airflow/example_dags/example_complex.py
[2022-08-09 00:06:16,621] {processor.py:641} INFO - Processing file /home/renan/datapipeline/.env/lib/python3.8/site-packages/airflow/example_dags/example_complex.py for tasks to queue
[2022-08-09 00:06:16,621] {logging_mixin.py:115} INFO - [2022-08-09 00:06:16,621] {dagbag.py:508} INFO - Filling up the DagBag from /home/renan/datapipeline/.env/lib/python3.8/site-packages/airflow/example_dags/example_complex.py
[2022-08-09 00:06:16,630] {processor.py:651} INFO - DAG(s) dict_keys(['example_complex']) retrieved from /home/renan/datapipeline/.env/lib/python3.8/site-packages/airflow/example_dags/example_complex.py
[2022-08-09 00:06:16,641] {logging_mixin.py:115} INFO - [2022-08-09 00:06:16,641] {dag.py:2420} INFO - Sync 1 DAGs
[2022-08-09 00:06:16,650] {logging_mixin.py:115} INFO - [2022-08-09 00:06:16,650] {dag.py:2968} INFO - Setting next_dagrun for example_complex to None, run_after=None
[2022-08-09 00:06:16,660] {processor.py:161} INFO - Processing /home/renan/datapipeline/.env/lib/python3.8/site-packages/airflow/example_dags/example_complex.py took 0.041 seconds
[2022-08-09 00:06:52,992] {processor.py:153} INFO - Started process (PID=10881) to work on /home/renan/datapipeline/.env/lib/python3.8/site-packages/airflow/example_dags/example_complex.py
[2022-08-09 00:06:52,992] {processor.py:641} INFO - Processing file /home/renan/datapipeline/.env/lib/python3.8/site-packages/airflow/example_dags/example_complex.py for tasks to queue
[2022-08-09 00:06:52,993] {logging_mixin.py:115} INFO - [2022-08-09 00:06:52,993] {dagbag.py:508} INFO - Filling up the DagBag from /home/renan/datapipeline/.env/lib/python3.8/site-packages/airflow/example_dags/example_complex.py
[2022-08-09 00:06:53,001] {processor.py:651} INFO - DAG(s) dict_keys(['example_complex']) retrieved from /home/renan/datapipeline/.env/lib/python3.8/site-packages/airflow/example_dags/example_complex.py
[2022-08-09 00:06:53,013] {logging_mixin.py:115} INFO - [2022-08-09 00:06:53,013] {dag.py:2420} INFO - Sync 1 DAGs
[2022-08-09 00:06:53,022] {logging_mixin.py:115} INFO - [2022-08-09 00:06:53,022] {dag.py:2968} INFO - Setting next_dagrun for example_complex to None, run_after=None
[2022-08-09 00:06:53,031] {processor.py:161} INFO - Processing /home/renan/datapipeline/.env/lib/python3.8/site-packages/airflow/example_dags/example_complex.py took 0.041 seconds
[2022-08-09 00:07:26,211] {processor.py:153} INFO - Started process (PID=10931) to work on /home/renan/datapipeline/.env/lib/python3.8/site-packages/airflow/example_dags/example_complex.py
[2022-08-09 00:07:26,212] {processor.py:641} INFO - Processing file /home/renan/datapipeline/.env/lib/python3.8/site-packages/airflow/example_dags/example_complex.py for tasks to queue
[2022-08-09 00:07:26,213] {logging_mixin.py:115} INFO - [2022-08-09 00:07:26,212] {dagbag.py:508} INFO - Filling up the DagBag from /home/renan/datapipeline/.env/lib/python3.8/site-packages/airflow/example_dags/example_complex.py
[2022-08-09 00:07:26,222] {processor.py:651} INFO - DAG(s) dict_keys(['example_complex']) retrieved from /home/renan/datapipeline/.env/lib/python3.8/site-packages/airflow/example_dags/example_complex.py
[2022-08-09 00:07:26,235] {logging_mixin.py:115} INFO - [2022-08-09 00:07:26,235] {dag.py:2420} INFO - Sync 1 DAGs
[2022-08-09 00:07:26,245] {logging_mixin.py:115} INFO - [2022-08-09 00:07:26,245] {dag.py:2968} INFO - Setting next_dagrun for example_complex to None, run_after=None
[2022-08-09 00:07:26,254] {processor.py:161} INFO - Processing /home/renan/datapipeline/.env/lib/python3.8/site-packages/airflow/example_dags/example_complex.py took 0.045 seconds
[2022-08-09 00:08:04,971] {processor.py:153} INFO - Started process (PID=10976) to work on /home/renan/datapipeline/.env/lib/python3.8/site-packages/airflow/example_dags/example_complex.py
[2022-08-09 00:08:04,971] {processor.py:641} INFO - Processing file /home/renan/datapipeline/.env/lib/python3.8/site-packages/airflow/example_dags/example_complex.py for tasks to queue
[2022-08-09 00:08:04,971] {logging_mixin.py:115} INFO - [2022-08-09 00:08:04,971] {dagbag.py:508} INFO - Filling up the DagBag from /home/renan/datapipeline/.env/lib/python3.8/site-packages/airflow/example_dags/example_complex.py
[2022-08-09 00:08:04,980] {processor.py:651} INFO - DAG(s) dict_keys(['example_complex']) retrieved from /home/renan/datapipeline/.env/lib/python3.8/site-packages/airflow/example_dags/example_complex.py
[2022-08-09 00:08:04,991] {logging_mixin.py:115} INFO - [2022-08-09 00:08:04,991] {dag.py:2420} INFO - Sync 1 DAGs
[2022-08-09 00:08:05,000] {logging_mixin.py:115} INFO - [2022-08-09 00:08:05,000] {dag.py:2968} INFO - Setting next_dagrun for example_complex to None, run_after=None
[2022-08-09 00:08:05,009] {processor.py:161} INFO - Processing /home/renan/datapipeline/.env/lib/python3.8/site-packages/airflow/example_dags/example_complex.py took 0.040 seconds
[2022-08-09 00:08:38,033] {processor.py:153} INFO - Started process (PID=11012) to work on /home/renan/datapipeline/.env/lib/python3.8/site-packages/airflow/example_dags/example_complex.py
[2022-08-09 00:08:38,034] {processor.py:641} INFO - Processing file /home/renan/datapipeline/.env/lib/python3.8/site-packages/airflow/example_dags/example_complex.py for tasks to queue
[2022-08-09 00:08:38,034] {logging_mixin.py:115} INFO - [2022-08-09 00:08:38,034] {dagbag.py:508} INFO - Filling up the DagBag from /home/renan/datapipeline/.env/lib/python3.8/site-packages/airflow/example_dags/example_complex.py
[2022-08-09 00:08:38,043] {processor.py:651} INFO - DAG(s) dict_keys(['example_complex']) retrieved from /home/renan/datapipeline/.env/lib/python3.8/site-packages/airflow/example_dags/example_complex.py
[2022-08-09 00:08:38,054] {logging_mixin.py:115} INFO - [2022-08-09 00:08:38,054] {dag.py:2420} INFO - Sync 1 DAGs
[2022-08-09 00:08:38,063] {logging_mixin.py:115} INFO - [2022-08-09 00:08:38,063] {dag.py:2968} INFO - Setting next_dagrun for example_complex to None, run_after=None
[2022-08-09 00:08:38,071] {processor.py:161} INFO - Processing /home/renan/datapipeline/.env/lib/python3.8/site-packages/airflow/example_dags/example_complex.py took 0.040 seconds
[2022-08-09 00:09:14,567] {processor.py:153} INFO - Started process (PID=11051) to work on /home/renan/datapipeline/.env/lib/python3.8/site-packages/airflow/example_dags/example_complex.py
[2022-08-09 00:09:14,567] {processor.py:641} INFO - Processing file /home/renan/datapipeline/.env/lib/python3.8/site-packages/airflow/example_dags/example_complex.py for tasks to queue
[2022-08-09 00:09:14,567] {logging_mixin.py:115} INFO - [2022-08-09 00:09:14,567] {dagbag.py:508} INFO - Filling up the DagBag from /home/renan/datapipeline/.env/lib/python3.8/site-packages/airflow/example_dags/example_complex.py
[2022-08-09 00:09:14,576] {processor.py:651} INFO - DAG(s) dict_keys(['example_complex']) retrieved from /home/renan/datapipeline/.env/lib/python3.8/site-packages/airflow/example_dags/example_complex.py
[2022-08-09 00:09:14,587] {logging_mixin.py:115} INFO - [2022-08-09 00:09:14,587] {dag.py:2420} INFO - Sync 1 DAGs
[2022-08-09 00:09:14,596] {logging_mixin.py:115} INFO - [2022-08-09 00:09:14,596] {dag.py:2968} INFO - Setting next_dagrun for example_complex to None, run_after=None
[2022-08-09 00:09:14,605] {processor.py:161} INFO - Processing /home/renan/datapipeline/.env/lib/python3.8/site-packages/airflow/example_dags/example_complex.py took 0.040 seconds
[2022-08-09 00:09:48,330] {processor.py:153} INFO - Started process (PID=11087) to work on /home/renan/datapipeline/.env/lib/python3.8/site-packages/airflow/example_dags/example_complex.py
[2022-08-09 00:09:48,330] {processor.py:641} INFO - Processing file /home/renan/datapipeline/.env/lib/python3.8/site-packages/airflow/example_dags/example_complex.py for tasks to queue
[2022-08-09 00:09:48,331] {logging_mixin.py:115} INFO - [2022-08-09 00:09:48,331] {dagbag.py:508} INFO - Filling up the DagBag from /home/renan/datapipeline/.env/lib/python3.8/site-packages/airflow/example_dags/example_complex.py
[2022-08-09 00:09:48,340] {processor.py:651} INFO - DAG(s) dict_keys(['example_complex']) retrieved from /home/renan/datapipeline/.env/lib/python3.8/site-packages/airflow/example_dags/example_complex.py
[2022-08-09 00:09:48,350] {logging_mixin.py:115} INFO - [2022-08-09 00:09:48,350] {dag.py:2420} INFO - Sync 1 DAGs
[2022-08-09 00:09:48,359] {logging_mixin.py:115} INFO - [2022-08-09 00:09:48,359] {dag.py:2968} INFO - Setting next_dagrun for example_complex to None, run_after=None
[2022-08-09 00:09:48,368] {processor.py:161} INFO - Processing /home/renan/datapipeline/.env/lib/python3.8/site-packages/airflow/example_dags/example_complex.py took 0.040 seconds
[2022-08-09 00:10:22,820] {processor.py:153} INFO - Started process (PID=11128) to work on /home/renan/datapipeline/.env/lib/python3.8/site-packages/airflow/example_dags/example_complex.py
[2022-08-09 00:10:22,820] {processor.py:641} INFO - Processing file /home/renan/datapipeline/.env/lib/python3.8/site-packages/airflow/example_dags/example_complex.py for tasks to queue
[2022-08-09 00:10:22,821] {logging_mixin.py:115} INFO - [2022-08-09 00:10:22,821] {dagbag.py:508} INFO - Filling up the DagBag from /home/renan/datapipeline/.env/lib/python3.8/site-packages/airflow/example_dags/example_complex.py
[2022-08-09 00:10:22,830] {processor.py:651} INFO - DAG(s) dict_keys(['example_complex']) retrieved from /home/renan/datapipeline/.env/lib/python3.8/site-packages/airflow/example_dags/example_complex.py
[2022-08-09 00:10:22,840] {logging_mixin.py:115} INFO - [2022-08-09 00:10:22,840] {dag.py:2420} INFO - Sync 1 DAGs
[2022-08-09 00:10:22,849] {logging_mixin.py:115} INFO - [2022-08-09 00:10:22,849] {dag.py:2968} INFO - Setting next_dagrun for example_complex to None, run_after=None
[2022-08-09 00:10:22,858] {processor.py:161} INFO - Processing /home/renan/datapipeline/.env/lib/python3.8/site-packages/airflow/example_dags/example_complex.py took 0.040 seconds
[2022-08-09 00:10:56,935] {processor.py:153} INFO - Started process (PID=11181) to work on /home/renan/datapipeline/.env/lib/python3.8/site-packages/airflow/example_dags/example_complex.py
[2022-08-09 00:10:56,935] {processor.py:641} INFO - Processing file /home/renan/datapipeline/.env/lib/python3.8/site-packages/airflow/example_dags/example_complex.py for tasks to queue
[2022-08-09 00:10:56,935] {logging_mixin.py:115} INFO - [2022-08-09 00:10:56,935] {dagbag.py:508} INFO - Filling up the DagBag from /home/renan/datapipeline/.env/lib/python3.8/site-packages/airflow/example_dags/example_complex.py
[2022-08-09 00:10:56,944] {processor.py:651} INFO - DAG(s) dict_keys(['example_complex']) retrieved from /home/renan/datapipeline/.env/lib/python3.8/site-packages/airflow/example_dags/example_complex.py
[2022-08-09 00:10:56,955] {logging_mixin.py:115} INFO - [2022-08-09 00:10:56,955] {dag.py:2420} INFO - Sync 1 DAGs
[2022-08-09 00:10:56,965] {logging_mixin.py:115} INFO - [2022-08-09 00:10:56,965] {dag.py:2968} INFO - Setting next_dagrun for example_complex to None, run_after=None
[2022-08-09 00:10:56,973] {processor.py:161} INFO - Processing /home/renan/datapipeline/.env/lib/python3.8/site-packages/airflow/example_dags/example_complex.py took 0.041 seconds
[2022-08-09 00:11:32,387] {processor.py:153} INFO - Started process (PID=11219) to work on /home/renan/datapipeline/.env/lib/python3.8/site-packages/airflow/example_dags/example_complex.py
[2022-08-09 00:11:32,388] {processor.py:641} INFO - Processing file /home/renan/datapipeline/.env/lib/python3.8/site-packages/airflow/example_dags/example_complex.py for tasks to queue
[2022-08-09 00:11:32,388] {logging_mixin.py:115} INFO - [2022-08-09 00:11:32,388] {dagbag.py:508} INFO - Filling up the DagBag from /home/renan/datapipeline/.env/lib/python3.8/site-packages/airflow/example_dags/example_complex.py
[2022-08-09 00:11:32,397] {processor.py:651} INFO - DAG(s) dict_keys(['example_complex']) retrieved from /home/renan/datapipeline/.env/lib/python3.8/site-packages/airflow/example_dags/example_complex.py
[2022-08-09 00:11:32,407] {logging_mixin.py:115} INFO - [2022-08-09 00:11:32,407] {dag.py:2420} INFO - Sync 1 DAGs
[2022-08-09 00:11:32,417] {logging_mixin.py:115} INFO - [2022-08-09 00:11:32,417] {dag.py:2968} INFO - Setting next_dagrun for example_complex to None, run_after=None
[2022-08-09 00:11:32,426] {processor.py:161} INFO - Processing /home/renan/datapipeline/.env/lib/python3.8/site-packages/airflow/example_dags/example_complex.py took 0.041 seconds
[2022-08-09 00:12:04,317] {processor.py:153} INFO - Started process (PID=11267) to work on /home/renan/datapipeline/.env/lib/python3.8/site-packages/airflow/example_dags/example_complex.py
[2022-08-09 00:12:04,318] {processor.py:641} INFO - Processing file /home/renan/datapipeline/.env/lib/python3.8/site-packages/airflow/example_dags/example_complex.py for tasks to queue
[2022-08-09 00:12:04,318] {logging_mixin.py:115} INFO - [2022-08-09 00:12:04,318] {dagbag.py:508} INFO - Filling up the DagBag from /home/renan/datapipeline/.env/lib/python3.8/site-packages/airflow/example_dags/example_complex.py
[2022-08-09 00:12:04,327] {processor.py:651} INFO - DAG(s) dict_keys(['example_complex']) retrieved from /home/renan/datapipeline/.env/lib/python3.8/site-packages/airflow/example_dags/example_complex.py
[2022-08-09 00:12:04,338] {logging_mixin.py:115} INFO - [2022-08-09 00:12:04,338] {dag.py:2420} INFO - Sync 1 DAGs
[2022-08-09 00:12:04,347] {logging_mixin.py:115} INFO - [2022-08-09 00:12:04,347] {dag.py:2968} INFO - Setting next_dagrun for example_complex to None, run_after=None
[2022-08-09 00:12:04,356] {processor.py:161} INFO - Processing /home/renan/datapipeline/.env/lib/python3.8/site-packages/airflow/example_dags/example_complex.py took 0.040 seconds
[2022-08-09 00:12:42,507] {processor.py:153} INFO - Started process (PID=11325) to work on /home/renan/datapipeline/.env/lib/python3.8/site-packages/airflow/example_dags/example_complex.py
[2022-08-09 00:12:42,508] {processor.py:641} INFO - Processing file /home/renan/datapipeline/.env/lib/python3.8/site-packages/airflow/example_dags/example_complex.py for tasks to queue
[2022-08-09 00:12:42,508] {logging_mixin.py:115} INFO - [2022-08-09 00:12:42,508] {dagbag.py:508} INFO - Filling up the DagBag from /home/renan/datapipeline/.env/lib/python3.8/site-packages/airflow/example_dags/example_complex.py
[2022-08-09 00:12:42,516] {processor.py:651} INFO - DAG(s) dict_keys(['example_complex']) retrieved from /home/renan/datapipeline/.env/lib/python3.8/site-packages/airflow/example_dags/example_complex.py
[2022-08-09 00:12:42,528] {logging_mixin.py:115} INFO - [2022-08-09 00:12:42,527] {dag.py:2420} INFO - Sync 1 DAGs
[2022-08-09 00:12:42,537] {logging_mixin.py:115} INFO - [2022-08-09 00:12:42,537] {dag.py:2968} INFO - Setting next_dagrun for example_complex to None, run_after=None
[2022-08-09 00:12:42,546] {processor.py:161} INFO - Processing /home/renan/datapipeline/.env/lib/python3.8/site-packages/airflow/example_dags/example_complex.py took 0.041 seconds
[2022-08-09 00:13:17,273] {processor.py:153} INFO - Started process (PID=11375) to work on /home/renan/datapipeline/.env/lib/python3.8/site-packages/airflow/example_dags/example_complex.py
[2022-08-09 00:13:17,274] {processor.py:641} INFO - Processing file /home/renan/datapipeline/.env/lib/python3.8/site-packages/airflow/example_dags/example_complex.py for tasks to queue
[2022-08-09 00:13:17,274] {logging_mixin.py:115} INFO - [2022-08-09 00:13:17,274] {dagbag.py:508} INFO - Filling up the DagBag from /home/renan/datapipeline/.env/lib/python3.8/site-packages/airflow/example_dags/example_complex.py
[2022-08-09 00:13:17,283] {processor.py:651} INFO - DAG(s) dict_keys(['example_complex']) retrieved from /home/renan/datapipeline/.env/lib/python3.8/site-packages/airflow/example_dags/example_complex.py
[2022-08-09 00:13:17,295] {logging_mixin.py:115} INFO - [2022-08-09 00:13:17,295] {dag.py:2420} INFO - Sync 1 DAGs
[2022-08-09 00:13:17,306] {logging_mixin.py:115} INFO - [2022-08-09 00:13:17,306] {dag.py:2968} INFO - Setting next_dagrun for example_complex to None, run_after=None
[2022-08-09 00:13:17,317] {processor.py:161} INFO - Processing /home/renan/datapipeline/.env/lib/python3.8/site-packages/airflow/example_dags/example_complex.py took 0.046 seconds
[2022-08-09 00:13:53,230] {processor.py:153} INFO - Started process (PID=11463) to work on /home/renan/datapipeline/.env/lib/python3.8/site-packages/airflow/example_dags/example_complex.py
[2022-08-09 00:13:53,230] {processor.py:641} INFO - Processing file /home/renan/datapipeline/.env/lib/python3.8/site-packages/airflow/example_dags/example_complex.py for tasks to queue
[2022-08-09 00:13:53,231] {logging_mixin.py:115} INFO - [2022-08-09 00:13:53,231] {dagbag.py:508} INFO - Filling up the DagBag from /home/renan/datapipeline/.env/lib/python3.8/site-packages/airflow/example_dags/example_complex.py
[2022-08-09 00:13:53,240] {processor.py:651} INFO - DAG(s) dict_keys(['example_complex']) retrieved from /home/renan/datapipeline/.env/lib/python3.8/site-packages/airflow/example_dags/example_complex.py
[2022-08-09 00:13:53,252] {logging_mixin.py:115} INFO - [2022-08-09 00:13:53,252] {dag.py:2420} INFO - Sync 1 DAGs
[2022-08-09 00:13:53,262] {logging_mixin.py:115} INFO - [2022-08-09 00:13:53,262] {dag.py:2968} INFO - Setting next_dagrun for example_complex to None, run_after=None
[2022-08-09 00:13:53,271] {processor.py:161} INFO - Processing /home/renan/datapipeline/.env/lib/python3.8/site-packages/airflow/example_dags/example_complex.py took 0.043 seconds
[2022-08-09 00:14:25,712] {processor.py:153} INFO - Started process (PID=11507) to work on /home/renan/datapipeline/.env/lib/python3.8/site-packages/airflow/example_dags/example_complex.py
[2022-08-09 00:14:25,713] {processor.py:641} INFO - Processing file /home/renan/datapipeline/.env/lib/python3.8/site-packages/airflow/example_dags/example_complex.py for tasks to queue
[2022-08-09 00:14:25,713] {logging_mixin.py:115} INFO - [2022-08-09 00:14:25,713] {dagbag.py:508} INFO - Filling up the DagBag from /home/renan/datapipeline/.env/lib/python3.8/site-packages/airflow/example_dags/example_complex.py
[2022-08-09 00:14:25,721] {processor.py:651} INFO - DAG(s) dict_keys(['example_complex']) retrieved from /home/renan/datapipeline/.env/lib/python3.8/site-packages/airflow/example_dags/example_complex.py
[2022-08-09 00:14:25,734] {logging_mixin.py:115} INFO - [2022-08-09 00:14:25,734] {dag.py:2420} INFO - Sync 1 DAGs
[2022-08-09 00:14:25,746] {logging_mixin.py:115} INFO - [2022-08-09 00:14:25,746] {dag.py:2968} INFO - Setting next_dagrun for example_complex to None, run_after=None
[2022-08-09 00:14:25,758] {processor.py:161} INFO - Processing /home/renan/datapipeline/.env/lib/python3.8/site-packages/airflow/example_dags/example_complex.py took 0.048 seconds
[2022-08-09 00:15:00,760] {processor.py:153} INFO - Started process (PID=11545) to work on /home/renan/datapipeline/.env/lib/python3.8/site-packages/airflow/example_dags/example_complex.py
[2022-08-09 00:15:00,761] {processor.py:641} INFO - Processing file /home/renan/datapipeline/.env/lib/python3.8/site-packages/airflow/example_dags/example_complex.py for tasks to queue
[2022-08-09 00:15:00,761] {logging_mixin.py:115} INFO - [2022-08-09 00:15:00,761] {dagbag.py:508} INFO - Filling up the DagBag from /home/renan/datapipeline/.env/lib/python3.8/site-packages/airflow/example_dags/example_complex.py
[2022-08-09 00:15:00,768] {processor.py:651} INFO - DAG(s) dict_keys(['example_complex']) retrieved from /home/renan/datapipeline/.env/lib/python3.8/site-packages/airflow/example_dags/example_complex.py
[2022-08-09 00:15:00,779] {logging_mixin.py:115} INFO - [2022-08-09 00:15:00,779] {dag.py:2420} INFO - Sync 1 DAGs
[2022-08-09 00:15:00,788] {logging_mixin.py:115} INFO - [2022-08-09 00:15:00,788] {dag.py:2968} INFO - Setting next_dagrun for example_complex to None, run_after=None
[2022-08-09 00:15:00,797] {processor.py:161} INFO - Processing /home/renan/datapipeline/.env/lib/python3.8/site-packages/airflow/example_dags/example_complex.py took 0.039 seconds
[2022-08-09 00:15:38,691] {processor.py:153} INFO - Started process (PID=11620) to work on /home/renan/datapipeline/.env/lib/python3.8/site-packages/airflow/example_dags/example_complex.py
[2022-08-09 00:15:38,692] {processor.py:641} INFO - Processing file /home/renan/datapipeline/.env/lib/python3.8/site-packages/airflow/example_dags/example_complex.py for tasks to queue
[2022-08-09 00:15:38,692] {logging_mixin.py:115} INFO - [2022-08-09 00:15:38,692] {dagbag.py:508} INFO - Filling up the DagBag from /home/renan/datapipeline/.env/lib/python3.8/site-packages/airflow/example_dags/example_complex.py
[2022-08-09 00:15:38,700] {processor.py:651} INFO - DAG(s) dict_keys(['example_complex']) retrieved from /home/renan/datapipeline/.env/lib/python3.8/site-packages/airflow/example_dags/example_complex.py
[2022-08-09 00:15:38,715] {logging_mixin.py:115} INFO - [2022-08-09 00:15:38,715] {dag.py:2420} INFO - Sync 1 DAGs
[2022-08-09 00:15:38,725] {logging_mixin.py:115} INFO - [2022-08-09 00:15:38,725] {dag.py:2968} INFO - Setting next_dagrun for example_complex to None, run_after=None
[2022-08-09 00:15:38,735] {processor.py:161} INFO - Processing /home/renan/datapipeline/.env/lib/python3.8/site-packages/airflow/example_dags/example_complex.py took 0.046 seconds
[2022-08-09 00:16:13,495] {processor.py:153} INFO - Started process (PID=11672) to work on /home/renan/datapipeline/.env/lib/python3.8/site-packages/airflow/example_dags/example_complex.py
[2022-08-09 00:16:13,495] {processor.py:641} INFO - Processing file /home/renan/datapipeline/.env/lib/python3.8/site-packages/airflow/example_dags/example_complex.py for tasks to queue
[2022-08-09 00:16:13,496] {logging_mixin.py:115} INFO - [2022-08-09 00:16:13,496] {dagbag.py:508} INFO - Filling up the DagBag from /home/renan/datapipeline/.env/lib/python3.8/site-packages/airflow/example_dags/example_complex.py
[2022-08-09 00:16:13,503] {processor.py:651} INFO - DAG(s) dict_keys(['example_complex']) retrieved from /home/renan/datapipeline/.env/lib/python3.8/site-packages/airflow/example_dags/example_complex.py
[2022-08-09 00:16:13,515] {logging_mixin.py:115} INFO - [2022-08-09 00:16:13,515] {dag.py:2420} INFO - Sync 1 DAGs
[2022-08-09 00:16:13,526] {logging_mixin.py:115} INFO - [2022-08-09 00:16:13,525] {dag.py:2968} INFO - Setting next_dagrun for example_complex to None, run_after=None
[2022-08-09 00:16:13,541] {processor.py:161} INFO - Processing /home/renan/datapipeline/.env/lib/python3.8/site-packages/airflow/example_dags/example_complex.py took 0.049 seconds
[2022-08-09 00:16:49,400] {processor.py:153} INFO - Started process (PID=11723) to work on /home/renan/datapipeline/.env/lib/python3.8/site-packages/airflow/example_dags/example_complex.py
[2022-08-09 00:16:49,401] {processor.py:641} INFO - Processing file /home/renan/datapipeline/.env/lib/python3.8/site-packages/airflow/example_dags/example_complex.py for tasks to queue
[2022-08-09 00:16:49,401] {logging_mixin.py:115} INFO - [2022-08-09 00:16:49,401] {dagbag.py:508} INFO - Filling up the DagBag from /home/renan/datapipeline/.env/lib/python3.8/site-packages/airflow/example_dags/example_complex.py
[2022-08-09 00:16:49,408] {processor.py:651} INFO - DAG(s) dict_keys(['example_complex']) retrieved from /home/renan/datapipeline/.env/lib/python3.8/site-packages/airflow/example_dags/example_complex.py
[2022-08-09 00:16:49,420] {logging_mixin.py:115} INFO - [2022-08-09 00:16:49,420] {dag.py:2420} INFO - Sync 1 DAGs
[2022-08-09 00:16:49,429] {logging_mixin.py:115} INFO - [2022-08-09 00:16:49,429] {dag.py:2968} INFO - Setting next_dagrun for example_complex to None, run_after=None
[2022-08-09 00:16:49,438] {processor.py:161} INFO - Processing /home/renan/datapipeline/.env/lib/python3.8/site-packages/airflow/example_dags/example_complex.py took 0.039 seconds
[2022-08-09 00:17:24,899] {processor.py:153} INFO - Started process (PID=11784) to work on /home/renan/datapipeline/.env/lib/python3.8/site-packages/airflow/example_dags/example_complex.py
[2022-08-09 00:17:24,900] {processor.py:641} INFO - Processing file /home/renan/datapipeline/.env/lib/python3.8/site-packages/airflow/example_dags/example_complex.py for tasks to queue
[2022-08-09 00:17:24,900] {logging_mixin.py:115} INFO - [2022-08-09 00:17:24,900] {dagbag.py:508} INFO - Filling up the DagBag from /home/renan/datapipeline/.env/lib/python3.8/site-packages/airflow/example_dags/example_complex.py
[2022-08-09 00:17:24,908] {processor.py:651} INFO - DAG(s) dict_keys(['example_complex']) retrieved from /home/renan/datapipeline/.env/lib/python3.8/site-packages/airflow/example_dags/example_complex.py
[2022-08-09 00:17:24,921] {logging_mixin.py:115} INFO - [2022-08-09 00:17:24,921] {dag.py:2420} INFO - Sync 1 DAGs
[2022-08-09 00:17:24,932] {logging_mixin.py:115} INFO - [2022-08-09 00:17:24,932] {dag.py:2968} INFO - Setting next_dagrun for example_complex to None, run_after=None
[2022-08-09 00:17:24,942] {processor.py:161} INFO - Processing /home/renan/datapipeline/.env/lib/python3.8/site-packages/airflow/example_dags/example_complex.py took 0.045 seconds
[2022-08-09 00:17:57,249] {processor.py:153} INFO - Started process (PID=11820) to work on /home/renan/datapipeline/.env/lib/python3.8/site-packages/airflow/example_dags/example_complex.py
[2022-08-09 00:17:57,249] {processor.py:641} INFO - Processing file /home/renan/datapipeline/.env/lib/python3.8/site-packages/airflow/example_dags/example_complex.py for tasks to queue
[2022-08-09 00:17:57,249] {logging_mixin.py:115} INFO - [2022-08-09 00:17:57,249] {dagbag.py:508} INFO - Filling up the DagBag from /home/renan/datapipeline/.env/lib/python3.8/site-packages/airflow/example_dags/example_complex.py
[2022-08-09 00:17:57,256] {processor.py:651} INFO - DAG(s) dict_keys(['example_complex']) retrieved from /home/renan/datapipeline/.env/lib/python3.8/site-packages/airflow/example_dags/example_complex.py
[2022-08-09 00:17:57,268] {logging_mixin.py:115} INFO - [2022-08-09 00:17:57,268] {dag.py:2420} INFO - Sync 1 DAGs
[2022-08-09 00:17:57,277] {logging_mixin.py:115} INFO - [2022-08-09 00:17:57,277] {dag.py:2968} INFO - Setting next_dagrun for example_complex to None, run_after=None
[2022-08-09 00:17:57,287] {processor.py:161} INFO - Processing /home/renan/datapipeline/.env/lib/python3.8/site-packages/airflow/example_dags/example_complex.py took 0.040 seconds
[2022-08-09 00:18:31,152] {processor.py:153} INFO - Started process (PID=11856) to work on /home/renan/datapipeline/.env/lib/python3.8/site-packages/airflow/example_dags/example_complex.py
[2022-08-09 00:18:31,152] {processor.py:641} INFO - Processing file /home/renan/datapipeline/.env/lib/python3.8/site-packages/airflow/example_dags/example_complex.py for tasks to queue
[2022-08-09 00:18:31,152] {logging_mixin.py:115} INFO - [2022-08-09 00:18:31,152] {dagbag.py:508} INFO - Filling up the DagBag from /home/renan/datapipeline/.env/lib/python3.8/site-packages/airflow/example_dags/example_complex.py
[2022-08-09 00:18:31,159] {processor.py:651} INFO - DAG(s) dict_keys(['example_complex']) retrieved from /home/renan/datapipeline/.env/lib/python3.8/site-packages/airflow/example_dags/example_complex.py
[2022-08-09 00:18:31,171] {logging_mixin.py:115} INFO - [2022-08-09 00:18:31,170] {dag.py:2420} INFO - Sync 1 DAGs
[2022-08-09 00:18:31,180] {logging_mixin.py:115} INFO - [2022-08-09 00:18:31,180] {dag.py:2968} INFO - Setting next_dagrun for example_complex to None, run_after=None
[2022-08-09 00:18:31,189] {processor.py:161} INFO - Processing /home/renan/datapipeline/.env/lib/python3.8/site-packages/airflow/example_dags/example_complex.py took 0.039 seconds
[2022-08-09 00:19:05,061] {processor.py:153} INFO - Started process (PID=11893) to work on /home/renan/datapipeline/.env/lib/python3.8/site-packages/airflow/example_dags/example_complex.py
[2022-08-09 00:19:05,061] {processor.py:641} INFO - Processing file /home/renan/datapipeline/.env/lib/python3.8/site-packages/airflow/example_dags/example_complex.py for tasks to queue
[2022-08-09 00:19:05,061] {logging_mixin.py:115} INFO - [2022-08-09 00:19:05,061] {dagbag.py:508} INFO - Filling up the DagBag from /home/renan/datapipeline/.env/lib/python3.8/site-packages/airflow/example_dags/example_complex.py
[2022-08-09 00:19:05,068] {processor.py:651} INFO - DAG(s) dict_keys(['example_complex']) retrieved from /home/renan/datapipeline/.env/lib/python3.8/site-packages/airflow/example_dags/example_complex.py
[2022-08-09 00:19:05,079] {logging_mixin.py:115} INFO - [2022-08-09 00:19:05,079] {dag.py:2420} INFO - Sync 1 DAGs
[2022-08-09 00:19:05,089] {logging_mixin.py:115} INFO - [2022-08-09 00:19:05,089] {dag.py:2968} INFO - Setting next_dagrun for example_complex to None, run_after=None
[2022-08-09 00:19:05,097] {processor.py:161} INFO - Processing /home/renan/datapipeline/.env/lib/python3.8/site-packages/airflow/example_dags/example_complex.py took 0.039 seconds
[2022-08-09 00:19:38,064] {processor.py:153} INFO - Started process (PID=11928) to work on /home/renan/datapipeline/.env/lib/python3.8/site-packages/airflow/example_dags/example_complex.py
[2022-08-09 00:19:38,064] {processor.py:641} INFO - Processing file /home/renan/datapipeline/.env/lib/python3.8/site-packages/airflow/example_dags/example_complex.py for tasks to queue
[2022-08-09 00:19:38,065] {logging_mixin.py:115} INFO - [2022-08-09 00:19:38,064] {dagbag.py:508} INFO - Filling up the DagBag from /home/renan/datapipeline/.env/lib/python3.8/site-packages/airflow/example_dags/example_complex.py
[2022-08-09 00:19:38,072] {processor.py:651} INFO - DAG(s) dict_keys(['example_complex']) retrieved from /home/renan/datapipeline/.env/lib/python3.8/site-packages/airflow/example_dags/example_complex.py
[2022-08-09 00:19:38,083] {logging_mixin.py:115} INFO - [2022-08-09 00:19:38,083] {dag.py:2420} INFO - Sync 1 DAGs
[2022-08-09 00:19:38,092] {logging_mixin.py:115} INFO - [2022-08-09 00:19:38,092] {dag.py:2968} INFO - Setting next_dagrun for example_complex to None, run_after=None
[2022-08-09 00:19:38,101] {processor.py:161} INFO - Processing /home/renan/datapipeline/.env/lib/python3.8/site-packages/airflow/example_dags/example_complex.py took 0.039 seconds
[2022-08-09 00:20:13,307] {processor.py:153} INFO - Started process (PID=11969) to work on /home/renan/datapipeline/.env/lib/python3.8/site-packages/airflow/example_dags/example_complex.py
[2022-08-09 00:20:13,307] {processor.py:641} INFO - Processing file /home/renan/datapipeline/.env/lib/python3.8/site-packages/airflow/example_dags/example_complex.py for tasks to queue
[2022-08-09 00:20:13,308] {logging_mixin.py:115} INFO - [2022-08-09 00:20:13,308] {dagbag.py:508} INFO - Filling up the DagBag from /home/renan/datapipeline/.env/lib/python3.8/site-packages/airflow/example_dags/example_complex.py
[2022-08-09 00:20:13,314] {processor.py:651} INFO - DAG(s) dict_keys(['example_complex']) retrieved from /home/renan/datapipeline/.env/lib/python3.8/site-packages/airflow/example_dags/example_complex.py
[2022-08-09 00:20:13,327] {logging_mixin.py:115} INFO - [2022-08-09 00:20:13,327] {dag.py:2420} INFO - Sync 1 DAGs
[2022-08-09 00:20:13,337] {logging_mixin.py:115} INFO - [2022-08-09 00:20:13,337] {dag.py:2968} INFO - Setting next_dagrun for example_complex to None, run_after=None
[2022-08-09 00:20:13,345] {processor.py:161} INFO - Processing /home/renan/datapipeline/.env/lib/python3.8/site-packages/airflow/example_dags/example_complex.py took 0.040 seconds
[2022-08-09 00:20:45,369] {processor.py:153} INFO - Started process (PID=12005) to work on /home/renan/datapipeline/.env/lib/python3.8/site-packages/airflow/example_dags/example_complex.py
[2022-08-09 00:20:45,369] {processor.py:641} INFO - Processing file /home/renan/datapipeline/.env/lib/python3.8/site-packages/airflow/example_dags/example_complex.py for tasks to queue
[2022-08-09 00:20:45,370] {logging_mixin.py:115} INFO - [2022-08-09 00:20:45,370] {dagbag.py:508} INFO - Filling up the DagBag from /home/renan/datapipeline/.env/lib/python3.8/site-packages/airflow/example_dags/example_complex.py
[2022-08-09 00:20:45,377] {processor.py:651} INFO - DAG(s) dict_keys(['example_complex']) retrieved from /home/renan/datapipeline/.env/lib/python3.8/site-packages/airflow/example_dags/example_complex.py
[2022-08-09 00:20:45,388] {logging_mixin.py:115} INFO - [2022-08-09 00:20:45,388] {dag.py:2420} INFO - Sync 1 DAGs
[2022-08-09 00:20:45,397] {logging_mixin.py:115} INFO - [2022-08-09 00:20:45,397] {dag.py:2968} INFO - Setting next_dagrun for example_complex to None, run_after=None
[2022-08-09 00:20:45,406] {processor.py:161} INFO - Processing /home/renan/datapipeline/.env/lib/python3.8/site-packages/airflow/example_dags/example_complex.py took 0.039 seconds
[2022-08-09 00:21:18,696] {processor.py:153} INFO - Started process (PID=12060) to work on /home/renan/datapipeline/.env/lib/python3.8/site-packages/airflow/example_dags/example_complex.py
[2022-08-09 00:21:18,696] {processor.py:641} INFO - Processing file /home/renan/datapipeline/.env/lib/python3.8/site-packages/airflow/example_dags/example_complex.py for tasks to queue
[2022-08-09 00:21:18,697] {logging_mixin.py:115} INFO - [2022-08-09 00:21:18,697] {dagbag.py:508} INFO - Filling up the DagBag from /home/renan/datapipeline/.env/lib/python3.8/site-packages/airflow/example_dags/example_complex.py
[2022-08-09 00:21:18,704] {processor.py:651} INFO - DAG(s) dict_keys(['example_complex']) retrieved from /home/renan/datapipeline/.env/lib/python3.8/site-packages/airflow/example_dags/example_complex.py
[2022-08-09 00:21:18,716] {logging_mixin.py:115} INFO - [2022-08-09 00:21:18,716] {dag.py:2420} INFO - Sync 1 DAGs
[2022-08-09 00:21:18,725] {logging_mixin.py:115} INFO - [2022-08-09 00:21:18,725] {dag.py:2968} INFO - Setting next_dagrun for example_complex to None, run_after=None
[2022-08-09 00:21:18,734] {processor.py:161} INFO - Processing /home/renan/datapipeline/.env/lib/python3.8/site-packages/airflow/example_dags/example_complex.py took 0.039 seconds
[2022-08-09 00:21:51,166] {processor.py:153} INFO - Started process (PID=12229) to work on /home/renan/datapipeline/.env/lib/python3.8/site-packages/airflow/example_dags/example_complex.py
[2022-08-09 00:21:51,167] {processor.py:641} INFO - Processing file /home/renan/datapipeline/.env/lib/python3.8/site-packages/airflow/example_dags/example_complex.py for tasks to queue
[2022-08-09 00:21:51,167] {logging_mixin.py:115} INFO - [2022-08-09 00:21:51,167] {dagbag.py:508} INFO - Filling up the DagBag from /home/renan/datapipeline/.env/lib/python3.8/site-packages/airflow/example_dags/example_complex.py
[2022-08-09 00:21:51,174] {processor.py:651} INFO - DAG(s) dict_keys(['example_complex']) retrieved from /home/renan/datapipeline/.env/lib/python3.8/site-packages/airflow/example_dags/example_complex.py
[2022-08-09 00:21:51,186] {logging_mixin.py:115} INFO - [2022-08-09 00:21:51,186] {dag.py:2420} INFO - Sync 1 DAGs
[2022-08-09 00:21:51,195] {logging_mixin.py:115} INFO - [2022-08-09 00:21:51,195] {dag.py:2968} INFO - Setting next_dagrun for example_complex to None, run_after=None
[2022-08-09 00:21:51,206] {processor.py:161} INFO - Processing /home/renan/datapipeline/.env/lib/python3.8/site-packages/airflow/example_dags/example_complex.py took 0.041 seconds
[2022-08-09 00:22:23,774] {processor.py:153} INFO - Started process (PID=12291) to work on /home/renan/datapipeline/.env/lib/python3.8/site-packages/airflow/example_dags/example_complex.py
[2022-08-09 00:22:23,774] {processor.py:641} INFO - Processing file /home/renan/datapipeline/.env/lib/python3.8/site-packages/airflow/example_dags/example_complex.py for tasks to queue
[2022-08-09 00:22:23,775] {logging_mixin.py:115} INFO - [2022-08-09 00:22:23,775] {dagbag.py:508} INFO - Filling up the DagBag from /home/renan/datapipeline/.env/lib/python3.8/site-packages/airflow/example_dags/example_complex.py
[2022-08-09 00:22:23,781] {processor.py:651} INFO - DAG(s) dict_keys(['example_complex']) retrieved from /home/renan/datapipeline/.env/lib/python3.8/site-packages/airflow/example_dags/example_complex.py
[2022-08-09 00:22:23,792] {logging_mixin.py:115} INFO - [2022-08-09 00:22:23,792] {dag.py:2420} INFO - Sync 1 DAGs
[2022-08-09 00:22:23,801] {logging_mixin.py:115} INFO - [2022-08-09 00:22:23,801] {dag.py:2968} INFO - Setting next_dagrun for example_complex to None, run_after=None
[2022-08-09 00:22:23,809] {processor.py:161} INFO - Processing /home/renan/datapipeline/.env/lib/python3.8/site-packages/airflow/example_dags/example_complex.py took 0.037 seconds
[2022-08-09 00:23:01,063] {processor.py:153} INFO - Started process (PID=12333) to work on /home/renan/datapipeline/.env/lib/python3.8/site-packages/airflow/example_dags/example_complex.py
[2022-08-09 00:23:01,064] {processor.py:641} INFO - Processing file /home/renan/datapipeline/.env/lib/python3.8/site-packages/airflow/example_dags/example_complex.py for tasks to queue
[2022-08-09 00:23:01,064] {logging_mixin.py:115} INFO - [2022-08-09 00:23:01,064] {dagbag.py:508} INFO - Filling up the DagBag from /home/renan/datapipeline/.env/lib/python3.8/site-packages/airflow/example_dags/example_complex.py
[2022-08-09 00:23:01,072] {processor.py:651} INFO - DAG(s) dict_keys(['example_complex']) retrieved from /home/renan/datapipeline/.env/lib/python3.8/site-packages/airflow/example_dags/example_complex.py
[2022-08-09 00:23:01,084] {logging_mixin.py:115} INFO - [2022-08-09 00:23:01,084] {dag.py:2420} INFO - Sync 1 DAGs
[2022-08-09 00:23:01,094] {logging_mixin.py:115} INFO - [2022-08-09 00:23:01,094] {dag.py:2968} INFO - Setting next_dagrun for example_complex to None, run_after=None
[2022-08-09 00:23:01,103] {processor.py:161} INFO - Processing /home/renan/datapipeline/.env/lib/python3.8/site-packages/airflow/example_dags/example_complex.py took 0.042 seconds
[2022-08-09 00:23:34,603] {processor.py:153} INFO - Started process (PID=12370) to work on /home/renan/datapipeline/.env/lib/python3.8/site-packages/airflow/example_dags/example_complex.py
[2022-08-09 00:23:34,604] {processor.py:641} INFO - Processing file /home/renan/datapipeline/.env/lib/python3.8/site-packages/airflow/example_dags/example_complex.py for tasks to queue
[2022-08-09 00:23:34,604] {logging_mixin.py:115} INFO - [2022-08-09 00:23:34,604] {dagbag.py:508} INFO - Filling up the DagBag from /home/renan/datapipeline/.env/lib/python3.8/site-packages/airflow/example_dags/example_complex.py
[2022-08-09 00:23:34,611] {processor.py:651} INFO - DAG(s) dict_keys(['example_complex']) retrieved from /home/renan/datapipeline/.env/lib/python3.8/site-packages/airflow/example_dags/example_complex.py
[2022-08-09 00:23:34,623] {logging_mixin.py:115} INFO - [2022-08-09 00:23:34,623] {dag.py:2420} INFO - Sync 1 DAGs
[2022-08-09 00:23:34,633] {logging_mixin.py:115} INFO - [2022-08-09 00:23:34,633] {dag.py:2968} INFO - Setting next_dagrun for example_complex to None, run_after=None
[2022-08-09 00:23:34,643] {processor.py:161} INFO - Processing /home/renan/datapipeline/.env/lib/python3.8/site-packages/airflow/example_dags/example_complex.py took 0.041 seconds
[2022-08-09 00:24:07,787] {processor.py:153} INFO - Started process (PID=12408) to work on /home/renan/datapipeline/.env/lib/python3.8/site-packages/airflow/example_dags/example_complex.py
[2022-08-09 00:24:07,788] {processor.py:641} INFO - Processing file /home/renan/datapipeline/.env/lib/python3.8/site-packages/airflow/example_dags/example_complex.py for tasks to queue
[2022-08-09 00:24:07,788] {logging_mixin.py:115} INFO - [2022-08-09 00:24:07,788] {dagbag.py:508} INFO - Filling up the DagBag from /home/renan/datapipeline/.env/lib/python3.8/site-packages/airflow/example_dags/example_complex.py
[2022-08-09 00:24:07,795] {processor.py:651} INFO - DAG(s) dict_keys(['example_complex']) retrieved from /home/renan/datapipeline/.env/lib/python3.8/site-packages/airflow/example_dags/example_complex.py
[2022-08-09 00:24:07,807] {logging_mixin.py:115} INFO - [2022-08-09 00:24:07,807] {dag.py:2420} INFO - Sync 1 DAGs
[2022-08-09 00:24:07,816] {logging_mixin.py:115} INFO - [2022-08-09 00:24:07,816] {dag.py:2968} INFO - Setting next_dagrun for example_complex to None, run_after=None
[2022-08-09 00:24:07,825] {processor.py:161} INFO - Processing /home/renan/datapipeline/.env/lib/python3.8/site-packages/airflow/example_dags/example_complex.py took 0.039 seconds
[2022-08-09 00:24:42,611] {processor.py:153} INFO - Started process (PID=12475) to work on /home/renan/datapipeline/.env/lib/python3.8/site-packages/airflow/example_dags/example_complex.py
[2022-08-09 00:24:42,611] {processor.py:641} INFO - Processing file /home/renan/datapipeline/.env/lib/python3.8/site-packages/airflow/example_dags/example_complex.py for tasks to queue
[2022-08-09 00:24:42,612] {logging_mixin.py:115} INFO - [2022-08-09 00:24:42,612] {dagbag.py:508} INFO - Filling up the DagBag from /home/renan/datapipeline/.env/lib/python3.8/site-packages/airflow/example_dags/example_complex.py
[2022-08-09 00:24:42,621] {processor.py:651} INFO - DAG(s) dict_keys(['example_complex']) retrieved from /home/renan/datapipeline/.env/lib/python3.8/site-packages/airflow/example_dags/example_complex.py
[2022-08-09 00:24:42,634] {logging_mixin.py:115} INFO - [2022-08-09 00:24:42,634] {dag.py:2420} INFO - Sync 1 DAGs
[2022-08-09 00:24:42,645] {logging_mixin.py:115} INFO - [2022-08-09 00:24:42,645] {dag.py:2968} INFO - Setting next_dagrun for example_complex to None, run_after=None
[2022-08-09 00:24:42,654] {processor.py:161} INFO - Processing /home/renan/datapipeline/.env/lib/python3.8/site-packages/airflow/example_dags/example_complex.py took 0.046 seconds
[2022-08-09 00:25:16,932] {processor.py:153} INFO - Started process (PID=12519) to work on /home/renan/datapipeline/.env/lib/python3.8/site-packages/airflow/example_dags/example_complex.py
[2022-08-09 00:25:16,933] {processor.py:641} INFO - Processing file /home/renan/datapipeline/.env/lib/python3.8/site-packages/airflow/example_dags/example_complex.py for tasks to queue
[2022-08-09 00:25:16,933] {logging_mixin.py:115} INFO - [2022-08-09 00:25:16,933] {dagbag.py:508} INFO - Filling up the DagBag from /home/renan/datapipeline/.env/lib/python3.8/site-packages/airflow/example_dags/example_complex.py
[2022-08-09 00:25:16,941] {processor.py:651} INFO - DAG(s) dict_keys(['example_complex']) retrieved from /home/renan/datapipeline/.env/lib/python3.8/site-packages/airflow/example_dags/example_complex.py
[2022-08-09 00:25:16,953] {logging_mixin.py:115} INFO - [2022-08-09 00:25:16,953] {dag.py:2420} INFO - Sync 1 DAGs
[2022-08-09 00:25:16,964] {logging_mixin.py:115} INFO - [2022-08-09 00:25:16,963] {dag.py:2968} INFO - Setting next_dagrun for example_complex to None, run_after=None
[2022-08-09 00:25:16,974] {processor.py:161} INFO - Processing /home/renan/datapipeline/.env/lib/python3.8/site-packages/airflow/example_dags/example_complex.py took 0.043 seconds
[2022-08-09 00:25:50,722] {processor.py:153} INFO - Started process (PID=12555) to work on /home/renan/datapipeline/.env/lib/python3.8/site-packages/airflow/example_dags/example_complex.py
[2022-08-09 00:25:50,722] {processor.py:641} INFO - Processing file /home/renan/datapipeline/.env/lib/python3.8/site-packages/airflow/example_dags/example_complex.py for tasks to queue
[2022-08-09 00:25:50,723] {logging_mixin.py:115} INFO - [2022-08-09 00:25:50,723] {dagbag.py:508} INFO - Filling up the DagBag from /home/renan/datapipeline/.env/lib/python3.8/site-packages/airflow/example_dags/example_complex.py
[2022-08-09 00:25:50,730] {processor.py:651} INFO - DAG(s) dict_keys(['example_complex']) retrieved from /home/renan/datapipeline/.env/lib/python3.8/site-packages/airflow/example_dags/example_complex.py
[2022-08-09 00:25:50,741] {logging_mixin.py:115} INFO - [2022-08-09 00:25:50,741] {dag.py:2420} INFO - Sync 1 DAGs
[2022-08-09 00:25:50,751] {logging_mixin.py:115} INFO - [2022-08-09 00:25:50,751] {dag.py:2968} INFO - Setting next_dagrun for example_complex to None, run_after=None
[2022-08-09 00:25:50,760] {processor.py:161} INFO - Processing /home/renan/datapipeline/.env/lib/python3.8/site-packages/airflow/example_dags/example_complex.py took 0.040 seconds
[2022-08-09 00:26:27,763] {processor.py:153} INFO - Started process (PID=12595) to work on /home/renan/datapipeline/.env/lib/python3.8/site-packages/airflow/example_dags/example_complex.py
[2022-08-09 00:26:27,764] {processor.py:641} INFO - Processing file /home/renan/datapipeline/.env/lib/python3.8/site-packages/airflow/example_dags/example_complex.py for tasks to queue
[2022-08-09 00:26:27,764] {logging_mixin.py:115} INFO - [2022-08-09 00:26:27,764] {dagbag.py:508} INFO - Filling up the DagBag from /home/renan/datapipeline/.env/lib/python3.8/site-packages/airflow/example_dags/example_complex.py
[2022-08-09 00:26:27,772] {processor.py:651} INFO - DAG(s) dict_keys(['example_complex']) retrieved from /home/renan/datapipeline/.env/lib/python3.8/site-packages/airflow/example_dags/example_complex.py
[2022-08-09 00:26:27,783] {logging_mixin.py:115} INFO - [2022-08-09 00:26:27,783] {dag.py:2420} INFO - Sync 1 DAGs
[2022-08-09 00:26:27,793] {logging_mixin.py:115} INFO - [2022-08-09 00:26:27,793] {dag.py:2968} INFO - Setting next_dagrun for example_complex to None, run_after=None
[2022-08-09 00:26:27,802] {processor.py:161} INFO - Processing /home/renan/datapipeline/.env/lib/python3.8/site-packages/airflow/example_dags/example_complex.py took 0.040 seconds
[2022-08-09 00:27:01,110] {processor.py:153} INFO - Started process (PID=12633) to work on /home/renan/datapipeline/.env/lib/python3.8/site-packages/airflow/example_dags/example_complex.py
[2022-08-09 00:27:01,110] {processor.py:641} INFO - Processing file /home/renan/datapipeline/.env/lib/python3.8/site-packages/airflow/example_dags/example_complex.py for tasks to queue
[2022-08-09 00:27:01,111] {logging_mixin.py:115} INFO - [2022-08-09 00:27:01,111] {dagbag.py:508} INFO - Filling up the DagBag from /home/renan/datapipeline/.env/lib/python3.8/site-packages/airflow/example_dags/example_complex.py
[2022-08-09 00:27:01,118] {processor.py:651} INFO - DAG(s) dict_keys(['example_complex']) retrieved from /home/renan/datapipeline/.env/lib/python3.8/site-packages/airflow/example_dags/example_complex.py
[2022-08-09 00:27:01,130] {logging_mixin.py:115} INFO - [2022-08-09 00:27:01,130] {dag.py:2420} INFO - Sync 1 DAGs
[2022-08-09 00:27:01,139] {logging_mixin.py:115} INFO - [2022-08-09 00:27:01,139] {dag.py:2968} INFO - Setting next_dagrun for example_complex to None, run_after=None
[2022-08-09 00:27:01,148] {processor.py:161} INFO - Processing /home/renan/datapipeline/.env/lib/python3.8/site-packages/airflow/example_dags/example_complex.py took 0.039 seconds
[2022-08-09 00:27:36,998] {processor.py:153} INFO - Started process (PID=12696) to work on /home/renan/datapipeline/.env/lib/python3.8/site-packages/airflow/example_dags/example_complex.py
[2022-08-09 00:27:36,999] {processor.py:641} INFO - Processing file /home/renan/datapipeline/.env/lib/python3.8/site-packages/airflow/example_dags/example_complex.py for tasks to queue
[2022-08-09 00:27:36,999] {logging_mixin.py:115} INFO - [2022-08-09 00:27:36,999] {dagbag.py:508} INFO - Filling up the DagBag from /home/renan/datapipeline/.env/lib/python3.8/site-packages/airflow/example_dags/example_complex.py
[2022-08-09 00:27:37,006] {processor.py:651} INFO - DAG(s) dict_keys(['example_complex']) retrieved from /home/renan/datapipeline/.env/lib/python3.8/site-packages/airflow/example_dags/example_complex.py
[2022-08-09 00:27:37,018] {logging_mixin.py:115} INFO - [2022-08-09 00:27:37,018] {dag.py:2420} INFO - Sync 1 DAGs
[2022-08-09 00:27:37,027] {logging_mixin.py:115} INFO - [2022-08-09 00:27:37,027] {dag.py:2968} INFO - Setting next_dagrun for example_complex to None, run_after=None
[2022-08-09 00:27:37,037] {processor.py:161} INFO - Processing /home/renan/datapipeline/.env/lib/python3.8/site-packages/airflow/example_dags/example_complex.py took 0.040 seconds
[2022-08-09 00:28:10,060] {processor.py:153} INFO - Started process (PID=12842) to work on /home/renan/datapipeline/.env/lib/python3.8/site-packages/airflow/example_dags/example_complex.py
[2022-08-09 00:28:10,060] {processor.py:641} INFO - Processing file /home/renan/datapipeline/.env/lib/python3.8/site-packages/airflow/example_dags/example_complex.py for tasks to queue
[2022-08-09 00:28:10,061] {logging_mixin.py:115} INFO - [2022-08-09 00:28:10,061] {dagbag.py:508} INFO - Filling up the DagBag from /home/renan/datapipeline/.env/lib/python3.8/site-packages/airflow/example_dags/example_complex.py
[2022-08-09 00:28:10,075] {processor.py:651} INFO - DAG(s) dict_keys(['example_complex']) retrieved from /home/renan/datapipeline/.env/lib/python3.8/site-packages/airflow/example_dags/example_complex.py
[2022-08-09 00:28:10,090] {logging_mixin.py:115} INFO - [2022-08-09 00:28:10,090] {dag.py:2420} INFO - Sync 1 DAGs
[2022-08-09 00:28:10,112] {logging_mixin.py:115} INFO - [2022-08-09 00:28:10,112] {dag.py:2968} INFO - Setting next_dagrun for example_complex to None, run_after=None
[2022-08-09 00:28:10,122] {processor.py:161} INFO - Processing /home/renan/datapipeline/.env/lib/python3.8/site-packages/airflow/example_dags/example_complex.py took 0.064 seconds
[2022-08-09 00:28:43,750] {processor.py:153} INFO - Started process (PID=12952) to work on /home/renan/datapipeline/.env/lib/python3.8/site-packages/airflow/example_dags/example_complex.py
[2022-08-09 00:28:43,750] {processor.py:641} INFO - Processing file /home/renan/datapipeline/.env/lib/python3.8/site-packages/airflow/example_dags/example_complex.py for tasks to queue
[2022-08-09 00:28:43,750] {logging_mixin.py:115} INFO - [2022-08-09 00:28:43,750] {dagbag.py:508} INFO - Filling up the DagBag from /home/renan/datapipeline/.env/lib/python3.8/site-packages/airflow/example_dags/example_complex.py
[2022-08-09 00:28:43,758] {processor.py:651} INFO - DAG(s) dict_keys(['example_complex']) retrieved from /home/renan/datapipeline/.env/lib/python3.8/site-packages/airflow/example_dags/example_complex.py
[2022-08-09 00:28:43,770] {logging_mixin.py:115} INFO - [2022-08-09 00:28:43,770] {dag.py:2420} INFO - Sync 1 DAGs
[2022-08-09 00:28:43,780] {logging_mixin.py:115} INFO - [2022-08-09 00:28:43,780] {dag.py:2968} INFO - Setting next_dagrun for example_complex to None, run_after=None
[2022-08-09 00:28:43,790] {processor.py:161} INFO - Processing /home/renan/datapipeline/.env/lib/python3.8/site-packages/airflow/example_dags/example_complex.py took 0.042 seconds
[2022-08-09 00:29:16,703] {processor.py:153} INFO - Started process (PID=12993) to work on /home/renan/datapipeline/.env/lib/python3.8/site-packages/airflow/example_dags/example_complex.py
[2022-08-09 00:29:16,704] {processor.py:641} INFO - Processing file /home/renan/datapipeline/.env/lib/python3.8/site-packages/airflow/example_dags/example_complex.py for tasks to queue
[2022-08-09 00:29:16,704] {logging_mixin.py:115} INFO - [2022-08-09 00:29:16,704] {dagbag.py:508} INFO - Filling up the DagBag from /home/renan/datapipeline/.env/lib/python3.8/site-packages/airflow/example_dags/example_complex.py
[2022-08-09 00:29:16,713] {processor.py:651} INFO - DAG(s) dict_keys(['example_complex']) retrieved from /home/renan/datapipeline/.env/lib/python3.8/site-packages/airflow/example_dags/example_complex.py
[2022-08-09 00:29:16,726] {logging_mixin.py:115} INFO - [2022-08-09 00:29:16,726] {dag.py:2420} INFO - Sync 1 DAGs
[2022-08-09 00:29:16,738] {logging_mixin.py:115} INFO - [2022-08-09 00:29:16,738] {dag.py:2968} INFO - Setting next_dagrun for example_complex to None, run_after=None
[2022-08-09 00:29:16,750] {processor.py:161} INFO - Processing /home/renan/datapipeline/.env/lib/python3.8/site-packages/airflow/example_dags/example_complex.py took 0.049 seconds
[2022-08-09 00:29:49,079] {processor.py:153} INFO - Started process (PID=13031) to work on /home/renan/datapipeline/.env/lib/python3.8/site-packages/airflow/example_dags/example_complex.py
[2022-08-09 00:29:49,079] {processor.py:641} INFO - Processing file /home/renan/datapipeline/.env/lib/python3.8/site-packages/airflow/example_dags/example_complex.py for tasks to queue
[2022-08-09 00:29:49,079] {logging_mixin.py:115} INFO - [2022-08-09 00:29:49,079] {dagbag.py:508} INFO - Filling up the DagBag from /home/renan/datapipeline/.env/lib/python3.8/site-packages/airflow/example_dags/example_complex.py
[2022-08-09 00:29:49,087] {processor.py:651} INFO - DAG(s) dict_keys(['example_complex']) retrieved from /home/renan/datapipeline/.env/lib/python3.8/site-packages/airflow/example_dags/example_complex.py
[2022-08-09 00:29:49,099] {logging_mixin.py:115} INFO - [2022-08-09 00:29:49,099] {dag.py:2420} INFO - Sync 1 DAGs
[2022-08-09 00:29:49,109] {logging_mixin.py:115} INFO - [2022-08-09 00:29:49,109] {dag.py:2968} INFO - Setting next_dagrun for example_complex to None, run_after=None
[2022-08-09 00:29:49,118] {processor.py:161} INFO - Processing /home/renan/datapipeline/.env/lib/python3.8/site-packages/airflow/example_dags/example_complex.py took 0.041 seconds
[2022-08-09 00:30:21,725] {processor.py:153} INFO - Started process (PID=13071) to work on /home/renan/datapipeline/.env/lib/python3.8/site-packages/airflow/example_dags/example_complex.py
[2022-08-09 00:30:21,726] {processor.py:641} INFO - Processing file /home/renan/datapipeline/.env/lib/python3.8/site-packages/airflow/example_dags/example_complex.py for tasks to queue
[2022-08-09 00:30:21,726] {logging_mixin.py:115} INFO - [2022-08-09 00:30:21,726] {dagbag.py:508} INFO - Filling up the DagBag from /home/renan/datapipeline/.env/lib/python3.8/site-packages/airflow/example_dags/example_complex.py
[2022-08-09 00:30:21,733] {processor.py:651} INFO - DAG(s) dict_keys(['example_complex']) retrieved from /home/renan/datapipeline/.env/lib/python3.8/site-packages/airflow/example_dags/example_complex.py
[2022-08-09 00:30:21,745] {logging_mixin.py:115} INFO - [2022-08-09 00:30:21,745] {dag.py:2420} INFO - Sync 1 DAGs
[2022-08-09 00:30:21,755] {logging_mixin.py:115} INFO - [2022-08-09 00:30:21,755] {dag.py:2968} INFO - Setting next_dagrun for example_complex to None, run_after=None
[2022-08-09 00:30:21,764] {processor.py:161} INFO - Processing /home/renan/datapipeline/.env/lib/python3.8/site-packages/airflow/example_dags/example_complex.py took 0.040 seconds
[2022-08-09 00:30:58,172] {processor.py:153} INFO - Started process (PID=13108) to work on /home/renan/datapipeline/.env/lib/python3.8/site-packages/airflow/example_dags/example_complex.py
[2022-08-09 00:30:58,173] {processor.py:641} INFO - Processing file /home/renan/datapipeline/.env/lib/python3.8/site-packages/airflow/example_dags/example_complex.py for tasks to queue
[2022-08-09 00:30:58,173] {logging_mixin.py:115} INFO - [2022-08-09 00:30:58,173] {dagbag.py:508} INFO - Filling up the DagBag from /home/renan/datapipeline/.env/lib/python3.8/site-packages/airflow/example_dags/example_complex.py
[2022-08-09 00:30:58,180] {processor.py:651} INFO - DAG(s) dict_keys(['example_complex']) retrieved from /home/renan/datapipeline/.env/lib/python3.8/site-packages/airflow/example_dags/example_complex.py
[2022-08-09 00:30:58,192] {logging_mixin.py:115} INFO - [2022-08-09 00:30:58,192] {dag.py:2420} INFO - Sync 1 DAGs
[2022-08-09 00:30:58,201] {logging_mixin.py:115} INFO - [2022-08-09 00:30:58,201] {dag.py:2968} INFO - Setting next_dagrun for example_complex to None, run_after=None
[2022-08-09 00:30:58,210] {processor.py:161} INFO - Processing /home/renan/datapipeline/.env/lib/python3.8/site-packages/airflow/example_dags/example_complex.py took 0.039 seconds
[2022-08-09 00:31:31,427] {processor.py:153} INFO - Started process (PID=13148) to work on /home/renan/datapipeline/.env/lib/python3.8/site-packages/airflow/example_dags/example_complex.py
[2022-08-09 00:31:31,427] {processor.py:641} INFO - Processing file /home/renan/datapipeline/.env/lib/python3.8/site-packages/airflow/example_dags/example_complex.py for tasks to queue
[2022-08-09 00:31:31,427] {logging_mixin.py:115} INFO - [2022-08-09 00:31:31,427] {dagbag.py:508} INFO - Filling up the DagBag from /home/renan/datapipeline/.env/lib/python3.8/site-packages/airflow/example_dags/example_complex.py
[2022-08-09 00:31:31,434] {processor.py:651} INFO - DAG(s) dict_keys(['example_complex']) retrieved from /home/renan/datapipeline/.env/lib/python3.8/site-packages/airflow/example_dags/example_complex.py
[2022-08-09 00:31:31,445] {logging_mixin.py:115} INFO - [2022-08-09 00:31:31,445] {dag.py:2420} INFO - Sync 1 DAGs
[2022-08-09 00:31:31,454] {logging_mixin.py:115} INFO - [2022-08-09 00:31:31,454] {dag.py:2968} INFO - Setting next_dagrun for example_complex to None, run_after=None
[2022-08-09 00:31:31,465] {processor.py:161} INFO - Processing /home/renan/datapipeline/.env/lib/python3.8/site-packages/airflow/example_dags/example_complex.py took 0.040 seconds
[2022-08-09 00:32:03,750] {processor.py:153} INFO - Started process (PID=13268) to work on /home/renan/datapipeline/.env/lib/python3.8/site-packages/airflow/example_dags/example_complex.py
[2022-08-09 00:32:03,750] {processor.py:641} INFO - Processing file /home/renan/datapipeline/.env/lib/python3.8/site-packages/airflow/example_dags/example_complex.py for tasks to queue
[2022-08-09 00:32:03,750] {logging_mixin.py:115} INFO - [2022-08-09 00:32:03,750] {dagbag.py:508} INFO - Filling up the DagBag from /home/renan/datapipeline/.env/lib/python3.8/site-packages/airflow/example_dags/example_complex.py
[2022-08-09 00:32:03,758] {processor.py:651} INFO - DAG(s) dict_keys(['example_complex']) retrieved from /home/renan/datapipeline/.env/lib/python3.8/site-packages/airflow/example_dags/example_complex.py
[2022-08-09 00:32:03,769] {logging_mixin.py:115} INFO - [2022-08-09 00:32:03,769] {dag.py:2420} INFO - Sync 1 DAGs
[2022-08-09 00:32:03,779] {logging_mixin.py:115} INFO - [2022-08-09 00:32:03,778] {dag.py:2968} INFO - Setting next_dagrun for example_complex to None, run_after=None
[2022-08-09 00:32:03,788] {processor.py:161} INFO - Processing /home/renan/datapipeline/.env/lib/python3.8/site-packages/airflow/example_dags/example_complex.py took 0.040 seconds
[2022-08-09 00:32:37,738] {processor.py:153} INFO - Started process (PID=13305) to work on /home/renan/datapipeline/.env/lib/python3.8/site-packages/airflow/example_dags/example_complex.py
[2022-08-09 00:32:37,739] {processor.py:641} INFO - Processing file /home/renan/datapipeline/.env/lib/python3.8/site-packages/airflow/example_dags/example_complex.py for tasks to queue
[2022-08-09 00:32:37,740] {logging_mixin.py:115} INFO - [2022-08-09 00:32:37,740] {dagbag.py:508} INFO - Filling up the DagBag from /home/renan/datapipeline/.env/lib/python3.8/site-packages/airflow/example_dags/example_complex.py
[2022-08-09 00:32:37,748] {processor.py:651} INFO - DAG(s) dict_keys(['example_complex']) retrieved from /home/renan/datapipeline/.env/lib/python3.8/site-packages/airflow/example_dags/example_complex.py
[2022-08-09 00:32:37,763] {logging_mixin.py:115} INFO - [2022-08-09 00:32:37,763] {dag.py:2420} INFO - Sync 1 DAGs
[2022-08-09 00:32:37,774] {logging_mixin.py:115} INFO - [2022-08-09 00:32:37,774] {dag.py:2968} INFO - Setting next_dagrun for example_complex to None, run_after=None
[2022-08-09 00:32:37,788] {processor.py:161} INFO - Processing /home/renan/datapipeline/.env/lib/python3.8/site-packages/airflow/example_dags/example_complex.py took 0.051 seconds
