[2022-08-08 23:54:56,307] {processor.py:153} INFO - Started process (PID=9801) to work on /home/renan/datapipeline/.env/lib/python3.8/site-packages/airflow/example_dags/example_task_group.py
[2022-08-08 23:54:56,307] {processor.py:641} INFO - Processing file /home/renan/datapipeline/.env/lib/python3.8/site-packages/airflow/example_dags/example_task_group.py for tasks to queue
[2022-08-08 23:54:56,308] {logging_mixin.py:115} INFO - [2022-08-08 23:54:56,308] {dagbag.py:508} INFO - Filling up the DagBag from /home/renan/datapipeline/.env/lib/python3.8/site-packages/airflow/example_dags/example_task_group.py
[2022-08-08 23:54:56,312] {processor.py:651} INFO - DAG(s) dict_keys(['example_task_group']) retrieved from /home/renan/datapipeline/.env/lib/python3.8/site-packages/airflow/example_dags/example_task_group.py
[2022-08-08 23:54:56,323] {logging_mixin.py:115} INFO - [2022-08-08 23:54:56,323] {dag.py:2420} INFO - Sync 1 DAGs
[2022-08-08 23:54:56,333] {logging_mixin.py:115} INFO - [2022-08-08 23:54:56,333] {dag.py:2968} INFO - Setting next_dagrun for example_task_group to 2022-08-08T02:54:56.332820+00:00, run_after=2022-08-09T02:54:56.332820+00:00
[2022-08-08 23:54:56,344] {processor.py:161} INFO - Processing /home/renan/datapipeline/.env/lib/python3.8/site-packages/airflow/example_dags/example_task_group.py took 0.038 seconds
[2022-08-08 23:55:29,096] {processor.py:153} INFO - Started process (PID=9931) to work on /home/renan/datapipeline/.env/lib/python3.8/site-packages/airflow/example_dags/example_task_group.py
[2022-08-08 23:55:29,097] {processor.py:641} INFO - Processing file /home/renan/datapipeline/.env/lib/python3.8/site-packages/airflow/example_dags/example_task_group.py for tasks to queue
[2022-08-08 23:55:29,097] {logging_mixin.py:115} INFO - [2022-08-08 23:55:29,097] {dagbag.py:508} INFO - Filling up the DagBag from /home/renan/datapipeline/.env/lib/python3.8/site-packages/airflow/example_dags/example_task_group.py
[2022-08-08 23:55:29,103] {processor.py:651} INFO - DAG(s) dict_keys(['example_task_group']) retrieved from /home/renan/datapipeline/.env/lib/python3.8/site-packages/airflow/example_dags/example_task_group.py
[2022-08-08 23:55:29,115] {logging_mixin.py:115} INFO - [2022-08-08 23:55:29,115] {dag.py:2420} INFO - Sync 1 DAGs
[2022-08-08 23:55:29,124] {logging_mixin.py:115} INFO - [2022-08-08 23:55:29,124] {dag.py:2968} INFO - Setting next_dagrun for example_task_group to 2022-08-08T02:55:29.124658+00:00, run_after=2022-08-09T02:55:29.124658+00:00
[2022-08-08 23:55:29,134] {processor.py:161} INFO - Processing /home/renan/datapipeline/.env/lib/python3.8/site-packages/airflow/example_dags/example_task_group.py took 0.040 seconds
[2022-08-08 23:56:02,082] {processor.py:153} INFO - Started process (PID=9968) to work on /home/renan/datapipeline/.env/lib/python3.8/site-packages/airflow/example_dags/example_task_group.py
[2022-08-08 23:56:02,083] {processor.py:641} INFO - Processing file /home/renan/datapipeline/.env/lib/python3.8/site-packages/airflow/example_dags/example_task_group.py for tasks to queue
[2022-08-08 23:56:02,083] {logging_mixin.py:115} INFO - [2022-08-08 23:56:02,083] {dagbag.py:508} INFO - Filling up the DagBag from /home/renan/datapipeline/.env/lib/python3.8/site-packages/airflow/example_dags/example_task_group.py
[2022-08-08 23:56:02,088] {processor.py:651} INFO - DAG(s) dict_keys(['example_task_group']) retrieved from /home/renan/datapipeline/.env/lib/python3.8/site-packages/airflow/example_dags/example_task_group.py
[2022-08-08 23:56:02,100] {logging_mixin.py:115} INFO - [2022-08-08 23:56:02,100] {dag.py:2420} INFO - Sync 1 DAGs
[2022-08-08 23:56:02,110] {logging_mixin.py:115} INFO - [2022-08-08 23:56:02,110] {dag.py:2968} INFO - Setting next_dagrun for example_task_group to 2022-08-08T02:56:02.110618+00:00, run_after=2022-08-09T02:56:02.110618+00:00
[2022-08-08 23:56:02,120] {processor.py:161} INFO - Processing /home/renan/datapipeline/.env/lib/python3.8/site-packages/airflow/example_dags/example_task_group.py took 0.039 seconds
[2022-08-08 23:56:36,878] {processor.py:153} INFO - Started process (PID=10059) to work on /home/renan/datapipeline/.env/lib/python3.8/site-packages/airflow/example_dags/example_task_group.py
[2022-08-08 23:56:36,878] {processor.py:641} INFO - Processing file /home/renan/datapipeline/.env/lib/python3.8/site-packages/airflow/example_dags/example_task_group.py for tasks to queue
[2022-08-08 23:56:36,879] {logging_mixin.py:115} INFO - [2022-08-08 23:56:36,879] {dagbag.py:508} INFO - Filling up the DagBag from /home/renan/datapipeline/.env/lib/python3.8/site-packages/airflow/example_dags/example_task_group.py
[2022-08-08 23:56:36,883] {processor.py:651} INFO - DAG(s) dict_keys(['example_task_group']) retrieved from /home/renan/datapipeline/.env/lib/python3.8/site-packages/airflow/example_dags/example_task_group.py
[2022-08-08 23:56:36,894] {logging_mixin.py:115} INFO - [2022-08-08 23:56:36,894] {dag.py:2420} INFO - Sync 1 DAGs
[2022-08-08 23:56:36,903] {logging_mixin.py:115} INFO - [2022-08-08 23:56:36,903] {dag.py:2968} INFO - Setting next_dagrun for example_task_group to 2022-08-08T02:56:36.903210+00:00, run_after=2022-08-09T02:56:36.903210+00:00
[2022-08-08 23:56:36,912] {processor.py:161} INFO - Processing /home/renan/datapipeline/.env/lib/python3.8/site-packages/airflow/example_dags/example_task_group.py took 0.036 seconds
[2022-08-08 23:57:10,359] {processor.py:153} INFO - Started process (PID=10101) to work on /home/renan/datapipeline/.env/lib/python3.8/site-packages/airflow/example_dags/example_task_group.py
[2022-08-08 23:57:10,360] {processor.py:641} INFO - Processing file /home/renan/datapipeline/.env/lib/python3.8/site-packages/airflow/example_dags/example_task_group.py for tasks to queue
[2022-08-08 23:57:10,360] {logging_mixin.py:115} INFO - [2022-08-08 23:57:10,360] {dagbag.py:508} INFO - Filling up the DagBag from /home/renan/datapipeline/.env/lib/python3.8/site-packages/airflow/example_dags/example_task_group.py
[2022-08-08 23:57:10,364] {processor.py:651} INFO - DAG(s) dict_keys(['example_task_group']) retrieved from /home/renan/datapipeline/.env/lib/python3.8/site-packages/airflow/example_dags/example_task_group.py
[2022-08-08 23:57:10,375] {logging_mixin.py:115} INFO - [2022-08-08 23:57:10,375] {dag.py:2420} INFO - Sync 1 DAGs
[2022-08-08 23:57:10,385] {logging_mixin.py:115} INFO - [2022-08-08 23:57:10,385] {dag.py:2968} INFO - Setting next_dagrun for example_task_group to 2022-08-08T02:57:10.385002+00:00, run_after=2022-08-09T02:57:10.385002+00:00
[2022-08-08 23:57:10,396] {processor.py:161} INFO - Processing /home/renan/datapipeline/.env/lib/python3.8/site-packages/airflow/example_dags/example_task_group.py took 0.038 seconds
[2022-08-08 23:57:55,334] {processor.py:153} INFO - Started process (PID=10138) to work on /home/renan/datapipeline/.env/lib/python3.8/site-packages/airflow/example_dags/example_task_group.py
[2022-08-08 23:57:55,334] {processor.py:641} INFO - Processing file /home/renan/datapipeline/.env/lib/python3.8/site-packages/airflow/example_dags/example_task_group.py for tasks to queue
[2022-08-08 23:57:55,334] {logging_mixin.py:115} INFO - [2022-08-08 23:57:55,334] {dagbag.py:508} INFO - Filling up the DagBag from /home/renan/datapipeline/.env/lib/python3.8/site-packages/airflow/example_dags/example_task_group.py
[2022-08-08 23:57:55,338] {processor.py:651} INFO - DAG(s) dict_keys(['example_task_group']) retrieved from /home/renan/datapipeline/.env/lib/python3.8/site-packages/airflow/example_dags/example_task_group.py
[2022-08-08 23:57:55,350] {logging_mixin.py:115} INFO - [2022-08-08 23:57:55,350] {dag.py:2420} INFO - Sync 1 DAGs
[2022-08-08 23:57:55,359] {logging_mixin.py:115} INFO - [2022-08-08 23:57:55,359] {dag.py:2968} INFO - Setting next_dagrun for example_task_group to 2022-08-08T02:57:55.359684+00:00, run_after=2022-08-09T02:57:55.359684+00:00
[2022-08-08 23:57:55,369] {processor.py:161} INFO - Processing /home/renan/datapipeline/.env/lib/python3.8/site-packages/airflow/example_dags/example_task_group.py took 0.037 seconds
[2022-08-08 23:59:12,497] {processor.py:153} INFO - Started process (PID=10237) to work on /home/renan/datapipeline/.env/lib/python3.8/site-packages/airflow/example_dags/example_task_group.py
[2022-08-08 23:59:12,497] {processor.py:641} INFO - Processing file /home/renan/datapipeline/.env/lib/python3.8/site-packages/airflow/example_dags/example_task_group.py for tasks to queue
[2022-08-08 23:59:12,498] {logging_mixin.py:115} INFO - [2022-08-08 23:59:12,498] {dagbag.py:508} INFO - Filling up the DagBag from /home/renan/datapipeline/.env/lib/python3.8/site-packages/airflow/example_dags/example_task_group.py
[2022-08-08 23:59:12,502] {processor.py:651} INFO - DAG(s) dict_keys(['example_task_group']) retrieved from /home/renan/datapipeline/.env/lib/python3.8/site-packages/airflow/example_dags/example_task_group.py
[2022-08-08 23:59:12,514] {logging_mixin.py:115} INFO - [2022-08-08 23:59:12,514] {dag.py:2420} INFO - Sync 1 DAGs
[2022-08-08 23:59:12,523] {logging_mixin.py:115} INFO - [2022-08-08 23:59:12,523] {dag.py:2968} INFO - Setting next_dagrun for example_task_group to 2022-08-08T02:59:12.523539+00:00, run_after=2022-08-09T02:59:12.523539+00:00
[2022-08-08 23:59:12,534] {processor.py:161} INFO - Processing /home/renan/datapipeline/.env/lib/python3.8/site-packages/airflow/example_dags/example_task_group.py took 0.039 seconds
[2022-08-08 23:59:44,445] {processor.py:153} INFO - Started process (PID=10296) to work on /home/renan/datapipeline/.env/lib/python3.8/site-packages/airflow/example_dags/example_task_group.py
[2022-08-08 23:59:44,445] {processor.py:641} INFO - Processing file /home/renan/datapipeline/.env/lib/python3.8/site-packages/airflow/example_dags/example_task_group.py for tasks to queue
[2022-08-08 23:59:44,446] {logging_mixin.py:115} INFO - [2022-08-08 23:59:44,446] {dagbag.py:508} INFO - Filling up the DagBag from /home/renan/datapipeline/.env/lib/python3.8/site-packages/airflow/example_dags/example_task_group.py
[2022-08-08 23:59:44,450] {processor.py:651} INFO - DAG(s) dict_keys(['example_task_group']) retrieved from /home/renan/datapipeline/.env/lib/python3.8/site-packages/airflow/example_dags/example_task_group.py
[2022-08-08 23:59:44,462] {logging_mixin.py:115} INFO - [2022-08-08 23:59:44,462] {dag.py:2420} INFO - Sync 1 DAGs
[2022-08-08 23:59:44,472] {logging_mixin.py:115} INFO - [2022-08-08 23:59:44,472] {dag.py:2968} INFO - Setting next_dagrun for example_task_group to 2022-08-08T02:59:44.471908+00:00, run_after=2022-08-09T02:59:44.471908+00:00
[2022-08-08 23:59:44,480] {processor.py:161} INFO - Processing /home/renan/datapipeline/.env/lib/python3.8/site-packages/airflow/example_dags/example_task_group.py took 0.037 seconds
[2022-08-09 00:00:19,256] {processor.py:153} INFO - Started process (PID=10367) to work on /home/renan/datapipeline/.env/lib/python3.8/site-packages/airflow/example_dags/example_task_group.py
[2022-08-09 00:00:19,256] {processor.py:641} INFO - Processing file /home/renan/datapipeline/.env/lib/python3.8/site-packages/airflow/example_dags/example_task_group.py for tasks to queue
[2022-08-09 00:00:19,257] {logging_mixin.py:115} INFO - [2022-08-09 00:00:19,256] {dagbag.py:508} INFO - Filling up the DagBag from /home/renan/datapipeline/.env/lib/python3.8/site-packages/airflow/example_dags/example_task_group.py
[2022-08-09 00:00:19,261] {processor.py:651} INFO - DAG(s) dict_keys(['example_task_group']) retrieved from /home/renan/datapipeline/.env/lib/python3.8/site-packages/airflow/example_dags/example_task_group.py
[2022-08-09 00:00:19,272] {logging_mixin.py:115} INFO - [2022-08-09 00:00:19,272] {dag.py:2420} INFO - Sync 1 DAGs
[2022-08-09 00:00:19,282] {logging_mixin.py:115} INFO - [2022-08-09 00:00:19,282] {dag.py:2968} INFO - Setting next_dagrun for example_task_group to 2022-08-08T03:00:19.282125+00:00, run_after=2022-08-09T03:00:19.282125+00:00
[2022-08-09 00:00:19,293] {processor.py:161} INFO - Processing /home/renan/datapipeline/.env/lib/python3.8/site-packages/airflow/example_dags/example_task_group.py took 0.039 seconds
[2022-08-09 00:00:52,266] {processor.py:153} INFO - Started process (PID=10414) to work on /home/renan/datapipeline/.env/lib/python3.8/site-packages/airflow/example_dags/example_task_group.py
[2022-08-09 00:00:52,266] {processor.py:641} INFO - Processing file /home/renan/datapipeline/.env/lib/python3.8/site-packages/airflow/example_dags/example_task_group.py for tasks to queue
[2022-08-09 00:00:52,266] {logging_mixin.py:115} INFO - [2022-08-09 00:00:52,266] {dagbag.py:508} INFO - Filling up the DagBag from /home/renan/datapipeline/.env/lib/python3.8/site-packages/airflow/example_dags/example_task_group.py
[2022-08-09 00:00:52,270] {processor.py:651} INFO - DAG(s) dict_keys(['example_task_group']) retrieved from /home/renan/datapipeline/.env/lib/python3.8/site-packages/airflow/example_dags/example_task_group.py
[2022-08-09 00:00:52,282] {logging_mixin.py:115} INFO - [2022-08-09 00:00:52,282] {dag.py:2420} INFO - Sync 1 DAGs
[2022-08-09 00:00:52,291] {logging_mixin.py:115} INFO - [2022-08-09 00:00:52,291] {dag.py:2968} INFO - Setting next_dagrun for example_task_group to 2022-08-08T03:00:52.291113+00:00, run_after=2022-08-09T03:00:52.291113+00:00
[2022-08-09 00:00:52,300] {processor.py:161} INFO - Processing /home/renan/datapipeline/.env/lib/python3.8/site-packages/airflow/example_dags/example_task_group.py took 0.036 seconds
[2022-08-09 00:01:24,637] {processor.py:153} INFO - Started process (PID=10460) to work on /home/renan/datapipeline/.env/lib/python3.8/site-packages/airflow/example_dags/example_task_group.py
[2022-08-09 00:01:24,637] {processor.py:641} INFO - Processing file /home/renan/datapipeline/.env/lib/python3.8/site-packages/airflow/example_dags/example_task_group.py for tasks to queue
[2022-08-09 00:01:24,638] {logging_mixin.py:115} INFO - [2022-08-09 00:01:24,638] {dagbag.py:508} INFO - Filling up the DagBag from /home/renan/datapipeline/.env/lib/python3.8/site-packages/airflow/example_dags/example_task_group.py
[2022-08-09 00:01:24,643] {processor.py:651} INFO - DAG(s) dict_keys(['example_task_group']) retrieved from /home/renan/datapipeline/.env/lib/python3.8/site-packages/airflow/example_dags/example_task_group.py
[2022-08-09 00:01:24,655] {logging_mixin.py:115} INFO - [2022-08-09 00:01:24,655] {dag.py:2420} INFO - Sync 1 DAGs
[2022-08-09 00:01:24,665] {logging_mixin.py:115} INFO - [2022-08-09 00:01:24,665] {dag.py:2968} INFO - Setting next_dagrun for example_task_group to 2022-08-08T03:01:24.665043+00:00, run_after=2022-08-09T03:01:24.665043+00:00
[2022-08-09 00:01:24,678] {processor.py:161} INFO - Processing /home/renan/datapipeline/.env/lib/python3.8/site-packages/airflow/example_dags/example_task_group.py took 0.043 seconds
[2022-08-09 00:01:56,759] {processor.py:153} INFO - Started process (PID=10494) to work on /home/renan/datapipeline/.env/lib/python3.8/site-packages/airflow/example_dags/example_task_group.py
[2022-08-09 00:01:56,761] {processor.py:641} INFO - Processing file /home/renan/datapipeline/.env/lib/python3.8/site-packages/airflow/example_dags/example_task_group.py for tasks to queue
[2022-08-09 00:01:56,761] {logging_mixin.py:115} INFO - [2022-08-09 00:01:56,761] {dagbag.py:508} INFO - Filling up the DagBag from /home/renan/datapipeline/.env/lib/python3.8/site-packages/airflow/example_dags/example_task_group.py
[2022-08-09 00:01:56,766] {processor.py:651} INFO - DAG(s) dict_keys(['example_task_group']) retrieved from /home/renan/datapipeline/.env/lib/python3.8/site-packages/airflow/example_dags/example_task_group.py
[2022-08-09 00:01:56,777] {logging_mixin.py:115} INFO - [2022-08-09 00:01:56,777] {dag.py:2420} INFO - Sync 1 DAGs
[2022-08-09 00:01:56,788] {logging_mixin.py:115} INFO - [2022-08-09 00:01:56,787] {dag.py:2968} INFO - Setting next_dagrun for example_task_group to 2022-08-08T03:01:56.787638+00:00, run_after=2022-08-09T03:01:56.787638+00:00
[2022-08-09 00:01:56,800] {processor.py:161} INFO - Processing /home/renan/datapipeline/.env/lib/python3.8/site-packages/airflow/example_dags/example_task_group.py took 0.042 seconds
[2022-08-09 00:02:27,568] {processor.py:153} INFO - Started process (PID=10536) to work on /home/renan/datapipeline/.env/lib/python3.8/site-packages/airflow/example_dags/example_task_group.py
[2022-08-09 00:02:27,568] {processor.py:641} INFO - Processing file /home/renan/datapipeline/.env/lib/python3.8/site-packages/airflow/example_dags/example_task_group.py for tasks to queue
[2022-08-09 00:02:27,569] {logging_mixin.py:115} INFO - [2022-08-09 00:02:27,569] {dagbag.py:508} INFO - Filling up the DagBag from /home/renan/datapipeline/.env/lib/python3.8/site-packages/airflow/example_dags/example_task_group.py
[2022-08-09 00:02:27,573] {processor.py:651} INFO - DAG(s) dict_keys(['example_task_group']) retrieved from /home/renan/datapipeline/.env/lib/python3.8/site-packages/airflow/example_dags/example_task_group.py
[2022-08-09 00:02:27,584] {logging_mixin.py:115} INFO - [2022-08-09 00:02:27,584] {dag.py:2420} INFO - Sync 1 DAGs
[2022-08-09 00:02:27,593] {logging_mixin.py:115} INFO - [2022-08-09 00:02:27,593] {dag.py:2968} INFO - Setting next_dagrun for example_task_group to 2022-08-08T03:02:27.593088+00:00, run_after=2022-08-09T03:02:27.593088+00:00
[2022-08-09 00:02:27,602] {processor.py:161} INFO - Processing /home/renan/datapipeline/.env/lib/python3.8/site-packages/airflow/example_dags/example_task_group.py took 0.035 seconds
[2022-08-09 00:03:02,480] {processor.py:153} INFO - Started process (PID=10582) to work on /home/renan/datapipeline/.env/lib/python3.8/site-packages/airflow/example_dags/example_task_group.py
[2022-08-09 00:03:02,481] {processor.py:641} INFO - Processing file /home/renan/datapipeline/.env/lib/python3.8/site-packages/airflow/example_dags/example_task_group.py for tasks to queue
[2022-08-09 00:03:02,481] {logging_mixin.py:115} INFO - [2022-08-09 00:03:02,481] {dagbag.py:508} INFO - Filling up the DagBag from /home/renan/datapipeline/.env/lib/python3.8/site-packages/airflow/example_dags/example_task_group.py
[2022-08-09 00:03:02,490] {processor.py:651} INFO - DAG(s) dict_keys(['example_task_group']) retrieved from /home/renan/datapipeline/.env/lib/python3.8/site-packages/airflow/example_dags/example_task_group.py
[2022-08-09 00:03:02,510] {logging_mixin.py:115} INFO - [2022-08-09 00:03:02,510] {dag.py:2420} INFO - Sync 1 DAGs
[2022-08-09 00:03:02,523] {logging_mixin.py:115} INFO - [2022-08-09 00:03:02,523] {dag.py:2968} INFO - Setting next_dagrun for example_task_group to 2022-08-08T03:03:02.523176+00:00, run_after=2022-08-09T03:03:02.523176+00:00
[2022-08-09 00:03:02,535] {processor.py:161} INFO - Processing /home/renan/datapipeline/.env/lib/python3.8/site-packages/airflow/example_dags/example_task_group.py took 0.058 seconds
[2022-08-09 00:03:34,176] {processor.py:153} INFO - Started process (PID=10618) to work on /home/renan/datapipeline/.env/lib/python3.8/site-packages/airflow/example_dags/example_task_group.py
[2022-08-09 00:03:34,177] {processor.py:641} INFO - Processing file /home/renan/datapipeline/.env/lib/python3.8/site-packages/airflow/example_dags/example_task_group.py for tasks to queue
[2022-08-09 00:03:34,177] {logging_mixin.py:115} INFO - [2022-08-09 00:03:34,177] {dagbag.py:508} INFO - Filling up the DagBag from /home/renan/datapipeline/.env/lib/python3.8/site-packages/airflow/example_dags/example_task_group.py
[2022-08-09 00:03:34,181] {processor.py:651} INFO - DAG(s) dict_keys(['example_task_group']) retrieved from /home/renan/datapipeline/.env/lib/python3.8/site-packages/airflow/example_dags/example_task_group.py
[2022-08-09 00:03:34,192] {logging_mixin.py:115} INFO - [2022-08-09 00:03:34,192] {dag.py:2420} INFO - Sync 1 DAGs
[2022-08-09 00:03:34,202] {logging_mixin.py:115} INFO - [2022-08-09 00:03:34,202] {dag.py:2968} INFO - Setting next_dagrun for example_task_group to 2022-08-08T03:03:34.202102+00:00, run_after=2022-08-09T03:03:34.202102+00:00
[2022-08-09 00:03:34,211] {processor.py:161} INFO - Processing /home/renan/datapipeline/.env/lib/python3.8/site-packages/airflow/example_dags/example_task_group.py took 0.036 seconds
[2022-08-09 00:04:07,508] {processor.py:153} INFO - Started process (PID=10662) to work on /home/renan/datapipeline/.env/lib/python3.8/site-packages/airflow/example_dags/example_task_group.py
[2022-08-09 00:04:07,509] {processor.py:641} INFO - Processing file /home/renan/datapipeline/.env/lib/python3.8/site-packages/airflow/example_dags/example_task_group.py for tasks to queue
[2022-08-09 00:04:07,509] {logging_mixin.py:115} INFO - [2022-08-09 00:04:07,509] {dagbag.py:508} INFO - Filling up the DagBag from /home/renan/datapipeline/.env/lib/python3.8/site-packages/airflow/example_dags/example_task_group.py
[2022-08-09 00:04:07,513] {processor.py:651} INFO - DAG(s) dict_keys(['example_task_group']) retrieved from /home/renan/datapipeline/.env/lib/python3.8/site-packages/airflow/example_dags/example_task_group.py
[2022-08-09 00:04:07,523] {logging_mixin.py:115} INFO - [2022-08-09 00:04:07,523] {dag.py:2420} INFO - Sync 1 DAGs
[2022-08-09 00:04:07,533] {logging_mixin.py:115} INFO - [2022-08-09 00:04:07,533] {dag.py:2968} INFO - Setting next_dagrun for example_task_group to 2022-08-08T03:04:07.533312+00:00, run_after=2022-08-09T03:04:07.533312+00:00
[2022-08-09 00:04:07,543] {processor.py:161} INFO - Processing /home/renan/datapipeline/.env/lib/python3.8/site-packages/airflow/example_dags/example_task_group.py took 0.036 seconds
[2022-08-09 00:04:40,910] {processor.py:153} INFO - Started process (PID=10698) to work on /home/renan/datapipeline/.env/lib/python3.8/site-packages/airflow/example_dags/example_task_group.py
[2022-08-09 00:04:40,910] {processor.py:641} INFO - Processing file /home/renan/datapipeline/.env/lib/python3.8/site-packages/airflow/example_dags/example_task_group.py for tasks to queue
[2022-08-09 00:04:40,910] {logging_mixin.py:115} INFO - [2022-08-09 00:04:40,910] {dagbag.py:508} INFO - Filling up the DagBag from /home/renan/datapipeline/.env/lib/python3.8/site-packages/airflow/example_dags/example_task_group.py
[2022-08-09 00:04:40,914] {processor.py:651} INFO - DAG(s) dict_keys(['example_task_group']) retrieved from /home/renan/datapipeline/.env/lib/python3.8/site-packages/airflow/example_dags/example_task_group.py
[2022-08-09 00:04:40,925] {logging_mixin.py:115} INFO - [2022-08-09 00:04:40,925] {dag.py:2420} INFO - Sync 1 DAGs
[2022-08-09 00:04:40,935] {logging_mixin.py:115} INFO - [2022-08-09 00:04:40,935] {dag.py:2968} INFO - Setting next_dagrun for example_task_group to 2022-08-08T03:04:40.935255+00:00, run_after=2022-08-09T03:04:40.935255+00:00
[2022-08-09 00:04:40,944] {processor.py:161} INFO - Processing /home/renan/datapipeline/.env/lib/python3.8/site-packages/airflow/example_dags/example_task_group.py took 0.036 seconds
[2022-08-09 00:05:11,882] {processor.py:153} INFO - Started process (PID=10758) to work on /home/renan/datapipeline/.env/lib/python3.8/site-packages/airflow/example_dags/example_task_group.py
[2022-08-09 00:05:11,883] {processor.py:641} INFO - Processing file /home/renan/datapipeline/.env/lib/python3.8/site-packages/airflow/example_dags/example_task_group.py for tasks to queue
[2022-08-09 00:05:11,883] {logging_mixin.py:115} INFO - [2022-08-09 00:05:11,883] {dagbag.py:508} INFO - Filling up the DagBag from /home/renan/datapipeline/.env/lib/python3.8/site-packages/airflow/example_dags/example_task_group.py
[2022-08-09 00:05:11,887] {processor.py:651} INFO - DAG(s) dict_keys(['example_task_group']) retrieved from /home/renan/datapipeline/.env/lib/python3.8/site-packages/airflow/example_dags/example_task_group.py
[2022-08-09 00:05:11,900] {logging_mixin.py:115} INFO - [2022-08-09 00:05:11,900] {dag.py:2420} INFO - Sync 1 DAGs
[2022-08-09 00:05:11,911] {logging_mixin.py:115} INFO - [2022-08-09 00:05:11,911] {dag.py:2968} INFO - Setting next_dagrun for example_task_group to 2022-08-08T03:05:11.910960+00:00, run_after=2022-08-09T03:05:11.910960+00:00
[2022-08-09 00:05:11,923] {processor.py:161} INFO - Processing /home/renan/datapipeline/.env/lib/python3.8/site-packages/airflow/example_dags/example_task_group.py took 0.043 seconds
[2022-08-09 00:05:45,861] {processor.py:153} INFO - Started process (PID=10796) to work on /home/renan/datapipeline/.env/lib/python3.8/site-packages/airflow/example_dags/example_task_group.py
[2022-08-09 00:05:45,862] {processor.py:641} INFO - Processing file /home/renan/datapipeline/.env/lib/python3.8/site-packages/airflow/example_dags/example_task_group.py for tasks to queue
[2022-08-09 00:05:45,862] {logging_mixin.py:115} INFO - [2022-08-09 00:05:45,862] {dagbag.py:508} INFO - Filling up the DagBag from /home/renan/datapipeline/.env/lib/python3.8/site-packages/airflow/example_dags/example_task_group.py
[2022-08-09 00:05:45,866] {processor.py:651} INFO - DAG(s) dict_keys(['example_task_group']) retrieved from /home/renan/datapipeline/.env/lib/python3.8/site-packages/airflow/example_dags/example_task_group.py
[2022-08-09 00:05:45,878] {logging_mixin.py:115} INFO - [2022-08-09 00:05:45,878] {dag.py:2420} INFO - Sync 1 DAGs
[2022-08-09 00:05:45,888] {logging_mixin.py:115} INFO - [2022-08-09 00:05:45,888] {dag.py:2968} INFO - Setting next_dagrun for example_task_group to 2022-08-08T03:05:45.888349+00:00, run_after=2022-08-09T03:05:45.888349+00:00
[2022-08-09 00:05:45,897] {processor.py:161} INFO - Processing /home/renan/datapipeline/.env/lib/python3.8/site-packages/airflow/example_dags/example_task_group.py took 0.037 seconds
[2022-08-09 00:06:19,502] {processor.py:153} INFO - Started process (PID=10831) to work on /home/renan/datapipeline/.env/lib/python3.8/site-packages/airflow/example_dags/example_task_group.py
[2022-08-09 00:06:19,502] {processor.py:641} INFO - Processing file /home/renan/datapipeline/.env/lib/python3.8/site-packages/airflow/example_dags/example_task_group.py for tasks to queue
[2022-08-09 00:06:19,502] {logging_mixin.py:115} INFO - [2022-08-09 00:06:19,502] {dagbag.py:508} INFO - Filling up the DagBag from /home/renan/datapipeline/.env/lib/python3.8/site-packages/airflow/example_dags/example_task_group.py
[2022-08-09 00:06:19,506] {processor.py:651} INFO - DAG(s) dict_keys(['example_task_group']) retrieved from /home/renan/datapipeline/.env/lib/python3.8/site-packages/airflow/example_dags/example_task_group.py
[2022-08-09 00:06:19,517] {logging_mixin.py:115} INFO - [2022-08-09 00:06:19,517] {dag.py:2420} INFO - Sync 1 DAGs
[2022-08-09 00:06:19,526] {logging_mixin.py:115} INFO - [2022-08-09 00:06:19,526] {dag.py:2968} INFO - Setting next_dagrun for example_task_group to 2022-08-08T03:06:19.526422+00:00, run_after=2022-08-09T03:06:19.526422+00:00
[2022-08-09 00:06:19,535] {processor.py:161} INFO - Processing /home/renan/datapipeline/.env/lib/python3.8/site-packages/airflow/example_dags/example_task_group.py took 0.035 seconds
[2022-08-09 00:06:51,394] {processor.py:153} INFO - Started process (PID=10879) to work on /home/renan/datapipeline/.env/lib/python3.8/site-packages/airflow/example_dags/example_task_group.py
[2022-08-09 00:06:51,394] {processor.py:641} INFO - Processing file /home/renan/datapipeline/.env/lib/python3.8/site-packages/airflow/example_dags/example_task_group.py for tasks to queue
[2022-08-09 00:06:51,394] {logging_mixin.py:115} INFO - [2022-08-09 00:06:51,394] {dagbag.py:508} INFO - Filling up the DagBag from /home/renan/datapipeline/.env/lib/python3.8/site-packages/airflow/example_dags/example_task_group.py
[2022-08-09 00:06:51,398] {processor.py:651} INFO - DAG(s) dict_keys(['example_task_group']) retrieved from /home/renan/datapipeline/.env/lib/python3.8/site-packages/airflow/example_dags/example_task_group.py
[2022-08-09 00:06:51,410] {logging_mixin.py:115} INFO - [2022-08-09 00:06:51,409] {dag.py:2420} INFO - Sync 1 DAGs
[2022-08-09 00:06:51,420] {logging_mixin.py:115} INFO - [2022-08-09 00:06:51,420] {dag.py:2968} INFO - Setting next_dagrun for example_task_group to 2022-08-08T03:06:51.419844+00:00, run_after=2022-08-09T03:06:51.419844+00:00
[2022-08-09 00:06:51,429] {processor.py:161} INFO - Processing /home/renan/datapipeline/.env/lib/python3.8/site-packages/airflow/example_dags/example_task_group.py took 0.038 seconds
[2022-08-09 00:07:24,461] {processor.py:153} INFO - Started process (PID=10929) to work on /home/renan/datapipeline/.env/lib/python3.8/site-packages/airflow/example_dags/example_task_group.py
[2022-08-09 00:07:24,462] {processor.py:641} INFO - Processing file /home/renan/datapipeline/.env/lib/python3.8/site-packages/airflow/example_dags/example_task_group.py for tasks to queue
[2022-08-09 00:07:24,463] {logging_mixin.py:115} INFO - [2022-08-09 00:07:24,463] {dagbag.py:508} INFO - Filling up the DagBag from /home/renan/datapipeline/.env/lib/python3.8/site-packages/airflow/example_dags/example_task_group.py
[2022-08-09 00:07:24,467] {processor.py:651} INFO - DAG(s) dict_keys(['example_task_group']) retrieved from /home/renan/datapipeline/.env/lib/python3.8/site-packages/airflow/example_dags/example_task_group.py
[2022-08-09 00:07:24,480] {logging_mixin.py:115} INFO - [2022-08-09 00:07:24,480] {dag.py:2420} INFO - Sync 1 DAGs
[2022-08-09 00:07:24,491] {logging_mixin.py:115} INFO - [2022-08-09 00:07:24,491] {dag.py:2968} INFO - Setting next_dagrun for example_task_group to 2022-08-08T03:07:24.490843+00:00, run_after=2022-08-09T03:07:24.490843+00:00
[2022-08-09 00:07:24,501] {processor.py:161} INFO - Processing /home/renan/datapipeline/.env/lib/python3.8/site-packages/airflow/example_dags/example_task_group.py took 0.041 seconds
[2022-08-09 00:07:59,847] {processor.py:153} INFO - Started process (PID=10970) to work on /home/renan/datapipeline/.env/lib/python3.8/site-packages/airflow/example_dags/example_task_group.py
[2022-08-09 00:07:59,848] {processor.py:641} INFO - Processing file /home/renan/datapipeline/.env/lib/python3.8/site-packages/airflow/example_dags/example_task_group.py for tasks to queue
[2022-08-09 00:07:59,848] {logging_mixin.py:115} INFO - [2022-08-09 00:07:59,848] {dagbag.py:508} INFO - Filling up the DagBag from /home/renan/datapipeline/.env/lib/python3.8/site-packages/airflow/example_dags/example_task_group.py
[2022-08-09 00:07:59,852] {processor.py:651} INFO - DAG(s) dict_keys(['example_task_group']) retrieved from /home/renan/datapipeline/.env/lib/python3.8/site-packages/airflow/example_dags/example_task_group.py
[2022-08-09 00:07:59,863] {logging_mixin.py:115} INFO - [2022-08-09 00:07:59,863] {dag.py:2420} INFO - Sync 1 DAGs
[2022-08-09 00:07:59,872] {logging_mixin.py:115} INFO - [2022-08-09 00:07:59,872] {dag.py:2968} INFO - Setting next_dagrun for example_task_group to 2022-08-08T03:07:59.872742+00:00, run_after=2022-08-09T03:07:59.872742+00:00
[2022-08-09 00:07:59,883] {processor.py:161} INFO - Processing /home/renan/datapipeline/.env/lib/python3.8/site-packages/airflow/example_dags/example_task_group.py took 0.037 seconds
[2022-08-09 00:08:31,304] {processor.py:153} INFO - Started process (PID=11004) to work on /home/renan/datapipeline/.env/lib/python3.8/site-packages/airflow/example_dags/example_task_group.py
[2022-08-09 00:08:31,305] {processor.py:641} INFO - Processing file /home/renan/datapipeline/.env/lib/python3.8/site-packages/airflow/example_dags/example_task_group.py for tasks to queue
[2022-08-09 00:08:31,305] {logging_mixin.py:115} INFO - [2022-08-09 00:08:31,305] {dagbag.py:508} INFO - Filling up the DagBag from /home/renan/datapipeline/.env/lib/python3.8/site-packages/airflow/example_dags/example_task_group.py
[2022-08-09 00:08:31,309] {processor.py:651} INFO - DAG(s) dict_keys(['example_task_group']) retrieved from /home/renan/datapipeline/.env/lib/python3.8/site-packages/airflow/example_dags/example_task_group.py
[2022-08-09 00:08:31,320] {logging_mixin.py:115} INFO - [2022-08-09 00:08:31,319] {dag.py:2420} INFO - Sync 1 DAGs
[2022-08-09 00:08:31,329] {logging_mixin.py:115} INFO - [2022-08-09 00:08:31,329] {dag.py:2968} INFO - Setting next_dagrun for example_task_group to 2022-08-08T03:08:31.329187+00:00, run_after=2022-08-09T03:08:31.329187+00:00
[2022-08-09 00:08:31,338] {processor.py:161} INFO - Processing /home/renan/datapipeline/.env/lib/python3.8/site-packages/airflow/example_dags/example_task_group.py took 0.035 seconds
[2022-08-09 00:09:03,588] {processor.py:153} INFO - Started process (PID=11040) to work on /home/renan/datapipeline/.env/lib/python3.8/site-packages/airflow/example_dags/example_task_group.py
[2022-08-09 00:09:03,588] {processor.py:641} INFO - Processing file /home/renan/datapipeline/.env/lib/python3.8/site-packages/airflow/example_dags/example_task_group.py for tasks to queue
[2022-08-09 00:09:03,588] {logging_mixin.py:115} INFO - [2022-08-09 00:09:03,588] {dagbag.py:508} INFO - Filling up the DagBag from /home/renan/datapipeline/.env/lib/python3.8/site-packages/airflow/example_dags/example_task_group.py
[2022-08-09 00:09:03,592] {processor.py:651} INFO - DAG(s) dict_keys(['example_task_group']) retrieved from /home/renan/datapipeline/.env/lib/python3.8/site-packages/airflow/example_dags/example_task_group.py
[2022-08-09 00:09:03,603] {logging_mixin.py:115} INFO - [2022-08-09 00:09:03,603] {dag.py:2420} INFO - Sync 1 DAGs
[2022-08-09 00:09:03,613] {logging_mixin.py:115} INFO - [2022-08-09 00:09:03,612] {dag.py:2968} INFO - Setting next_dagrun for example_task_group to 2022-08-08T03:09:03.612839+00:00, run_after=2022-08-09T03:09:03.612839+00:00
[2022-08-09 00:09:03,621] {processor.py:161} INFO - Processing /home/renan/datapipeline/.env/lib/python3.8/site-packages/airflow/example_dags/example_task_group.py took 0.035 seconds
[2022-08-09 00:09:38,201] {processor.py:153} INFO - Started process (PID=11075) to work on /home/renan/datapipeline/.env/lib/python3.8/site-packages/airflow/example_dags/example_task_group.py
[2022-08-09 00:09:38,201] {processor.py:641} INFO - Processing file /home/renan/datapipeline/.env/lib/python3.8/site-packages/airflow/example_dags/example_task_group.py for tasks to queue
[2022-08-09 00:09:38,202] {logging_mixin.py:115} INFO - [2022-08-09 00:09:38,202] {dagbag.py:508} INFO - Filling up the DagBag from /home/renan/datapipeline/.env/lib/python3.8/site-packages/airflow/example_dags/example_task_group.py
[2022-08-09 00:09:38,207] {processor.py:651} INFO - DAG(s) dict_keys(['example_task_group']) retrieved from /home/renan/datapipeline/.env/lib/python3.8/site-packages/airflow/example_dags/example_task_group.py
[2022-08-09 00:09:38,217] {logging_mixin.py:115} INFO - [2022-08-09 00:09:38,217] {dag.py:2420} INFO - Sync 1 DAGs
[2022-08-09 00:09:38,226] {logging_mixin.py:115} INFO - [2022-08-09 00:09:38,226] {dag.py:2968} INFO - Setting next_dagrun for example_task_group to 2022-08-08T03:09:38.226713+00:00, run_after=2022-08-09T03:09:38.226713+00:00
[2022-08-09 00:09:38,236] {processor.py:161} INFO - Processing /home/renan/datapipeline/.env/lib/python3.8/site-packages/airflow/example_dags/example_task_group.py took 0.036 seconds
[2022-08-09 00:10:09,171] {processor.py:153} INFO - Started process (PID=11115) to work on /home/renan/datapipeline/.env/lib/python3.8/site-packages/airflow/example_dags/example_task_group.py
[2022-08-09 00:10:09,172] {processor.py:641} INFO - Processing file /home/renan/datapipeline/.env/lib/python3.8/site-packages/airflow/example_dags/example_task_group.py for tasks to queue
[2022-08-09 00:10:09,172] {logging_mixin.py:115} INFO - [2022-08-09 00:10:09,172] {dagbag.py:508} INFO - Filling up the DagBag from /home/renan/datapipeline/.env/lib/python3.8/site-packages/airflow/example_dags/example_task_group.py
[2022-08-09 00:10:09,178] {processor.py:651} INFO - DAG(s) dict_keys(['example_task_group']) retrieved from /home/renan/datapipeline/.env/lib/python3.8/site-packages/airflow/example_dags/example_task_group.py
[2022-08-09 00:10:09,187] {logging_mixin.py:115} INFO - [2022-08-09 00:10:09,187] {dag.py:2420} INFO - Sync 1 DAGs
[2022-08-09 00:10:09,197] {logging_mixin.py:115} INFO - [2022-08-09 00:10:09,197] {dag.py:2968} INFO - Setting next_dagrun for example_task_group to 2022-08-08T03:10:09.196949+00:00, run_after=2022-08-09T03:10:09.196949+00:00
[2022-08-09 00:10:09,206] {processor.py:161} INFO - Processing /home/renan/datapipeline/.env/lib/python3.8/site-packages/airflow/example_dags/example_task_group.py took 0.036 seconds
[2022-08-09 00:10:41,099] {processor.py:153} INFO - Started process (PID=11148) to work on /home/renan/datapipeline/.env/lib/python3.8/site-packages/airflow/example_dags/example_task_group.py
[2022-08-09 00:10:41,099] {processor.py:641} INFO - Processing file /home/renan/datapipeline/.env/lib/python3.8/site-packages/airflow/example_dags/example_task_group.py for tasks to queue
[2022-08-09 00:10:41,099] {logging_mixin.py:115} INFO - [2022-08-09 00:10:41,099] {dagbag.py:508} INFO - Filling up the DagBag from /home/renan/datapipeline/.env/lib/python3.8/site-packages/airflow/example_dags/example_task_group.py
[2022-08-09 00:10:41,105] {processor.py:651} INFO - DAG(s) dict_keys(['example_task_group']) retrieved from /home/renan/datapipeline/.env/lib/python3.8/site-packages/airflow/example_dags/example_task_group.py
[2022-08-09 00:10:41,114] {logging_mixin.py:115} INFO - [2022-08-09 00:10:41,114] {dag.py:2420} INFO - Sync 1 DAGs
[2022-08-09 00:10:41,124] {logging_mixin.py:115} INFO - [2022-08-09 00:10:41,124] {dag.py:2968} INFO - Setting next_dagrun for example_task_group to 2022-08-08T03:10:41.124346+00:00, run_after=2022-08-09T03:10:41.124346+00:00
[2022-08-09 00:10:41,133] {processor.py:161} INFO - Processing /home/renan/datapipeline/.env/lib/python3.8/site-packages/airflow/example_dags/example_task_group.py took 0.037 seconds
[2022-08-09 00:11:15,236] {processor.py:153} INFO - Started process (PID=11200) to work on /home/renan/datapipeline/.env/lib/python3.8/site-packages/airflow/example_dags/example_task_group.py
[2022-08-09 00:11:15,237] {processor.py:641} INFO - Processing file /home/renan/datapipeline/.env/lib/python3.8/site-packages/airflow/example_dags/example_task_group.py for tasks to queue
[2022-08-09 00:11:15,237] {logging_mixin.py:115} INFO - [2022-08-09 00:11:15,237] {dagbag.py:508} INFO - Filling up the DagBag from /home/renan/datapipeline/.env/lib/python3.8/site-packages/airflow/example_dags/example_task_group.py
[2022-08-09 00:11:15,243] {processor.py:651} INFO - DAG(s) dict_keys(['example_task_group']) retrieved from /home/renan/datapipeline/.env/lib/python3.8/site-packages/airflow/example_dags/example_task_group.py
[2022-08-09 00:11:15,253] {logging_mixin.py:115} INFO - [2022-08-09 00:11:15,253] {dag.py:2420} INFO - Sync 1 DAGs
[2022-08-09 00:11:15,262] {logging_mixin.py:115} INFO - [2022-08-09 00:11:15,262] {dag.py:2968} INFO - Setting next_dagrun for example_task_group to 2022-08-08T03:11:15.262717+00:00, run_after=2022-08-09T03:11:15.262717+00:00
[2022-08-09 00:11:15,272] {processor.py:161} INFO - Processing /home/renan/datapipeline/.env/lib/python3.8/site-packages/airflow/example_dags/example_task_group.py took 0.037 seconds
[2022-08-09 00:11:45,491] {processor.py:153} INFO - Started process (PID=11234) to work on /home/renan/datapipeline/.env/lib/python3.8/site-packages/airflow/example_dags/example_task_group.py
[2022-08-09 00:11:45,491] {processor.py:641} INFO - Processing file /home/renan/datapipeline/.env/lib/python3.8/site-packages/airflow/example_dags/example_task_group.py for tasks to queue
[2022-08-09 00:11:45,491] {logging_mixin.py:115} INFO - [2022-08-09 00:11:45,491] {dagbag.py:508} INFO - Filling up the DagBag from /home/renan/datapipeline/.env/lib/python3.8/site-packages/airflow/example_dags/example_task_group.py
[2022-08-09 00:11:45,498] {processor.py:651} INFO - DAG(s) dict_keys(['example_task_group']) retrieved from /home/renan/datapipeline/.env/lib/python3.8/site-packages/airflow/example_dags/example_task_group.py
[2022-08-09 00:11:45,510] {logging_mixin.py:115} INFO - [2022-08-09 00:11:45,509] {dag.py:2420} INFO - Sync 1 DAGs
[2022-08-09 00:11:45,522] {logging_mixin.py:115} INFO - [2022-08-09 00:11:45,522] {dag.py:2968} INFO - Setting next_dagrun for example_task_group to 2022-08-08T03:11:45.522575+00:00, run_after=2022-08-09T03:11:45.522575+00:00
[2022-08-09 00:11:45,537] {processor.py:161} INFO - Processing /home/renan/datapipeline/.env/lib/python3.8/site-packages/airflow/example_dags/example_task_group.py took 0.048 seconds
[2022-08-09 00:12:17,461] {processor.py:153} INFO - Started process (PID=11297) to work on /home/renan/datapipeline/.env/lib/python3.8/site-packages/airflow/example_dags/example_task_group.py
[2022-08-09 00:12:17,462] {processor.py:641} INFO - Processing file /home/renan/datapipeline/.env/lib/python3.8/site-packages/airflow/example_dags/example_task_group.py for tasks to queue
[2022-08-09 00:12:17,462] {logging_mixin.py:115} INFO - [2022-08-09 00:12:17,462] {dagbag.py:508} INFO - Filling up the DagBag from /home/renan/datapipeline/.env/lib/python3.8/site-packages/airflow/example_dags/example_task_group.py
[2022-08-09 00:12:17,468] {processor.py:651} INFO - DAG(s) dict_keys(['example_task_group']) retrieved from /home/renan/datapipeline/.env/lib/python3.8/site-packages/airflow/example_dags/example_task_group.py
[2022-08-09 00:12:17,482] {logging_mixin.py:115} INFO - [2022-08-09 00:12:17,482] {dag.py:2420} INFO - Sync 1 DAGs
[2022-08-09 00:12:17,492] {logging_mixin.py:115} INFO - [2022-08-09 00:12:17,492] {dag.py:2968} INFO - Setting next_dagrun for example_task_group to 2022-08-08T03:12:17.492389+00:00, run_after=2022-08-09T03:12:17.492389+00:00
[2022-08-09 00:12:17,501] {processor.py:161} INFO - Processing /home/renan/datapipeline/.env/lib/python3.8/site-packages/airflow/example_dags/example_task_group.py took 0.042 seconds
[2022-08-09 00:12:50,471] {processor.py:153} INFO - Started process (PID=11338) to work on /home/renan/datapipeline/.env/lib/python3.8/site-packages/airflow/example_dags/example_task_group.py
[2022-08-09 00:12:50,472] {processor.py:641} INFO - Processing file /home/renan/datapipeline/.env/lib/python3.8/site-packages/airflow/example_dags/example_task_group.py for tasks to queue
[2022-08-09 00:12:50,472] {logging_mixin.py:115} INFO - [2022-08-09 00:12:50,472] {dagbag.py:508} INFO - Filling up the DagBag from /home/renan/datapipeline/.env/lib/python3.8/site-packages/airflow/example_dags/example_task_group.py
[2022-08-09 00:12:50,478] {processor.py:651} INFO - DAG(s) dict_keys(['example_task_group']) retrieved from /home/renan/datapipeline/.env/lib/python3.8/site-packages/airflow/example_dags/example_task_group.py
[2022-08-09 00:12:50,487] {logging_mixin.py:115} INFO - [2022-08-09 00:12:50,487] {dag.py:2420} INFO - Sync 1 DAGs
[2022-08-09 00:12:50,497] {logging_mixin.py:115} INFO - [2022-08-09 00:12:50,497] {dag.py:2968} INFO - Setting next_dagrun for example_task_group to 2022-08-08T03:12:50.497547+00:00, run_after=2022-08-09T03:12:50.497547+00:00
[2022-08-09 00:12:50,505] {processor.py:161} INFO - Processing /home/renan/datapipeline/.env/lib/python3.8/site-packages/airflow/example_dags/example_task_group.py took 0.036 seconds
[2022-08-09 00:13:21,282] {processor.py:153} INFO - Started process (PID=11381) to work on /home/renan/datapipeline/.env/lib/python3.8/site-packages/airflow/example_dags/example_task_group.py
[2022-08-09 00:13:21,282] {processor.py:641} INFO - Processing file /home/renan/datapipeline/.env/lib/python3.8/site-packages/airflow/example_dags/example_task_group.py for tasks to queue
[2022-08-09 00:13:21,283] {logging_mixin.py:115} INFO - [2022-08-09 00:13:21,283] {dagbag.py:508} INFO - Filling up the DagBag from /home/renan/datapipeline/.env/lib/python3.8/site-packages/airflow/example_dags/example_task_group.py
[2022-08-09 00:13:21,289] {processor.py:651} INFO - DAG(s) dict_keys(['example_task_group']) retrieved from /home/renan/datapipeline/.env/lib/python3.8/site-packages/airflow/example_dags/example_task_group.py
[2022-08-09 00:13:21,301] {logging_mixin.py:115} INFO - [2022-08-09 00:13:21,301] {dag.py:2420} INFO - Sync 1 DAGs
[2022-08-09 00:13:21,312] {logging_mixin.py:115} INFO - [2022-08-09 00:13:21,311] {dag.py:2968} INFO - Setting next_dagrun for example_task_group to 2022-08-08T03:13:21.311806+00:00, run_after=2022-08-09T03:13:21.311806+00:00
[2022-08-09 00:13:21,322] {processor.py:161} INFO - Processing /home/renan/datapipeline/.env/lib/python3.8/site-packages/airflow/example_dags/example_task_group.py took 0.041 seconds
[2022-08-09 00:13:54,974] {processor.py:153} INFO - Started process (PID=11465) to work on /home/renan/datapipeline/.env/lib/python3.8/site-packages/airflow/example_dags/example_task_group.py
[2022-08-09 00:13:54,975] {processor.py:641} INFO - Processing file /home/renan/datapipeline/.env/lib/python3.8/site-packages/airflow/example_dags/example_task_group.py for tasks to queue
[2022-08-09 00:13:54,975] {logging_mixin.py:115} INFO - [2022-08-09 00:13:54,975] {dagbag.py:508} INFO - Filling up the DagBag from /home/renan/datapipeline/.env/lib/python3.8/site-packages/airflow/example_dags/example_task_group.py
[2022-08-09 00:13:54,983] {processor.py:651} INFO - DAG(s) dict_keys(['example_task_group']) retrieved from /home/renan/datapipeline/.env/lib/python3.8/site-packages/airflow/example_dags/example_task_group.py
[2022-08-09 00:13:54,995] {logging_mixin.py:115} INFO - [2022-08-09 00:13:54,995] {dag.py:2420} INFO - Sync 1 DAGs
[2022-08-09 00:13:55,009] {logging_mixin.py:115} INFO - [2022-08-09 00:13:55,009] {dag.py:2968} INFO - Setting next_dagrun for example_task_group to 2022-08-08T03:13:55.008973+00:00, run_after=2022-08-09T03:13:55.008973+00:00
[2022-08-09 00:13:55,019] {processor.py:161} INFO - Processing /home/renan/datapipeline/.env/lib/python3.8/site-packages/airflow/example_dags/example_task_group.py took 0.048 seconds
[2022-08-09 00:14:26,854] {processor.py:153} INFO - Started process (PID=11508) to work on /home/renan/datapipeline/.env/lib/python3.8/site-packages/airflow/example_dags/example_task_group.py
[2022-08-09 00:14:26,854] {processor.py:641} INFO - Processing file /home/renan/datapipeline/.env/lib/python3.8/site-packages/airflow/example_dags/example_task_group.py for tasks to queue
[2022-08-09 00:14:26,854] {logging_mixin.py:115} INFO - [2022-08-09 00:14:26,854] {dagbag.py:508} INFO - Filling up the DagBag from /home/renan/datapipeline/.env/lib/python3.8/site-packages/airflow/example_dags/example_task_group.py
[2022-08-09 00:14:26,859] {processor.py:651} INFO - DAG(s) dict_keys(['example_task_group']) retrieved from /home/renan/datapipeline/.env/lib/python3.8/site-packages/airflow/example_dags/example_task_group.py
[2022-08-09 00:14:26,869] {logging_mixin.py:115} INFO - [2022-08-09 00:14:26,869] {dag.py:2420} INFO - Sync 1 DAGs
[2022-08-09 00:14:26,880] {logging_mixin.py:115} INFO - [2022-08-09 00:14:26,880] {dag.py:2968} INFO - Setting next_dagrun for example_task_group to 2022-08-08T03:14:26.880555+00:00, run_after=2022-08-09T03:14:26.880555+00:00
[2022-08-09 00:14:26,891] {processor.py:161} INFO - Processing /home/renan/datapipeline/.env/lib/python3.8/site-packages/airflow/example_dags/example_task_group.py took 0.039 seconds
[2022-08-09 00:14:57,670] {processor.py:153} INFO - Started process (PID=11542) to work on /home/renan/datapipeline/.env/lib/python3.8/site-packages/airflow/example_dags/example_task_group.py
[2022-08-09 00:14:57,670] {processor.py:641} INFO - Processing file /home/renan/datapipeline/.env/lib/python3.8/site-packages/airflow/example_dags/example_task_group.py for tasks to queue
[2022-08-09 00:14:57,670] {logging_mixin.py:115} INFO - [2022-08-09 00:14:57,670] {dagbag.py:508} INFO - Filling up the DagBag from /home/renan/datapipeline/.env/lib/python3.8/site-packages/airflow/example_dags/example_task_group.py
[2022-08-09 00:14:57,674] {processor.py:651} INFO - DAG(s) dict_keys(['example_task_group']) retrieved from /home/renan/datapipeline/.env/lib/python3.8/site-packages/airflow/example_dags/example_task_group.py
[2022-08-09 00:14:57,684] {logging_mixin.py:115} INFO - [2022-08-09 00:14:57,684] {dag.py:2420} INFO - Sync 1 DAGs
[2022-08-09 00:14:57,694] {logging_mixin.py:115} INFO - [2022-08-09 00:14:57,694] {dag.py:2968} INFO - Setting next_dagrun for example_task_group to 2022-08-08T03:14:57.694142+00:00, run_after=2022-08-09T03:14:57.694142+00:00
[2022-08-09 00:14:57,703] {processor.py:161} INFO - Processing /home/renan/datapipeline/.env/lib/python3.8/site-packages/airflow/example_dags/example_task_group.py took 0.035 seconds
[2022-08-09 00:15:29,893] {processor.py:153} INFO - Started process (PID=11594) to work on /home/renan/datapipeline/.env/lib/python3.8/site-packages/airflow/example_dags/example_task_group.py
[2022-08-09 00:15:29,893] {processor.py:641} INFO - Processing file /home/renan/datapipeline/.env/lib/python3.8/site-packages/airflow/example_dags/example_task_group.py for tasks to queue
[2022-08-09 00:15:29,893] {logging_mixin.py:115} INFO - [2022-08-09 00:15:29,893] {dagbag.py:508} INFO - Filling up the DagBag from /home/renan/datapipeline/.env/lib/python3.8/site-packages/airflow/example_dags/example_task_group.py
[2022-08-09 00:15:29,897] {processor.py:651} INFO - DAG(s) dict_keys(['example_task_group']) retrieved from /home/renan/datapipeline/.env/lib/python3.8/site-packages/airflow/example_dags/example_task_group.py
[2022-08-09 00:15:29,907] {logging_mixin.py:115} INFO - [2022-08-09 00:15:29,907] {dag.py:2420} INFO - Sync 1 DAGs
[2022-08-09 00:15:29,917] {logging_mixin.py:115} INFO - [2022-08-09 00:15:29,917] {dag.py:2968} INFO - Setting next_dagrun for example_task_group to 2022-08-08T03:15:29.916976+00:00, run_after=2022-08-09T03:15:29.916976+00:00
[2022-08-09 00:15:29,926] {processor.py:161} INFO - Processing /home/renan/datapipeline/.env/lib/python3.8/site-packages/airflow/example_dags/example_task_group.py took 0.035 seconds
[2022-08-09 00:16:02,332] {processor.py:153} INFO - Started process (PID=11661) to work on /home/renan/datapipeline/.env/lib/python3.8/site-packages/airflow/example_dags/example_task_group.py
[2022-08-09 00:16:02,332] {processor.py:641} INFO - Processing file /home/renan/datapipeline/.env/lib/python3.8/site-packages/airflow/example_dags/example_task_group.py for tasks to queue
[2022-08-09 00:16:02,332] {logging_mixin.py:115} INFO - [2022-08-09 00:16:02,332] {dagbag.py:508} INFO - Filling up the DagBag from /home/renan/datapipeline/.env/lib/python3.8/site-packages/airflow/example_dags/example_task_group.py
[2022-08-09 00:16:02,336] {processor.py:651} INFO - DAG(s) dict_keys(['example_task_group']) retrieved from /home/renan/datapipeline/.env/lib/python3.8/site-packages/airflow/example_dags/example_task_group.py
[2022-08-09 00:16:02,347] {logging_mixin.py:115} INFO - [2022-08-09 00:16:02,347] {dag.py:2420} INFO - Sync 1 DAGs
[2022-08-09 00:16:02,357] {logging_mixin.py:115} INFO - [2022-08-09 00:16:02,357] {dag.py:2968} INFO - Setting next_dagrun for example_task_group to 2022-08-08T03:16:02.357213+00:00, run_after=2022-08-09T03:16:02.357213+00:00
[2022-08-09 00:16:02,368] {processor.py:161} INFO - Processing /home/renan/datapipeline/.env/lib/python3.8/site-packages/airflow/example_dags/example_task_group.py took 0.038 seconds
[2022-08-09 00:16:35,131] {processor.py:153} INFO - Started process (PID=11706) to work on /home/renan/datapipeline/.env/lib/python3.8/site-packages/airflow/example_dags/example_task_group.py
[2022-08-09 00:16:35,131] {processor.py:641} INFO - Processing file /home/renan/datapipeline/.env/lib/python3.8/site-packages/airflow/example_dags/example_task_group.py for tasks to queue
[2022-08-09 00:16:35,131] {logging_mixin.py:115} INFO - [2022-08-09 00:16:35,131] {dagbag.py:508} INFO - Filling up the DagBag from /home/renan/datapipeline/.env/lib/python3.8/site-packages/airflow/example_dags/example_task_group.py
[2022-08-09 00:16:35,136] {processor.py:651} INFO - DAG(s) dict_keys(['example_task_group']) retrieved from /home/renan/datapipeline/.env/lib/python3.8/site-packages/airflow/example_dags/example_task_group.py
[2022-08-09 00:16:35,146] {logging_mixin.py:115} INFO - [2022-08-09 00:16:35,146] {dag.py:2420} INFO - Sync 1 DAGs
[2022-08-09 00:16:35,157] {logging_mixin.py:115} INFO - [2022-08-09 00:16:35,157] {dag.py:2968} INFO - Setting next_dagrun for example_task_group to 2022-08-08T03:16:35.156942+00:00, run_after=2022-08-09T03:16:35.156942+00:00
[2022-08-09 00:16:35,167] {processor.py:161} INFO - Processing /home/renan/datapipeline/.env/lib/python3.8/site-packages/airflow/example_dags/example_task_group.py took 0.038 seconds
[2022-08-09 00:17:07,047] {processor.py:153} INFO - Started process (PID=11765) to work on /home/renan/datapipeline/.env/lib/python3.8/site-packages/airflow/example_dags/example_task_group.py
[2022-08-09 00:17:07,047] {processor.py:641} INFO - Processing file /home/renan/datapipeline/.env/lib/python3.8/site-packages/airflow/example_dags/example_task_group.py for tasks to queue
[2022-08-09 00:17:07,047] {logging_mixin.py:115} INFO - [2022-08-09 00:17:07,047] {dagbag.py:508} INFO - Filling up the DagBag from /home/renan/datapipeline/.env/lib/python3.8/site-packages/airflow/example_dags/example_task_group.py
[2022-08-09 00:17:07,052] {processor.py:651} INFO - DAG(s) dict_keys(['example_task_group']) retrieved from /home/renan/datapipeline/.env/lib/python3.8/site-packages/airflow/example_dags/example_task_group.py
[2022-08-09 00:17:07,064] {logging_mixin.py:115} INFO - [2022-08-09 00:17:07,064] {dag.py:2420} INFO - Sync 1 DAGs
[2022-08-09 00:17:07,075] {logging_mixin.py:115} INFO - [2022-08-09 00:17:07,075] {dag.py:2968} INFO - Setting next_dagrun for example_task_group to 2022-08-08T03:17:07.075149+00:00, run_after=2022-08-09T03:17:07.075149+00:00
[2022-08-09 00:17:07,086] {processor.py:161} INFO - Processing /home/renan/datapipeline/.env/lib/python3.8/site-packages/airflow/example_dags/example_task_group.py took 0.041 seconds
[2022-08-09 00:17:40,095] {processor.py:153} INFO - Started process (PID=11800) to work on /home/renan/datapipeline/.env/lib/python3.8/site-packages/airflow/example_dags/example_task_group.py
[2022-08-09 00:17:40,095] {processor.py:641} INFO - Processing file /home/renan/datapipeline/.env/lib/python3.8/site-packages/airflow/example_dags/example_task_group.py for tasks to queue
[2022-08-09 00:17:40,096] {logging_mixin.py:115} INFO - [2022-08-09 00:17:40,095] {dagbag.py:508} INFO - Filling up the DagBag from /home/renan/datapipeline/.env/lib/python3.8/site-packages/airflow/example_dags/example_task_group.py
[2022-08-09 00:17:40,100] {processor.py:651} INFO - DAG(s) dict_keys(['example_task_group']) retrieved from /home/renan/datapipeline/.env/lib/python3.8/site-packages/airflow/example_dags/example_task_group.py
[2022-08-09 00:17:40,112] {logging_mixin.py:115} INFO - [2022-08-09 00:17:40,111] {dag.py:2420} INFO - Sync 1 DAGs
[2022-08-09 00:17:40,122] {logging_mixin.py:115} INFO - [2022-08-09 00:17:40,122] {dag.py:2968} INFO - Setting next_dagrun for example_task_group to 2022-08-08T03:17:40.122103+00:00, run_after=2022-08-09T03:17:40.122103+00:00
[2022-08-09 00:17:40,132] {processor.py:161} INFO - Processing /home/renan/datapipeline/.env/lib/python3.8/site-packages/airflow/example_dags/example_task_group.py took 0.039 seconds
[2022-08-09 00:18:10,894] {processor.py:153} INFO - Started process (PID=11836) to work on /home/renan/datapipeline/.env/lib/python3.8/site-packages/airflow/example_dags/example_task_group.py
[2022-08-09 00:18:10,895] {processor.py:641} INFO - Processing file /home/renan/datapipeline/.env/lib/python3.8/site-packages/airflow/example_dags/example_task_group.py for tasks to queue
[2022-08-09 00:18:10,895] {logging_mixin.py:115} INFO - [2022-08-09 00:18:10,895] {dagbag.py:508} INFO - Filling up the DagBag from /home/renan/datapipeline/.env/lib/python3.8/site-packages/airflow/example_dags/example_task_group.py
[2022-08-09 00:18:10,900] {processor.py:651} INFO - DAG(s) dict_keys(['example_task_group']) retrieved from /home/renan/datapipeline/.env/lib/python3.8/site-packages/airflow/example_dags/example_task_group.py
[2022-08-09 00:18:10,910] {logging_mixin.py:115} INFO - [2022-08-09 00:18:10,910] {dag.py:2420} INFO - Sync 1 DAGs
[2022-08-09 00:18:10,920] {logging_mixin.py:115} INFO - [2022-08-09 00:18:10,920] {dag.py:2968} INFO - Setting next_dagrun for example_task_group to 2022-08-08T03:18:10.919890+00:00, run_after=2022-08-09T03:18:10.919890+00:00
[2022-08-09 00:18:10,929] {processor.py:161} INFO - Processing /home/renan/datapipeline/.env/lib/python3.8/site-packages/airflow/example_dags/example_task_group.py took 0.036 seconds
[2022-08-09 00:18:45,700] {processor.py:153} INFO - Started process (PID=11872) to work on /home/renan/datapipeline/.env/lib/python3.8/site-packages/airflow/example_dags/example_task_group.py
[2022-08-09 00:18:45,701] {processor.py:641} INFO - Processing file /home/renan/datapipeline/.env/lib/python3.8/site-packages/airflow/example_dags/example_task_group.py for tasks to queue
[2022-08-09 00:18:45,701] {logging_mixin.py:115} INFO - [2022-08-09 00:18:45,701] {dagbag.py:508} INFO - Filling up the DagBag from /home/renan/datapipeline/.env/lib/python3.8/site-packages/airflow/example_dags/example_task_group.py
[2022-08-09 00:18:45,706] {processor.py:651} INFO - DAG(s) dict_keys(['example_task_group']) retrieved from /home/renan/datapipeline/.env/lib/python3.8/site-packages/airflow/example_dags/example_task_group.py
[2022-08-09 00:18:45,715] {logging_mixin.py:115} INFO - [2022-08-09 00:18:45,715] {dag.py:2420} INFO - Sync 1 DAGs
[2022-08-09 00:18:45,727] {logging_mixin.py:115} INFO - [2022-08-09 00:18:45,727] {dag.py:2968} INFO - Setting next_dagrun for example_task_group to 2022-08-08T03:18:45.727449+00:00, run_after=2022-08-09T03:18:45.727449+00:00
[2022-08-09 00:18:45,740] {processor.py:161} INFO - Processing /home/renan/datapipeline/.env/lib/python3.8/site-packages/airflow/example_dags/example_task_group.py took 0.042 seconds
[2022-08-09 00:19:16,541] {processor.py:153} INFO - Started process (PID=11906) to work on /home/renan/datapipeline/.env/lib/python3.8/site-packages/airflow/example_dags/example_task_group.py
[2022-08-09 00:19:16,541] {processor.py:641} INFO - Processing file /home/renan/datapipeline/.env/lib/python3.8/site-packages/airflow/example_dags/example_task_group.py for tasks to queue
[2022-08-09 00:19:16,541] {logging_mixin.py:115} INFO - [2022-08-09 00:19:16,541] {dagbag.py:508} INFO - Filling up the DagBag from /home/renan/datapipeline/.env/lib/python3.8/site-packages/airflow/example_dags/example_task_group.py
[2022-08-09 00:19:16,546] {processor.py:651} INFO - DAG(s) dict_keys(['example_task_group']) retrieved from /home/renan/datapipeline/.env/lib/python3.8/site-packages/airflow/example_dags/example_task_group.py
[2022-08-09 00:19:16,556] {logging_mixin.py:115} INFO - [2022-08-09 00:19:16,555] {dag.py:2420} INFO - Sync 1 DAGs
[2022-08-09 00:19:16,565] {logging_mixin.py:115} INFO - [2022-08-09 00:19:16,565] {dag.py:2968} INFO - Setting next_dagrun for example_task_group to 2022-08-08T03:19:16.565546+00:00, run_after=2022-08-09T03:19:16.565546+00:00
[2022-08-09 00:19:16,574] {processor.py:161} INFO - Processing /home/renan/datapipeline/.env/lib/python3.8/site-packages/airflow/example_dags/example_task_group.py took 0.035 seconds
[2022-08-09 00:19:50,084] {processor.py:153} INFO - Started process (PID=11941) to work on /home/renan/datapipeline/.env/lib/python3.8/site-packages/airflow/example_dags/example_task_group.py
[2022-08-09 00:19:50,085] {processor.py:641} INFO - Processing file /home/renan/datapipeline/.env/lib/python3.8/site-packages/airflow/example_dags/example_task_group.py for tasks to queue
[2022-08-09 00:19:50,085] {logging_mixin.py:115} INFO - [2022-08-09 00:19:50,085] {dagbag.py:508} INFO - Filling up the DagBag from /home/renan/datapipeline/.env/lib/python3.8/site-packages/airflow/example_dags/example_task_group.py
[2022-08-09 00:19:50,089] {processor.py:651} INFO - DAG(s) dict_keys(['example_task_group']) retrieved from /home/renan/datapipeline/.env/lib/python3.8/site-packages/airflow/example_dags/example_task_group.py
[2022-08-09 00:19:50,099] {logging_mixin.py:115} INFO - [2022-08-09 00:19:50,099] {dag.py:2420} INFO - Sync 1 DAGs
[2022-08-09 00:19:50,108] {logging_mixin.py:115} INFO - [2022-08-09 00:19:50,108] {dag.py:2968} INFO - Setting next_dagrun for example_task_group to 2022-08-08T03:19:50.108742+00:00, run_after=2022-08-09T03:19:50.108742+00:00
[2022-08-09 00:19:50,117] {processor.py:161} INFO - Processing /home/renan/datapipeline/.env/lib/python3.8/site-packages/airflow/example_dags/example_task_group.py took 0.034 seconds
[2022-08-09 00:20:22,307] {processor.py:153} INFO - Started process (PID=11980) to work on /home/renan/datapipeline/.env/lib/python3.8/site-packages/airflow/example_dags/example_task_group.py
[2022-08-09 00:20:22,308] {processor.py:641} INFO - Processing file /home/renan/datapipeline/.env/lib/python3.8/site-packages/airflow/example_dags/example_task_group.py for tasks to queue
[2022-08-09 00:20:22,308] {logging_mixin.py:115} INFO - [2022-08-09 00:20:22,308] {dagbag.py:508} INFO - Filling up the DagBag from /home/renan/datapipeline/.env/lib/python3.8/site-packages/airflow/example_dags/example_task_group.py
[2022-08-09 00:20:22,312] {processor.py:651} INFO - DAG(s) dict_keys(['example_task_group']) retrieved from /home/renan/datapipeline/.env/lib/python3.8/site-packages/airflow/example_dags/example_task_group.py
[2022-08-09 00:20:22,322] {logging_mixin.py:115} INFO - [2022-08-09 00:20:22,322] {dag.py:2420} INFO - Sync 1 DAGs
[2022-08-09 00:20:22,332] {logging_mixin.py:115} INFO - [2022-08-09 00:20:22,332] {dag.py:2968} INFO - Setting next_dagrun for example_task_group to 2022-08-08T03:20:22.331895+00:00, run_after=2022-08-09T03:20:22.331895+00:00
[2022-08-09 00:20:22,340] {processor.py:161} INFO - Processing /home/renan/datapipeline/.env/lib/python3.8/site-packages/airflow/example_dags/example_task_group.py took 0.034 seconds
[2022-08-09 00:20:55,634] {processor.py:153} INFO - Started process (PID=12015) to work on /home/renan/datapipeline/.env/lib/python3.8/site-packages/airflow/example_dags/example_task_group.py
[2022-08-09 00:20:55,634] {processor.py:641} INFO - Processing file /home/renan/datapipeline/.env/lib/python3.8/site-packages/airflow/example_dags/example_task_group.py for tasks to queue
[2022-08-09 00:20:55,635] {logging_mixin.py:115} INFO - [2022-08-09 00:20:55,635] {dagbag.py:508} INFO - Filling up the DagBag from /home/renan/datapipeline/.env/lib/python3.8/site-packages/airflow/example_dags/example_task_group.py
[2022-08-09 00:20:55,639] {processor.py:651} INFO - DAG(s) dict_keys(['example_task_group']) retrieved from /home/renan/datapipeline/.env/lib/python3.8/site-packages/airflow/example_dags/example_task_group.py
[2022-08-09 00:20:55,649] {logging_mixin.py:115} INFO - [2022-08-09 00:20:55,649] {dag.py:2420} INFO - Sync 1 DAGs
[2022-08-09 00:20:55,659] {logging_mixin.py:115} INFO - [2022-08-09 00:20:55,658] {dag.py:2968} INFO - Setting next_dagrun for example_task_group to 2022-08-08T03:20:55.658816+00:00, run_after=2022-08-09T03:20:55.658816+00:00
[2022-08-09 00:20:55,667] {processor.py:161} INFO - Processing /home/renan/datapipeline/.env/lib/python3.8/site-packages/airflow/example_dags/example_task_group.py took 0.035 seconds
[2022-08-09 00:21:30,898] {processor.py:153} INFO - Started process (PID=12122) to work on /home/renan/datapipeline/.env/lib/python3.8/site-packages/airflow/example_dags/example_task_group.py
[2022-08-09 00:21:30,898] {processor.py:641} INFO - Processing file /home/renan/datapipeline/.env/lib/python3.8/site-packages/airflow/example_dags/example_task_group.py for tasks to queue
[2022-08-09 00:21:30,899] {logging_mixin.py:115} INFO - [2022-08-09 00:21:30,899] {dagbag.py:508} INFO - Filling up the DagBag from /home/renan/datapipeline/.env/lib/python3.8/site-packages/airflow/example_dags/example_task_group.py
[2022-08-09 00:21:30,903] {processor.py:651} INFO - DAG(s) dict_keys(['example_task_group']) retrieved from /home/renan/datapipeline/.env/lib/python3.8/site-packages/airflow/example_dags/example_task_group.py
[2022-08-09 00:21:30,913] {logging_mixin.py:115} INFO - [2022-08-09 00:21:30,912] {dag.py:2420} INFO - Sync 1 DAGs
[2022-08-09 00:21:30,923] {logging_mixin.py:115} INFO - [2022-08-09 00:21:30,922] {dag.py:2968} INFO - Setting next_dagrun for example_task_group to 2022-08-08T03:21:30.922726+00:00, run_after=2022-08-09T03:21:30.922726+00:00
[2022-08-09 00:21:30,931] {processor.py:161} INFO - Processing /home/renan/datapipeline/.env/lib/python3.8/site-packages/airflow/example_dags/example_task_group.py took 0.035 seconds
[2022-08-09 00:22:02,913] {processor.py:153} INFO - Started process (PID=12269) to work on /home/renan/datapipeline/.env/lib/python3.8/site-packages/airflow/example_dags/example_task_group.py
[2022-08-09 00:22:02,913] {processor.py:641} INFO - Processing file /home/renan/datapipeline/.env/lib/python3.8/site-packages/airflow/example_dags/example_task_group.py for tasks to queue
[2022-08-09 00:22:02,913] {logging_mixin.py:115} INFO - [2022-08-09 00:22:02,913] {dagbag.py:508} INFO - Filling up the DagBag from /home/renan/datapipeline/.env/lib/python3.8/site-packages/airflow/example_dags/example_task_group.py
[2022-08-09 00:22:02,918] {processor.py:651} INFO - DAG(s) dict_keys(['example_task_group']) retrieved from /home/renan/datapipeline/.env/lib/python3.8/site-packages/airflow/example_dags/example_task_group.py
[2022-08-09 00:22:02,927] {logging_mixin.py:115} INFO - [2022-08-09 00:22:02,927] {dag.py:2420} INFO - Sync 1 DAGs
[2022-08-09 00:22:02,937] {logging_mixin.py:115} INFO - [2022-08-09 00:22:02,937] {dag.py:2968} INFO - Setting next_dagrun for example_task_group to 2022-08-08T03:22:02.937407+00:00, run_after=2022-08-09T03:22:02.937407+00:00
[2022-08-09 00:22:02,946] {processor.py:161} INFO - Processing /home/renan/datapipeline/.env/lib/python3.8/site-packages/airflow/example_dags/example_task_group.py took 0.035 seconds
[2022-08-09 00:22:36,155] {processor.py:153} INFO - Started process (PID=12303) to work on /home/renan/datapipeline/.env/lib/python3.8/site-packages/airflow/example_dags/example_task_group.py
[2022-08-09 00:22:36,155] {processor.py:641} INFO - Processing file /home/renan/datapipeline/.env/lib/python3.8/site-packages/airflow/example_dags/example_task_group.py for tasks to queue
[2022-08-09 00:22:36,156] {logging_mixin.py:115} INFO - [2022-08-09 00:22:36,156] {dagbag.py:508} INFO - Filling up the DagBag from /home/renan/datapipeline/.env/lib/python3.8/site-packages/airflow/example_dags/example_task_group.py
[2022-08-09 00:22:36,160] {processor.py:651} INFO - DAG(s) dict_keys(['example_task_group']) retrieved from /home/renan/datapipeline/.env/lib/python3.8/site-packages/airflow/example_dags/example_task_group.py
[2022-08-09 00:22:36,170] {logging_mixin.py:115} INFO - [2022-08-09 00:22:36,170] {dag.py:2420} INFO - Sync 1 DAGs
[2022-08-09 00:22:36,180] {logging_mixin.py:115} INFO - [2022-08-09 00:22:36,180] {dag.py:2968} INFO - Setting next_dagrun for example_task_group to 2022-08-08T03:22:36.180046+00:00, run_after=2022-08-09T03:22:36.180046+00:00
[2022-08-09 00:22:36,190] {processor.py:161} INFO - Processing /home/renan/datapipeline/.env/lib/python3.8/site-packages/airflow/example_dags/example_task_group.py took 0.037 seconds
[2022-08-09 00:23:09,067] {processor.py:153} INFO - Started process (PID=12344) to work on /home/renan/datapipeline/.env/lib/python3.8/site-packages/airflow/example_dags/example_task_group.py
[2022-08-09 00:23:09,067] {processor.py:641} INFO - Processing file /home/renan/datapipeline/.env/lib/python3.8/site-packages/airflow/example_dags/example_task_group.py for tasks to queue
[2022-08-09 00:23:09,067] {logging_mixin.py:115} INFO - [2022-08-09 00:23:09,067] {dagbag.py:508} INFO - Filling up the DagBag from /home/renan/datapipeline/.env/lib/python3.8/site-packages/airflow/example_dags/example_task_group.py
[2022-08-09 00:23:09,071] {processor.py:651} INFO - DAG(s) dict_keys(['example_task_group']) retrieved from /home/renan/datapipeline/.env/lib/python3.8/site-packages/airflow/example_dags/example_task_group.py
[2022-08-09 00:23:09,081] {logging_mixin.py:115} INFO - [2022-08-09 00:23:09,081] {dag.py:2420} INFO - Sync 1 DAGs
[2022-08-09 00:23:09,091] {logging_mixin.py:115} INFO - [2022-08-09 00:23:09,091] {dag.py:2968} INFO - Setting next_dagrun for example_task_group to 2022-08-08T03:23:09.091614+00:00, run_after=2022-08-09T03:23:09.091614+00:00
[2022-08-09 00:23:09,102] {processor.py:161} INFO - Processing /home/renan/datapipeline/.env/lib/python3.8/site-packages/airflow/example_dags/example_task_group.py took 0.037 seconds
[2022-08-09 00:23:40,998] {processor.py:153} INFO - Started process (PID=12378) to work on /home/renan/datapipeline/.env/lib/python3.8/site-packages/airflow/example_dags/example_task_group.py
[2022-08-09 00:23:40,999] {processor.py:641} INFO - Processing file /home/renan/datapipeline/.env/lib/python3.8/site-packages/airflow/example_dags/example_task_group.py for tasks to queue
[2022-08-09 00:23:40,999] {logging_mixin.py:115} INFO - [2022-08-09 00:23:40,999] {dagbag.py:508} INFO - Filling up the DagBag from /home/renan/datapipeline/.env/lib/python3.8/site-packages/airflow/example_dags/example_task_group.py
[2022-08-09 00:23:41,003] {processor.py:651} INFO - DAG(s) dict_keys(['example_task_group']) retrieved from /home/renan/datapipeline/.env/lib/python3.8/site-packages/airflow/example_dags/example_task_group.py
[2022-08-09 00:23:41,013] {logging_mixin.py:115} INFO - [2022-08-09 00:23:41,013] {dag.py:2420} INFO - Sync 1 DAGs
[2022-08-09 00:23:41,023] {logging_mixin.py:115} INFO - [2022-08-09 00:23:41,023] {dag.py:2968} INFO - Setting next_dagrun for example_task_group to 2022-08-08T03:23:41.023133+00:00, run_after=2022-08-09T03:23:41.023133+00:00
[2022-08-09 00:23:41,032] {processor.py:161} INFO - Processing /home/renan/datapipeline/.env/lib/python3.8/site-packages/airflow/example_dags/example_task_group.py took 0.035 seconds
[2022-08-09 00:24:12,931] {processor.py:153} INFO - Started process (PID=12414) to work on /home/renan/datapipeline/.env/lib/python3.8/site-packages/airflow/example_dags/example_task_group.py
[2022-08-09 00:24:12,931] {processor.py:641} INFO - Processing file /home/renan/datapipeline/.env/lib/python3.8/site-packages/airflow/example_dags/example_task_group.py for tasks to queue
[2022-08-09 00:24:12,931] {logging_mixin.py:115} INFO - [2022-08-09 00:24:12,931] {dagbag.py:508} INFO - Filling up the DagBag from /home/renan/datapipeline/.env/lib/python3.8/site-packages/airflow/example_dags/example_task_group.py
[2022-08-09 00:24:12,935] {processor.py:651} INFO - DAG(s) dict_keys(['example_task_group']) retrieved from /home/renan/datapipeline/.env/lib/python3.8/site-packages/airflow/example_dags/example_task_group.py
[2022-08-09 00:24:12,946] {logging_mixin.py:115} INFO - [2022-08-09 00:24:12,946] {dag.py:2420} INFO - Sync 1 DAGs
[2022-08-09 00:24:12,956] {logging_mixin.py:115} INFO - [2022-08-09 00:24:12,956] {dag.py:2968} INFO - Setting next_dagrun for example_task_group to 2022-08-08T03:24:12.956129+00:00, run_after=2022-08-09T03:24:12.956129+00:00
[2022-08-09 00:24:12,965] {processor.py:161} INFO - Processing /home/renan/datapipeline/.env/lib/python3.8/site-packages/airflow/example_dags/example_task_group.py took 0.036 seconds
[2022-08-09 00:24:46,550] {processor.py:153} INFO - Started process (PID=12479) to work on /home/renan/datapipeline/.env/lib/python3.8/site-packages/airflow/example_dags/example_task_group.py
[2022-08-09 00:24:46,550] {processor.py:641} INFO - Processing file /home/renan/datapipeline/.env/lib/python3.8/site-packages/airflow/example_dags/example_task_group.py for tasks to queue
[2022-08-09 00:24:46,551] {logging_mixin.py:115} INFO - [2022-08-09 00:24:46,551] {dagbag.py:508} INFO - Filling up the DagBag from /home/renan/datapipeline/.env/lib/python3.8/site-packages/airflow/example_dags/example_task_group.py
[2022-08-09 00:24:46,554] {processor.py:651} INFO - DAG(s) dict_keys(['example_task_group']) retrieved from /home/renan/datapipeline/.env/lib/python3.8/site-packages/airflow/example_dags/example_task_group.py
[2022-08-09 00:24:46,565] {logging_mixin.py:115} INFO - [2022-08-09 00:24:46,565] {dag.py:2420} INFO - Sync 1 DAGs
[2022-08-09 00:24:46,574] {logging_mixin.py:115} INFO - [2022-08-09 00:24:46,574] {dag.py:2968} INFO - Setting next_dagrun for example_task_group to 2022-08-08T03:24:46.574687+00:00, run_after=2022-08-09T03:24:46.574687+00:00
[2022-08-09 00:24:46,583] {processor.py:161} INFO - Processing /home/renan/datapipeline/.env/lib/python3.8/site-packages/airflow/example_dags/example_task_group.py took 0.035 seconds
[2022-08-09 00:25:18,480] {processor.py:153} INFO - Started process (PID=12521) to work on /home/renan/datapipeline/.env/lib/python3.8/site-packages/airflow/example_dags/example_task_group.py
[2022-08-09 00:25:18,481] {processor.py:641} INFO - Processing file /home/renan/datapipeline/.env/lib/python3.8/site-packages/airflow/example_dags/example_task_group.py for tasks to queue
[2022-08-09 00:25:18,481] {logging_mixin.py:115} INFO - [2022-08-09 00:25:18,481] {dagbag.py:508} INFO - Filling up the DagBag from /home/renan/datapipeline/.env/lib/python3.8/site-packages/airflow/example_dags/example_task_group.py
[2022-08-09 00:25:18,485] {processor.py:651} INFO - DAG(s) dict_keys(['example_task_group']) retrieved from /home/renan/datapipeline/.env/lib/python3.8/site-packages/airflow/example_dags/example_task_group.py
[2022-08-09 00:25:18,495] {logging_mixin.py:115} INFO - [2022-08-09 00:25:18,495] {dag.py:2420} INFO - Sync 1 DAGs
[2022-08-09 00:25:18,505] {logging_mixin.py:115} INFO - [2022-08-09 00:25:18,505] {dag.py:2968} INFO - Setting next_dagrun for example_task_group to 2022-08-08T03:25:18.505000+00:00, run_after=2022-08-09T03:25:18.505000+00:00
[2022-08-09 00:25:18,513] {processor.py:161} INFO - Processing /home/renan/datapipeline/.env/lib/python3.8/site-packages/airflow/example_dags/example_task_group.py took 0.035 seconds
[2022-08-09 00:25:53,281] {processor.py:153} INFO - Started process (PID=12558) to work on /home/renan/datapipeline/.env/lib/python3.8/site-packages/airflow/example_dags/example_task_group.py
[2022-08-09 00:25:53,281] {processor.py:641} INFO - Processing file /home/renan/datapipeline/.env/lib/python3.8/site-packages/airflow/example_dags/example_task_group.py for tasks to queue
[2022-08-09 00:25:53,282] {logging_mixin.py:115} INFO - [2022-08-09 00:25:53,282] {dagbag.py:508} INFO - Filling up the DagBag from /home/renan/datapipeline/.env/lib/python3.8/site-packages/airflow/example_dags/example_task_group.py
[2022-08-09 00:25:53,286] {processor.py:651} INFO - DAG(s) dict_keys(['example_task_group']) retrieved from /home/renan/datapipeline/.env/lib/python3.8/site-packages/airflow/example_dags/example_task_group.py
[2022-08-09 00:25:53,296] {logging_mixin.py:115} INFO - [2022-08-09 00:25:53,296] {dag.py:2420} INFO - Sync 1 DAGs
[2022-08-09 00:25:53,305] {logging_mixin.py:115} INFO - [2022-08-09 00:25:53,305] {dag.py:2968} INFO - Setting next_dagrun for example_task_group to 2022-08-08T03:25:53.305633+00:00, run_after=2022-08-09T03:25:53.305633+00:00
[2022-08-09 00:25:53,315] {processor.py:161} INFO - Processing /home/renan/datapipeline/.env/lib/python3.8/site-packages/airflow/example_dags/example_task_group.py took 0.036 seconds
[2022-08-09 00:26:26,291] {processor.py:153} INFO - Started process (PID=12593) to work on /home/renan/datapipeline/.env/lib/python3.8/site-packages/airflow/example_dags/example_task_group.py
[2022-08-09 00:26:26,291] {processor.py:641} INFO - Processing file /home/renan/datapipeline/.env/lib/python3.8/site-packages/airflow/example_dags/example_task_group.py for tasks to queue
[2022-08-09 00:26:26,292] {logging_mixin.py:115} INFO - [2022-08-09 00:26:26,292] {dagbag.py:508} INFO - Filling up the DagBag from /home/renan/datapipeline/.env/lib/python3.8/site-packages/airflow/example_dags/example_task_group.py
[2022-08-09 00:26:26,295] {processor.py:651} INFO - DAG(s) dict_keys(['example_task_group']) retrieved from /home/renan/datapipeline/.env/lib/python3.8/site-packages/airflow/example_dags/example_task_group.py
[2022-08-09 00:26:26,306] {logging_mixin.py:115} INFO - [2022-08-09 00:26:26,306] {dag.py:2420} INFO - Sync 1 DAGs
[2022-08-09 00:26:26,316] {logging_mixin.py:115} INFO - [2022-08-09 00:26:26,315] {dag.py:2968} INFO - Setting next_dagrun for example_task_group to 2022-08-08T03:26:26.315786+00:00, run_after=2022-08-09T03:26:26.315786+00:00
[2022-08-09 00:26:26,324] {processor.py:161} INFO - Processing /home/renan/datapipeline/.env/lib/python3.8/site-packages/airflow/example_dags/example_task_group.py took 0.035 seconds
[2022-08-09 00:26:59,213] {processor.py:153} INFO - Started process (PID=12631) to work on /home/renan/datapipeline/.env/lib/python3.8/site-packages/airflow/example_dags/example_task_group.py
[2022-08-09 00:26:59,213] {processor.py:641} INFO - Processing file /home/renan/datapipeline/.env/lib/python3.8/site-packages/airflow/example_dags/example_task_group.py for tasks to queue
[2022-08-09 00:26:59,213] {logging_mixin.py:115} INFO - [2022-08-09 00:26:59,213] {dagbag.py:508} INFO - Filling up the DagBag from /home/renan/datapipeline/.env/lib/python3.8/site-packages/airflow/example_dags/example_task_group.py
[2022-08-09 00:26:59,217] {processor.py:651} INFO - DAG(s) dict_keys(['example_task_group']) retrieved from /home/renan/datapipeline/.env/lib/python3.8/site-packages/airflow/example_dags/example_task_group.py
[2022-08-09 00:26:59,227] {logging_mixin.py:115} INFO - [2022-08-09 00:26:59,227] {dag.py:2420} INFO - Sync 1 DAGs
[2022-08-09 00:26:59,237] {logging_mixin.py:115} INFO - [2022-08-09 00:26:59,236] {dag.py:2968} INFO - Setting next_dagrun for example_task_group to 2022-08-08T03:26:59.236778+00:00, run_after=2022-08-09T03:26:59.236778+00:00
[2022-08-09 00:26:59,245] {processor.py:161} INFO - Processing /home/renan/datapipeline/.env/lib/python3.8/site-packages/airflow/example_dags/example_task_group.py took 0.034 seconds
[2022-08-09 00:27:31,866] {processor.py:153} INFO - Started process (PID=12688) to work on /home/renan/datapipeline/.env/lib/python3.8/site-packages/airflow/example_dags/example_task_group.py
[2022-08-09 00:27:31,866] {processor.py:641} INFO - Processing file /home/renan/datapipeline/.env/lib/python3.8/site-packages/airflow/example_dags/example_task_group.py for tasks to queue
[2022-08-09 00:27:31,866] {logging_mixin.py:115} INFO - [2022-08-09 00:27:31,866] {dagbag.py:508} INFO - Filling up the DagBag from /home/renan/datapipeline/.env/lib/python3.8/site-packages/airflow/example_dags/example_task_group.py
[2022-08-09 00:27:31,870] {processor.py:651} INFO - DAG(s) dict_keys(['example_task_group']) retrieved from /home/renan/datapipeline/.env/lib/python3.8/site-packages/airflow/example_dags/example_task_group.py
[2022-08-09 00:27:31,882] {logging_mixin.py:115} INFO - [2022-08-09 00:27:31,881] {dag.py:2420} INFO - Sync 1 DAGs
[2022-08-09 00:27:31,891] {logging_mixin.py:115} INFO - [2022-08-09 00:27:31,891] {dag.py:2968} INFO - Setting next_dagrun for example_task_group to 2022-08-08T03:27:31.891698+00:00, run_after=2022-08-09T03:27:31.891698+00:00
[2022-08-09 00:27:31,900] {processor.py:161} INFO - Processing /home/renan/datapipeline/.env/lib/python3.8/site-packages/airflow/example_dags/example_task_group.py took 0.036 seconds
[2022-08-09 00:28:03,790] {processor.py:153} INFO - Started process (PID=12774) to work on /home/renan/datapipeline/.env/lib/python3.8/site-packages/airflow/example_dags/example_task_group.py
[2022-08-09 00:28:03,791] {processor.py:641} INFO - Processing file /home/renan/datapipeline/.env/lib/python3.8/site-packages/airflow/example_dags/example_task_group.py for tasks to queue
[2022-08-09 00:28:03,791] {logging_mixin.py:115} INFO - [2022-08-09 00:28:03,791] {dagbag.py:508} INFO - Filling up the DagBag from /home/renan/datapipeline/.env/lib/python3.8/site-packages/airflow/example_dags/example_task_group.py
[2022-08-09 00:28:03,795] {processor.py:651} INFO - DAG(s) dict_keys(['example_task_group']) retrieved from /home/renan/datapipeline/.env/lib/python3.8/site-packages/airflow/example_dags/example_task_group.py
[2022-08-09 00:28:03,806] {logging_mixin.py:115} INFO - [2022-08-09 00:28:03,806] {dag.py:2420} INFO - Sync 1 DAGs
[2022-08-09 00:28:03,816] {logging_mixin.py:115} INFO - [2022-08-09 00:28:03,816] {dag.py:2968} INFO - Setting next_dagrun for example_task_group to 2022-08-08T03:28:03.816505+00:00, run_after=2022-08-09T03:28:03.816505+00:00
[2022-08-09 00:28:03,826] {processor.py:161} INFO - Processing /home/renan/datapipeline/.env/lib/python3.8/site-packages/airflow/example_dags/example_task_group.py took 0.037 seconds
[2022-08-09 00:28:35,730] {processor.py:153} INFO - Started process (PID=12940) to work on /home/renan/datapipeline/.env/lib/python3.8/site-packages/airflow/example_dags/example_task_group.py
[2022-08-09 00:28:35,731] {processor.py:641} INFO - Processing file /home/renan/datapipeline/.env/lib/python3.8/site-packages/airflow/example_dags/example_task_group.py for tasks to queue
[2022-08-09 00:28:35,731] {logging_mixin.py:115} INFO - [2022-08-09 00:28:35,731] {dagbag.py:508} INFO - Filling up the DagBag from /home/renan/datapipeline/.env/lib/python3.8/site-packages/airflow/example_dags/example_task_group.py
[2022-08-09 00:28:35,736] {processor.py:651} INFO - DAG(s) dict_keys(['example_task_group']) retrieved from /home/renan/datapipeline/.env/lib/python3.8/site-packages/airflow/example_dags/example_task_group.py
[2022-08-09 00:28:35,749] {logging_mixin.py:115} INFO - [2022-08-09 00:28:35,749] {dag.py:2420} INFO - Sync 1 DAGs
[2022-08-09 00:28:35,763] {logging_mixin.py:115} INFO - [2022-08-09 00:28:35,763] {dag.py:2968} INFO - Setting next_dagrun for example_task_group to 2022-08-08T03:28:35.762996+00:00, run_after=2022-08-09T03:28:35.762996+00:00
[2022-08-09 00:28:35,776] {processor.py:161} INFO - Processing /home/renan/datapipeline/.env/lib/python3.8/site-packages/airflow/example_dags/example_task_group.py took 0.047 seconds
[2022-08-09 00:29:07,286] {processor.py:153} INFO - Started process (PID=12978) to work on /home/renan/datapipeline/.env/lib/python3.8/site-packages/airflow/example_dags/example_task_group.py
[2022-08-09 00:29:07,287] {processor.py:641} INFO - Processing file /home/renan/datapipeline/.env/lib/python3.8/site-packages/airflow/example_dags/example_task_group.py for tasks to queue
[2022-08-09 00:29:07,287] {logging_mixin.py:115} INFO - [2022-08-09 00:29:07,287] {dagbag.py:508} INFO - Filling up the DagBag from /home/renan/datapipeline/.env/lib/python3.8/site-packages/airflow/example_dags/example_task_group.py
[2022-08-09 00:29:07,292] {processor.py:651} INFO - DAG(s) dict_keys(['example_task_group']) retrieved from /home/renan/datapipeline/.env/lib/python3.8/site-packages/airflow/example_dags/example_task_group.py
[2022-08-09 00:29:07,303] {logging_mixin.py:115} INFO - [2022-08-09 00:29:07,303] {dag.py:2420} INFO - Sync 1 DAGs
[2022-08-09 00:29:07,314] {logging_mixin.py:115} INFO - [2022-08-09 00:29:07,314] {dag.py:2968} INFO - Setting next_dagrun for example_task_group to 2022-08-08T03:29:07.313855+00:00, run_after=2022-08-09T03:29:07.313855+00:00
[2022-08-09 00:29:07,323] {processor.py:161} INFO - Processing /home/renan/datapipeline/.env/lib/python3.8/site-packages/airflow/example_dags/example_task_group.py took 0.039 seconds
[2022-08-09 00:29:38,946] {processor.py:153} INFO - Started process (PID=13020) to work on /home/renan/datapipeline/.env/lib/python3.8/site-packages/airflow/example_dags/example_task_group.py
[2022-08-09 00:29:38,946] {processor.py:641} INFO - Processing file /home/renan/datapipeline/.env/lib/python3.8/site-packages/airflow/example_dags/example_task_group.py for tasks to queue
[2022-08-09 00:29:38,946] {logging_mixin.py:115} INFO - [2022-08-09 00:29:38,946] {dagbag.py:508} INFO - Filling up the DagBag from /home/renan/datapipeline/.env/lib/python3.8/site-packages/airflow/example_dags/example_task_group.py
[2022-08-09 00:29:38,951] {processor.py:651} INFO - DAG(s) dict_keys(['example_task_group']) retrieved from /home/renan/datapipeline/.env/lib/python3.8/site-packages/airflow/example_dags/example_task_group.py
[2022-08-09 00:29:38,960] {logging_mixin.py:115} INFO - [2022-08-09 00:29:38,960] {dag.py:2420} INFO - Sync 1 DAGs
[2022-08-09 00:29:38,970] {logging_mixin.py:115} INFO - [2022-08-09 00:29:38,970] {dag.py:2968} INFO - Setting next_dagrun for example_task_group to 2022-08-08T03:29:38.970519+00:00, run_after=2022-08-09T03:29:38.970519+00:00
[2022-08-09 00:29:38,979] {processor.py:161} INFO - Processing /home/renan/datapipeline/.env/lib/python3.8/site-packages/airflow/example_dags/example_task_group.py took 0.035 seconds
[2022-08-09 00:30:10,886] {processor.py:153} INFO - Started process (PID=13060) to work on /home/renan/datapipeline/.env/lib/python3.8/site-packages/airflow/example_dags/example_task_group.py
[2022-08-09 00:30:10,886] {processor.py:641} INFO - Processing file /home/renan/datapipeline/.env/lib/python3.8/site-packages/airflow/example_dags/example_task_group.py for tasks to queue
[2022-08-09 00:30:10,887] {logging_mixin.py:115} INFO - [2022-08-09 00:30:10,887] {dagbag.py:508} INFO - Filling up the DagBag from /home/renan/datapipeline/.env/lib/python3.8/site-packages/airflow/example_dags/example_task_group.py
[2022-08-09 00:30:10,891] {processor.py:651} INFO - DAG(s) dict_keys(['example_task_group']) retrieved from /home/renan/datapipeline/.env/lib/python3.8/site-packages/airflow/example_dags/example_task_group.py
[2022-08-09 00:30:10,900] {logging_mixin.py:115} INFO - [2022-08-09 00:30:10,900] {dag.py:2420} INFO - Sync 1 DAGs
[2022-08-09 00:30:10,910] {logging_mixin.py:115} INFO - [2022-08-09 00:30:10,910] {dag.py:2968} INFO - Setting next_dagrun for example_task_group to 2022-08-08T03:30:10.910606+00:00, run_after=2022-08-09T03:30:10.910606+00:00
[2022-08-09 00:30:10,919] {processor.py:161} INFO - Processing /home/renan/datapipeline/.env/lib/python3.8/site-packages/airflow/example_dags/example_task_group.py took 0.035 seconds
[2022-08-09 00:30:45,024] {processor.py:153} INFO - Started process (PID=13095) to work on /home/renan/datapipeline/.env/lib/python3.8/site-packages/airflow/example_dags/example_task_group.py
[2022-08-09 00:30:45,024] {processor.py:641} INFO - Processing file /home/renan/datapipeline/.env/lib/python3.8/site-packages/airflow/example_dags/example_task_group.py for tasks to queue
[2022-08-09 00:30:45,024] {logging_mixin.py:115} INFO - [2022-08-09 00:30:45,024] {dagbag.py:508} INFO - Filling up the DagBag from /home/renan/datapipeline/.env/lib/python3.8/site-packages/airflow/example_dags/example_task_group.py
[2022-08-09 00:30:45,029] {processor.py:651} INFO - DAG(s) dict_keys(['example_task_group']) retrieved from /home/renan/datapipeline/.env/lib/python3.8/site-packages/airflow/example_dags/example_task_group.py
[2022-08-09 00:30:45,039] {logging_mixin.py:115} INFO - [2022-08-09 00:30:45,039] {dag.py:2420} INFO - Sync 1 DAGs
[2022-08-09 00:30:45,049] {logging_mixin.py:115} INFO - [2022-08-09 00:30:45,049] {dag.py:2968} INFO - Setting next_dagrun for example_task_group to 2022-08-08T03:30:45.049698+00:00, run_after=2022-08-09T03:30:45.049698+00:00
[2022-08-09 00:30:45,059] {processor.py:161} INFO - Processing /home/renan/datapipeline/.env/lib/python3.8/site-packages/airflow/example_dags/example_task_group.py took 0.037 seconds
[2022-08-09 00:31:16,441] {processor.py:153} INFO - Started process (PID=13127) to work on /home/renan/datapipeline/.env/lib/python3.8/site-packages/airflow/example_dags/example_task_group.py
[2022-08-09 00:31:16,441] {processor.py:641} INFO - Processing file /home/renan/datapipeline/.env/lib/python3.8/site-packages/airflow/example_dags/example_task_group.py for tasks to queue
[2022-08-09 00:31:16,441] {logging_mixin.py:115} INFO - [2022-08-09 00:31:16,441] {dagbag.py:508} INFO - Filling up the DagBag from /home/renan/datapipeline/.env/lib/python3.8/site-packages/airflow/example_dags/example_task_group.py
[2022-08-09 00:31:16,446] {processor.py:651} INFO - DAG(s) dict_keys(['example_task_group']) retrieved from /home/renan/datapipeline/.env/lib/python3.8/site-packages/airflow/example_dags/example_task_group.py
[2022-08-09 00:31:16,455] {logging_mixin.py:115} INFO - [2022-08-09 00:31:16,455] {dag.py:2420} INFO - Sync 1 DAGs
[2022-08-09 00:31:16,465] {logging_mixin.py:115} INFO - [2022-08-09 00:31:16,465] {dag.py:2968} INFO - Setting next_dagrun for example_task_group to 2022-08-08T03:31:16.464832+00:00, run_after=2022-08-09T03:31:16.464832+00:00
[2022-08-09 00:31:16,475] {processor.py:161} INFO - Processing /home/renan/datapipeline/.env/lib/python3.8/site-packages/airflow/example_dags/example_task_group.py took 0.036 seconds
[2022-08-09 00:31:48,345] {processor.py:153} INFO - Started process (PID=13205) to work on /home/renan/datapipeline/.env/lib/python3.8/site-packages/airflow/example_dags/example_task_group.py
[2022-08-09 00:31:48,346] {processor.py:641} INFO - Processing file /home/renan/datapipeline/.env/lib/python3.8/site-packages/airflow/example_dags/example_task_group.py for tasks to queue
[2022-08-09 00:31:48,346] {logging_mixin.py:115} INFO - [2022-08-09 00:31:48,346] {dagbag.py:508} INFO - Filling up the DagBag from /home/renan/datapipeline/.env/lib/python3.8/site-packages/airflow/example_dags/example_task_group.py
[2022-08-09 00:31:48,351] {processor.py:651} INFO - DAG(s) dict_keys(['example_task_group']) retrieved from /home/renan/datapipeline/.env/lib/python3.8/site-packages/airflow/example_dags/example_task_group.py
[2022-08-09 00:31:48,362] {logging_mixin.py:115} INFO - [2022-08-09 00:31:48,362] {dag.py:2420} INFO - Sync 1 DAGs
[2022-08-09 00:31:48,372] {logging_mixin.py:115} INFO - [2022-08-09 00:31:48,372] {dag.py:2968} INFO - Setting next_dagrun for example_task_group to 2022-08-08T03:31:48.372223+00:00, run_after=2022-08-09T03:31:48.372223+00:00
[2022-08-09 00:31:48,381] {processor.py:161} INFO - Processing /home/renan/datapipeline/.env/lib/python3.8/site-packages/airflow/example_dags/example_task_group.py took 0.038 seconds
[2022-08-09 00:32:22,608] {processor.py:153} INFO - Started process (PID=13288) to work on /home/renan/datapipeline/.env/lib/python3.8/site-packages/airflow/example_dags/example_task_group.py
[2022-08-09 00:32:22,609] {processor.py:641} INFO - Processing file /home/renan/datapipeline/.env/lib/python3.8/site-packages/airflow/example_dags/example_task_group.py for tasks to queue
[2022-08-09 00:32:22,609] {logging_mixin.py:115} INFO - [2022-08-09 00:32:22,609] {dagbag.py:508} INFO - Filling up the DagBag from /home/renan/datapipeline/.env/lib/python3.8/site-packages/airflow/example_dags/example_task_group.py
[2022-08-09 00:32:22,613] {processor.py:651} INFO - DAG(s) dict_keys(['example_task_group']) retrieved from /home/renan/datapipeline/.env/lib/python3.8/site-packages/airflow/example_dags/example_task_group.py
[2022-08-09 00:32:22,623] {logging_mixin.py:115} INFO - [2022-08-09 00:32:22,623] {dag.py:2420} INFO - Sync 1 DAGs
[2022-08-09 00:32:22,633] {logging_mixin.py:115} INFO - [2022-08-09 00:32:22,633] {dag.py:2968} INFO - Setting next_dagrun for example_task_group to 2022-08-08T03:32:22.633105+00:00, run_after=2022-08-09T03:32:22.633105+00:00
[2022-08-09 00:32:22,642] {processor.py:161} INFO - Processing /home/renan/datapipeline/.env/lib/python3.8/site-packages/airflow/example_dags/example_task_group.py took 0.035 seconds
