[2022-08-08 23:54:59,689] {processor.py:153} INFO - Started process (PID=9813) to work on /home/renan/datapipeline/.env/lib/python3.8/site-packages/airflow/example_dags/example_xcom.py
[2022-08-08 23:54:59,689] {processor.py:641} INFO - Processing file /home/renan/datapipeline/.env/lib/python3.8/site-packages/airflow/example_dags/example_xcom.py for tasks to queue
[2022-08-08 23:54:59,690] {logging_mixin.py:115} INFO - [2022-08-08 23:54:59,690] {dagbag.py:508} INFO - Filling up the DagBag from /home/renan/datapipeline/.env/lib/python3.8/site-packages/airflow/example_dags/example_xcom.py
[2022-08-08 23:54:59,701] {processor.py:651} INFO - DAG(s) dict_keys(['example_xcom']) retrieved from /home/renan/datapipeline/.env/lib/python3.8/site-packages/airflow/example_dags/example_xcom.py
[2022-08-08 23:54:59,724] {logging_mixin.py:115} INFO - [2022-08-08 23:54:59,724] {dag.py:2420} INFO - Sync 1 DAGs
[2022-08-08 23:54:59,732] {logging_mixin.py:115} INFO - [2022-08-08 23:54:59,732] {dag.py:2968} INFO - Setting next_dagrun for example_xcom to 2021-01-01T00:00:00+00:00, run_after=2021-01-01T00:00:00+00:00
[2022-08-08 23:54:59,742] {processor.py:161} INFO - Processing /home/renan/datapipeline/.env/lib/python3.8/site-packages/airflow/example_dags/example_xcom.py took 0.054 seconds
[2022-08-08 23:55:31,701] {processor.py:153} INFO - Started process (PID=9934) to work on /home/renan/datapipeline/.env/lib/python3.8/site-packages/airflow/example_dags/example_xcom.py
[2022-08-08 23:55:31,701] {processor.py:641} INFO - Processing file /home/renan/datapipeline/.env/lib/python3.8/site-packages/airflow/example_dags/example_xcom.py for tasks to queue
[2022-08-08 23:55:31,701] {logging_mixin.py:115} INFO - [2022-08-08 23:55:31,701] {dagbag.py:508} INFO - Filling up the DagBag from /home/renan/datapipeline/.env/lib/python3.8/site-packages/airflow/example_dags/example_xcom.py
[2022-08-08 23:55:31,714] {processor.py:651} INFO - DAG(s) dict_keys(['example_xcom']) retrieved from /home/renan/datapipeline/.env/lib/python3.8/site-packages/airflow/example_dags/example_xcom.py
[2022-08-08 23:55:31,741] {logging_mixin.py:115} INFO - [2022-08-08 23:55:31,741] {dag.py:2420} INFO - Sync 1 DAGs
[2022-08-08 23:55:31,750] {logging_mixin.py:115} INFO - [2022-08-08 23:55:31,750] {dag.py:2968} INFO - Setting next_dagrun for example_xcom to 2021-01-01T00:00:00+00:00, run_after=2021-01-01T00:00:00+00:00
[2022-08-08 23:55:31,761] {processor.py:161} INFO - Processing /home/renan/datapipeline/.env/lib/python3.8/site-packages/airflow/example_dags/example_xcom.py took 0.062 seconds
[2022-08-08 23:56:04,991] {processor.py:153} INFO - Started process (PID=9980) to work on /home/renan/datapipeline/.env/lib/python3.8/site-packages/airflow/example_dags/example_xcom.py
[2022-08-08 23:56:04,992] {processor.py:641} INFO - Processing file /home/renan/datapipeline/.env/lib/python3.8/site-packages/airflow/example_dags/example_xcom.py for tasks to queue
[2022-08-08 23:56:04,992] {logging_mixin.py:115} INFO - [2022-08-08 23:56:04,992] {dagbag.py:508} INFO - Filling up the DagBag from /home/renan/datapipeline/.env/lib/python3.8/site-packages/airflow/example_dags/example_xcom.py
[2022-08-08 23:56:05,007] {processor.py:651} INFO - DAG(s) dict_keys(['example_xcom']) retrieved from /home/renan/datapipeline/.env/lib/python3.8/site-packages/airflow/example_dags/example_xcom.py
[2022-08-08 23:56:05,036] {logging_mixin.py:115} INFO - [2022-08-08 23:56:05,036] {dag.py:2420} INFO - Sync 1 DAGs
[2022-08-08 23:56:05,045] {logging_mixin.py:115} INFO - [2022-08-08 23:56:05,045] {dag.py:2968} INFO - Setting next_dagrun for example_xcom to 2021-01-01T00:00:00+00:00, run_after=2021-01-01T00:00:00+00:00
[2022-08-08 23:56:05,065] {processor.py:161} INFO - Processing /home/renan/datapipeline/.env/lib/python3.8/site-packages/airflow/example_dags/example_xcom.py took 0.075 seconds
[2022-08-08 23:56:38,624] {processor.py:153} INFO - Started process (PID=10062) to work on /home/renan/datapipeline/.env/lib/python3.8/site-packages/airflow/example_dags/example_xcom.py
[2022-08-08 23:56:38,625] {processor.py:641} INFO - Processing file /home/renan/datapipeline/.env/lib/python3.8/site-packages/airflow/example_dags/example_xcom.py for tasks to queue
[2022-08-08 23:56:38,625] {logging_mixin.py:115} INFO - [2022-08-08 23:56:38,625] {dagbag.py:508} INFO - Filling up the DagBag from /home/renan/datapipeline/.env/lib/python3.8/site-packages/airflow/example_dags/example_xcom.py
[2022-08-08 23:56:38,640] {processor.py:651} INFO - DAG(s) dict_keys(['example_xcom']) retrieved from /home/renan/datapipeline/.env/lib/python3.8/site-packages/airflow/example_dags/example_xcom.py
[2022-08-08 23:56:38,650] {logging_mixin.py:115} INFO - [2022-08-08 23:56:38,650] {dag.py:2420} INFO - Sync 1 DAGs
[2022-08-08 23:56:38,661] {logging_mixin.py:115} INFO - [2022-08-08 23:56:38,661] {dag.py:2968} INFO - Setting next_dagrun for example_xcom to 2021-01-01T00:00:00+00:00, run_after=2021-01-01T00:00:00+00:00
[2022-08-08 23:56:38,685] {processor.py:161} INFO - Processing /home/renan/datapipeline/.env/lib/python3.8/site-packages/airflow/example_dags/example_xcom.py took 0.063 seconds
[2022-08-08 23:59:15,891] {processor.py:153} INFO - Started process (PID=10241) to work on /home/renan/datapipeline/.env/lib/python3.8/site-packages/airflow/example_dags/example_xcom.py
[2022-08-08 23:59:15,892] {processor.py:641} INFO - Processing file /home/renan/datapipeline/.env/lib/python3.8/site-packages/airflow/example_dags/example_xcom.py for tasks to queue
[2022-08-08 23:59:15,892] {logging_mixin.py:115} INFO - [2022-08-08 23:59:15,892] {dagbag.py:508} INFO - Filling up the DagBag from /home/renan/datapipeline/.env/lib/python3.8/site-packages/airflow/example_dags/example_xcom.py
[2022-08-08 23:59:15,905] {processor.py:651} INFO - DAG(s) dict_keys(['example_xcom']) retrieved from /home/renan/datapipeline/.env/lib/python3.8/site-packages/airflow/example_dags/example_xcom.py
[2022-08-08 23:59:15,928] {logging_mixin.py:115} INFO - [2022-08-08 23:59:15,927] {dag.py:2420} INFO - Sync 1 DAGs
[2022-08-08 23:59:15,936] {logging_mixin.py:115} INFO - [2022-08-08 23:59:15,935] {dag.py:2968} INFO - Setting next_dagrun for example_xcom to 2021-01-01T00:00:00+00:00, run_after=2021-01-01T00:00:00+00:00
[2022-08-08 23:59:15,944] {processor.py:161} INFO - Processing /home/renan/datapipeline/.env/lib/python3.8/site-packages/airflow/example_dags/example_xcom.py took 0.055 seconds
[2022-08-08 23:59:47,827] {processor.py:153} INFO - Started process (PID=10300) to work on /home/renan/datapipeline/.env/lib/python3.8/site-packages/airflow/example_dags/example_xcom.py
[2022-08-08 23:59:47,828] {processor.py:641} INFO - Processing file /home/renan/datapipeline/.env/lib/python3.8/site-packages/airflow/example_dags/example_xcom.py for tasks to queue
[2022-08-08 23:59:47,828] {logging_mixin.py:115} INFO - [2022-08-08 23:59:47,828] {dagbag.py:508} INFO - Filling up the DagBag from /home/renan/datapipeline/.env/lib/python3.8/site-packages/airflow/example_dags/example_xcom.py
[2022-08-08 23:59:47,840] {processor.py:651} INFO - DAG(s) dict_keys(['example_xcom']) retrieved from /home/renan/datapipeline/.env/lib/python3.8/site-packages/airflow/example_dags/example_xcom.py
[2022-08-08 23:59:47,851] {logging_mixin.py:115} INFO - [2022-08-08 23:59:47,850] {dag.py:2420} INFO - Sync 1 DAGs
[2022-08-08 23:59:47,863] {logging_mixin.py:115} INFO - [2022-08-08 23:59:47,862] {dag.py:2968} INFO - Setting next_dagrun for example_xcom to 2021-01-01T00:00:00+00:00, run_after=2021-01-01T00:00:00+00:00
[2022-08-08 23:59:47,874] {processor.py:161} INFO - Processing /home/renan/datapipeline/.env/lib/python3.8/site-packages/airflow/example_dags/example_xcom.py took 0.048 seconds
[2022-08-09 00:00:22,637] {processor.py:153} INFO - Started process (PID=10377) to work on /home/renan/datapipeline/.env/lib/python3.8/site-packages/airflow/example_dags/example_xcom.py
[2022-08-09 00:00:22,638] {processor.py:641} INFO - Processing file /home/renan/datapipeline/.env/lib/python3.8/site-packages/airflow/example_dags/example_xcom.py for tasks to queue
[2022-08-09 00:00:22,638] {logging_mixin.py:115} INFO - [2022-08-09 00:00:22,638] {dagbag.py:508} INFO - Filling up the DagBag from /home/renan/datapipeline/.env/lib/python3.8/site-packages/airflow/example_dags/example_xcom.py
[2022-08-09 00:00:22,653] {processor.py:651} INFO - DAG(s) dict_keys(['example_xcom']) retrieved from /home/renan/datapipeline/.env/lib/python3.8/site-packages/airflow/example_dags/example_xcom.py
[2022-08-09 00:00:22,663] {logging_mixin.py:115} INFO - [2022-08-09 00:00:22,663] {dag.py:2420} INFO - Sync 1 DAGs
[2022-08-09 00:00:22,674] {logging_mixin.py:115} INFO - [2022-08-09 00:00:22,674] {dag.py:2968} INFO - Setting next_dagrun for example_xcom to 2021-01-01T00:00:00+00:00, run_after=2021-01-01T00:00:00+00:00
[2022-08-09 00:00:22,685] {processor.py:161} INFO - Processing /home/renan/datapipeline/.env/lib/python3.8/site-packages/airflow/example_dags/example_xcom.py took 0.050 seconds
[2022-08-09 00:00:55,137] {processor.py:153} INFO - Started process (PID=10417) to work on /home/renan/datapipeline/.env/lib/python3.8/site-packages/airflow/example_dags/example_xcom.py
[2022-08-09 00:00:55,138] {processor.py:641} INFO - Processing file /home/renan/datapipeline/.env/lib/python3.8/site-packages/airflow/example_dags/example_xcom.py for tasks to queue
[2022-08-09 00:00:55,138] {logging_mixin.py:115} INFO - [2022-08-09 00:00:55,138] {dagbag.py:508} INFO - Filling up the DagBag from /home/renan/datapipeline/.env/lib/python3.8/site-packages/airflow/example_dags/example_xcom.py
[2022-08-09 00:00:55,155] {processor.py:651} INFO - DAG(s) dict_keys(['example_xcom']) retrieved from /home/renan/datapipeline/.env/lib/python3.8/site-packages/airflow/example_dags/example_xcom.py
[2022-08-09 00:00:55,166] {logging_mixin.py:115} INFO - [2022-08-09 00:00:55,166] {dag.py:2420} INFO - Sync 1 DAGs
[2022-08-09 00:00:55,178] {logging_mixin.py:115} INFO - [2022-08-09 00:00:55,178] {dag.py:2968} INFO - Setting next_dagrun for example_xcom to 2021-01-01T00:00:00+00:00, run_after=2021-01-01T00:00:00+00:00
[2022-08-09 00:00:55,190] {processor.py:161} INFO - Processing /home/renan/datapipeline/.env/lib/python3.8/site-packages/airflow/example_dags/example_xcom.py took 0.056 seconds
[2022-08-09 00:01:28,220] {processor.py:153} INFO - Started process (PID=10464) to work on /home/renan/datapipeline/.env/lib/python3.8/site-packages/airflow/example_dags/example_xcom.py
[2022-08-09 00:01:28,220] {processor.py:641} INFO - Processing file /home/renan/datapipeline/.env/lib/python3.8/site-packages/airflow/example_dags/example_xcom.py for tasks to queue
[2022-08-09 00:01:28,220] {logging_mixin.py:115} INFO - [2022-08-09 00:01:28,220] {dagbag.py:508} INFO - Filling up the DagBag from /home/renan/datapipeline/.env/lib/python3.8/site-packages/airflow/example_dags/example_xcom.py
[2022-08-09 00:01:28,234] {processor.py:651} INFO - DAG(s) dict_keys(['example_xcom']) retrieved from /home/renan/datapipeline/.env/lib/python3.8/site-packages/airflow/example_dags/example_xcom.py
[2022-08-09 00:01:28,244] {logging_mixin.py:115} INFO - [2022-08-09 00:01:28,244] {dag.py:2420} INFO - Sync 1 DAGs
[2022-08-09 00:01:28,254] {logging_mixin.py:115} INFO - [2022-08-09 00:01:28,254] {dag.py:2968} INFO - Setting next_dagrun for example_xcom to 2021-01-01T00:00:00+00:00, run_after=2021-01-01T00:00:00+00:00
[2022-08-09 00:01:28,263] {processor.py:161} INFO - Processing /home/renan/datapipeline/.env/lib/python3.8/site-packages/airflow/example_dags/example_xcom.py took 0.045 seconds
[2022-08-09 00:02:01,753] {processor.py:153} INFO - Started process (PID=10499) to work on /home/renan/datapipeline/.env/lib/python3.8/site-packages/airflow/example_dags/example_xcom.py
[2022-08-09 00:02:01,754] {processor.py:641} INFO - Processing file /home/renan/datapipeline/.env/lib/python3.8/site-packages/airflow/example_dags/example_xcom.py for tasks to queue
[2022-08-09 00:02:01,754] {logging_mixin.py:115} INFO - [2022-08-09 00:02:01,754] {dagbag.py:508} INFO - Filling up the DagBag from /home/renan/datapipeline/.env/lib/python3.8/site-packages/airflow/example_dags/example_xcom.py
[2022-08-09 00:02:01,766] {processor.py:651} INFO - DAG(s) dict_keys(['example_xcom']) retrieved from /home/renan/datapipeline/.env/lib/python3.8/site-packages/airflow/example_dags/example_xcom.py
[2022-08-09 00:02:01,775] {logging_mixin.py:115} INFO - [2022-08-09 00:02:01,774] {dag.py:2420} INFO - Sync 1 DAGs
[2022-08-09 00:02:01,784] {logging_mixin.py:115} INFO - [2022-08-09 00:02:01,784] {dag.py:2968} INFO - Setting next_dagrun for example_xcom to 2021-01-01T00:00:00+00:00, run_after=2021-01-01T00:00:00+00:00
[2022-08-09 00:02:01,797] {processor.py:161} INFO - Processing /home/renan/datapipeline/.env/lib/python3.8/site-packages/airflow/example_dags/example_xcom.py took 0.045 seconds
[2022-08-09 00:02:33,837] {processor.py:153} INFO - Started process (PID=10542) to work on /home/renan/datapipeline/.env/lib/python3.8/site-packages/airflow/example_dags/example_xcom.py
[2022-08-09 00:02:33,837] {processor.py:641} INFO - Processing file /home/renan/datapipeline/.env/lib/python3.8/site-packages/airflow/example_dags/example_xcom.py for tasks to queue
[2022-08-09 00:02:33,837] {logging_mixin.py:115} INFO - [2022-08-09 00:02:33,837] {dagbag.py:508} INFO - Filling up the DagBag from /home/renan/datapipeline/.env/lib/python3.8/site-packages/airflow/example_dags/example_xcom.py
[2022-08-09 00:02:33,850] {processor.py:651} INFO - DAG(s) dict_keys(['example_xcom']) retrieved from /home/renan/datapipeline/.env/lib/python3.8/site-packages/airflow/example_dags/example_xcom.py
[2022-08-09 00:02:33,859] {logging_mixin.py:115} INFO - [2022-08-09 00:02:33,858] {dag.py:2420} INFO - Sync 1 DAGs
[2022-08-09 00:02:33,868] {logging_mixin.py:115} INFO - [2022-08-09 00:02:33,868] {dag.py:2968} INFO - Setting next_dagrun for example_xcom to 2021-01-01T00:00:00+00:00, run_after=2021-01-01T00:00:00+00:00
[2022-08-09 00:02:33,876] {processor.py:161} INFO - Processing /home/renan/datapipeline/.env/lib/python3.8/site-packages/airflow/example_dags/example_xcom.py took 0.041 seconds
[2022-08-09 00:03:06,902] {processor.py:153} INFO - Started process (PID=10586) to work on /home/renan/datapipeline/.env/lib/python3.8/site-packages/airflow/example_dags/example_xcom.py
[2022-08-09 00:03:06,902] {processor.py:641} INFO - Processing file /home/renan/datapipeline/.env/lib/python3.8/site-packages/airflow/example_dags/example_xcom.py for tasks to queue
[2022-08-09 00:03:06,903] {logging_mixin.py:115} INFO - [2022-08-09 00:03:06,903] {dagbag.py:508} INFO - Filling up the DagBag from /home/renan/datapipeline/.env/lib/python3.8/site-packages/airflow/example_dags/example_xcom.py
[2022-08-09 00:03:06,917] {processor.py:651} INFO - DAG(s) dict_keys(['example_xcom']) retrieved from /home/renan/datapipeline/.env/lib/python3.8/site-packages/airflow/example_dags/example_xcom.py
[2022-08-09 00:03:06,927] {logging_mixin.py:115} INFO - [2022-08-09 00:03:06,927] {dag.py:2420} INFO - Sync 1 DAGs
[2022-08-09 00:03:06,938] {logging_mixin.py:115} INFO - [2022-08-09 00:03:06,938] {dag.py:2968} INFO - Setting next_dagrun for example_xcom to 2021-01-01T00:00:00+00:00, run_after=2021-01-01T00:00:00+00:00
[2022-08-09 00:03:06,948] {processor.py:161} INFO - Processing /home/renan/datapipeline/.env/lib/python3.8/site-packages/airflow/example_dags/example_xcom.py took 0.047 seconds
[2022-08-09 00:03:39,319] {processor.py:153} INFO - Started process (PID=10630) to work on /home/renan/datapipeline/.env/lib/python3.8/site-packages/airflow/example_dags/example_xcom.py
[2022-08-09 00:03:39,319] {processor.py:641} INFO - Processing file /home/renan/datapipeline/.env/lib/python3.8/site-packages/airflow/example_dags/example_xcom.py for tasks to queue
[2022-08-09 00:03:39,320] {logging_mixin.py:115} INFO - [2022-08-09 00:03:39,320] {dagbag.py:508} INFO - Filling up the DagBag from /home/renan/datapipeline/.env/lib/python3.8/site-packages/airflow/example_dags/example_xcom.py
[2022-08-09 00:03:39,334] {processor.py:651} INFO - DAG(s) dict_keys(['example_xcom']) retrieved from /home/renan/datapipeline/.env/lib/python3.8/site-packages/airflow/example_dags/example_xcom.py
[2022-08-09 00:03:39,344] {logging_mixin.py:115} INFO - [2022-08-09 00:03:39,344] {dag.py:2420} INFO - Sync 1 DAGs
[2022-08-09 00:03:39,356] {logging_mixin.py:115} INFO - [2022-08-09 00:03:39,355] {dag.py:2968} INFO - Setting next_dagrun for example_xcom to 2021-01-01T00:00:00+00:00, run_after=2021-01-01T00:00:00+00:00
[2022-08-09 00:03:39,367] {processor.py:161} INFO - Processing /home/renan/datapipeline/.env/lib/python3.8/site-packages/airflow/example_dags/example_xcom.py took 0.051 seconds
[2022-08-09 00:04:11,112] {processor.py:153} INFO - Started process (PID=10666) to work on /home/renan/datapipeline/.env/lib/python3.8/site-packages/airflow/example_dags/example_xcom.py
[2022-08-09 00:04:11,112] {processor.py:641} INFO - Processing file /home/renan/datapipeline/.env/lib/python3.8/site-packages/airflow/example_dags/example_xcom.py for tasks to queue
[2022-08-09 00:04:11,113] {logging_mixin.py:115} INFO - [2022-08-09 00:04:11,113] {dagbag.py:508} INFO - Filling up the DagBag from /home/renan/datapipeline/.env/lib/python3.8/site-packages/airflow/example_dags/example_xcom.py
[2022-08-09 00:04:11,125] {processor.py:651} INFO - DAG(s) dict_keys(['example_xcom']) retrieved from /home/renan/datapipeline/.env/lib/python3.8/site-packages/airflow/example_dags/example_xcom.py
[2022-08-09 00:04:11,148] {logging_mixin.py:115} INFO - [2022-08-09 00:04:11,148] {dag.py:2420} INFO - Sync 1 DAGs
[2022-08-09 00:04:11,156] {logging_mixin.py:115} INFO - [2022-08-09 00:04:11,156] {dag.py:2968} INFO - Setting next_dagrun for example_xcom to 2021-01-01T00:00:00+00:00, run_after=2021-01-01T00:00:00+00:00
[2022-08-09 00:04:11,166] {processor.py:161} INFO - Processing /home/renan/datapipeline/.env/lib/python3.8/site-packages/airflow/example_dags/example_xcom.py took 0.056 seconds
[2022-08-09 00:04:46,004] {processor.py:153} INFO - Started process (PID=10703) to work on /home/renan/datapipeline/.env/lib/python3.8/site-packages/airflow/example_dags/example_xcom.py
[2022-08-09 00:04:46,004] {processor.py:641} INFO - Processing file /home/renan/datapipeline/.env/lib/python3.8/site-packages/airflow/example_dags/example_xcom.py for tasks to queue
[2022-08-09 00:04:46,004] {logging_mixin.py:115} INFO - [2022-08-09 00:04:46,004] {dagbag.py:508} INFO - Filling up the DagBag from /home/renan/datapipeline/.env/lib/python3.8/site-packages/airflow/example_dags/example_xcom.py
[2022-08-09 00:04:46,017] {processor.py:651} INFO - DAG(s) dict_keys(['example_xcom']) retrieved from /home/renan/datapipeline/.env/lib/python3.8/site-packages/airflow/example_dags/example_xcom.py
[2022-08-09 00:04:46,025] {logging_mixin.py:115} INFO - [2022-08-09 00:04:46,025] {dag.py:2420} INFO - Sync 1 DAGs
[2022-08-09 00:04:46,034] {logging_mixin.py:115} INFO - [2022-08-09 00:04:46,034] {dag.py:2968} INFO - Setting next_dagrun for example_xcom to 2021-01-01T00:00:00+00:00, run_after=2021-01-01T00:00:00+00:00
[2022-08-09 00:04:46,043] {processor.py:161} INFO - Processing /home/renan/datapipeline/.env/lib/python3.8/site-packages/airflow/example_dags/example_xcom.py took 0.041 seconds
[2022-08-09 00:05:17,946] {processor.py:153} INFO - Started process (PID=10765) to work on /home/renan/datapipeline/.env/lib/python3.8/site-packages/airflow/example_dags/example_xcom.py
[2022-08-09 00:05:17,946] {processor.py:641} INFO - Processing file /home/renan/datapipeline/.env/lib/python3.8/site-packages/airflow/example_dags/example_xcom.py for tasks to queue
[2022-08-09 00:05:17,947] {logging_mixin.py:115} INFO - [2022-08-09 00:05:17,947] {dagbag.py:508} INFO - Filling up the DagBag from /home/renan/datapipeline/.env/lib/python3.8/site-packages/airflow/example_dags/example_xcom.py
[2022-08-09 00:05:17,959] {processor.py:651} INFO - DAG(s) dict_keys(['example_xcom']) retrieved from /home/renan/datapipeline/.env/lib/python3.8/site-packages/airflow/example_dags/example_xcom.py
[2022-08-09 00:05:17,967] {logging_mixin.py:115} INFO - [2022-08-09 00:05:17,967] {dag.py:2420} INFO - Sync 1 DAGs
[2022-08-09 00:05:17,977] {logging_mixin.py:115} INFO - [2022-08-09 00:05:17,977] {dag.py:2968} INFO - Setting next_dagrun for example_xcom to 2021-01-01T00:00:00+00:00, run_after=2021-01-01T00:00:00+00:00
[2022-08-09 00:05:17,988] {processor.py:161} INFO - Processing /home/renan/datapipeline/.env/lib/python3.8/site-packages/airflow/example_dags/example_xcom.py took 0.043 seconds
[2022-08-09 00:05:49,863] {processor.py:153} INFO - Started process (PID=10800) to work on /home/renan/datapipeline/.env/lib/python3.8/site-packages/airflow/example_dags/example_xcom.py
[2022-08-09 00:05:49,863] {processor.py:641} INFO - Processing file /home/renan/datapipeline/.env/lib/python3.8/site-packages/airflow/example_dags/example_xcom.py for tasks to queue
[2022-08-09 00:05:49,864] {logging_mixin.py:115} INFO - [2022-08-09 00:05:49,864] {dagbag.py:508} INFO - Filling up the DagBag from /home/renan/datapipeline/.env/lib/python3.8/site-packages/airflow/example_dags/example_xcom.py
[2022-08-09 00:05:49,876] {processor.py:651} INFO - DAG(s) dict_keys(['example_xcom']) retrieved from /home/renan/datapipeline/.env/lib/python3.8/site-packages/airflow/example_dags/example_xcom.py
[2022-08-09 00:05:49,884] {logging_mixin.py:115} INFO - [2022-08-09 00:05:49,884] {dag.py:2420} INFO - Sync 1 DAGs
[2022-08-09 00:05:49,893] {logging_mixin.py:115} INFO - [2022-08-09 00:05:49,893] {dag.py:2968} INFO - Setting next_dagrun for example_xcom to 2021-01-01T00:00:00+00:00, run_after=2021-01-01T00:00:00+00:00
[2022-08-09 00:05:49,902] {processor.py:161} INFO - Processing /home/renan/datapipeline/.env/lib/python3.8/site-packages/airflow/example_dags/example_xcom.py took 0.041 seconds
[2022-08-09 00:06:23,502] {processor.py:153} INFO - Started process (PID=10835) to work on /home/renan/datapipeline/.env/lib/python3.8/site-packages/airflow/example_dags/example_xcom.py
[2022-08-09 00:06:23,502] {processor.py:641} INFO - Processing file /home/renan/datapipeline/.env/lib/python3.8/site-packages/airflow/example_dags/example_xcom.py for tasks to queue
[2022-08-09 00:06:23,503] {logging_mixin.py:115} INFO - [2022-08-09 00:06:23,502] {dagbag.py:508} INFO - Filling up the DagBag from /home/renan/datapipeline/.env/lib/python3.8/site-packages/airflow/example_dags/example_xcom.py
[2022-08-09 00:06:23,515] {processor.py:651} INFO - DAG(s) dict_keys(['example_xcom']) retrieved from /home/renan/datapipeline/.env/lib/python3.8/site-packages/airflow/example_dags/example_xcom.py
[2022-08-09 00:06:23,523] {logging_mixin.py:115} INFO - [2022-08-09 00:06:23,523] {dag.py:2420} INFO - Sync 1 DAGs
[2022-08-09 00:06:23,533] {logging_mixin.py:115} INFO - [2022-08-09 00:06:23,533] {dag.py:2968} INFO - Setting next_dagrun for example_xcom to 2021-01-01T00:00:00+00:00, run_after=2021-01-01T00:00:00+00:00
[2022-08-09 00:06:23,542] {processor.py:161} INFO - Processing /home/renan/datapipeline/.env/lib/python3.8/site-packages/airflow/example_dags/example_xcom.py took 0.042 seconds
[2022-08-09 00:06:57,145] {processor.py:153} INFO - Started process (PID=10887) to work on /home/renan/datapipeline/.env/lib/python3.8/site-packages/airflow/example_dags/example_xcom.py
[2022-08-09 00:06:57,146] {processor.py:641} INFO - Processing file /home/renan/datapipeline/.env/lib/python3.8/site-packages/airflow/example_dags/example_xcom.py for tasks to queue
[2022-08-09 00:06:57,146] {logging_mixin.py:115} INFO - [2022-08-09 00:06:57,146] {dagbag.py:508} INFO - Filling up the DagBag from /home/renan/datapipeline/.env/lib/python3.8/site-packages/airflow/example_dags/example_xcom.py
[2022-08-09 00:06:57,158] {processor.py:651} INFO - DAG(s) dict_keys(['example_xcom']) retrieved from /home/renan/datapipeline/.env/lib/python3.8/site-packages/airflow/example_dags/example_xcom.py
[2022-08-09 00:06:57,166] {logging_mixin.py:115} INFO - [2022-08-09 00:06:57,166] {dag.py:2420} INFO - Sync 1 DAGs
[2022-08-09 00:06:57,175] {logging_mixin.py:115} INFO - [2022-08-09 00:06:57,175] {dag.py:2968} INFO - Setting next_dagrun for example_xcom to 2021-01-01T00:00:00+00:00, run_after=2021-01-01T00:00:00+00:00
[2022-08-09 00:06:57,183] {processor.py:161} INFO - Processing /home/renan/datapipeline/.env/lib/python3.8/site-packages/airflow/example_dags/example_xcom.py took 0.039 seconds
[2022-08-09 00:07:29,595] {processor.py:153} INFO - Started process (PID=10934) to work on /home/renan/datapipeline/.env/lib/python3.8/site-packages/airflow/example_dags/example_xcom.py
[2022-08-09 00:07:29,596] {processor.py:641} INFO - Processing file /home/renan/datapipeline/.env/lib/python3.8/site-packages/airflow/example_dags/example_xcom.py for tasks to queue
[2022-08-09 00:07:29,596] {logging_mixin.py:115} INFO - [2022-08-09 00:07:29,596] {dagbag.py:508} INFO - Filling up the DagBag from /home/renan/datapipeline/.env/lib/python3.8/site-packages/airflow/example_dags/example_xcom.py
[2022-08-09 00:07:29,610] {processor.py:651} INFO - DAG(s) dict_keys(['example_xcom']) retrieved from /home/renan/datapipeline/.env/lib/python3.8/site-packages/airflow/example_dags/example_xcom.py
[2022-08-09 00:07:29,620] {logging_mixin.py:115} INFO - [2022-08-09 00:07:29,620] {dag.py:2420} INFO - Sync 1 DAGs
[2022-08-09 00:07:29,631] {logging_mixin.py:115} INFO - [2022-08-09 00:07:29,631] {dag.py:2968} INFO - Setting next_dagrun for example_xcom to 2021-01-01T00:00:00+00:00, run_after=2021-01-01T00:00:00+00:00
[2022-08-09 00:07:29,641] {processor.py:161} INFO - Processing /home/renan/datapipeline/.env/lib/python3.8/site-packages/airflow/example_dags/example_xcom.py took 0.049 seconds
[2022-08-09 00:08:03,230] {processor.py:153} INFO - Started process (PID=10974) to work on /home/renan/datapipeline/.env/lib/python3.8/site-packages/airflow/example_dags/example_xcom.py
[2022-08-09 00:08:03,231] {processor.py:641} INFO - Processing file /home/renan/datapipeline/.env/lib/python3.8/site-packages/airflow/example_dags/example_xcom.py for tasks to queue
[2022-08-09 00:08:03,231] {logging_mixin.py:115} INFO - [2022-08-09 00:08:03,231] {dagbag.py:508} INFO - Filling up the DagBag from /home/renan/datapipeline/.env/lib/python3.8/site-packages/airflow/example_dags/example_xcom.py
[2022-08-09 00:08:03,243] {processor.py:651} INFO - DAG(s) dict_keys(['example_xcom']) retrieved from /home/renan/datapipeline/.env/lib/python3.8/site-packages/airflow/example_dags/example_xcom.py
[2022-08-09 00:08:03,252] {logging_mixin.py:115} INFO - [2022-08-09 00:08:03,252] {dag.py:2420} INFO - Sync 1 DAGs
[2022-08-09 00:08:03,261] {logging_mixin.py:115} INFO - [2022-08-09 00:08:03,261] {dag.py:2968} INFO - Setting next_dagrun for example_xcom to 2021-01-01T00:00:00+00:00, run_after=2021-01-01T00:00:00+00:00
[2022-08-09 00:08:03,270] {processor.py:161} INFO - Processing /home/renan/datapipeline/.env/lib/python3.8/site-packages/airflow/example_dags/example_xcom.py took 0.041 seconds
[2022-08-09 00:08:35,303] {processor.py:153} INFO - Started process (PID=11009) to work on /home/renan/datapipeline/.env/lib/python3.8/site-packages/airflow/example_dags/example_xcom.py
[2022-08-09 00:08:35,303] {processor.py:641} INFO - Processing file /home/renan/datapipeline/.env/lib/python3.8/site-packages/airflow/example_dags/example_xcom.py for tasks to queue
[2022-08-09 00:08:35,304] {logging_mixin.py:115} INFO - [2022-08-09 00:08:35,304] {dagbag.py:508} INFO - Filling up the DagBag from /home/renan/datapipeline/.env/lib/python3.8/site-packages/airflow/example_dags/example_xcom.py
[2022-08-09 00:08:35,316] {processor.py:651} INFO - DAG(s) dict_keys(['example_xcom']) retrieved from /home/renan/datapipeline/.env/lib/python3.8/site-packages/airflow/example_dags/example_xcom.py
[2022-08-09 00:08:35,324] {logging_mixin.py:115} INFO - [2022-08-09 00:08:35,324] {dag.py:2420} INFO - Sync 1 DAGs
[2022-08-09 00:08:35,333] {logging_mixin.py:115} INFO - [2022-08-09 00:08:35,333] {dag.py:2968} INFO - Setting next_dagrun for example_xcom to 2021-01-01T00:00:00+00:00, run_after=2021-01-01T00:00:00+00:00
[2022-08-09 00:08:35,342] {processor.py:161} INFO - Processing /home/renan/datapipeline/.env/lib/python3.8/site-packages/airflow/example_dags/example_xcom.py took 0.040 seconds
[2022-08-09 00:09:08,732] {processor.py:153} INFO - Started process (PID=11045) to work on /home/renan/datapipeline/.env/lib/python3.8/site-packages/airflow/example_dags/example_xcom.py
[2022-08-09 00:09:08,733] {processor.py:641} INFO - Processing file /home/renan/datapipeline/.env/lib/python3.8/site-packages/airflow/example_dags/example_xcom.py for tasks to queue
[2022-08-09 00:09:08,733] {logging_mixin.py:115} INFO - [2022-08-09 00:09:08,733] {dagbag.py:508} INFO - Filling up the DagBag from /home/renan/datapipeline/.env/lib/python3.8/site-packages/airflow/example_dags/example_xcom.py
[2022-08-09 00:09:08,745] {processor.py:651} INFO - DAG(s) dict_keys(['example_xcom']) retrieved from /home/renan/datapipeline/.env/lib/python3.8/site-packages/airflow/example_dags/example_xcom.py
[2022-08-09 00:09:08,769] {logging_mixin.py:115} INFO - [2022-08-09 00:09:08,769] {dag.py:2420} INFO - Sync 1 DAGs
[2022-08-09 00:09:08,777] {logging_mixin.py:115} INFO - [2022-08-09 00:09:08,777] {dag.py:2968} INFO - Setting next_dagrun for example_xcom to 2021-01-01T00:00:00+00:00, run_after=2021-01-01T00:00:00+00:00
[2022-08-09 00:09:08,788] {processor.py:161} INFO - Processing /home/renan/datapipeline/.env/lib/python3.8/site-packages/airflow/example_dags/example_xcom.py took 0.057 seconds
[2022-08-09 00:09:42,376] {processor.py:153} INFO - Started process (PID=11081) to work on /home/renan/datapipeline/.env/lib/python3.8/site-packages/airflow/example_dags/example_xcom.py
[2022-08-09 00:09:42,377] {processor.py:641} INFO - Processing file /home/renan/datapipeline/.env/lib/python3.8/site-packages/airflow/example_dags/example_xcom.py for tasks to queue
[2022-08-09 00:09:42,377] {logging_mixin.py:115} INFO - [2022-08-09 00:09:42,377] {dagbag.py:508} INFO - Filling up the DagBag from /home/renan/datapipeline/.env/lib/python3.8/site-packages/airflow/example_dags/example_xcom.py
[2022-08-09 00:09:42,389] {processor.py:651} INFO - DAG(s) dict_keys(['example_xcom']) retrieved from /home/renan/datapipeline/.env/lib/python3.8/site-packages/airflow/example_dags/example_xcom.py
[2022-08-09 00:09:42,398] {logging_mixin.py:115} INFO - [2022-08-09 00:09:42,397] {dag.py:2420} INFO - Sync 1 DAGs
[2022-08-09 00:09:42,407] {logging_mixin.py:115} INFO - [2022-08-09 00:09:42,407] {dag.py:2968} INFO - Setting next_dagrun for example_xcom to 2021-01-01T00:00:00+00:00, run_after=2021-01-01T00:00:00+00:00
[2022-08-09 00:09:42,415] {processor.py:161} INFO - Processing /home/renan/datapipeline/.env/lib/python3.8/site-packages/airflow/example_dags/example_xcom.py took 0.041 seconds
[2022-08-09 00:10:13,687] {processor.py:153} INFO - Started process (PID=11119) to work on /home/renan/datapipeline/.env/lib/python3.8/site-packages/airflow/example_dags/example_xcom.py
[2022-08-09 00:10:13,688] {processor.py:641} INFO - Processing file /home/renan/datapipeline/.env/lib/python3.8/site-packages/airflow/example_dags/example_xcom.py for tasks to queue
[2022-08-09 00:10:13,688] {logging_mixin.py:115} INFO - [2022-08-09 00:10:13,688] {dagbag.py:508} INFO - Filling up the DagBag from /home/renan/datapipeline/.env/lib/python3.8/site-packages/airflow/example_dags/example_xcom.py
[2022-08-09 00:10:13,701] {processor.py:651} INFO - DAG(s) dict_keys(['example_xcom']) retrieved from /home/renan/datapipeline/.env/lib/python3.8/site-packages/airflow/example_dags/example_xcom.py
[2022-08-09 00:10:13,709] {logging_mixin.py:115} INFO - [2022-08-09 00:10:13,709] {dag.py:2420} INFO - Sync 1 DAGs
[2022-08-09 00:10:13,718] {logging_mixin.py:115} INFO - [2022-08-09 00:10:13,718] {dag.py:2968} INFO - Setting next_dagrun for example_xcom to 2021-01-01T00:00:00+00:00, run_after=2021-01-01T00:00:00+00:00
[2022-08-09 00:10:13,728] {processor.py:161} INFO - Processing /home/renan/datapipeline/.env/lib/python3.8/site-packages/airflow/example_dags/example_xcom.py took 0.042 seconds
[2022-08-09 00:10:47,934] {processor.py:153} INFO - Started process (PID=11155) to work on /home/renan/datapipeline/.env/lib/python3.8/site-packages/airflow/example_dags/example_xcom.py
[2022-08-09 00:10:47,935] {processor.py:641} INFO - Processing file /home/renan/datapipeline/.env/lib/python3.8/site-packages/airflow/example_dags/example_xcom.py for tasks to queue
[2022-08-09 00:10:47,935] {logging_mixin.py:115} INFO - [2022-08-09 00:10:47,935] {dagbag.py:508} INFO - Filling up the DagBag from /home/renan/datapipeline/.env/lib/python3.8/site-packages/airflow/example_dags/example_xcom.py
[2022-08-09 00:10:47,947] {processor.py:651} INFO - DAG(s) dict_keys(['example_xcom']) retrieved from /home/renan/datapipeline/.env/lib/python3.8/site-packages/airflow/example_dags/example_xcom.py
[2022-08-09 00:10:47,955] {logging_mixin.py:115} INFO - [2022-08-09 00:10:47,955] {dag.py:2420} INFO - Sync 1 DAGs
[2022-08-09 00:10:47,964] {logging_mixin.py:115} INFO - [2022-08-09 00:10:47,964] {dag.py:2968} INFO - Setting next_dagrun for example_xcom to 2021-01-01T00:00:00+00:00, run_after=2021-01-01T00:00:00+00:00
[2022-08-09 00:10:47,973] {processor.py:161} INFO - Processing /home/renan/datapipeline/.env/lib/python3.8/site-packages/airflow/example_dags/example_xcom.py took 0.041 seconds
[2022-08-09 00:11:20,563] {processor.py:153} INFO - Started process (PID=11206) to work on /home/renan/datapipeline/.env/lib/python3.8/site-packages/airflow/example_dags/example_xcom.py
[2022-08-09 00:11:20,563] {processor.py:641} INFO - Processing file /home/renan/datapipeline/.env/lib/python3.8/site-packages/airflow/example_dags/example_xcom.py for tasks to queue
[2022-08-09 00:11:20,563] {logging_mixin.py:115} INFO - [2022-08-09 00:11:20,563] {dagbag.py:508} INFO - Filling up the DagBag from /home/renan/datapipeline/.env/lib/python3.8/site-packages/airflow/example_dags/example_xcom.py
[2022-08-09 00:11:20,575] {processor.py:651} INFO - DAG(s) dict_keys(['example_xcom']) retrieved from /home/renan/datapipeline/.env/lib/python3.8/site-packages/airflow/example_dags/example_xcom.py
[2022-08-09 00:11:20,583] {logging_mixin.py:115} INFO - [2022-08-09 00:11:20,583] {dag.py:2420} INFO - Sync 1 DAGs
[2022-08-09 00:11:20,593] {logging_mixin.py:115} INFO - [2022-08-09 00:11:20,593] {dag.py:2968} INFO - Setting next_dagrun for example_xcom to 2021-01-01T00:00:00+00:00, run_after=2021-01-01T00:00:00+00:00
[2022-08-09 00:11:20,601] {processor.py:161} INFO - Processing /home/renan/datapipeline/.env/lib/python3.8/site-packages/airflow/example_dags/example_xcom.py took 0.041 seconds
[2022-08-09 00:11:54,053] {processor.py:153} INFO - Started process (PID=11255) to work on /home/renan/datapipeline/.env/lib/python3.8/site-packages/airflow/example_dags/example_xcom.py
[2022-08-09 00:11:54,053] {processor.py:641} INFO - Processing file /home/renan/datapipeline/.env/lib/python3.8/site-packages/airflow/example_dags/example_xcom.py for tasks to queue
[2022-08-09 00:11:54,053] {logging_mixin.py:115} INFO - [2022-08-09 00:11:54,053] {dagbag.py:508} INFO - Filling up the DagBag from /home/renan/datapipeline/.env/lib/python3.8/site-packages/airflow/example_dags/example_xcom.py
[2022-08-09 00:11:54,065] {processor.py:651} INFO - DAG(s) dict_keys(['example_xcom']) retrieved from /home/renan/datapipeline/.env/lib/python3.8/site-packages/airflow/example_dags/example_xcom.py
[2022-08-09 00:11:54,074] {logging_mixin.py:115} INFO - [2022-08-09 00:11:54,074] {dag.py:2420} INFO - Sync 1 DAGs
[2022-08-09 00:11:54,083] {logging_mixin.py:115} INFO - [2022-08-09 00:11:54,083] {dag.py:2968} INFO - Setting next_dagrun for example_xcom to 2021-01-01T00:00:00+00:00, run_after=2021-01-01T00:00:00+00:00
[2022-08-09 00:11:54,092] {processor.py:161} INFO - Processing /home/renan/datapipeline/.env/lib/python3.8/site-packages/airflow/example_dags/example_xcom.py took 0.041 seconds
[2022-08-09 00:12:28,599] {processor.py:153} INFO - Started process (PID=11310) to work on /home/renan/datapipeline/.env/lib/python3.8/site-packages/airflow/example_dags/example_xcom.py
[2022-08-09 00:12:28,599] {processor.py:641} INFO - Processing file /home/renan/datapipeline/.env/lib/python3.8/site-packages/airflow/example_dags/example_xcom.py for tasks to queue
[2022-08-09 00:12:28,600] {logging_mixin.py:115} INFO - [2022-08-09 00:12:28,600] {dagbag.py:508} INFO - Filling up the DagBag from /home/renan/datapipeline/.env/lib/python3.8/site-packages/airflow/example_dags/example_xcom.py
[2022-08-09 00:12:28,616] {processor.py:651} INFO - DAG(s) dict_keys(['example_xcom']) retrieved from /home/renan/datapipeline/.env/lib/python3.8/site-packages/airflow/example_dags/example_xcom.py
[2022-08-09 00:12:28,626] {logging_mixin.py:115} INFO - [2022-08-09 00:12:28,626] {dag.py:2420} INFO - Sync 1 DAGs
[2022-08-09 00:12:28,636] {logging_mixin.py:115} INFO - [2022-08-09 00:12:28,636] {dag.py:2968} INFO - Setting next_dagrun for example_xcom to 2021-01-01T00:00:00+00:00, run_after=2021-01-01T00:00:00+00:00
[2022-08-09 00:12:28,647] {processor.py:161} INFO - Processing /home/renan/datapipeline/.env/lib/python3.8/site-packages/airflow/example_dags/example_xcom.py took 0.050 seconds
[2022-08-09 00:13:03,368] {processor.py:153} INFO - Started process (PID=11360) to work on /home/renan/datapipeline/.env/lib/python3.8/site-packages/airflow/example_dags/example_xcom.py
[2022-08-09 00:13:03,368] {processor.py:641} INFO - Processing file /home/renan/datapipeline/.env/lib/python3.8/site-packages/airflow/example_dags/example_xcom.py for tasks to queue
[2022-08-09 00:13:03,369] {logging_mixin.py:115} INFO - [2022-08-09 00:13:03,369] {dagbag.py:508} INFO - Filling up the DagBag from /home/renan/datapipeline/.env/lib/python3.8/site-packages/airflow/example_dags/example_xcom.py
[2022-08-09 00:13:03,382] {processor.py:651} INFO - DAG(s) dict_keys(['example_xcom']) retrieved from /home/renan/datapipeline/.env/lib/python3.8/site-packages/airflow/example_dags/example_xcom.py
[2022-08-09 00:13:03,391] {logging_mixin.py:115} INFO - [2022-08-09 00:13:03,391] {dag.py:2420} INFO - Sync 1 DAGs
[2022-08-09 00:13:03,401] {logging_mixin.py:115} INFO - [2022-08-09 00:13:03,401] {dag.py:2968} INFO - Setting next_dagrun for example_xcom to 2021-01-01T00:00:00+00:00, run_after=2021-01-01T00:00:00+00:00
[2022-08-09 00:13:03,413] {processor.py:161} INFO - Processing /home/renan/datapipeline/.env/lib/python3.8/site-packages/airflow/example_dags/example_xcom.py took 0.047 seconds
[2022-08-09 00:13:35,567] {processor.py:153} INFO - Started process (PID=11396) to work on /home/renan/datapipeline/.env/lib/python3.8/site-packages/airflow/example_dags/example_xcom.py
[2022-08-09 00:13:35,568] {processor.py:641} INFO - Processing file /home/renan/datapipeline/.env/lib/python3.8/site-packages/airflow/example_dags/example_xcom.py for tasks to queue
[2022-08-09 00:13:35,568] {logging_mixin.py:115} INFO - [2022-08-09 00:13:35,568] {dagbag.py:508} INFO - Filling up the DagBag from /home/renan/datapipeline/.env/lib/python3.8/site-packages/airflow/example_dags/example_xcom.py
[2022-08-09 00:13:35,584] {processor.py:651} INFO - DAG(s) dict_keys(['example_xcom']) retrieved from /home/renan/datapipeline/.env/lib/python3.8/site-packages/airflow/example_dags/example_xcom.py
[2022-08-09 00:13:35,596] {logging_mixin.py:115} INFO - [2022-08-09 00:13:35,595] {dag.py:2420} INFO - Sync 1 DAGs
[2022-08-09 00:13:35,606] {logging_mixin.py:115} INFO - [2022-08-09 00:13:35,605] {dag.py:2968} INFO - Setting next_dagrun for example_xcom to 2021-01-01T00:00:00+00:00, run_after=2021-01-01T00:00:00+00:00
[2022-08-09 00:13:35,617] {processor.py:161} INFO - Processing /home/renan/datapipeline/.env/lib/python3.8/site-packages/airflow/example_dags/example_xcom.py took 0.052 seconds
[2022-08-09 00:14:09,182] {processor.py:153} INFO - Started process (PID=11481) to work on /home/renan/datapipeline/.env/lib/python3.8/site-packages/airflow/example_dags/example_xcom.py
[2022-08-09 00:14:09,183] {processor.py:641} INFO - Processing file /home/renan/datapipeline/.env/lib/python3.8/site-packages/airflow/example_dags/example_xcom.py for tasks to queue
[2022-08-09 00:14:09,183] {logging_mixin.py:115} INFO - [2022-08-09 00:14:09,183] {dagbag.py:508} INFO - Filling up the DagBag from /home/renan/datapipeline/.env/lib/python3.8/site-packages/airflow/example_dags/example_xcom.py
[2022-08-09 00:14:09,194] {processor.py:651} INFO - DAG(s) dict_keys(['example_xcom']) retrieved from /home/renan/datapipeline/.env/lib/python3.8/site-packages/airflow/example_dags/example_xcom.py
[2022-08-09 00:14:09,218] {logging_mixin.py:115} INFO - [2022-08-09 00:14:09,217] {dag.py:2420} INFO - Sync 1 DAGs
[2022-08-09 00:14:09,227] {logging_mixin.py:115} INFO - [2022-08-09 00:14:09,227] {dag.py:2968} INFO - Setting next_dagrun for example_xcom to 2021-01-01T00:00:00+00:00, run_after=2021-01-01T00:00:00+00:00
[2022-08-09 00:14:09,237] {processor.py:161} INFO - Processing /home/renan/datapipeline/.env/lib/python3.8/site-packages/airflow/example_dags/example_xcom.py took 0.056 seconds
[2022-08-09 00:14:42,252] {processor.py:153} INFO - Started process (PID=11527) to work on /home/renan/datapipeline/.env/lib/python3.8/site-packages/airflow/example_dags/example_xcom.py
[2022-08-09 00:14:42,252] {processor.py:641} INFO - Processing file /home/renan/datapipeline/.env/lib/python3.8/site-packages/airflow/example_dags/example_xcom.py for tasks to queue
[2022-08-09 00:14:42,252] {logging_mixin.py:115} INFO - [2022-08-09 00:14:42,252] {dagbag.py:508} INFO - Filling up the DagBag from /home/renan/datapipeline/.env/lib/python3.8/site-packages/airflow/example_dags/example_xcom.py
[2022-08-09 00:14:42,263] {processor.py:651} INFO - DAG(s) dict_keys(['example_xcom']) retrieved from /home/renan/datapipeline/.env/lib/python3.8/site-packages/airflow/example_dags/example_xcom.py
[2022-08-09 00:14:42,272] {logging_mixin.py:115} INFO - [2022-08-09 00:14:42,272] {dag.py:2420} INFO - Sync 1 DAGs
[2022-08-09 00:14:42,282] {logging_mixin.py:115} INFO - [2022-08-09 00:14:42,282] {dag.py:2968} INFO - Setting next_dagrun for example_xcom to 2021-01-01T00:00:00+00:00, run_after=2021-01-01T00:00:00+00:00
[2022-08-09 00:14:42,290] {processor.py:161} INFO - Processing /home/renan/datapipeline/.env/lib/python3.8/site-packages/airflow/example_dags/example_xcom.py took 0.040 seconds
[2022-08-09 00:15:18,902] {processor.py:153} INFO - Started process (PID=11570) to work on /home/renan/datapipeline/.env/lib/python3.8/site-packages/airflow/example_dags/example_xcom.py
[2022-08-09 00:15:18,903] {processor.py:641} INFO - Processing file /home/renan/datapipeline/.env/lib/python3.8/site-packages/airflow/example_dags/example_xcom.py for tasks to queue
[2022-08-09 00:15:18,903] {logging_mixin.py:115} INFO - [2022-08-09 00:15:18,903] {dagbag.py:508} INFO - Filling up the DagBag from /home/renan/datapipeline/.env/lib/python3.8/site-packages/airflow/example_dags/example_xcom.py
[2022-08-09 00:15:18,914] {processor.py:651} INFO - DAG(s) dict_keys(['example_xcom']) retrieved from /home/renan/datapipeline/.env/lib/python3.8/site-packages/airflow/example_dags/example_xcom.py
[2022-08-09 00:15:18,938] {logging_mixin.py:115} INFO - [2022-08-09 00:15:18,938] {dag.py:2420} INFO - Sync 1 DAGs
[2022-08-09 00:15:18,949] {logging_mixin.py:115} INFO - [2022-08-09 00:15:18,949] {dag.py:2968} INFO - Setting next_dagrun for example_xcom to 2021-01-01T00:00:00+00:00, run_after=2021-01-01T00:00:00+00:00
[2022-08-09 00:15:18,959] {processor.py:161} INFO - Processing /home/renan/datapipeline/.env/lib/python3.8/site-packages/airflow/example_dags/example_xcom.py took 0.058 seconds
[2022-08-09 00:15:50,416] {processor.py:153} INFO - Started process (PID=11646) to work on /home/renan/datapipeline/.env/lib/python3.8/site-packages/airflow/example_dags/example_xcom.py
[2022-08-09 00:15:50,416] {processor.py:641} INFO - Processing file /home/renan/datapipeline/.env/lib/python3.8/site-packages/airflow/example_dags/example_xcom.py for tasks to queue
[2022-08-09 00:15:50,417] {logging_mixin.py:115} INFO - [2022-08-09 00:15:50,417] {dagbag.py:508} INFO - Filling up the DagBag from /home/renan/datapipeline/.env/lib/python3.8/site-packages/airflow/example_dags/example_xcom.py
[2022-08-09 00:15:50,427] {processor.py:651} INFO - DAG(s) dict_keys(['example_xcom']) retrieved from /home/renan/datapipeline/.env/lib/python3.8/site-packages/airflow/example_dags/example_xcom.py
[2022-08-09 00:15:50,451] {logging_mixin.py:115} INFO - [2022-08-09 00:15:50,451] {dag.py:2420} INFO - Sync 1 DAGs
[2022-08-09 00:15:50,462] {logging_mixin.py:115} INFO - [2022-08-09 00:15:50,462] {dag.py:2968} INFO - Setting next_dagrun for example_xcom to 2021-01-01T00:00:00+00:00, run_after=2021-01-01T00:00:00+00:00
[2022-08-09 00:15:50,477] {processor.py:161} INFO - Processing /home/renan/datapipeline/.env/lib/python3.8/site-packages/airflow/example_dags/example_xcom.py took 0.063 seconds
[2022-08-09 00:16:24,858] {processor.py:153} INFO - Started process (PID=11695) to work on /home/renan/datapipeline/.env/lib/python3.8/site-packages/airflow/example_dags/example_xcom.py
[2022-08-09 00:16:24,858] {processor.py:641} INFO - Processing file /home/renan/datapipeline/.env/lib/python3.8/site-packages/airflow/example_dags/example_xcom.py for tasks to queue
[2022-08-09 00:16:24,859] {logging_mixin.py:115} INFO - [2022-08-09 00:16:24,859] {dagbag.py:508} INFO - Filling up the DagBag from /home/renan/datapipeline/.env/lib/python3.8/site-packages/airflow/example_dags/example_xcom.py
[2022-08-09 00:16:24,871] {processor.py:651} INFO - DAG(s) dict_keys(['example_xcom']) retrieved from /home/renan/datapipeline/.env/lib/python3.8/site-packages/airflow/example_dags/example_xcom.py
[2022-08-09 00:16:24,881] {logging_mixin.py:115} INFO - [2022-08-09 00:16:24,881] {dag.py:2420} INFO - Sync 1 DAGs
[2022-08-09 00:16:24,891] {logging_mixin.py:115} INFO - [2022-08-09 00:16:24,891] {dag.py:2968} INFO - Setting next_dagrun for example_xcom to 2021-01-01T00:00:00+00:00, run_after=2021-01-01T00:00:00+00:00
[2022-08-09 00:16:24,905] {processor.py:161} INFO - Processing /home/renan/datapipeline/.env/lib/python3.8/site-packages/airflow/example_dags/example_xcom.py took 0.049 seconds
[2022-08-09 00:16:56,781] {processor.py:153} INFO - Started process (PID=11740) to work on /home/renan/datapipeline/.env/lib/python3.8/site-packages/airflow/example_dags/example_xcom.py
[2022-08-09 00:16:56,782] {processor.py:641} INFO - Processing file /home/renan/datapipeline/.env/lib/python3.8/site-packages/airflow/example_dags/example_xcom.py for tasks to queue
[2022-08-09 00:16:56,782] {logging_mixin.py:115} INFO - [2022-08-09 00:16:56,782] {dagbag.py:508} INFO - Filling up the DagBag from /home/renan/datapipeline/.env/lib/python3.8/site-packages/airflow/example_dags/example_xcom.py
[2022-08-09 00:16:56,794] {processor.py:651} INFO - DAG(s) dict_keys(['example_xcom']) retrieved from /home/renan/datapipeline/.env/lib/python3.8/site-packages/airflow/example_dags/example_xcom.py
[2022-08-09 00:16:56,804] {logging_mixin.py:115} INFO - [2022-08-09 00:16:56,803] {dag.py:2420} INFO - Sync 1 DAGs
[2022-08-09 00:16:56,814] {logging_mixin.py:115} INFO - [2022-08-09 00:16:56,814] {dag.py:2968} INFO - Setting next_dagrun for example_xcom to 2021-01-01T00:00:00+00:00, run_after=2021-01-01T00:00:00+00:00
[2022-08-09 00:16:56,826] {processor.py:161} INFO - Processing /home/renan/datapipeline/.env/lib/python3.8/site-packages/airflow/example_dags/example_xcom.py took 0.047 seconds
[2022-08-09 00:17:29,824] {processor.py:153} INFO - Started process (PID=11789) to work on /home/renan/datapipeline/.env/lib/python3.8/site-packages/airflow/example_dags/example_xcom.py
[2022-08-09 00:17:29,825] {processor.py:641} INFO - Processing file /home/renan/datapipeline/.env/lib/python3.8/site-packages/airflow/example_dags/example_xcom.py for tasks to queue
[2022-08-09 00:17:29,825] {logging_mixin.py:115} INFO - [2022-08-09 00:17:29,825] {dagbag.py:508} INFO - Filling up the DagBag from /home/renan/datapipeline/.env/lib/python3.8/site-packages/airflow/example_dags/example_xcom.py
[2022-08-09 00:17:29,838] {processor.py:651} INFO - DAG(s) dict_keys(['example_xcom']) retrieved from /home/renan/datapipeline/.env/lib/python3.8/site-packages/airflow/example_dags/example_xcom.py
[2022-08-09 00:17:29,848] {logging_mixin.py:115} INFO - [2022-08-09 00:17:29,848] {dag.py:2420} INFO - Sync 1 DAGs
[2022-08-09 00:17:29,859] {logging_mixin.py:115} INFO - [2022-08-09 00:17:29,859] {dag.py:2968} INFO - Setting next_dagrun for example_xcom to 2021-01-01T00:00:00+00:00, run_after=2021-01-01T00:00:00+00:00
[2022-08-09 00:17:29,869] {processor.py:161} INFO - Processing /home/renan/datapipeline/.env/lib/python3.8/site-packages/airflow/example_dags/example_xcom.py took 0.047 seconds
[2022-08-09 00:18:00,985] {processor.py:153} INFO - Started process (PID=11825) to work on /home/renan/datapipeline/.env/lib/python3.8/site-packages/airflow/example_dags/example_xcom.py
[2022-08-09 00:18:00,986] {processor.py:641} INFO - Processing file /home/renan/datapipeline/.env/lib/python3.8/site-packages/airflow/example_dags/example_xcom.py for tasks to queue
[2022-08-09 00:18:00,986] {logging_mixin.py:115} INFO - [2022-08-09 00:18:00,986] {dagbag.py:508} INFO - Filling up the DagBag from /home/renan/datapipeline/.env/lib/python3.8/site-packages/airflow/example_dags/example_xcom.py
[2022-08-09 00:18:00,996] {processor.py:651} INFO - DAG(s) dict_keys(['example_xcom']) retrieved from /home/renan/datapipeline/.env/lib/python3.8/site-packages/airflow/example_dags/example_xcom.py
[2022-08-09 00:18:01,005] {logging_mixin.py:115} INFO - [2022-08-09 00:18:01,005] {dag.py:2420} INFO - Sync 1 DAGs
[2022-08-09 00:18:01,014] {logging_mixin.py:115} INFO - [2022-08-09 00:18:01,014] {dag.py:2968} INFO - Setting next_dagrun for example_xcom to 2021-01-01T00:00:00+00:00, run_after=2021-01-01T00:00:00+00:00
[2022-08-09 00:18:01,023] {processor.py:161} INFO - Processing /home/renan/datapipeline/.env/lib/python3.8/site-packages/airflow/example_dags/example_xcom.py took 0.039 seconds
[2022-08-09 00:18:33,181] {processor.py:153} INFO - Started process (PID=11858) to work on /home/renan/datapipeline/.env/lib/python3.8/site-packages/airflow/example_dags/example_xcom.py
[2022-08-09 00:18:33,182] {processor.py:641} INFO - Processing file /home/renan/datapipeline/.env/lib/python3.8/site-packages/airflow/example_dags/example_xcom.py for tasks to queue
[2022-08-09 00:18:33,182] {logging_mixin.py:115} INFO - [2022-08-09 00:18:33,182] {dagbag.py:508} INFO - Filling up the DagBag from /home/renan/datapipeline/.env/lib/python3.8/site-packages/airflow/example_dags/example_xcom.py
[2022-08-09 00:18:33,193] {processor.py:651} INFO - DAG(s) dict_keys(['example_xcom']) retrieved from /home/renan/datapipeline/.env/lib/python3.8/site-packages/airflow/example_dags/example_xcom.py
[2022-08-09 00:18:33,201] {logging_mixin.py:115} INFO - [2022-08-09 00:18:33,201] {dag.py:2420} INFO - Sync 1 DAGs
[2022-08-09 00:18:33,211] {logging_mixin.py:115} INFO - [2022-08-09 00:18:33,211] {dag.py:2968} INFO - Setting next_dagrun for example_xcom to 2021-01-01T00:00:00+00:00, run_after=2021-01-01T00:00:00+00:00
[2022-08-09 00:18:33,219] {processor.py:161} INFO - Processing /home/renan/datapipeline/.env/lib/python3.8/site-packages/airflow/example_dags/example_xcom.py took 0.040 seconds
[2022-08-09 00:19:07,887] {processor.py:153} INFO - Started process (PID=11896) to work on /home/renan/datapipeline/.env/lib/python3.8/site-packages/airflow/example_dags/example_xcom.py
[2022-08-09 00:19:07,887] {processor.py:641} INFO - Processing file /home/renan/datapipeline/.env/lib/python3.8/site-packages/airflow/example_dags/example_xcom.py for tasks to queue
[2022-08-09 00:19:07,888] {logging_mixin.py:115} INFO - [2022-08-09 00:19:07,888] {dagbag.py:508} INFO - Filling up the DagBag from /home/renan/datapipeline/.env/lib/python3.8/site-packages/airflow/example_dags/example_xcom.py
[2022-08-09 00:19:07,898] {processor.py:651} INFO - DAG(s) dict_keys(['example_xcom']) retrieved from /home/renan/datapipeline/.env/lib/python3.8/site-packages/airflow/example_dags/example_xcom.py
[2022-08-09 00:19:07,922] {logging_mixin.py:115} INFO - [2022-08-09 00:19:07,922] {dag.py:2420} INFO - Sync 1 DAGs
[2022-08-09 00:19:07,931] {logging_mixin.py:115} INFO - [2022-08-09 00:19:07,931] {dag.py:2968} INFO - Setting next_dagrun for example_xcom to 2021-01-01T00:00:00+00:00, run_after=2021-01-01T00:00:00+00:00
[2022-08-09 00:19:07,940] {processor.py:161} INFO - Processing /home/renan/datapipeline/.env/lib/python3.8/site-packages/airflow/example_dags/example_xcom.py took 0.055 seconds
[2022-08-09 00:19:38,688] {processor.py:153} INFO - Started process (PID=11929) to work on /home/renan/datapipeline/.env/lib/python3.8/site-packages/airflow/example_dags/example_xcom.py
[2022-08-09 00:19:38,688] {processor.py:641} INFO - Processing file /home/renan/datapipeline/.env/lib/python3.8/site-packages/airflow/example_dags/example_xcom.py for tasks to queue
[2022-08-09 00:19:38,689] {logging_mixin.py:115} INFO - [2022-08-09 00:19:38,689] {dagbag.py:508} INFO - Filling up the DagBag from /home/renan/datapipeline/.env/lib/python3.8/site-packages/airflow/example_dags/example_xcom.py
[2022-08-09 00:19:38,699] {processor.py:651} INFO - DAG(s) dict_keys(['example_xcom']) retrieved from /home/renan/datapipeline/.env/lib/python3.8/site-packages/airflow/example_dags/example_xcom.py
[2022-08-09 00:19:38,708] {logging_mixin.py:115} INFO - [2022-08-09 00:19:38,708] {dag.py:2420} INFO - Sync 1 DAGs
[2022-08-09 00:19:38,717] {logging_mixin.py:115} INFO - [2022-08-09 00:19:38,717] {dag.py:2968} INFO - Setting next_dagrun for example_xcom to 2021-01-01T00:00:00+00:00, run_after=2021-01-01T00:00:00+00:00
[2022-08-09 00:19:38,725] {processor.py:161} INFO - Processing /home/renan/datapipeline/.env/lib/python3.8/site-packages/airflow/example_dags/example_xcom.py took 0.039 seconds
[2022-08-09 00:20:11,698] {processor.py:153} INFO - Started process (PID=11967) to work on /home/renan/datapipeline/.env/lib/python3.8/site-packages/airflow/example_dags/example_xcom.py
[2022-08-09 00:20:11,699] {processor.py:641} INFO - Processing file /home/renan/datapipeline/.env/lib/python3.8/site-packages/airflow/example_dags/example_xcom.py for tasks to queue
[2022-08-09 00:20:11,699] {logging_mixin.py:115} INFO - [2022-08-09 00:20:11,699] {dagbag.py:508} INFO - Filling up the DagBag from /home/renan/datapipeline/.env/lib/python3.8/site-packages/airflow/example_dags/example_xcom.py
[2022-08-09 00:20:11,710] {processor.py:651} INFO - DAG(s) dict_keys(['example_xcom']) retrieved from /home/renan/datapipeline/.env/lib/python3.8/site-packages/airflow/example_dags/example_xcom.py
[2022-08-09 00:20:11,719] {logging_mixin.py:115} INFO - [2022-08-09 00:20:11,719] {dag.py:2420} INFO - Sync 1 DAGs
[2022-08-09 00:20:11,728] {logging_mixin.py:115} INFO - [2022-08-09 00:20:11,728] {dag.py:2968} INFO - Setting next_dagrun for example_xcom to 2021-01-01T00:00:00+00:00, run_after=2021-01-01T00:00:00+00:00
[2022-08-09 00:20:11,736] {processor.py:161} INFO - Processing /home/renan/datapipeline/.env/lib/python3.8/site-packages/airflow/example_dags/example_xcom.py took 0.039 seconds
[2022-08-09 00:20:42,496] {processor.py:153} INFO - Started process (PID=12002) to work on /home/renan/datapipeline/.env/lib/python3.8/site-packages/airflow/example_dags/example_xcom.py
[2022-08-09 00:20:42,496] {processor.py:641} INFO - Processing file /home/renan/datapipeline/.env/lib/python3.8/site-packages/airflow/example_dags/example_xcom.py for tasks to queue
[2022-08-09 00:20:42,497] {logging_mixin.py:115} INFO - [2022-08-09 00:20:42,497] {dagbag.py:508} INFO - Filling up the DagBag from /home/renan/datapipeline/.env/lib/python3.8/site-packages/airflow/example_dags/example_xcom.py
[2022-08-09 00:20:42,507] {processor.py:651} INFO - DAG(s) dict_keys(['example_xcom']) retrieved from /home/renan/datapipeline/.env/lib/python3.8/site-packages/airflow/example_dags/example_xcom.py
[2022-08-09 00:20:42,516] {logging_mixin.py:115} INFO - [2022-08-09 00:20:42,516] {dag.py:2420} INFO - Sync 1 DAGs
[2022-08-09 00:20:42,526] {logging_mixin.py:115} INFO - [2022-08-09 00:20:42,526] {dag.py:2968} INFO - Setting next_dagrun for example_xcom to 2021-01-01T00:00:00+00:00, run_after=2021-01-01T00:00:00+00:00
[2022-08-09 00:20:42,534] {processor.py:161} INFO - Processing /home/renan/datapipeline/.env/lib/python3.8/site-packages/airflow/example_dags/example_xcom.py took 0.040 seconds
[2022-08-09 00:21:17,304] {processor.py:153} INFO - Started process (PID=12058) to work on /home/renan/datapipeline/.env/lib/python3.8/site-packages/airflow/example_dags/example_xcom.py
[2022-08-09 00:21:17,305] {processor.py:641} INFO - Processing file /home/renan/datapipeline/.env/lib/python3.8/site-packages/airflow/example_dags/example_xcom.py for tasks to queue
[2022-08-09 00:21:17,305] {logging_mixin.py:115} INFO - [2022-08-09 00:21:17,305] {dagbag.py:508} INFO - Filling up the DagBag from /home/renan/datapipeline/.env/lib/python3.8/site-packages/airflow/example_dags/example_xcom.py
[2022-08-09 00:21:17,316] {processor.py:651} INFO - DAG(s) dict_keys(['example_xcom']) retrieved from /home/renan/datapipeline/.env/lib/python3.8/site-packages/airflow/example_dags/example_xcom.py
[2022-08-09 00:21:17,325] {logging_mixin.py:115} INFO - [2022-08-09 00:21:17,325] {dag.py:2420} INFO - Sync 1 DAGs
[2022-08-09 00:21:17,334] {logging_mixin.py:115} INFO - [2022-08-09 00:21:17,334] {dag.py:2968} INFO - Setting next_dagrun for example_xcom to 2021-01-01T00:00:00+00:00, run_after=2021-01-01T00:00:00+00:00
[2022-08-09 00:21:17,343] {processor.py:161} INFO - Processing /home/renan/datapipeline/.env/lib/python3.8/site-packages/airflow/example_dags/example_xcom.py took 0.040 seconds
[2022-08-09 00:21:48,914] {processor.py:153} INFO - Started process (PID=12227) to work on /home/renan/datapipeline/.env/lib/python3.8/site-packages/airflow/example_dags/example_xcom.py
[2022-08-09 00:21:48,915] {processor.py:641} INFO - Processing file /home/renan/datapipeline/.env/lib/python3.8/site-packages/airflow/example_dags/example_xcom.py for tasks to queue
[2022-08-09 00:21:48,915] {logging_mixin.py:115} INFO - [2022-08-09 00:21:48,915] {dagbag.py:508} INFO - Filling up the DagBag from /home/renan/datapipeline/.env/lib/python3.8/site-packages/airflow/example_dags/example_xcom.py
[2022-08-09 00:21:48,928] {processor.py:651} INFO - DAG(s) dict_keys(['example_xcom']) retrieved from /home/renan/datapipeline/.env/lib/python3.8/site-packages/airflow/example_dags/example_xcom.py
[2022-08-09 00:21:48,939] {logging_mixin.py:115} INFO - [2022-08-09 00:21:48,939] {dag.py:2420} INFO - Sync 1 DAGs
[2022-08-09 00:21:48,952] {logging_mixin.py:115} INFO - [2022-08-09 00:21:48,952] {dag.py:2968} INFO - Setting next_dagrun for example_xcom to 2021-01-01T00:00:00+00:00, run_after=2021-01-01T00:00:00+00:00
[2022-08-09 00:21:48,962] {processor.py:161} INFO - Processing /home/renan/datapipeline/.env/lib/python3.8/site-packages/airflow/example_dags/example_xcom.py took 0.050 seconds
[2022-08-09 00:22:19,168] {processor.py:153} INFO - Started process (PID=12286) to work on /home/renan/datapipeline/.env/lib/python3.8/site-packages/airflow/example_dags/example_xcom.py
[2022-08-09 00:22:19,169] {processor.py:641} INFO - Processing file /home/renan/datapipeline/.env/lib/python3.8/site-packages/airflow/example_dags/example_xcom.py for tasks to queue
[2022-08-09 00:22:19,169] {logging_mixin.py:115} INFO - [2022-08-09 00:22:19,169] {dagbag.py:508} INFO - Filling up the DagBag from /home/renan/datapipeline/.env/lib/python3.8/site-packages/airflow/example_dags/example_xcom.py
[2022-08-09 00:22:19,180] {processor.py:651} INFO - DAG(s) dict_keys(['example_xcom']) retrieved from /home/renan/datapipeline/.env/lib/python3.8/site-packages/airflow/example_dags/example_xcom.py
[2022-08-09 00:22:19,189] {logging_mixin.py:115} INFO - [2022-08-09 00:22:19,188] {dag.py:2420} INFO - Sync 1 DAGs
[2022-08-09 00:22:19,198] {logging_mixin.py:115} INFO - [2022-08-09 00:22:19,198] {dag.py:2968} INFO - Setting next_dagrun for example_xcom to 2021-01-01T00:00:00+00:00, run_after=2021-01-01T00:00:00+00:00
[2022-08-09 00:22:19,207] {processor.py:161} INFO - Processing /home/renan/datapipeline/.env/lib/python3.8/site-packages/airflow/example_dags/example_xcom.py took 0.041 seconds
[2022-08-09 00:22:53,667] {processor.py:153} INFO - Started process (PID=12323) to work on /home/renan/datapipeline/.env/lib/python3.8/site-packages/airflow/example_dags/example_xcom.py
[2022-08-09 00:22:53,668] {processor.py:641} INFO - Processing file /home/renan/datapipeline/.env/lib/python3.8/site-packages/airflow/example_dags/example_xcom.py for tasks to queue
[2022-08-09 00:22:53,668] {logging_mixin.py:115} INFO - [2022-08-09 00:22:53,668] {dagbag.py:508} INFO - Filling up the DagBag from /home/renan/datapipeline/.env/lib/python3.8/site-packages/airflow/example_dags/example_xcom.py
[2022-08-09 00:22:53,680] {processor.py:651} INFO - DAG(s) dict_keys(['example_xcom']) retrieved from /home/renan/datapipeline/.env/lib/python3.8/site-packages/airflow/example_dags/example_xcom.py
[2022-08-09 00:22:53,690] {logging_mixin.py:115} INFO - [2022-08-09 00:22:53,690] {dag.py:2420} INFO - Sync 1 DAGs
[2022-08-09 00:22:53,700] {logging_mixin.py:115} INFO - [2022-08-09 00:22:53,700] {dag.py:2968} INFO - Setting next_dagrun for example_xcom to 2021-01-01T00:00:00+00:00, run_after=2021-01-01T00:00:00+00:00
[2022-08-09 00:22:53,710] {processor.py:161} INFO - Processing /home/renan/datapipeline/.env/lib/python3.8/site-packages/airflow/example_dags/example_xcom.py took 0.045 seconds
[2022-08-09 00:23:23,850] {processor.py:153} INFO - Started process (PID=12359) to work on /home/renan/datapipeline/.env/lib/python3.8/site-packages/airflow/example_dags/example_xcom.py
[2022-08-09 00:23:23,850] {processor.py:641} INFO - Processing file /home/renan/datapipeline/.env/lib/python3.8/site-packages/airflow/example_dags/example_xcom.py for tasks to queue
[2022-08-09 00:23:23,851] {logging_mixin.py:115} INFO - [2022-08-09 00:23:23,850] {dagbag.py:508} INFO - Filling up the DagBag from /home/renan/datapipeline/.env/lib/python3.8/site-packages/airflow/example_dags/example_xcom.py
[2022-08-09 00:23:23,862] {processor.py:651} INFO - DAG(s) dict_keys(['example_xcom']) retrieved from /home/renan/datapipeline/.env/lib/python3.8/site-packages/airflow/example_dags/example_xcom.py
[2022-08-09 00:23:23,871] {logging_mixin.py:115} INFO - [2022-08-09 00:23:23,871] {dag.py:2420} INFO - Sync 1 DAGs
[2022-08-09 00:23:23,882] {logging_mixin.py:115} INFO - [2022-08-09 00:23:23,882] {dag.py:2968} INFO - Setting next_dagrun for example_xcom to 2021-01-01T00:00:00+00:00, run_after=2021-01-01T00:00:00+00:00
[2022-08-09 00:23:23,894] {processor.py:161} INFO - Processing /home/renan/datapipeline/.env/lib/python3.8/site-packages/airflow/example_dags/example_xcom.py took 0.046 seconds
[2022-08-09 00:23:54,647] {processor.py:153} INFO - Started process (PID=12394) to work on /home/renan/datapipeline/.env/lib/python3.8/site-packages/airflow/example_dags/example_xcom.py
[2022-08-09 00:23:54,647] {processor.py:641} INFO - Processing file /home/renan/datapipeline/.env/lib/python3.8/site-packages/airflow/example_dags/example_xcom.py for tasks to queue
[2022-08-09 00:23:54,647] {logging_mixin.py:115} INFO - [2022-08-09 00:23:54,647] {dagbag.py:508} INFO - Filling up the DagBag from /home/renan/datapipeline/.env/lib/python3.8/site-packages/airflow/example_dags/example_xcom.py
[2022-08-09 00:23:54,658] {processor.py:651} INFO - DAG(s) dict_keys(['example_xcom']) retrieved from /home/renan/datapipeline/.env/lib/python3.8/site-packages/airflow/example_dags/example_xcom.py
[2022-08-09 00:23:54,667] {logging_mixin.py:115} INFO - [2022-08-09 00:23:54,667] {dag.py:2420} INFO - Sync 1 DAGs
[2022-08-09 00:23:54,677] {logging_mixin.py:115} INFO - [2022-08-09 00:23:54,677] {dag.py:2968} INFO - Setting next_dagrun for example_xcom to 2021-01-01T00:00:00+00:00, run_after=2021-01-01T00:00:00+00:00
[2022-08-09 00:23:54,686] {processor.py:161} INFO - Processing /home/renan/datapipeline/.env/lib/python3.8/site-packages/airflow/example_dags/example_xcom.py took 0.041 seconds
[2022-08-09 00:24:25,166] {processor.py:153} INFO - Started process (PID=12455) to work on /home/renan/datapipeline/.env/lib/python3.8/site-packages/airflow/example_dags/example_xcom.py
[2022-08-09 00:24:25,166] {processor.py:641} INFO - Processing file /home/renan/datapipeline/.env/lib/python3.8/site-packages/airflow/example_dags/example_xcom.py for tasks to queue
[2022-08-09 00:24:25,166] {logging_mixin.py:115} INFO - [2022-08-09 00:24:25,166] {dagbag.py:508} INFO - Filling up the DagBag from /home/renan/datapipeline/.env/lib/python3.8/site-packages/airflow/example_dags/example_xcom.py
[2022-08-09 00:24:25,177] {processor.py:651} INFO - DAG(s) dict_keys(['example_xcom']) retrieved from /home/renan/datapipeline/.env/lib/python3.8/site-packages/airflow/example_dags/example_xcom.py
[2022-08-09 00:24:25,201] {logging_mixin.py:115} INFO - [2022-08-09 00:24:25,201] {dag.py:2420} INFO - Sync 1 DAGs
[2022-08-09 00:24:25,210] {logging_mixin.py:115} INFO - [2022-08-09 00:24:25,210] {dag.py:2968} INFO - Setting next_dagrun for example_xcom to 2021-01-01T00:00:00+00:00, run_after=2021-01-01T00:00:00+00:00
[2022-08-09 00:24:25,219] {processor.py:161} INFO - Processing /home/renan/datapipeline/.env/lib/python3.8/site-packages/airflow/example_dags/example_xcom.py took 0.055 seconds
[2022-08-09 00:24:56,817] {processor.py:153} INFO - Started process (PID=12491) to work on /home/renan/datapipeline/.env/lib/python3.8/site-packages/airflow/example_dags/example_xcom.py
[2022-08-09 00:24:56,818] {processor.py:641} INFO - Processing file /home/renan/datapipeline/.env/lib/python3.8/site-packages/airflow/example_dags/example_xcom.py for tasks to queue
[2022-08-09 00:24:56,818] {logging_mixin.py:115} INFO - [2022-08-09 00:24:56,818] {dagbag.py:508} INFO - Filling up the DagBag from /home/renan/datapipeline/.env/lib/python3.8/site-packages/airflow/example_dags/example_xcom.py
[2022-08-09 00:24:56,828] {processor.py:651} INFO - DAG(s) dict_keys(['example_xcom']) retrieved from /home/renan/datapipeline/.env/lib/python3.8/site-packages/airflow/example_dags/example_xcom.py
[2022-08-09 00:24:56,837] {logging_mixin.py:115} INFO - [2022-08-09 00:24:56,837] {dag.py:2420} INFO - Sync 1 DAGs
[2022-08-09 00:24:56,847] {logging_mixin.py:115} INFO - [2022-08-09 00:24:56,846] {dag.py:2968} INFO - Setting next_dagrun for example_xcom to 2021-01-01T00:00:00+00:00, run_after=2021-01-01T00:00:00+00:00
[2022-08-09 00:24:56,855] {processor.py:161} INFO - Processing /home/renan/datapipeline/.env/lib/python3.8/site-packages/airflow/example_dags/example_xcom.py took 0.040 seconds
[2022-08-09 00:25:27,002] {processor.py:153} INFO - Started process (PID=12529) to work on /home/renan/datapipeline/.env/lib/python3.8/site-packages/airflow/example_dags/example_xcom.py
[2022-08-09 00:25:27,003] {processor.py:641} INFO - Processing file /home/renan/datapipeline/.env/lib/python3.8/site-packages/airflow/example_dags/example_xcom.py for tasks to queue
[2022-08-09 00:25:27,003] {logging_mixin.py:115} INFO - [2022-08-09 00:25:27,003] {dagbag.py:508} INFO - Filling up the DagBag from /home/renan/datapipeline/.env/lib/python3.8/site-packages/airflow/example_dags/example_xcom.py
[2022-08-09 00:25:27,015] {processor.py:651} INFO - DAG(s) dict_keys(['example_xcom']) retrieved from /home/renan/datapipeline/.env/lib/python3.8/site-packages/airflow/example_dags/example_xcom.py
[2022-08-09 00:25:27,025] {logging_mixin.py:115} INFO - [2022-08-09 00:25:27,025] {dag.py:2420} INFO - Sync 1 DAGs
[2022-08-09 00:25:27,034] {logging_mixin.py:115} INFO - [2022-08-09 00:25:27,034] {dag.py:2968} INFO - Setting next_dagrun for example_xcom to 2021-01-01T00:00:00+00:00, run_after=2021-01-01T00:00:00+00:00
[2022-08-09 00:25:27,043] {processor.py:161} INFO - Processing /home/renan/datapipeline/.env/lib/python3.8/site-packages/airflow/example_dags/example_xcom.py took 0.042 seconds
[2022-08-09 00:25:58,414] {processor.py:153} INFO - Started process (PID=12563) to work on /home/renan/datapipeline/.env/lib/python3.8/site-packages/airflow/example_dags/example_xcom.py
[2022-08-09 00:25:58,414] {processor.py:641} INFO - Processing file /home/renan/datapipeline/.env/lib/python3.8/site-packages/airflow/example_dags/example_xcom.py for tasks to queue
[2022-08-09 00:25:58,414] {logging_mixin.py:115} INFO - [2022-08-09 00:25:58,414] {dagbag.py:508} INFO - Filling up the DagBag from /home/renan/datapipeline/.env/lib/python3.8/site-packages/airflow/example_dags/example_xcom.py
[2022-08-09 00:25:58,425] {processor.py:651} INFO - DAG(s) dict_keys(['example_xcom']) retrieved from /home/renan/datapipeline/.env/lib/python3.8/site-packages/airflow/example_dags/example_xcom.py
[2022-08-09 00:25:58,434] {logging_mixin.py:115} INFO - [2022-08-09 00:25:58,434] {dag.py:2420} INFO - Sync 1 DAGs
[2022-08-09 00:25:58,443] {logging_mixin.py:115} INFO - [2022-08-09 00:25:58,443] {dag.py:2968} INFO - Setting next_dagrun for example_xcom to 2021-01-01T00:00:00+00:00, run_after=2021-01-01T00:00:00+00:00
[2022-08-09 00:25:58,452] {processor.py:161} INFO - Processing /home/renan/datapipeline/.env/lib/python3.8/site-packages/airflow/example_dags/example_xcom.py took 0.040 seconds
[2022-08-09 00:26:30,301] {processor.py:153} INFO - Started process (PID=12598) to work on /home/renan/datapipeline/.env/lib/python3.8/site-packages/airflow/example_dags/example_xcom.py
[2022-08-09 00:26:30,301] {processor.py:641} INFO - Processing file /home/renan/datapipeline/.env/lib/python3.8/site-packages/airflow/example_dags/example_xcom.py for tasks to queue
[2022-08-09 00:26:30,302] {logging_mixin.py:115} INFO - [2022-08-09 00:26:30,302] {dagbag.py:508} INFO - Filling up the DagBag from /home/renan/datapipeline/.env/lib/python3.8/site-packages/airflow/example_dags/example_xcom.py
[2022-08-09 00:26:30,312] {processor.py:651} INFO - DAG(s) dict_keys(['example_xcom']) retrieved from /home/renan/datapipeline/.env/lib/python3.8/site-packages/airflow/example_dags/example_xcom.py
[2022-08-09 00:26:30,321] {logging_mixin.py:115} INFO - [2022-08-09 00:26:30,321] {dag.py:2420} INFO - Sync 1 DAGs
[2022-08-09 00:26:30,330] {logging_mixin.py:115} INFO - [2022-08-09 00:26:30,330] {dag.py:2968} INFO - Setting next_dagrun for example_xcom to 2021-01-01T00:00:00+00:00, run_after=2021-01-01T00:00:00+00:00
[2022-08-09 00:26:30,339] {processor.py:161} INFO - Processing /home/renan/datapipeline/.env/lib/python3.8/site-packages/airflow/example_dags/example_xcom.py took 0.040 seconds
[2022-08-09 00:27:03,361] {processor.py:153} INFO - Started process (PID=12635) to work on /home/renan/datapipeline/.env/lib/python3.8/site-packages/airflow/example_dags/example_xcom.py
[2022-08-09 00:27:03,361] {processor.py:641} INFO - Processing file /home/renan/datapipeline/.env/lib/python3.8/site-packages/airflow/example_dags/example_xcom.py for tasks to queue
[2022-08-09 00:27:03,361] {logging_mixin.py:115} INFO - [2022-08-09 00:27:03,361] {dagbag.py:508} INFO - Filling up the DagBag from /home/renan/datapipeline/.env/lib/python3.8/site-packages/airflow/example_dags/example_xcom.py
[2022-08-09 00:27:03,372] {processor.py:651} INFO - DAG(s) dict_keys(['example_xcom']) retrieved from /home/renan/datapipeline/.env/lib/python3.8/site-packages/airflow/example_dags/example_xcom.py
[2022-08-09 00:27:03,381] {logging_mixin.py:115} INFO - [2022-08-09 00:27:03,381] {dag.py:2420} INFO - Sync 1 DAGs
[2022-08-09 00:27:03,390] {logging_mixin.py:115} INFO - [2022-08-09 00:27:03,390] {dag.py:2968} INFO - Setting next_dagrun for example_xcom to 2021-01-01T00:00:00+00:00, run_after=2021-01-01T00:00:00+00:00
[2022-08-09 00:27:03,403] {processor.py:161} INFO - Processing /home/renan/datapipeline/.env/lib/python3.8/site-packages/airflow/example_dags/example_xcom.py took 0.044 seconds
[2022-08-09 00:27:35,865] {processor.py:153} INFO - Started process (PID=12695) to work on /home/renan/datapipeline/.env/lib/python3.8/site-packages/airflow/example_dags/example_xcom.py
[2022-08-09 00:27:35,865] {processor.py:641} INFO - Processing file /home/renan/datapipeline/.env/lib/python3.8/site-packages/airflow/example_dags/example_xcom.py for tasks to queue
[2022-08-09 00:27:35,866] {logging_mixin.py:115} INFO - [2022-08-09 00:27:35,866] {dagbag.py:508} INFO - Filling up the DagBag from /home/renan/datapipeline/.env/lib/python3.8/site-packages/airflow/example_dags/example_xcom.py
[2022-08-09 00:27:35,876] {processor.py:651} INFO - DAG(s) dict_keys(['example_xcom']) retrieved from /home/renan/datapipeline/.env/lib/python3.8/site-packages/airflow/example_dags/example_xcom.py
[2022-08-09 00:27:35,885] {logging_mixin.py:115} INFO - [2022-08-09 00:27:35,885] {dag.py:2420} INFO - Sync 1 DAGs
[2022-08-09 00:27:35,894] {logging_mixin.py:115} INFO - [2022-08-09 00:27:35,894] {dag.py:2968} INFO - Setting next_dagrun for example_xcom to 2021-01-01T00:00:00+00:00, run_after=2021-01-01T00:00:00+00:00
[2022-08-09 00:27:35,903] {processor.py:161} INFO - Processing /home/renan/datapipeline/.env/lib/python3.8/site-packages/airflow/example_dags/example_xcom.py took 0.039 seconds
[2022-08-09 00:28:08,927] {processor.py:153} INFO - Started process (PID=12833) to work on /home/renan/datapipeline/.env/lib/python3.8/site-packages/airflow/example_dags/example_xcom.py
[2022-08-09 00:28:08,932] {processor.py:641} INFO - Processing file /home/renan/datapipeline/.env/lib/python3.8/site-packages/airflow/example_dags/example_xcom.py for tasks to queue
[2022-08-09 00:28:08,933] {logging_mixin.py:115} INFO - [2022-08-09 00:28:08,933] {dagbag.py:508} INFO - Filling up the DagBag from /home/renan/datapipeline/.env/lib/python3.8/site-packages/airflow/example_dags/example_xcom.py
[2022-08-09 00:28:08,945] {processor.py:651} INFO - DAG(s) dict_keys(['example_xcom']) retrieved from /home/renan/datapipeline/.env/lib/python3.8/site-packages/airflow/example_dags/example_xcom.py
[2022-08-09 00:28:08,955] {logging_mixin.py:115} INFO - [2022-08-09 00:28:08,955] {dag.py:2420} INFO - Sync 1 DAGs
[2022-08-09 00:28:08,967] {logging_mixin.py:115} INFO - [2022-08-09 00:28:08,966] {dag.py:2968} INFO - Setting next_dagrun for example_xcom to 2021-01-01T00:00:00+00:00, run_after=2021-01-01T00:00:00+00:00
[2022-08-09 00:28:08,979] {processor.py:161} INFO - Processing /home/renan/datapipeline/.env/lib/python3.8/site-packages/airflow/example_dags/example_xcom.py took 0.054 seconds
[2022-08-09 00:28:42,617] {processor.py:153} INFO - Started process (PID=12951) to work on /home/renan/datapipeline/.env/lib/python3.8/site-packages/airflow/example_dags/example_xcom.py
[2022-08-09 00:28:42,617] {processor.py:641} INFO - Processing file /home/renan/datapipeline/.env/lib/python3.8/site-packages/airflow/example_dags/example_xcom.py for tasks to queue
[2022-08-09 00:28:42,618] {logging_mixin.py:115} INFO - [2022-08-09 00:28:42,618] {dagbag.py:508} INFO - Filling up the DagBag from /home/renan/datapipeline/.env/lib/python3.8/site-packages/airflow/example_dags/example_xcom.py
[2022-08-09 00:28:42,628] {processor.py:651} INFO - DAG(s) dict_keys(['example_xcom']) retrieved from /home/renan/datapipeline/.env/lib/python3.8/site-packages/airflow/example_dags/example_xcom.py
[2022-08-09 00:28:42,637] {logging_mixin.py:115} INFO - [2022-08-09 00:28:42,637] {dag.py:2420} INFO - Sync 1 DAGs
[2022-08-09 00:28:42,647] {logging_mixin.py:115} INFO - [2022-08-09 00:28:42,647] {dag.py:2968} INFO - Setting next_dagrun for example_xcom to 2021-01-01T00:00:00+00:00, run_after=2021-01-01T00:00:00+00:00
[2022-08-09 00:28:42,656] {processor.py:161} INFO - Processing /home/renan/datapipeline/.env/lib/python3.8/site-packages/airflow/example_dags/example_xcom.py took 0.041 seconds
[2022-08-09 00:29:13,316] {processor.py:153} INFO - Started process (PID=12990) to work on /home/renan/datapipeline/.env/lib/python3.8/site-packages/airflow/example_dags/example_xcom.py
[2022-08-09 00:29:13,316] {processor.py:641} INFO - Processing file /home/renan/datapipeline/.env/lib/python3.8/site-packages/airflow/example_dags/example_xcom.py for tasks to queue
[2022-08-09 00:29:13,317] {logging_mixin.py:115} INFO - [2022-08-09 00:29:13,317] {dagbag.py:508} INFO - Filling up the DagBag from /home/renan/datapipeline/.env/lib/python3.8/site-packages/airflow/example_dags/example_xcom.py
[2022-08-09 00:29:13,329] {processor.py:651} INFO - DAG(s) dict_keys(['example_xcom']) retrieved from /home/renan/datapipeline/.env/lib/python3.8/site-packages/airflow/example_dags/example_xcom.py
[2022-08-09 00:29:13,356] {logging_mixin.py:115} INFO - [2022-08-09 00:29:13,356] {dag.py:2420} INFO - Sync 1 DAGs
[2022-08-09 00:29:13,368] {logging_mixin.py:115} INFO - [2022-08-09 00:29:13,368] {dag.py:2968} INFO - Setting next_dagrun for example_xcom to 2021-01-01T00:00:00+00:00, run_after=2021-01-01T00:00:00+00:00
[2022-08-09 00:29:13,378] {processor.py:161} INFO - Processing /home/renan/datapipeline/.env/lib/python3.8/site-packages/airflow/example_dags/example_xcom.py took 0.064 seconds
[2022-08-09 00:29:45,212] {processor.py:153} INFO - Started process (PID=13027) to work on /home/renan/datapipeline/.env/lib/python3.8/site-packages/airflow/example_dags/example_xcom.py
[2022-08-09 00:29:45,212] {processor.py:641} INFO - Processing file /home/renan/datapipeline/.env/lib/python3.8/site-packages/airflow/example_dags/example_xcom.py for tasks to queue
[2022-08-09 00:29:45,213] {logging_mixin.py:115} INFO - [2022-08-09 00:29:45,213] {dagbag.py:508} INFO - Filling up the DagBag from /home/renan/datapipeline/.env/lib/python3.8/site-packages/airflow/example_dags/example_xcom.py
[2022-08-09 00:29:45,224] {processor.py:651} INFO - DAG(s) dict_keys(['example_xcom']) retrieved from /home/renan/datapipeline/.env/lib/python3.8/site-packages/airflow/example_dags/example_xcom.py
[2022-08-09 00:29:45,233] {logging_mixin.py:115} INFO - [2022-08-09 00:29:45,233] {dag.py:2420} INFO - Sync 1 DAGs
[2022-08-09 00:29:45,242] {logging_mixin.py:115} INFO - [2022-08-09 00:29:45,242] {dag.py:2968} INFO - Setting next_dagrun for example_xcom to 2021-01-01T00:00:00+00:00, run_after=2021-01-01T00:00:00+00:00
[2022-08-09 00:29:45,252] {processor.py:161} INFO - Processing /home/renan/datapipeline/.env/lib/python3.8/site-packages/airflow/example_dags/example_xcom.py took 0.042 seconds
[2022-08-09 00:30:18,272] {processor.py:153} INFO - Started process (PID=13067) to work on /home/renan/datapipeline/.env/lib/python3.8/site-packages/airflow/example_dags/example_xcom.py
[2022-08-09 00:30:18,272] {processor.py:641} INFO - Processing file /home/renan/datapipeline/.env/lib/python3.8/site-packages/airflow/example_dags/example_xcom.py for tasks to queue
[2022-08-09 00:30:18,272] {logging_mixin.py:115} INFO - [2022-08-09 00:30:18,272] {dagbag.py:508} INFO - Filling up the DagBag from /home/renan/datapipeline/.env/lib/python3.8/site-packages/airflow/example_dags/example_xcom.py
[2022-08-09 00:30:18,283] {processor.py:651} INFO - DAG(s) dict_keys(['example_xcom']) retrieved from /home/renan/datapipeline/.env/lib/python3.8/site-packages/airflow/example_dags/example_xcom.py
[2022-08-09 00:30:18,292] {logging_mixin.py:115} INFO - [2022-08-09 00:30:18,292] {dag.py:2420} INFO - Sync 1 DAGs
[2022-08-09 00:30:18,302] {logging_mixin.py:115} INFO - [2022-08-09 00:30:18,301] {dag.py:2968} INFO - Setting next_dagrun for example_xcom to 2021-01-01T00:00:00+00:00, run_after=2021-01-01T00:00:00+00:00
[2022-08-09 00:30:18,310] {processor.py:161} INFO - Processing /home/renan/datapipeline/.env/lib/python3.8/site-packages/airflow/example_dags/example_xcom.py took 0.040 seconds
[2022-08-09 00:30:50,780] {processor.py:153} INFO - Started process (PID=13101) to work on /home/renan/datapipeline/.env/lib/python3.8/site-packages/airflow/example_dags/example_xcom.py
[2022-08-09 00:30:50,780] {processor.py:641} INFO - Processing file /home/renan/datapipeline/.env/lib/python3.8/site-packages/airflow/example_dags/example_xcom.py for tasks to queue
[2022-08-09 00:30:50,780] {logging_mixin.py:115} INFO - [2022-08-09 00:30:50,780] {dagbag.py:508} INFO - Filling up the DagBag from /home/renan/datapipeline/.env/lib/python3.8/site-packages/airflow/example_dags/example_xcom.py
[2022-08-09 00:30:50,791] {processor.py:651} INFO - DAG(s) dict_keys(['example_xcom']) retrieved from /home/renan/datapipeline/.env/lib/python3.8/site-packages/airflow/example_dags/example_xcom.py
[2022-08-09 00:30:50,800] {logging_mixin.py:115} INFO - [2022-08-09 00:30:50,800] {dag.py:2420} INFO - Sync 1 DAGs
[2022-08-09 00:30:50,809] {logging_mixin.py:115} INFO - [2022-08-09 00:30:50,809] {dag.py:2968} INFO - Setting next_dagrun for example_xcom to 2021-01-01T00:00:00+00:00, run_after=2021-01-01T00:00:00+00:00
[2022-08-09 00:30:50,818] {processor.py:161} INFO - Processing /home/renan/datapipeline/.env/lib/python3.8/site-packages/airflow/example_dags/example_xcom.py took 0.040 seconds
[2022-08-09 00:31:21,574] {processor.py:153} INFO - Started process (PID=13133) to work on /home/renan/datapipeline/.env/lib/python3.8/site-packages/airflow/example_dags/example_xcom.py
[2022-08-09 00:31:21,575] {processor.py:641} INFO - Processing file /home/renan/datapipeline/.env/lib/python3.8/site-packages/airflow/example_dags/example_xcom.py for tasks to queue
[2022-08-09 00:31:21,576] {logging_mixin.py:115} INFO - [2022-08-09 00:31:21,576] {dagbag.py:508} INFO - Filling up the DagBag from /home/renan/datapipeline/.env/lib/python3.8/site-packages/airflow/example_dags/example_xcom.py
[2022-08-09 00:31:21,587] {processor.py:651} INFO - DAG(s) dict_keys(['example_xcom']) retrieved from /home/renan/datapipeline/.env/lib/python3.8/site-packages/airflow/example_dags/example_xcom.py
[2022-08-09 00:31:21,597] {logging_mixin.py:115} INFO - [2022-08-09 00:31:21,597] {dag.py:2420} INFO - Sync 1 DAGs
[2022-08-09 00:31:21,607] {logging_mixin.py:115} INFO - [2022-08-09 00:31:21,607] {dag.py:2968} INFO - Setting next_dagrun for example_xcom to 2021-01-01T00:00:00+00:00, run_after=2021-01-01T00:00:00+00:00
[2022-08-09 00:31:21,616] {processor.py:161} INFO - Processing /home/renan/datapipeline/.env/lib/python3.8/site-packages/airflow/example_dags/example_xcom.py took 0.044 seconds
[2022-08-09 00:31:52,345] {processor.py:153} INFO - Started process (PID=13210) to work on /home/renan/datapipeline/.env/lib/python3.8/site-packages/airflow/example_dags/example_xcom.py
[2022-08-09 00:31:52,345] {processor.py:641} INFO - Processing file /home/renan/datapipeline/.env/lib/python3.8/site-packages/airflow/example_dags/example_xcom.py for tasks to queue
[2022-08-09 00:31:52,345] {logging_mixin.py:115} INFO - [2022-08-09 00:31:52,345] {dagbag.py:508} INFO - Filling up the DagBag from /home/renan/datapipeline/.env/lib/python3.8/site-packages/airflow/example_dags/example_xcom.py
[2022-08-09 00:31:52,362] {processor.py:651} INFO - DAG(s) dict_keys(['example_xcom']) retrieved from /home/renan/datapipeline/.env/lib/python3.8/site-packages/airflow/example_dags/example_xcom.py
[2022-08-09 00:31:52,374] {logging_mixin.py:115} INFO - [2022-08-09 00:31:52,374] {dag.py:2420} INFO - Sync 1 DAGs
[2022-08-09 00:31:52,384] {logging_mixin.py:115} INFO - [2022-08-09 00:31:52,384] {dag.py:2968} INFO - Setting next_dagrun for example_xcom to 2021-01-01T00:00:00+00:00, run_after=2021-01-01T00:00:00+00:00
[2022-08-09 00:31:52,396] {processor.py:161} INFO - Processing /home/renan/datapipeline/.env/lib/python3.8/site-packages/airflow/example_dags/example_xcom.py took 0.053 seconds
[2022-08-09 00:32:25,408] {processor.py:153} INFO - Started process (PID=13291) to work on /home/renan/datapipeline/.env/lib/python3.8/site-packages/airflow/example_dags/example_xcom.py
[2022-08-09 00:32:25,409] {processor.py:641} INFO - Processing file /home/renan/datapipeline/.env/lib/python3.8/site-packages/airflow/example_dags/example_xcom.py for tasks to queue
[2022-08-09 00:32:25,409] {logging_mixin.py:115} INFO - [2022-08-09 00:32:25,409] {dagbag.py:508} INFO - Filling up the DagBag from /home/renan/datapipeline/.env/lib/python3.8/site-packages/airflow/example_dags/example_xcom.py
[2022-08-09 00:32:25,420] {processor.py:651} INFO - DAG(s) dict_keys(['example_xcom']) retrieved from /home/renan/datapipeline/.env/lib/python3.8/site-packages/airflow/example_dags/example_xcom.py
[2022-08-09 00:32:25,429] {logging_mixin.py:115} INFO - [2022-08-09 00:32:25,429] {dag.py:2420} INFO - Sync 1 DAGs
[2022-08-09 00:32:25,439] {logging_mixin.py:115} INFO - [2022-08-09 00:32:25,439] {dag.py:2968} INFO - Setting next_dagrun for example_xcom to 2021-01-01T00:00:00+00:00, run_after=2021-01-01T00:00:00+00:00
[2022-08-09 00:32:25,447] {processor.py:161} INFO - Processing /home/renan/datapipeline/.env/lib/python3.8/site-packages/airflow/example_dags/example_xcom.py took 0.041 seconds
