[2022-08-08 23:55:21,574] {processor.py:153} INFO - Started process (PID=9897) to work on /home/renan/datapipeline/.env/lib/python3.8/site-packages/airflow/example_dags/example_kubernetes_executor.py
[2022-08-08 23:55:21,574] {processor.py:641} INFO - Processing file /home/renan/datapipeline/.env/lib/python3.8/site-packages/airflow/example_dags/example_kubernetes_executor.py for tasks to queue
[2022-08-08 23:55:21,574] {logging_mixin.py:115} INFO - [2022-08-08 23:55:21,574] {dagbag.py:508} INFO - Filling up the DagBag from /home/renan/datapipeline/.env/lib/python3.8/site-packages/airflow/example_dags/example_kubernetes_executor.py
[2022-08-08 23:55:21,585] {logging_mixin.py:115} INFO - [2022-08-08 23:55:21,585] {example_kubernetes_executor.py:39} WARNING - The example_kubernetes_executor example DAG requires the kubernetes provider. Please install it with: pip install apache-airflow[cncf.kubernetes]
[2022-08-08 23:55:21,585] {processor.py:653} WARNING - No viable dags retrieved from /home/renan/datapipeline/.env/lib/python3.8/site-packages/airflow/example_dags/example_kubernetes_executor.py
[2022-08-08 23:55:21,595] {processor.py:161} INFO - Processing /home/renan/datapipeline/.env/lib/python3.8/site-packages/airflow/example_dags/example_kubernetes_executor.py took 0.024 seconds
[2022-08-08 23:55:53,604] {processor.py:153} INFO - Started process (PID=9960) to work on /home/renan/datapipeline/.env/lib/python3.8/site-packages/airflow/example_dags/example_kubernetes_executor.py
[2022-08-08 23:55:53,605] {processor.py:641} INFO - Processing file /home/renan/datapipeline/.env/lib/python3.8/site-packages/airflow/example_dags/example_kubernetes_executor.py for tasks to queue
[2022-08-08 23:55:53,605] {logging_mixin.py:115} INFO - [2022-08-08 23:55:53,605] {dagbag.py:508} INFO - Filling up the DagBag from /home/renan/datapipeline/.env/lib/python3.8/site-packages/airflow/example_dags/example_kubernetes_executor.py
[2022-08-08 23:55:53,616] {logging_mixin.py:115} INFO - [2022-08-08 23:55:53,616] {example_kubernetes_executor.py:39} WARNING - The example_kubernetes_executor example DAG requires the kubernetes provider. Please install it with: pip install apache-airflow[cncf.kubernetes]
[2022-08-08 23:55:53,616] {processor.py:653} WARNING - No viable dags retrieved from /home/renan/datapipeline/.env/lib/python3.8/site-packages/airflow/example_dags/example_kubernetes_executor.py
[2022-08-08 23:55:53,623] {processor.py:161} INFO - Processing /home/renan/datapipeline/.env/lib/python3.8/site-packages/airflow/example_dags/example_kubernetes_executor.py took 0.020 seconds
[2022-08-08 23:56:30,620] {processor.py:153} INFO - Started process (PID=10053) to work on /home/renan/datapipeline/.env/lib/python3.8/site-packages/airflow/example_dags/example_kubernetes_executor.py
[2022-08-08 23:56:30,621] {processor.py:641} INFO - Processing file /home/renan/datapipeline/.env/lib/python3.8/site-packages/airflow/example_dags/example_kubernetes_executor.py for tasks to queue
[2022-08-08 23:56:30,621] {logging_mixin.py:115} INFO - [2022-08-08 23:56:30,621] {dagbag.py:508} INFO - Filling up the DagBag from /home/renan/datapipeline/.env/lib/python3.8/site-packages/airflow/example_dags/example_kubernetes_executor.py
[2022-08-08 23:56:30,632] {logging_mixin.py:115} INFO - [2022-08-08 23:56:30,632] {example_kubernetes_executor.py:39} WARNING - The example_kubernetes_executor example DAG requires the kubernetes provider. Please install it with: pip install apache-airflow[cncf.kubernetes]
[2022-08-08 23:56:30,633] {processor.py:653} WARNING - No viable dags retrieved from /home/renan/datapipeline/.env/lib/python3.8/site-packages/airflow/example_dags/example_kubernetes_executor.py
[2022-08-08 23:56:30,639] {processor.py:161} INFO - Processing /home/renan/datapipeline/.env/lib/python3.8/site-packages/airflow/example_dags/example_kubernetes_executor.py took 0.020 seconds
[2022-08-08 23:57:05,226] {processor.py:153} INFO - Started process (PID=10090) to work on /home/renan/datapipeline/.env/lib/python3.8/site-packages/airflow/example_dags/example_kubernetes_executor.py
[2022-08-08 23:57:05,227] {processor.py:641} INFO - Processing file /home/renan/datapipeline/.env/lib/python3.8/site-packages/airflow/example_dags/example_kubernetes_executor.py for tasks to queue
[2022-08-08 23:57:05,227] {logging_mixin.py:115} INFO - [2022-08-08 23:57:05,227] {dagbag.py:508} INFO - Filling up the DagBag from /home/renan/datapipeline/.env/lib/python3.8/site-packages/airflow/example_dags/example_kubernetes_executor.py
[2022-08-08 23:57:05,237] {logging_mixin.py:115} INFO - [2022-08-08 23:57:05,237] {example_kubernetes_executor.py:39} WARNING - The example_kubernetes_executor example DAG requires the kubernetes provider. Please install it with: pip install apache-airflow[cncf.kubernetes]
[2022-08-08 23:57:05,238] {processor.py:653} WARNING - No viable dags retrieved from /home/renan/datapipeline/.env/lib/python3.8/site-packages/airflow/example_dags/example_kubernetes_executor.py
[2022-08-08 23:57:05,243] {processor.py:161} INFO - Processing /home/renan/datapipeline/.env/lib/python3.8/site-packages/airflow/example_dags/example_kubernetes_executor.py took 0.019 seconds
[2022-08-08 23:59:37,558] {processor.py:153} INFO - Started process (PID=10286) to work on /home/renan/datapipeline/.env/lib/python3.8/site-packages/airflow/example_dags/example_kubernetes_executor.py
[2022-08-08 23:59:37,559] {processor.py:641} INFO - Processing file /home/renan/datapipeline/.env/lib/python3.8/site-packages/airflow/example_dags/example_kubernetes_executor.py for tasks to queue
[2022-08-08 23:59:37,560] {logging_mixin.py:115} INFO - [2022-08-08 23:59:37,560] {dagbag.py:508} INFO - Filling up the DagBag from /home/renan/datapipeline/.env/lib/python3.8/site-packages/airflow/example_dags/example_kubernetes_executor.py
[2022-08-08 23:59:37,571] {logging_mixin.py:115} INFO - [2022-08-08 23:59:37,571] {example_kubernetes_executor.py:39} WARNING - The example_kubernetes_executor example DAG requires the kubernetes provider. Please install it with: pip install apache-airflow[cncf.kubernetes]
[2022-08-08 23:59:37,572] {processor.py:653} WARNING - No viable dags retrieved from /home/renan/datapipeline/.env/lib/python3.8/site-packages/airflow/example_dags/example_kubernetes_executor.py
[2022-08-08 23:59:37,580] {processor.py:161} INFO - Processing /home/renan/datapipeline/.env/lib/python3.8/site-packages/airflow/example_dags/example_kubernetes_executor.py took 0.024 seconds
[2022-08-09 00:00:11,250] {processor.py:153} INFO - Started process (PID=10359) to work on /home/renan/datapipeline/.env/lib/python3.8/site-packages/airflow/example_dags/example_kubernetes_executor.py
[2022-08-09 00:00:11,251] {processor.py:641} INFO - Processing file /home/renan/datapipeline/.env/lib/python3.8/site-packages/airflow/example_dags/example_kubernetes_executor.py for tasks to queue
[2022-08-09 00:00:11,251] {logging_mixin.py:115} INFO - [2022-08-09 00:00:11,251] {dagbag.py:508} INFO - Filling up the DagBag from /home/renan/datapipeline/.env/lib/python3.8/site-packages/airflow/example_dags/example_kubernetes_executor.py
[2022-08-09 00:00:11,259] {logging_mixin.py:115} INFO - [2022-08-09 00:00:11,259] {example_kubernetes_executor.py:39} WARNING - The example_kubernetes_executor example DAG requires the kubernetes provider. Please install it with: pip install apache-airflow[cncf.kubernetes]
[2022-08-09 00:00:11,260] {processor.py:653} WARNING - No viable dags retrieved from /home/renan/datapipeline/.env/lib/python3.8/site-packages/airflow/example_dags/example_kubernetes_executor.py
[2022-08-09 00:00:11,267] {processor.py:161} INFO - Processing /home/renan/datapipeline/.env/lib/python3.8/site-packages/airflow/example_dags/example_kubernetes_executor.py took 0.019 seconds
[2022-08-09 00:00:47,124] {processor.py:153} INFO - Started process (PID=10408) to work on /home/renan/datapipeline/.env/lib/python3.8/site-packages/airflow/example_dags/example_kubernetes_executor.py
[2022-08-09 00:00:47,124] {processor.py:641} INFO - Processing file /home/renan/datapipeline/.env/lib/python3.8/site-packages/airflow/example_dags/example_kubernetes_executor.py for tasks to queue
[2022-08-09 00:00:47,125] {logging_mixin.py:115} INFO - [2022-08-09 00:00:47,125] {dagbag.py:508} INFO - Filling up the DagBag from /home/renan/datapipeline/.env/lib/python3.8/site-packages/airflow/example_dags/example_kubernetes_executor.py
[2022-08-09 00:00:47,133] {logging_mixin.py:115} INFO - [2022-08-09 00:00:47,133] {example_kubernetes_executor.py:39} WARNING - The example_kubernetes_executor example DAG requires the kubernetes provider. Please install it with: pip install apache-airflow[cncf.kubernetes]
[2022-08-09 00:00:47,133] {processor.py:653} WARNING - No viable dags retrieved from /home/renan/datapipeline/.env/lib/python3.8/site-packages/airflow/example_dags/example_kubernetes_executor.py
[2022-08-09 00:00:47,140] {processor.py:161} INFO - Processing /home/renan/datapipeline/.env/lib/python3.8/site-packages/airflow/example_dags/example_kubernetes_executor.py took 0.018 seconds
[2022-08-09 00:01:23,081] {processor.py:153} INFO - Started process (PID=10458) to work on /home/renan/datapipeline/.env/lib/python3.8/site-packages/airflow/example_dags/example_kubernetes_executor.py
[2022-08-09 00:01:23,081] {processor.py:641} INFO - Processing file /home/renan/datapipeline/.env/lib/python3.8/site-packages/airflow/example_dags/example_kubernetes_executor.py for tasks to queue
[2022-08-09 00:01:23,082] {logging_mixin.py:115} INFO - [2022-08-09 00:01:23,082] {dagbag.py:508} INFO - Filling up the DagBag from /home/renan/datapipeline/.env/lib/python3.8/site-packages/airflow/example_dags/example_kubernetes_executor.py
[2022-08-09 00:01:23,091] {logging_mixin.py:115} INFO - [2022-08-09 00:01:23,091] {example_kubernetes_executor.py:39} WARNING - The example_kubernetes_executor example DAG requires the kubernetes provider. Please install it with: pip install apache-airflow[cncf.kubernetes]
[2022-08-09 00:01:23,091] {processor.py:653} WARNING - No viable dags retrieved from /home/renan/datapipeline/.env/lib/python3.8/site-packages/airflow/example_dags/example_kubernetes_executor.py
[2022-08-09 00:01:23,102] {processor.py:161} INFO - Processing /home/renan/datapipeline/.env/lib/python3.8/site-packages/airflow/example_dags/example_kubernetes_executor.py took 0.023 seconds
[2022-08-09 00:01:59,020] {processor.py:153} INFO - Started process (PID=10496) to work on /home/renan/datapipeline/.env/lib/python3.8/site-packages/airflow/example_dags/example_kubernetes_executor.py
[2022-08-09 00:01:59,020] {processor.py:641} INFO - Processing file /home/renan/datapipeline/.env/lib/python3.8/site-packages/airflow/example_dags/example_kubernetes_executor.py for tasks to queue
[2022-08-09 00:01:59,021] {logging_mixin.py:115} INFO - [2022-08-09 00:01:59,021] {dagbag.py:508} INFO - Filling up the DagBag from /home/renan/datapipeline/.env/lib/python3.8/site-packages/airflow/example_dags/example_kubernetes_executor.py
[2022-08-09 00:01:59,029] {logging_mixin.py:115} INFO - [2022-08-09 00:01:59,029] {example_kubernetes_executor.py:39} WARNING - The example_kubernetes_executor example DAG requires the kubernetes provider. Please install it with: pip install apache-airflow[cncf.kubernetes]
[2022-08-09 00:01:59,030] {processor.py:653} WARNING - No viable dags retrieved from /home/renan/datapipeline/.env/lib/python3.8/site-packages/airflow/example_dags/example_kubernetes_executor.py
[2022-08-09 00:01:59,039] {processor.py:161} INFO - Processing /home/renan/datapipeline/.env/lib/python3.8/site-packages/airflow/example_dags/example_kubernetes_executor.py took 0.021 seconds
[2022-08-09 00:02:30,965] {processor.py:153} INFO - Started process (PID=10539) to work on /home/renan/datapipeline/.env/lib/python3.8/site-packages/airflow/example_dags/example_kubernetes_executor.py
[2022-08-09 00:02:30,966] {processor.py:641} INFO - Processing file /home/renan/datapipeline/.env/lib/python3.8/site-packages/airflow/example_dags/example_kubernetes_executor.py for tasks to queue
[2022-08-09 00:02:30,966] {logging_mixin.py:115} INFO - [2022-08-09 00:02:30,966] {dagbag.py:508} INFO - Filling up the DagBag from /home/renan/datapipeline/.env/lib/python3.8/site-packages/airflow/example_dags/example_kubernetes_executor.py
[2022-08-09 00:02:30,977] {logging_mixin.py:115} INFO - [2022-08-09 00:02:30,977] {example_kubernetes_executor.py:39} WARNING - The example_kubernetes_executor example DAG requires the kubernetes provider. Please install it with: pip install apache-airflow[cncf.kubernetes]
[2022-08-09 00:02:30,977] {processor.py:653} WARNING - No viable dags retrieved from /home/renan/datapipeline/.env/lib/python3.8/site-packages/airflow/example_dags/example_kubernetes_executor.py
[2022-08-09 00:02:30,986] {processor.py:161} INFO - Processing /home/renan/datapipeline/.env/lib/python3.8/site-packages/airflow/example_dags/example_kubernetes_executor.py took 0.023 seconds
[2022-08-09 00:03:08,646] {processor.py:153} INFO - Started process (PID=10588) to work on /home/renan/datapipeline/.env/lib/python3.8/site-packages/airflow/example_dags/example_kubernetes_executor.py
[2022-08-09 00:03:08,647] {processor.py:641} INFO - Processing file /home/renan/datapipeline/.env/lib/python3.8/site-packages/airflow/example_dags/example_kubernetes_executor.py for tasks to queue
[2022-08-09 00:03:08,647] {logging_mixin.py:115} INFO - [2022-08-09 00:03:08,647] {dagbag.py:508} INFO - Filling up the DagBag from /home/renan/datapipeline/.env/lib/python3.8/site-packages/airflow/example_dags/example_kubernetes_executor.py
[2022-08-09 00:03:08,656] {logging_mixin.py:115} INFO - [2022-08-09 00:03:08,656] {example_kubernetes_executor.py:39} WARNING - The example_kubernetes_executor example DAG requires the kubernetes provider. Please install it with: pip install apache-airflow[cncf.kubernetes]
[2022-08-09 00:03:08,656] {processor.py:653} WARNING - No viable dags retrieved from /home/renan/datapipeline/.env/lib/python3.8/site-packages/airflow/example_dags/example_kubernetes_executor.py
[2022-08-09 00:03:08,664] {processor.py:161} INFO - Processing /home/renan/datapipeline/.env/lib/python3.8/site-packages/airflow/example_dags/example_kubernetes_executor.py took 0.019 seconds
[2022-08-09 00:03:42,991] {processor.py:153} INFO - Started process (PID=10636) to work on /home/renan/datapipeline/.env/lib/python3.8/site-packages/airflow/example_dags/example_kubernetes_executor.py
[2022-08-09 00:03:42,991] {processor.py:641} INFO - Processing file /home/renan/datapipeline/.env/lib/python3.8/site-packages/airflow/example_dags/example_kubernetes_executor.py for tasks to queue
[2022-08-09 00:03:42,992] {logging_mixin.py:115} INFO - [2022-08-09 00:03:42,991] {dagbag.py:508} INFO - Filling up the DagBag from /home/renan/datapipeline/.env/lib/python3.8/site-packages/airflow/example_dags/example_kubernetes_executor.py
[2022-08-09 00:03:43,000] {logging_mixin.py:115} INFO - [2022-08-09 00:03:43,000] {example_kubernetes_executor.py:39} WARNING - The example_kubernetes_executor example DAG requires the kubernetes provider. Please install it with: pip install apache-airflow[cncf.kubernetes]
[2022-08-09 00:03:43,000] {processor.py:653} WARNING - No viable dags retrieved from /home/renan/datapipeline/.env/lib/python3.8/site-packages/airflow/example_dags/example_kubernetes_executor.py
[2022-08-09 00:03:43,008] {processor.py:161} INFO - Processing /home/renan/datapipeline/.env/lib/python3.8/site-packages/airflow/example_dags/example_kubernetes_executor.py took 0.020 seconds
[2022-08-09 00:04:16,378] {processor.py:153} INFO - Started process (PID=10671) to work on /home/renan/datapipeline/.env/lib/python3.8/site-packages/airflow/example_dags/example_kubernetes_executor.py
[2022-08-09 00:04:16,378] {processor.py:641} INFO - Processing file /home/renan/datapipeline/.env/lib/python3.8/site-packages/airflow/example_dags/example_kubernetes_executor.py for tasks to queue
[2022-08-09 00:04:16,379] {logging_mixin.py:115} INFO - [2022-08-09 00:04:16,379] {dagbag.py:508} INFO - Filling up the DagBag from /home/renan/datapipeline/.env/lib/python3.8/site-packages/airflow/example_dags/example_kubernetes_executor.py
[2022-08-09 00:04:16,389] {logging_mixin.py:115} INFO - [2022-08-09 00:04:16,389] {example_kubernetes_executor.py:39} WARNING - The example_kubernetes_executor example DAG requires the kubernetes provider. Please install it with: pip install apache-airflow[cncf.kubernetes]
[2022-08-09 00:04:16,389] {processor.py:653} WARNING - No viable dags retrieved from /home/renan/datapipeline/.env/lib/python3.8/site-packages/airflow/example_dags/example_kubernetes_executor.py
[2022-08-09 00:04:16,394] {processor.py:161} INFO - Processing /home/renan/datapipeline/.env/lib/python3.8/site-packages/airflow/example_dags/example_kubernetes_executor.py took 0.018 seconds
[2022-08-09 00:04:52,754] {processor.py:153} INFO - Started process (PID=10714) to work on /home/renan/datapipeline/.env/lib/python3.8/site-packages/airflow/example_dags/example_kubernetes_executor.py
[2022-08-09 00:04:52,755] {processor.py:641} INFO - Processing file /home/renan/datapipeline/.env/lib/python3.8/site-packages/airflow/example_dags/example_kubernetes_executor.py for tasks to queue
[2022-08-09 00:04:52,755] {logging_mixin.py:115} INFO - [2022-08-09 00:04:52,755] {dagbag.py:508} INFO - Filling up the DagBag from /home/renan/datapipeline/.env/lib/python3.8/site-packages/airflow/example_dags/example_kubernetes_executor.py
[2022-08-09 00:04:52,766] {logging_mixin.py:115} INFO - [2022-08-09 00:04:52,766] {example_kubernetes_executor.py:39} WARNING - The example_kubernetes_executor example DAG requires the kubernetes provider. Please install it with: pip install apache-airflow[cncf.kubernetes]
[2022-08-09 00:04:52,766] {processor.py:653} WARNING - No viable dags retrieved from /home/renan/datapipeline/.env/lib/python3.8/site-packages/airflow/example_dags/example_kubernetes_executor.py
[2022-08-09 00:04:52,773] {processor.py:161} INFO - Processing /home/renan/datapipeline/.env/lib/python3.8/site-packages/airflow/example_dags/example_kubernetes_executor.py took 0.020 seconds
[2022-08-09 00:05:26,460] {processor.py:153} INFO - Started process (PID=10774) to work on /home/renan/datapipeline/.env/lib/python3.8/site-packages/airflow/example_dags/example_kubernetes_executor.py
[2022-08-09 00:05:26,461] {processor.py:641} INFO - Processing file /home/renan/datapipeline/.env/lib/python3.8/site-packages/airflow/example_dags/example_kubernetes_executor.py for tasks to queue
[2022-08-09 00:05:26,461] {logging_mixin.py:115} INFO - [2022-08-09 00:05:26,461] {dagbag.py:508} INFO - Filling up the DagBag from /home/renan/datapipeline/.env/lib/python3.8/site-packages/airflow/example_dags/example_kubernetes_executor.py
[2022-08-09 00:05:26,471] {logging_mixin.py:115} INFO - [2022-08-09 00:05:26,471] {example_kubernetes_executor.py:39} WARNING - The example_kubernetes_executor example DAG requires the kubernetes provider. Please install it with: pip install apache-airflow[cncf.kubernetes]
[2022-08-09 00:05:26,471] {processor.py:653} WARNING - No viable dags retrieved from /home/renan/datapipeline/.env/lib/python3.8/site-packages/airflow/example_dags/example_kubernetes_executor.py
[2022-08-09 00:05:26,477] {processor.py:161} INFO - Processing /home/renan/datapipeline/.env/lib/python3.8/site-packages/airflow/example_dags/example_kubernetes_executor.py took 0.018 seconds
[2022-08-09 00:06:01,225] {processor.py:153} INFO - Started process (PID=10812) to work on /home/renan/datapipeline/.env/lib/python3.8/site-packages/airflow/example_dags/example_kubernetes_executor.py
[2022-08-09 00:06:01,225] {processor.py:641} INFO - Processing file /home/renan/datapipeline/.env/lib/python3.8/site-packages/airflow/example_dags/example_kubernetes_executor.py for tasks to queue
[2022-08-09 00:06:01,226] {logging_mixin.py:115} INFO - [2022-08-09 00:06:01,226] {dagbag.py:508} INFO - Filling up the DagBag from /home/renan/datapipeline/.env/lib/python3.8/site-packages/airflow/example_dags/example_kubernetes_executor.py
[2022-08-09 00:06:01,235] {logging_mixin.py:115} INFO - [2022-08-09 00:06:01,235] {example_kubernetes_executor.py:39} WARNING - The example_kubernetes_executor example DAG requires the kubernetes provider. Please install it with: pip install apache-airflow[cncf.kubernetes]
[2022-08-09 00:06:01,235] {processor.py:653} WARNING - No viable dags retrieved from /home/renan/datapipeline/.env/lib/python3.8/site-packages/airflow/example_dags/example_kubernetes_executor.py
[2022-08-09 00:06:01,241] {processor.py:161} INFO - Processing /home/renan/datapipeline/.env/lib/python3.8/site-packages/airflow/example_dags/example_kubernetes_executor.py took 0.018 seconds
[2022-08-09 00:06:38,284] {processor.py:153} INFO - Started process (PID=10865) to work on /home/renan/datapipeline/.env/lib/python3.8/site-packages/airflow/example_dags/example_kubernetes_executor.py
[2022-08-09 00:06:38,285] {processor.py:641} INFO - Processing file /home/renan/datapipeline/.env/lib/python3.8/site-packages/airflow/example_dags/example_kubernetes_executor.py for tasks to queue
[2022-08-09 00:06:38,285] {logging_mixin.py:115} INFO - [2022-08-09 00:06:38,285] {dagbag.py:508} INFO - Filling up the DagBag from /home/renan/datapipeline/.env/lib/python3.8/site-packages/airflow/example_dags/example_kubernetes_executor.py
[2022-08-09 00:06:38,296] {logging_mixin.py:115} INFO - [2022-08-09 00:06:38,296] {example_kubernetes_executor.py:39} WARNING - The example_kubernetes_executor example DAG requires the kubernetes provider. Please install it with: pip install apache-airflow[cncf.kubernetes]
[2022-08-09 00:06:38,296] {processor.py:653} WARNING - No viable dags retrieved from /home/renan/datapipeline/.env/lib/python3.8/site-packages/airflow/example_dags/example_kubernetes_executor.py
[2022-08-09 00:06:38,302] {processor.py:161} INFO - Processing /home/renan/datapipeline/.env/lib/python3.8/site-packages/airflow/example_dags/example_kubernetes_executor.py took 0.019 seconds
[2022-08-09 00:07:12,280] {processor.py:153} INFO - Started process (PID=10916) to work on /home/renan/datapipeline/.env/lib/python3.8/site-packages/airflow/example_dags/example_kubernetes_executor.py
[2022-08-09 00:07:12,280] {processor.py:641} INFO - Processing file /home/renan/datapipeline/.env/lib/python3.8/site-packages/airflow/example_dags/example_kubernetes_executor.py for tasks to queue
[2022-08-09 00:07:12,281] {logging_mixin.py:115} INFO - [2022-08-09 00:07:12,281] {dagbag.py:508} INFO - Filling up the DagBag from /home/renan/datapipeline/.env/lib/python3.8/site-packages/airflow/example_dags/example_kubernetes_executor.py
[2022-08-09 00:07:12,290] {logging_mixin.py:115} INFO - [2022-08-09 00:07:12,290] {example_kubernetes_executor.py:39} WARNING - The example_kubernetes_executor example DAG requires the kubernetes provider. Please install it with: pip install apache-airflow[cncf.kubernetes]
[2022-08-09 00:07:12,290] {processor.py:653} WARNING - No viable dags retrieved from /home/renan/datapipeline/.env/lib/python3.8/site-packages/airflow/example_dags/example_kubernetes_executor.py
[2022-08-09 00:07:12,297] {processor.py:161} INFO - Processing /home/renan/datapipeline/.env/lib/python3.8/site-packages/airflow/example_dags/example_kubernetes_executor.py took 0.019 seconds
[2022-08-09 00:07:51,898] {processor.py:153} INFO - Started process (PID=10962) to work on /home/renan/datapipeline/.env/lib/python3.8/site-packages/airflow/example_dags/example_kubernetes_executor.py
[2022-08-09 00:07:51,898] {processor.py:641} INFO - Processing file /home/renan/datapipeline/.env/lib/python3.8/site-packages/airflow/example_dags/example_kubernetes_executor.py for tasks to queue
[2022-08-09 00:07:51,899] {logging_mixin.py:115} INFO - [2022-08-09 00:07:51,899] {dagbag.py:508} INFO - Filling up the DagBag from /home/renan/datapipeline/.env/lib/python3.8/site-packages/airflow/example_dags/example_kubernetes_executor.py
[2022-08-09 00:07:51,909] {logging_mixin.py:115} INFO - [2022-08-09 00:07:51,909] {example_kubernetes_executor.py:39} WARNING - The example_kubernetes_executor example DAG requires the kubernetes provider. Please install it with: pip install apache-airflow[cncf.kubernetes]
[2022-08-09 00:07:51,910] {processor.py:653} WARNING - No viable dags retrieved from /home/renan/datapipeline/.env/lib/python3.8/site-packages/airflow/example_dags/example_kubernetes_executor.py
[2022-08-09 00:07:51,917] {processor.py:161} INFO - Processing /home/renan/datapipeline/.env/lib/python3.8/site-packages/airflow/example_dags/example_kubernetes_executor.py took 0.021 seconds
[2022-08-09 00:08:26,301] {processor.py:153} INFO - Started process (PID=10998) to work on /home/renan/datapipeline/.env/lib/python3.8/site-packages/airflow/example_dags/example_kubernetes_executor.py
[2022-08-09 00:08:26,301] {processor.py:641} INFO - Processing file /home/renan/datapipeline/.env/lib/python3.8/site-packages/airflow/example_dags/example_kubernetes_executor.py for tasks to queue
[2022-08-09 00:08:26,301] {logging_mixin.py:115} INFO - [2022-08-09 00:08:26,301] {dagbag.py:508} INFO - Filling up the DagBag from /home/renan/datapipeline/.env/lib/python3.8/site-packages/airflow/example_dags/example_kubernetes_executor.py
[2022-08-09 00:08:26,311] {logging_mixin.py:115} INFO - [2022-08-09 00:08:26,311] {example_kubernetes_executor.py:39} WARNING - The example_kubernetes_executor example DAG requires the kubernetes provider. Please install it with: pip install apache-airflow[cncf.kubernetes]
[2022-08-09 00:08:26,311] {processor.py:653} WARNING - No viable dags retrieved from /home/renan/datapipeline/.env/lib/python3.8/site-packages/airflow/example_dags/example_kubernetes_executor.py
[2022-08-09 00:08:26,317] {processor.py:161} INFO - Processing /home/renan/datapipeline/.env/lib/python3.8/site-packages/airflow/example_dags/example_kubernetes_executor.py took 0.018 seconds
[2022-08-09 00:08:58,454] {processor.py:153} INFO - Started process (PID=11035) to work on /home/renan/datapipeline/.env/lib/python3.8/site-packages/airflow/example_dags/example_kubernetes_executor.py
[2022-08-09 00:08:58,455] {processor.py:641} INFO - Processing file /home/renan/datapipeline/.env/lib/python3.8/site-packages/airflow/example_dags/example_kubernetes_executor.py for tasks to queue
[2022-08-09 00:08:58,455] {logging_mixin.py:115} INFO - [2022-08-09 00:08:58,455] {dagbag.py:508} INFO - Filling up the DagBag from /home/renan/datapipeline/.env/lib/python3.8/site-packages/airflow/example_dags/example_kubernetes_executor.py
[2022-08-09 00:08:58,464] {logging_mixin.py:115} INFO - [2022-08-09 00:08:58,464] {example_kubernetes_executor.py:39} WARNING - The example_kubernetes_executor example DAG requires the kubernetes provider. Please install it with: pip install apache-airflow[cncf.kubernetes]
[2022-08-09 00:08:58,465] {processor.py:653} WARNING - No viable dags retrieved from /home/renan/datapipeline/.env/lib/python3.8/site-packages/airflow/example_dags/example_kubernetes_executor.py
[2022-08-09 00:08:58,470] {processor.py:161} INFO - Processing /home/renan/datapipeline/.env/lib/python3.8/site-packages/airflow/example_dags/example_kubernetes_executor.py took 0.017 seconds
[2022-08-09 00:09:37,075] {processor.py:153} INFO - Started process (PID=11074) to work on /home/renan/datapipeline/.env/lib/python3.8/site-packages/airflow/example_dags/example_kubernetes_executor.py
[2022-08-09 00:09:37,076] {processor.py:641} INFO - Processing file /home/renan/datapipeline/.env/lib/python3.8/site-packages/airflow/example_dags/example_kubernetes_executor.py for tasks to queue
[2022-08-09 00:09:37,076] {logging_mixin.py:115} INFO - [2022-08-09 00:09:37,076] {dagbag.py:508} INFO - Filling up the DagBag from /home/renan/datapipeline/.env/lib/python3.8/site-packages/airflow/example_dags/example_kubernetes_executor.py
[2022-08-09 00:09:37,086] {logging_mixin.py:115} INFO - [2022-08-09 00:09:37,086] {example_kubernetes_executor.py:39} WARNING - The example_kubernetes_executor example DAG requires the kubernetes provider. Please install it with: pip install apache-airflow[cncf.kubernetes]
[2022-08-09 00:09:37,086] {processor.py:653} WARNING - No viable dags retrieved from /home/renan/datapipeline/.env/lib/python3.8/site-packages/airflow/example_dags/example_kubernetes_executor.py
[2022-08-09 00:09:37,092] {processor.py:161} INFO - Processing /home/renan/datapipeline/.env/lib/python3.8/site-packages/airflow/example_dags/example_kubernetes_executor.py took 0.018 seconds
[2022-08-09 00:10:11,430] {processor.py:153} INFO - Started process (PID=11117) to work on /home/renan/datapipeline/.env/lib/python3.8/site-packages/airflow/example_dags/example_kubernetes_executor.py
[2022-08-09 00:10:11,430] {processor.py:641} INFO - Processing file /home/renan/datapipeline/.env/lib/python3.8/site-packages/airflow/example_dags/example_kubernetes_executor.py for tasks to queue
[2022-08-09 00:10:11,430] {logging_mixin.py:115} INFO - [2022-08-09 00:10:11,430] {dagbag.py:508} INFO - Filling up the DagBag from /home/renan/datapipeline/.env/lib/python3.8/site-packages/airflow/example_dags/example_kubernetes_executor.py
[2022-08-09 00:10:11,440] {logging_mixin.py:115} INFO - [2022-08-09 00:10:11,440] {example_kubernetes_executor.py:39} WARNING - The example_kubernetes_executor example DAG requires the kubernetes provider. Please install it with: pip install apache-airflow[cncf.kubernetes]
[2022-08-09 00:10:11,440] {processor.py:653} WARNING - No viable dags retrieved from /home/renan/datapipeline/.env/lib/python3.8/site-packages/airflow/example_dags/example_kubernetes_executor.py
[2022-08-09 00:10:11,446] {processor.py:161} INFO - Processing /home/renan/datapipeline/.env/lib/python3.8/site-packages/airflow/example_dags/example_kubernetes_executor.py took 0.018 seconds
[2022-08-09 00:10:51,325] {processor.py:153} INFO - Started process (PID=11175) to work on /home/renan/datapipeline/.env/lib/python3.8/site-packages/airflow/example_dags/example_kubernetes_executor.py
[2022-08-09 00:10:51,325] {processor.py:641} INFO - Processing file /home/renan/datapipeline/.env/lib/python3.8/site-packages/airflow/example_dags/example_kubernetes_executor.py for tasks to queue
[2022-08-09 00:10:51,326] {logging_mixin.py:115} INFO - [2022-08-09 00:10:51,326] {dagbag.py:508} INFO - Filling up the DagBag from /home/renan/datapipeline/.env/lib/python3.8/site-packages/airflow/example_dags/example_kubernetes_executor.py
[2022-08-09 00:10:51,338] {logging_mixin.py:115} INFO - [2022-08-09 00:10:51,337] {example_kubernetes_executor.py:39} WARNING - The example_kubernetes_executor example DAG requires the kubernetes provider. Please install it with: pip install apache-airflow[cncf.kubernetes]
[2022-08-09 00:10:51,338] {processor.py:653} WARNING - No viable dags retrieved from /home/renan/datapipeline/.env/lib/python3.8/site-packages/airflow/example_dags/example_kubernetes_executor.py
[2022-08-09 00:10:51,343] {processor.py:161} INFO - Processing /home/renan/datapipeline/.env/lib/python3.8/site-packages/airflow/example_dags/example_kubernetes_executor.py took 0.020 seconds
[2022-08-09 00:11:24,374] {processor.py:153} INFO - Started process (PID=11211) to work on /home/renan/datapipeline/.env/lib/python3.8/site-packages/airflow/example_dags/example_kubernetes_executor.py
[2022-08-09 00:11:24,374] {processor.py:641} INFO - Processing file /home/renan/datapipeline/.env/lib/python3.8/site-packages/airflow/example_dags/example_kubernetes_executor.py for tasks to queue
[2022-08-09 00:11:24,374] {logging_mixin.py:115} INFO - [2022-08-09 00:11:24,374] {dagbag.py:508} INFO - Filling up the DagBag from /home/renan/datapipeline/.env/lib/python3.8/site-packages/airflow/example_dags/example_kubernetes_executor.py
[2022-08-09 00:11:24,384] {logging_mixin.py:115} INFO - [2022-08-09 00:11:24,384] {example_kubernetes_executor.py:39} WARNING - The example_kubernetes_executor example DAG requires the kubernetes provider. Please install it with: pip install apache-airflow[cncf.kubernetes]
[2022-08-09 00:11:24,384] {processor.py:653} WARNING - No viable dags retrieved from /home/renan/datapipeline/.env/lib/python3.8/site-packages/airflow/example_dags/example_kubernetes_executor.py
[2022-08-09 00:11:24,390] {processor.py:161} INFO - Processing /home/renan/datapipeline/.env/lib/python3.8/site-packages/airflow/example_dags/example_kubernetes_executor.py took 0.017 seconds
[2022-08-09 00:11:58,062] {processor.py:153} INFO - Started process (PID=11260) to work on /home/renan/datapipeline/.env/lib/python3.8/site-packages/airflow/example_dags/example_kubernetes_executor.py
[2022-08-09 00:11:58,062] {processor.py:641} INFO - Processing file /home/renan/datapipeline/.env/lib/python3.8/site-packages/airflow/example_dags/example_kubernetes_executor.py for tasks to queue
[2022-08-09 00:11:58,063] {logging_mixin.py:115} INFO - [2022-08-09 00:11:58,063] {dagbag.py:508} INFO - Filling up the DagBag from /home/renan/datapipeline/.env/lib/python3.8/site-packages/airflow/example_dags/example_kubernetes_executor.py
[2022-08-09 00:11:58,074] {logging_mixin.py:115} INFO - [2022-08-09 00:11:58,074] {example_kubernetes_executor.py:39} WARNING - The example_kubernetes_executor example DAG requires the kubernetes provider. Please install it with: pip install apache-airflow[cncf.kubernetes]
[2022-08-09 00:11:58,074] {processor.py:653} WARNING - No viable dags retrieved from /home/renan/datapipeline/.env/lib/python3.8/site-packages/airflow/example_dags/example_kubernetes_executor.py
[2022-08-09 00:11:58,080] {processor.py:161} INFO - Processing /home/renan/datapipeline/.env/lib/python3.8/site-packages/airflow/example_dags/example_kubernetes_executor.py took 0.020 seconds
[2022-08-09 00:12:36,254] {processor.py:153} INFO - Started process (PID=11318) to work on /home/renan/datapipeline/.env/lib/python3.8/site-packages/airflow/example_dags/example_kubernetes_executor.py
[2022-08-09 00:12:36,256] {processor.py:641} INFO - Processing file /home/renan/datapipeline/.env/lib/python3.8/site-packages/airflow/example_dags/example_kubernetes_executor.py for tasks to queue
[2022-08-09 00:12:36,257] {logging_mixin.py:115} INFO - [2022-08-09 00:12:36,257] {dagbag.py:508} INFO - Filling up the DagBag from /home/renan/datapipeline/.env/lib/python3.8/site-packages/airflow/example_dags/example_kubernetes_executor.py
[2022-08-09 00:12:36,268] {logging_mixin.py:115} INFO - [2022-08-09 00:12:36,268] {example_kubernetes_executor.py:39} WARNING - The example_kubernetes_executor example DAG requires the kubernetes provider. Please install it with: pip install apache-airflow[cncf.kubernetes]
[2022-08-09 00:12:36,268] {processor.py:653} WARNING - No viable dags retrieved from /home/renan/datapipeline/.env/lib/python3.8/site-packages/airflow/example_dags/example_kubernetes_executor.py
[2022-08-09 00:12:36,274] {processor.py:161} INFO - Processing /home/renan/datapipeline/.env/lib/python3.8/site-packages/airflow/example_dags/example_kubernetes_executor.py took 0.021 seconds
[2022-08-09 00:13:09,880] {processor.py:153} INFO - Started process (PID=11368) to work on /home/renan/datapipeline/.env/lib/python3.8/site-packages/airflow/example_dags/example_kubernetes_executor.py
[2022-08-09 00:13:09,881] {processor.py:641} INFO - Processing file /home/renan/datapipeline/.env/lib/python3.8/site-packages/airflow/example_dags/example_kubernetes_executor.py for tasks to queue
[2022-08-09 00:13:09,881] {logging_mixin.py:115} INFO - [2022-08-09 00:13:09,881] {dagbag.py:508} INFO - Filling up the DagBag from /home/renan/datapipeline/.env/lib/python3.8/site-packages/airflow/example_dags/example_kubernetes_executor.py
[2022-08-09 00:13:09,892] {logging_mixin.py:115} INFO - [2022-08-09 00:13:09,892] {example_kubernetes_executor.py:39} WARNING - The example_kubernetes_executor example DAG requires the kubernetes provider. Please install it with: pip install apache-airflow[cncf.kubernetes]
[2022-08-09 00:13:09,892] {processor.py:653} WARNING - No viable dags retrieved from /home/renan/datapipeline/.env/lib/python3.8/site-packages/airflow/example_dags/example_kubernetes_executor.py
[2022-08-09 00:13:09,899] {processor.py:161} INFO - Processing /home/renan/datapipeline/.env/lib/python3.8/site-packages/airflow/example_dags/example_kubernetes_executor.py took 0.020 seconds
[2022-08-09 00:13:44,087] {processor.py:153} INFO - Started process (PID=11405) to work on /home/renan/datapipeline/.env/lib/python3.8/site-packages/airflow/example_dags/example_kubernetes_executor.py
[2022-08-09 00:13:44,087] {processor.py:641} INFO - Processing file /home/renan/datapipeline/.env/lib/python3.8/site-packages/airflow/example_dags/example_kubernetes_executor.py for tasks to queue
[2022-08-09 00:13:44,088] {logging_mixin.py:115} INFO - [2022-08-09 00:13:44,088] {dagbag.py:508} INFO - Filling up the DagBag from /home/renan/datapipeline/.env/lib/python3.8/site-packages/airflow/example_dags/example_kubernetes_executor.py
[2022-08-09 00:13:44,100] {logging_mixin.py:115} INFO - [2022-08-09 00:13:44,100] {example_kubernetes_executor.py:39} WARNING - The example_kubernetes_executor example DAG requires the kubernetes provider. Please install it with: pip install apache-airflow[cncf.kubernetes]
[2022-08-09 00:13:44,100] {processor.py:653} WARNING - No viable dags retrieved from /home/renan/datapipeline/.env/lib/python3.8/site-packages/airflow/example_dags/example_kubernetes_executor.py
[2022-08-09 00:13:44,106] {processor.py:161} INFO - Processing /home/renan/datapipeline/.env/lib/python3.8/site-packages/airflow/example_dags/example_kubernetes_executor.py took 0.021 seconds
[2022-08-09 00:14:19,317] {processor.py:153} INFO - Started process (PID=11500) to work on /home/renan/datapipeline/.env/lib/python3.8/site-packages/airflow/example_dags/example_kubernetes_executor.py
[2022-08-09 00:14:19,317] {processor.py:641} INFO - Processing file /home/renan/datapipeline/.env/lib/python3.8/site-packages/airflow/example_dags/example_kubernetes_executor.py for tasks to queue
[2022-08-09 00:14:19,318] {logging_mixin.py:115} INFO - [2022-08-09 00:14:19,318] {dagbag.py:508} INFO - Filling up the DagBag from /home/renan/datapipeline/.env/lib/python3.8/site-packages/airflow/example_dags/example_kubernetes_executor.py
[2022-08-09 00:14:19,327] {logging_mixin.py:115} INFO - [2022-08-09 00:14:19,327] {example_kubernetes_executor.py:39} WARNING - The example_kubernetes_executor example DAG requires the kubernetes provider. Please install it with: pip install apache-airflow[cncf.kubernetes]
[2022-08-09 00:14:19,327] {processor.py:653} WARNING - No viable dags retrieved from /home/renan/datapipeline/.env/lib/python3.8/site-packages/airflow/example_dags/example_kubernetes_executor.py
[2022-08-09 00:14:19,333] {processor.py:161} INFO - Processing /home/renan/datapipeline/.env/lib/python3.8/site-packages/airflow/example_dags/example_kubernetes_executor.py took 0.018 seconds
[2022-08-09 00:14:52,539] {processor.py:153} INFO - Started process (PID=11537) to work on /home/renan/datapipeline/.env/lib/python3.8/site-packages/airflow/example_dags/example_kubernetes_executor.py
[2022-08-09 00:14:52,540] {processor.py:641} INFO - Processing file /home/renan/datapipeline/.env/lib/python3.8/site-packages/airflow/example_dags/example_kubernetes_executor.py for tasks to queue
[2022-08-09 00:14:52,540] {logging_mixin.py:115} INFO - [2022-08-09 00:14:52,540] {dagbag.py:508} INFO - Filling up the DagBag from /home/renan/datapipeline/.env/lib/python3.8/site-packages/airflow/example_dags/example_kubernetes_executor.py
[2022-08-09 00:14:52,555] {logging_mixin.py:115} INFO - [2022-08-09 00:14:52,555] {example_kubernetes_executor.py:39} WARNING - The example_kubernetes_executor example DAG requires the kubernetes provider. Please install it with: pip install apache-airflow[cncf.kubernetes]
[2022-08-09 00:14:52,555] {processor.py:653} WARNING - No viable dags retrieved from /home/renan/datapipeline/.env/lib/python3.8/site-packages/airflow/example_dags/example_kubernetes_executor.py
[2022-08-09 00:14:52,562] {processor.py:161} INFO - Processing /home/renan/datapipeline/.env/lib/python3.8/site-packages/airflow/example_dags/example_kubernetes_executor.py took 0.024 seconds
[2022-08-09 00:15:29,033] {processor.py:153} INFO - Started process (PID=11593) to work on /home/renan/datapipeline/.env/lib/python3.8/site-packages/airflow/example_dags/example_kubernetes_executor.py
[2022-08-09 00:15:29,034] {processor.py:641} INFO - Processing file /home/renan/datapipeline/.env/lib/python3.8/site-packages/airflow/example_dags/example_kubernetes_executor.py for tasks to queue
[2022-08-09 00:15:29,034] {logging_mixin.py:115} INFO - [2022-08-09 00:15:29,034] {dagbag.py:508} INFO - Filling up the DagBag from /home/renan/datapipeline/.env/lib/python3.8/site-packages/airflow/example_dags/example_kubernetes_executor.py
[2022-08-09 00:15:29,044] {logging_mixin.py:115} INFO - [2022-08-09 00:15:29,044] {example_kubernetes_executor.py:39} WARNING - The example_kubernetes_executor example DAG requires the kubernetes provider. Please install it with: pip install apache-airflow[cncf.kubernetes]
[2022-08-09 00:15:29,045] {processor.py:653} WARNING - No viable dags retrieved from /home/renan/datapipeline/.env/lib/python3.8/site-packages/airflow/example_dags/example_kubernetes_executor.py
[2022-08-09 00:15:29,053] {processor.py:161} INFO - Processing /home/renan/datapipeline/.env/lib/python3.8/site-packages/airflow/example_dags/example_kubernetes_executor.py took 0.022 seconds
[2022-08-09 00:16:01,207] {processor.py:153} INFO - Started process (PID=11660) to work on /home/renan/datapipeline/.env/lib/python3.8/site-packages/airflow/example_dags/example_kubernetes_executor.py
[2022-08-09 00:16:01,207] {processor.py:641} INFO - Processing file /home/renan/datapipeline/.env/lib/python3.8/site-packages/airflow/example_dags/example_kubernetes_executor.py for tasks to queue
[2022-08-09 00:16:01,207] {logging_mixin.py:115} INFO - [2022-08-09 00:16:01,207] {dagbag.py:508} INFO - Filling up the DagBag from /home/renan/datapipeline/.env/lib/python3.8/site-packages/airflow/example_dags/example_kubernetes_executor.py
[2022-08-09 00:16:01,216] {logging_mixin.py:115} INFO - [2022-08-09 00:16:01,216] {example_kubernetes_executor.py:39} WARNING - The example_kubernetes_executor example DAG requires the kubernetes provider. Please install it with: pip install apache-airflow[cncf.kubernetes]
[2022-08-09 00:16:01,216] {processor.py:653} WARNING - No viable dags retrieved from /home/renan/datapipeline/.env/lib/python3.8/site-packages/airflow/example_dags/example_kubernetes_executor.py
[2022-08-09 00:16:01,223] {processor.py:161} INFO - Processing /home/renan/datapipeline/.env/lib/python3.8/site-packages/airflow/example_dags/example_kubernetes_executor.py took 0.018 seconds
[2022-08-09 00:16:39,132] {processor.py:153} INFO - Started process (PID=11710) to work on /home/renan/datapipeline/.env/lib/python3.8/site-packages/airflow/example_dags/example_kubernetes_executor.py
[2022-08-09 00:16:39,133] {processor.py:641} INFO - Processing file /home/renan/datapipeline/.env/lib/python3.8/site-packages/airflow/example_dags/example_kubernetes_executor.py for tasks to queue
[2022-08-09 00:16:39,134] {logging_mixin.py:115} INFO - [2022-08-09 00:16:39,133] {dagbag.py:508} INFO - Filling up the DagBag from /home/renan/datapipeline/.env/lib/python3.8/site-packages/airflow/example_dags/example_kubernetes_executor.py
[2022-08-09 00:16:39,142] {logging_mixin.py:115} INFO - [2022-08-09 00:16:39,142] {example_kubernetes_executor.py:39} WARNING - The example_kubernetes_executor example DAG requires the kubernetes provider. Please install it with: pip install apache-airflow[cncf.kubernetes]
[2022-08-09 00:16:39,142] {processor.py:653} WARNING - No viable dags retrieved from /home/renan/datapipeline/.env/lib/python3.8/site-packages/airflow/example_dags/example_kubernetes_executor.py
[2022-08-09 00:16:39,152] {processor.py:161} INFO - Processing /home/renan/datapipeline/.env/lib/python3.8/site-packages/airflow/example_dags/example_kubernetes_executor.py took 0.021 seconds
[2022-08-09 00:17:14,768] {processor.py:153} INFO - Started process (PID=11773) to work on /home/renan/datapipeline/.env/lib/python3.8/site-packages/airflow/example_dags/example_kubernetes_executor.py
[2022-08-09 00:17:14,768] {processor.py:641} INFO - Processing file /home/renan/datapipeline/.env/lib/python3.8/site-packages/airflow/example_dags/example_kubernetes_executor.py for tasks to queue
[2022-08-09 00:17:14,769] {logging_mixin.py:115} INFO - [2022-08-09 00:17:14,769] {dagbag.py:508} INFO - Filling up the DagBag from /home/renan/datapipeline/.env/lib/python3.8/site-packages/airflow/example_dags/example_kubernetes_executor.py
[2022-08-09 00:17:14,778] {logging_mixin.py:115} INFO - [2022-08-09 00:17:14,778] {example_kubernetes_executor.py:39} WARNING - The example_kubernetes_executor example DAG requires the kubernetes provider. Please install it with: pip install apache-airflow[cncf.kubernetes]
[2022-08-09 00:17:14,778] {processor.py:653} WARNING - No viable dags retrieved from /home/renan/datapipeline/.env/lib/python3.8/site-packages/airflow/example_dags/example_kubernetes_executor.py
[2022-08-09 00:17:14,785] {processor.py:161} INFO - Processing /home/renan/datapipeline/.env/lib/python3.8/site-packages/airflow/example_dags/example_kubernetes_executor.py took 0.019 seconds
[2022-08-09 00:17:49,237] {processor.py:153} INFO - Started process (PID=11811) to work on /home/renan/datapipeline/.env/lib/python3.8/site-packages/airflow/example_dags/example_kubernetes_executor.py
[2022-08-09 00:17:49,237] {processor.py:641} INFO - Processing file /home/renan/datapipeline/.env/lib/python3.8/site-packages/airflow/example_dags/example_kubernetes_executor.py for tasks to queue
[2022-08-09 00:17:49,238] {logging_mixin.py:115} INFO - [2022-08-09 00:17:49,238] {dagbag.py:508} INFO - Filling up the DagBag from /home/renan/datapipeline/.env/lib/python3.8/site-packages/airflow/example_dags/example_kubernetes_executor.py
[2022-08-09 00:17:49,246] {logging_mixin.py:115} INFO - [2022-08-09 00:17:49,246] {example_kubernetes_executor.py:39} WARNING - The example_kubernetes_executor example DAG requires the kubernetes provider. Please install it with: pip install apache-airflow[cncf.kubernetes]
[2022-08-09 00:17:49,247] {processor.py:653} WARNING - No viable dags retrieved from /home/renan/datapipeline/.env/lib/python3.8/site-packages/airflow/example_dags/example_kubernetes_executor.py
[2022-08-09 00:17:49,253] {processor.py:161} INFO - Processing /home/renan/datapipeline/.env/lib/python3.8/site-packages/airflow/example_dags/example_kubernetes_executor.py took 0.017 seconds
[2022-08-09 00:18:24,042] {processor.py:153} INFO - Started process (PID=11849) to work on /home/renan/datapipeline/.env/lib/python3.8/site-packages/airflow/example_dags/example_kubernetes_executor.py
[2022-08-09 00:18:24,042] {processor.py:641} INFO - Processing file /home/renan/datapipeline/.env/lib/python3.8/site-packages/airflow/example_dags/example_kubernetes_executor.py for tasks to queue
[2022-08-09 00:18:24,043] {logging_mixin.py:115} INFO - [2022-08-09 00:18:24,043] {dagbag.py:508} INFO - Filling up the DagBag from /home/renan/datapipeline/.env/lib/python3.8/site-packages/airflow/example_dags/example_kubernetes_executor.py
[2022-08-09 00:18:24,051] {logging_mixin.py:115} INFO - [2022-08-09 00:18:24,051] {example_kubernetes_executor.py:39} WARNING - The example_kubernetes_executor example DAG requires the kubernetes provider. Please install it with: pip install apache-airflow[cncf.kubernetes]
[2022-08-09 00:18:24,051] {processor.py:653} WARNING - No viable dags retrieved from /home/renan/datapipeline/.env/lib/python3.8/site-packages/airflow/example_dags/example_kubernetes_executor.py
[2022-08-09 00:18:24,058] {processor.py:161} INFO - Processing /home/renan/datapipeline/.env/lib/python3.8/site-packages/airflow/example_dags/example_kubernetes_executor.py took 0.018 seconds
[2022-08-09 00:19:02,541] {processor.py:153} INFO - Started process (PID=11890) to work on /home/renan/datapipeline/.env/lib/python3.8/site-packages/airflow/example_dags/example_kubernetes_executor.py
[2022-08-09 00:19:02,542] {processor.py:641} INFO - Processing file /home/renan/datapipeline/.env/lib/python3.8/site-packages/airflow/example_dags/example_kubernetes_executor.py for tasks to queue
[2022-08-09 00:19:02,542] {logging_mixin.py:115} INFO - [2022-08-09 00:19:02,542] {dagbag.py:508} INFO - Filling up the DagBag from /home/renan/datapipeline/.env/lib/python3.8/site-packages/airflow/example_dags/example_kubernetes_executor.py
[2022-08-09 00:19:02,551] {logging_mixin.py:115} INFO - [2022-08-09 00:19:02,550] {example_kubernetes_executor.py:39} WARNING - The example_kubernetes_executor example DAG requires the kubernetes provider. Please install it with: pip install apache-airflow[cncf.kubernetes]
[2022-08-09 00:19:02,551] {processor.py:653} WARNING - No viable dags retrieved from /home/renan/datapipeline/.env/lib/python3.8/site-packages/airflow/example_dags/example_kubernetes_executor.py
[2022-08-09 00:19:02,557] {processor.py:161} INFO - Processing /home/renan/datapipeline/.env/lib/python3.8/site-packages/airflow/example_dags/example_kubernetes_executor.py took 0.017 seconds
[2022-08-09 00:19:34,688] {processor.py:153} INFO - Started process (PID=11925) to work on /home/renan/datapipeline/.env/lib/python3.8/site-packages/airflow/example_dags/example_kubernetes_executor.py
[2022-08-09 00:19:34,688] {processor.py:641} INFO - Processing file /home/renan/datapipeline/.env/lib/python3.8/site-packages/airflow/example_dags/example_kubernetes_executor.py for tasks to queue
[2022-08-09 00:19:34,688] {logging_mixin.py:115} INFO - [2022-08-09 00:19:34,688] {dagbag.py:508} INFO - Filling up the DagBag from /home/renan/datapipeline/.env/lib/python3.8/site-packages/airflow/example_dags/example_kubernetes_executor.py
[2022-08-09 00:19:34,697] {logging_mixin.py:115} INFO - [2022-08-09 00:19:34,697] {example_kubernetes_executor.py:39} WARNING - The example_kubernetes_executor example DAG requires the kubernetes provider. Please install it with: pip install apache-airflow[cncf.kubernetes]
[2022-08-09 00:19:34,697] {processor.py:653} WARNING - No viable dags retrieved from /home/renan/datapipeline/.env/lib/python3.8/site-packages/airflow/example_dags/example_kubernetes_executor.py
[2022-08-09 00:19:34,703] {processor.py:161} INFO - Processing /home/renan/datapipeline/.env/lib/python3.8/site-packages/airflow/example_dags/example_kubernetes_executor.py took 0.017 seconds
[2022-08-09 00:20:10,573] {processor.py:153} INFO - Started process (PID=11966) to work on /home/renan/datapipeline/.env/lib/python3.8/site-packages/airflow/example_dags/example_kubernetes_executor.py
[2022-08-09 00:20:10,573] {processor.py:641} INFO - Processing file /home/renan/datapipeline/.env/lib/python3.8/site-packages/airflow/example_dags/example_kubernetes_executor.py for tasks to queue
[2022-08-09 00:20:10,574] {logging_mixin.py:115} INFO - [2022-08-09 00:20:10,574] {dagbag.py:508} INFO - Filling up the DagBag from /home/renan/datapipeline/.env/lib/python3.8/site-packages/airflow/example_dags/example_kubernetes_executor.py
[2022-08-09 00:20:10,582] {logging_mixin.py:115} INFO - [2022-08-09 00:20:10,582] {example_kubernetes_executor.py:39} WARNING - The example_kubernetes_executor example DAG requires the kubernetes provider. Please install it with: pip install apache-airflow[cncf.kubernetes]
[2022-08-09 00:20:10,582] {processor.py:653} WARNING - No viable dags retrieved from /home/renan/datapipeline/.env/lib/python3.8/site-packages/airflow/example_dags/example_kubernetes_executor.py
[2022-08-09 00:20:10,588] {processor.py:161} INFO - Processing /home/renan/datapipeline/.env/lib/python3.8/site-packages/airflow/example_dags/example_kubernetes_executor.py took 0.017 seconds
[2022-08-09 00:20:44,750] {processor.py:153} INFO - Started process (PID=12004) to work on /home/renan/datapipeline/.env/lib/python3.8/site-packages/airflow/example_dags/example_kubernetes_executor.py
[2022-08-09 00:20:44,750] {processor.py:641} INFO - Processing file /home/renan/datapipeline/.env/lib/python3.8/site-packages/airflow/example_dags/example_kubernetes_executor.py for tasks to queue
[2022-08-09 00:20:44,751] {logging_mixin.py:115} INFO - [2022-08-09 00:20:44,751] {dagbag.py:508} INFO - Filling up the DagBag from /home/renan/datapipeline/.env/lib/python3.8/site-packages/airflow/example_dags/example_kubernetes_executor.py
[2022-08-09 00:20:44,759] {logging_mixin.py:115} INFO - [2022-08-09 00:20:44,759] {example_kubernetes_executor.py:39} WARNING - The example_kubernetes_executor example DAG requires the kubernetes provider. Please install it with: pip install apache-airflow[cncf.kubernetes]
[2022-08-09 00:20:44,759] {processor.py:653} WARNING - No viable dags retrieved from /home/renan/datapipeline/.env/lib/python3.8/site-packages/airflow/example_dags/example_kubernetes_executor.py
[2022-08-09 00:20:44,765] {processor.py:161} INFO - Processing /home/renan/datapipeline/.env/lib/python3.8/site-packages/airflow/example_dags/example_kubernetes_executor.py took 0.017 seconds
[2022-08-09 00:21:20,951] {processor.py:153} INFO - Started process (PID=12096) to work on /home/renan/datapipeline/.env/lib/python3.8/site-packages/airflow/example_dags/example_kubernetes_executor.py
[2022-08-09 00:21:20,952] {processor.py:641} INFO - Processing file /home/renan/datapipeline/.env/lib/python3.8/site-packages/airflow/example_dags/example_kubernetes_executor.py for tasks to queue
[2022-08-09 00:21:20,952] {logging_mixin.py:115} INFO - [2022-08-09 00:21:20,952] {dagbag.py:508} INFO - Filling up the DagBag from /home/renan/datapipeline/.env/lib/python3.8/site-packages/airflow/example_dags/example_kubernetes_executor.py
[2022-08-09 00:21:20,961] {logging_mixin.py:115} INFO - [2022-08-09 00:21:20,961] {example_kubernetes_executor.py:39} WARNING - The example_kubernetes_executor example DAG requires the kubernetes provider. Please install it with: pip install apache-airflow[cncf.kubernetes]
[2022-08-09 00:21:20,962] {processor.py:653} WARNING - No viable dags retrieved from /home/renan/datapipeline/.env/lib/python3.8/site-packages/airflow/example_dags/example_kubernetes_executor.py
[2022-08-09 00:21:20,969] {processor.py:161} INFO - Processing /home/renan/datapipeline/.env/lib/python3.8/site-packages/airflow/example_dags/example_kubernetes_executor.py took 0.020 seconds
[2022-08-09 00:21:56,768] {processor.py:153} INFO - Started process (PID=12235) to work on /home/renan/datapipeline/.env/lib/python3.8/site-packages/airflow/example_dags/example_kubernetes_executor.py
[2022-08-09 00:21:56,770] {processor.py:641} INFO - Processing file /home/renan/datapipeline/.env/lib/python3.8/site-packages/airflow/example_dags/example_kubernetes_executor.py for tasks to queue
[2022-08-09 00:21:56,771] {logging_mixin.py:115} INFO - [2022-08-09 00:21:56,771] {dagbag.py:508} INFO - Filling up the DagBag from /home/renan/datapipeline/.env/lib/python3.8/site-packages/airflow/example_dags/example_kubernetes_executor.py
[2022-08-09 00:21:56,787] {logging_mixin.py:115} INFO - [2022-08-09 00:21:56,787] {example_kubernetes_executor.py:39} WARNING - The example_kubernetes_executor example DAG requires the kubernetes provider. Please install it with: pip install apache-airflow[cncf.kubernetes]
[2022-08-09 00:21:56,787] {processor.py:653} WARNING - No viable dags retrieved from /home/renan/datapipeline/.env/lib/python3.8/site-packages/airflow/example_dags/example_kubernetes_executor.py
[2022-08-09 00:21:56,794] {processor.py:161} INFO - Processing /home/renan/datapipeline/.env/lib/python3.8/site-packages/airflow/example_dags/example_kubernetes_executor.py took 0.028 seconds
[2022-08-09 00:22:32,512] {processor.py:153} INFO - Started process (PID=12299) to work on /home/renan/datapipeline/.env/lib/python3.8/site-packages/airflow/example_dags/example_kubernetes_executor.py
[2022-08-09 00:22:32,512] {processor.py:641} INFO - Processing file /home/renan/datapipeline/.env/lib/python3.8/site-packages/airflow/example_dags/example_kubernetes_executor.py for tasks to queue
[2022-08-09 00:22:32,513] {logging_mixin.py:115} INFO - [2022-08-09 00:22:32,513] {dagbag.py:508} INFO - Filling up the DagBag from /home/renan/datapipeline/.env/lib/python3.8/site-packages/airflow/example_dags/example_kubernetes_executor.py
[2022-08-09 00:22:32,522] {logging_mixin.py:115} INFO - [2022-08-09 00:22:32,522] {example_kubernetes_executor.py:39} WARNING - The example_kubernetes_executor example DAG requires the kubernetes provider. Please install it with: pip install apache-airflow[cncf.kubernetes]
[2022-08-09 00:22:32,522] {processor.py:653} WARNING - No viable dags retrieved from /home/renan/datapipeline/.env/lib/python3.8/site-packages/airflow/example_dags/example_kubernetes_executor.py
[2022-08-09 00:22:32,528] {processor.py:161} INFO - Processing /home/renan/datapipeline/.env/lib/python3.8/site-packages/airflow/example_dags/example_kubernetes_executor.py took 0.018 seconds
[2022-08-09 00:23:05,407] {processor.py:153} INFO - Started process (PID=12339) to work on /home/renan/datapipeline/.env/lib/python3.8/site-packages/airflow/example_dags/example_kubernetes_executor.py
[2022-08-09 00:23:05,407] {processor.py:641} INFO - Processing file /home/renan/datapipeline/.env/lib/python3.8/site-packages/airflow/example_dags/example_kubernetes_executor.py for tasks to queue
[2022-08-09 00:23:05,408] {logging_mixin.py:115} INFO - [2022-08-09 00:23:05,408] {dagbag.py:508} INFO - Filling up the DagBag from /home/renan/datapipeline/.env/lib/python3.8/site-packages/airflow/example_dags/example_kubernetes_executor.py
[2022-08-09 00:23:05,416] {logging_mixin.py:115} INFO - [2022-08-09 00:23:05,416] {example_kubernetes_executor.py:39} WARNING - The example_kubernetes_executor example DAG requires the kubernetes provider. Please install it with: pip install apache-airflow[cncf.kubernetes]
[2022-08-09 00:23:05,416] {processor.py:653} WARNING - No viable dags retrieved from /home/renan/datapipeline/.env/lib/python3.8/site-packages/airflow/example_dags/example_kubernetes_executor.py
[2022-08-09 00:23:05,421] {processor.py:161} INFO - Processing /home/renan/datapipeline/.env/lib/python3.8/site-packages/airflow/example_dags/example_kubernetes_executor.py took 0.016 seconds
[2022-08-09 00:23:42,124] {processor.py:153} INFO - Started process (PID=12379) to work on /home/renan/datapipeline/.env/lib/python3.8/site-packages/airflow/example_dags/example_kubernetes_executor.py
[2022-08-09 00:23:42,124] {processor.py:641} INFO - Processing file /home/renan/datapipeline/.env/lib/python3.8/site-packages/airflow/example_dags/example_kubernetes_executor.py for tasks to queue
[2022-08-09 00:23:42,125] {logging_mixin.py:115} INFO - [2022-08-09 00:23:42,125] {dagbag.py:508} INFO - Filling up the DagBag from /home/renan/datapipeline/.env/lib/python3.8/site-packages/airflow/example_dags/example_kubernetes_executor.py
[2022-08-09 00:23:42,133] {logging_mixin.py:115} INFO - [2022-08-09 00:23:42,133] {example_kubernetes_executor.py:39} WARNING - The example_kubernetes_executor example DAG requires the kubernetes provider. Please install it with: pip install apache-airflow[cncf.kubernetes]
[2022-08-09 00:23:42,133] {processor.py:653} WARNING - No viable dags retrieved from /home/renan/datapipeline/.env/lib/python3.8/site-packages/airflow/example_dags/example_kubernetes_executor.py
[2022-08-09 00:23:42,139] {processor.py:161} INFO - Processing /home/renan/datapipeline/.env/lib/python3.8/site-packages/airflow/example_dags/example_kubernetes_executor.py took 0.017 seconds
[2022-08-09 00:24:14,055] {processor.py:153} INFO - Started process (PID=12422) to work on /home/renan/datapipeline/.env/lib/python3.8/site-packages/airflow/example_dags/example_kubernetes_executor.py
[2022-08-09 00:24:14,055] {processor.py:641} INFO - Processing file /home/renan/datapipeline/.env/lib/python3.8/site-packages/airflow/example_dags/example_kubernetes_executor.py for tasks to queue
[2022-08-09 00:24:14,055] {logging_mixin.py:115} INFO - [2022-08-09 00:24:14,055] {dagbag.py:508} INFO - Filling up the DagBag from /home/renan/datapipeline/.env/lib/python3.8/site-packages/airflow/example_dags/example_kubernetes_executor.py
[2022-08-09 00:24:14,064] {logging_mixin.py:115} INFO - [2022-08-09 00:24:14,064] {example_kubernetes_executor.py:39} WARNING - The example_kubernetes_executor example DAG requires the kubernetes provider. Please install it with: pip install apache-airflow[cncf.kubernetes]
[2022-08-09 00:24:14,064] {processor.py:653} WARNING - No viable dags retrieved from /home/renan/datapipeline/.env/lib/python3.8/site-packages/airflow/example_dags/example_kubernetes_executor.py
[2022-08-09 00:24:14,069] {processor.py:161} INFO - Processing /home/renan/datapipeline/.env/lib/python3.8/site-packages/airflow/example_dags/example_kubernetes_executor.py took 0.016 seconds
[2022-08-09 00:24:48,809] {processor.py:153} INFO - Started process (PID=12481) to work on /home/renan/datapipeline/.env/lib/python3.8/site-packages/airflow/example_dags/example_kubernetes_executor.py
[2022-08-09 00:24:48,810] {processor.py:641} INFO - Processing file /home/renan/datapipeline/.env/lib/python3.8/site-packages/airflow/example_dags/example_kubernetes_executor.py for tasks to queue
[2022-08-09 00:24:48,810] {logging_mixin.py:115} INFO - [2022-08-09 00:24:48,810] {dagbag.py:508} INFO - Filling up the DagBag from /home/renan/datapipeline/.env/lib/python3.8/site-packages/airflow/example_dags/example_kubernetes_executor.py
[2022-08-09 00:24:48,818] {logging_mixin.py:115} INFO - [2022-08-09 00:24:48,818] {example_kubernetes_executor.py:39} WARNING - The example_kubernetes_executor example DAG requires the kubernetes provider. Please install it with: pip install apache-airflow[cncf.kubernetes]
[2022-08-09 00:24:48,819] {processor.py:653} WARNING - No viable dags retrieved from /home/renan/datapipeline/.env/lib/python3.8/site-packages/airflow/example_dags/example_kubernetes_executor.py
[2022-08-09 00:24:48,824] {processor.py:161} INFO - Processing /home/renan/datapipeline/.env/lib/python3.8/site-packages/airflow/example_dags/example_kubernetes_executor.py took 0.017 seconds
[2022-08-09 00:25:22,479] {processor.py:153} INFO - Started process (PID=12525) to work on /home/renan/datapipeline/.env/lib/python3.8/site-packages/airflow/example_dags/example_kubernetes_executor.py
[2022-08-09 00:25:22,479] {processor.py:641} INFO - Processing file /home/renan/datapipeline/.env/lib/python3.8/site-packages/airflow/example_dags/example_kubernetes_executor.py for tasks to queue
[2022-08-09 00:25:22,479] {logging_mixin.py:115} INFO - [2022-08-09 00:25:22,479] {dagbag.py:508} INFO - Filling up the DagBag from /home/renan/datapipeline/.env/lib/python3.8/site-packages/airflow/example_dags/example_kubernetes_executor.py
[2022-08-09 00:25:22,488] {logging_mixin.py:115} INFO - [2022-08-09 00:25:22,488] {example_kubernetes_executor.py:39} WARNING - The example_kubernetes_executor example DAG requires the kubernetes provider. Please install it with: pip install apache-airflow[cncf.kubernetes]
[2022-08-09 00:25:22,488] {processor.py:653} WARNING - No viable dags retrieved from /home/renan/datapipeline/.env/lib/python3.8/site-packages/airflow/example_dags/example_kubernetes_executor.py
[2022-08-09 00:25:22,493] {processor.py:161} INFO - Processing /home/renan/datapipeline/.env/lib/python3.8/site-packages/airflow/example_dags/example_kubernetes_executor.py took 0.016 seconds
[2022-08-09 00:25:56,257] {processor.py:153} INFO - Started process (PID=12561) to work on /home/renan/datapipeline/.env/lib/python3.8/site-packages/airflow/example_dags/example_kubernetes_executor.py
[2022-08-09 00:25:56,257] {processor.py:641} INFO - Processing file /home/renan/datapipeline/.env/lib/python3.8/site-packages/airflow/example_dags/example_kubernetes_executor.py for tasks to queue
[2022-08-09 00:25:56,257] {logging_mixin.py:115} INFO - [2022-08-09 00:25:56,257] {dagbag.py:508} INFO - Filling up the DagBag from /home/renan/datapipeline/.env/lib/python3.8/site-packages/airflow/example_dags/example_kubernetes_executor.py
[2022-08-09 00:25:56,266] {logging_mixin.py:115} INFO - [2022-08-09 00:25:56,266] {example_kubernetes_executor.py:39} WARNING - The example_kubernetes_executor example DAG requires the kubernetes provider. Please install it with: pip install apache-airflow[cncf.kubernetes]
[2022-08-09 00:25:56,266] {processor.py:653} WARNING - No viable dags retrieved from /home/renan/datapipeline/.env/lib/python3.8/site-packages/airflow/example_dags/example_kubernetes_executor.py
[2022-08-09 00:25:56,272] {processor.py:161} INFO - Processing /home/renan/datapipeline/.env/lib/python3.8/site-packages/airflow/example_dags/example_kubernetes_executor.py took 0.017 seconds
[2022-08-09 00:26:32,554] {processor.py:153} INFO - Started process (PID=12600) to work on /home/renan/datapipeline/.env/lib/python3.8/site-packages/airflow/example_dags/example_kubernetes_executor.py
[2022-08-09 00:26:32,555] {processor.py:641} INFO - Processing file /home/renan/datapipeline/.env/lib/python3.8/site-packages/airflow/example_dags/example_kubernetes_executor.py for tasks to queue
[2022-08-09 00:26:32,555] {logging_mixin.py:115} INFO - [2022-08-09 00:26:32,555] {dagbag.py:508} INFO - Filling up the DagBag from /home/renan/datapipeline/.env/lib/python3.8/site-packages/airflow/example_dags/example_kubernetes_executor.py
[2022-08-09 00:26:32,563] {logging_mixin.py:115} INFO - [2022-08-09 00:26:32,563] {example_kubernetes_executor.py:39} WARNING - The example_kubernetes_executor example DAG requires the kubernetes provider. Please install it with: pip install apache-airflow[cncf.kubernetes]
[2022-08-09 00:26:32,563] {processor.py:653} WARNING - No viable dags retrieved from /home/renan/datapipeline/.env/lib/python3.8/site-packages/airflow/example_dags/example_kubernetes_executor.py
[2022-08-09 00:26:32,569] {processor.py:161} INFO - Processing /home/renan/datapipeline/.env/lib/python3.8/site-packages/airflow/example_dags/example_kubernetes_executor.py took 0.017 seconds
[2022-08-09 00:27:10,243] {processor.py:153} INFO - Started process (PID=12644) to work on /home/renan/datapipeline/.env/lib/python3.8/site-packages/airflow/example_dags/example_kubernetes_executor.py
[2022-08-09 00:27:10,244] {processor.py:641} INFO - Processing file /home/renan/datapipeline/.env/lib/python3.8/site-packages/airflow/example_dags/example_kubernetes_executor.py for tasks to queue
[2022-08-09 00:27:10,244] {logging_mixin.py:115} INFO - [2022-08-09 00:27:10,244] {dagbag.py:508} INFO - Filling up the DagBag from /home/renan/datapipeline/.env/lib/python3.8/site-packages/airflow/example_dags/example_kubernetes_executor.py
[2022-08-09 00:27:10,253] {logging_mixin.py:115} INFO - [2022-08-09 00:27:10,253] {example_kubernetes_executor.py:39} WARNING - The example_kubernetes_executor example DAG requires the kubernetes provider. Please install it with: pip install apache-airflow[cncf.kubernetes]
[2022-08-09 00:27:10,253] {processor.py:653} WARNING - No viable dags retrieved from /home/renan/datapipeline/.env/lib/python3.8/site-packages/airflow/example_dags/example_kubernetes_executor.py
[2022-08-09 00:27:10,259] {processor.py:161} INFO - Processing /home/renan/datapipeline/.env/lib/python3.8/site-packages/airflow/example_dags/example_kubernetes_executor.py took 0.017 seconds
[2022-08-09 00:27:45,509] {processor.py:153} INFO - Started process (PID=12711) to work on /home/renan/datapipeline/.env/lib/python3.8/site-packages/airflow/example_dags/example_kubernetes_executor.py
[2022-08-09 00:27:45,510] {processor.py:641} INFO - Processing file /home/renan/datapipeline/.env/lib/python3.8/site-packages/airflow/example_dags/example_kubernetes_executor.py for tasks to queue
[2022-08-09 00:27:45,510] {logging_mixin.py:115} INFO - [2022-08-09 00:27:45,510] {dagbag.py:508} INFO - Filling up the DagBag from /home/renan/datapipeline/.env/lib/python3.8/site-packages/airflow/example_dags/example_kubernetes_executor.py
[2022-08-09 00:27:45,520] {logging_mixin.py:115} INFO - [2022-08-09 00:27:45,520] {example_kubernetes_executor.py:39} WARNING - The example_kubernetes_executor example DAG requires the kubernetes provider. Please install it with: pip install apache-airflow[cncf.kubernetes]
[2022-08-09 00:27:45,520] {processor.py:653} WARNING - No viable dags retrieved from /home/renan/datapipeline/.env/lib/python3.8/site-packages/airflow/example_dags/example_kubernetes_executor.py
[2022-08-09 00:27:45,527] {processor.py:161} INFO - Processing /home/renan/datapipeline/.env/lib/python3.8/site-packages/airflow/example_dags/example_kubernetes_executor.py took 0.020 seconds
[2022-08-09 00:28:20,189] {processor.py:153} INFO - Started process (PID=12905) to work on /home/renan/datapipeline/.env/lib/python3.8/site-packages/airflow/example_dags/example_kubernetes_executor.py
[2022-08-09 00:28:20,189] {processor.py:641} INFO - Processing file /home/renan/datapipeline/.env/lib/python3.8/site-packages/airflow/example_dags/example_kubernetes_executor.py for tasks to queue
[2022-08-09 00:28:20,189] {logging_mixin.py:115} INFO - [2022-08-09 00:28:20,189] {dagbag.py:508} INFO - Filling up the DagBag from /home/renan/datapipeline/.env/lib/python3.8/site-packages/airflow/example_dags/example_kubernetes_executor.py
[2022-08-09 00:28:20,198] {logging_mixin.py:115} INFO - [2022-08-09 00:28:20,198] {example_kubernetes_executor.py:39} WARNING - The example_kubernetes_executor example DAG requires the kubernetes provider. Please install it with: pip install apache-airflow[cncf.kubernetes]
[2022-08-09 00:28:20,198] {processor.py:653} WARNING - No viable dags retrieved from /home/renan/datapipeline/.env/lib/python3.8/site-packages/airflow/example_dags/example_kubernetes_executor.py
[2022-08-09 00:28:20,204] {processor.py:161} INFO - Processing /home/renan/datapipeline/.env/lib/python3.8/site-packages/airflow/example_dags/example_kubernetes_executor.py took 0.017 seconds
[2022-08-09 00:28:54,018] {processor.py:153} INFO - Started process (PID=12964) to work on /home/renan/datapipeline/.env/lib/python3.8/site-packages/airflow/example_dags/example_kubernetes_executor.py
[2022-08-09 00:28:54,018] {processor.py:641} INFO - Processing file /home/renan/datapipeline/.env/lib/python3.8/site-packages/airflow/example_dags/example_kubernetes_executor.py for tasks to queue
[2022-08-09 00:28:54,018] {logging_mixin.py:115} INFO - [2022-08-09 00:28:54,018] {dagbag.py:508} INFO - Filling up the DagBag from /home/renan/datapipeline/.env/lib/python3.8/site-packages/airflow/example_dags/example_kubernetes_executor.py
[2022-08-09 00:28:54,027] {logging_mixin.py:115} INFO - [2022-08-09 00:28:54,027] {example_kubernetes_executor.py:39} WARNING - The example_kubernetes_executor example DAG requires the kubernetes provider. Please install it with: pip install apache-airflow[cncf.kubernetes]
[2022-08-09 00:28:54,027] {processor.py:653} WARNING - No viable dags retrieved from /home/renan/datapipeline/.env/lib/python3.8/site-packages/airflow/example_dags/example_kubernetes_executor.py
[2022-08-09 00:28:54,033] {processor.py:161} INFO - Processing /home/renan/datapipeline/.env/lib/python3.8/site-packages/airflow/example_dags/example_kubernetes_executor.py took 0.017 seconds
[2022-08-09 00:29:26,935] {processor.py:153} INFO - Started process (PID=13005) to work on /home/renan/datapipeline/.env/lib/python3.8/site-packages/airflow/example_dags/example_kubernetes_executor.py
[2022-08-09 00:29:26,935] {processor.py:641} INFO - Processing file /home/renan/datapipeline/.env/lib/python3.8/site-packages/airflow/example_dags/example_kubernetes_executor.py for tasks to queue
[2022-08-09 00:29:26,935] {logging_mixin.py:115} INFO - [2022-08-09 00:29:26,935] {dagbag.py:508} INFO - Filling up the DagBag from /home/renan/datapipeline/.env/lib/python3.8/site-packages/airflow/example_dags/example_kubernetes_executor.py
[2022-08-09 00:29:26,944] {logging_mixin.py:115} INFO - [2022-08-09 00:29:26,944] {example_kubernetes_executor.py:39} WARNING - The example_kubernetes_executor example DAG requires the kubernetes provider. Please install it with: pip install apache-airflow[cncf.kubernetes]
[2022-08-09 00:29:26,944] {processor.py:653} WARNING - No viable dags retrieved from /home/renan/datapipeline/.env/lib/python3.8/site-packages/airflow/example_dags/example_kubernetes_executor.py
[2022-08-09 00:29:26,950] {processor.py:161} INFO - Processing /home/renan/datapipeline/.env/lib/python3.8/site-packages/airflow/example_dags/example_kubernetes_executor.py took 0.017 seconds
[2022-08-09 00:30:00,618] {processor.py:153} INFO - Started process (PID=13044) to work on /home/renan/datapipeline/.env/lib/python3.8/site-packages/airflow/example_dags/example_kubernetes_executor.py
[2022-08-09 00:30:00,619] {processor.py:641} INFO - Processing file /home/renan/datapipeline/.env/lib/python3.8/site-packages/airflow/example_dags/example_kubernetes_executor.py for tasks to queue
[2022-08-09 00:30:00,619] {logging_mixin.py:115} INFO - [2022-08-09 00:30:00,619] {dagbag.py:508} INFO - Filling up the DagBag from /home/renan/datapipeline/.env/lib/python3.8/site-packages/airflow/example_dags/example_kubernetes_executor.py
[2022-08-09 00:30:00,628] {logging_mixin.py:115} INFO - [2022-08-09 00:30:00,628] {example_kubernetes_executor.py:39} WARNING - The example_kubernetes_executor example DAG requires the kubernetes provider. Please install it with: pip install apache-airflow[cncf.kubernetes]
[2022-08-09 00:30:00,628] {processor.py:653} WARNING - No viable dags retrieved from /home/renan/datapipeline/.env/lib/python3.8/site-packages/airflow/example_dags/example_kubernetes_executor.py
[2022-08-09 00:30:00,634] {processor.py:161} INFO - Processing /home/renan/datapipeline/.env/lib/python3.8/site-packages/airflow/example_dags/example_kubernetes_executor.py took 0.017 seconds
[2022-08-09 00:30:39,111] {processor.py:153} INFO - Started process (PID=13088) to work on /home/renan/datapipeline/.env/lib/python3.8/site-packages/airflow/example_dags/example_kubernetes_executor.py
[2022-08-09 00:30:39,112] {processor.py:641} INFO - Processing file /home/renan/datapipeline/.env/lib/python3.8/site-packages/airflow/example_dags/example_kubernetes_executor.py for tasks to queue
[2022-08-09 00:30:39,112] {logging_mixin.py:115} INFO - [2022-08-09 00:30:39,112] {dagbag.py:508} INFO - Filling up the DagBag from /home/renan/datapipeline/.env/lib/python3.8/site-packages/airflow/example_dags/example_kubernetes_executor.py
[2022-08-09 00:30:39,121] {logging_mixin.py:115} INFO - [2022-08-09 00:30:39,120] {example_kubernetes_executor.py:39} WARNING - The example_kubernetes_executor example DAG requires the kubernetes provider. Please install it with: pip install apache-airflow[cncf.kubernetes]
[2022-08-09 00:30:39,121] {processor.py:653} WARNING - No viable dags retrieved from /home/renan/datapipeline/.env/lib/python3.8/site-packages/airflow/example_dags/example_kubernetes_executor.py
[2022-08-09 00:30:39,126] {processor.py:161} INFO - Processing /home/renan/datapipeline/.env/lib/python3.8/site-packages/airflow/example_dags/example_kubernetes_executor.py took 0.017 seconds
[2022-08-09 00:31:15,818] {processor.py:153} INFO - Started process (PID=13126) to work on /home/renan/datapipeline/.env/lib/python3.8/site-packages/airflow/example_dags/example_kubernetes_executor.py
[2022-08-09 00:31:15,818] {processor.py:641} INFO - Processing file /home/renan/datapipeline/.env/lib/python3.8/site-packages/airflow/example_dags/example_kubernetes_executor.py for tasks to queue
[2022-08-09 00:31:15,818] {logging_mixin.py:115} INFO - [2022-08-09 00:31:15,818] {dagbag.py:508} INFO - Filling up the DagBag from /home/renan/datapipeline/.env/lib/python3.8/site-packages/airflow/example_dags/example_kubernetes_executor.py
[2022-08-09 00:31:15,828] {logging_mixin.py:115} INFO - [2022-08-09 00:31:15,828] {example_kubernetes_executor.py:39} WARNING - The example_kubernetes_executor example DAG requires the kubernetes provider. Please install it with: pip install apache-airflow[cncf.kubernetes]
[2022-08-09 00:31:15,828] {processor.py:653} WARNING - No viable dags retrieved from /home/renan/datapipeline/.env/lib/python3.8/site-packages/airflow/example_dags/example_kubernetes_executor.py
[2022-08-09 00:31:15,834] {processor.py:161} INFO - Processing /home/renan/datapipeline/.env/lib/python3.8/site-packages/airflow/example_dags/example_kubernetes_executor.py took 0.018 seconds
[2022-08-09 00:31:50,556] {processor.py:153} INFO - Started process (PID=13208) to work on /home/renan/datapipeline/.env/lib/python3.8/site-packages/airflow/example_dags/example_kubernetes_executor.py
[2022-08-09 00:31:50,556] {processor.py:641} INFO - Processing file /home/renan/datapipeline/.env/lib/python3.8/site-packages/airflow/example_dags/example_kubernetes_executor.py for tasks to queue
[2022-08-09 00:31:50,557] {logging_mixin.py:115} INFO - [2022-08-09 00:31:50,557] {dagbag.py:508} INFO - Filling up the DagBag from /home/renan/datapipeline/.env/lib/python3.8/site-packages/airflow/example_dags/example_kubernetes_executor.py
[2022-08-09 00:31:50,567] {logging_mixin.py:115} INFO - [2022-08-09 00:31:50,567] {example_kubernetes_executor.py:39} WARNING - The example_kubernetes_executor example DAG requires the kubernetes provider. Please install it with: pip install apache-airflow[cncf.kubernetes]
[2022-08-09 00:31:50,567] {processor.py:653} WARNING - No viable dags retrieved from /home/renan/datapipeline/.env/lib/python3.8/site-packages/airflow/example_dags/example_kubernetes_executor.py
[2022-08-09 00:31:50,575] {processor.py:161} INFO - Processing /home/renan/datapipeline/.env/lib/python3.8/site-packages/airflow/example_dags/example_kubernetes_executor.py took 0.021 seconds
[2022-08-09 00:32:26,533] {processor.py:153} INFO - Started process (PID=13292) to work on /home/renan/datapipeline/.env/lib/python3.8/site-packages/airflow/example_dags/example_kubernetes_executor.py
[2022-08-09 00:32:26,534] {processor.py:641} INFO - Processing file /home/renan/datapipeline/.env/lib/python3.8/site-packages/airflow/example_dags/example_kubernetes_executor.py for tasks to queue
[2022-08-09 00:32:26,534] {logging_mixin.py:115} INFO - [2022-08-09 00:32:26,534] {dagbag.py:508} INFO - Filling up the DagBag from /home/renan/datapipeline/.env/lib/python3.8/site-packages/airflow/example_dags/example_kubernetes_executor.py
[2022-08-09 00:32:26,542] {logging_mixin.py:115} INFO - [2022-08-09 00:32:26,542] {example_kubernetes_executor.py:39} WARNING - The example_kubernetes_executor example DAG requires the kubernetes provider. Please install it with: pip install apache-airflow[cncf.kubernetes]
[2022-08-09 00:32:26,543] {processor.py:653} WARNING - No viable dags retrieved from /home/renan/datapipeline/.env/lib/python3.8/site-packages/airflow/example_dags/example_kubernetes_executor.py
[2022-08-09 00:32:26,548] {processor.py:161} INFO - Processing /home/renan/datapipeline/.env/lib/python3.8/site-packages/airflow/example_dags/example_kubernetes_executor.py took 0.017 seconds
