[2022-08-08 23:55:04,706] {processor.py:153} INFO - Started process (PID=9838) to work on /home/renan/datapipeline/.env/lib/python3.8/site-packages/airflow/example_dags/example_task_group_decorator.py
[2022-08-08 23:55:04,706] {processor.py:641} INFO - Processing file /home/renan/datapipeline/.env/lib/python3.8/site-packages/airflow/example_dags/example_task_group_decorator.py for tasks to queue
[2022-08-08 23:55:04,706] {logging_mixin.py:115} INFO - [2022-08-08 23:55:04,706] {dagbag.py:508} INFO - Filling up the DagBag from /home/renan/datapipeline/.env/lib/python3.8/site-packages/airflow/example_dags/example_task_group_decorator.py
[2022-08-08 23:55:04,724] {processor.py:651} INFO - DAG(s) dict_keys(['example_task_group_decorator']) retrieved from /home/renan/datapipeline/.env/lib/python3.8/site-packages/airflow/example_dags/example_task_group_decorator.py
[2022-08-08 23:55:04,755] {logging_mixin.py:115} INFO - [2022-08-08 23:55:04,755] {dag.py:2420} INFO - Sync 1 DAGs
[2022-08-08 23:55:04,767] {logging_mixin.py:115} INFO - [2022-08-08 23:55:04,767] {dag.py:2968} INFO - Setting next_dagrun for example_task_group_decorator to 2022-08-08T02:55:04.767414+00:00, run_after=2022-08-09T02:55:04.767414+00:00
[2022-08-08 23:55:04,779] {processor.py:161} INFO - Processing /home/renan/datapipeline/.env/lib/python3.8/site-packages/airflow/example_dags/example_task_group_decorator.py took 0.076 seconds
[2022-08-08 23:55:36,489] {processor.py:153} INFO - Started process (PID=9939) to work on /home/renan/datapipeline/.env/lib/python3.8/site-packages/airflow/example_dags/example_task_group_decorator.py
[2022-08-08 23:55:36,490] {processor.py:641} INFO - Processing file /home/renan/datapipeline/.env/lib/python3.8/site-packages/airflow/example_dags/example_task_group_decorator.py for tasks to queue
[2022-08-08 23:55:36,490] {logging_mixin.py:115} INFO - [2022-08-08 23:55:36,490] {dagbag.py:508} INFO - Filling up the DagBag from /home/renan/datapipeline/.env/lib/python3.8/site-packages/airflow/example_dags/example_task_group_decorator.py
[2022-08-08 23:55:36,507] {processor.py:651} INFO - DAG(s) dict_keys(['example_task_group_decorator']) retrieved from /home/renan/datapipeline/.env/lib/python3.8/site-packages/airflow/example_dags/example_task_group_decorator.py
[2022-08-08 23:55:36,519] {logging_mixin.py:115} INFO - [2022-08-08 23:55:36,519] {dag.py:2420} INFO - Sync 1 DAGs
[2022-08-08 23:55:36,529] {logging_mixin.py:115} INFO - [2022-08-08 23:55:36,529] {dag.py:2968} INFO - Setting next_dagrun for example_task_group_decorator to 2022-08-08T02:55:36.529050+00:00, run_after=2022-08-09T02:55:36.529050+00:00
[2022-08-08 23:55:36,539] {processor.py:161} INFO - Processing /home/renan/datapipeline/.env/lib/python3.8/site-packages/airflow/example_dags/example_task_group_decorator.py took 0.051 seconds
[2022-08-08 23:56:10,110] {processor.py:153} INFO - Started process (PID=10005) to work on /home/renan/datapipeline/.env/lib/python3.8/site-packages/airflow/example_dags/example_task_group_decorator.py
[2022-08-08 23:56:10,111] {processor.py:641} INFO - Processing file /home/renan/datapipeline/.env/lib/python3.8/site-packages/airflow/example_dags/example_task_group_decorator.py for tasks to queue
[2022-08-08 23:56:10,111] {logging_mixin.py:115} INFO - [2022-08-08 23:56:10,111] {dagbag.py:508} INFO - Filling up the DagBag from /home/renan/datapipeline/.env/lib/python3.8/site-packages/airflow/example_dags/example_task_group_decorator.py
[2022-08-08 23:56:10,128] {processor.py:651} INFO - DAG(s) dict_keys(['example_task_group_decorator']) retrieved from /home/renan/datapipeline/.env/lib/python3.8/site-packages/airflow/example_dags/example_task_group_decorator.py
[2022-08-08 23:56:10,152] {logging_mixin.py:115} INFO - [2022-08-08 23:56:10,152] {dag.py:2420} INFO - Sync 1 DAGs
[2022-08-08 23:56:10,160] {logging_mixin.py:115} INFO - [2022-08-08 23:56:10,160] {dag.py:2968} INFO - Setting next_dagrun for example_task_group_decorator to 2022-08-08T02:56:10.160046+00:00, run_after=2022-08-09T02:56:10.160046+00:00
[2022-08-08 23:56:10,171] {processor.py:161} INFO - Processing /home/renan/datapipeline/.env/lib/python3.8/site-packages/airflow/example_dags/example_task_group_decorator.py took 0.063 seconds
[2022-08-08 23:56:43,720] {processor.py:153} INFO - Started process (PID=10068) to work on /home/renan/datapipeline/.env/lib/python3.8/site-packages/airflow/example_dags/example_task_group_decorator.py
[2022-08-08 23:56:43,721] {processor.py:641} INFO - Processing file /home/renan/datapipeline/.env/lib/python3.8/site-packages/airflow/example_dags/example_task_group_decorator.py for tasks to queue
[2022-08-08 23:56:43,721] {logging_mixin.py:115} INFO - [2022-08-08 23:56:43,721] {dagbag.py:508} INFO - Filling up the DagBag from /home/renan/datapipeline/.env/lib/python3.8/site-packages/airflow/example_dags/example_task_group_decorator.py
[2022-08-08 23:56:43,738] {processor.py:651} INFO - DAG(s) dict_keys(['example_task_group_decorator']) retrieved from /home/renan/datapipeline/.env/lib/python3.8/site-packages/airflow/example_dags/example_task_group_decorator.py
[2022-08-08 23:56:43,747] {logging_mixin.py:115} INFO - [2022-08-08 23:56:43,747] {dag.py:2420} INFO - Sync 1 DAGs
[2022-08-08 23:56:43,757] {logging_mixin.py:115} INFO - [2022-08-08 23:56:43,757] {dag.py:2968} INFO - Setting next_dagrun for example_task_group_decorator to 2022-08-08T02:56:43.757190+00:00, run_after=2022-08-09T02:56:43.757190+00:00
[2022-08-08 23:56:43,767] {processor.py:161} INFO - Processing /home/renan/datapipeline/.env/lib/python3.8/site-packages/airflow/example_dags/example_task_group_decorator.py took 0.048 seconds
[2022-08-08 23:59:19,913] {processor.py:153} INFO - Started process (PID=10247) to work on /home/renan/datapipeline/.env/lib/python3.8/site-packages/airflow/example_dags/example_task_group_decorator.py
[2022-08-08 23:59:19,914] {processor.py:641} INFO - Processing file /home/renan/datapipeline/.env/lib/python3.8/site-packages/airflow/example_dags/example_task_group_decorator.py for tasks to queue
[2022-08-08 23:59:19,914] {logging_mixin.py:115} INFO - [2022-08-08 23:59:19,914] {dagbag.py:508} INFO - Filling up the DagBag from /home/renan/datapipeline/.env/lib/python3.8/site-packages/airflow/example_dags/example_task_group_decorator.py
[2022-08-08 23:59:19,936] {processor.py:651} INFO - DAG(s) dict_keys(['example_task_group_decorator']) retrieved from /home/renan/datapipeline/.env/lib/python3.8/site-packages/airflow/example_dags/example_task_group_decorator.py
[2022-08-08 23:59:19,966] {logging_mixin.py:115} INFO - [2022-08-08 23:59:19,966] {dag.py:2420} INFO - Sync 1 DAGs
[2022-08-08 23:59:19,976] {logging_mixin.py:115} INFO - [2022-08-08 23:59:19,976] {dag.py:2968} INFO - Setting next_dagrun for example_task_group_decorator to 2022-08-08T02:59:19.975854+00:00, run_after=2022-08-09T02:59:19.975854+00:00
[2022-08-08 23:59:19,986] {processor.py:161} INFO - Processing /home/renan/datapipeline/.env/lib/python3.8/site-packages/airflow/example_dags/example_task_group_decorator.py took 0.075 seconds
[2022-08-08 23:59:52,694] {processor.py:153} INFO - Started process (PID=10305) to work on /home/renan/datapipeline/.env/lib/python3.8/site-packages/airflow/example_dags/example_task_group_decorator.py
[2022-08-08 23:59:52,694] {processor.py:641} INFO - Processing file /home/renan/datapipeline/.env/lib/python3.8/site-packages/airflow/example_dags/example_task_group_decorator.py for tasks to queue
[2022-08-08 23:59:52,694] {logging_mixin.py:115} INFO - [2022-08-08 23:59:52,694] {dagbag.py:508} INFO - Filling up the DagBag from /home/renan/datapipeline/.env/lib/python3.8/site-packages/airflow/example_dags/example_task_group_decorator.py
[2022-08-08 23:59:52,713] {processor.py:651} INFO - DAG(s) dict_keys(['example_task_group_decorator']) retrieved from /home/renan/datapipeline/.env/lib/python3.8/site-packages/airflow/example_dags/example_task_group_decorator.py
[2022-08-08 23:59:52,724] {logging_mixin.py:115} INFO - [2022-08-08 23:59:52,724] {dag.py:2420} INFO - Sync 1 DAGs
[2022-08-08 23:59:52,735] {logging_mixin.py:115} INFO - [2022-08-08 23:59:52,735] {dag.py:2968} INFO - Setting next_dagrun for example_task_group_decorator to 2022-08-08T02:59:52.735273+00:00, run_after=2022-08-09T02:59:52.735273+00:00
[2022-08-08 23:59:52,746] {processor.py:161} INFO - Processing /home/renan/datapipeline/.env/lib/python3.8/site-packages/airflow/example_dags/example_task_group_decorator.py took 0.054 seconds
[2022-08-09 00:00:26,651] {processor.py:153} INFO - Started process (PID=10384) to work on /home/renan/datapipeline/.env/lib/python3.8/site-packages/airflow/example_dags/example_task_group_decorator.py
[2022-08-09 00:00:26,653] {processor.py:641} INFO - Processing file /home/renan/datapipeline/.env/lib/python3.8/site-packages/airflow/example_dags/example_task_group_decorator.py for tasks to queue
[2022-08-09 00:00:26,654] {logging_mixin.py:115} INFO - [2022-08-09 00:00:26,654] {dagbag.py:508} INFO - Filling up the DagBag from /home/renan/datapipeline/.env/lib/python3.8/site-packages/airflow/example_dags/example_task_group_decorator.py
[2022-08-09 00:00:26,673] {processor.py:651} INFO - DAG(s) dict_keys(['example_task_group_decorator']) retrieved from /home/renan/datapipeline/.env/lib/python3.8/site-packages/airflow/example_dags/example_task_group_decorator.py
[2022-08-09 00:00:26,685] {logging_mixin.py:115} INFO - [2022-08-09 00:00:26,685] {dag.py:2420} INFO - Sync 1 DAGs
[2022-08-09 00:00:26,696] {logging_mixin.py:115} INFO - [2022-08-09 00:00:26,696] {dag.py:2968} INFO - Setting next_dagrun for example_task_group_decorator to 2022-08-08T03:00:26.695821+00:00, run_after=2022-08-09T03:00:26.695821+00:00
[2022-08-09 00:00:26,713] {processor.py:161} INFO - Processing /home/renan/datapipeline/.env/lib/python3.8/site-packages/airflow/example_dags/example_task_group_decorator.py took 0.064 seconds
[2022-08-09 00:00:59,847] {processor.py:153} INFO - Started process (PID=10431) to work on /home/renan/datapipeline/.env/lib/python3.8/site-packages/airflow/example_dags/example_task_group_decorator.py
[2022-08-09 00:00:59,848] {processor.py:641} INFO - Processing file /home/renan/datapipeline/.env/lib/python3.8/site-packages/airflow/example_dags/example_task_group_decorator.py for tasks to queue
[2022-08-09 00:00:59,848] {logging_mixin.py:115} INFO - [2022-08-09 00:00:59,848] {dagbag.py:508} INFO - Filling up the DagBag from /home/renan/datapipeline/.env/lib/python3.8/site-packages/airflow/example_dags/example_task_group_decorator.py
[2022-08-09 00:00:59,867] {processor.py:651} INFO - DAG(s) dict_keys(['example_task_group_decorator']) retrieved from /home/renan/datapipeline/.env/lib/python3.8/site-packages/airflow/example_dags/example_task_group_decorator.py
[2022-08-09 00:00:59,878] {logging_mixin.py:115} INFO - [2022-08-09 00:00:59,878] {dag.py:2420} INFO - Sync 1 DAGs
[2022-08-09 00:00:59,888] {logging_mixin.py:115} INFO - [2022-08-09 00:00:59,888] {dag.py:2968} INFO - Setting next_dagrun for example_task_group_decorator to 2022-08-08T03:00:59.888540+00:00, run_after=2022-08-09T03:00:59.888540+00:00
[2022-08-09 00:00:59,904] {processor.py:161} INFO - Processing /home/renan/datapipeline/.env/lib/python3.8/site-packages/airflow/example_dags/example_task_group_decorator.py took 0.058 seconds
[2022-08-09 00:01:33,352] {processor.py:153} INFO - Started process (PID=10469) to work on /home/renan/datapipeline/.env/lib/python3.8/site-packages/airflow/example_dags/example_task_group_decorator.py
[2022-08-09 00:01:33,353] {processor.py:641} INFO - Processing file /home/renan/datapipeline/.env/lib/python3.8/site-packages/airflow/example_dags/example_task_group_decorator.py for tasks to queue
[2022-08-09 00:01:33,353] {logging_mixin.py:115} INFO - [2022-08-09 00:01:33,353] {dagbag.py:508} INFO - Filling up the DagBag from /home/renan/datapipeline/.env/lib/python3.8/site-packages/airflow/example_dags/example_task_group_decorator.py
[2022-08-09 00:01:33,371] {processor.py:651} INFO - DAG(s) dict_keys(['example_task_group_decorator']) retrieved from /home/renan/datapipeline/.env/lib/python3.8/site-packages/airflow/example_dags/example_task_group_decorator.py
[2022-08-09 00:01:33,383] {logging_mixin.py:115} INFO - [2022-08-09 00:01:33,382] {dag.py:2420} INFO - Sync 1 DAGs
[2022-08-09 00:01:33,392] {logging_mixin.py:115} INFO - [2022-08-09 00:01:33,392] {dag.py:2968} INFO - Setting next_dagrun for example_task_group_decorator to 2022-08-08T03:01:33.392585+00:00, run_after=2022-08-09T03:01:33.392585+00:00
[2022-08-09 00:01:33,402] {processor.py:161} INFO - Processing /home/renan/datapipeline/.env/lib/python3.8/site-packages/airflow/example_dags/example_task_group_decorator.py took 0.052 seconds
[2022-08-09 00:02:07,028] {processor.py:153} INFO - Started process (PID=10505) to work on /home/renan/datapipeline/.env/lib/python3.8/site-packages/airflow/example_dags/example_task_group_decorator.py
[2022-08-09 00:02:07,029] {processor.py:641} INFO - Processing file /home/renan/datapipeline/.env/lib/python3.8/site-packages/airflow/example_dags/example_task_group_decorator.py for tasks to queue
[2022-08-09 00:02:07,029] {logging_mixin.py:115} INFO - [2022-08-09 00:02:07,029] {dagbag.py:508} INFO - Filling up the DagBag from /home/renan/datapipeline/.env/lib/python3.8/site-packages/airflow/example_dags/example_task_group_decorator.py
[2022-08-09 00:02:07,047] {processor.py:651} INFO - DAG(s) dict_keys(['example_task_group_decorator']) retrieved from /home/renan/datapipeline/.env/lib/python3.8/site-packages/airflow/example_dags/example_task_group_decorator.py
[2022-08-09 00:02:07,061] {logging_mixin.py:115} INFO - [2022-08-09 00:02:07,061] {dag.py:2420} INFO - Sync 1 DAGs
[2022-08-09 00:02:07,072] {logging_mixin.py:115} INFO - [2022-08-09 00:02:07,072] {dag.py:2968} INFO - Setting next_dagrun for example_task_group_decorator to 2022-08-08T03:02:07.072654+00:00, run_after=2022-08-09T03:02:07.072654+00:00
[2022-08-09 00:02:07,085] {processor.py:161} INFO - Processing /home/renan/datapipeline/.env/lib/python3.8/site-packages/airflow/example_dags/example_task_group_decorator.py took 0.058 seconds
[2022-08-09 00:02:39,153] {processor.py:153} INFO - Started process (PID=10548) to work on /home/renan/datapipeline/.env/lib/python3.8/site-packages/airflow/example_dags/example_task_group_decorator.py
[2022-08-09 00:02:39,153] {processor.py:641} INFO - Processing file /home/renan/datapipeline/.env/lib/python3.8/site-packages/airflow/example_dags/example_task_group_decorator.py for tasks to queue
[2022-08-09 00:02:39,154] {logging_mixin.py:115} INFO - [2022-08-09 00:02:39,153] {dagbag.py:508} INFO - Filling up the DagBag from /home/renan/datapipeline/.env/lib/python3.8/site-packages/airflow/example_dags/example_task_group_decorator.py
[2022-08-09 00:02:39,170] {processor.py:651} INFO - DAG(s) dict_keys(['example_task_group_decorator']) retrieved from /home/renan/datapipeline/.env/lib/python3.8/site-packages/airflow/example_dags/example_task_group_decorator.py
[2022-08-09 00:02:39,179] {logging_mixin.py:115} INFO - [2022-08-09 00:02:39,179] {dag.py:2420} INFO - Sync 1 DAGs
[2022-08-09 00:02:39,188] {logging_mixin.py:115} INFO - [2022-08-09 00:02:39,188] {dag.py:2968} INFO - Setting next_dagrun for example_task_group_decorator to 2022-08-08T03:02:39.188577+00:00, run_after=2022-08-09T03:02:39.188577+00:00
[2022-08-09 00:02:39,197] {processor.py:161} INFO - Processing /home/renan/datapipeline/.env/lib/python3.8/site-packages/airflow/example_dags/example_task_group_decorator.py took 0.046 seconds
[2022-08-09 00:03:13,738] {processor.py:153} INFO - Started process (PID=10594) to work on /home/renan/datapipeline/.env/lib/python3.8/site-packages/airflow/example_dags/example_task_group_decorator.py
[2022-08-09 00:03:13,738] {processor.py:641} INFO - Processing file /home/renan/datapipeline/.env/lib/python3.8/site-packages/airflow/example_dags/example_task_group_decorator.py for tasks to queue
[2022-08-09 00:03:13,739] {logging_mixin.py:115} INFO - [2022-08-09 00:03:13,739] {dagbag.py:508} INFO - Filling up the DagBag from /home/renan/datapipeline/.env/lib/python3.8/site-packages/airflow/example_dags/example_task_group_decorator.py
[2022-08-09 00:03:13,757] {processor.py:651} INFO - DAG(s) dict_keys(['example_task_group_decorator']) retrieved from /home/renan/datapipeline/.env/lib/python3.8/site-packages/airflow/example_dags/example_task_group_decorator.py
[2022-08-09 00:03:13,767] {logging_mixin.py:115} INFO - [2022-08-09 00:03:13,767] {dag.py:2420} INFO - Sync 1 DAGs
[2022-08-09 00:03:13,777] {logging_mixin.py:115} INFO - [2022-08-09 00:03:13,777] {dag.py:2968} INFO - Setting next_dagrun for example_task_group_decorator to 2022-08-08T03:03:13.777185+00:00, run_after=2022-08-09T03:03:13.777185+00:00
[2022-08-09 00:03:13,786] {processor.py:161} INFO - Processing /home/renan/datapipeline/.env/lib/python3.8/site-packages/airflow/example_dags/example_task_group_decorator.py took 0.050 seconds
[2022-08-09 00:03:46,718] {processor.py:153} INFO - Started process (PID=10640) to work on /home/renan/datapipeline/.env/lib/python3.8/site-packages/airflow/example_dags/example_task_group_decorator.py
[2022-08-09 00:03:46,718] {processor.py:641} INFO - Processing file /home/renan/datapipeline/.env/lib/python3.8/site-packages/airflow/example_dags/example_task_group_decorator.py for tasks to queue
[2022-08-09 00:03:46,719] {logging_mixin.py:115} INFO - [2022-08-09 00:03:46,719] {dagbag.py:508} INFO - Filling up the DagBag from /home/renan/datapipeline/.env/lib/python3.8/site-packages/airflow/example_dags/example_task_group_decorator.py
[2022-08-09 00:03:46,738] {processor.py:651} INFO - DAG(s) dict_keys(['example_task_group_decorator']) retrieved from /home/renan/datapipeline/.env/lib/python3.8/site-packages/airflow/example_dags/example_task_group_decorator.py
[2022-08-09 00:03:46,750] {logging_mixin.py:115} INFO - [2022-08-09 00:03:46,750] {dag.py:2420} INFO - Sync 1 DAGs
[2022-08-09 00:03:46,762] {logging_mixin.py:115} INFO - [2022-08-09 00:03:46,762] {dag.py:2968} INFO - Setting next_dagrun for example_task_group_decorator to 2022-08-08T03:03:46.762060+00:00, run_after=2022-08-09T03:03:46.762060+00:00
[2022-08-09 00:03:46,774] {processor.py:161} INFO - Processing /home/renan/datapipeline/.env/lib/python3.8/site-packages/airflow/example_dags/example_task_group_decorator.py took 0.058 seconds
[2022-08-09 00:04:19,755] {processor.py:153} INFO - Started process (PID=10674) to work on /home/renan/datapipeline/.env/lib/python3.8/site-packages/airflow/example_dags/example_task_group_decorator.py
[2022-08-09 00:04:19,756] {processor.py:641} INFO - Processing file /home/renan/datapipeline/.env/lib/python3.8/site-packages/airflow/example_dags/example_task_group_decorator.py for tasks to queue
[2022-08-09 00:04:19,756] {logging_mixin.py:115} INFO - [2022-08-09 00:04:19,756] {dagbag.py:508} INFO - Filling up the DagBag from /home/renan/datapipeline/.env/lib/python3.8/site-packages/airflow/example_dags/example_task_group_decorator.py
[2022-08-09 00:04:19,772] {processor.py:651} INFO - DAG(s) dict_keys(['example_task_group_decorator']) retrieved from /home/renan/datapipeline/.env/lib/python3.8/site-packages/airflow/example_dags/example_task_group_decorator.py
[2022-08-09 00:04:19,796] {logging_mixin.py:115} INFO - [2022-08-09 00:04:19,796] {dag.py:2420} INFO - Sync 1 DAGs
[2022-08-09 00:04:19,804] {logging_mixin.py:115} INFO - [2022-08-09 00:04:19,804] {dag.py:2968} INFO - Setting next_dagrun for example_task_group_decorator to 2022-08-08T03:04:19.804717+00:00, run_after=2022-08-09T03:04:19.804717+00:00
[2022-08-09 00:04:19,815] {processor.py:161} INFO - Processing /home/renan/datapipeline/.env/lib/python3.8/site-packages/airflow/example_dags/example_task_group_decorator.py took 0.061 seconds
[2022-08-09 00:04:53,880] {processor.py:153} INFO - Started process (PID=10729) to work on /home/renan/datapipeline/.env/lib/python3.8/site-packages/airflow/example_dags/example_task_group_decorator.py
[2022-08-09 00:04:53,880] {processor.py:641} INFO - Processing file /home/renan/datapipeline/.env/lib/python3.8/site-packages/airflow/example_dags/example_task_group_decorator.py for tasks to queue
[2022-08-09 00:04:53,881] {logging_mixin.py:115} INFO - [2022-08-09 00:04:53,880] {dagbag.py:508} INFO - Filling up the DagBag from /home/renan/datapipeline/.env/lib/python3.8/site-packages/airflow/example_dags/example_task_group_decorator.py
[2022-08-09 00:04:53,902] {processor.py:651} INFO - DAG(s) dict_keys(['example_task_group_decorator']) retrieved from /home/renan/datapipeline/.env/lib/python3.8/site-packages/airflow/example_dags/example_task_group_decorator.py
[2022-08-09 00:04:53,917] {logging_mixin.py:115} INFO - [2022-08-09 00:04:53,917] {dag.py:2420} INFO - Sync 1 DAGs
[2022-08-09 00:04:53,933] {logging_mixin.py:115} INFO - [2022-08-09 00:04:53,933] {dag.py:2968} INFO - Setting next_dagrun for example_task_group_decorator to 2022-08-08T03:04:53.933433+00:00, run_after=2022-08-09T03:04:53.933433+00:00
[2022-08-09 00:04:53,945] {processor.py:161} INFO - Processing /home/renan/datapipeline/.env/lib/python3.8/site-packages/airflow/example_dags/example_task_group_decorator.py took 0.067 seconds
[2022-08-09 00:05:24,204] {processor.py:153} INFO - Started process (PID=10772) to work on /home/renan/datapipeline/.env/lib/python3.8/site-packages/airflow/example_dags/example_task_group_decorator.py
[2022-08-09 00:05:24,204] {processor.py:641} INFO - Processing file /home/renan/datapipeline/.env/lib/python3.8/site-packages/airflow/example_dags/example_task_group_decorator.py for tasks to queue
[2022-08-09 00:05:24,205] {logging_mixin.py:115} INFO - [2022-08-09 00:05:24,205] {dagbag.py:508} INFO - Filling up the DagBag from /home/renan/datapipeline/.env/lib/python3.8/site-packages/airflow/example_dags/example_task_group_decorator.py
[2022-08-09 00:05:24,221] {processor.py:651} INFO - DAG(s) dict_keys(['example_task_group_decorator']) retrieved from /home/renan/datapipeline/.env/lib/python3.8/site-packages/airflow/example_dags/example_task_group_decorator.py
[2022-08-09 00:05:24,231] {logging_mixin.py:115} INFO - [2022-08-09 00:05:24,231] {dag.py:2420} INFO - Sync 1 DAGs
[2022-08-09 00:05:24,240] {logging_mixin.py:115} INFO - [2022-08-09 00:05:24,240] {dag.py:2968} INFO - Setting next_dagrun for example_task_group_decorator to 2022-08-08T03:05:24.240152+00:00, run_after=2022-08-09T03:05:24.240152+00:00
[2022-08-09 00:05:24,249] {processor.py:161} INFO - Processing /home/renan/datapipeline/.env/lib/python3.8/site-packages/airflow/example_dags/example_task_group_decorator.py took 0.046 seconds
[2022-08-09 00:05:56,717] {processor.py:153} INFO - Started process (PID=10808) to work on /home/renan/datapipeline/.env/lib/python3.8/site-packages/airflow/example_dags/example_task_group_decorator.py
[2022-08-09 00:05:56,718] {processor.py:641} INFO - Processing file /home/renan/datapipeline/.env/lib/python3.8/site-packages/airflow/example_dags/example_task_group_decorator.py for tasks to queue
[2022-08-09 00:05:56,718] {logging_mixin.py:115} INFO - [2022-08-09 00:05:56,718] {dagbag.py:508} INFO - Filling up the DagBag from /home/renan/datapipeline/.env/lib/python3.8/site-packages/airflow/example_dags/example_task_group_decorator.py
[2022-08-09 00:05:56,735] {processor.py:651} INFO - DAG(s) dict_keys(['example_task_group_decorator']) retrieved from /home/renan/datapipeline/.env/lib/python3.8/site-packages/airflow/example_dags/example_task_group_decorator.py
[2022-08-09 00:05:56,744] {logging_mixin.py:115} INFO - [2022-08-09 00:05:56,744] {dag.py:2420} INFO - Sync 1 DAGs
[2022-08-09 00:05:56,754] {logging_mixin.py:115} INFO - [2022-08-09 00:05:56,754] {dag.py:2968} INFO - Setting next_dagrun for example_task_group_decorator to 2022-08-08T03:05:56.754032+00:00, run_after=2022-08-09T03:05:56.754032+00:00
[2022-08-09 00:05:56,762] {processor.py:161} INFO - Processing /home/renan/datapipeline/.env/lib/python3.8/site-packages/airflow/example_dags/example_task_group_decorator.py took 0.047 seconds
[2022-08-09 00:06:30,899] {processor.py:153} INFO - Started process (PID=10857) to work on /home/renan/datapipeline/.env/lib/python3.8/site-packages/airflow/example_dags/example_task_group_decorator.py
[2022-08-09 00:06:30,899] {processor.py:641} INFO - Processing file /home/renan/datapipeline/.env/lib/python3.8/site-packages/airflow/example_dags/example_task_group_decorator.py for tasks to queue
[2022-08-09 00:06:30,900] {logging_mixin.py:115} INFO - [2022-08-09 00:06:30,900] {dagbag.py:508} INFO - Filling up the DagBag from /home/renan/datapipeline/.env/lib/python3.8/site-packages/airflow/example_dags/example_task_group_decorator.py
[2022-08-09 00:06:30,919] {processor.py:651} INFO - DAG(s) dict_keys(['example_task_group_decorator']) retrieved from /home/renan/datapipeline/.env/lib/python3.8/site-packages/airflow/example_dags/example_task_group_decorator.py
[2022-08-09 00:06:30,931] {logging_mixin.py:115} INFO - [2022-08-09 00:06:30,931] {dag.py:2420} INFO - Sync 1 DAGs
[2022-08-09 00:06:30,942] {logging_mixin.py:115} INFO - [2022-08-09 00:06:30,942] {dag.py:2968} INFO - Setting next_dagrun for example_task_group_decorator to 2022-08-08T03:06:30.942207+00:00, run_after=2022-08-09T03:06:30.942207+00:00
[2022-08-09 00:06:30,953] {processor.py:161} INFO - Processing /home/renan/datapipeline/.env/lib/python3.8/site-packages/airflow/example_dags/example_task_group_decorator.py took 0.057 seconds
[2022-08-09 00:07:05,666] {processor.py:153} INFO - Started process (PID=10909) to work on /home/renan/datapipeline/.env/lib/python3.8/site-packages/airflow/example_dags/example_task_group_decorator.py
[2022-08-09 00:07:05,666] {processor.py:641} INFO - Processing file /home/renan/datapipeline/.env/lib/python3.8/site-packages/airflow/example_dags/example_task_group_decorator.py for tasks to queue
[2022-08-09 00:07:05,667] {logging_mixin.py:115} INFO - [2022-08-09 00:07:05,667] {dagbag.py:508} INFO - Filling up the DagBag from /home/renan/datapipeline/.env/lib/python3.8/site-packages/airflow/example_dags/example_task_group_decorator.py
[2022-08-09 00:07:05,686] {processor.py:651} INFO - DAG(s) dict_keys(['example_task_group_decorator']) retrieved from /home/renan/datapipeline/.env/lib/python3.8/site-packages/airflow/example_dags/example_task_group_decorator.py
[2022-08-09 00:07:05,698] {logging_mixin.py:115} INFO - [2022-08-09 00:07:05,698] {dag.py:2420} INFO - Sync 1 DAGs
[2022-08-09 00:07:05,708] {logging_mixin.py:115} INFO - [2022-08-09 00:07:05,708] {dag.py:2968} INFO - Setting next_dagrun for example_task_group_decorator to 2022-08-08T03:07:05.708639+00:00, run_after=2022-08-09T03:07:05.708639+00:00
[2022-08-09 00:07:05,725] {processor.py:161} INFO - Processing /home/renan/datapipeline/.env/lib/python3.8/site-packages/airflow/example_dags/example_task_group_decorator.py took 0.061 seconds
[2022-08-09 00:07:38,736] {processor.py:153} INFO - Started process (PID=10947) to work on /home/renan/datapipeline/.env/lib/python3.8/site-packages/airflow/example_dags/example_task_group_decorator.py
[2022-08-09 00:07:38,736] {processor.py:641} INFO - Processing file /home/renan/datapipeline/.env/lib/python3.8/site-packages/airflow/example_dags/example_task_group_decorator.py for tasks to queue
[2022-08-09 00:07:38,736] {logging_mixin.py:115} INFO - [2022-08-09 00:07:38,736] {dagbag.py:508} INFO - Filling up the DagBag from /home/renan/datapipeline/.env/lib/python3.8/site-packages/airflow/example_dags/example_task_group_decorator.py
[2022-08-09 00:07:38,755] {processor.py:651} INFO - DAG(s) dict_keys(['example_task_group_decorator']) retrieved from /home/renan/datapipeline/.env/lib/python3.8/site-packages/airflow/example_dags/example_task_group_decorator.py
[2022-08-09 00:07:38,766] {logging_mixin.py:115} INFO - [2022-08-09 00:07:38,766] {dag.py:2420} INFO - Sync 1 DAGs
[2022-08-09 00:07:38,776] {logging_mixin.py:115} INFO - [2022-08-09 00:07:38,776] {dag.py:2968} INFO - Setting next_dagrun for example_task_group_decorator to 2022-08-08T03:07:38.776666+00:00, run_after=2022-08-09T03:07:38.776666+00:00
[2022-08-09 00:07:38,787] {processor.py:161} INFO - Processing /home/renan/datapipeline/.env/lib/python3.8/site-packages/airflow/example_dags/example_task_group_decorator.py took 0.054 seconds
[2022-08-09 00:08:15,052] {processor.py:153} INFO - Started process (PID=10986) to work on /home/renan/datapipeline/.env/lib/python3.8/site-packages/airflow/example_dags/example_task_group_decorator.py
[2022-08-09 00:08:15,053] {processor.py:641} INFO - Processing file /home/renan/datapipeline/.env/lib/python3.8/site-packages/airflow/example_dags/example_task_group_decorator.py for tasks to queue
[2022-08-09 00:08:15,053] {logging_mixin.py:115} INFO - [2022-08-09 00:08:15,053] {dagbag.py:508} INFO - Filling up the DagBag from /home/renan/datapipeline/.env/lib/python3.8/site-packages/airflow/example_dags/example_task_group_decorator.py
[2022-08-09 00:08:15,069] {processor.py:651} INFO - DAG(s) dict_keys(['example_task_group_decorator']) retrieved from /home/renan/datapipeline/.env/lib/python3.8/site-packages/airflow/example_dags/example_task_group_decorator.py
[2022-08-09 00:08:15,079] {logging_mixin.py:115} INFO - [2022-08-09 00:08:15,079] {dag.py:2420} INFO - Sync 1 DAGs
[2022-08-09 00:08:15,088] {logging_mixin.py:115} INFO - [2022-08-09 00:08:15,088] {dag.py:2968} INFO - Setting next_dagrun for example_task_group_decorator to 2022-08-08T03:08:15.088268+00:00, run_after=2022-08-09T03:08:15.088268+00:00
[2022-08-09 00:08:15,097] {processor.py:161} INFO - Processing /home/renan/datapipeline/.env/lib/python3.8/site-packages/airflow/example_dags/example_task_group_decorator.py took 0.047 seconds
[2022-08-09 00:08:47,060] {processor.py:153} INFO - Started process (PID=11023) to work on /home/renan/datapipeline/.env/lib/python3.8/site-packages/airflow/example_dags/example_task_group_decorator.py
[2022-08-09 00:08:47,061] {processor.py:641} INFO - Processing file /home/renan/datapipeline/.env/lib/python3.8/site-packages/airflow/example_dags/example_task_group_decorator.py for tasks to queue
[2022-08-09 00:08:47,061] {logging_mixin.py:115} INFO - [2022-08-09 00:08:47,061] {dagbag.py:508} INFO - Filling up the DagBag from /home/renan/datapipeline/.env/lib/python3.8/site-packages/airflow/example_dags/example_task_group_decorator.py
[2022-08-09 00:08:47,077] {processor.py:651} INFO - DAG(s) dict_keys(['example_task_group_decorator']) retrieved from /home/renan/datapipeline/.env/lib/python3.8/site-packages/airflow/example_dags/example_task_group_decorator.py
[2022-08-09 00:08:47,087] {logging_mixin.py:115} INFO - [2022-08-09 00:08:47,087] {dag.py:2420} INFO - Sync 1 DAGs
[2022-08-09 00:08:47,096] {logging_mixin.py:115} INFO - [2022-08-09 00:08:47,096] {dag.py:2968} INFO - Setting next_dagrun for example_task_group_decorator to 2022-08-08T03:08:47.096296+00:00, run_after=2022-08-09T03:08:47.096296+00:00
[2022-08-09 00:08:47,105] {processor.py:161} INFO - Processing /home/renan/datapipeline/.env/lib/python3.8/site-packages/airflow/example_dags/example_task_group_decorator.py took 0.046 seconds
[2022-08-09 00:09:21,252] {processor.py:153} INFO - Started process (PID=11057) to work on /home/renan/datapipeline/.env/lib/python3.8/site-packages/airflow/example_dags/example_task_group_decorator.py
[2022-08-09 00:09:21,252] {processor.py:641} INFO - Processing file /home/renan/datapipeline/.env/lib/python3.8/site-packages/airflow/example_dags/example_task_group_decorator.py for tasks to queue
[2022-08-09 00:09:21,253] {logging_mixin.py:115} INFO - [2022-08-09 00:09:21,253] {dagbag.py:508} INFO - Filling up the DagBag from /home/renan/datapipeline/.env/lib/python3.8/site-packages/airflow/example_dags/example_task_group_decorator.py
[2022-08-09 00:09:21,269] {processor.py:651} INFO - DAG(s) dict_keys(['example_task_group_decorator']) retrieved from /home/renan/datapipeline/.env/lib/python3.8/site-packages/airflow/example_dags/example_task_group_decorator.py
[2022-08-09 00:09:21,294] {logging_mixin.py:115} INFO - [2022-08-09 00:09:21,294] {dag.py:2420} INFO - Sync 1 DAGs
[2022-08-09 00:09:21,302] {logging_mixin.py:115} INFO - [2022-08-09 00:09:21,302] {dag.py:2968} INFO - Setting next_dagrun for example_task_group_decorator to 2022-08-08T03:09:21.302003+00:00, run_after=2022-08-09T03:09:21.302003+00:00
[2022-08-09 00:09:21,312] {processor.py:161} INFO - Processing /home/renan/datapipeline/.env/lib/python3.8/site-packages/airflow/example_dags/example_task_group_decorator.py took 0.062 seconds
[2022-08-09 00:09:53,771] {processor.py:153} INFO - Started process (PID=11093) to work on /home/renan/datapipeline/.env/lib/python3.8/site-packages/airflow/example_dags/example_task_group_decorator.py
[2022-08-09 00:09:53,772] {processor.py:641} INFO - Processing file /home/renan/datapipeline/.env/lib/python3.8/site-packages/airflow/example_dags/example_task_group_decorator.py for tasks to queue
[2022-08-09 00:09:53,772] {logging_mixin.py:115} INFO - [2022-08-09 00:09:53,772] {dagbag.py:508} INFO - Filling up the DagBag from /home/renan/datapipeline/.env/lib/python3.8/site-packages/airflow/example_dags/example_task_group_decorator.py
[2022-08-09 00:09:53,788] {processor.py:651} INFO - DAG(s) dict_keys(['example_task_group_decorator']) retrieved from /home/renan/datapipeline/.env/lib/python3.8/site-packages/airflow/example_dags/example_task_group_decorator.py
[2022-08-09 00:09:53,798] {logging_mixin.py:115} INFO - [2022-08-09 00:09:53,798] {dag.py:2420} INFO - Sync 1 DAGs
[2022-08-09 00:09:53,807] {logging_mixin.py:115} INFO - [2022-08-09 00:09:53,807] {dag.py:2968} INFO - Setting next_dagrun for example_task_group_decorator to 2022-08-08T03:09:53.807671+00:00, run_after=2022-08-09T03:09:53.807671+00:00
[2022-08-09 00:09:53,817] {processor.py:161} INFO - Processing /home/renan/datapipeline/.env/lib/python3.8/site-packages/airflow/example_dags/example_task_group_decorator.py took 0.047 seconds
[2022-08-09 00:10:26,553] {processor.py:153} INFO - Started process (PID=11132) to work on /home/renan/datapipeline/.env/lib/python3.8/site-packages/airflow/example_dags/example_task_group_decorator.py
[2022-08-09 00:10:26,553] {processor.py:641} INFO - Processing file /home/renan/datapipeline/.env/lib/python3.8/site-packages/airflow/example_dags/example_task_group_decorator.py for tasks to queue
[2022-08-09 00:10:26,553] {logging_mixin.py:115} INFO - [2022-08-09 00:10:26,553] {dagbag.py:508} INFO - Filling up the DagBag from /home/renan/datapipeline/.env/lib/python3.8/site-packages/airflow/example_dags/example_task_group_decorator.py
[2022-08-09 00:10:26,569] {processor.py:651} INFO - DAG(s) dict_keys(['example_task_group_decorator']) retrieved from /home/renan/datapipeline/.env/lib/python3.8/site-packages/airflow/example_dags/example_task_group_decorator.py
[2022-08-09 00:10:26,578] {logging_mixin.py:115} INFO - [2022-08-09 00:10:26,578] {dag.py:2420} INFO - Sync 1 DAGs
[2022-08-09 00:10:26,588] {logging_mixin.py:115} INFO - [2022-08-09 00:10:26,588] {dag.py:2968} INFO - Setting next_dagrun for example_task_group_decorator to 2022-08-08T03:10:26.588011+00:00, run_after=2022-08-09T03:10:26.588011+00:00
[2022-08-09 00:10:26,597] {processor.py:161} INFO - Processing /home/renan/datapipeline/.env/lib/python3.8/site-packages/airflow/example_dags/example_task_group_decorator.py took 0.045 seconds
[2022-08-09 00:11:01,588] {processor.py:153} INFO - Started process (PID=11186) to work on /home/renan/datapipeline/.env/lib/python3.8/site-packages/airflow/example_dags/example_task_group_decorator.py
[2022-08-09 00:11:01,588] {processor.py:641} INFO - Processing file /home/renan/datapipeline/.env/lib/python3.8/site-packages/airflow/example_dags/example_task_group_decorator.py for tasks to queue
[2022-08-09 00:11:01,589] {logging_mixin.py:115} INFO - [2022-08-09 00:11:01,589] {dagbag.py:508} INFO - Filling up the DagBag from /home/renan/datapipeline/.env/lib/python3.8/site-packages/airflow/example_dags/example_task_group_decorator.py
[2022-08-09 00:11:01,605] {processor.py:651} INFO - DAG(s) dict_keys(['example_task_group_decorator']) retrieved from /home/renan/datapipeline/.env/lib/python3.8/site-packages/airflow/example_dags/example_task_group_decorator.py
[2022-08-09 00:11:01,614] {logging_mixin.py:115} INFO - [2022-08-09 00:11:01,614] {dag.py:2420} INFO - Sync 1 DAGs
[2022-08-09 00:11:01,624] {logging_mixin.py:115} INFO - [2022-08-09 00:11:01,624] {dag.py:2968} INFO - Setting next_dagrun for example_task_group_decorator to 2022-08-08T03:11:01.623867+00:00, run_after=2022-08-09T03:11:01.623867+00:00
[2022-08-09 00:11:01,632] {processor.py:161} INFO - Processing /home/renan/datapipeline/.env/lib/python3.8/site-packages/airflow/example_dags/example_task_group_decorator.py took 0.046 seconds
[2022-08-09 00:11:35,766] {processor.py:153} INFO - Started process (PID=11222) to work on /home/renan/datapipeline/.env/lib/python3.8/site-packages/airflow/example_dags/example_task_group_decorator.py
[2022-08-09 00:11:35,767] {processor.py:641} INFO - Processing file /home/renan/datapipeline/.env/lib/python3.8/site-packages/airflow/example_dags/example_task_group_decorator.py for tasks to queue
[2022-08-09 00:11:35,767] {logging_mixin.py:115} INFO - [2022-08-09 00:11:35,767] {dagbag.py:508} INFO - Filling up the DagBag from /home/renan/datapipeline/.env/lib/python3.8/site-packages/airflow/example_dags/example_task_group_decorator.py
[2022-08-09 00:11:35,783] {processor.py:651} INFO - DAG(s) dict_keys(['example_task_group_decorator']) retrieved from /home/renan/datapipeline/.env/lib/python3.8/site-packages/airflow/example_dags/example_task_group_decorator.py
[2022-08-09 00:11:35,793] {logging_mixin.py:115} INFO - [2022-08-09 00:11:35,793] {dag.py:2420} INFO - Sync 1 DAGs
[2022-08-09 00:11:35,803] {logging_mixin.py:115} INFO - [2022-08-09 00:11:35,802] {dag.py:2968} INFO - Setting next_dagrun for example_task_group_decorator to 2022-08-08T03:11:35.802815+00:00, run_after=2022-08-09T03:11:35.802815+00:00
[2022-08-09 00:11:35,811] {processor.py:161} INFO - Processing /home/renan/datapipeline/.env/lib/python3.8/site-packages/airflow/example_dags/example_task_group_decorator.py took 0.046 seconds
[2022-08-09 00:12:07,192] {processor.py:153} INFO - Started process (PID=11270) to work on /home/renan/datapipeline/.env/lib/python3.8/site-packages/airflow/example_dags/example_task_group_decorator.py
[2022-08-09 00:12:07,193] {processor.py:641} INFO - Processing file /home/renan/datapipeline/.env/lib/python3.8/site-packages/airflow/example_dags/example_task_group_decorator.py for tasks to queue
[2022-08-09 00:12:07,193] {logging_mixin.py:115} INFO - [2022-08-09 00:12:07,193] {dagbag.py:508} INFO - Filling up the DagBag from /home/renan/datapipeline/.env/lib/python3.8/site-packages/airflow/example_dags/example_task_group_decorator.py
[2022-08-09 00:12:07,209] {processor.py:651} INFO - DAG(s) dict_keys(['example_task_group_decorator']) retrieved from /home/renan/datapipeline/.env/lib/python3.8/site-packages/airflow/example_dags/example_task_group_decorator.py
[2022-08-09 00:12:07,219] {logging_mixin.py:115} INFO - [2022-08-09 00:12:07,219] {dag.py:2420} INFO - Sync 1 DAGs
[2022-08-09 00:12:07,229] {logging_mixin.py:115} INFO - [2022-08-09 00:12:07,229] {dag.py:2968} INFO - Setting next_dagrun for example_task_group_decorator to 2022-08-08T03:12:07.229008+00:00, run_after=2022-08-09T03:12:07.229008+00:00
[2022-08-09 00:12:07,238] {processor.py:161} INFO - Processing /home/renan/datapipeline/.env/lib/python3.8/site-packages/airflow/example_dags/example_task_group_decorator.py took 0.047 seconds
[2022-08-09 00:12:41,382] {processor.py:153} INFO - Started process (PID=11324) to work on /home/renan/datapipeline/.env/lib/python3.8/site-packages/airflow/example_dags/example_task_group_decorator.py
[2022-08-09 00:12:41,383] {processor.py:641} INFO - Processing file /home/renan/datapipeline/.env/lib/python3.8/site-packages/airflow/example_dags/example_task_group_decorator.py for tasks to queue
[2022-08-09 00:12:41,383] {logging_mixin.py:115} INFO - [2022-08-09 00:12:41,383] {dagbag.py:508} INFO - Filling up the DagBag from /home/renan/datapipeline/.env/lib/python3.8/site-packages/airflow/example_dags/example_task_group_decorator.py
[2022-08-09 00:12:41,400] {processor.py:651} INFO - DAG(s) dict_keys(['example_task_group_decorator']) retrieved from /home/renan/datapipeline/.env/lib/python3.8/site-packages/airflow/example_dags/example_task_group_decorator.py
[2022-08-09 00:12:41,410] {logging_mixin.py:115} INFO - [2022-08-09 00:12:41,410] {dag.py:2420} INFO - Sync 1 DAGs
[2022-08-09 00:12:41,419] {logging_mixin.py:115} INFO - [2022-08-09 00:12:41,419] {dag.py:2968} INFO - Setting next_dagrun for example_task_group_decorator to 2022-08-08T03:12:41.419316+00:00, run_after=2022-08-09T03:12:41.419316+00:00
[2022-08-09 00:12:41,428] {processor.py:161} INFO - Processing /home/renan/datapipeline/.env/lib/python3.8/site-packages/airflow/example_dags/example_task_group_decorator.py took 0.048 seconds
[2022-08-09 00:13:13,881] {processor.py:153} INFO - Started process (PID=11372) to work on /home/renan/datapipeline/.env/lib/python3.8/site-packages/airflow/example_dags/example_task_group_decorator.py
[2022-08-09 00:13:13,881] {processor.py:641} INFO - Processing file /home/renan/datapipeline/.env/lib/python3.8/site-packages/airflow/example_dags/example_task_group_decorator.py for tasks to queue
[2022-08-09 00:13:13,881] {logging_mixin.py:115} INFO - [2022-08-09 00:13:13,881] {dagbag.py:508} INFO - Filling up the DagBag from /home/renan/datapipeline/.env/lib/python3.8/site-packages/airflow/example_dags/example_task_group_decorator.py
[2022-08-09 00:13:13,899] {processor.py:651} INFO - DAG(s) dict_keys(['example_task_group_decorator']) retrieved from /home/renan/datapipeline/.env/lib/python3.8/site-packages/airflow/example_dags/example_task_group_decorator.py
[2022-08-09 00:13:13,911] {logging_mixin.py:115} INFO - [2022-08-09 00:13:13,910] {dag.py:2420} INFO - Sync 1 DAGs
[2022-08-09 00:13:13,922] {logging_mixin.py:115} INFO - [2022-08-09 00:13:13,922] {dag.py:2968} INFO - Setting next_dagrun for example_task_group_decorator to 2022-08-08T03:13:13.922488+00:00, run_after=2022-08-09T03:13:13.922488+00:00
[2022-08-09 00:13:13,933] {processor.py:161} INFO - Processing /home/renan/datapipeline/.env/lib/python3.8/site-packages/airflow/example_dags/example_task_group_decorator.py took 0.054 seconds
[2022-08-09 00:13:48,929] {processor.py:153} INFO - Started process (PID=11411) to work on /home/renan/datapipeline/.env/lib/python3.8/site-packages/airflow/example_dags/example_task_group_decorator.py
[2022-08-09 00:13:48,929] {processor.py:641} INFO - Processing file /home/renan/datapipeline/.env/lib/python3.8/site-packages/airflow/example_dags/example_task_group_decorator.py for tasks to queue
[2022-08-09 00:13:48,930] {logging_mixin.py:115} INFO - [2022-08-09 00:13:48,930] {dagbag.py:508} INFO - Filling up the DagBag from /home/renan/datapipeline/.env/lib/python3.8/site-packages/airflow/example_dags/example_task_group_decorator.py
[2022-08-09 00:13:48,950] {processor.py:651} INFO - DAG(s) dict_keys(['example_task_group_decorator']) retrieved from /home/renan/datapipeline/.env/lib/python3.8/site-packages/airflow/example_dags/example_task_group_decorator.py
[2022-08-09 00:13:48,962] {logging_mixin.py:115} INFO - [2022-08-09 00:13:48,962] {dag.py:2420} INFO - Sync 1 DAGs
[2022-08-09 00:13:48,972] {logging_mixin.py:115} INFO - [2022-08-09 00:13:48,972] {dag.py:2968} INFO - Setting next_dagrun for example_task_group_decorator to 2022-08-08T03:13:48.972182+00:00, run_after=2022-08-09T03:13:48.972182+00:00
[2022-08-09 00:13:48,982] {processor.py:161} INFO - Processing /home/renan/datapipeline/.env/lib/python3.8/site-packages/airflow/example_dags/example_task_group_decorator.py took 0.055 seconds
[2022-08-09 00:14:22,836] {processor.py:153} INFO - Started process (PID=11504) to work on /home/renan/datapipeline/.env/lib/python3.8/site-packages/airflow/example_dags/example_task_group_decorator.py
[2022-08-09 00:14:22,837] {processor.py:641} INFO - Processing file /home/renan/datapipeline/.env/lib/python3.8/site-packages/airflow/example_dags/example_task_group_decorator.py for tasks to queue
[2022-08-09 00:14:22,837] {logging_mixin.py:115} INFO - [2022-08-09 00:14:22,837] {dagbag.py:508} INFO - Filling up the DagBag from /home/renan/datapipeline/.env/lib/python3.8/site-packages/airflow/example_dags/example_task_group_decorator.py
[2022-08-09 00:14:22,854] {processor.py:651} INFO - DAG(s) dict_keys(['example_task_group_decorator']) retrieved from /home/renan/datapipeline/.env/lib/python3.8/site-packages/airflow/example_dags/example_task_group_decorator.py
[2022-08-09 00:14:22,883] {logging_mixin.py:115} INFO - [2022-08-09 00:14:22,883] {dag.py:2420} INFO - Sync 1 DAGs
[2022-08-09 00:14:22,895] {logging_mixin.py:115} INFO - [2022-08-09 00:14:22,895] {dag.py:2968} INFO - Setting next_dagrun for example_task_group_decorator to 2022-08-08T03:14:22.894839+00:00, run_after=2022-08-09T03:14:22.894839+00:00
[2022-08-09 00:14:22,906] {processor.py:161} INFO - Processing /home/renan/datapipeline/.env/lib/python3.8/site-packages/airflow/example_dags/example_task_group_decorator.py took 0.071 seconds
[2022-08-09 00:14:55,917] {processor.py:153} INFO - Started process (PID=11540) to work on /home/renan/datapipeline/.env/lib/python3.8/site-packages/airflow/example_dags/example_task_group_decorator.py
[2022-08-09 00:14:55,918] {processor.py:641} INFO - Processing file /home/renan/datapipeline/.env/lib/python3.8/site-packages/airflow/example_dags/example_task_group_decorator.py for tasks to queue
[2022-08-09 00:14:55,918] {logging_mixin.py:115} INFO - [2022-08-09 00:14:55,918] {dagbag.py:508} INFO - Filling up the DagBag from /home/renan/datapipeline/.env/lib/python3.8/site-packages/airflow/example_dags/example_task_group_decorator.py
[2022-08-09 00:14:55,933] {processor.py:651} INFO - DAG(s) dict_keys(['example_task_group_decorator']) retrieved from /home/renan/datapipeline/.env/lib/python3.8/site-packages/airflow/example_dags/example_task_group_decorator.py
[2022-08-09 00:14:55,957] {logging_mixin.py:115} INFO - [2022-08-09 00:14:55,957] {dag.py:2420} INFO - Sync 1 DAGs
[2022-08-09 00:14:55,967] {logging_mixin.py:115} INFO - [2022-08-09 00:14:55,967] {dag.py:2968} INFO - Setting next_dagrun for example_task_group_decorator to 2022-08-08T03:14:55.966968+00:00, run_after=2022-08-09T03:14:55.966968+00:00
[2022-08-09 00:14:55,977] {processor.py:161} INFO - Processing /home/renan/datapipeline/.env/lib/python3.8/site-packages/airflow/example_dags/example_task_group_decorator.py took 0.061 seconds
[2022-08-09 00:15:32,148] {processor.py:153} INFO - Started process (PID=11596) to work on /home/renan/datapipeline/.env/lib/python3.8/site-packages/airflow/example_dags/example_task_group_decorator.py
[2022-08-09 00:15:32,149] {processor.py:641} INFO - Processing file /home/renan/datapipeline/.env/lib/python3.8/site-packages/airflow/example_dags/example_task_group_decorator.py for tasks to queue
[2022-08-09 00:15:32,149] {logging_mixin.py:115} INFO - [2022-08-09 00:15:32,149] {dagbag.py:508} INFO - Filling up the DagBag from /home/renan/datapipeline/.env/lib/python3.8/site-packages/airflow/example_dags/example_task_group_decorator.py
[2022-08-09 00:15:32,164] {processor.py:651} INFO - DAG(s) dict_keys(['example_task_group_decorator']) retrieved from /home/renan/datapipeline/.env/lib/python3.8/site-packages/airflow/example_dags/example_task_group_decorator.py
[2022-08-09 00:15:32,190] {logging_mixin.py:115} INFO - [2022-08-09 00:15:32,189] {dag.py:2420} INFO - Sync 1 DAGs
[2022-08-09 00:15:32,199] {logging_mixin.py:115} INFO - [2022-08-09 00:15:32,199] {dag.py:2968} INFO - Setting next_dagrun for example_task_group_decorator to 2022-08-08T03:15:32.199299+00:00, run_after=2022-08-09T03:15:32.199299+00:00
[2022-08-09 00:15:32,209] {processor.py:161} INFO - Processing /home/renan/datapipeline/.env/lib/python3.8/site-packages/airflow/example_dags/example_task_group_decorator.py took 0.062 seconds
[2022-08-09 00:16:04,361] {processor.py:153} INFO - Started process (PID=11663) to work on /home/renan/datapipeline/.env/lib/python3.8/site-packages/airflow/example_dags/example_task_group_decorator.py
[2022-08-09 00:16:04,362] {processor.py:641} INFO - Processing file /home/renan/datapipeline/.env/lib/python3.8/site-packages/airflow/example_dags/example_task_group_decorator.py for tasks to queue
[2022-08-09 00:16:04,362] {logging_mixin.py:115} INFO - [2022-08-09 00:16:04,362] {dagbag.py:508} INFO - Filling up the DagBag from /home/renan/datapipeline/.env/lib/python3.8/site-packages/airflow/example_dags/example_task_group_decorator.py
[2022-08-09 00:16:04,377] {processor.py:651} INFO - DAG(s) dict_keys(['example_task_group_decorator']) retrieved from /home/renan/datapipeline/.env/lib/python3.8/site-packages/airflow/example_dags/example_task_group_decorator.py
[2022-08-09 00:16:04,402] {logging_mixin.py:115} INFO - [2022-08-09 00:16:04,402] {dag.py:2420} INFO - Sync 1 DAGs
[2022-08-09 00:16:04,412] {logging_mixin.py:115} INFO - [2022-08-09 00:16:04,412] {dag.py:2968} INFO - Setting next_dagrun for example_task_group_decorator to 2022-08-08T03:16:04.412479+00:00, run_after=2022-08-09T03:16:04.412479+00:00
[2022-08-09 00:16:04,422] {processor.py:161} INFO - Processing /home/renan/datapipeline/.env/lib/python3.8/site-packages/airflow/example_dags/example_task_group_decorator.py took 0.063 seconds
[2022-08-09 00:16:37,385] {processor.py:153} INFO - Started process (PID=11708) to work on /home/renan/datapipeline/.env/lib/python3.8/site-packages/airflow/example_dags/example_task_group_decorator.py
[2022-08-09 00:16:37,388] {processor.py:641} INFO - Processing file /home/renan/datapipeline/.env/lib/python3.8/site-packages/airflow/example_dags/example_task_group_decorator.py for tasks to queue
[2022-08-09 00:16:37,389] {logging_mixin.py:115} INFO - [2022-08-09 00:16:37,389] {dagbag.py:508} INFO - Filling up the DagBag from /home/renan/datapipeline/.env/lib/python3.8/site-packages/airflow/example_dags/example_task_group_decorator.py
[2022-08-09 00:16:37,404] {processor.py:651} INFO - DAG(s) dict_keys(['example_task_group_decorator']) retrieved from /home/renan/datapipeline/.env/lib/python3.8/site-packages/airflow/example_dags/example_task_group_decorator.py
[2022-08-09 00:16:37,416] {logging_mixin.py:115} INFO - [2022-08-09 00:16:37,415] {dag.py:2420} INFO - Sync 1 DAGs
[2022-08-09 00:16:37,427] {logging_mixin.py:115} INFO - [2022-08-09 00:16:37,427] {dag.py:2968} INFO - Setting next_dagrun for example_task_group_decorator to 2022-08-08T03:16:37.426978+00:00, run_after=2022-08-09T03:16:37.426978+00:00
[2022-08-09 00:16:37,436] {processor.py:161} INFO - Processing /home/renan/datapipeline/.env/lib/python3.8/site-packages/airflow/example_dags/example_task_group_decorator.py took 0.053 seconds
[2022-08-09 00:17:12,515] {processor.py:153} INFO - Started process (PID=11771) to work on /home/renan/datapipeline/.env/lib/python3.8/site-packages/airflow/example_dags/example_task_group_decorator.py
[2022-08-09 00:17:12,515] {processor.py:641} INFO - Processing file /home/renan/datapipeline/.env/lib/python3.8/site-packages/airflow/example_dags/example_task_group_decorator.py for tasks to queue
[2022-08-09 00:17:12,516] {logging_mixin.py:115} INFO - [2022-08-09 00:17:12,516] {dagbag.py:508} INFO - Filling up the DagBag from /home/renan/datapipeline/.env/lib/python3.8/site-packages/airflow/example_dags/example_task_group_decorator.py
[2022-08-09 00:17:12,532] {processor.py:651} INFO - DAG(s) dict_keys(['example_task_group_decorator']) retrieved from /home/renan/datapipeline/.env/lib/python3.8/site-packages/airflow/example_dags/example_task_group_decorator.py
[2022-08-09 00:17:12,545] {logging_mixin.py:115} INFO - [2022-08-09 00:17:12,544] {dag.py:2420} INFO - Sync 1 DAGs
[2022-08-09 00:17:12,558] {logging_mixin.py:115} INFO - [2022-08-09 00:17:12,558] {dag.py:2968} INFO - Setting next_dagrun for example_task_group_decorator to 2022-08-08T03:17:12.557861+00:00, run_after=2022-08-09T03:17:12.557861+00:00
[2022-08-09 00:17:12,568] {processor.py:161} INFO - Processing /home/renan/datapipeline/.env/lib/python3.8/site-packages/airflow/example_dags/example_task_group_decorator.py took 0.055 seconds
[2022-08-09 00:17:45,226] {processor.py:153} INFO - Started process (PID=11807) to work on /home/renan/datapipeline/.env/lib/python3.8/site-packages/airflow/example_dags/example_task_group_decorator.py
[2022-08-09 00:17:45,226] {processor.py:641} INFO - Processing file /home/renan/datapipeline/.env/lib/python3.8/site-packages/airflow/example_dags/example_task_group_decorator.py for tasks to queue
[2022-08-09 00:17:45,226] {logging_mixin.py:115} INFO - [2022-08-09 00:17:45,226] {dagbag.py:508} INFO - Filling up the DagBag from /home/renan/datapipeline/.env/lib/python3.8/site-packages/airflow/example_dags/example_task_group_decorator.py
[2022-08-09 00:17:45,242] {processor.py:651} INFO - DAG(s) dict_keys(['example_task_group_decorator']) retrieved from /home/renan/datapipeline/.env/lib/python3.8/site-packages/airflow/example_dags/example_task_group_decorator.py
[2022-08-09 00:17:45,252] {logging_mixin.py:115} INFO - [2022-08-09 00:17:45,252] {dag.py:2420} INFO - Sync 1 DAGs
[2022-08-09 00:17:45,262] {logging_mixin.py:115} INFO - [2022-08-09 00:17:45,262] {dag.py:2968} INFO - Setting next_dagrun for example_task_group_decorator to 2022-08-08T03:17:45.261903+00:00, run_after=2022-08-09T03:17:45.261903+00:00
[2022-08-09 00:17:45,271] {processor.py:161} INFO - Processing /home/renan/datapipeline/.env/lib/python3.8/site-packages/airflow/example_dags/example_task_group_decorator.py took 0.047 seconds
[2022-08-09 00:18:17,779] {processor.py:153} INFO - Started process (PID=11843) to work on /home/renan/datapipeline/.env/lib/python3.8/site-packages/airflow/example_dags/example_task_group_decorator.py
[2022-08-09 00:18:17,779] {processor.py:641} INFO - Processing file /home/renan/datapipeline/.env/lib/python3.8/site-packages/airflow/example_dags/example_task_group_decorator.py for tasks to queue
[2022-08-09 00:18:17,779] {logging_mixin.py:115} INFO - [2022-08-09 00:18:17,779] {dagbag.py:508} INFO - Filling up the DagBag from /home/renan/datapipeline/.env/lib/python3.8/site-packages/airflow/example_dags/example_task_group_decorator.py
[2022-08-09 00:18:17,794] {processor.py:651} INFO - DAG(s) dict_keys(['example_task_group_decorator']) retrieved from /home/renan/datapipeline/.env/lib/python3.8/site-packages/airflow/example_dags/example_task_group_decorator.py
[2022-08-09 00:18:17,804] {logging_mixin.py:115} INFO - [2022-08-09 00:18:17,804] {dag.py:2420} INFO - Sync 1 DAGs
[2022-08-09 00:18:17,813] {logging_mixin.py:115} INFO - [2022-08-09 00:18:17,813] {dag.py:2968} INFO - Setting next_dagrun for example_task_group_decorator to 2022-08-08T03:18:17.813524+00:00, run_after=2022-08-09T03:18:17.813524+00:00
[2022-08-09 00:18:17,822] {processor.py:161} INFO - Processing /home/renan/datapipeline/.env/lib/python3.8/site-packages/airflow/example_dags/example_task_group_decorator.py took 0.045 seconds
[2022-08-09 00:18:53,666] {processor.py:153} INFO - Started process (PID=11880) to work on /home/renan/datapipeline/.env/lib/python3.8/site-packages/airflow/example_dags/example_task_group_decorator.py
[2022-08-09 00:18:53,666] {processor.py:641} INFO - Processing file /home/renan/datapipeline/.env/lib/python3.8/site-packages/airflow/example_dags/example_task_group_decorator.py for tasks to queue
[2022-08-09 00:18:53,666] {logging_mixin.py:115} INFO - [2022-08-09 00:18:53,666] {dagbag.py:508} INFO - Filling up the DagBag from /home/renan/datapipeline/.env/lib/python3.8/site-packages/airflow/example_dags/example_task_group_decorator.py
[2022-08-09 00:18:53,681] {processor.py:651} INFO - DAG(s) dict_keys(['example_task_group_decorator']) retrieved from /home/renan/datapipeline/.env/lib/python3.8/site-packages/airflow/example_dags/example_task_group_decorator.py
[2022-08-09 00:18:53,692] {logging_mixin.py:115} INFO - [2022-08-09 00:18:53,692] {dag.py:2420} INFO - Sync 1 DAGs
[2022-08-09 00:18:53,702] {logging_mixin.py:115} INFO - [2022-08-09 00:18:53,702] {dag.py:2968} INFO - Setting next_dagrun for example_task_group_decorator to 2022-08-08T03:18:53.702344+00:00, run_after=2022-08-09T03:18:53.702344+00:00
[2022-08-09 00:18:53,711] {processor.py:161} INFO - Processing /home/renan/datapipeline/.env/lib/python3.8/site-packages/airflow/example_dags/example_task_group_decorator.py took 0.047 seconds
[2022-08-09 00:19:25,546] {processor.py:153} INFO - Started process (PID=11916) to work on /home/renan/datapipeline/.env/lib/python3.8/site-packages/airflow/example_dags/example_task_group_decorator.py
[2022-08-09 00:19:25,547] {processor.py:641} INFO - Processing file /home/renan/datapipeline/.env/lib/python3.8/site-packages/airflow/example_dags/example_task_group_decorator.py for tasks to queue
[2022-08-09 00:19:25,547] {logging_mixin.py:115} INFO - [2022-08-09 00:19:25,547] {dagbag.py:508} INFO - Filling up the DagBag from /home/renan/datapipeline/.env/lib/python3.8/site-packages/airflow/example_dags/example_task_group_decorator.py
[2022-08-09 00:19:25,562] {processor.py:651} INFO - DAG(s) dict_keys(['example_task_group_decorator']) retrieved from /home/renan/datapipeline/.env/lib/python3.8/site-packages/airflow/example_dags/example_task_group_decorator.py
[2022-08-09 00:19:25,588] {logging_mixin.py:115} INFO - [2022-08-09 00:19:25,588] {dag.py:2420} INFO - Sync 1 DAGs
[2022-08-09 00:19:25,597] {logging_mixin.py:115} INFO - [2022-08-09 00:19:25,597] {dag.py:2968} INFO - Setting next_dagrun for example_task_group_decorator to 2022-08-08T03:19:25.597551+00:00, run_after=2022-08-09T03:19:25.597551+00:00
[2022-08-09 00:19:25,607] {processor.py:161} INFO - Processing /home/renan/datapipeline/.env/lib/python3.8/site-packages/airflow/example_dags/example_task_group_decorator.py took 0.062 seconds
[2022-08-09 00:20:02,054] {processor.py:153} INFO - Started process (PID=11955) to work on /home/renan/datapipeline/.env/lib/python3.8/site-packages/airflow/example_dags/example_task_group_decorator.py
[2022-08-09 00:20:02,054] {processor.py:641} INFO - Processing file /home/renan/datapipeline/.env/lib/python3.8/site-packages/airflow/example_dags/example_task_group_decorator.py for tasks to queue
[2022-08-09 00:20:02,055] {logging_mixin.py:115} INFO - [2022-08-09 00:20:02,055] {dagbag.py:508} INFO - Filling up the DagBag from /home/renan/datapipeline/.env/lib/python3.8/site-packages/airflow/example_dags/example_task_group_decorator.py
[2022-08-09 00:20:02,069] {processor.py:651} INFO - DAG(s) dict_keys(['example_task_group_decorator']) retrieved from /home/renan/datapipeline/.env/lib/python3.8/site-packages/airflow/example_dags/example_task_group_decorator.py
[2022-08-09 00:20:02,079] {logging_mixin.py:115} INFO - [2022-08-09 00:20:02,079] {dag.py:2420} INFO - Sync 1 DAGs
[2022-08-09 00:20:02,088] {logging_mixin.py:115} INFO - [2022-08-09 00:20:02,088] {dag.py:2968} INFO - Setting next_dagrun for example_task_group_decorator to 2022-08-08T03:20:02.088503+00:00, run_after=2022-08-09T03:20:02.088503+00:00
[2022-08-09 00:20:02,097] {processor.py:161} INFO - Processing /home/renan/datapipeline/.env/lib/python3.8/site-packages/airflow/example_dags/example_task_group_decorator.py took 0.045 seconds
[2022-08-09 00:20:33,560] {processor.py:153} INFO - Started process (PID=11992) to work on /home/renan/datapipeline/.env/lib/python3.8/site-packages/airflow/example_dags/example_task_group_decorator.py
[2022-08-09 00:20:33,561] {processor.py:641} INFO - Processing file /home/renan/datapipeline/.env/lib/python3.8/site-packages/airflow/example_dags/example_task_group_decorator.py for tasks to queue
[2022-08-09 00:20:33,561] {logging_mixin.py:115} INFO - [2022-08-09 00:20:33,561] {dagbag.py:508} INFO - Filling up the DagBag from /home/renan/datapipeline/.env/lib/python3.8/site-packages/airflow/example_dags/example_task_group_decorator.py
[2022-08-09 00:20:33,576] {processor.py:651} INFO - DAG(s) dict_keys(['example_task_group_decorator']) retrieved from /home/renan/datapipeline/.env/lib/python3.8/site-packages/airflow/example_dags/example_task_group_decorator.py
[2022-08-09 00:20:33,586] {logging_mixin.py:115} INFO - [2022-08-09 00:20:33,586] {dag.py:2420} INFO - Sync 1 DAGs
[2022-08-09 00:20:33,595] {logging_mixin.py:115} INFO - [2022-08-09 00:20:33,595] {dag.py:2968} INFO - Setting next_dagrun for example_task_group_decorator to 2022-08-08T03:20:33.595562+00:00, run_after=2022-08-09T03:20:33.595562+00:00
[2022-08-09 00:20:33,604] {processor.py:161} INFO - Processing /home/renan/datapipeline/.env/lib/python3.8/site-packages/airflow/example_dags/example_task_group_decorator.py took 0.045 seconds
[2022-08-09 00:21:08,161] {processor.py:153} INFO - Started process (PID=12029) to work on /home/renan/datapipeline/.env/lib/python3.8/site-packages/airflow/example_dags/example_task_group_decorator.py
[2022-08-09 00:21:08,162] {processor.py:641} INFO - Processing file /home/renan/datapipeline/.env/lib/python3.8/site-packages/airflow/example_dags/example_task_group_decorator.py for tasks to queue
[2022-08-09 00:21:08,162] {logging_mixin.py:115} INFO - [2022-08-09 00:21:08,162] {dagbag.py:508} INFO - Filling up the DagBag from /home/renan/datapipeline/.env/lib/python3.8/site-packages/airflow/example_dags/example_task_group_decorator.py
[2022-08-09 00:21:08,177] {processor.py:651} INFO - DAG(s) dict_keys(['example_task_group_decorator']) retrieved from /home/renan/datapipeline/.env/lib/python3.8/site-packages/airflow/example_dags/example_task_group_decorator.py
[2022-08-09 00:21:08,204] {logging_mixin.py:115} INFO - [2022-08-09 00:21:08,204] {dag.py:2420} INFO - Sync 1 DAGs
[2022-08-09 00:21:08,214] {logging_mixin.py:115} INFO - [2022-08-09 00:21:08,214] {dag.py:2968} INFO - Setting next_dagrun for example_task_group_decorator to 2022-08-08T03:21:08.213985+00:00, run_after=2022-08-09T03:21:08.213985+00:00
[2022-08-09 00:21:08,224] {processor.py:161} INFO - Processing /home/renan/datapipeline/.env/lib/python3.8/site-packages/airflow/example_dags/example_task_group_decorator.py took 0.064 seconds
[2022-08-09 00:21:41,785] {processor.py:153} INFO - Started process (PID=12181) to work on /home/renan/datapipeline/.env/lib/python3.8/site-packages/airflow/example_dags/example_task_group_decorator.py
[2022-08-09 00:21:41,786] {processor.py:641} INFO - Processing file /home/renan/datapipeline/.env/lib/python3.8/site-packages/airflow/example_dags/example_task_group_decorator.py for tasks to queue
[2022-08-09 00:21:41,786] {logging_mixin.py:115} INFO - [2022-08-09 00:21:41,786] {dagbag.py:508} INFO - Filling up the DagBag from /home/renan/datapipeline/.env/lib/python3.8/site-packages/airflow/example_dags/example_task_group_decorator.py
[2022-08-09 00:21:41,801] {processor.py:651} INFO - DAG(s) dict_keys(['example_task_group_decorator']) retrieved from /home/renan/datapipeline/.env/lib/python3.8/site-packages/airflow/example_dags/example_task_group_decorator.py
[2022-08-09 00:21:41,812] {logging_mixin.py:115} INFO - [2022-08-09 00:21:41,812] {dag.py:2420} INFO - Sync 1 DAGs
[2022-08-09 00:21:41,821] {logging_mixin.py:115} INFO - [2022-08-09 00:21:41,821] {dag.py:2968} INFO - Setting next_dagrun for example_task_group_decorator to 2022-08-08T03:21:41.821324+00:00, run_after=2022-08-09T03:21:41.821324+00:00
[2022-08-09 00:21:41,830] {processor.py:161} INFO - Processing /home/renan/datapipeline/.env/lib/python3.8/site-packages/airflow/example_dags/example_task_group_decorator.py took 0.046 seconds
[2022-08-09 00:22:12,591] {processor.py:153} INFO - Started process (PID=12279) to work on /home/renan/datapipeline/.env/lib/python3.8/site-packages/airflow/example_dags/example_task_group_decorator.py
[2022-08-09 00:22:12,591] {processor.py:641} INFO - Processing file /home/renan/datapipeline/.env/lib/python3.8/site-packages/airflow/example_dags/example_task_group_decorator.py for tasks to queue
[2022-08-09 00:22:12,591] {logging_mixin.py:115} INFO - [2022-08-09 00:22:12,591] {dagbag.py:508} INFO - Filling up the DagBag from /home/renan/datapipeline/.env/lib/python3.8/site-packages/airflow/example_dags/example_task_group_decorator.py
[2022-08-09 00:22:12,606] {processor.py:651} INFO - DAG(s) dict_keys(['example_task_group_decorator']) retrieved from /home/renan/datapipeline/.env/lib/python3.8/site-packages/airflow/example_dags/example_task_group_decorator.py
[2022-08-09 00:22:12,616] {logging_mixin.py:115} INFO - [2022-08-09 00:22:12,616] {dag.py:2420} INFO - Sync 1 DAGs
[2022-08-09 00:22:12,626] {logging_mixin.py:115} INFO - [2022-08-09 00:22:12,626] {dag.py:2968} INFO - Setting next_dagrun for example_task_group_decorator to 2022-08-08T03:22:12.626569+00:00, run_after=2022-08-09T03:22:12.626569+00:00
[2022-08-09 00:22:12,636] {processor.py:161} INFO - Processing /home/renan/datapipeline/.env/lib/python3.8/site-packages/airflow/example_dags/example_task_group_decorator.py took 0.047 seconds
[2022-08-09 00:22:45,156] {processor.py:153} INFO - Started process (PID=12313) to work on /home/renan/datapipeline/.env/lib/python3.8/site-packages/airflow/example_dags/example_task_group_decorator.py
[2022-08-09 00:22:45,156] {processor.py:641} INFO - Processing file /home/renan/datapipeline/.env/lib/python3.8/site-packages/airflow/example_dags/example_task_group_decorator.py for tasks to queue
[2022-08-09 00:22:45,157] {logging_mixin.py:115} INFO - [2022-08-09 00:22:45,157] {dagbag.py:508} INFO - Filling up the DagBag from /home/renan/datapipeline/.env/lib/python3.8/site-packages/airflow/example_dags/example_task_group_decorator.py
[2022-08-09 00:22:45,172] {processor.py:651} INFO - DAG(s) dict_keys(['example_task_group_decorator']) retrieved from /home/renan/datapipeline/.env/lib/python3.8/site-packages/airflow/example_dags/example_task_group_decorator.py
[2022-08-09 00:22:45,183] {logging_mixin.py:115} INFO - [2022-08-09 00:22:45,183] {dag.py:2420} INFO - Sync 1 DAGs
[2022-08-09 00:22:45,193] {logging_mixin.py:115} INFO - [2022-08-09 00:22:45,193] {dag.py:2968} INFO - Setting next_dagrun for example_task_group_decorator to 2022-08-08T03:22:45.192973+00:00, run_after=2022-08-09T03:22:45.192973+00:00
[2022-08-09 00:22:45,202] {processor.py:161} INFO - Processing /home/renan/datapipeline/.env/lib/python3.8/site-packages/airflow/example_dags/example_task_group_decorator.py took 0.048 seconds
[2022-08-09 00:23:17,789] {processor.py:153} INFO - Started process (PID=12353) to work on /home/renan/datapipeline/.env/lib/python3.8/site-packages/airflow/example_dags/example_task_group_decorator.py
[2022-08-09 00:23:17,789] {processor.py:641} INFO - Processing file /home/renan/datapipeline/.env/lib/python3.8/site-packages/airflow/example_dags/example_task_group_decorator.py for tasks to queue
[2022-08-09 00:23:17,790] {logging_mixin.py:115} INFO - [2022-08-09 00:23:17,790] {dagbag.py:508} INFO - Filling up the DagBag from /home/renan/datapipeline/.env/lib/python3.8/site-packages/airflow/example_dags/example_task_group_decorator.py
[2022-08-09 00:23:17,804] {processor.py:651} INFO - DAG(s) dict_keys(['example_task_group_decorator']) retrieved from /home/renan/datapipeline/.env/lib/python3.8/site-packages/airflow/example_dags/example_task_group_decorator.py
[2022-08-09 00:23:17,814] {logging_mixin.py:115} INFO - [2022-08-09 00:23:17,814] {dag.py:2420} INFO - Sync 1 DAGs
[2022-08-09 00:23:17,824] {logging_mixin.py:115} INFO - [2022-08-09 00:23:17,824] {dag.py:2968} INFO - Setting next_dagrun for example_task_group_decorator to 2022-08-08T03:23:17.824076+00:00, run_after=2022-08-09T03:23:17.824076+00:00
[2022-08-09 00:23:17,833] {processor.py:161} INFO - Processing /home/renan/datapipeline/.env/lib/python3.8/site-packages/airflow/example_dags/example_task_group_decorator.py took 0.045 seconds
[2022-08-09 00:23:49,832] {processor.py:153} INFO - Started process (PID=12389) to work on /home/renan/datapipeline/.env/lib/python3.8/site-packages/airflow/example_dags/example_task_group_decorator.py
[2022-08-09 00:23:49,832] {processor.py:641} INFO - Processing file /home/renan/datapipeline/.env/lib/python3.8/site-packages/airflow/example_dags/example_task_group_decorator.py for tasks to queue
[2022-08-09 00:23:49,833] {logging_mixin.py:115} INFO - [2022-08-09 00:23:49,833] {dagbag.py:508} INFO - Filling up the DagBag from /home/renan/datapipeline/.env/lib/python3.8/site-packages/airflow/example_dags/example_task_group_decorator.py
[2022-08-09 00:23:49,848] {processor.py:651} INFO - DAG(s) dict_keys(['example_task_group_decorator']) retrieved from /home/renan/datapipeline/.env/lib/python3.8/site-packages/airflow/example_dags/example_task_group_decorator.py
[2022-08-09 00:23:49,858] {logging_mixin.py:115} INFO - [2022-08-09 00:23:49,858] {dag.py:2420} INFO - Sync 1 DAGs
[2022-08-09 00:23:49,867] {logging_mixin.py:115} INFO - [2022-08-09 00:23:49,867] {dag.py:2968} INFO - Setting next_dagrun for example_task_group_decorator to 2022-08-08T03:23:49.867330+00:00, run_after=2022-08-09T03:23:49.867330+00:00
[2022-08-09 00:23:49,876] {processor.py:161} INFO - Processing /home/renan/datapipeline/.env/lib/python3.8/site-packages/airflow/example_dags/example_task_group_decorator.py took 0.045 seconds
[2022-08-09 00:24:23,195] {processor.py:153} INFO - Started process (PID=12453) to work on /home/renan/datapipeline/.env/lib/python3.8/site-packages/airflow/example_dags/example_task_group_decorator.py
[2022-08-09 00:24:23,195] {processor.py:641} INFO - Processing file /home/renan/datapipeline/.env/lib/python3.8/site-packages/airflow/example_dags/example_task_group_decorator.py for tasks to queue
[2022-08-09 00:24:23,195] {logging_mixin.py:115} INFO - [2022-08-09 00:24:23,195] {dagbag.py:508} INFO - Filling up the DagBag from /home/renan/datapipeline/.env/lib/python3.8/site-packages/airflow/example_dags/example_task_group_decorator.py
[2022-08-09 00:24:23,210] {processor.py:651} INFO - DAG(s) dict_keys(['example_task_group_decorator']) retrieved from /home/renan/datapipeline/.env/lib/python3.8/site-packages/airflow/example_dags/example_task_group_decorator.py
[2022-08-09 00:24:23,242] {logging_mixin.py:115} INFO - [2022-08-09 00:24:23,242] {dag.py:2420} INFO - Sync 1 DAGs
[2022-08-09 00:24:23,251] {logging_mixin.py:115} INFO - [2022-08-09 00:24:23,251] {dag.py:2968} INFO - Setting next_dagrun for example_task_group_decorator to 2022-08-08T03:24:23.251517+00:00, run_after=2022-08-09T03:24:23.251517+00:00
[2022-08-09 00:24:23,261] {processor.py:161} INFO - Processing /home/renan/datapipeline/.env/lib/python3.8/site-packages/airflow/example_dags/example_task_group_decorator.py took 0.068 seconds
[2022-08-09 00:24:55,550] {processor.py:153} INFO - Started process (PID=12489) to work on /home/renan/datapipeline/.env/lib/python3.8/site-packages/airflow/example_dags/example_task_group_decorator.py
[2022-08-09 00:24:55,551] {processor.py:641} INFO - Processing file /home/renan/datapipeline/.env/lib/python3.8/site-packages/airflow/example_dags/example_task_group_decorator.py for tasks to queue
[2022-08-09 00:24:55,551] {logging_mixin.py:115} INFO - [2022-08-09 00:24:55,551] {dagbag.py:508} INFO - Filling up the DagBag from /home/renan/datapipeline/.env/lib/python3.8/site-packages/airflow/example_dags/example_task_group_decorator.py
[2022-08-09 00:24:55,566] {processor.py:651} INFO - DAG(s) dict_keys(['example_task_group_decorator']) retrieved from /home/renan/datapipeline/.env/lib/python3.8/site-packages/airflow/example_dags/example_task_group_decorator.py
[2022-08-09 00:24:55,591] {logging_mixin.py:115} INFO - [2022-08-09 00:24:55,590] {dag.py:2420} INFO - Sync 1 DAGs
[2022-08-09 00:24:55,600] {logging_mixin.py:115} INFO - [2022-08-09 00:24:55,600] {dag.py:2968} INFO - Setting next_dagrun for example_task_group_decorator to 2022-08-08T03:24:55.600080+00:00, run_after=2022-08-09T03:24:55.600080+00:00
[2022-08-09 00:24:55,609] {processor.py:161} INFO - Processing /home/renan/datapipeline/.env/lib/python3.8/site-packages/airflow/example_dags/example_task_group_decorator.py took 0.061 seconds
[2022-08-09 00:25:29,874] {processor.py:153} INFO - Started process (PID=12532) to work on /home/renan/datapipeline/.env/lib/python3.8/site-packages/airflow/example_dags/example_task_group_decorator.py
[2022-08-09 00:25:29,875] {processor.py:641} INFO - Processing file /home/renan/datapipeline/.env/lib/python3.8/site-packages/airflow/example_dags/example_task_group_decorator.py for tasks to queue
[2022-08-09 00:25:29,875] {logging_mixin.py:115} INFO - [2022-08-09 00:25:29,875] {dagbag.py:508} INFO - Filling up the DagBag from /home/renan/datapipeline/.env/lib/python3.8/site-packages/airflow/example_dags/example_task_group_decorator.py
[2022-08-09 00:25:29,890] {processor.py:651} INFO - DAG(s) dict_keys(['example_task_group_decorator']) retrieved from /home/renan/datapipeline/.env/lib/python3.8/site-packages/airflow/example_dags/example_task_group_decorator.py
[2022-08-09 00:25:29,915] {logging_mixin.py:115} INFO - [2022-08-09 00:25:29,915] {dag.py:2420} INFO - Sync 1 DAGs
[2022-08-09 00:25:29,924] {logging_mixin.py:115} INFO - [2022-08-09 00:25:29,924] {dag.py:2968} INFO - Setting next_dagrun for example_task_group_decorator to 2022-08-08T03:25:29.924066+00:00, run_after=2022-08-09T03:25:29.924066+00:00
[2022-08-09 00:25:29,933] {processor.py:161} INFO - Processing /home/renan/datapipeline/.env/lib/python3.8/site-packages/airflow/example_dags/example_task_group_decorator.py took 0.061 seconds
[2022-08-09 00:26:03,548] {processor.py:153} INFO - Started process (PID=12568) to work on /home/renan/datapipeline/.env/lib/python3.8/site-packages/airflow/example_dags/example_task_group_decorator.py
[2022-08-09 00:26:03,549] {processor.py:641} INFO - Processing file /home/renan/datapipeline/.env/lib/python3.8/site-packages/airflow/example_dags/example_task_group_decorator.py for tasks to queue
[2022-08-09 00:26:03,549] {logging_mixin.py:115} INFO - [2022-08-09 00:26:03,549] {dagbag.py:508} INFO - Filling up the DagBag from /home/renan/datapipeline/.env/lib/python3.8/site-packages/airflow/example_dags/example_task_group_decorator.py
[2022-08-09 00:26:03,565] {processor.py:651} INFO - DAG(s) dict_keys(['example_task_group_decorator']) retrieved from /home/renan/datapipeline/.env/lib/python3.8/site-packages/airflow/example_dags/example_task_group_decorator.py
[2022-08-09 00:26:03,593] {logging_mixin.py:115} INFO - [2022-08-09 00:26:03,592] {dag.py:2420} INFO - Sync 1 DAGs
[2022-08-09 00:26:03,603] {logging_mixin.py:115} INFO - [2022-08-09 00:26:03,603] {dag.py:2968} INFO - Setting next_dagrun for example_task_group_decorator to 2022-08-08T03:26:03.603319+00:00, run_after=2022-08-09T03:26:03.603319+00:00
[2022-08-09 00:26:03,615] {processor.py:161} INFO - Processing /home/renan/datapipeline/.env/lib/python3.8/site-packages/airflow/example_dags/example_task_group_decorator.py took 0.070 seconds
[2022-08-09 00:26:36,067] {processor.py:153} INFO - Started process (PID=12604) to work on /home/renan/datapipeline/.env/lib/python3.8/site-packages/airflow/example_dags/example_task_group_decorator.py
[2022-08-09 00:26:36,068] {processor.py:641} INFO - Processing file /home/renan/datapipeline/.env/lib/python3.8/site-packages/airflow/example_dags/example_task_group_decorator.py for tasks to queue
[2022-08-09 00:26:36,068] {logging_mixin.py:115} INFO - [2022-08-09 00:26:36,068] {dagbag.py:508} INFO - Filling up the DagBag from /home/renan/datapipeline/.env/lib/python3.8/site-packages/airflow/example_dags/example_task_group_decorator.py
[2022-08-09 00:26:36,083] {processor.py:651} INFO - DAG(s) dict_keys(['example_task_group_decorator']) retrieved from /home/renan/datapipeline/.env/lib/python3.8/site-packages/airflow/example_dags/example_task_group_decorator.py
[2022-08-09 00:26:36,093] {logging_mixin.py:115} INFO - [2022-08-09 00:26:36,093] {dag.py:2420} INFO - Sync 1 DAGs
[2022-08-09 00:26:36,103] {logging_mixin.py:115} INFO - [2022-08-09 00:26:36,103] {dag.py:2968} INFO - Setting next_dagrun for example_task_group_decorator to 2022-08-08T03:26:36.103372+00:00, run_after=2022-08-09T03:26:36.103372+00:00
[2022-08-09 00:26:36,112] {processor.py:161} INFO - Processing /home/renan/datapipeline/.env/lib/python3.8/site-packages/airflow/example_dags/example_task_group_decorator.py took 0.046 seconds
[2022-08-09 00:27:09,342] {processor.py:153} INFO - Started process (PID=12641) to work on /home/renan/datapipeline/.env/lib/python3.8/site-packages/airflow/example_dags/example_task_group_decorator.py
[2022-08-09 00:27:09,343] {processor.py:641} INFO - Processing file /home/renan/datapipeline/.env/lib/python3.8/site-packages/airflow/example_dags/example_task_group_decorator.py for tasks to queue
[2022-08-09 00:27:09,343] {logging_mixin.py:115} INFO - [2022-08-09 00:27:09,343] {dagbag.py:508} INFO - Filling up the DagBag from /home/renan/datapipeline/.env/lib/python3.8/site-packages/airflow/example_dags/example_task_group_decorator.py
[2022-08-09 00:27:09,360] {processor.py:651} INFO - DAG(s) dict_keys(['example_task_group_decorator']) retrieved from /home/renan/datapipeline/.env/lib/python3.8/site-packages/airflow/example_dags/example_task_group_decorator.py
[2022-08-09 00:27:09,389] {logging_mixin.py:115} INFO - [2022-08-09 00:27:09,389] {dag.py:2420} INFO - Sync 1 DAGs
[2022-08-09 00:27:09,401] {logging_mixin.py:115} INFO - [2022-08-09 00:27:09,401] {dag.py:2968} INFO - Setting next_dagrun for example_task_group_decorator to 2022-08-08T03:27:09.400907+00:00, run_after=2022-08-09T03:27:09.400907+00:00
[2022-08-09 00:27:09,413] {processor.py:161} INFO - Processing /home/renan/datapipeline/.env/lib/python3.8/site-packages/airflow/example_dags/example_task_group_decorator.py took 0.072 seconds
[2022-08-09 00:27:42,131] {processor.py:153} INFO - Started process (PID=12708) to work on /home/renan/datapipeline/.env/lib/python3.8/site-packages/airflow/example_dags/example_task_group_decorator.py
[2022-08-09 00:27:42,131] {processor.py:641} INFO - Processing file /home/renan/datapipeline/.env/lib/python3.8/site-packages/airflow/example_dags/example_task_group_decorator.py for tasks to queue
[2022-08-09 00:27:42,131] {logging_mixin.py:115} INFO - [2022-08-09 00:27:42,131] {dagbag.py:508} INFO - Filling up the DagBag from /home/renan/datapipeline/.env/lib/python3.8/site-packages/airflow/example_dags/example_task_group_decorator.py
[2022-08-09 00:27:42,146] {processor.py:651} INFO - DAG(s) dict_keys(['example_task_group_decorator']) retrieved from /home/renan/datapipeline/.env/lib/python3.8/site-packages/airflow/example_dags/example_task_group_decorator.py
[2022-08-09 00:27:42,170] {logging_mixin.py:115} INFO - [2022-08-09 00:27:42,170] {dag.py:2420} INFO - Sync 1 DAGs
[2022-08-09 00:27:42,179] {logging_mixin.py:115} INFO - [2022-08-09 00:27:42,179] {dag.py:2968} INFO - Setting next_dagrun for example_task_group_decorator to 2022-08-08T03:27:42.179191+00:00, run_after=2022-08-09T03:27:42.179191+00:00
[2022-08-09 00:27:42,189] {processor.py:161} INFO - Processing /home/renan/datapipeline/.env/lib/python3.8/site-packages/airflow/example_dags/example_task_group_decorator.py took 0.060 seconds
[2022-08-09 00:28:16,317] {processor.py:153} INFO - Started process (PID=12899) to work on /home/renan/datapipeline/.env/lib/python3.8/site-packages/airflow/example_dags/example_task_group_decorator.py
[2022-08-09 00:28:16,318] {processor.py:641} INFO - Processing file /home/renan/datapipeline/.env/lib/python3.8/site-packages/airflow/example_dags/example_task_group_decorator.py for tasks to queue
[2022-08-09 00:28:16,318] {logging_mixin.py:115} INFO - [2022-08-09 00:28:16,318] {dagbag.py:508} INFO - Filling up the DagBag from /home/renan/datapipeline/.env/lib/python3.8/site-packages/airflow/example_dags/example_task_group_decorator.py
[2022-08-09 00:28:16,334] {processor.py:651} INFO - DAG(s) dict_keys(['example_task_group_decorator']) retrieved from /home/renan/datapipeline/.env/lib/python3.8/site-packages/airflow/example_dags/example_task_group_decorator.py
[2022-08-09 00:28:16,374] {logging_mixin.py:115} INFO - [2022-08-09 00:28:16,373] {dag.py:2420} INFO - Sync 1 DAGs
[2022-08-09 00:28:16,389] {logging_mixin.py:115} INFO - [2022-08-09 00:28:16,389] {dag.py:2968} INFO - Setting next_dagrun for example_task_group_decorator to 2022-08-08T03:28:16.389317+00:00, run_after=2022-08-09T03:28:16.389317+00:00
[2022-08-09 00:28:16,407] {processor.py:161} INFO - Processing /home/renan/datapipeline/.env/lib/python3.8/site-packages/airflow/example_dags/example_task_group_decorator.py took 0.092 seconds
[2022-08-09 00:28:49,437] {processor.py:153} INFO - Started process (PID=12959) to work on /home/renan/datapipeline/.env/lib/python3.8/site-packages/airflow/example_dags/example_task_group_decorator.py
[2022-08-09 00:28:49,438] {processor.py:641} INFO - Processing file /home/renan/datapipeline/.env/lib/python3.8/site-packages/airflow/example_dags/example_task_group_decorator.py for tasks to queue
[2022-08-09 00:28:49,438] {logging_mixin.py:115} INFO - [2022-08-09 00:28:49,438] {dagbag.py:508} INFO - Filling up the DagBag from /home/renan/datapipeline/.env/lib/python3.8/site-packages/airflow/example_dags/example_task_group_decorator.py
[2022-08-09 00:28:49,453] {processor.py:651} INFO - DAG(s) dict_keys(['example_task_group_decorator']) retrieved from /home/renan/datapipeline/.env/lib/python3.8/site-packages/airflow/example_dags/example_task_group_decorator.py
[2022-08-09 00:28:49,480] {logging_mixin.py:115} INFO - [2022-08-09 00:28:49,479] {dag.py:2420} INFO - Sync 1 DAGs
[2022-08-09 00:28:49,489] {logging_mixin.py:115} INFO - [2022-08-09 00:28:49,489] {dag.py:2968} INFO - Setting next_dagrun for example_task_group_decorator to 2022-08-08T03:28:49.489403+00:00, run_after=2022-08-09T03:28:49.489403+00:00
[2022-08-09 00:28:49,500] {processor.py:161} INFO - Processing /home/renan/datapipeline/.env/lib/python3.8/site-packages/airflow/example_dags/example_task_group_decorator.py took 0.064 seconds
[2022-08-09 00:29:22,419] {processor.py:153} INFO - Started process (PID=13000) to work on /home/renan/datapipeline/.env/lib/python3.8/site-packages/airflow/example_dags/example_task_group_decorator.py
[2022-08-09 00:29:22,420] {processor.py:641} INFO - Processing file /home/renan/datapipeline/.env/lib/python3.8/site-packages/airflow/example_dags/example_task_group_decorator.py for tasks to queue
[2022-08-09 00:29:22,420] {logging_mixin.py:115} INFO - [2022-08-09 00:29:22,420] {dagbag.py:508} INFO - Filling up the DagBag from /home/renan/datapipeline/.env/lib/python3.8/site-packages/airflow/example_dags/example_task_group_decorator.py
[2022-08-09 00:29:22,435] {processor.py:651} INFO - DAG(s) dict_keys(['example_task_group_decorator']) retrieved from /home/renan/datapipeline/.env/lib/python3.8/site-packages/airflow/example_dags/example_task_group_decorator.py
[2022-08-09 00:29:22,460] {logging_mixin.py:115} INFO - [2022-08-09 00:29:22,460] {dag.py:2420} INFO - Sync 1 DAGs
[2022-08-09 00:29:22,469] {logging_mixin.py:115} INFO - [2022-08-09 00:29:22,469] {dag.py:2968} INFO - Setting next_dagrun for example_task_group_decorator to 2022-08-08T03:29:22.469644+00:00, run_after=2022-08-09T03:29:22.469644+00:00
[2022-08-09 00:29:22,479] {processor.py:161} INFO - Processing /home/renan/datapipeline/.env/lib/python3.8/site-packages/airflow/example_dags/example_task_group_decorator.py took 0.061 seconds
[2022-08-09 00:29:55,476] {processor.py:153} INFO - Started process (PID=13038) to work on /home/renan/datapipeline/.env/lib/python3.8/site-packages/airflow/example_dags/example_task_group_decorator.py
[2022-08-09 00:29:55,477] {processor.py:641} INFO - Processing file /home/renan/datapipeline/.env/lib/python3.8/site-packages/airflow/example_dags/example_task_group_decorator.py for tasks to queue
[2022-08-09 00:29:55,477] {logging_mixin.py:115} INFO - [2022-08-09 00:29:55,477] {dagbag.py:508} INFO - Filling up the DagBag from /home/renan/datapipeline/.env/lib/python3.8/site-packages/airflow/example_dags/example_task_group_decorator.py
[2022-08-09 00:29:55,491] {processor.py:651} INFO - DAG(s) dict_keys(['example_task_group_decorator']) retrieved from /home/renan/datapipeline/.env/lib/python3.8/site-packages/airflow/example_dags/example_task_group_decorator.py
[2022-08-09 00:29:55,501] {logging_mixin.py:115} INFO - [2022-08-09 00:29:55,501] {dag.py:2420} INFO - Sync 1 DAGs
[2022-08-09 00:29:55,511] {logging_mixin.py:115} INFO - [2022-08-09 00:29:55,511] {dag.py:2968} INFO - Setting next_dagrun for example_task_group_decorator to 2022-08-08T03:29:55.511429+00:00, run_after=2022-08-09T03:29:55.511429+00:00
[2022-08-09 00:29:55,525] {processor.py:161} INFO - Processing /home/renan/datapipeline/.env/lib/python3.8/site-packages/airflow/example_dags/example_task_group_decorator.py took 0.050 seconds
[2022-08-09 00:30:30,242] {processor.py:153} INFO - Started process (PID=13079) to work on /home/renan/datapipeline/.env/lib/python3.8/site-packages/airflow/example_dags/example_task_group_decorator.py
[2022-08-09 00:30:30,242] {processor.py:641} INFO - Processing file /home/renan/datapipeline/.env/lib/python3.8/site-packages/airflow/example_dags/example_task_group_decorator.py for tasks to queue
[2022-08-09 00:30:30,243] {logging_mixin.py:115} INFO - [2022-08-09 00:30:30,243] {dagbag.py:508} INFO - Filling up the DagBag from /home/renan/datapipeline/.env/lib/python3.8/site-packages/airflow/example_dags/example_task_group_decorator.py
[2022-08-09 00:30:30,258] {processor.py:651} INFO - DAG(s) dict_keys(['example_task_group_decorator']) retrieved from /home/renan/datapipeline/.env/lib/python3.8/site-packages/airflow/example_dags/example_task_group_decorator.py
[2022-08-09 00:30:30,268] {logging_mixin.py:115} INFO - [2022-08-09 00:30:30,268] {dag.py:2420} INFO - Sync 1 DAGs
[2022-08-09 00:30:30,278] {logging_mixin.py:115} INFO - [2022-08-09 00:30:30,278] {dag.py:2968} INFO - Setting next_dagrun for example_task_group_decorator to 2022-08-08T03:30:30.278013+00:00, run_after=2022-08-09T03:30:30.278013+00:00
[2022-08-09 00:30:30,287] {processor.py:161} INFO - Processing /home/renan/datapipeline/.env/lib/python3.8/site-packages/airflow/example_dags/example_task_group_decorator.py took 0.046 seconds
[2022-08-09 00:31:05,554] {processor.py:153} INFO - Started process (PID=13115) to work on /home/renan/datapipeline/.env/lib/python3.8/site-packages/airflow/example_dags/example_task_group_decorator.py
[2022-08-09 00:31:05,554] {processor.py:641} INFO - Processing file /home/renan/datapipeline/.env/lib/python3.8/site-packages/airflow/example_dags/example_task_group_decorator.py for tasks to queue
[2022-08-09 00:31:05,555] {logging_mixin.py:115} INFO - [2022-08-09 00:31:05,555] {dagbag.py:508} INFO - Filling up the DagBag from /home/renan/datapipeline/.env/lib/python3.8/site-packages/airflow/example_dags/example_task_group_decorator.py
[2022-08-09 00:31:05,570] {processor.py:651} INFO - DAG(s) dict_keys(['example_task_group_decorator']) retrieved from /home/renan/datapipeline/.env/lib/python3.8/site-packages/airflow/example_dags/example_task_group_decorator.py
[2022-08-09 00:31:05,580] {logging_mixin.py:115} INFO - [2022-08-09 00:31:05,580] {dag.py:2420} INFO - Sync 1 DAGs
[2022-08-09 00:31:05,590] {logging_mixin.py:115} INFO - [2022-08-09 00:31:05,589] {dag.py:2968} INFO - Setting next_dagrun for example_task_group_decorator to 2022-08-08T03:31:05.589814+00:00, run_after=2022-08-09T03:31:05.589814+00:00
[2022-08-09 00:31:05,598] {processor.py:161} INFO - Processing /home/renan/datapipeline/.env/lib/python3.8/site-packages/airflow/example_dags/example_task_group_decorator.py took 0.046 seconds
[2022-08-09 00:31:38,430] {processor.py:153} INFO - Started process (PID=13156) to work on /home/renan/datapipeline/.env/lib/python3.8/site-packages/airflow/example_dags/example_task_group_decorator.py
[2022-08-09 00:31:38,431] {processor.py:641} INFO - Processing file /home/renan/datapipeline/.env/lib/python3.8/site-packages/airflow/example_dags/example_task_group_decorator.py for tasks to queue
[2022-08-09 00:31:38,431] {logging_mixin.py:115} INFO - [2022-08-09 00:31:38,431] {dagbag.py:508} INFO - Filling up the DagBag from /home/renan/datapipeline/.env/lib/python3.8/site-packages/airflow/example_dags/example_task_group_decorator.py
[2022-08-09 00:31:38,446] {processor.py:651} INFO - DAG(s) dict_keys(['example_task_group_decorator']) retrieved from /home/renan/datapipeline/.env/lib/python3.8/site-packages/airflow/example_dags/example_task_group_decorator.py
[2022-08-09 00:31:38,456] {logging_mixin.py:115} INFO - [2022-08-09 00:31:38,456] {dag.py:2420} INFO - Sync 1 DAGs
[2022-08-09 00:31:38,466] {logging_mixin.py:115} INFO - [2022-08-09 00:31:38,466] {dag.py:2968} INFO - Setting next_dagrun for example_task_group_decorator to 2022-08-08T03:31:38.466331+00:00, run_after=2022-08-09T03:31:38.466331+00:00
[2022-08-09 00:31:38,475] {processor.py:161} INFO - Processing /home/renan/datapipeline/.env/lib/python3.8/site-packages/airflow/example_dags/example_task_group_decorator.py took 0.046 seconds
[2022-08-09 00:32:14,019] {processor.py:153} INFO - Started process (PID=13279) to work on /home/renan/datapipeline/.env/lib/python3.8/site-packages/airflow/example_dags/example_task_group_decorator.py
[2022-08-09 00:32:14,019] {processor.py:641} INFO - Processing file /home/renan/datapipeline/.env/lib/python3.8/site-packages/airflow/example_dags/example_task_group_decorator.py for tasks to queue
[2022-08-09 00:32:14,020] {logging_mixin.py:115} INFO - [2022-08-09 00:32:14,020] {dagbag.py:508} INFO - Filling up the DagBag from /home/renan/datapipeline/.env/lib/python3.8/site-packages/airflow/example_dags/example_task_group_decorator.py
[2022-08-09 00:32:14,037] {processor.py:651} INFO - DAG(s) dict_keys(['example_task_group_decorator']) retrieved from /home/renan/datapipeline/.env/lib/python3.8/site-packages/airflow/example_dags/example_task_group_decorator.py
[2022-08-09 00:32:14,048] {logging_mixin.py:115} INFO - [2022-08-09 00:32:14,048] {dag.py:2420} INFO - Sync 1 DAGs
[2022-08-09 00:32:14,058] {logging_mixin.py:115} INFO - [2022-08-09 00:32:14,058] {dag.py:2968} INFO - Setting next_dagrun for example_task_group_decorator to 2022-08-08T03:32:14.057953+00:00, run_after=2022-08-09T03:32:14.057953+00:00
[2022-08-09 00:32:14,071] {processor.py:161} INFO - Processing /home/renan/datapipeline/.env/lib/python3.8/site-packages/airflow/example_dags/example_task_group_decorator.py took 0.054 seconds
[2022-08-09 00:32:46,970] {processor.py:153} INFO - Started process (PID=13317) to work on /home/renan/datapipeline/.env/lib/python3.8/site-packages/airflow/example_dags/example_task_group_decorator.py
[2022-08-09 00:32:46,971] {processor.py:641} INFO - Processing file /home/renan/datapipeline/.env/lib/python3.8/site-packages/airflow/example_dags/example_task_group_decorator.py for tasks to queue
[2022-08-09 00:32:46,971] {logging_mixin.py:115} INFO - [2022-08-09 00:32:46,971] {dagbag.py:508} INFO - Filling up the DagBag from /home/renan/datapipeline/.env/lib/python3.8/site-packages/airflow/example_dags/example_task_group_decorator.py
[2022-08-09 00:32:46,986] {processor.py:651} INFO - DAG(s) dict_keys(['example_task_group_decorator']) retrieved from /home/renan/datapipeline/.env/lib/python3.8/site-packages/airflow/example_dags/example_task_group_decorator.py
[2022-08-09 00:32:46,996] {logging_mixin.py:115} INFO - [2022-08-09 00:32:46,996] {dag.py:2420} INFO - Sync 1 DAGs
[2022-08-09 00:32:47,006] {logging_mixin.py:115} INFO - [2022-08-09 00:32:47,005] {dag.py:2968} INFO - Setting next_dagrun for example_task_group_decorator to 2022-08-08T03:32:47.005756+00:00, run_after=2022-08-09T03:32:47.005756+00:00
[2022-08-09 00:32:47,014] {processor.py:161} INFO - Processing /home/renan/datapipeline/.env/lib/python3.8/site-packages/airflow/example_dags/example_task_group_decorator.py took 0.045 seconds
