[2022-08-08 23:55:05,832] {processor.py:153} INFO - Started process (PID=9841) to work on /home/renan/datapipeline/.env/lib/python3.8/site-packages/airflow/example_dags/tutorial_etl_dag.py
[2022-08-08 23:55:05,832] {processor.py:641} INFO - Processing file /home/renan/datapipeline/.env/lib/python3.8/site-packages/airflow/example_dags/tutorial_etl_dag.py for tasks to queue
[2022-08-08 23:55:05,832] {logging_mixin.py:115} INFO - [2022-08-08 23:55:05,832] {dagbag.py:508} INFO - Filling up the DagBag from /home/renan/datapipeline/.env/lib/python3.8/site-packages/airflow/example_dags/tutorial_etl_dag.py
[2022-08-08 23:55:05,837] {processor.py:651} INFO - DAG(s) dict_keys(['tutorial_etl_dag']) retrieved from /home/renan/datapipeline/.env/lib/python3.8/site-packages/airflow/example_dags/tutorial_etl_dag.py
[2022-08-08 23:55:05,848] {logging_mixin.py:115} INFO - [2022-08-08 23:55:05,848] {dag.py:2420} INFO - Sync 1 DAGs
[2022-08-08 23:55:05,858] {logging_mixin.py:115} INFO - [2022-08-08 23:55:05,858] {dag.py:2968} INFO - Setting next_dagrun for tutorial_etl_dag to None, run_after=None
[2022-08-08 23:55:05,867] {processor.py:161} INFO - Processing /home/renan/datapipeline/.env/lib/python3.8/site-packages/airflow/example_dags/tutorial_etl_dag.py took 0.038 seconds
[2022-08-08 23:55:37,100] {processor.py:153} INFO - Started process (PID=9940) to work on /home/renan/datapipeline/.env/lib/python3.8/site-packages/airflow/example_dags/tutorial_etl_dag.py
[2022-08-08 23:55:37,100] {processor.py:641} INFO - Processing file /home/renan/datapipeline/.env/lib/python3.8/site-packages/airflow/example_dags/tutorial_etl_dag.py for tasks to queue
[2022-08-08 23:55:37,100] {logging_mixin.py:115} INFO - [2022-08-08 23:55:37,100] {dagbag.py:508} INFO - Filling up the DagBag from /home/renan/datapipeline/.env/lib/python3.8/site-packages/airflow/example_dags/tutorial_etl_dag.py
[2022-08-08 23:55:37,105] {processor.py:651} INFO - DAG(s) dict_keys(['tutorial_etl_dag']) retrieved from /home/renan/datapipeline/.env/lib/python3.8/site-packages/airflow/example_dags/tutorial_etl_dag.py
[2022-08-08 23:55:37,115] {logging_mixin.py:115} INFO - [2022-08-08 23:55:37,115] {dag.py:2420} INFO - Sync 1 DAGs
[2022-08-08 23:55:37,124] {logging_mixin.py:115} INFO - [2022-08-08 23:55:37,124] {dag.py:2968} INFO - Setting next_dagrun for tutorial_etl_dag to None, run_after=None
[2022-08-08 23:55:37,133] {processor.py:161} INFO - Processing /home/renan/datapipeline/.env/lib/python3.8/site-packages/airflow/example_dags/tutorial_etl_dag.py took 0.035 seconds
[2022-08-08 23:56:11,244] {processor.py:153} INFO - Started process (PID=10006) to work on /home/renan/datapipeline/.env/lib/python3.8/site-packages/airflow/example_dags/tutorial_etl_dag.py
[2022-08-08 23:56:11,247] {processor.py:641} INFO - Processing file /home/renan/datapipeline/.env/lib/python3.8/site-packages/airflow/example_dags/tutorial_etl_dag.py for tasks to queue
[2022-08-08 23:56:11,247] {logging_mixin.py:115} INFO - [2022-08-08 23:56:11,247] {dagbag.py:508} INFO - Filling up the DagBag from /home/renan/datapipeline/.env/lib/python3.8/site-packages/airflow/example_dags/tutorial_etl_dag.py
[2022-08-08 23:56:11,252] {processor.py:651} INFO - DAG(s) dict_keys(['tutorial_etl_dag']) retrieved from /home/renan/datapipeline/.env/lib/python3.8/site-packages/airflow/example_dags/tutorial_etl_dag.py
[2022-08-08 23:56:11,264] {logging_mixin.py:115} INFO - [2022-08-08 23:56:11,264] {dag.py:2420} INFO - Sync 1 DAGs
[2022-08-08 23:56:11,276] {logging_mixin.py:115} INFO - [2022-08-08 23:56:11,276] {dag.py:2968} INFO - Setting next_dagrun for tutorial_etl_dag to None, run_after=None
[2022-08-08 23:56:11,289] {processor.py:161} INFO - Processing /home/renan/datapipeline/.env/lib/python3.8/site-packages/airflow/example_dags/tutorial_etl_dag.py took 0.047 seconds
[2022-08-08 23:56:44,847] {processor.py:153} INFO - Started process (PID=10069) to work on /home/renan/datapipeline/.env/lib/python3.8/site-packages/airflow/example_dags/tutorial_etl_dag.py
[2022-08-08 23:56:44,848] {processor.py:641} INFO - Processing file /home/renan/datapipeline/.env/lib/python3.8/site-packages/airflow/example_dags/tutorial_etl_dag.py for tasks to queue
[2022-08-08 23:56:44,848] {logging_mixin.py:115} INFO - [2022-08-08 23:56:44,848] {dagbag.py:508} INFO - Filling up the DagBag from /home/renan/datapipeline/.env/lib/python3.8/site-packages/airflow/example_dags/tutorial_etl_dag.py
[2022-08-08 23:56:44,852] {processor.py:651} INFO - DAG(s) dict_keys(['tutorial_etl_dag']) retrieved from /home/renan/datapipeline/.env/lib/python3.8/site-packages/airflow/example_dags/tutorial_etl_dag.py
[2022-08-08 23:56:44,862] {logging_mixin.py:115} INFO - [2022-08-08 23:56:44,862] {dag.py:2420} INFO - Sync 1 DAGs
[2022-08-08 23:56:44,871] {logging_mixin.py:115} INFO - [2022-08-08 23:56:44,871] {dag.py:2968} INFO - Setting next_dagrun for tutorial_etl_dag to None, run_after=None
[2022-08-08 23:56:44,882] {processor.py:161} INFO - Processing /home/renan/datapipeline/.env/lib/python3.8/site-packages/airflow/example_dags/tutorial_etl_dag.py took 0.037 seconds
[2022-08-08 23:59:21,038] {processor.py:153} INFO - Started process (PID=10248) to work on /home/renan/datapipeline/.env/lib/python3.8/site-packages/airflow/example_dags/tutorial_etl_dag.py
[2022-08-08 23:59:21,038] {processor.py:641} INFO - Processing file /home/renan/datapipeline/.env/lib/python3.8/site-packages/airflow/example_dags/tutorial_etl_dag.py for tasks to queue
[2022-08-08 23:59:21,039] {logging_mixin.py:115} INFO - [2022-08-08 23:59:21,039] {dagbag.py:508} INFO - Filling up the DagBag from /home/renan/datapipeline/.env/lib/python3.8/site-packages/airflow/example_dags/tutorial_etl_dag.py
[2022-08-08 23:59:21,044] {processor.py:651} INFO - DAG(s) dict_keys(['tutorial_etl_dag']) retrieved from /home/renan/datapipeline/.env/lib/python3.8/site-packages/airflow/example_dags/tutorial_etl_dag.py
[2022-08-08 23:59:21,058] {logging_mixin.py:115} INFO - [2022-08-08 23:59:21,058] {dag.py:2420} INFO - Sync 1 DAGs
[2022-08-08 23:59:21,070] {logging_mixin.py:115} INFO - [2022-08-08 23:59:21,070] {dag.py:2968} INFO - Setting next_dagrun for tutorial_etl_dag to None, run_after=None
[2022-08-08 23:59:21,083] {processor.py:161} INFO - Processing /home/renan/datapipeline/.env/lib/python3.8/site-packages/airflow/example_dags/tutorial_etl_dag.py took 0.048 seconds
[2022-08-08 23:59:53,580] {processor.py:153} INFO - Started process (PID=10306) to work on /home/renan/datapipeline/.env/lib/python3.8/site-packages/airflow/example_dags/tutorial_etl_dag.py
[2022-08-08 23:59:53,580] {processor.py:641} INFO - Processing file /home/renan/datapipeline/.env/lib/python3.8/site-packages/airflow/example_dags/tutorial_etl_dag.py for tasks to queue
[2022-08-08 23:59:53,581] {logging_mixin.py:115} INFO - [2022-08-08 23:59:53,581] {dagbag.py:508} INFO - Filling up the DagBag from /home/renan/datapipeline/.env/lib/python3.8/site-packages/airflow/example_dags/tutorial_etl_dag.py
[2022-08-08 23:59:53,585] {processor.py:651} INFO - DAG(s) dict_keys(['tutorial_etl_dag']) retrieved from /home/renan/datapipeline/.env/lib/python3.8/site-packages/airflow/example_dags/tutorial_etl_dag.py
[2022-08-08 23:59:53,596] {logging_mixin.py:115} INFO - [2022-08-08 23:59:53,596] {dag.py:2420} INFO - Sync 1 DAGs
[2022-08-08 23:59:53,605] {logging_mixin.py:115} INFO - [2022-08-08 23:59:53,605] {dag.py:2968} INFO - Setting next_dagrun for tutorial_etl_dag to None, run_after=None
[2022-08-08 23:59:53,614] {processor.py:161} INFO - Processing /home/renan/datapipeline/.env/lib/python3.8/site-packages/airflow/example_dags/tutorial_etl_dag.py took 0.036 seconds
[2022-08-09 00:00:27,779] {processor.py:153} INFO - Started process (PID=10385) to work on /home/renan/datapipeline/.env/lib/python3.8/site-packages/airflow/example_dags/tutorial_etl_dag.py
[2022-08-09 00:00:27,780] {processor.py:641} INFO - Processing file /home/renan/datapipeline/.env/lib/python3.8/site-packages/airflow/example_dags/tutorial_etl_dag.py for tasks to queue
[2022-08-09 00:00:27,780] {logging_mixin.py:115} INFO - [2022-08-09 00:00:27,780] {dagbag.py:508} INFO - Filling up the DagBag from /home/renan/datapipeline/.env/lib/python3.8/site-packages/airflow/example_dags/tutorial_etl_dag.py
[2022-08-09 00:00:27,784] {processor.py:651} INFO - DAG(s) dict_keys(['tutorial_etl_dag']) retrieved from /home/renan/datapipeline/.env/lib/python3.8/site-packages/airflow/example_dags/tutorial_etl_dag.py
[2022-08-09 00:00:27,795] {logging_mixin.py:115} INFO - [2022-08-09 00:00:27,795] {dag.py:2420} INFO - Sync 1 DAGs
[2022-08-09 00:00:27,806] {logging_mixin.py:115} INFO - [2022-08-09 00:00:27,806] {dag.py:2968} INFO - Setting next_dagrun for tutorial_etl_dag to None, run_after=None
[2022-08-09 00:00:27,818] {processor.py:161} INFO - Processing /home/renan/datapipeline/.env/lib/python3.8/site-packages/airflow/example_dags/tutorial_etl_dag.py took 0.040 seconds
[2022-08-09 00:01:00,271] {processor.py:153} INFO - Started process (PID=10432) to work on /home/renan/datapipeline/.env/lib/python3.8/site-packages/airflow/example_dags/tutorial_etl_dag.py
[2022-08-09 00:01:00,271] {processor.py:641} INFO - Processing file /home/renan/datapipeline/.env/lib/python3.8/site-packages/airflow/example_dags/tutorial_etl_dag.py for tasks to queue
[2022-08-09 00:01:00,271] {logging_mixin.py:115} INFO - [2022-08-09 00:01:00,271] {dagbag.py:508} INFO - Filling up the DagBag from /home/renan/datapipeline/.env/lib/python3.8/site-packages/airflow/example_dags/tutorial_etl_dag.py
[2022-08-09 00:01:00,276] {processor.py:651} INFO - DAG(s) dict_keys(['tutorial_etl_dag']) retrieved from /home/renan/datapipeline/.env/lib/python3.8/site-packages/airflow/example_dags/tutorial_etl_dag.py
[2022-08-09 00:01:00,287] {logging_mixin.py:115} INFO - [2022-08-09 00:01:00,287] {dag.py:2420} INFO - Sync 1 DAGs
[2022-08-09 00:01:00,299] {logging_mixin.py:115} INFO - [2022-08-09 00:01:00,299] {dag.py:2968} INFO - Setting next_dagrun for tutorial_etl_dag to None, run_after=None
[2022-08-09 00:01:00,311] {processor.py:161} INFO - Processing /home/renan/datapipeline/.env/lib/python3.8/site-packages/airflow/example_dags/tutorial_etl_dag.py took 0.042 seconds
[2022-08-09 00:01:34,479] {processor.py:153} INFO - Started process (PID=10470) to work on /home/renan/datapipeline/.env/lib/python3.8/site-packages/airflow/example_dags/tutorial_etl_dag.py
[2022-08-09 00:01:34,479] {processor.py:641} INFO - Processing file /home/renan/datapipeline/.env/lib/python3.8/site-packages/airflow/example_dags/tutorial_etl_dag.py for tasks to queue
[2022-08-09 00:01:34,479] {logging_mixin.py:115} INFO - [2022-08-09 00:01:34,479] {dagbag.py:508} INFO - Filling up the DagBag from /home/renan/datapipeline/.env/lib/python3.8/site-packages/airflow/example_dags/tutorial_etl_dag.py
[2022-08-09 00:01:34,483] {processor.py:651} INFO - DAG(s) dict_keys(['tutorial_etl_dag']) retrieved from /home/renan/datapipeline/.env/lib/python3.8/site-packages/airflow/example_dags/tutorial_etl_dag.py
[2022-08-09 00:01:34,495] {logging_mixin.py:115} INFO - [2022-08-09 00:01:34,495] {dag.py:2420} INFO - Sync 1 DAGs
[2022-08-09 00:01:34,505] {logging_mixin.py:115} INFO - [2022-08-09 00:01:34,505] {dag.py:2968} INFO - Setting next_dagrun for tutorial_etl_dag to None, run_after=None
[2022-08-09 00:01:34,515] {processor.py:161} INFO - Processing /home/renan/datapipeline/.env/lib/python3.8/site-packages/airflow/example_dags/tutorial_etl_dag.py took 0.038 seconds
[2022-08-09 00:02:08,167] {processor.py:153} INFO - Started process (PID=10506) to work on /home/renan/datapipeline/.env/lib/python3.8/site-packages/airflow/example_dags/tutorial_etl_dag.py
[2022-08-09 00:02:08,168] {processor.py:641} INFO - Processing file /home/renan/datapipeline/.env/lib/python3.8/site-packages/airflow/example_dags/tutorial_etl_dag.py for tasks to queue
[2022-08-09 00:02:08,168] {logging_mixin.py:115} INFO - [2022-08-09 00:02:08,168] {dagbag.py:508} INFO - Filling up the DagBag from /home/renan/datapipeline/.env/lib/python3.8/site-packages/airflow/example_dags/tutorial_etl_dag.py
[2022-08-09 00:02:08,175] {processor.py:651} INFO - DAG(s) dict_keys(['tutorial_etl_dag']) retrieved from /home/renan/datapipeline/.env/lib/python3.8/site-packages/airflow/example_dags/tutorial_etl_dag.py
[2022-08-09 00:02:08,187] {logging_mixin.py:115} INFO - [2022-08-09 00:02:08,187] {dag.py:2420} INFO - Sync 1 DAGs
[2022-08-09 00:02:08,199] {logging_mixin.py:115} INFO - [2022-08-09 00:02:08,199] {dag.py:2968} INFO - Setting next_dagrun for tutorial_etl_dag to None, run_after=None
[2022-08-09 00:02:08,209] {processor.py:161} INFO - Processing /home/renan/datapipeline/.env/lib/python3.8/site-packages/airflow/example_dags/tutorial_etl_dag.py took 0.044 seconds
[2022-08-09 00:02:39,965] {processor.py:153} INFO - Started process (PID=10550) to work on /home/renan/datapipeline/.env/lib/python3.8/site-packages/airflow/example_dags/tutorial_etl_dag.py
[2022-08-09 00:02:39,965] {processor.py:641} INFO - Processing file /home/renan/datapipeline/.env/lib/python3.8/site-packages/airflow/example_dags/tutorial_etl_dag.py for tasks to queue
[2022-08-09 00:02:39,965] {logging_mixin.py:115} INFO - [2022-08-09 00:02:39,965] {dagbag.py:508} INFO - Filling up the DagBag from /home/renan/datapipeline/.env/lib/python3.8/site-packages/airflow/example_dags/tutorial_etl_dag.py
[2022-08-09 00:02:39,970] {processor.py:651} INFO - DAG(s) dict_keys(['tutorial_etl_dag']) retrieved from /home/renan/datapipeline/.env/lib/python3.8/site-packages/airflow/example_dags/tutorial_etl_dag.py
[2022-08-09 00:02:39,980] {logging_mixin.py:115} INFO - [2022-08-09 00:02:39,980] {dag.py:2420} INFO - Sync 1 DAGs
[2022-08-09 00:02:39,989] {logging_mixin.py:115} INFO - [2022-08-09 00:02:39,989] {dag.py:2968} INFO - Setting next_dagrun for tutorial_etl_dag to None, run_after=None
[2022-08-09 00:02:39,997] {processor.py:161} INFO - Processing /home/renan/datapipeline/.env/lib/python3.8/site-packages/airflow/example_dags/tutorial_etl_dag.py took 0.034 seconds
[2022-08-09 00:03:14,871] {processor.py:153} INFO - Started process (PID=10595) to work on /home/renan/datapipeline/.env/lib/python3.8/site-packages/airflow/example_dags/tutorial_etl_dag.py
[2022-08-09 00:03:14,871] {processor.py:641} INFO - Processing file /home/renan/datapipeline/.env/lib/python3.8/site-packages/airflow/example_dags/tutorial_etl_dag.py for tasks to queue
[2022-08-09 00:03:14,872] {logging_mixin.py:115} INFO - [2022-08-09 00:03:14,872] {dagbag.py:508} INFO - Filling up the DagBag from /home/renan/datapipeline/.env/lib/python3.8/site-packages/airflow/example_dags/tutorial_etl_dag.py
[2022-08-09 00:03:14,876] {processor.py:651} INFO - DAG(s) dict_keys(['tutorial_etl_dag']) retrieved from /home/renan/datapipeline/.env/lib/python3.8/site-packages/airflow/example_dags/tutorial_etl_dag.py
[2022-08-09 00:03:14,888] {logging_mixin.py:115} INFO - [2022-08-09 00:03:14,888] {dag.py:2420} INFO - Sync 1 DAGs
[2022-08-09 00:03:14,898] {logging_mixin.py:115} INFO - [2022-08-09 00:03:14,898] {dag.py:2968} INFO - Setting next_dagrun for tutorial_etl_dag to None, run_after=None
[2022-08-09 00:03:14,907] {processor.py:161} INFO - Processing /home/renan/datapipeline/.env/lib/python3.8/site-packages/airflow/example_dags/tutorial_etl_dag.py took 0.038 seconds
[2022-08-09 00:03:47,844] {processor.py:153} INFO - Started process (PID=10641) to work on /home/renan/datapipeline/.env/lib/python3.8/site-packages/airflow/example_dags/tutorial_etl_dag.py
[2022-08-09 00:03:47,845] {processor.py:641} INFO - Processing file /home/renan/datapipeline/.env/lib/python3.8/site-packages/airflow/example_dags/tutorial_etl_dag.py for tasks to queue
[2022-08-09 00:03:47,845] {logging_mixin.py:115} INFO - [2022-08-09 00:03:47,845] {dagbag.py:508} INFO - Filling up the DagBag from /home/renan/datapipeline/.env/lib/python3.8/site-packages/airflow/example_dags/tutorial_etl_dag.py
[2022-08-09 00:03:47,850] {processor.py:651} INFO - DAG(s) dict_keys(['tutorial_etl_dag']) retrieved from /home/renan/datapipeline/.env/lib/python3.8/site-packages/airflow/example_dags/tutorial_etl_dag.py
[2022-08-09 00:03:47,863] {logging_mixin.py:115} INFO - [2022-08-09 00:03:47,863] {dag.py:2420} INFO - Sync 1 DAGs
[2022-08-09 00:03:47,874] {logging_mixin.py:115} INFO - [2022-08-09 00:03:47,874] {dag.py:2968} INFO - Setting next_dagrun for tutorial_etl_dag to None, run_after=None
[2022-08-09 00:03:47,885] {processor.py:161} INFO - Processing /home/renan/datapipeline/.env/lib/python3.8/site-packages/airflow/example_dags/tutorial_etl_dag.py took 0.043 seconds
[2022-08-09 00:04:21,237] {processor.py:153} INFO - Started process (PID=10676) to work on /home/renan/datapipeline/.env/lib/python3.8/site-packages/airflow/example_dags/tutorial_etl_dag.py
[2022-08-09 00:04:21,238] {processor.py:641} INFO - Processing file /home/renan/datapipeline/.env/lib/python3.8/site-packages/airflow/example_dags/tutorial_etl_dag.py for tasks to queue
[2022-08-09 00:04:21,238] {logging_mixin.py:115} INFO - [2022-08-09 00:04:21,238] {dagbag.py:508} INFO - Filling up the DagBag from /home/renan/datapipeline/.env/lib/python3.8/site-packages/airflow/example_dags/tutorial_etl_dag.py
[2022-08-09 00:04:21,242] {processor.py:651} INFO - DAG(s) dict_keys(['tutorial_etl_dag']) retrieved from /home/renan/datapipeline/.env/lib/python3.8/site-packages/airflow/example_dags/tutorial_etl_dag.py
[2022-08-09 00:04:21,252] {logging_mixin.py:115} INFO - [2022-08-09 00:04:21,252] {dag.py:2420} INFO - Sync 1 DAGs
[2022-08-09 00:04:21,263] {logging_mixin.py:115} INFO - [2022-08-09 00:04:21,263] {dag.py:2968} INFO - Setting next_dagrun for tutorial_etl_dag to None, run_after=None
[2022-08-09 00:04:21,271] {processor.py:161} INFO - Processing /home/renan/datapipeline/.env/lib/python3.8/site-packages/airflow/example_dags/tutorial_etl_dag.py took 0.036 seconds
[2022-08-09 00:04:55,007] {processor.py:153} INFO - Started process (PID=10731) to work on /home/renan/datapipeline/.env/lib/python3.8/site-packages/airflow/example_dags/tutorial_etl_dag.py
[2022-08-09 00:04:55,007] {processor.py:641} INFO - Processing file /home/renan/datapipeline/.env/lib/python3.8/site-packages/airflow/example_dags/tutorial_etl_dag.py for tasks to queue
[2022-08-09 00:04:55,007] {logging_mixin.py:115} INFO - [2022-08-09 00:04:55,007] {dagbag.py:508} INFO - Filling up the DagBag from /home/renan/datapipeline/.env/lib/python3.8/site-packages/airflow/example_dags/tutorial_etl_dag.py
[2022-08-09 00:04:55,014] {processor.py:651} INFO - DAG(s) dict_keys(['tutorial_etl_dag']) retrieved from /home/renan/datapipeline/.env/lib/python3.8/site-packages/airflow/example_dags/tutorial_etl_dag.py
[2022-08-09 00:04:55,026] {logging_mixin.py:115} INFO - [2022-08-09 00:04:55,026] {dag.py:2420} INFO - Sync 1 DAGs
[2022-08-09 00:04:55,038] {logging_mixin.py:115} INFO - [2022-08-09 00:04:55,038] {dag.py:2968} INFO - Setting next_dagrun for tutorial_etl_dag to None, run_after=None
[2022-08-09 00:04:55,048] {processor.py:161} INFO - Processing /home/renan/datapipeline/.env/lib/python3.8/site-packages/airflow/example_dags/tutorial_etl_dag.py took 0.043 seconds
[2022-08-09 00:05:27,077] {processor.py:153} INFO - Started process (PID=10775) to work on /home/renan/datapipeline/.env/lib/python3.8/site-packages/airflow/example_dags/tutorial_etl_dag.py
[2022-08-09 00:05:27,077] {processor.py:641} INFO - Processing file /home/renan/datapipeline/.env/lib/python3.8/site-packages/airflow/example_dags/tutorial_etl_dag.py for tasks to queue
[2022-08-09 00:05:27,078] {logging_mixin.py:115} INFO - [2022-08-09 00:05:27,078] {dagbag.py:508} INFO - Filling up the DagBag from /home/renan/datapipeline/.env/lib/python3.8/site-packages/airflow/example_dags/tutorial_etl_dag.py
[2022-08-09 00:05:27,081] {processor.py:651} INFO - DAG(s) dict_keys(['tutorial_etl_dag']) retrieved from /home/renan/datapipeline/.env/lib/python3.8/site-packages/airflow/example_dags/tutorial_etl_dag.py
[2022-08-09 00:05:27,092] {logging_mixin.py:115} INFO - [2022-08-09 00:05:27,092] {dag.py:2420} INFO - Sync 1 DAGs
[2022-08-09 00:05:27,102] {logging_mixin.py:115} INFO - [2022-08-09 00:05:27,102] {dag.py:2968} INFO - Setting next_dagrun for tutorial_etl_dag to None, run_after=None
[2022-08-09 00:05:27,111] {processor.py:161} INFO - Processing /home/renan/datapipeline/.env/lib/python3.8/site-packages/airflow/example_dags/tutorial_etl_dag.py took 0.036 seconds
[2022-08-09 00:05:58,974] {processor.py:153} INFO - Started process (PID=10810) to work on /home/renan/datapipeline/.env/lib/python3.8/site-packages/airflow/example_dags/tutorial_etl_dag.py
[2022-08-09 00:05:58,975] {processor.py:641} INFO - Processing file /home/renan/datapipeline/.env/lib/python3.8/site-packages/airflow/example_dags/tutorial_etl_dag.py for tasks to queue
[2022-08-09 00:05:58,975] {logging_mixin.py:115} INFO - [2022-08-09 00:05:58,975] {dagbag.py:508} INFO - Filling up the DagBag from /home/renan/datapipeline/.env/lib/python3.8/site-packages/airflow/example_dags/tutorial_etl_dag.py
[2022-08-09 00:05:58,979] {processor.py:651} INFO - DAG(s) dict_keys(['tutorial_etl_dag']) retrieved from /home/renan/datapipeline/.env/lib/python3.8/site-packages/airflow/example_dags/tutorial_etl_dag.py
[2022-08-09 00:05:58,989] {logging_mixin.py:115} INFO - [2022-08-09 00:05:58,989] {dag.py:2420} INFO - Sync 1 DAGs
[2022-08-09 00:05:58,999] {logging_mixin.py:115} INFO - [2022-08-09 00:05:58,998] {dag.py:2968} INFO - Setting next_dagrun for tutorial_etl_dag to None, run_after=None
[2022-08-09 00:05:59,007] {processor.py:161} INFO - Processing /home/renan/datapipeline/.env/lib/python3.8/site-packages/airflow/example_dags/tutorial_etl_dag.py took 0.034 seconds
[2022-08-09 00:06:34,909] {processor.py:153} INFO - Started process (PID=10862) to work on /home/renan/datapipeline/.env/lib/python3.8/site-packages/airflow/example_dags/tutorial_etl_dag.py
[2022-08-09 00:06:34,909] {processor.py:641} INFO - Processing file /home/renan/datapipeline/.env/lib/python3.8/site-packages/airflow/example_dags/tutorial_etl_dag.py for tasks to queue
[2022-08-09 00:06:34,910] {logging_mixin.py:115} INFO - [2022-08-09 00:06:34,910] {dagbag.py:508} INFO - Filling up the DagBag from /home/renan/datapipeline/.env/lib/python3.8/site-packages/airflow/example_dags/tutorial_etl_dag.py
[2022-08-09 00:06:34,914] {processor.py:651} INFO - DAG(s) dict_keys(['tutorial_etl_dag']) retrieved from /home/renan/datapipeline/.env/lib/python3.8/site-packages/airflow/example_dags/tutorial_etl_dag.py
[2022-08-09 00:06:34,925] {logging_mixin.py:115} INFO - [2022-08-09 00:06:34,925] {dag.py:2420} INFO - Sync 1 DAGs
[2022-08-09 00:06:34,935] {logging_mixin.py:115} INFO - [2022-08-09 00:06:34,935] {dag.py:2968} INFO - Setting next_dagrun for tutorial_etl_dag to None, run_after=None
[2022-08-09 00:06:34,945] {processor.py:161} INFO - Processing /home/renan/datapipeline/.env/lib/python3.8/site-packages/airflow/example_dags/tutorial_etl_dag.py took 0.038 seconds
[2022-08-09 00:07:09,664] {processor.py:153} INFO - Started process (PID=10913) to work on /home/renan/datapipeline/.env/lib/python3.8/site-packages/airflow/example_dags/tutorial_etl_dag.py
[2022-08-09 00:07:09,664] {processor.py:641} INFO - Processing file /home/renan/datapipeline/.env/lib/python3.8/site-packages/airflow/example_dags/tutorial_etl_dag.py for tasks to queue
[2022-08-09 00:07:09,665] {logging_mixin.py:115} INFO - [2022-08-09 00:07:09,665] {dagbag.py:508} INFO - Filling up the DagBag from /home/renan/datapipeline/.env/lib/python3.8/site-packages/airflow/example_dags/tutorial_etl_dag.py
[2022-08-09 00:07:09,669] {processor.py:651} INFO - DAG(s) dict_keys(['tutorial_etl_dag']) retrieved from /home/renan/datapipeline/.env/lib/python3.8/site-packages/airflow/example_dags/tutorial_etl_dag.py
[2022-08-09 00:07:09,681] {logging_mixin.py:115} INFO - [2022-08-09 00:07:09,681] {dag.py:2420} INFO - Sync 1 DAGs
[2022-08-09 00:07:09,691] {logging_mixin.py:115} INFO - [2022-08-09 00:07:09,691] {dag.py:2968} INFO - Setting next_dagrun for tutorial_etl_dag to None, run_after=None
[2022-08-09 00:07:09,705] {processor.py:161} INFO - Processing /home/renan/datapipeline/.env/lib/python3.8/site-packages/airflow/example_dags/tutorial_etl_dag.py took 0.043 seconds
[2022-08-09 00:07:42,473] {processor.py:153} INFO - Started process (PID=10952) to work on /home/renan/datapipeline/.env/lib/python3.8/site-packages/airflow/example_dags/tutorial_etl_dag.py
[2022-08-09 00:07:42,473] {processor.py:641} INFO - Processing file /home/renan/datapipeline/.env/lib/python3.8/site-packages/airflow/example_dags/tutorial_etl_dag.py for tasks to queue
[2022-08-09 00:07:42,473] {logging_mixin.py:115} INFO - [2022-08-09 00:07:42,473] {dagbag.py:508} INFO - Filling up the DagBag from /home/renan/datapipeline/.env/lib/python3.8/site-packages/airflow/example_dags/tutorial_etl_dag.py
[2022-08-09 00:07:42,478] {processor.py:651} INFO - DAG(s) dict_keys(['tutorial_etl_dag']) retrieved from /home/renan/datapipeline/.env/lib/python3.8/site-packages/airflow/example_dags/tutorial_etl_dag.py
[2022-08-09 00:07:42,490] {logging_mixin.py:115} INFO - [2022-08-09 00:07:42,490] {dag.py:2420} INFO - Sync 1 DAGs
[2022-08-09 00:07:42,502] {logging_mixin.py:115} INFO - [2022-08-09 00:07:42,502] {dag.py:2968} INFO - Setting next_dagrun for tutorial_etl_dag to None, run_after=None
[2022-08-09 00:07:42,512] {processor.py:161} INFO - Processing /home/renan/datapipeline/.env/lib/python3.8/site-packages/airflow/example_dags/tutorial_etl_dag.py took 0.041 seconds
[2022-08-09 00:08:17,498] {processor.py:153} INFO - Started process (PID=10989) to work on /home/renan/datapipeline/.env/lib/python3.8/site-packages/airflow/example_dags/tutorial_etl_dag.py
[2022-08-09 00:08:17,499] {processor.py:641} INFO - Processing file /home/renan/datapipeline/.env/lib/python3.8/site-packages/airflow/example_dags/tutorial_etl_dag.py for tasks to queue
[2022-08-09 00:08:17,499] {logging_mixin.py:115} INFO - [2022-08-09 00:08:17,499] {dagbag.py:508} INFO - Filling up the DagBag from /home/renan/datapipeline/.env/lib/python3.8/site-packages/airflow/example_dags/tutorial_etl_dag.py
[2022-08-09 00:08:17,503] {processor.py:651} INFO - DAG(s) dict_keys(['tutorial_etl_dag']) retrieved from /home/renan/datapipeline/.env/lib/python3.8/site-packages/airflow/example_dags/tutorial_etl_dag.py
[2022-08-09 00:08:17,514] {logging_mixin.py:115} INFO - [2022-08-09 00:08:17,514] {dag.py:2420} INFO - Sync 1 DAGs
[2022-08-09 00:08:17,523] {logging_mixin.py:115} INFO - [2022-08-09 00:08:17,523] {dag.py:2968} INFO - Setting next_dagrun for tutorial_etl_dag to None, run_after=None
[2022-08-09 00:08:17,531] {processor.py:161} INFO - Processing /home/renan/datapipeline/.env/lib/python3.8/site-packages/airflow/example_dags/tutorial_etl_dag.py took 0.035 seconds
[2022-08-09 00:08:50,446] {processor.py:153} INFO - Started process (PID=11026) to work on /home/renan/datapipeline/.env/lib/python3.8/site-packages/airflow/example_dags/tutorial_etl_dag.py
[2022-08-09 00:08:50,447] {processor.py:641} INFO - Processing file /home/renan/datapipeline/.env/lib/python3.8/site-packages/airflow/example_dags/tutorial_etl_dag.py for tasks to queue
[2022-08-09 00:08:50,447] {logging_mixin.py:115} INFO - [2022-08-09 00:08:50,447] {dagbag.py:508} INFO - Filling up the DagBag from /home/renan/datapipeline/.env/lib/python3.8/site-packages/airflow/example_dags/tutorial_etl_dag.py
[2022-08-09 00:08:50,451] {processor.py:651} INFO - DAG(s) dict_keys(['tutorial_etl_dag']) retrieved from /home/renan/datapipeline/.env/lib/python3.8/site-packages/airflow/example_dags/tutorial_etl_dag.py
[2022-08-09 00:08:50,462] {logging_mixin.py:115} INFO - [2022-08-09 00:08:50,462] {dag.py:2420} INFO - Sync 1 DAGs
[2022-08-09 00:08:50,471] {logging_mixin.py:115} INFO - [2022-08-09 00:08:50,471] {dag.py:2968} INFO - Setting next_dagrun for tutorial_etl_dag to None, run_after=None
[2022-08-09 00:08:50,480] {processor.py:161} INFO - Processing /home/renan/datapipeline/.env/lib/python3.8/site-packages/airflow/example_dags/tutorial_etl_dag.py took 0.035 seconds
[2022-08-09 00:09:23,001] {processor.py:153} INFO - Started process (PID=11059) to work on /home/renan/datapipeline/.env/lib/python3.8/site-packages/airflow/example_dags/tutorial_etl_dag.py
[2022-08-09 00:09:23,001] {processor.py:641} INFO - Processing file /home/renan/datapipeline/.env/lib/python3.8/site-packages/airflow/example_dags/tutorial_etl_dag.py for tasks to queue
[2022-08-09 00:09:23,002] {logging_mixin.py:115} INFO - [2022-08-09 00:09:23,002] {dagbag.py:508} INFO - Filling up the DagBag from /home/renan/datapipeline/.env/lib/python3.8/site-packages/airflow/example_dags/tutorial_etl_dag.py
[2022-08-09 00:09:23,008] {processor.py:651} INFO - DAG(s) dict_keys(['tutorial_etl_dag']) retrieved from /home/renan/datapipeline/.env/lib/python3.8/site-packages/airflow/example_dags/tutorial_etl_dag.py
[2022-08-09 00:09:23,016] {logging_mixin.py:115} INFO - [2022-08-09 00:09:23,016] {dag.py:2420} INFO - Sync 1 DAGs
[2022-08-09 00:09:23,025] {logging_mixin.py:115} INFO - [2022-08-09 00:09:23,025] {dag.py:2968} INFO - Setting next_dagrun for tutorial_etl_dag to None, run_after=None
[2022-08-09 00:09:23,034] {processor.py:161} INFO - Processing /home/renan/datapipeline/.env/lib/python3.8/site-packages/airflow/example_dags/tutorial_etl_dag.py took 0.035 seconds
[2022-08-09 00:09:54,906] {processor.py:153} INFO - Started process (PID=11094) to work on /home/renan/datapipeline/.env/lib/python3.8/site-packages/airflow/example_dags/tutorial_etl_dag.py
[2022-08-09 00:09:54,906] {processor.py:641} INFO - Processing file /home/renan/datapipeline/.env/lib/python3.8/site-packages/airflow/example_dags/tutorial_etl_dag.py for tasks to queue
[2022-08-09 00:09:54,906] {logging_mixin.py:115} INFO - [2022-08-09 00:09:54,906] {dagbag.py:508} INFO - Filling up the DagBag from /home/renan/datapipeline/.env/lib/python3.8/site-packages/airflow/example_dags/tutorial_etl_dag.py
[2022-08-09 00:09:54,912] {processor.py:651} INFO - DAG(s) dict_keys(['tutorial_etl_dag']) retrieved from /home/renan/datapipeline/.env/lib/python3.8/site-packages/airflow/example_dags/tutorial_etl_dag.py
[2022-08-09 00:09:54,921] {logging_mixin.py:115} INFO - [2022-08-09 00:09:54,921] {dag.py:2420} INFO - Sync 1 DAGs
[2022-08-09 00:09:54,930] {logging_mixin.py:115} INFO - [2022-08-09 00:09:54,930] {dag.py:2968} INFO - Setting next_dagrun for tutorial_etl_dag to None, run_after=None
[2022-08-09 00:09:54,939] {processor.py:161} INFO - Processing /home/renan/datapipeline/.env/lib/python3.8/site-packages/airflow/example_dags/tutorial_etl_dag.py took 0.034 seconds
[2022-08-09 00:10:29,702] {processor.py:153} INFO - Started process (PID=11135) to work on /home/renan/datapipeline/.env/lib/python3.8/site-packages/airflow/example_dags/tutorial_etl_dag.py
[2022-08-09 00:10:29,703] {processor.py:641} INFO - Processing file /home/renan/datapipeline/.env/lib/python3.8/site-packages/airflow/example_dags/tutorial_etl_dag.py for tasks to queue
[2022-08-09 00:10:29,703] {logging_mixin.py:115} INFO - [2022-08-09 00:10:29,703] {dagbag.py:508} INFO - Filling up the DagBag from /home/renan/datapipeline/.env/lib/python3.8/site-packages/airflow/example_dags/tutorial_etl_dag.py
[2022-08-09 00:10:29,709] {processor.py:651} INFO - DAG(s) dict_keys(['tutorial_etl_dag']) retrieved from /home/renan/datapipeline/.env/lib/python3.8/site-packages/airflow/example_dags/tutorial_etl_dag.py
[2022-08-09 00:10:29,717] {logging_mixin.py:115} INFO - [2022-08-09 00:10:29,717] {dag.py:2420} INFO - Sync 1 DAGs
[2022-08-09 00:10:29,727] {logging_mixin.py:115} INFO - [2022-08-09 00:10:29,727] {dag.py:2968} INFO - Setting next_dagrun for tutorial_etl_dag to None, run_after=None
[2022-08-09 00:10:29,735] {processor.py:161} INFO - Processing /home/renan/datapipeline/.env/lib/python3.8/site-packages/airflow/example_dags/tutorial_etl_dag.py took 0.035 seconds
[2022-08-09 00:11:05,586] {processor.py:153} INFO - Started process (PID=11190) to work on /home/renan/datapipeline/.env/lib/python3.8/site-packages/airflow/example_dags/tutorial_etl_dag.py
[2022-08-09 00:11:05,587] {processor.py:641} INFO - Processing file /home/renan/datapipeline/.env/lib/python3.8/site-packages/airflow/example_dags/tutorial_etl_dag.py for tasks to queue
[2022-08-09 00:11:05,587] {logging_mixin.py:115} INFO - [2022-08-09 00:11:05,587] {dagbag.py:508} INFO - Filling up the DagBag from /home/renan/datapipeline/.env/lib/python3.8/site-packages/airflow/example_dags/tutorial_etl_dag.py
[2022-08-09 00:11:05,593] {processor.py:651} INFO - DAG(s) dict_keys(['tutorial_etl_dag']) retrieved from /home/renan/datapipeline/.env/lib/python3.8/site-packages/airflow/example_dags/tutorial_etl_dag.py
[2022-08-09 00:11:05,601] {logging_mixin.py:115} INFO - [2022-08-09 00:11:05,601] {dag.py:2420} INFO - Sync 1 DAGs
[2022-08-09 00:11:05,610] {logging_mixin.py:115} INFO - [2022-08-09 00:11:05,610] {dag.py:2968} INFO - Setting next_dagrun for tutorial_etl_dag to None, run_after=None
[2022-08-09 00:11:05,619] {processor.py:161} INFO - Processing /home/renan/datapipeline/.env/lib/python3.8/site-packages/airflow/example_dags/tutorial_etl_dag.py took 0.034 seconds
[2022-08-09 00:11:38,648] {processor.py:153} INFO - Started process (PID=11226) to work on /home/renan/datapipeline/.env/lib/python3.8/site-packages/airflow/example_dags/tutorial_etl_dag.py
[2022-08-09 00:11:38,648] {processor.py:641} INFO - Processing file /home/renan/datapipeline/.env/lib/python3.8/site-packages/airflow/example_dags/tutorial_etl_dag.py for tasks to queue
[2022-08-09 00:11:38,648] {logging_mixin.py:115} INFO - [2022-08-09 00:11:38,648] {dagbag.py:508} INFO - Filling up the DagBag from /home/renan/datapipeline/.env/lib/python3.8/site-packages/airflow/example_dags/tutorial_etl_dag.py
[2022-08-09 00:11:38,654] {processor.py:651} INFO - DAG(s) dict_keys(['tutorial_etl_dag']) retrieved from /home/renan/datapipeline/.env/lib/python3.8/site-packages/airflow/example_dags/tutorial_etl_dag.py
[2022-08-09 00:11:38,663] {logging_mixin.py:115} INFO - [2022-08-09 00:11:38,663] {dag.py:2420} INFO - Sync 1 DAGs
[2022-08-09 00:11:38,672] {logging_mixin.py:115} INFO - [2022-08-09 00:11:38,672] {dag.py:2968} INFO - Setting next_dagrun for tutorial_etl_dag to None, run_after=None
[2022-08-09 00:11:38,681] {processor.py:161} INFO - Processing /home/renan/datapipeline/.env/lib/python3.8/site-packages/airflow/example_dags/tutorial_etl_dag.py took 0.034 seconds
[2022-08-09 00:12:11,707] {processor.py:153} INFO - Started process (PID=11276) to work on /home/renan/datapipeline/.env/lib/python3.8/site-packages/airflow/example_dags/tutorial_etl_dag.py
[2022-08-09 00:12:11,708] {processor.py:641} INFO - Processing file /home/renan/datapipeline/.env/lib/python3.8/site-packages/airflow/example_dags/tutorial_etl_dag.py for tasks to queue
[2022-08-09 00:12:11,708] {logging_mixin.py:115} INFO - [2022-08-09 00:12:11,708] {dagbag.py:508} INFO - Filling up the DagBag from /home/renan/datapipeline/.env/lib/python3.8/site-packages/airflow/example_dags/tutorial_etl_dag.py
[2022-08-09 00:12:11,714] {processor.py:651} INFO - DAG(s) dict_keys(['tutorial_etl_dag']) retrieved from /home/renan/datapipeline/.env/lib/python3.8/site-packages/airflow/example_dags/tutorial_etl_dag.py
[2022-08-09 00:12:11,723] {logging_mixin.py:115} INFO - [2022-08-09 00:12:11,723] {dag.py:2420} INFO - Sync 1 DAGs
[2022-08-09 00:12:11,734] {logging_mixin.py:115} INFO - [2022-08-09 00:12:11,733] {dag.py:2968} INFO - Setting next_dagrun for tutorial_etl_dag to None, run_after=None
[2022-08-09 00:12:11,743] {processor.py:161} INFO - Processing /home/renan/datapipeline/.env/lib/python3.8/site-packages/airflow/example_dags/tutorial_etl_dag.py took 0.037 seconds
[2022-08-09 00:12:45,986] {processor.py:153} INFO - Started process (PID=11330) to work on /home/renan/datapipeline/.env/lib/python3.8/site-packages/airflow/example_dags/tutorial_etl_dag.py
[2022-08-09 00:12:45,988] {processor.py:641} INFO - Processing file /home/renan/datapipeline/.env/lib/python3.8/site-packages/airflow/example_dags/tutorial_etl_dag.py for tasks to queue
[2022-08-09 00:12:45,988] {logging_mixin.py:115} INFO - [2022-08-09 00:12:45,988] {dagbag.py:508} INFO - Filling up the DagBag from /home/renan/datapipeline/.env/lib/python3.8/site-packages/airflow/example_dags/tutorial_etl_dag.py
[2022-08-09 00:12:46,001] {processor.py:651} INFO - DAG(s) dict_keys(['tutorial_etl_dag']) retrieved from /home/renan/datapipeline/.env/lib/python3.8/site-packages/airflow/example_dags/tutorial_etl_dag.py
[2022-08-09 00:12:46,021] {logging_mixin.py:115} INFO - [2022-08-09 00:12:46,020] {dag.py:2420} INFO - Sync 1 DAGs
[2022-08-09 00:12:46,039] {logging_mixin.py:115} INFO - [2022-08-09 00:12:46,039] {dag.py:2968} INFO - Setting next_dagrun for tutorial_etl_dag to None, run_after=None
[2022-08-09 00:12:46,056] {processor.py:161} INFO - Processing /home/renan/datapipeline/.env/lib/python3.8/site-packages/airflow/example_dags/tutorial_etl_dag.py took 0.072 seconds
[2022-08-09 00:13:18,596] {processor.py:153} INFO - Started process (PID=11377) to work on /home/renan/datapipeline/.env/lib/python3.8/site-packages/airflow/example_dags/tutorial_etl_dag.py
[2022-08-09 00:13:18,596] {processor.py:641} INFO - Processing file /home/renan/datapipeline/.env/lib/python3.8/site-packages/airflow/example_dags/tutorial_etl_dag.py for tasks to queue
[2022-08-09 00:13:18,597] {logging_mixin.py:115} INFO - [2022-08-09 00:13:18,597] {dagbag.py:508} INFO - Filling up the DagBag from /home/renan/datapipeline/.env/lib/python3.8/site-packages/airflow/example_dags/tutorial_etl_dag.py
[2022-08-09 00:13:18,604] {processor.py:651} INFO - DAG(s) dict_keys(['tutorial_etl_dag']) retrieved from /home/renan/datapipeline/.env/lib/python3.8/site-packages/airflow/example_dags/tutorial_etl_dag.py
[2022-08-09 00:13:18,613] {logging_mixin.py:115} INFO - [2022-08-09 00:13:18,613] {dag.py:2420} INFO - Sync 1 DAGs
[2022-08-09 00:13:18,624] {logging_mixin.py:115} INFO - [2022-08-09 00:13:18,624] {dag.py:2968} INFO - Setting next_dagrun for tutorial_etl_dag to None, run_after=None
[2022-08-09 00:13:18,634] {processor.py:161} INFO - Processing /home/renan/datapipeline/.env/lib/python3.8/site-packages/airflow/example_dags/tutorial_etl_dag.py took 0.040 seconds
[2022-08-09 00:13:50,974] {processor.py:153} INFO - Started process (PID=11447) to work on /home/renan/datapipeline/.env/lib/python3.8/site-packages/airflow/example_dags/tutorial_etl_dag.py
[2022-08-09 00:13:50,975] {processor.py:641} INFO - Processing file /home/renan/datapipeline/.env/lib/python3.8/site-packages/airflow/example_dags/tutorial_etl_dag.py for tasks to queue
[2022-08-09 00:13:50,975] {logging_mixin.py:115} INFO - [2022-08-09 00:13:50,975] {dagbag.py:508} INFO - Filling up the DagBag from /home/renan/datapipeline/.env/lib/python3.8/site-packages/airflow/example_dags/tutorial_etl_dag.py
[2022-08-09 00:13:50,982] {processor.py:651} INFO - DAG(s) dict_keys(['tutorial_etl_dag']) retrieved from /home/renan/datapipeline/.env/lib/python3.8/site-packages/airflow/example_dags/tutorial_etl_dag.py
[2022-08-09 00:13:50,996] {logging_mixin.py:115} INFO - [2022-08-09 00:13:50,996] {dag.py:2420} INFO - Sync 1 DAGs
[2022-08-09 00:13:51,014] {logging_mixin.py:115} INFO - [2022-08-09 00:13:51,014] {dag.py:2968} INFO - Setting next_dagrun for tutorial_etl_dag to None, run_after=None
[2022-08-09 00:13:51,029] {processor.py:161} INFO - Processing /home/renan/datapipeline/.env/lib/python3.8/site-packages/airflow/example_dags/tutorial_etl_dag.py took 0.057 seconds
[2022-08-09 00:14:23,963] {processor.py:153} INFO - Started process (PID=11505) to work on /home/renan/datapipeline/.env/lib/python3.8/site-packages/airflow/example_dags/tutorial_etl_dag.py
[2022-08-09 00:14:23,963] {processor.py:641} INFO - Processing file /home/renan/datapipeline/.env/lib/python3.8/site-packages/airflow/example_dags/tutorial_etl_dag.py for tasks to queue
[2022-08-09 00:14:23,963] {logging_mixin.py:115} INFO - [2022-08-09 00:14:23,963] {dagbag.py:508} INFO - Filling up the DagBag from /home/renan/datapipeline/.env/lib/python3.8/site-packages/airflow/example_dags/tutorial_etl_dag.py
[2022-08-09 00:14:23,968] {processor.py:651} INFO - DAG(s) dict_keys(['tutorial_etl_dag']) retrieved from /home/renan/datapipeline/.env/lib/python3.8/site-packages/airflow/example_dags/tutorial_etl_dag.py
[2022-08-09 00:14:23,978] {logging_mixin.py:115} INFO - [2022-08-09 00:14:23,978] {dag.py:2420} INFO - Sync 1 DAGs
[2022-08-09 00:14:23,988] {logging_mixin.py:115} INFO - [2022-08-09 00:14:23,988] {dag.py:2968} INFO - Setting next_dagrun for tutorial_etl_dag to None, run_after=None
[2022-08-09 00:14:23,998] {processor.py:161} INFO - Processing /home/renan/datapipeline/.env/lib/python3.8/site-packages/airflow/example_dags/tutorial_etl_dag.py took 0.038 seconds
[2022-08-09 00:14:58,649] {processor.py:153} INFO - Started process (PID=11543) to work on /home/renan/datapipeline/.env/lib/python3.8/site-packages/airflow/example_dags/tutorial_etl_dag.py
[2022-08-09 00:14:58,650] {processor.py:641} INFO - Processing file /home/renan/datapipeline/.env/lib/python3.8/site-packages/airflow/example_dags/tutorial_etl_dag.py for tasks to queue
[2022-08-09 00:14:58,650] {logging_mixin.py:115} INFO - [2022-08-09 00:14:58,650] {dagbag.py:508} INFO - Filling up the DagBag from /home/renan/datapipeline/.env/lib/python3.8/site-packages/airflow/example_dags/tutorial_etl_dag.py
[2022-08-09 00:14:58,654] {processor.py:651} INFO - DAG(s) dict_keys(['tutorial_etl_dag']) retrieved from /home/renan/datapipeline/.env/lib/python3.8/site-packages/airflow/example_dags/tutorial_etl_dag.py
[2022-08-09 00:14:58,664] {logging_mixin.py:115} INFO - [2022-08-09 00:14:58,664] {dag.py:2420} INFO - Sync 1 DAGs
[2022-08-09 00:14:58,673] {logging_mixin.py:115} INFO - [2022-08-09 00:14:58,673] {dag.py:2968} INFO - Setting next_dagrun for tutorial_etl_dag to None, run_after=None
[2022-08-09 00:14:58,681] {processor.py:161} INFO - Processing /home/renan/datapipeline/.env/lib/python3.8/site-packages/airflow/example_dags/tutorial_etl_dag.py took 0.034 seconds
[2022-08-09 00:15:32,424] {processor.py:153} INFO - Started process (PID=11597) to work on /home/renan/datapipeline/.env/lib/python3.8/site-packages/airflow/example_dags/tutorial_etl_dag.py
[2022-08-09 00:15:32,424] {processor.py:641} INFO - Processing file /home/renan/datapipeline/.env/lib/python3.8/site-packages/airflow/example_dags/tutorial_etl_dag.py for tasks to queue
[2022-08-09 00:15:32,425] {logging_mixin.py:115} INFO - [2022-08-09 00:15:32,425] {dagbag.py:508} INFO - Filling up the DagBag from /home/renan/datapipeline/.env/lib/python3.8/site-packages/airflow/example_dags/tutorial_etl_dag.py
[2022-08-09 00:15:32,428] {processor.py:651} INFO - DAG(s) dict_keys(['tutorial_etl_dag']) retrieved from /home/renan/datapipeline/.env/lib/python3.8/site-packages/airflow/example_dags/tutorial_etl_dag.py
[2022-08-09 00:15:32,438] {logging_mixin.py:115} INFO - [2022-08-09 00:15:32,438] {dag.py:2420} INFO - Sync 1 DAGs
[2022-08-09 00:15:32,448] {logging_mixin.py:115} INFO - [2022-08-09 00:15:32,448] {dag.py:2968} INFO - Setting next_dagrun for tutorial_etl_dag to None, run_after=None
[2022-08-09 00:15:32,456] {processor.py:161} INFO - Processing /home/renan/datapipeline/.env/lib/python3.8/site-packages/airflow/example_dags/tutorial_etl_dag.py took 0.034 seconds
[2022-08-09 00:16:05,487] {processor.py:153} INFO - Started process (PID=11664) to work on /home/renan/datapipeline/.env/lib/python3.8/site-packages/airflow/example_dags/tutorial_etl_dag.py
[2022-08-09 00:16:05,488] {processor.py:641} INFO - Processing file /home/renan/datapipeline/.env/lib/python3.8/site-packages/airflow/example_dags/tutorial_etl_dag.py for tasks to queue
[2022-08-09 00:16:05,488] {logging_mixin.py:115} INFO - [2022-08-09 00:16:05,488] {dagbag.py:508} INFO - Filling up the DagBag from /home/renan/datapipeline/.env/lib/python3.8/site-packages/airflow/example_dags/tutorial_etl_dag.py
[2022-08-09 00:16:05,492] {processor.py:651} INFO - DAG(s) dict_keys(['tutorial_etl_dag']) retrieved from /home/renan/datapipeline/.env/lib/python3.8/site-packages/airflow/example_dags/tutorial_etl_dag.py
[2022-08-09 00:16:05,502] {logging_mixin.py:115} INFO - [2022-08-09 00:16:05,502] {dag.py:2420} INFO - Sync 1 DAGs
[2022-08-09 00:16:05,512] {logging_mixin.py:115} INFO - [2022-08-09 00:16:05,512] {dag.py:2968} INFO - Setting next_dagrun for tutorial_etl_dag to None, run_after=None
[2022-08-09 00:16:05,522] {processor.py:161} INFO - Processing /home/renan/datapipeline/.env/lib/python3.8/site-packages/airflow/example_dags/tutorial_etl_dag.py took 0.036 seconds
[2022-08-09 00:16:41,006] {processor.py:153} INFO - Started process (PID=11713) to work on /home/renan/datapipeline/.env/lib/python3.8/site-packages/airflow/example_dags/tutorial_etl_dag.py
[2022-08-09 00:16:41,008] {processor.py:641} INFO - Processing file /home/renan/datapipeline/.env/lib/python3.8/site-packages/airflow/example_dags/tutorial_etl_dag.py for tasks to queue
[2022-08-09 00:16:41,008] {logging_mixin.py:115} INFO - [2022-08-09 00:16:41,008] {dagbag.py:508} INFO - Filling up the DagBag from /home/renan/datapipeline/.env/lib/python3.8/site-packages/airflow/example_dags/tutorial_etl_dag.py
[2022-08-09 00:16:41,013] {processor.py:651} INFO - DAG(s) dict_keys(['tutorial_etl_dag']) retrieved from /home/renan/datapipeline/.env/lib/python3.8/site-packages/airflow/example_dags/tutorial_etl_dag.py
[2022-08-09 00:16:41,025] {logging_mixin.py:115} INFO - [2022-08-09 00:16:41,025] {dag.py:2420} INFO - Sync 1 DAGs
[2022-08-09 00:16:41,037] {logging_mixin.py:115} INFO - [2022-08-09 00:16:41,037] {dag.py:2968} INFO - Setting next_dagrun for tutorial_etl_dag to None, run_after=None
[2022-08-09 00:16:41,047] {processor.py:161} INFO - Processing /home/renan/datapipeline/.env/lib/python3.8/site-packages/airflow/example_dags/tutorial_etl_dag.py took 0.043 seconds
[2022-08-09 00:17:15,056] {processor.py:153} INFO - Started process (PID=11774) to work on /home/renan/datapipeline/.env/lib/python3.8/site-packages/airflow/example_dags/tutorial_etl_dag.py
[2022-08-09 00:17:15,057] {processor.py:641} INFO - Processing file /home/renan/datapipeline/.env/lib/python3.8/site-packages/airflow/example_dags/tutorial_etl_dag.py for tasks to queue
[2022-08-09 00:17:15,057] {logging_mixin.py:115} INFO - [2022-08-09 00:17:15,057] {dagbag.py:508} INFO - Filling up the DagBag from /home/renan/datapipeline/.env/lib/python3.8/site-packages/airflow/example_dags/tutorial_etl_dag.py
[2022-08-09 00:17:15,062] {processor.py:651} INFO - DAG(s) dict_keys(['tutorial_etl_dag']) retrieved from /home/renan/datapipeline/.env/lib/python3.8/site-packages/airflow/example_dags/tutorial_etl_dag.py
[2022-08-09 00:17:15,072] {logging_mixin.py:115} INFO - [2022-08-09 00:17:15,072] {dag.py:2420} INFO - Sync 1 DAGs
[2022-08-09 00:17:15,084] {logging_mixin.py:115} INFO - [2022-08-09 00:17:15,083] {dag.py:2968} INFO - Setting next_dagrun for tutorial_etl_dag to None, run_after=None
[2022-08-09 00:17:15,094] {processor.py:161} INFO - Processing /home/renan/datapipeline/.env/lib/python3.8/site-packages/airflow/example_dags/tutorial_etl_dag.py took 0.040 seconds
[2022-08-09 00:17:45,847] {processor.py:153} INFO - Started process (PID=11808) to work on /home/renan/datapipeline/.env/lib/python3.8/site-packages/airflow/example_dags/tutorial_etl_dag.py
[2022-08-09 00:17:45,848] {processor.py:641} INFO - Processing file /home/renan/datapipeline/.env/lib/python3.8/site-packages/airflow/example_dags/tutorial_etl_dag.py for tasks to queue
[2022-08-09 00:17:45,848] {logging_mixin.py:115} INFO - [2022-08-09 00:17:45,848] {dagbag.py:508} INFO - Filling up the DagBag from /home/renan/datapipeline/.env/lib/python3.8/site-packages/airflow/example_dags/tutorial_etl_dag.py
[2022-08-09 00:17:45,853] {processor.py:651} INFO - DAG(s) dict_keys(['tutorial_etl_dag']) retrieved from /home/renan/datapipeline/.env/lib/python3.8/site-packages/airflow/example_dags/tutorial_etl_dag.py
[2022-08-09 00:17:45,862] {logging_mixin.py:115} INFO - [2022-08-09 00:17:45,862] {dag.py:2420} INFO - Sync 1 DAGs
[2022-08-09 00:17:45,872] {logging_mixin.py:115} INFO - [2022-08-09 00:17:45,872] {dag.py:2968} INFO - Setting next_dagrun for tutorial_etl_dag to None, run_after=None
[2022-08-09 00:17:45,882] {processor.py:161} INFO - Processing /home/renan/datapipeline/.env/lib/python3.8/site-packages/airflow/example_dags/tutorial_etl_dag.py took 0.036 seconds
[2022-08-09 00:18:18,905] {processor.py:153} INFO - Started process (PID=11844) to work on /home/renan/datapipeline/.env/lib/python3.8/site-packages/airflow/example_dags/tutorial_etl_dag.py
[2022-08-09 00:18:18,905] {processor.py:641} INFO - Processing file /home/renan/datapipeline/.env/lib/python3.8/site-packages/airflow/example_dags/tutorial_etl_dag.py for tasks to queue
[2022-08-09 00:18:18,905] {logging_mixin.py:115} INFO - [2022-08-09 00:18:18,905] {dagbag.py:508} INFO - Filling up the DagBag from /home/renan/datapipeline/.env/lib/python3.8/site-packages/airflow/example_dags/tutorial_etl_dag.py
[2022-08-09 00:18:18,910] {processor.py:651} INFO - DAG(s) dict_keys(['tutorial_etl_dag']) retrieved from /home/renan/datapipeline/.env/lib/python3.8/site-packages/airflow/example_dags/tutorial_etl_dag.py
[2022-08-09 00:18:18,920] {logging_mixin.py:115} INFO - [2022-08-09 00:18:18,920] {dag.py:2420} INFO - Sync 1 DAGs
[2022-08-09 00:18:18,930] {logging_mixin.py:115} INFO - [2022-08-09 00:18:18,930] {dag.py:2968} INFO - Setting next_dagrun for tutorial_etl_dag to None, run_after=None
[2022-08-09 00:18:18,939] {processor.py:161} INFO - Processing /home/renan/datapipeline/.env/lib/python3.8/site-packages/airflow/example_dags/tutorial_etl_dag.py took 0.036 seconds
[2022-08-09 00:18:54,792] {processor.py:153} INFO - Started process (PID=11881) to work on /home/renan/datapipeline/.env/lib/python3.8/site-packages/airflow/example_dags/tutorial_etl_dag.py
[2022-08-09 00:18:54,792] {processor.py:641} INFO - Processing file /home/renan/datapipeline/.env/lib/python3.8/site-packages/airflow/example_dags/tutorial_etl_dag.py for tasks to queue
[2022-08-09 00:18:54,793] {logging_mixin.py:115} INFO - [2022-08-09 00:18:54,793] {dagbag.py:508} INFO - Filling up the DagBag from /home/renan/datapipeline/.env/lib/python3.8/site-packages/airflow/example_dags/tutorial_etl_dag.py
[2022-08-09 00:18:54,796] {processor.py:651} INFO - DAG(s) dict_keys(['tutorial_etl_dag']) retrieved from /home/renan/datapipeline/.env/lib/python3.8/site-packages/airflow/example_dags/tutorial_etl_dag.py
[2022-08-09 00:18:54,806] {logging_mixin.py:115} INFO - [2022-08-09 00:18:54,806] {dag.py:2420} INFO - Sync 1 DAGs
[2022-08-09 00:18:54,816] {logging_mixin.py:115} INFO - [2022-08-09 00:18:54,816] {dag.py:2968} INFO - Setting next_dagrun for tutorial_etl_dag to None, run_after=None
[2022-08-09 00:18:54,824] {processor.py:161} INFO - Processing /home/renan/datapipeline/.env/lib/python3.8/site-packages/airflow/example_dags/tutorial_etl_dag.py took 0.034 seconds
[2022-08-09 00:19:26,673] {processor.py:153} INFO - Started process (PID=11917) to work on /home/renan/datapipeline/.env/lib/python3.8/site-packages/airflow/example_dags/tutorial_etl_dag.py
[2022-08-09 00:19:26,673] {processor.py:641} INFO - Processing file /home/renan/datapipeline/.env/lib/python3.8/site-packages/airflow/example_dags/tutorial_etl_dag.py for tasks to queue
[2022-08-09 00:19:26,674] {logging_mixin.py:115} INFO - [2022-08-09 00:19:26,673] {dagbag.py:508} INFO - Filling up the DagBag from /home/renan/datapipeline/.env/lib/python3.8/site-packages/airflow/example_dags/tutorial_etl_dag.py
[2022-08-09 00:19:26,678] {processor.py:651} INFO - DAG(s) dict_keys(['tutorial_etl_dag']) retrieved from /home/renan/datapipeline/.env/lib/python3.8/site-packages/airflow/example_dags/tutorial_etl_dag.py
[2022-08-09 00:19:26,688] {logging_mixin.py:115} INFO - [2022-08-09 00:19:26,688] {dag.py:2420} INFO - Sync 1 DAGs
[2022-08-09 00:19:26,699] {logging_mixin.py:115} INFO - [2022-08-09 00:19:26,699] {dag.py:2968} INFO - Setting next_dagrun for tutorial_etl_dag to None, run_after=None
[2022-08-09 00:19:26,709] {processor.py:161} INFO - Processing /home/renan/datapipeline/.env/lib/python3.8/site-packages/airflow/example_dags/tutorial_etl_dag.py took 0.038 seconds
[2022-08-09 00:20:03,180] {processor.py:153} INFO - Started process (PID=11956) to work on /home/renan/datapipeline/.env/lib/python3.8/site-packages/airflow/example_dags/tutorial_etl_dag.py
[2022-08-09 00:20:03,181] {processor.py:641} INFO - Processing file /home/renan/datapipeline/.env/lib/python3.8/site-packages/airflow/example_dags/tutorial_etl_dag.py for tasks to queue
[2022-08-09 00:20:03,181] {logging_mixin.py:115} INFO - [2022-08-09 00:20:03,181] {dagbag.py:508} INFO - Filling up the DagBag from /home/renan/datapipeline/.env/lib/python3.8/site-packages/airflow/example_dags/tutorial_etl_dag.py
[2022-08-09 00:20:03,185] {processor.py:651} INFO - DAG(s) dict_keys(['tutorial_etl_dag']) retrieved from /home/renan/datapipeline/.env/lib/python3.8/site-packages/airflow/example_dags/tutorial_etl_dag.py
[2022-08-09 00:20:03,194] {logging_mixin.py:115} INFO - [2022-08-09 00:20:03,194] {dag.py:2420} INFO - Sync 1 DAGs
[2022-08-09 00:20:03,204] {logging_mixin.py:115} INFO - [2022-08-09 00:20:03,204] {dag.py:2968} INFO - Setting next_dagrun for tutorial_etl_dag to None, run_after=None
[2022-08-09 00:20:03,212] {processor.py:161} INFO - Processing /home/renan/datapipeline/.env/lib/python3.8/site-packages/airflow/example_dags/tutorial_etl_dag.py took 0.034 seconds
[2022-08-09 00:20:35,104] {processor.py:153} INFO - Started process (PID=11994) to work on /home/renan/datapipeline/.env/lib/python3.8/site-packages/airflow/example_dags/tutorial_etl_dag.py
[2022-08-09 00:20:35,105] {processor.py:641} INFO - Processing file /home/renan/datapipeline/.env/lib/python3.8/site-packages/airflow/example_dags/tutorial_etl_dag.py for tasks to queue
[2022-08-09 00:20:35,105] {logging_mixin.py:115} INFO - [2022-08-09 00:20:35,105] {dagbag.py:508} INFO - Filling up the DagBag from /home/renan/datapipeline/.env/lib/python3.8/site-packages/airflow/example_dags/tutorial_etl_dag.py
[2022-08-09 00:20:35,109] {processor.py:651} INFO - DAG(s) dict_keys(['tutorial_etl_dag']) retrieved from /home/renan/datapipeline/.env/lib/python3.8/site-packages/airflow/example_dags/tutorial_etl_dag.py
[2022-08-09 00:20:35,118] {logging_mixin.py:115} INFO - [2022-08-09 00:20:35,118] {dag.py:2420} INFO - Sync 1 DAGs
[2022-08-09 00:20:35,128] {logging_mixin.py:115} INFO - [2022-08-09 00:20:35,127] {dag.py:2968} INFO - Setting next_dagrun for tutorial_etl_dag to None, run_after=None
[2022-08-09 00:20:35,136] {processor.py:161} INFO - Processing /home/renan/datapipeline/.env/lib/python3.8/site-packages/airflow/example_dags/tutorial_etl_dag.py took 0.034 seconds
[2022-08-09 00:21:09,290] {processor.py:153} INFO - Started process (PID=12043) to work on /home/renan/datapipeline/.env/lib/python3.8/site-packages/airflow/example_dags/tutorial_etl_dag.py
[2022-08-09 00:21:09,290] {processor.py:641} INFO - Processing file /home/renan/datapipeline/.env/lib/python3.8/site-packages/airflow/example_dags/tutorial_etl_dag.py for tasks to queue
[2022-08-09 00:21:09,291] {logging_mixin.py:115} INFO - [2022-08-09 00:21:09,290] {dagbag.py:508} INFO - Filling up the DagBag from /home/renan/datapipeline/.env/lib/python3.8/site-packages/airflow/example_dags/tutorial_etl_dag.py
[2022-08-09 00:21:09,296] {processor.py:651} INFO - DAG(s) dict_keys(['tutorial_etl_dag']) retrieved from /home/renan/datapipeline/.env/lib/python3.8/site-packages/airflow/example_dags/tutorial_etl_dag.py
[2022-08-09 00:21:09,313] {logging_mixin.py:115} INFO - [2022-08-09 00:21:09,313] {dag.py:2420} INFO - Sync 1 DAGs
[2022-08-09 00:21:09,329] {logging_mixin.py:115} INFO - [2022-08-09 00:21:09,329] {dag.py:2968} INFO - Setting next_dagrun for tutorial_etl_dag to None, run_after=None
[2022-08-09 00:21:09,342] {processor.py:161} INFO - Processing /home/renan/datapipeline/.env/lib/python3.8/site-packages/airflow/example_dags/tutorial_etl_dag.py took 0.054 seconds
[2022-08-09 00:21:42,918] {processor.py:153} INFO - Started process (PID=12182) to work on /home/renan/datapipeline/.env/lib/python3.8/site-packages/airflow/example_dags/tutorial_etl_dag.py
[2022-08-09 00:21:42,918] {processor.py:641} INFO - Processing file /home/renan/datapipeline/.env/lib/python3.8/site-packages/airflow/example_dags/tutorial_etl_dag.py for tasks to queue
[2022-08-09 00:21:42,918] {logging_mixin.py:115} INFO - [2022-08-09 00:21:42,918] {dagbag.py:508} INFO - Filling up the DagBag from /home/renan/datapipeline/.env/lib/python3.8/site-packages/airflow/example_dags/tutorial_etl_dag.py
[2022-08-09 00:21:42,923] {processor.py:651} INFO - DAG(s) dict_keys(['tutorial_etl_dag']) retrieved from /home/renan/datapipeline/.env/lib/python3.8/site-packages/airflow/example_dags/tutorial_etl_dag.py
[2022-08-09 00:21:42,933] {logging_mixin.py:115} INFO - [2022-08-09 00:21:42,933] {dag.py:2420} INFO - Sync 1 DAGs
[2022-08-09 00:21:42,944] {logging_mixin.py:115} INFO - [2022-08-09 00:21:42,944] {dag.py:2968} INFO - Setting next_dagrun for tutorial_etl_dag to None, run_after=None
[2022-08-09 00:21:42,954] {processor.py:161} INFO - Processing /home/renan/datapipeline/.env/lib/python3.8/site-packages/airflow/example_dags/tutorial_etl_dag.py took 0.038 seconds
[2022-08-09 00:22:15,903] {processor.py:153} INFO - Started process (PID=12282) to work on /home/renan/datapipeline/.env/lib/python3.8/site-packages/airflow/example_dags/tutorial_etl_dag.py
[2022-08-09 00:22:15,903] {processor.py:641} INFO - Processing file /home/renan/datapipeline/.env/lib/python3.8/site-packages/airflow/example_dags/tutorial_etl_dag.py for tasks to queue
[2022-08-09 00:22:15,904] {logging_mixin.py:115} INFO - [2022-08-09 00:22:15,904] {dagbag.py:508} INFO - Filling up the DagBag from /home/renan/datapipeline/.env/lib/python3.8/site-packages/airflow/example_dags/tutorial_etl_dag.py
[2022-08-09 00:22:15,908] {processor.py:651} INFO - DAG(s) dict_keys(['tutorial_etl_dag']) retrieved from /home/renan/datapipeline/.env/lib/python3.8/site-packages/airflow/example_dags/tutorial_etl_dag.py
[2022-08-09 00:22:15,918] {logging_mixin.py:115} INFO - [2022-08-09 00:22:15,918] {dag.py:2420} INFO - Sync 1 DAGs
[2022-08-09 00:22:15,928] {logging_mixin.py:115} INFO - [2022-08-09 00:22:15,928] {dag.py:2968} INFO - Setting next_dagrun for tutorial_etl_dag to None, run_after=None
[2022-08-09 00:22:15,938] {processor.py:161} INFO - Processing /home/renan/datapipeline/.env/lib/python3.8/site-packages/airflow/example_dags/tutorial_etl_dag.py took 0.037 seconds
[2022-08-09 00:22:48,533] {processor.py:153} INFO - Started process (PID=12318) to work on /home/renan/datapipeline/.env/lib/python3.8/site-packages/airflow/example_dags/tutorial_etl_dag.py
[2022-08-09 00:22:48,533] {processor.py:641} INFO - Processing file /home/renan/datapipeline/.env/lib/python3.8/site-packages/airflow/example_dags/tutorial_etl_dag.py for tasks to queue
[2022-08-09 00:22:48,533] {logging_mixin.py:115} INFO - [2022-08-09 00:22:48,533] {dagbag.py:508} INFO - Filling up the DagBag from /home/renan/datapipeline/.env/lib/python3.8/site-packages/airflow/example_dags/tutorial_etl_dag.py
[2022-08-09 00:22:48,538] {processor.py:651} INFO - DAG(s) dict_keys(['tutorial_etl_dag']) retrieved from /home/renan/datapipeline/.env/lib/python3.8/site-packages/airflow/example_dags/tutorial_etl_dag.py
[2022-08-09 00:22:48,548] {logging_mixin.py:115} INFO - [2022-08-09 00:22:48,548] {dag.py:2420} INFO - Sync 1 DAGs
[2022-08-09 00:22:48,557] {logging_mixin.py:115} INFO - [2022-08-09 00:22:48,557] {dag.py:2968} INFO - Setting next_dagrun for tutorial_etl_dag to None, run_after=None
[2022-08-09 00:22:48,566] {processor.py:161} INFO - Processing /home/renan/datapipeline/.env/lib/python3.8/site-packages/airflow/example_dags/tutorial_etl_dag.py took 0.036 seconds
[2022-08-09 00:23:20,472] {processor.py:153} INFO - Started process (PID=12356) to work on /home/renan/datapipeline/.env/lib/python3.8/site-packages/airflow/example_dags/tutorial_etl_dag.py
[2022-08-09 00:23:20,472] {processor.py:641} INFO - Processing file /home/renan/datapipeline/.env/lib/python3.8/site-packages/airflow/example_dags/tutorial_etl_dag.py for tasks to queue
[2022-08-09 00:23:20,472] {logging_mixin.py:115} INFO - [2022-08-09 00:23:20,472] {dagbag.py:508} INFO - Filling up the DagBag from /home/renan/datapipeline/.env/lib/python3.8/site-packages/airflow/example_dags/tutorial_etl_dag.py
[2022-08-09 00:23:20,476] {processor.py:651} INFO - DAG(s) dict_keys(['tutorial_etl_dag']) retrieved from /home/renan/datapipeline/.env/lib/python3.8/site-packages/airflow/example_dags/tutorial_etl_dag.py
[2022-08-09 00:23:20,485] {logging_mixin.py:115} INFO - [2022-08-09 00:23:20,485] {dag.py:2420} INFO - Sync 1 DAGs
[2022-08-09 00:23:20,495] {logging_mixin.py:115} INFO - [2022-08-09 00:23:20,495] {dag.py:2968} INFO - Setting next_dagrun for tutorial_etl_dag to None, run_after=None
[2022-08-09 00:23:20,504] {processor.py:161} INFO - Processing /home/renan/datapipeline/.env/lib/python3.8/site-packages/airflow/example_dags/tutorial_etl_dag.py took 0.034 seconds
[2022-08-09 00:23:51,264] {processor.py:153} INFO - Started process (PID=12391) to work on /home/renan/datapipeline/.env/lib/python3.8/site-packages/airflow/example_dags/tutorial_etl_dag.py
[2022-08-09 00:23:51,264] {processor.py:641} INFO - Processing file /home/renan/datapipeline/.env/lib/python3.8/site-packages/airflow/example_dags/tutorial_etl_dag.py for tasks to queue
[2022-08-09 00:23:51,265] {logging_mixin.py:115} INFO - [2022-08-09 00:23:51,265] {dagbag.py:508} INFO - Filling up the DagBag from /home/renan/datapipeline/.env/lib/python3.8/site-packages/airflow/example_dags/tutorial_etl_dag.py
[2022-08-09 00:23:51,269] {processor.py:651} INFO - DAG(s) dict_keys(['tutorial_etl_dag']) retrieved from /home/renan/datapipeline/.env/lib/python3.8/site-packages/airflow/example_dags/tutorial_etl_dag.py
[2022-08-09 00:23:51,278] {logging_mixin.py:115} INFO - [2022-08-09 00:23:51,278] {dag.py:2420} INFO - Sync 1 DAGs
[2022-08-09 00:23:51,287] {logging_mixin.py:115} INFO - [2022-08-09 00:23:51,287] {dag.py:2968} INFO - Setting next_dagrun for tutorial_etl_dag to None, run_after=None
[2022-08-09 00:23:51,296] {processor.py:161} INFO - Processing /home/renan/datapipeline/.env/lib/python3.8/site-packages/airflow/example_dags/tutorial_etl_dag.py took 0.034 seconds
[2022-08-09 00:24:26,070] {processor.py:153} INFO - Started process (PID=12456) to work on /home/renan/datapipeline/.env/lib/python3.8/site-packages/airflow/example_dags/tutorial_etl_dag.py
[2022-08-09 00:24:26,071] {processor.py:641} INFO - Processing file /home/renan/datapipeline/.env/lib/python3.8/site-packages/airflow/example_dags/tutorial_etl_dag.py for tasks to queue
[2022-08-09 00:24:26,071] {logging_mixin.py:115} INFO - [2022-08-09 00:24:26,071] {dagbag.py:508} INFO - Filling up the DagBag from /home/renan/datapipeline/.env/lib/python3.8/site-packages/airflow/example_dags/tutorial_etl_dag.py
[2022-08-09 00:24:26,075] {processor.py:651} INFO - DAG(s) dict_keys(['tutorial_etl_dag']) retrieved from /home/renan/datapipeline/.env/lib/python3.8/site-packages/airflow/example_dags/tutorial_etl_dag.py
[2022-08-09 00:24:26,085] {logging_mixin.py:115} INFO - [2022-08-09 00:24:26,085] {dag.py:2420} INFO - Sync 1 DAGs
[2022-08-09 00:24:26,095] {logging_mixin.py:115} INFO - [2022-08-09 00:24:26,095] {dag.py:2968} INFO - Setting next_dagrun for tutorial_etl_dag to None, run_after=None
[2022-08-09 00:24:26,104] {processor.py:161} INFO - Processing /home/renan/datapipeline/.env/lib/python3.8/site-packages/airflow/example_dags/tutorial_etl_dag.py took 0.035 seconds
[2022-08-09 00:24:57,951] {processor.py:153} INFO - Started process (PID=12492) to work on /home/renan/datapipeline/.env/lib/python3.8/site-packages/airflow/example_dags/tutorial_etl_dag.py
[2022-08-09 00:24:57,951] {processor.py:641} INFO - Processing file /home/renan/datapipeline/.env/lib/python3.8/site-packages/airflow/example_dags/tutorial_etl_dag.py for tasks to queue
[2022-08-09 00:24:57,952] {logging_mixin.py:115} INFO - [2022-08-09 00:24:57,951] {dagbag.py:508} INFO - Filling up the DagBag from /home/renan/datapipeline/.env/lib/python3.8/site-packages/airflow/example_dags/tutorial_etl_dag.py
[2022-08-09 00:24:57,955] {processor.py:651} INFO - DAG(s) dict_keys(['tutorial_etl_dag']) retrieved from /home/renan/datapipeline/.env/lib/python3.8/site-packages/airflow/example_dags/tutorial_etl_dag.py
[2022-08-09 00:24:57,964] {logging_mixin.py:115} INFO - [2022-08-09 00:24:57,964] {dag.py:2420} INFO - Sync 1 DAGs
[2022-08-09 00:24:57,974] {logging_mixin.py:115} INFO - [2022-08-09 00:24:57,974] {dag.py:2968} INFO - Setting next_dagrun for tutorial_etl_dag to None, run_after=None
[2022-08-09 00:24:57,983] {processor.py:161} INFO - Processing /home/renan/datapipeline/.env/lib/python3.8/site-packages/airflow/example_dags/tutorial_etl_dag.py took 0.034 seconds
[2022-08-09 00:25:32,127] {processor.py:153} INFO - Started process (PID=12534) to work on /home/renan/datapipeline/.env/lib/python3.8/site-packages/airflow/example_dags/tutorial_etl_dag.py
[2022-08-09 00:25:32,128] {processor.py:641} INFO - Processing file /home/renan/datapipeline/.env/lib/python3.8/site-packages/airflow/example_dags/tutorial_etl_dag.py for tasks to queue
[2022-08-09 00:25:32,128] {logging_mixin.py:115} INFO - [2022-08-09 00:25:32,128] {dagbag.py:508} INFO - Filling up the DagBag from /home/renan/datapipeline/.env/lib/python3.8/site-packages/airflow/example_dags/tutorial_etl_dag.py
[2022-08-09 00:25:32,132] {processor.py:651} INFO - DAG(s) dict_keys(['tutorial_etl_dag']) retrieved from /home/renan/datapipeline/.env/lib/python3.8/site-packages/airflow/example_dags/tutorial_etl_dag.py
[2022-08-09 00:25:32,141] {logging_mixin.py:115} INFO - [2022-08-09 00:25:32,141] {dag.py:2420} INFO - Sync 1 DAGs
[2022-08-09 00:25:32,151] {logging_mixin.py:115} INFO - [2022-08-09 00:25:32,151] {dag.py:2968} INFO - Setting next_dagrun for tutorial_etl_dag to None, run_after=None
[2022-08-09 00:25:32,160] {processor.py:161} INFO - Processing /home/renan/datapipeline/.env/lib/python3.8/site-packages/airflow/example_dags/tutorial_etl_dag.py took 0.034 seconds
[2022-08-09 00:26:05,810] {processor.py:153} INFO - Started process (PID=12570) to work on /home/renan/datapipeline/.env/lib/python3.8/site-packages/airflow/example_dags/tutorial_etl_dag.py
[2022-08-09 00:26:05,811] {processor.py:641} INFO - Processing file /home/renan/datapipeline/.env/lib/python3.8/site-packages/airflow/example_dags/tutorial_etl_dag.py for tasks to queue
[2022-08-09 00:26:05,811] {logging_mixin.py:115} INFO - [2022-08-09 00:26:05,811] {dagbag.py:508} INFO - Filling up the DagBag from /home/renan/datapipeline/.env/lib/python3.8/site-packages/airflow/example_dags/tutorial_etl_dag.py
[2022-08-09 00:26:05,816] {processor.py:651} INFO - DAG(s) dict_keys(['tutorial_etl_dag']) retrieved from /home/renan/datapipeline/.env/lib/python3.8/site-packages/airflow/example_dags/tutorial_etl_dag.py
[2022-08-09 00:26:05,827] {logging_mixin.py:115} INFO - [2022-08-09 00:26:05,827] {dag.py:2420} INFO - Sync 1 DAGs
[2022-08-09 00:26:05,838] {logging_mixin.py:115} INFO - [2022-08-09 00:26:05,838] {dag.py:2968} INFO - Setting next_dagrun for tutorial_etl_dag to None, run_after=None
[2022-08-09 00:26:05,854] {processor.py:161} INFO - Processing /home/renan/datapipeline/.env/lib/python3.8/site-packages/airflow/example_dags/tutorial_etl_dag.py took 0.046 seconds
[2022-08-09 00:26:37,891] {processor.py:153} INFO - Started process (PID=12606) to work on /home/renan/datapipeline/.env/lib/python3.8/site-packages/airflow/example_dags/tutorial_etl_dag.py
[2022-08-09 00:26:37,891] {processor.py:641} INFO - Processing file /home/renan/datapipeline/.env/lib/python3.8/site-packages/airflow/example_dags/tutorial_etl_dag.py for tasks to queue
[2022-08-09 00:26:37,891] {logging_mixin.py:115} INFO - [2022-08-09 00:26:37,891] {dagbag.py:508} INFO - Filling up the DagBag from /home/renan/datapipeline/.env/lib/python3.8/site-packages/airflow/example_dags/tutorial_etl_dag.py
[2022-08-09 00:26:37,895] {processor.py:651} INFO - DAG(s) dict_keys(['tutorial_etl_dag']) retrieved from /home/renan/datapipeline/.env/lib/python3.8/site-packages/airflow/example_dags/tutorial_etl_dag.py
[2022-08-09 00:26:37,905] {logging_mixin.py:115} INFO - [2022-08-09 00:26:37,904] {dag.py:2420} INFO - Sync 1 DAGs
[2022-08-09 00:26:37,914] {logging_mixin.py:115} INFO - [2022-08-09 00:26:37,914] {dag.py:2968} INFO - Setting next_dagrun for tutorial_etl_dag to None, run_after=None
[2022-08-09 00:26:37,923] {processor.py:161} INFO - Processing /home/renan/datapipeline/.env/lib/python3.8/site-packages/airflow/example_dags/tutorial_etl_dag.py took 0.034 seconds
[2022-08-09 00:27:11,379] {processor.py:153} INFO - Started process (PID=12646) to work on /home/renan/datapipeline/.env/lib/python3.8/site-packages/airflow/example_dags/tutorial_etl_dag.py
[2022-08-09 00:27:11,379] {processor.py:641} INFO - Processing file /home/renan/datapipeline/.env/lib/python3.8/site-packages/airflow/example_dags/tutorial_etl_dag.py for tasks to queue
[2022-08-09 00:27:11,380] {logging_mixin.py:115} INFO - [2022-08-09 00:27:11,380] {dagbag.py:508} INFO - Filling up the DagBag from /home/renan/datapipeline/.env/lib/python3.8/site-packages/airflow/example_dags/tutorial_etl_dag.py
[2022-08-09 00:27:11,384] {processor.py:651} INFO - DAG(s) dict_keys(['tutorial_etl_dag']) retrieved from /home/renan/datapipeline/.env/lib/python3.8/site-packages/airflow/example_dags/tutorial_etl_dag.py
[2022-08-09 00:27:11,397] {logging_mixin.py:115} INFO - [2022-08-09 00:27:11,397] {dag.py:2420} INFO - Sync 1 DAGs
[2022-08-09 00:27:11,409] {logging_mixin.py:115} INFO - [2022-08-09 00:27:11,408] {dag.py:2968} INFO - Setting next_dagrun for tutorial_etl_dag to None, run_after=None
[2022-08-09 00:27:11,419] {processor.py:161} INFO - Processing /home/renan/datapipeline/.env/lib/python3.8/site-packages/airflow/example_dags/tutorial_etl_dag.py took 0.043 seconds
[2022-08-09 00:27:43,255] {processor.py:153} INFO - Started process (PID=12709) to work on /home/renan/datapipeline/.env/lib/python3.8/site-packages/airflow/example_dags/tutorial_etl_dag.py
[2022-08-09 00:27:43,255] {processor.py:641} INFO - Processing file /home/renan/datapipeline/.env/lib/python3.8/site-packages/airflow/example_dags/tutorial_etl_dag.py for tasks to queue
[2022-08-09 00:27:43,255] {logging_mixin.py:115} INFO - [2022-08-09 00:27:43,255] {dagbag.py:508} INFO - Filling up the DagBag from /home/renan/datapipeline/.env/lib/python3.8/site-packages/airflow/example_dags/tutorial_etl_dag.py
[2022-08-09 00:27:43,259] {processor.py:651} INFO - DAG(s) dict_keys(['tutorial_etl_dag']) retrieved from /home/renan/datapipeline/.env/lib/python3.8/site-packages/airflow/example_dags/tutorial_etl_dag.py
[2022-08-09 00:27:43,268] {logging_mixin.py:115} INFO - [2022-08-09 00:27:43,268] {dag.py:2420} INFO - Sync 1 DAGs
[2022-08-09 00:27:43,278] {logging_mixin.py:115} INFO - [2022-08-09 00:27:43,277] {dag.py:2968} INFO - Setting next_dagrun for tutorial_etl_dag to None, run_after=None
[2022-08-09 00:27:43,285] {processor.py:161} INFO - Processing /home/renan/datapipeline/.env/lib/python3.8/site-packages/airflow/example_dags/tutorial_etl_dag.py took 0.032 seconds
[2022-08-09 00:28:16,933] {processor.py:153} INFO - Started process (PID=12900) to work on /home/renan/datapipeline/.env/lib/python3.8/site-packages/airflow/example_dags/tutorial_etl_dag.py
[2022-08-09 00:28:16,934] {processor.py:641} INFO - Processing file /home/renan/datapipeline/.env/lib/python3.8/site-packages/airflow/example_dags/tutorial_etl_dag.py for tasks to queue
[2022-08-09 00:28:16,934] {logging_mixin.py:115} INFO - [2022-08-09 00:28:16,934] {dagbag.py:508} INFO - Filling up the DagBag from /home/renan/datapipeline/.env/lib/python3.8/site-packages/airflow/example_dags/tutorial_etl_dag.py
[2022-08-09 00:28:16,939] {processor.py:651} INFO - DAG(s) dict_keys(['tutorial_etl_dag']) retrieved from /home/renan/datapipeline/.env/lib/python3.8/site-packages/airflow/example_dags/tutorial_etl_dag.py
[2022-08-09 00:28:16,956] {logging_mixin.py:115} INFO - [2022-08-09 00:28:16,955] {dag.py:2420} INFO - Sync 1 DAGs
[2022-08-09 00:28:16,969] {logging_mixin.py:115} INFO - [2022-08-09 00:28:16,969] {dag.py:2968} INFO - Setting next_dagrun for tutorial_etl_dag to None, run_after=None
[2022-08-09 00:28:16,983] {processor.py:161} INFO - Processing /home/renan/datapipeline/.env/lib/python3.8/site-packages/airflow/example_dags/tutorial_etl_dag.py took 0.052 seconds
[2022-08-09 00:28:50,564] {processor.py:153} INFO - Started process (PID=12960) to work on /home/renan/datapipeline/.env/lib/python3.8/site-packages/airflow/example_dags/tutorial_etl_dag.py
[2022-08-09 00:28:50,565] {processor.py:641} INFO - Processing file /home/renan/datapipeline/.env/lib/python3.8/site-packages/airflow/example_dags/tutorial_etl_dag.py for tasks to queue
[2022-08-09 00:28:50,565] {logging_mixin.py:115} INFO - [2022-08-09 00:28:50,565] {dagbag.py:508} INFO - Filling up the DagBag from /home/renan/datapipeline/.env/lib/python3.8/site-packages/airflow/example_dags/tutorial_etl_dag.py
[2022-08-09 00:28:50,569] {processor.py:651} INFO - DAG(s) dict_keys(['tutorial_etl_dag']) retrieved from /home/renan/datapipeline/.env/lib/python3.8/site-packages/airflow/example_dags/tutorial_etl_dag.py
[2022-08-09 00:28:50,581] {logging_mixin.py:115} INFO - [2022-08-09 00:28:50,580] {dag.py:2420} INFO - Sync 1 DAGs
[2022-08-09 00:28:50,592] {logging_mixin.py:115} INFO - [2022-08-09 00:28:50,592] {dag.py:2968} INFO - Setting next_dagrun for tutorial_etl_dag to None, run_after=None
[2022-08-09 00:28:50,602] {processor.py:161} INFO - Processing /home/renan/datapipeline/.env/lib/python3.8/site-packages/airflow/example_dags/tutorial_etl_dag.py took 0.040 seconds
[2022-08-09 00:29:23,548] {processor.py:153} INFO - Started process (PID=13002) to work on /home/renan/datapipeline/.env/lib/python3.8/site-packages/airflow/example_dags/tutorial_etl_dag.py
[2022-08-09 00:29:23,548] {processor.py:641} INFO - Processing file /home/renan/datapipeline/.env/lib/python3.8/site-packages/airflow/example_dags/tutorial_etl_dag.py for tasks to queue
[2022-08-09 00:29:23,548] {logging_mixin.py:115} INFO - [2022-08-09 00:29:23,548] {dagbag.py:508} INFO - Filling up the DagBag from /home/renan/datapipeline/.env/lib/python3.8/site-packages/airflow/example_dags/tutorial_etl_dag.py
[2022-08-09 00:29:23,556] {processor.py:651} INFO - DAG(s) dict_keys(['tutorial_etl_dag']) retrieved from /home/renan/datapipeline/.env/lib/python3.8/site-packages/airflow/example_dags/tutorial_etl_dag.py
[2022-08-09 00:29:23,570] {logging_mixin.py:115} INFO - [2022-08-09 00:29:23,570] {dag.py:2420} INFO - Sync 1 DAGs
[2022-08-09 00:29:23,585] {logging_mixin.py:115} INFO - [2022-08-09 00:29:23,585] {dag.py:2968} INFO - Setting next_dagrun for tutorial_etl_dag to None, run_after=None
[2022-08-09 00:29:23,596] {processor.py:161} INFO - Processing /home/renan/datapipeline/.env/lib/python3.8/site-packages/airflow/example_dags/tutorial_etl_dag.py took 0.051 seconds
[2022-08-09 00:29:56,604] {processor.py:153} INFO - Started process (PID=13039) to work on /home/renan/datapipeline/.env/lib/python3.8/site-packages/airflow/example_dags/tutorial_etl_dag.py
[2022-08-09 00:29:56,605] {processor.py:641} INFO - Processing file /home/renan/datapipeline/.env/lib/python3.8/site-packages/airflow/example_dags/tutorial_etl_dag.py for tasks to queue
[2022-08-09 00:29:56,605] {logging_mixin.py:115} INFO - [2022-08-09 00:29:56,605] {dagbag.py:508} INFO - Filling up the DagBag from /home/renan/datapipeline/.env/lib/python3.8/site-packages/airflow/example_dags/tutorial_etl_dag.py
[2022-08-09 00:29:56,609] {processor.py:651} INFO - DAG(s) dict_keys(['tutorial_etl_dag']) retrieved from /home/renan/datapipeline/.env/lib/python3.8/site-packages/airflow/example_dags/tutorial_etl_dag.py
[2022-08-09 00:29:56,619] {logging_mixin.py:115} INFO - [2022-08-09 00:29:56,619] {dag.py:2420} INFO - Sync 1 DAGs
[2022-08-09 00:29:56,628] {logging_mixin.py:115} INFO - [2022-08-09 00:29:56,628] {dag.py:2968} INFO - Setting next_dagrun for tutorial_etl_dag to None, run_after=None
[2022-08-09 00:29:56,637] {processor.py:161} INFO - Processing /home/renan/datapipeline/.env/lib/python3.8/site-packages/airflow/example_dags/tutorial_etl_dag.py took 0.034 seconds
[2022-08-09 00:30:31,375] {processor.py:153} INFO - Started process (PID=13080) to work on /home/renan/datapipeline/.env/lib/python3.8/site-packages/airflow/example_dags/tutorial_etl_dag.py
[2022-08-09 00:30:31,375] {processor.py:641} INFO - Processing file /home/renan/datapipeline/.env/lib/python3.8/site-packages/airflow/example_dags/tutorial_etl_dag.py for tasks to queue
[2022-08-09 00:30:31,375] {logging_mixin.py:115} INFO - [2022-08-09 00:30:31,375] {dagbag.py:508} INFO - Filling up the DagBag from /home/renan/datapipeline/.env/lib/python3.8/site-packages/airflow/example_dags/tutorial_etl_dag.py
[2022-08-09 00:30:31,379] {processor.py:651} INFO - DAG(s) dict_keys(['tutorial_etl_dag']) retrieved from /home/renan/datapipeline/.env/lib/python3.8/site-packages/airflow/example_dags/tutorial_etl_dag.py
[2022-08-09 00:30:31,389] {logging_mixin.py:115} INFO - [2022-08-09 00:30:31,389] {dag.py:2420} INFO - Sync 1 DAGs
[2022-08-09 00:30:31,398] {logging_mixin.py:115} INFO - [2022-08-09 00:30:31,398] {dag.py:2968} INFO - Setting next_dagrun for tutorial_etl_dag to None, run_after=None
[2022-08-09 00:30:31,407] {processor.py:161} INFO - Processing /home/renan/datapipeline/.env/lib/python3.8/site-packages/airflow/example_dags/tutorial_etl_dag.py took 0.034 seconds
[2022-08-09 00:31:08,174] {processor.py:153} INFO - Started process (PID=13118) to work on /home/renan/datapipeline/.env/lib/python3.8/site-packages/airflow/example_dags/tutorial_etl_dag.py
[2022-08-09 00:31:08,174] {processor.py:641} INFO - Processing file /home/renan/datapipeline/.env/lib/python3.8/site-packages/airflow/example_dags/tutorial_etl_dag.py for tasks to queue
[2022-08-09 00:31:08,175] {logging_mixin.py:115} INFO - [2022-08-09 00:31:08,174] {dagbag.py:508} INFO - Filling up the DagBag from /home/renan/datapipeline/.env/lib/python3.8/site-packages/airflow/example_dags/tutorial_etl_dag.py
[2022-08-09 00:31:08,179] {processor.py:651} INFO - DAG(s) dict_keys(['tutorial_etl_dag']) retrieved from /home/renan/datapipeline/.env/lib/python3.8/site-packages/airflow/example_dags/tutorial_etl_dag.py
[2022-08-09 00:31:08,188] {logging_mixin.py:115} INFO - [2022-08-09 00:31:08,188] {dag.py:2420} INFO - Sync 1 DAGs
[2022-08-09 00:31:08,198] {logging_mixin.py:115} INFO - [2022-08-09 00:31:08,198] {dag.py:2968} INFO - Setting next_dagrun for tutorial_etl_dag to None, run_after=None
[2022-08-09 00:31:08,207] {processor.py:161} INFO - Processing /home/renan/datapipeline/.env/lib/python3.8/site-packages/airflow/example_dags/tutorial_etl_dag.py took 0.034 seconds
[2022-08-09 00:31:40,425] {processor.py:153} INFO - Started process (PID=13158) to work on /home/renan/datapipeline/.env/lib/python3.8/site-packages/airflow/example_dags/tutorial_etl_dag.py
[2022-08-09 00:31:40,425] {processor.py:641} INFO - Processing file /home/renan/datapipeline/.env/lib/python3.8/site-packages/airflow/example_dags/tutorial_etl_dag.py for tasks to queue
[2022-08-09 00:31:40,425] {logging_mixin.py:115} INFO - [2022-08-09 00:31:40,425] {dagbag.py:508} INFO - Filling up the DagBag from /home/renan/datapipeline/.env/lib/python3.8/site-packages/airflow/example_dags/tutorial_etl_dag.py
[2022-08-09 00:31:40,430] {processor.py:651} INFO - DAG(s) dict_keys(['tutorial_etl_dag']) retrieved from /home/renan/datapipeline/.env/lib/python3.8/site-packages/airflow/example_dags/tutorial_etl_dag.py
[2022-08-09 00:31:40,439] {logging_mixin.py:115} INFO - [2022-08-09 00:31:40,439] {dag.py:2420} INFO - Sync 1 DAGs
[2022-08-09 00:31:40,448] {logging_mixin.py:115} INFO - [2022-08-09 00:31:40,448] {dag.py:2968} INFO - Setting next_dagrun for tutorial_etl_dag to None, run_after=None
[2022-08-09 00:31:40,459] {processor.py:161} INFO - Processing /home/renan/datapipeline/.env/lib/python3.8/site-packages/airflow/example_dags/tutorial_etl_dag.py took 0.036 seconds
[2022-08-09 00:32:15,145] {processor.py:153} INFO - Started process (PID=13280) to work on /home/renan/datapipeline/.env/lib/python3.8/site-packages/airflow/example_dags/tutorial_etl_dag.py
[2022-08-09 00:32:15,146] {processor.py:641} INFO - Processing file /home/renan/datapipeline/.env/lib/python3.8/site-packages/airflow/example_dags/tutorial_etl_dag.py for tasks to queue
[2022-08-09 00:32:15,146] {logging_mixin.py:115} INFO - [2022-08-09 00:32:15,146] {dagbag.py:508} INFO - Filling up the DagBag from /home/renan/datapipeline/.env/lib/python3.8/site-packages/airflow/example_dags/tutorial_etl_dag.py
[2022-08-09 00:32:15,151] {processor.py:651} INFO - DAG(s) dict_keys(['tutorial_etl_dag']) retrieved from /home/renan/datapipeline/.env/lib/python3.8/site-packages/airflow/example_dags/tutorial_etl_dag.py
[2022-08-09 00:32:15,163] {logging_mixin.py:115} INFO - [2022-08-09 00:32:15,163] {dag.py:2420} INFO - Sync 1 DAGs
[2022-08-09 00:32:15,175] {logging_mixin.py:115} INFO - [2022-08-09 00:32:15,175] {dag.py:2968} INFO - Setting next_dagrun for tutorial_etl_dag to None, run_after=None
[2022-08-09 00:32:15,186] {processor.py:161} INFO - Processing /home/renan/datapipeline/.env/lib/python3.8/site-packages/airflow/example_dags/tutorial_etl_dag.py took 0.043 seconds
[2022-08-09 00:32:50,985] {processor.py:153} INFO - Started process (PID=13321) to work on /home/renan/datapipeline/.env/lib/python3.8/site-packages/airflow/example_dags/tutorial_etl_dag.py
[2022-08-09 00:32:50,986] {processor.py:641} INFO - Processing file /home/renan/datapipeline/.env/lib/python3.8/site-packages/airflow/example_dags/tutorial_etl_dag.py for tasks to queue
[2022-08-09 00:32:50,986] {logging_mixin.py:115} INFO - [2022-08-09 00:32:50,986] {dagbag.py:508} INFO - Filling up the DagBag from /home/renan/datapipeline/.env/lib/python3.8/site-packages/airflow/example_dags/tutorial_etl_dag.py
[2022-08-09 00:32:50,991] {processor.py:651} INFO - DAG(s) dict_keys(['tutorial_etl_dag']) retrieved from /home/renan/datapipeline/.env/lib/python3.8/site-packages/airflow/example_dags/tutorial_etl_dag.py
[2022-08-09 00:32:51,005] {logging_mixin.py:115} INFO - [2022-08-09 00:32:51,004] {dag.py:2420} INFO - Sync 1 DAGs
[2022-08-09 00:32:51,019] {logging_mixin.py:115} INFO - [2022-08-09 00:32:51,019] {dag.py:2968} INFO - Setting next_dagrun for tutorial_etl_dag to None, run_after=None
[2022-08-09 00:32:51,030] {processor.py:161} INFO - Processing /home/renan/datapipeline/.env/lib/python3.8/site-packages/airflow/example_dags/tutorial_etl_dag.py took 0.047 seconds
