[2022-08-08 23:54:58,564] {processor.py:153} INFO - Started process (PID=9811) to work on /home/renan/datapipeline/.env/lib/python3.8/site-packages/airflow/example_dags/tutorial_taskflow_api_etl.py
[2022-08-08 23:54:58,564] {processor.py:641} INFO - Processing file /home/renan/datapipeline/.env/lib/python3.8/site-packages/airflow/example_dags/tutorial_taskflow_api_etl.py for tasks to queue
[2022-08-08 23:54:58,565] {logging_mixin.py:115} INFO - [2022-08-08 23:54:58,565] {dagbag.py:508} INFO - Filling up the DagBag from /home/renan/datapipeline/.env/lib/python3.8/site-packages/airflow/example_dags/tutorial_taskflow_api_etl.py
[2022-08-08 23:54:58,576] {processor.py:651} INFO - DAG(s) dict_keys(['tutorial_taskflow_api_etl']) retrieved from /home/renan/datapipeline/.env/lib/python3.8/site-packages/airflow/example_dags/tutorial_taskflow_api_etl.py
[2022-08-08 23:54:58,599] {logging_mixin.py:115} INFO - [2022-08-08 23:54:58,599] {dag.py:2420} INFO - Sync 1 DAGs
[2022-08-08 23:54:58,608] {logging_mixin.py:115} INFO - [2022-08-08 23:54:58,608] {dag.py:2968} INFO - Setting next_dagrun for tutorial_taskflow_api_etl to None, run_after=None
[2022-08-08 23:54:58,619] {processor.py:161} INFO - Processing /home/renan/datapipeline/.env/lib/python3.8/site-packages/airflow/example_dags/tutorial_taskflow_api_etl.py took 0.056 seconds
[2022-08-08 23:55:31,353] {processor.py:153} INFO - Started process (PID=9933) to work on /home/renan/datapipeline/.env/lib/python3.8/site-packages/airflow/example_dags/tutorial_taskflow_api_etl.py
[2022-08-08 23:55:31,353] {processor.py:641} INFO - Processing file /home/renan/datapipeline/.env/lib/python3.8/site-packages/airflow/example_dags/tutorial_taskflow_api_etl.py for tasks to queue
[2022-08-08 23:55:31,353] {logging_mixin.py:115} INFO - [2022-08-08 23:55:31,353] {dagbag.py:508} INFO - Filling up the DagBag from /home/renan/datapipeline/.env/lib/python3.8/site-packages/airflow/example_dags/tutorial_taskflow_api_etl.py
[2022-08-08 23:55:31,365] {processor.py:651} INFO - DAG(s) dict_keys(['tutorial_taskflow_api_etl']) retrieved from /home/renan/datapipeline/.env/lib/python3.8/site-packages/airflow/example_dags/tutorial_taskflow_api_etl.py
[2022-08-08 23:55:31,388] {logging_mixin.py:115} INFO - [2022-08-08 23:55:31,388] {dag.py:2420} INFO - Sync 1 DAGs
[2022-08-08 23:55:31,396] {logging_mixin.py:115} INFO - [2022-08-08 23:55:31,396] {dag.py:2968} INFO - Setting next_dagrun for tutorial_taskflow_api_etl to None, run_after=None
[2022-08-08 23:55:31,406] {processor.py:161} INFO - Processing /home/renan/datapipeline/.env/lib/python3.8/site-packages/airflow/example_dags/tutorial_taskflow_api_etl.py took 0.055 seconds
[2022-08-08 23:56:03,861] {processor.py:153} INFO - Started process (PID=9970) to work on /home/renan/datapipeline/.env/lib/python3.8/site-packages/airflow/example_dags/tutorial_taskflow_api_etl.py
[2022-08-08 23:56:03,861] {processor.py:641} INFO - Processing file /home/renan/datapipeline/.env/lib/python3.8/site-packages/airflow/example_dags/tutorial_taskflow_api_etl.py for tasks to queue
[2022-08-08 23:56:03,862] {logging_mixin.py:115} INFO - [2022-08-08 23:56:03,862] {dagbag.py:508} INFO - Filling up the DagBag from /home/renan/datapipeline/.env/lib/python3.8/site-packages/airflow/example_dags/tutorial_taskflow_api_etl.py
[2022-08-08 23:56:03,875] {processor.py:651} INFO - DAG(s) dict_keys(['tutorial_taskflow_api_etl']) retrieved from /home/renan/datapipeline/.env/lib/python3.8/site-packages/airflow/example_dags/tutorial_taskflow_api_etl.py
[2022-08-08 23:56:03,899] {logging_mixin.py:115} INFO - [2022-08-08 23:56:03,899] {dag.py:2420} INFO - Sync 1 DAGs
[2022-08-08 23:56:03,907] {logging_mixin.py:115} INFO - [2022-08-08 23:56:03,907] {dag.py:2968} INFO - Setting next_dagrun for tutorial_taskflow_api_etl to None, run_after=None
[2022-08-08 23:56:03,917] {processor.py:161} INFO - Processing /home/renan/datapipeline/.env/lib/python3.8/site-packages/airflow/example_dags/tutorial_taskflow_api_etl.py took 0.058 seconds
[2022-08-08 23:56:38,138] {processor.py:153} INFO - Started process (PID=10061) to work on /home/renan/datapipeline/.env/lib/python3.8/site-packages/airflow/example_dags/tutorial_taskflow_api_etl.py
[2022-08-08 23:56:38,139] {processor.py:641} INFO - Processing file /home/renan/datapipeline/.env/lib/python3.8/site-packages/airflow/example_dags/tutorial_taskflow_api_etl.py for tasks to queue
[2022-08-08 23:56:38,139] {logging_mixin.py:115} INFO - [2022-08-08 23:56:38,139] {dagbag.py:508} INFO - Filling up the DagBag from /home/renan/datapipeline/.env/lib/python3.8/site-packages/airflow/example_dags/tutorial_taskflow_api_etl.py
[2022-08-08 23:56:38,150] {processor.py:651} INFO - DAG(s) dict_keys(['tutorial_taskflow_api_etl']) retrieved from /home/renan/datapipeline/.env/lib/python3.8/site-packages/airflow/example_dags/tutorial_taskflow_api_etl.py
[2022-08-08 23:56:38,159] {logging_mixin.py:115} INFO - [2022-08-08 23:56:38,159] {dag.py:2420} INFO - Sync 1 DAGs
[2022-08-08 23:56:38,168] {logging_mixin.py:115} INFO - [2022-08-08 23:56:38,168] {dag.py:2968} INFO - Setting next_dagrun for tutorial_taskflow_api_etl to None, run_after=None
[2022-08-08 23:56:38,176] {processor.py:161} INFO - Processing /home/renan/datapipeline/.env/lib/python3.8/site-packages/airflow/example_dags/tutorial_taskflow_api_etl.py took 0.039 seconds
[2022-08-08 23:57:12,615] {processor.py:153} INFO - Started process (PID=10103) to work on /home/renan/datapipeline/.env/lib/python3.8/site-packages/airflow/example_dags/tutorial_taskflow_api_etl.py
[2022-08-08 23:57:12,616] {processor.py:641} INFO - Processing file /home/renan/datapipeline/.env/lib/python3.8/site-packages/airflow/example_dags/tutorial_taskflow_api_etl.py for tasks to queue
[2022-08-08 23:57:12,616] {logging_mixin.py:115} INFO - [2022-08-08 23:57:12,616] {dagbag.py:508} INFO - Filling up the DagBag from /home/renan/datapipeline/.env/lib/python3.8/site-packages/airflow/example_dags/tutorial_taskflow_api_etl.py
[2022-08-08 23:57:12,628] {processor.py:651} INFO - DAG(s) dict_keys(['tutorial_taskflow_api_etl']) retrieved from /home/renan/datapipeline/.env/lib/python3.8/site-packages/airflow/example_dags/tutorial_taskflow_api_etl.py
[2022-08-08 23:57:12,636] {logging_mixin.py:115} INFO - [2022-08-08 23:57:12,636] {dag.py:2420} INFO - Sync 1 DAGs
[2022-08-08 23:57:12,644] {logging_mixin.py:115} INFO - [2022-08-08 23:57:12,644] {dag.py:2968} INFO - Setting next_dagrun for tutorial_taskflow_api_etl to None, run_after=None
[2022-08-08 23:57:12,653] {processor.py:161} INFO - Processing /home/renan/datapipeline/.env/lib/python3.8/site-packages/airflow/example_dags/tutorial_taskflow_api_etl.py took 0.039 seconds
[2022-08-08 23:59:14,760] {processor.py:153} INFO - Started process (PID=10240) to work on /home/renan/datapipeline/.env/lib/python3.8/site-packages/airflow/example_dags/tutorial_taskflow_api_etl.py
[2022-08-08 23:59:14,760] {processor.py:641} INFO - Processing file /home/renan/datapipeline/.env/lib/python3.8/site-packages/airflow/example_dags/tutorial_taskflow_api_etl.py for tasks to queue
[2022-08-08 23:59:14,761] {logging_mixin.py:115} INFO - [2022-08-08 23:59:14,761] {dagbag.py:508} INFO - Filling up the DagBag from /home/renan/datapipeline/.env/lib/python3.8/site-packages/airflow/example_dags/tutorial_taskflow_api_etl.py
[2022-08-08 23:59:14,772] {processor.py:651} INFO - DAG(s) dict_keys(['tutorial_taskflow_api_etl']) retrieved from /home/renan/datapipeline/.env/lib/python3.8/site-packages/airflow/example_dags/tutorial_taskflow_api_etl.py
[2022-08-08 23:59:14,796] {logging_mixin.py:115} INFO - [2022-08-08 23:59:14,796] {dag.py:2420} INFO - Sync 1 DAGs
[2022-08-08 23:59:14,807] {logging_mixin.py:115} INFO - [2022-08-08 23:59:14,807] {dag.py:2968} INFO - Setting next_dagrun for tutorial_taskflow_api_etl to None, run_after=None
[2022-08-08 23:59:14,827] {processor.py:161} INFO - Processing /home/renan/datapipeline/.env/lib/python3.8/site-packages/airflow/example_dags/tutorial_taskflow_api_etl.py took 0.069 seconds
[2022-08-08 23:59:46,700] {processor.py:153} INFO - Started process (PID=10299) to work on /home/renan/datapipeline/.env/lib/python3.8/site-packages/airflow/example_dags/tutorial_taskflow_api_etl.py
[2022-08-08 23:59:46,700] {processor.py:641} INFO - Processing file /home/renan/datapipeline/.env/lib/python3.8/site-packages/airflow/example_dags/tutorial_taskflow_api_etl.py for tasks to queue
[2022-08-08 23:59:46,700] {logging_mixin.py:115} INFO - [2022-08-08 23:59:46,700] {dagbag.py:508} INFO - Filling up the DagBag from /home/renan/datapipeline/.env/lib/python3.8/site-packages/airflow/example_dags/tutorial_taskflow_api_etl.py
[2022-08-08 23:59:46,716] {processor.py:651} INFO - DAG(s) dict_keys(['tutorial_taskflow_api_etl']) retrieved from /home/renan/datapipeline/.env/lib/python3.8/site-packages/airflow/example_dags/tutorial_taskflow_api_etl.py
[2022-08-08 23:59:46,742] {logging_mixin.py:115} INFO - [2022-08-08 23:59:46,742] {dag.py:2420} INFO - Sync 1 DAGs
[2022-08-08 23:59:46,752] {logging_mixin.py:115} INFO - [2022-08-08 23:59:46,752] {dag.py:2968} INFO - Setting next_dagrun for tutorial_taskflow_api_etl to None, run_after=None
[2022-08-08 23:59:46,762] {processor.py:161} INFO - Processing /home/renan/datapipeline/.env/lib/python3.8/site-packages/airflow/example_dags/tutorial_taskflow_api_etl.py took 0.064 seconds
[2022-08-09 00:00:21,514] {processor.py:153} INFO - Started process (PID=10376) to work on /home/renan/datapipeline/.env/lib/python3.8/site-packages/airflow/example_dags/tutorial_taskflow_api_etl.py
[2022-08-09 00:00:21,515] {processor.py:641} INFO - Processing file /home/renan/datapipeline/.env/lib/python3.8/site-packages/airflow/example_dags/tutorial_taskflow_api_etl.py for tasks to queue
[2022-08-09 00:00:21,515] {logging_mixin.py:115} INFO - [2022-08-09 00:00:21,515] {dagbag.py:508} INFO - Filling up the DagBag from /home/renan/datapipeline/.env/lib/python3.8/site-packages/airflow/example_dags/tutorial_taskflow_api_etl.py
[2022-08-09 00:00:21,529] {processor.py:651} INFO - DAG(s) dict_keys(['tutorial_taskflow_api_etl']) retrieved from /home/renan/datapipeline/.env/lib/python3.8/site-packages/airflow/example_dags/tutorial_taskflow_api_etl.py
[2022-08-09 00:00:21,555] {logging_mixin.py:115} INFO - [2022-08-09 00:00:21,555] {dag.py:2420} INFO - Sync 1 DAGs
[2022-08-09 00:00:21,564] {logging_mixin.py:115} INFO - [2022-08-09 00:00:21,564] {dag.py:2968} INFO - Setting next_dagrun for tutorial_taskflow_api_etl to None, run_after=None
[2022-08-09 00:00:21,575] {processor.py:161} INFO - Processing /home/renan/datapipeline/.env/lib/python3.8/site-packages/airflow/example_dags/tutorial_taskflow_api_etl.py took 0.064 seconds
[2022-08-09 00:00:54,261] {processor.py:153} INFO - Started process (PID=10416) to work on /home/renan/datapipeline/.env/lib/python3.8/site-packages/airflow/example_dags/tutorial_taskflow_api_etl.py
[2022-08-09 00:00:54,262] {processor.py:641} INFO - Processing file /home/renan/datapipeline/.env/lib/python3.8/site-packages/airflow/example_dags/tutorial_taskflow_api_etl.py for tasks to queue
[2022-08-09 00:00:54,262] {logging_mixin.py:115} INFO - [2022-08-09 00:00:54,262] {dagbag.py:508} INFO - Filling up the DagBag from /home/renan/datapipeline/.env/lib/python3.8/site-packages/airflow/example_dags/tutorial_taskflow_api_etl.py
[2022-08-09 00:00:54,273] {processor.py:651} INFO - DAG(s) dict_keys(['tutorial_taskflow_api_etl']) retrieved from /home/renan/datapipeline/.env/lib/python3.8/site-packages/airflow/example_dags/tutorial_taskflow_api_etl.py
[2022-08-09 00:00:54,282] {logging_mixin.py:115} INFO - [2022-08-09 00:00:54,282] {dag.py:2420} INFO - Sync 1 DAGs
[2022-08-09 00:00:54,291] {logging_mixin.py:115} INFO - [2022-08-09 00:00:54,291] {dag.py:2968} INFO - Setting next_dagrun for tutorial_taskflow_api_etl to None, run_after=None
[2022-08-09 00:00:54,300] {processor.py:161} INFO - Processing /home/renan/datapipeline/.env/lib/python3.8/site-packages/airflow/example_dags/tutorial_taskflow_api_etl.py took 0.041 seconds
[2022-08-09 00:01:25,954] {processor.py:153} INFO - Started process (PID=10462) to work on /home/renan/datapipeline/.env/lib/python3.8/site-packages/airflow/example_dags/tutorial_taskflow_api_etl.py
[2022-08-09 00:01:25,956] {processor.py:641} INFO - Processing file /home/renan/datapipeline/.env/lib/python3.8/site-packages/airflow/example_dags/tutorial_taskflow_api_etl.py for tasks to queue
[2022-08-09 00:01:25,956] {logging_mixin.py:115} INFO - [2022-08-09 00:01:25,956] {dagbag.py:508} INFO - Filling up the DagBag from /home/renan/datapipeline/.env/lib/python3.8/site-packages/airflow/example_dags/tutorial_taskflow_api_etl.py
[2022-08-09 00:01:25,970] {processor.py:651} INFO - DAG(s) dict_keys(['tutorial_taskflow_api_etl']) retrieved from /home/renan/datapipeline/.env/lib/python3.8/site-packages/airflow/example_dags/tutorial_taskflow_api_etl.py
[2022-08-09 00:01:25,997] {logging_mixin.py:115} INFO - [2022-08-09 00:01:25,996] {dag.py:2420} INFO - Sync 1 DAGs
[2022-08-09 00:01:26,005] {logging_mixin.py:115} INFO - [2022-08-09 00:01:26,005] {dag.py:2968} INFO - Setting next_dagrun for tutorial_taskflow_api_etl to None, run_after=None
[2022-08-09 00:01:26,016] {processor.py:161} INFO - Processing /home/renan/datapipeline/.env/lib/python3.8/site-packages/airflow/example_dags/tutorial_taskflow_api_etl.py took 0.064 seconds
[2022-08-09 00:02:00,628] {processor.py:153} INFO - Started process (PID=10498) to work on /home/renan/datapipeline/.env/lib/python3.8/site-packages/airflow/example_dags/tutorial_taskflow_api_etl.py
[2022-08-09 00:02:00,629] {processor.py:641} INFO - Processing file /home/renan/datapipeline/.env/lib/python3.8/site-packages/airflow/example_dags/tutorial_taskflow_api_etl.py for tasks to queue
[2022-08-09 00:02:00,630] {logging_mixin.py:115} INFO - [2022-08-09 00:02:00,630] {dagbag.py:508} INFO - Filling up the DagBag from /home/renan/datapipeline/.env/lib/python3.8/site-packages/airflow/example_dags/tutorial_taskflow_api_etl.py
[2022-08-09 00:02:00,646] {processor.py:651} INFO - DAG(s) dict_keys(['tutorial_taskflow_api_etl']) retrieved from /home/renan/datapipeline/.env/lib/python3.8/site-packages/airflow/example_dags/tutorial_taskflow_api_etl.py
[2022-08-09 00:02:00,657] {logging_mixin.py:115} INFO - [2022-08-09 00:02:00,657] {dag.py:2420} INFO - Sync 1 DAGs
[2022-08-09 00:02:00,668] {logging_mixin.py:115} INFO - [2022-08-09 00:02:00,668] {dag.py:2968} INFO - Setting next_dagrun for tutorial_taskflow_api_etl to None, run_after=None
[2022-08-09 00:02:00,678] {processor.py:161} INFO - Processing /home/renan/datapipeline/.env/lib/python3.8/site-packages/airflow/example_dags/tutorial_taskflow_api_etl.py took 0.052 seconds
[2022-08-09 00:02:32,702] {processor.py:153} INFO - Started process (PID=10541) to work on /home/renan/datapipeline/.env/lib/python3.8/site-packages/airflow/example_dags/tutorial_taskflow_api_etl.py
[2022-08-09 00:02:32,703] {processor.py:641} INFO - Processing file /home/renan/datapipeline/.env/lib/python3.8/site-packages/airflow/example_dags/tutorial_taskflow_api_etl.py for tasks to queue
[2022-08-09 00:02:32,703] {logging_mixin.py:115} INFO - [2022-08-09 00:02:32,703] {dagbag.py:508} INFO - Filling up the DagBag from /home/renan/datapipeline/.env/lib/python3.8/site-packages/airflow/example_dags/tutorial_taskflow_api_etl.py
[2022-08-09 00:02:32,716] {processor.py:651} INFO - DAG(s) dict_keys(['tutorial_taskflow_api_etl']) retrieved from /home/renan/datapipeline/.env/lib/python3.8/site-packages/airflow/example_dags/tutorial_taskflow_api_etl.py
[2022-08-09 00:02:32,743] {logging_mixin.py:115} INFO - [2022-08-09 00:02:32,743] {dag.py:2420} INFO - Sync 1 DAGs
[2022-08-09 00:02:32,752] {logging_mixin.py:115} INFO - [2022-08-09 00:02:32,752] {dag.py:2968} INFO - Setting next_dagrun for tutorial_taskflow_api_etl to None, run_after=None
[2022-08-09 00:02:32,762] {processor.py:161} INFO - Processing /home/renan/datapipeline/.env/lib/python3.8/site-packages/airflow/example_dags/tutorial_taskflow_api_etl.py took 0.062 seconds
[2022-08-09 00:03:05,775] {processor.py:153} INFO - Started process (PID=10585) to work on /home/renan/datapipeline/.env/lib/python3.8/site-packages/airflow/example_dags/tutorial_taskflow_api_etl.py
[2022-08-09 00:03:05,775] {processor.py:641} INFO - Processing file /home/renan/datapipeline/.env/lib/python3.8/site-packages/airflow/example_dags/tutorial_taskflow_api_etl.py for tasks to queue
[2022-08-09 00:03:05,775] {logging_mixin.py:115} INFO - [2022-08-09 00:03:05,775] {dagbag.py:508} INFO - Filling up the DagBag from /home/renan/datapipeline/.env/lib/python3.8/site-packages/airflow/example_dags/tutorial_taskflow_api_etl.py
[2022-08-09 00:03:05,788] {processor.py:651} INFO - DAG(s) dict_keys(['tutorial_taskflow_api_etl']) retrieved from /home/renan/datapipeline/.env/lib/python3.8/site-packages/airflow/example_dags/tutorial_taskflow_api_etl.py
[2022-08-09 00:03:05,813] {logging_mixin.py:115} INFO - [2022-08-09 00:03:05,813] {dag.py:2420} INFO - Sync 1 DAGs
[2022-08-09 00:03:05,822] {logging_mixin.py:115} INFO - [2022-08-09 00:03:05,822] {dag.py:2968} INFO - Setting next_dagrun for tutorial_taskflow_api_etl to None, run_after=None
[2022-08-09 00:03:05,834] {processor.py:161} INFO - Processing /home/renan/datapipeline/.env/lib/python3.8/site-packages/airflow/example_dags/tutorial_taskflow_api_etl.py took 0.061 seconds
[2022-08-09 00:03:38,703] {processor.py:153} INFO - Started process (PID=10629) to work on /home/renan/datapipeline/.env/lib/python3.8/site-packages/airflow/example_dags/tutorial_taskflow_api_etl.py
[2022-08-09 00:03:38,704] {processor.py:641} INFO - Processing file /home/renan/datapipeline/.env/lib/python3.8/site-packages/airflow/example_dags/tutorial_taskflow_api_etl.py for tasks to queue
[2022-08-09 00:03:38,704] {logging_mixin.py:115} INFO - [2022-08-09 00:03:38,704] {dagbag.py:508} INFO - Filling up the DagBag from /home/renan/datapipeline/.env/lib/python3.8/site-packages/airflow/example_dags/tutorial_taskflow_api_etl.py
[2022-08-09 00:03:38,717] {processor.py:651} INFO - DAG(s) dict_keys(['tutorial_taskflow_api_etl']) retrieved from /home/renan/datapipeline/.env/lib/python3.8/site-packages/airflow/example_dags/tutorial_taskflow_api_etl.py
[2022-08-09 00:03:38,744] {logging_mixin.py:115} INFO - [2022-08-09 00:03:38,743] {dag.py:2420} INFO - Sync 1 DAGs
[2022-08-09 00:03:38,753] {logging_mixin.py:115} INFO - [2022-08-09 00:03:38,752] {dag.py:2968} INFO - Setting next_dagrun for tutorial_taskflow_api_etl to None, run_after=None
[2022-08-09 00:03:38,762] {processor.py:161} INFO - Processing /home/renan/datapipeline/.env/lib/python3.8/site-packages/airflow/example_dags/tutorial_taskflow_api_etl.py took 0.061 seconds
[2022-08-09 00:04:10,114] {processor.py:153} INFO - Started process (PID=10665) to work on /home/renan/datapipeline/.env/lib/python3.8/site-packages/airflow/example_dags/tutorial_taskflow_api_etl.py
[2022-08-09 00:04:10,115] {processor.py:641} INFO - Processing file /home/renan/datapipeline/.env/lib/python3.8/site-packages/airflow/example_dags/tutorial_taskflow_api_etl.py for tasks to queue
[2022-08-09 00:04:10,115] {logging_mixin.py:115} INFO - [2022-08-09 00:04:10,115] {dagbag.py:508} INFO - Filling up the DagBag from /home/renan/datapipeline/.env/lib/python3.8/site-packages/airflow/example_dags/tutorial_taskflow_api_etl.py
[2022-08-09 00:04:10,126] {processor.py:651} INFO - DAG(s) dict_keys(['tutorial_taskflow_api_etl']) retrieved from /home/renan/datapipeline/.env/lib/python3.8/site-packages/airflow/example_dags/tutorial_taskflow_api_etl.py
[2022-08-09 00:04:10,149] {logging_mixin.py:115} INFO - [2022-08-09 00:04:10,149] {dag.py:2420} INFO - Sync 1 DAGs
[2022-08-09 00:04:10,157] {logging_mixin.py:115} INFO - [2022-08-09 00:04:10,157] {dag.py:2968} INFO - Setting next_dagrun for tutorial_taskflow_api_etl to None, run_after=None
[2022-08-09 00:04:10,166] {processor.py:161} INFO - Processing /home/renan/datapipeline/.env/lib/python3.8/site-packages/airflow/example_dags/tutorial_taskflow_api_etl.py took 0.053 seconds
[2022-08-09 00:04:44,879] {processor.py:153} INFO - Started process (PID=10702) to work on /home/renan/datapipeline/.env/lib/python3.8/site-packages/airflow/example_dags/tutorial_taskflow_api_etl.py
[2022-08-09 00:04:44,879] {processor.py:641} INFO - Processing file /home/renan/datapipeline/.env/lib/python3.8/site-packages/airflow/example_dags/tutorial_taskflow_api_etl.py for tasks to queue
[2022-08-09 00:04:44,879] {logging_mixin.py:115} INFO - [2022-08-09 00:04:44,879] {dagbag.py:508} INFO - Filling up the DagBag from /home/renan/datapipeline/.env/lib/python3.8/site-packages/airflow/example_dags/tutorial_taskflow_api_etl.py
[2022-08-09 00:04:44,890] {processor.py:651} INFO - DAG(s) dict_keys(['tutorial_taskflow_api_etl']) retrieved from /home/renan/datapipeline/.env/lib/python3.8/site-packages/airflow/example_dags/tutorial_taskflow_api_etl.py
[2022-08-09 00:04:44,899] {logging_mixin.py:115} INFO - [2022-08-09 00:04:44,899] {dag.py:2420} INFO - Sync 1 DAGs
[2022-08-09 00:04:44,908] {logging_mixin.py:115} INFO - [2022-08-09 00:04:44,908] {dag.py:2968} INFO - Setting next_dagrun for tutorial_taskflow_api_etl to None, run_after=None
[2022-08-09 00:04:44,916] {processor.py:161} INFO - Processing /home/renan/datapipeline/.env/lib/python3.8/site-packages/airflow/example_dags/tutorial_taskflow_api_etl.py took 0.039 seconds
[2022-08-09 00:05:16,812] {processor.py:153} INFO - Started process (PID=10763) to work on /home/renan/datapipeline/.env/lib/python3.8/site-packages/airflow/example_dags/tutorial_taskflow_api_etl.py
[2022-08-09 00:05:16,813] {processor.py:641} INFO - Processing file /home/renan/datapipeline/.env/lib/python3.8/site-packages/airflow/example_dags/tutorial_taskflow_api_etl.py for tasks to queue
[2022-08-09 00:05:16,813] {logging_mixin.py:115} INFO - [2022-08-09 00:05:16,813] {dagbag.py:508} INFO - Filling up the DagBag from /home/renan/datapipeline/.env/lib/python3.8/site-packages/airflow/example_dags/tutorial_taskflow_api_etl.py
[2022-08-09 00:05:16,824] {processor.py:651} INFO - DAG(s) dict_keys(['tutorial_taskflow_api_etl']) retrieved from /home/renan/datapipeline/.env/lib/python3.8/site-packages/airflow/example_dags/tutorial_taskflow_api_etl.py
[2022-08-09 00:05:16,833] {logging_mixin.py:115} INFO - [2022-08-09 00:05:16,832] {dag.py:2420} INFO - Sync 1 DAGs
[2022-08-09 00:05:16,842] {logging_mixin.py:115} INFO - [2022-08-09 00:05:16,842] {dag.py:2968} INFO - Setting next_dagrun for tutorial_taskflow_api_etl to None, run_after=None
[2022-08-09 00:05:16,850] {processor.py:161} INFO - Processing /home/renan/datapipeline/.env/lib/python3.8/site-packages/airflow/example_dags/tutorial_taskflow_api_etl.py took 0.040 seconds
[2022-08-09 00:05:48,738] {processor.py:153} INFO - Started process (PID=10799) to work on /home/renan/datapipeline/.env/lib/python3.8/site-packages/airflow/example_dags/tutorial_taskflow_api_etl.py
[2022-08-09 00:05:48,739] {processor.py:641} INFO - Processing file /home/renan/datapipeline/.env/lib/python3.8/site-packages/airflow/example_dags/tutorial_taskflow_api_etl.py for tasks to queue
[2022-08-09 00:05:48,739] {logging_mixin.py:115} INFO - [2022-08-09 00:05:48,739] {dagbag.py:508} INFO - Filling up the DagBag from /home/renan/datapipeline/.env/lib/python3.8/site-packages/airflow/example_dags/tutorial_taskflow_api_etl.py
[2022-08-09 00:05:48,750] {processor.py:651} INFO - DAG(s) dict_keys(['tutorial_taskflow_api_etl']) retrieved from /home/renan/datapipeline/.env/lib/python3.8/site-packages/airflow/example_dags/tutorial_taskflow_api_etl.py
[2022-08-09 00:05:48,758] {logging_mixin.py:115} INFO - [2022-08-09 00:05:48,758] {dag.py:2420} INFO - Sync 1 DAGs
[2022-08-09 00:05:48,768] {logging_mixin.py:115} INFO - [2022-08-09 00:05:48,768] {dag.py:2968} INFO - Setting next_dagrun for tutorial_taskflow_api_etl to None, run_after=None
[2022-08-09 00:05:48,777] {processor.py:161} INFO - Processing /home/renan/datapipeline/.env/lib/python3.8/site-packages/airflow/example_dags/tutorial_taskflow_api_etl.py took 0.040 seconds
[2022-08-09 00:06:21,752] {processor.py:153} INFO - Started process (PID=10833) to work on /home/renan/datapipeline/.env/lib/python3.8/site-packages/airflow/example_dags/tutorial_taskflow_api_etl.py
[2022-08-09 00:06:21,753] {processor.py:641} INFO - Processing file /home/renan/datapipeline/.env/lib/python3.8/site-packages/airflow/example_dags/tutorial_taskflow_api_etl.py for tasks to queue
[2022-08-09 00:06:21,753] {logging_mixin.py:115} INFO - [2022-08-09 00:06:21,753] {dagbag.py:508} INFO - Filling up the DagBag from /home/renan/datapipeline/.env/lib/python3.8/site-packages/airflow/example_dags/tutorial_taskflow_api_etl.py
[2022-08-09 00:06:21,764] {processor.py:651} INFO - DAG(s) dict_keys(['tutorial_taskflow_api_etl']) retrieved from /home/renan/datapipeline/.env/lib/python3.8/site-packages/airflow/example_dags/tutorial_taskflow_api_etl.py
[2022-08-09 00:06:21,772] {logging_mixin.py:115} INFO - [2022-08-09 00:06:21,772] {dag.py:2420} INFO - Sync 1 DAGs
[2022-08-09 00:06:21,782] {logging_mixin.py:115} INFO - [2022-08-09 00:06:21,782] {dag.py:2968} INFO - Setting next_dagrun for tutorial_taskflow_api_etl to None, run_after=None
[2022-08-09 00:06:21,791] {processor.py:161} INFO - Processing /home/renan/datapipeline/.env/lib/python3.8/site-packages/airflow/example_dags/tutorial_taskflow_api_etl.py took 0.040 seconds
[2022-08-09 00:06:56,019] {processor.py:153} INFO - Started process (PID=10886) to work on /home/renan/datapipeline/.env/lib/python3.8/site-packages/airflow/example_dags/tutorial_taskflow_api_etl.py
[2022-08-09 00:06:56,020] {processor.py:641} INFO - Processing file /home/renan/datapipeline/.env/lib/python3.8/site-packages/airflow/example_dags/tutorial_taskflow_api_etl.py for tasks to queue
[2022-08-09 00:06:56,020] {logging_mixin.py:115} INFO - [2022-08-09 00:06:56,020] {dagbag.py:508} INFO - Filling up the DagBag from /home/renan/datapipeline/.env/lib/python3.8/site-packages/airflow/example_dags/tutorial_taskflow_api_etl.py
[2022-08-09 00:06:56,031] {processor.py:651} INFO - DAG(s) dict_keys(['tutorial_taskflow_api_etl']) retrieved from /home/renan/datapipeline/.env/lib/python3.8/site-packages/airflow/example_dags/tutorial_taskflow_api_etl.py
[2022-08-09 00:06:56,040] {logging_mixin.py:115} INFO - [2022-08-09 00:06:56,040] {dag.py:2420} INFO - Sync 1 DAGs
[2022-08-09 00:06:56,049] {logging_mixin.py:115} INFO - [2022-08-09 00:06:56,049] {dag.py:2968} INFO - Setting next_dagrun for tutorial_taskflow_api_etl to None, run_after=None
[2022-08-09 00:06:56,058] {processor.py:161} INFO - Processing /home/renan/datapipeline/.env/lib/python3.8/site-packages/airflow/example_dags/tutorial_taskflow_api_etl.py took 0.040 seconds
[2022-08-09 00:07:28,466] {processor.py:153} INFO - Started process (PID=10933) to work on /home/renan/datapipeline/.env/lib/python3.8/site-packages/airflow/example_dags/tutorial_taskflow_api_etl.py
[2022-08-09 00:07:28,466] {processor.py:641} INFO - Processing file /home/renan/datapipeline/.env/lib/python3.8/site-packages/airflow/example_dags/tutorial_taskflow_api_etl.py for tasks to queue
[2022-08-09 00:07:28,467] {logging_mixin.py:115} INFO - [2022-08-09 00:07:28,467] {dagbag.py:508} INFO - Filling up the DagBag from /home/renan/datapipeline/.env/lib/python3.8/site-packages/airflow/example_dags/tutorial_taskflow_api_etl.py
[2022-08-09 00:07:28,479] {processor.py:651} INFO - DAG(s) dict_keys(['tutorial_taskflow_api_etl']) retrieved from /home/renan/datapipeline/.env/lib/python3.8/site-packages/airflow/example_dags/tutorial_taskflow_api_etl.py
[2022-08-09 00:07:28,505] {logging_mixin.py:115} INFO - [2022-08-09 00:07:28,504] {dag.py:2420} INFO - Sync 1 DAGs
[2022-08-09 00:07:28,513] {logging_mixin.py:115} INFO - [2022-08-09 00:07:28,513] {dag.py:2968} INFO - Setting next_dagrun for tutorial_taskflow_api_etl to None, run_after=None
[2022-08-09 00:07:28,524] {processor.py:161} INFO - Processing /home/renan/datapipeline/.env/lib/python3.8/site-packages/airflow/example_dags/tutorial_taskflow_api_etl.py took 0.059 seconds
[2022-08-09 00:08:02,106] {processor.py:153} INFO - Started process (PID=10973) to work on /home/renan/datapipeline/.env/lib/python3.8/site-packages/airflow/example_dags/tutorial_taskflow_api_etl.py
[2022-08-09 00:08:02,106] {processor.py:641} INFO - Processing file /home/renan/datapipeline/.env/lib/python3.8/site-packages/airflow/example_dags/tutorial_taskflow_api_etl.py for tasks to queue
[2022-08-09 00:08:02,106] {logging_mixin.py:115} INFO - [2022-08-09 00:08:02,106] {dagbag.py:508} INFO - Filling up the DagBag from /home/renan/datapipeline/.env/lib/python3.8/site-packages/airflow/example_dags/tutorial_taskflow_api_etl.py
[2022-08-09 00:08:02,118] {processor.py:651} INFO - DAG(s) dict_keys(['tutorial_taskflow_api_etl']) retrieved from /home/renan/datapipeline/.env/lib/python3.8/site-packages/airflow/example_dags/tutorial_taskflow_api_etl.py
[2022-08-09 00:08:02,126] {logging_mixin.py:115} INFO - [2022-08-09 00:08:02,126] {dag.py:2420} INFO - Sync 1 DAGs
[2022-08-09 00:08:02,136] {logging_mixin.py:115} INFO - [2022-08-09 00:08:02,136] {dag.py:2968} INFO - Setting next_dagrun for tutorial_taskflow_api_etl to None, run_after=None
[2022-08-09 00:08:02,144] {processor.py:161} INFO - Processing /home/renan/datapipeline/.env/lib/python3.8/site-packages/airflow/example_dags/tutorial_taskflow_api_etl.py took 0.040 seconds
[2022-08-09 00:08:34,176] {processor.py:153} INFO - Started process (PID=11008) to work on /home/renan/datapipeline/.env/lib/python3.8/site-packages/airflow/example_dags/tutorial_taskflow_api_etl.py
[2022-08-09 00:08:34,176] {processor.py:641} INFO - Processing file /home/renan/datapipeline/.env/lib/python3.8/site-packages/airflow/example_dags/tutorial_taskflow_api_etl.py for tasks to queue
[2022-08-09 00:08:34,176] {logging_mixin.py:115} INFO - [2022-08-09 00:08:34,176] {dagbag.py:508} INFO - Filling up the DagBag from /home/renan/datapipeline/.env/lib/python3.8/site-packages/airflow/example_dags/tutorial_taskflow_api_etl.py
[2022-08-09 00:08:34,188] {processor.py:651} INFO - DAG(s) dict_keys(['tutorial_taskflow_api_etl']) retrieved from /home/renan/datapipeline/.env/lib/python3.8/site-packages/airflow/example_dags/tutorial_taskflow_api_etl.py
[2022-08-09 00:08:34,196] {logging_mixin.py:115} INFO - [2022-08-09 00:08:34,196] {dag.py:2420} INFO - Sync 1 DAGs
[2022-08-09 00:08:34,205] {logging_mixin.py:115} INFO - [2022-08-09 00:08:34,205] {dag.py:2968} INFO - Setting next_dagrun for tutorial_taskflow_api_etl to None, run_after=None
[2022-08-09 00:08:34,214] {processor.py:161} INFO - Processing /home/renan/datapipeline/.env/lib/python3.8/site-packages/airflow/example_dags/tutorial_taskflow_api_etl.py took 0.040 seconds
[2022-08-09 00:09:07,599] {processor.py:153} INFO - Started process (PID=11044) to work on /home/renan/datapipeline/.env/lib/python3.8/site-packages/airflow/example_dags/tutorial_taskflow_api_etl.py
[2022-08-09 00:09:07,600] {processor.py:641} INFO - Processing file /home/renan/datapipeline/.env/lib/python3.8/site-packages/airflow/example_dags/tutorial_taskflow_api_etl.py for tasks to queue
[2022-08-09 00:09:07,600] {logging_mixin.py:115} INFO - [2022-08-09 00:09:07,600] {dagbag.py:508} INFO - Filling up the DagBag from /home/renan/datapipeline/.env/lib/python3.8/site-packages/airflow/example_dags/tutorial_taskflow_api_etl.py
[2022-08-09 00:09:07,611] {processor.py:651} INFO - DAG(s) dict_keys(['tutorial_taskflow_api_etl']) retrieved from /home/renan/datapipeline/.env/lib/python3.8/site-packages/airflow/example_dags/tutorial_taskflow_api_etl.py
[2022-08-09 00:09:07,634] {logging_mixin.py:115} INFO - [2022-08-09 00:09:07,634] {dag.py:2420} INFO - Sync 1 DAGs
[2022-08-09 00:09:07,642] {logging_mixin.py:115} INFO - [2022-08-09 00:09:07,642] {dag.py:2968} INFO - Setting next_dagrun for tutorial_taskflow_api_etl to None, run_after=None
[2022-08-09 00:09:07,651] {processor.py:161} INFO - Processing /home/renan/datapipeline/.env/lib/python3.8/site-packages/airflow/example_dags/tutorial_taskflow_api_etl.py took 0.053 seconds
[2022-08-09 00:09:39,535] {processor.py:153} INFO - Started process (PID=11077) to work on /home/renan/datapipeline/.env/lib/python3.8/site-packages/airflow/example_dags/tutorial_taskflow_api_etl.py
[2022-08-09 00:09:39,535] {processor.py:641} INFO - Processing file /home/renan/datapipeline/.env/lib/python3.8/site-packages/airflow/example_dags/tutorial_taskflow_api_etl.py for tasks to queue
[2022-08-09 00:09:39,535] {logging_mixin.py:115} INFO - [2022-08-09 00:09:39,535] {dagbag.py:508} INFO - Filling up the DagBag from /home/renan/datapipeline/.env/lib/python3.8/site-packages/airflow/example_dags/tutorial_taskflow_api_etl.py
[2022-08-09 00:09:39,546] {processor.py:651} INFO - DAG(s) dict_keys(['tutorial_taskflow_api_etl']) retrieved from /home/renan/datapipeline/.env/lib/python3.8/site-packages/airflow/example_dags/tutorial_taskflow_api_etl.py
[2022-08-09 00:09:39,555] {logging_mixin.py:115} INFO - [2022-08-09 00:09:39,555] {dag.py:2420} INFO - Sync 1 DAGs
[2022-08-09 00:09:39,564] {logging_mixin.py:115} INFO - [2022-08-09 00:09:39,564] {dag.py:2968} INFO - Setting next_dagrun for tutorial_taskflow_api_etl to None, run_after=None
[2022-08-09 00:09:39,573] {processor.py:161} INFO - Processing /home/renan/datapipeline/.env/lib/python3.8/site-packages/airflow/example_dags/tutorial_taskflow_api_etl.py took 0.040 seconds
[2022-08-09 00:10:12,557] {processor.py:153} INFO - Started process (PID=11118) to work on /home/renan/datapipeline/.env/lib/python3.8/site-packages/airflow/example_dags/tutorial_taskflow_api_etl.py
[2022-08-09 00:10:12,558] {processor.py:641} INFO - Processing file /home/renan/datapipeline/.env/lib/python3.8/site-packages/airflow/example_dags/tutorial_taskflow_api_etl.py for tasks to queue
[2022-08-09 00:10:12,558] {logging_mixin.py:115} INFO - [2022-08-09 00:10:12,558] {dagbag.py:508} INFO - Filling up the DagBag from /home/renan/datapipeline/.env/lib/python3.8/site-packages/airflow/example_dags/tutorial_taskflow_api_etl.py
[2022-08-09 00:10:12,569] {processor.py:651} INFO - DAG(s) dict_keys(['tutorial_taskflow_api_etl']) retrieved from /home/renan/datapipeline/.env/lib/python3.8/site-packages/airflow/example_dags/tutorial_taskflow_api_etl.py
[2022-08-09 00:10:12,578] {logging_mixin.py:115} INFO - [2022-08-09 00:10:12,578] {dag.py:2420} INFO - Sync 1 DAGs
[2022-08-09 00:10:12,587] {logging_mixin.py:115} INFO - [2022-08-09 00:10:12,587] {dag.py:2968} INFO - Setting next_dagrun for tutorial_taskflow_api_etl to None, run_after=None
[2022-08-09 00:10:12,596] {processor.py:161} INFO - Processing /home/renan/datapipeline/.env/lib/python3.8/site-packages/airflow/example_dags/tutorial_taskflow_api_etl.py took 0.040 seconds
[2022-08-09 00:10:46,807] {processor.py:153} INFO - Started process (PID=11154) to work on /home/renan/datapipeline/.env/lib/python3.8/site-packages/airflow/example_dags/tutorial_taskflow_api_etl.py
[2022-08-09 00:10:46,807] {processor.py:641} INFO - Processing file /home/renan/datapipeline/.env/lib/python3.8/site-packages/airflow/example_dags/tutorial_taskflow_api_etl.py for tasks to queue
[2022-08-09 00:10:46,808] {logging_mixin.py:115} INFO - [2022-08-09 00:10:46,807] {dagbag.py:508} INFO - Filling up the DagBag from /home/renan/datapipeline/.env/lib/python3.8/site-packages/airflow/example_dags/tutorial_taskflow_api_etl.py
[2022-08-09 00:10:46,819] {processor.py:651} INFO - DAG(s) dict_keys(['tutorial_taskflow_api_etl']) retrieved from /home/renan/datapipeline/.env/lib/python3.8/site-packages/airflow/example_dags/tutorial_taskflow_api_etl.py
[2022-08-09 00:10:46,827] {logging_mixin.py:115} INFO - [2022-08-09 00:10:46,827] {dag.py:2420} INFO - Sync 1 DAGs
[2022-08-09 00:10:46,837] {logging_mixin.py:115} INFO - [2022-08-09 00:10:46,836] {dag.py:2968} INFO - Setting next_dagrun for tutorial_taskflow_api_etl to None, run_after=None
[2022-08-09 00:10:46,845] {processor.py:161} INFO - Processing /home/renan/datapipeline/.env/lib/python3.8/site-packages/airflow/example_dags/tutorial_taskflow_api_etl.py took 0.040 seconds
[2022-08-09 00:11:19,438] {processor.py:153} INFO - Started process (PID=11205) to work on /home/renan/datapipeline/.env/lib/python3.8/site-packages/airflow/example_dags/tutorial_taskflow_api_etl.py
[2022-08-09 00:11:19,439] {processor.py:641} INFO - Processing file /home/renan/datapipeline/.env/lib/python3.8/site-packages/airflow/example_dags/tutorial_taskflow_api_etl.py for tasks to queue
[2022-08-09 00:11:19,439] {logging_mixin.py:115} INFO - [2022-08-09 00:11:19,439] {dagbag.py:508} INFO - Filling up the DagBag from /home/renan/datapipeline/.env/lib/python3.8/site-packages/airflow/example_dags/tutorial_taskflow_api_etl.py
[2022-08-09 00:11:19,450] {processor.py:651} INFO - DAG(s) dict_keys(['tutorial_taskflow_api_etl']) retrieved from /home/renan/datapipeline/.env/lib/python3.8/site-packages/airflow/example_dags/tutorial_taskflow_api_etl.py
[2022-08-09 00:11:19,458] {logging_mixin.py:115} INFO - [2022-08-09 00:11:19,458] {dag.py:2420} INFO - Sync 1 DAGs
[2022-08-09 00:11:19,468] {logging_mixin.py:115} INFO - [2022-08-09 00:11:19,468] {dag.py:2968} INFO - Setting next_dagrun for tutorial_taskflow_api_etl to None, run_after=None
[2022-08-09 00:11:19,476] {processor.py:161} INFO - Processing /home/renan/datapipeline/.env/lib/python3.8/site-packages/airflow/example_dags/tutorial_taskflow_api_etl.py took 0.040 seconds
[2022-08-09 00:11:52,925] {processor.py:153} INFO - Started process (PID=11254) to work on /home/renan/datapipeline/.env/lib/python3.8/site-packages/airflow/example_dags/tutorial_taskflow_api_etl.py
[2022-08-09 00:11:52,925] {processor.py:641} INFO - Processing file /home/renan/datapipeline/.env/lib/python3.8/site-packages/airflow/example_dags/tutorial_taskflow_api_etl.py for tasks to queue
[2022-08-09 00:11:52,926] {logging_mixin.py:115} INFO - [2022-08-09 00:11:52,926] {dagbag.py:508} INFO - Filling up the DagBag from /home/renan/datapipeline/.env/lib/python3.8/site-packages/airflow/example_dags/tutorial_taskflow_api_etl.py
[2022-08-09 00:11:52,939] {processor.py:651} INFO - DAG(s) dict_keys(['tutorial_taskflow_api_etl']) retrieved from /home/renan/datapipeline/.env/lib/python3.8/site-packages/airflow/example_dags/tutorial_taskflow_api_etl.py
[2022-08-09 00:11:52,948] {logging_mixin.py:115} INFO - [2022-08-09 00:11:52,948] {dag.py:2420} INFO - Sync 1 DAGs
[2022-08-09 00:11:52,957] {logging_mixin.py:115} INFO - [2022-08-09 00:11:52,957] {dag.py:2968} INFO - Setting next_dagrun for tutorial_taskflow_api_etl to None, run_after=None
[2022-08-09 00:11:52,966] {processor.py:161} INFO - Processing /home/renan/datapipeline/.env/lib/python3.8/site-packages/airflow/example_dags/tutorial_taskflow_api_etl.py took 0.043 seconds
[2022-08-09 00:12:27,729] {processor.py:153} INFO - Started process (PID=11308) to work on /home/renan/datapipeline/.env/lib/python3.8/site-packages/airflow/example_dags/tutorial_taskflow_api_etl.py
[2022-08-09 00:12:27,729] {processor.py:641} INFO - Processing file /home/renan/datapipeline/.env/lib/python3.8/site-packages/airflow/example_dags/tutorial_taskflow_api_etl.py for tasks to queue
[2022-08-09 00:12:27,730] {logging_mixin.py:115} INFO - [2022-08-09 00:12:27,730] {dagbag.py:508} INFO - Filling up the DagBag from /home/renan/datapipeline/.env/lib/python3.8/site-packages/airflow/example_dags/tutorial_taskflow_api_etl.py
[2022-08-09 00:12:27,741] {processor.py:651} INFO - DAG(s) dict_keys(['tutorial_taskflow_api_etl']) retrieved from /home/renan/datapipeline/.env/lib/python3.8/site-packages/airflow/example_dags/tutorial_taskflow_api_etl.py
[2022-08-09 00:12:27,749] {logging_mixin.py:115} INFO - [2022-08-09 00:12:27,749] {dag.py:2420} INFO - Sync 1 DAGs
[2022-08-09 00:12:27,758] {logging_mixin.py:115} INFO - [2022-08-09 00:12:27,758] {dag.py:2968} INFO - Setting next_dagrun for tutorial_taskflow_api_etl to None, run_after=None
[2022-08-09 00:12:27,768] {processor.py:161} INFO - Processing /home/renan/datapipeline/.env/lib/python3.8/site-packages/airflow/example_dags/tutorial_taskflow_api_etl.py took 0.041 seconds
[2022-08-09 00:13:02,242] {processor.py:153} INFO - Started process (PID=11359) to work on /home/renan/datapipeline/.env/lib/python3.8/site-packages/airflow/example_dags/tutorial_taskflow_api_etl.py
[2022-08-09 00:13:02,242] {processor.py:641} INFO - Processing file /home/renan/datapipeline/.env/lib/python3.8/site-packages/airflow/example_dags/tutorial_taskflow_api_etl.py for tasks to queue
[2022-08-09 00:13:02,242] {logging_mixin.py:115} INFO - [2022-08-09 00:13:02,242] {dagbag.py:508} INFO - Filling up the DagBag from /home/renan/datapipeline/.env/lib/python3.8/site-packages/airflow/example_dags/tutorial_taskflow_api_etl.py
[2022-08-09 00:13:02,255] {processor.py:651} INFO - DAG(s) dict_keys(['tutorial_taskflow_api_etl']) retrieved from /home/renan/datapipeline/.env/lib/python3.8/site-packages/airflow/example_dags/tutorial_taskflow_api_etl.py
[2022-08-09 00:13:02,263] {logging_mixin.py:115} INFO - [2022-08-09 00:13:02,263] {dag.py:2420} INFO - Sync 1 DAGs
[2022-08-09 00:13:02,274] {logging_mixin.py:115} INFO - [2022-08-09 00:13:02,274] {dag.py:2968} INFO - Setting next_dagrun for tutorial_taskflow_api_etl to None, run_after=None
[2022-08-09 00:13:02,284] {processor.py:161} INFO - Processing /home/renan/datapipeline/.env/lib/python3.8/site-packages/airflow/example_dags/tutorial_taskflow_api_etl.py took 0.045 seconds
[2022-08-09 00:13:34,423] {processor.py:153} INFO - Started process (PID=11395) to work on /home/renan/datapipeline/.env/lib/python3.8/site-packages/airflow/example_dags/tutorial_taskflow_api_etl.py
[2022-08-09 00:13:34,424] {processor.py:641} INFO - Processing file /home/renan/datapipeline/.env/lib/python3.8/site-packages/airflow/example_dags/tutorial_taskflow_api_etl.py for tasks to queue
[2022-08-09 00:13:34,424] {logging_mixin.py:115} INFO - [2022-08-09 00:13:34,424] {dagbag.py:508} INFO - Filling up the DagBag from /home/renan/datapipeline/.env/lib/python3.8/site-packages/airflow/example_dags/tutorial_taskflow_api_etl.py
[2022-08-09 00:13:34,437] {processor.py:651} INFO - DAG(s) dict_keys(['tutorial_taskflow_api_etl']) retrieved from /home/renan/datapipeline/.env/lib/python3.8/site-packages/airflow/example_dags/tutorial_taskflow_api_etl.py
[2022-08-09 00:13:34,447] {logging_mixin.py:115} INFO - [2022-08-09 00:13:34,447] {dag.py:2420} INFO - Sync 1 DAGs
[2022-08-09 00:13:34,457] {logging_mixin.py:115} INFO - [2022-08-09 00:13:34,456] {dag.py:2968} INFO - Setting next_dagrun for tutorial_taskflow_api_etl to None, run_after=None
[2022-08-09 00:13:34,466] {processor.py:161} INFO - Processing /home/renan/datapipeline/.env/lib/python3.8/site-packages/airflow/example_dags/tutorial_taskflow_api_etl.py took 0.044 seconds
[2022-08-09 00:14:05,245] {processor.py:153} INFO - Started process (PID=11476) to work on /home/renan/datapipeline/.env/lib/python3.8/site-packages/airflow/example_dags/tutorial_taskflow_api_etl.py
[2022-08-09 00:14:05,245] {processor.py:641} INFO - Processing file /home/renan/datapipeline/.env/lib/python3.8/site-packages/airflow/example_dags/tutorial_taskflow_api_etl.py for tasks to queue
[2022-08-09 00:14:05,246] {logging_mixin.py:115} INFO - [2022-08-09 00:14:05,246] {dagbag.py:508} INFO - Filling up the DagBag from /home/renan/datapipeline/.env/lib/python3.8/site-packages/airflow/example_dags/tutorial_taskflow_api_etl.py
[2022-08-09 00:14:05,257] {processor.py:651} INFO - DAG(s) dict_keys(['tutorial_taskflow_api_etl']) retrieved from /home/renan/datapipeline/.env/lib/python3.8/site-packages/airflow/example_dags/tutorial_taskflow_api_etl.py
[2022-08-09 00:14:05,265] {logging_mixin.py:115} INFO - [2022-08-09 00:14:05,265] {dag.py:2420} INFO - Sync 1 DAGs
[2022-08-09 00:14:05,274] {logging_mixin.py:115} INFO - [2022-08-09 00:14:05,274] {dag.py:2968} INFO - Setting next_dagrun for tutorial_taskflow_api_etl to None, run_after=None
[2022-08-09 00:14:05,283] {processor.py:161} INFO - Processing /home/renan/datapipeline/.env/lib/python3.8/site-packages/airflow/example_dags/tutorial_taskflow_api_etl.py took 0.039 seconds
[2022-08-09 00:14:37,118] {processor.py:153} INFO - Started process (PID=11520) to work on /home/renan/datapipeline/.env/lib/python3.8/site-packages/airflow/example_dags/tutorial_taskflow_api_etl.py
[2022-08-09 00:14:37,118] {processor.py:641} INFO - Processing file /home/renan/datapipeline/.env/lib/python3.8/site-packages/airflow/example_dags/tutorial_taskflow_api_etl.py for tasks to queue
[2022-08-09 00:14:37,119] {logging_mixin.py:115} INFO - [2022-08-09 00:14:37,118] {dagbag.py:508} INFO - Filling up the DagBag from /home/renan/datapipeline/.env/lib/python3.8/site-packages/airflow/example_dags/tutorial_taskflow_api_etl.py
[2022-08-09 00:14:37,128] {processor.py:651} INFO - DAG(s) dict_keys(['tutorial_taskflow_api_etl']) retrieved from /home/renan/datapipeline/.env/lib/python3.8/site-packages/airflow/example_dags/tutorial_taskflow_api_etl.py
[2022-08-09 00:14:37,152] {logging_mixin.py:115} INFO - [2022-08-09 00:14:37,152] {dag.py:2420} INFO - Sync 1 DAGs
[2022-08-09 00:14:37,160] {logging_mixin.py:115} INFO - [2022-08-09 00:14:37,160] {dag.py:2968} INFO - Setting next_dagrun for tutorial_taskflow_api_etl to None, run_after=None
[2022-08-09 00:14:37,171] {processor.py:161} INFO - Processing /home/renan/datapipeline/.env/lib/python3.8/site-packages/airflow/example_dags/tutorial_taskflow_api_etl.py took 0.055 seconds
[2022-08-09 00:15:11,937] {processor.py:153} INFO - Started process (PID=11563) to work on /home/renan/datapipeline/.env/lib/python3.8/site-packages/airflow/example_dags/tutorial_taskflow_api_etl.py
[2022-08-09 00:15:11,938] {processor.py:641} INFO - Processing file /home/renan/datapipeline/.env/lib/python3.8/site-packages/airflow/example_dags/tutorial_taskflow_api_etl.py for tasks to queue
[2022-08-09 00:15:11,938] {logging_mixin.py:115} INFO - [2022-08-09 00:15:11,938] {dagbag.py:508} INFO - Filling up the DagBag from /home/renan/datapipeline/.env/lib/python3.8/site-packages/airflow/example_dags/tutorial_taskflow_api_etl.py
[2022-08-09 00:15:11,948] {processor.py:651} INFO - DAG(s) dict_keys(['tutorial_taskflow_api_etl']) retrieved from /home/renan/datapipeline/.env/lib/python3.8/site-packages/airflow/example_dags/tutorial_taskflow_api_etl.py
[2022-08-09 00:15:11,976] {logging_mixin.py:115} INFO - [2022-08-09 00:15:11,976] {dag.py:2420} INFO - Sync 1 DAGs
[2022-08-09 00:15:11,984] {logging_mixin.py:115} INFO - [2022-08-09 00:15:11,984] {dag.py:2968} INFO - Setting next_dagrun for tutorial_taskflow_api_etl to None, run_after=None
[2022-08-09 00:15:11,994] {processor.py:161} INFO - Processing /home/renan/datapipeline/.env/lib/python3.8/site-packages/airflow/example_dags/tutorial_taskflow_api_etl.py took 0.059 seconds
[2022-08-09 00:15:44,950] {processor.py:153} INFO - Started process (PID=11632) to work on /home/renan/datapipeline/.env/lib/python3.8/site-packages/airflow/example_dags/tutorial_taskflow_api_etl.py
[2022-08-09 00:15:44,950] {processor.py:641} INFO - Processing file /home/renan/datapipeline/.env/lib/python3.8/site-packages/airflow/example_dags/tutorial_taskflow_api_etl.py for tasks to queue
[2022-08-09 00:15:44,951] {logging_mixin.py:115} INFO - [2022-08-09 00:15:44,951] {dagbag.py:508} INFO - Filling up the DagBag from /home/renan/datapipeline/.env/lib/python3.8/site-packages/airflow/example_dags/tutorial_taskflow_api_etl.py
[2022-08-09 00:15:44,962] {processor.py:651} INFO - DAG(s) dict_keys(['tutorial_taskflow_api_etl']) retrieved from /home/renan/datapipeline/.env/lib/python3.8/site-packages/airflow/example_dags/tutorial_taskflow_api_etl.py
[2022-08-09 00:15:44,985] {logging_mixin.py:115} INFO - [2022-08-09 00:15:44,985] {dag.py:2420} INFO - Sync 1 DAGs
[2022-08-09 00:15:44,994] {logging_mixin.py:115} INFO - [2022-08-09 00:15:44,993] {dag.py:2968} INFO - Setting next_dagrun for tutorial_taskflow_api_etl to None, run_after=None
[2022-08-09 00:15:45,006] {processor.py:161} INFO - Processing /home/renan/datapipeline/.env/lib/python3.8/site-packages/airflow/example_dags/tutorial_taskflow_api_etl.py took 0.057 seconds
[2022-08-09 00:16:15,209] {processor.py:153} INFO - Started process (PID=11674) to work on /home/renan/datapipeline/.env/lib/python3.8/site-packages/airflow/example_dags/tutorial_taskflow_api_etl.py
[2022-08-09 00:16:15,210] {processor.py:641} INFO - Processing file /home/renan/datapipeline/.env/lib/python3.8/site-packages/airflow/example_dags/tutorial_taskflow_api_etl.py for tasks to queue
[2022-08-09 00:16:15,210] {logging_mixin.py:115} INFO - [2022-08-09 00:16:15,210] {dagbag.py:508} INFO - Filling up the DagBag from /home/renan/datapipeline/.env/lib/python3.8/site-packages/airflow/example_dags/tutorial_taskflow_api_etl.py
[2022-08-09 00:16:15,220] {processor.py:651} INFO - DAG(s) dict_keys(['tutorial_taskflow_api_etl']) retrieved from /home/renan/datapipeline/.env/lib/python3.8/site-packages/airflow/example_dags/tutorial_taskflow_api_etl.py
[2022-08-09 00:16:15,228] {logging_mixin.py:115} INFO - [2022-08-09 00:16:15,228] {dag.py:2420} INFO - Sync 1 DAGs
[2022-08-09 00:16:15,238] {logging_mixin.py:115} INFO - [2022-08-09 00:16:15,238] {dag.py:2968} INFO - Setting next_dagrun for tutorial_taskflow_api_etl to None, run_after=None
[2022-08-09 00:16:15,246] {processor.py:161} INFO - Processing /home/renan/datapipeline/.env/lib/python3.8/site-packages/airflow/example_dags/tutorial_taskflow_api_etl.py took 0.038 seconds
[2022-08-09 00:16:46,537] {processor.py:153} INFO - Started process (PID=11718) to work on /home/renan/datapipeline/.env/lib/python3.8/site-packages/airflow/example_dags/tutorial_taskflow_api_etl.py
[2022-08-09 00:16:46,538] {processor.py:641} INFO - Processing file /home/renan/datapipeline/.env/lib/python3.8/site-packages/airflow/example_dags/tutorial_taskflow_api_etl.py for tasks to queue
[2022-08-09 00:16:46,538] {logging_mixin.py:115} INFO - [2022-08-09 00:16:46,538] {dagbag.py:508} INFO - Filling up the DagBag from /home/renan/datapipeline/.env/lib/python3.8/site-packages/airflow/example_dags/tutorial_taskflow_api_etl.py
[2022-08-09 00:16:46,552] {processor.py:651} INFO - DAG(s) dict_keys(['tutorial_taskflow_api_etl']) retrieved from /home/renan/datapipeline/.env/lib/python3.8/site-packages/airflow/example_dags/tutorial_taskflow_api_etl.py
[2022-08-09 00:16:46,565] {logging_mixin.py:115} INFO - [2022-08-09 00:16:46,564] {dag.py:2420} INFO - Sync 1 DAGs
[2022-08-09 00:16:46,578] {logging_mixin.py:115} INFO - [2022-08-09 00:16:46,577] {dag.py:2968} INFO - Setting next_dagrun for tutorial_taskflow_api_etl to None, run_after=None
[2022-08-09 00:16:46,592] {processor.py:161} INFO - Processing /home/renan/datapipeline/.env/lib/python3.8/site-packages/airflow/example_dags/tutorial_taskflow_api_etl.py took 0.057 seconds
[2022-08-09 00:17:20,177] {processor.py:153} INFO - Started process (PID=11779) to work on /home/renan/datapipeline/.env/lib/python3.8/site-packages/airflow/example_dags/tutorial_taskflow_api_etl.py
[2022-08-09 00:17:20,177] {processor.py:641} INFO - Processing file /home/renan/datapipeline/.env/lib/python3.8/site-packages/airflow/example_dags/tutorial_taskflow_api_etl.py for tasks to queue
[2022-08-09 00:17:20,178] {logging_mixin.py:115} INFO - [2022-08-09 00:17:20,178] {dagbag.py:508} INFO - Filling up the DagBag from /home/renan/datapipeline/.env/lib/python3.8/site-packages/airflow/example_dags/tutorial_taskflow_api_etl.py
[2022-08-09 00:17:20,188] {processor.py:651} INFO - DAG(s) dict_keys(['tutorial_taskflow_api_etl']) retrieved from /home/renan/datapipeline/.env/lib/python3.8/site-packages/airflow/example_dags/tutorial_taskflow_api_etl.py
[2022-08-09 00:17:20,197] {logging_mixin.py:115} INFO - [2022-08-09 00:17:20,197] {dag.py:2420} INFO - Sync 1 DAGs
[2022-08-09 00:17:20,208] {logging_mixin.py:115} INFO - [2022-08-09 00:17:20,208] {dag.py:2968} INFO - Setting next_dagrun for tutorial_taskflow_api_etl to None, run_after=None
[2022-08-09 00:17:20,217] {processor.py:161} INFO - Processing /home/renan/datapipeline/.env/lib/python3.8/site-packages/airflow/example_dags/tutorial_taskflow_api_etl.py took 0.042 seconds
[2022-08-09 00:17:50,707] {processor.py:153} INFO - Started process (PID=11813) to work on /home/renan/datapipeline/.env/lib/python3.8/site-packages/airflow/example_dags/tutorial_taskflow_api_etl.py
[2022-08-09 00:17:50,708] {processor.py:641} INFO - Processing file /home/renan/datapipeline/.env/lib/python3.8/site-packages/airflow/example_dags/tutorial_taskflow_api_etl.py for tasks to queue
[2022-08-09 00:17:50,708] {logging_mixin.py:115} INFO - [2022-08-09 00:17:50,708] {dagbag.py:508} INFO - Filling up the DagBag from /home/renan/datapipeline/.env/lib/python3.8/site-packages/airflow/example_dags/tutorial_taskflow_api_etl.py
[2022-08-09 00:17:50,718] {processor.py:651} INFO - DAG(s) dict_keys(['tutorial_taskflow_api_etl']) retrieved from /home/renan/datapipeline/.env/lib/python3.8/site-packages/airflow/example_dags/tutorial_taskflow_api_etl.py
[2022-08-09 00:17:50,727] {logging_mixin.py:115} INFO - [2022-08-09 00:17:50,727] {dag.py:2420} INFO - Sync 1 DAGs
[2022-08-09 00:17:50,737] {logging_mixin.py:115} INFO - [2022-08-09 00:17:50,737] {dag.py:2968} INFO - Setting next_dagrun for tutorial_taskflow_api_etl to None, run_after=None
[2022-08-09 00:17:50,746] {processor.py:161} INFO - Processing /home/renan/datapipeline/.env/lib/python3.8/site-packages/airflow/example_dags/tutorial_taskflow_api_etl.py took 0.040 seconds
[2022-08-09 00:18:21,779] {processor.py:153} INFO - Started process (PID=11847) to work on /home/renan/datapipeline/.env/lib/python3.8/site-packages/airflow/example_dags/tutorial_taskflow_api_etl.py
[2022-08-09 00:18:21,780] {processor.py:641} INFO - Processing file /home/renan/datapipeline/.env/lib/python3.8/site-packages/airflow/example_dags/tutorial_taskflow_api_etl.py for tasks to queue
[2022-08-09 00:18:21,780] {logging_mixin.py:115} INFO - [2022-08-09 00:18:21,780] {dagbag.py:508} INFO - Filling up the DagBag from /home/renan/datapipeline/.env/lib/python3.8/site-packages/airflow/example_dags/tutorial_taskflow_api_etl.py
[2022-08-09 00:18:21,791] {processor.py:651} INFO - DAG(s) dict_keys(['tutorial_taskflow_api_etl']) retrieved from /home/renan/datapipeline/.env/lib/python3.8/site-packages/airflow/example_dags/tutorial_taskflow_api_etl.py
[2022-08-09 00:18:21,801] {logging_mixin.py:115} INFO - [2022-08-09 00:18:21,801] {dag.py:2420} INFO - Sync 1 DAGs
[2022-08-09 00:18:21,812] {logging_mixin.py:115} INFO - [2022-08-09 00:18:21,812] {dag.py:2968} INFO - Setting next_dagrun for tutorial_taskflow_api_etl to None, run_after=None
[2022-08-09 00:18:21,824] {processor.py:161} INFO - Processing /home/renan/datapipeline/.env/lib/python3.8/site-packages/airflow/example_dags/tutorial_taskflow_api_etl.py took 0.046 seconds
[2022-08-09 00:18:58,800] {processor.py:153} INFO - Started process (PID=11886) to work on /home/renan/datapipeline/.env/lib/python3.8/site-packages/airflow/example_dags/tutorial_taskflow_api_etl.py
[2022-08-09 00:18:58,801] {processor.py:641} INFO - Processing file /home/renan/datapipeline/.env/lib/python3.8/site-packages/airflow/example_dags/tutorial_taskflow_api_etl.py for tasks to queue
[2022-08-09 00:18:58,801] {logging_mixin.py:115} INFO - [2022-08-09 00:18:58,801] {dagbag.py:508} INFO - Filling up the DagBag from /home/renan/datapipeline/.env/lib/python3.8/site-packages/airflow/example_dags/tutorial_taskflow_api_etl.py
[2022-08-09 00:18:58,811] {processor.py:651} INFO - DAG(s) dict_keys(['tutorial_taskflow_api_etl']) retrieved from /home/renan/datapipeline/.env/lib/python3.8/site-packages/airflow/example_dags/tutorial_taskflow_api_etl.py
[2022-08-09 00:18:58,819] {logging_mixin.py:115} INFO - [2022-08-09 00:18:58,819] {dag.py:2420} INFO - Sync 1 DAGs
[2022-08-09 00:18:58,829] {logging_mixin.py:115} INFO - [2022-08-09 00:18:58,829] {dag.py:2968} INFO - Setting next_dagrun for tutorial_taskflow_api_etl to None, run_after=None
[2022-08-09 00:18:58,838] {processor.py:161} INFO - Processing /home/renan/datapipeline/.env/lib/python3.8/site-packages/airflow/example_dags/tutorial_taskflow_api_etl.py took 0.040 seconds
[2022-08-09 00:19:30,682] {processor.py:153} INFO - Started process (PID=11921) to work on /home/renan/datapipeline/.env/lib/python3.8/site-packages/airflow/example_dags/tutorial_taskflow_api_etl.py
[2022-08-09 00:19:30,682] {processor.py:641} INFO - Processing file /home/renan/datapipeline/.env/lib/python3.8/site-packages/airflow/example_dags/tutorial_taskflow_api_etl.py for tasks to queue
[2022-08-09 00:19:30,682] {logging_mixin.py:115} INFO - [2022-08-09 00:19:30,682] {dagbag.py:508} INFO - Filling up the DagBag from /home/renan/datapipeline/.env/lib/python3.8/site-packages/airflow/example_dags/tutorial_taskflow_api_etl.py
[2022-08-09 00:19:30,692] {processor.py:651} INFO - DAG(s) dict_keys(['tutorial_taskflow_api_etl']) retrieved from /home/renan/datapipeline/.env/lib/python3.8/site-packages/airflow/example_dags/tutorial_taskflow_api_etl.py
[2022-08-09 00:19:30,716] {logging_mixin.py:115} INFO - [2022-08-09 00:19:30,716] {dag.py:2420} INFO - Sync 1 DAGs
[2022-08-09 00:19:30,727] {logging_mixin.py:115} INFO - [2022-08-09 00:19:30,727] {dag.py:2968} INFO - Setting next_dagrun for tutorial_taskflow_api_etl to None, run_after=None
[2022-08-09 00:19:30,736] {processor.py:161} INFO - Processing /home/renan/datapipeline/.env/lib/python3.8/site-packages/airflow/example_dags/tutorial_taskflow_api_etl.py took 0.056 seconds
[2022-08-09 00:20:01,926] {processor.py:153} INFO - Started process (PID=11954) to work on /home/renan/datapipeline/.env/lib/python3.8/site-packages/airflow/example_dags/tutorial_taskflow_api_etl.py
[2022-08-09 00:20:01,926] {processor.py:641} INFO - Processing file /home/renan/datapipeline/.env/lib/python3.8/site-packages/airflow/example_dags/tutorial_taskflow_api_etl.py for tasks to queue
[2022-08-09 00:20:01,926] {logging_mixin.py:115} INFO - [2022-08-09 00:20:01,926] {dagbag.py:508} INFO - Filling up the DagBag from /home/renan/datapipeline/.env/lib/python3.8/site-packages/airflow/example_dags/tutorial_taskflow_api_etl.py
[2022-08-09 00:20:01,936] {processor.py:651} INFO - DAG(s) dict_keys(['tutorial_taskflow_api_etl']) retrieved from /home/renan/datapipeline/.env/lib/python3.8/site-packages/airflow/example_dags/tutorial_taskflow_api_etl.py
[2022-08-09 00:20:01,945] {logging_mixin.py:115} INFO - [2022-08-09 00:20:01,945] {dag.py:2420} INFO - Sync 1 DAGs
[2022-08-09 00:20:01,954] {logging_mixin.py:115} INFO - [2022-08-09 00:20:01,954] {dag.py:2968} INFO - Setting next_dagrun for tutorial_taskflow_api_etl to None, run_after=None
[2022-08-09 00:20:01,963] {processor.py:161} INFO - Processing /home/renan/datapipeline/.env/lib/python3.8/site-packages/airflow/example_dags/tutorial_taskflow_api_etl.py took 0.038 seconds
[2022-08-09 00:20:32,433] {processor.py:153} INFO - Started process (PID=11991) to work on /home/renan/datapipeline/.env/lib/python3.8/site-packages/airflow/example_dags/tutorial_taskflow_api_etl.py
[2022-08-09 00:20:32,434] {processor.py:641} INFO - Processing file /home/renan/datapipeline/.env/lib/python3.8/site-packages/airflow/example_dags/tutorial_taskflow_api_etl.py for tasks to queue
[2022-08-09 00:20:32,434] {logging_mixin.py:115} INFO - [2022-08-09 00:20:32,434] {dagbag.py:508} INFO - Filling up the DagBag from /home/renan/datapipeline/.env/lib/python3.8/site-packages/airflow/example_dags/tutorial_taskflow_api_etl.py
[2022-08-09 00:20:32,444] {processor.py:651} INFO - DAG(s) dict_keys(['tutorial_taskflow_api_etl']) retrieved from /home/renan/datapipeline/.env/lib/python3.8/site-packages/airflow/example_dags/tutorial_taskflow_api_etl.py
[2022-08-09 00:20:32,453] {logging_mixin.py:115} INFO - [2022-08-09 00:20:32,453] {dag.py:2420} INFO - Sync 1 DAGs
[2022-08-09 00:20:32,462] {logging_mixin.py:115} INFO - [2022-08-09 00:20:32,462] {dag.py:2968} INFO - Setting next_dagrun for tutorial_taskflow_api_etl to None, run_after=None
[2022-08-09 00:20:32,471] {processor.py:161} INFO - Processing /home/renan/datapipeline/.env/lib/python3.8/site-packages/airflow/example_dags/tutorial_taskflow_api_etl.py took 0.040 seconds
[2022-08-09 00:21:07,035] {processor.py:153} INFO - Started process (PID=12028) to work on /home/renan/datapipeline/.env/lib/python3.8/site-packages/airflow/example_dags/tutorial_taskflow_api_etl.py
[2022-08-09 00:21:07,036] {processor.py:641} INFO - Processing file /home/renan/datapipeline/.env/lib/python3.8/site-packages/airflow/example_dags/tutorial_taskflow_api_etl.py for tasks to queue
[2022-08-09 00:21:07,036] {logging_mixin.py:115} INFO - [2022-08-09 00:21:07,036] {dagbag.py:508} INFO - Filling up the DagBag from /home/renan/datapipeline/.env/lib/python3.8/site-packages/airflow/example_dags/tutorial_taskflow_api_etl.py
[2022-08-09 00:21:07,049] {processor.py:651} INFO - DAG(s) dict_keys(['tutorial_taskflow_api_etl']) retrieved from /home/renan/datapipeline/.env/lib/python3.8/site-packages/airflow/example_dags/tutorial_taskflow_api_etl.py
[2022-08-09 00:21:07,076] {logging_mixin.py:115} INFO - [2022-08-09 00:21:07,075] {dag.py:2420} INFO - Sync 1 DAGs
[2022-08-09 00:21:07,087] {logging_mixin.py:115} INFO - [2022-08-09 00:21:07,087] {dag.py:2968} INFO - Setting next_dagrun for tutorial_taskflow_api_etl to None, run_after=None
[2022-08-09 00:21:07,101] {processor.py:161} INFO - Processing /home/renan/datapipeline/.env/lib/python3.8/site-packages/airflow/example_dags/tutorial_taskflow_api_etl.py took 0.068 seconds
[2022-08-09 00:21:37,785] {processor.py:153} INFO - Started process (PID=12176) to work on /home/renan/datapipeline/.env/lib/python3.8/site-packages/airflow/example_dags/tutorial_taskflow_api_etl.py
[2022-08-09 00:21:37,785] {processor.py:641} INFO - Processing file /home/renan/datapipeline/.env/lib/python3.8/site-packages/airflow/example_dags/tutorial_taskflow_api_etl.py for tasks to queue
[2022-08-09 00:21:37,786] {logging_mixin.py:115} INFO - [2022-08-09 00:21:37,786] {dagbag.py:508} INFO - Filling up the DagBag from /home/renan/datapipeline/.env/lib/python3.8/site-packages/airflow/example_dags/tutorial_taskflow_api_etl.py
[2022-08-09 00:21:37,795] {processor.py:651} INFO - DAG(s) dict_keys(['tutorial_taskflow_api_etl']) retrieved from /home/renan/datapipeline/.env/lib/python3.8/site-packages/airflow/example_dags/tutorial_taskflow_api_etl.py
[2022-08-09 00:21:37,804] {logging_mixin.py:115} INFO - [2022-08-09 00:21:37,804] {dag.py:2420} INFO - Sync 1 DAGs
[2022-08-09 00:21:37,813] {logging_mixin.py:115} INFO - [2022-08-09 00:21:37,813] {dag.py:2968} INFO - Setting next_dagrun for tutorial_taskflow_api_etl to None, run_after=None
[2022-08-09 00:21:37,822] {processor.py:161} INFO - Processing /home/renan/datapipeline/.env/lib/python3.8/site-packages/airflow/example_dags/tutorial_taskflow_api_etl.py took 0.039 seconds
[2022-08-09 00:22:08,591] {processor.py:153} INFO - Started process (PID=12275) to work on /home/renan/datapipeline/.env/lib/python3.8/site-packages/airflow/example_dags/tutorial_taskflow_api_etl.py
[2022-08-09 00:22:08,592] {processor.py:641} INFO - Processing file /home/renan/datapipeline/.env/lib/python3.8/site-packages/airflow/example_dags/tutorial_taskflow_api_etl.py for tasks to queue
[2022-08-09 00:22:08,592] {logging_mixin.py:115} INFO - [2022-08-09 00:22:08,592] {dagbag.py:508} INFO - Filling up the DagBag from /home/renan/datapipeline/.env/lib/python3.8/site-packages/airflow/example_dags/tutorial_taskflow_api_etl.py
[2022-08-09 00:22:08,602] {processor.py:651} INFO - DAG(s) dict_keys(['tutorial_taskflow_api_etl']) retrieved from /home/renan/datapipeline/.env/lib/python3.8/site-packages/airflow/example_dags/tutorial_taskflow_api_etl.py
[2022-08-09 00:22:08,612] {logging_mixin.py:115} INFO - [2022-08-09 00:22:08,612] {dag.py:2420} INFO - Sync 1 DAGs
[2022-08-09 00:22:08,622] {logging_mixin.py:115} INFO - [2022-08-09 00:22:08,622] {dag.py:2968} INFO - Setting next_dagrun for tutorial_taskflow_api_etl to None, run_after=None
[2022-08-09 00:22:08,631] {processor.py:161} INFO - Processing /home/renan/datapipeline/.env/lib/python3.8/site-packages/airflow/example_dags/tutorial_taskflow_api_etl.py took 0.041 seconds
[2022-08-09 00:22:40,528] {processor.py:153} INFO - Started process (PID=12308) to work on /home/renan/datapipeline/.env/lib/python3.8/site-packages/airflow/example_dags/tutorial_taskflow_api_etl.py
[2022-08-09 00:22:40,528] {processor.py:641} INFO - Processing file /home/renan/datapipeline/.env/lib/python3.8/site-packages/airflow/example_dags/tutorial_taskflow_api_etl.py for tasks to queue
[2022-08-09 00:22:40,529] {logging_mixin.py:115} INFO - [2022-08-09 00:22:40,529] {dagbag.py:508} INFO - Filling up the DagBag from /home/renan/datapipeline/.env/lib/python3.8/site-packages/airflow/example_dags/tutorial_taskflow_api_etl.py
[2022-08-09 00:22:40,538] {processor.py:651} INFO - DAG(s) dict_keys(['tutorial_taskflow_api_etl']) retrieved from /home/renan/datapipeline/.env/lib/python3.8/site-packages/airflow/example_dags/tutorial_taskflow_api_etl.py
[2022-08-09 00:22:40,547] {logging_mixin.py:115} INFO - [2022-08-09 00:22:40,547] {dag.py:2420} INFO - Sync 1 DAGs
[2022-08-09 00:22:40,556] {logging_mixin.py:115} INFO - [2022-08-09 00:22:40,556] {dag.py:2968} INFO - Setting next_dagrun for tutorial_taskflow_api_etl to None, run_after=None
[2022-08-09 00:22:40,565] {processor.py:161} INFO - Processing /home/renan/datapipeline/.env/lib/python3.8/site-packages/airflow/example_dags/tutorial_taskflow_api_etl.py took 0.039 seconds
[2022-08-09 00:23:12,464] {processor.py:153} INFO - Started process (PID=12347) to work on /home/renan/datapipeline/.env/lib/python3.8/site-packages/airflow/example_dags/tutorial_taskflow_api_etl.py
[2022-08-09 00:23:12,465] {processor.py:641} INFO - Processing file /home/renan/datapipeline/.env/lib/python3.8/site-packages/airflow/example_dags/tutorial_taskflow_api_etl.py for tasks to queue
[2022-08-09 00:23:12,465] {logging_mixin.py:115} INFO - [2022-08-09 00:23:12,465] {dagbag.py:508} INFO - Filling up the DagBag from /home/renan/datapipeline/.env/lib/python3.8/site-packages/airflow/example_dags/tutorial_taskflow_api_etl.py
[2022-08-09 00:23:12,477] {processor.py:651} INFO - DAG(s) dict_keys(['tutorial_taskflow_api_etl']) retrieved from /home/renan/datapipeline/.env/lib/python3.8/site-packages/airflow/example_dags/tutorial_taskflow_api_etl.py
[2022-08-09 00:23:12,488] {logging_mixin.py:115} INFO - [2022-08-09 00:23:12,488] {dag.py:2420} INFO - Sync 1 DAGs
[2022-08-09 00:23:12,499] {logging_mixin.py:115} INFO - [2022-08-09 00:23:12,499] {dag.py:2968} INFO - Setting next_dagrun for tutorial_taskflow_api_etl to None, run_after=None
[2022-08-09 00:23:12,513] {processor.py:161} INFO - Processing /home/renan/datapipeline/.env/lib/python3.8/site-packages/airflow/example_dags/tutorial_taskflow_api_etl.py took 0.050 seconds
[2022-08-09 00:23:44,998] {processor.py:153} INFO - Started process (PID=12384) to work on /home/renan/datapipeline/.env/lib/python3.8/site-packages/airflow/example_dags/tutorial_taskflow_api_etl.py
[2022-08-09 00:23:44,998] {processor.py:641} INFO - Processing file /home/renan/datapipeline/.env/lib/python3.8/site-packages/airflow/example_dags/tutorial_taskflow_api_etl.py for tasks to queue
[2022-08-09 00:23:44,998] {logging_mixin.py:115} INFO - [2022-08-09 00:23:44,998] {dagbag.py:508} INFO - Filling up the DagBag from /home/renan/datapipeline/.env/lib/python3.8/site-packages/airflow/example_dags/tutorial_taskflow_api_etl.py
[2022-08-09 00:23:45,008] {processor.py:651} INFO - DAG(s) dict_keys(['tutorial_taskflow_api_etl']) retrieved from /home/renan/datapipeline/.env/lib/python3.8/site-packages/airflow/example_dags/tutorial_taskflow_api_etl.py
[2022-08-09 00:23:45,017] {logging_mixin.py:115} INFO - [2022-08-09 00:23:45,016] {dag.py:2420} INFO - Sync 1 DAGs
[2022-08-09 00:23:45,026] {logging_mixin.py:115} INFO - [2022-08-09 00:23:45,026] {dag.py:2968} INFO - Setting next_dagrun for tutorial_taskflow_api_etl to None, run_after=None
[2022-08-09 00:23:45,034] {processor.py:161} INFO - Processing /home/renan/datapipeline/.env/lib/python3.8/site-packages/airflow/example_dags/tutorial_taskflow_api_etl.py took 0.038 seconds
[2022-08-09 00:24:18,068] {processor.py:153} INFO - Started process (PID=12446) to work on /home/renan/datapipeline/.env/lib/python3.8/site-packages/airflow/example_dags/tutorial_taskflow_api_etl.py
[2022-08-09 00:24:18,069] {processor.py:641} INFO - Processing file /home/renan/datapipeline/.env/lib/python3.8/site-packages/airflow/example_dags/tutorial_taskflow_api_etl.py for tasks to queue
[2022-08-09 00:24:18,069] {logging_mixin.py:115} INFO - [2022-08-09 00:24:18,069] {dagbag.py:508} INFO - Filling up the DagBag from /home/renan/datapipeline/.env/lib/python3.8/site-packages/airflow/example_dags/tutorial_taskflow_api_etl.py
[2022-08-09 00:24:18,080] {processor.py:651} INFO - DAG(s) dict_keys(['tutorial_taskflow_api_etl']) retrieved from /home/renan/datapipeline/.env/lib/python3.8/site-packages/airflow/example_dags/tutorial_taskflow_api_etl.py
[2022-08-09 00:24:18,111] {logging_mixin.py:115} INFO - [2022-08-09 00:24:18,111] {dag.py:2420} INFO - Sync 1 DAGs
[2022-08-09 00:24:18,126] {logging_mixin.py:115} INFO - [2022-08-09 00:24:18,126] {dag.py:2968} INFO - Setting next_dagrun for tutorial_taskflow_api_etl to None, run_after=None
[2022-08-09 00:24:18,149] {processor.py:161} INFO - Processing /home/renan/datapipeline/.env/lib/python3.8/site-packages/airflow/example_dags/tutorial_taskflow_api_etl.py took 0.082 seconds
[2022-08-09 00:24:51,420] {processor.py:153} INFO - Started process (PID=12484) to work on /home/renan/datapipeline/.env/lib/python3.8/site-packages/airflow/example_dags/tutorial_taskflow_api_etl.py
[2022-08-09 00:24:51,421] {processor.py:641} INFO - Processing file /home/renan/datapipeline/.env/lib/python3.8/site-packages/airflow/example_dags/tutorial_taskflow_api_etl.py for tasks to queue
[2022-08-09 00:24:51,421] {logging_mixin.py:115} INFO - [2022-08-09 00:24:51,421] {dagbag.py:508} INFO - Filling up the DagBag from /home/renan/datapipeline/.env/lib/python3.8/site-packages/airflow/example_dags/tutorial_taskflow_api_etl.py
[2022-08-09 00:24:51,432] {processor.py:651} INFO - DAG(s) dict_keys(['tutorial_taskflow_api_etl']) retrieved from /home/renan/datapipeline/.env/lib/python3.8/site-packages/airflow/example_dags/tutorial_taskflow_api_etl.py
[2022-08-09 00:24:51,457] {logging_mixin.py:115} INFO - [2022-08-09 00:24:51,457] {dag.py:2420} INFO - Sync 1 DAGs
[2022-08-09 00:24:51,467] {logging_mixin.py:115} INFO - [2022-08-09 00:24:51,467] {dag.py:2968} INFO - Setting next_dagrun for tutorial_taskflow_api_etl to None, run_after=None
[2022-08-09 00:24:51,478] {processor.py:161} INFO - Processing /home/renan/datapipeline/.env/lib/python3.8/site-packages/airflow/example_dags/tutorial_taskflow_api_etl.py took 0.060 seconds
[2022-08-09 00:25:23,613] {processor.py:153} INFO - Started process (PID=12526) to work on /home/renan/datapipeline/.env/lib/python3.8/site-packages/airflow/example_dags/tutorial_taskflow_api_etl.py
[2022-08-09 00:25:23,613] {processor.py:641} INFO - Processing file /home/renan/datapipeline/.env/lib/python3.8/site-packages/airflow/example_dags/tutorial_taskflow_api_etl.py for tasks to queue
[2022-08-09 00:25:23,614] {logging_mixin.py:115} INFO - [2022-08-09 00:25:23,614] {dagbag.py:508} INFO - Filling up the DagBag from /home/renan/datapipeline/.env/lib/python3.8/site-packages/airflow/example_dags/tutorial_taskflow_api_etl.py
[2022-08-09 00:25:23,624] {processor.py:651} INFO - DAG(s) dict_keys(['tutorial_taskflow_api_etl']) retrieved from /home/renan/datapipeline/.env/lib/python3.8/site-packages/airflow/example_dags/tutorial_taskflow_api_etl.py
[2022-08-09 00:25:23,634] {logging_mixin.py:115} INFO - [2022-08-09 00:25:23,634] {dag.py:2420} INFO - Sync 1 DAGs
[2022-08-09 00:25:23,646] {logging_mixin.py:115} INFO - [2022-08-09 00:25:23,646] {dag.py:2968} INFO - Setting next_dagrun for tutorial_taskflow_api_etl to None, run_after=None
[2022-08-09 00:25:23,658] {processor.py:161} INFO - Processing /home/renan/datapipeline/.env/lib/python3.8/site-packages/airflow/example_dags/tutorial_taskflow_api_etl.py took 0.047 seconds
[2022-08-09 00:25:57,383] {processor.py:153} INFO - Started process (PID=12562) to work on /home/renan/datapipeline/.env/lib/python3.8/site-packages/airflow/example_dags/tutorial_taskflow_api_etl.py
[2022-08-09 00:25:57,384] {processor.py:641} INFO - Processing file /home/renan/datapipeline/.env/lib/python3.8/site-packages/airflow/example_dags/tutorial_taskflow_api_etl.py for tasks to queue
[2022-08-09 00:25:57,384] {logging_mixin.py:115} INFO - [2022-08-09 00:25:57,384] {dagbag.py:508} INFO - Filling up the DagBag from /home/renan/datapipeline/.env/lib/python3.8/site-packages/airflow/example_dags/tutorial_taskflow_api_etl.py
[2022-08-09 00:25:57,394] {processor.py:651} INFO - DAG(s) dict_keys(['tutorial_taskflow_api_etl']) retrieved from /home/renan/datapipeline/.env/lib/python3.8/site-packages/airflow/example_dags/tutorial_taskflow_api_etl.py
[2022-08-09 00:25:57,402] {logging_mixin.py:115} INFO - [2022-08-09 00:25:57,402] {dag.py:2420} INFO - Sync 1 DAGs
[2022-08-09 00:25:57,412] {logging_mixin.py:115} INFO - [2022-08-09 00:25:57,412] {dag.py:2968} INFO - Setting next_dagrun for tutorial_taskflow_api_etl to None, run_after=None
[2022-08-09 00:25:57,421] {processor.py:161} INFO - Processing /home/renan/datapipeline/.env/lib/python3.8/site-packages/airflow/example_dags/tutorial_taskflow_api_etl.py took 0.039 seconds
[2022-08-09 00:26:29,166] {processor.py:153} INFO - Started process (PID=12597) to work on /home/renan/datapipeline/.env/lib/python3.8/site-packages/airflow/example_dags/tutorial_taskflow_api_etl.py
[2022-08-09 00:26:29,166] {processor.py:641} INFO - Processing file /home/renan/datapipeline/.env/lib/python3.8/site-packages/airflow/example_dags/tutorial_taskflow_api_etl.py for tasks to queue
[2022-08-09 00:26:29,167] {logging_mixin.py:115} INFO - [2022-08-09 00:26:29,167] {dagbag.py:508} INFO - Filling up the DagBag from /home/renan/datapipeline/.env/lib/python3.8/site-packages/airflow/example_dags/tutorial_taskflow_api_etl.py
[2022-08-09 00:26:29,176] {processor.py:651} INFO - DAG(s) dict_keys(['tutorial_taskflow_api_etl']) retrieved from /home/renan/datapipeline/.env/lib/python3.8/site-packages/airflow/example_dags/tutorial_taskflow_api_etl.py
[2022-08-09 00:26:29,185] {logging_mixin.py:115} INFO - [2022-08-09 00:26:29,185] {dag.py:2420} INFO - Sync 1 DAGs
[2022-08-09 00:26:29,195] {logging_mixin.py:115} INFO - [2022-08-09 00:26:29,195] {dag.py:2968} INFO - Setting next_dagrun for tutorial_taskflow_api_etl to None, run_after=None
[2022-08-09 00:26:29,205] {processor.py:161} INFO - Processing /home/renan/datapipeline/.env/lib/python3.8/site-packages/airflow/example_dags/tutorial_taskflow_api_etl.py took 0.041 seconds
[2022-08-09 00:27:02,237] {processor.py:153} INFO - Started process (PID=12634) to work on /home/renan/datapipeline/.env/lib/python3.8/site-packages/airflow/example_dags/tutorial_taskflow_api_etl.py
[2022-08-09 00:27:02,237] {processor.py:641} INFO - Processing file /home/renan/datapipeline/.env/lib/python3.8/site-packages/airflow/example_dags/tutorial_taskflow_api_etl.py for tasks to queue
[2022-08-09 00:27:02,237] {logging_mixin.py:115} INFO - [2022-08-09 00:27:02,237] {dagbag.py:508} INFO - Filling up the DagBag from /home/renan/datapipeline/.env/lib/python3.8/site-packages/airflow/example_dags/tutorial_taskflow_api_etl.py
[2022-08-09 00:27:02,247] {processor.py:651} INFO - DAG(s) dict_keys(['tutorial_taskflow_api_etl']) retrieved from /home/renan/datapipeline/.env/lib/python3.8/site-packages/airflow/example_dags/tutorial_taskflow_api_etl.py
[2022-08-09 00:27:02,255] {logging_mixin.py:115} INFO - [2022-08-09 00:27:02,255] {dag.py:2420} INFO - Sync 1 DAGs
[2022-08-09 00:27:02,265] {logging_mixin.py:115} INFO - [2022-08-09 00:27:02,265] {dag.py:2968} INFO - Setting next_dagrun for tutorial_taskflow_api_etl to None, run_after=None
[2022-08-09 00:27:02,274] {processor.py:161} INFO - Processing /home/renan/datapipeline/.env/lib/python3.8/site-packages/airflow/example_dags/tutorial_taskflow_api_etl.py took 0.039 seconds
[2022-08-09 00:27:35,378] {processor.py:153} INFO - Started process (PID=12694) to work on /home/renan/datapipeline/.env/lib/python3.8/site-packages/airflow/example_dags/tutorial_taskflow_api_etl.py
[2022-08-09 00:27:35,378] {processor.py:641} INFO - Processing file /home/renan/datapipeline/.env/lib/python3.8/site-packages/airflow/example_dags/tutorial_taskflow_api_etl.py for tasks to queue
[2022-08-09 00:27:35,378] {logging_mixin.py:115} INFO - [2022-08-09 00:27:35,378] {dagbag.py:508} INFO - Filling up the DagBag from /home/renan/datapipeline/.env/lib/python3.8/site-packages/airflow/example_dags/tutorial_taskflow_api_etl.py
[2022-08-09 00:27:35,387] {processor.py:651} INFO - DAG(s) dict_keys(['tutorial_taskflow_api_etl']) retrieved from /home/renan/datapipeline/.env/lib/python3.8/site-packages/airflow/example_dags/tutorial_taskflow_api_etl.py
[2022-08-09 00:27:35,396] {logging_mixin.py:115} INFO - [2022-08-09 00:27:35,396] {dag.py:2420} INFO - Sync 1 DAGs
[2022-08-09 00:27:35,406] {logging_mixin.py:115} INFO - [2022-08-09 00:27:35,406] {dag.py:2968} INFO - Setting next_dagrun for tutorial_taskflow_api_etl to None, run_after=None
[2022-08-09 00:27:35,414] {processor.py:161} INFO - Processing /home/renan/datapipeline/.env/lib/python3.8/site-packages/airflow/example_dags/tutorial_taskflow_api_etl.py took 0.038 seconds
[2022-08-09 00:28:05,638] {processor.py:153} INFO - Started process (PID=12802) to work on /home/renan/datapipeline/.env/lib/python3.8/site-packages/airflow/example_dags/tutorial_taskflow_api_etl.py
[2022-08-09 00:28:05,638] {processor.py:641} INFO - Processing file /home/renan/datapipeline/.env/lib/python3.8/site-packages/airflow/example_dags/tutorial_taskflow_api_etl.py for tasks to queue
[2022-08-09 00:28:05,638] {logging_mixin.py:115} INFO - [2022-08-09 00:28:05,638] {dagbag.py:508} INFO - Filling up the DagBag from /home/renan/datapipeline/.env/lib/python3.8/site-packages/airflow/example_dags/tutorial_taskflow_api_etl.py
[2022-08-09 00:28:05,648] {processor.py:651} INFO - DAG(s) dict_keys(['tutorial_taskflow_api_etl']) retrieved from /home/renan/datapipeline/.env/lib/python3.8/site-packages/airflow/example_dags/tutorial_taskflow_api_etl.py
[2022-08-09 00:28:05,658] {logging_mixin.py:115} INFO - [2022-08-09 00:28:05,658] {dag.py:2420} INFO - Sync 1 DAGs
[2022-08-09 00:28:05,670] {logging_mixin.py:115} INFO - [2022-08-09 00:28:05,670] {dag.py:2968} INFO - Setting next_dagrun for tutorial_taskflow_api_etl to None, run_after=None
[2022-08-09 00:28:05,680] {processor.py:161} INFO - Processing /home/renan/datapipeline/.env/lib/python3.8/site-packages/airflow/example_dags/tutorial_taskflow_api_etl.py took 0.044 seconds
[2022-08-09 00:28:39,311] {processor.py:153} INFO - Started process (PID=12947) to work on /home/renan/datapipeline/.env/lib/python3.8/site-packages/airflow/example_dags/tutorial_taskflow_api_etl.py
[2022-08-09 00:28:39,312] {processor.py:641} INFO - Processing file /home/renan/datapipeline/.env/lib/python3.8/site-packages/airflow/example_dags/tutorial_taskflow_api_etl.py for tasks to queue
[2022-08-09 00:28:39,312] {logging_mixin.py:115} INFO - [2022-08-09 00:28:39,312] {dagbag.py:508} INFO - Filling up the DagBag from /home/renan/datapipeline/.env/lib/python3.8/site-packages/airflow/example_dags/tutorial_taskflow_api_etl.py
[2022-08-09 00:28:39,323] {processor.py:651} INFO - DAG(s) dict_keys(['tutorial_taskflow_api_etl']) retrieved from /home/renan/datapipeline/.env/lib/python3.8/site-packages/airflow/example_dags/tutorial_taskflow_api_etl.py
[2022-08-09 00:28:39,333] {logging_mixin.py:115} INFO - [2022-08-09 00:28:39,333] {dag.py:2420} INFO - Sync 1 DAGs
[2022-08-09 00:28:39,344] {logging_mixin.py:115} INFO - [2022-08-09 00:28:39,344] {dag.py:2968} INFO - Setting next_dagrun for tutorial_taskflow_api_etl to None, run_after=None
[2022-08-09 00:28:39,353] {processor.py:161} INFO - Processing /home/renan/datapipeline/.env/lib/python3.8/site-packages/airflow/example_dags/tutorial_taskflow_api_etl.py took 0.044 seconds
[2022-08-09 00:29:10,820] {processor.py:153} INFO - Started process (PID=12983) to work on /home/renan/datapipeline/.env/lib/python3.8/site-packages/airflow/example_dags/tutorial_taskflow_api_etl.py
[2022-08-09 00:29:10,821] {processor.py:641} INFO - Processing file /home/renan/datapipeline/.env/lib/python3.8/site-packages/airflow/example_dags/tutorial_taskflow_api_etl.py for tasks to queue
[2022-08-09 00:29:10,821] {logging_mixin.py:115} INFO - [2022-08-09 00:29:10,821] {dagbag.py:508} INFO - Filling up the DagBag from /home/renan/datapipeline/.env/lib/python3.8/site-packages/airflow/example_dags/tutorial_taskflow_api_etl.py
[2022-08-09 00:29:10,831] {processor.py:651} INFO - DAG(s) dict_keys(['tutorial_taskflow_api_etl']) retrieved from /home/renan/datapipeline/.env/lib/python3.8/site-packages/airflow/example_dags/tutorial_taskflow_api_etl.py
[2022-08-09 00:29:10,857] {logging_mixin.py:115} INFO - [2022-08-09 00:29:10,857] {dag.py:2420} INFO - Sync 1 DAGs
[2022-08-09 00:29:10,867] {logging_mixin.py:115} INFO - [2022-08-09 00:29:10,867] {dag.py:2968} INFO - Setting next_dagrun for tutorial_taskflow_api_etl to None, run_after=None
[2022-08-09 00:29:10,878] {processor.py:161} INFO - Processing /home/renan/datapipeline/.env/lib/python3.8/site-packages/airflow/example_dags/tutorial_taskflow_api_etl.py took 0.060 seconds
[2022-08-09 00:29:43,459] {processor.py:153} INFO - Started process (PID=13025) to work on /home/renan/datapipeline/.env/lib/python3.8/site-packages/airflow/example_dags/tutorial_taskflow_api_etl.py
[2022-08-09 00:29:43,459] {processor.py:641} INFO - Processing file /home/renan/datapipeline/.env/lib/python3.8/site-packages/airflow/example_dags/tutorial_taskflow_api_etl.py for tasks to queue
[2022-08-09 00:29:43,459] {logging_mixin.py:115} INFO - [2022-08-09 00:29:43,459] {dagbag.py:508} INFO - Filling up the DagBag from /home/renan/datapipeline/.env/lib/python3.8/site-packages/airflow/example_dags/tutorial_taskflow_api_etl.py
[2022-08-09 00:29:43,470] {processor.py:651} INFO - DAG(s) dict_keys(['tutorial_taskflow_api_etl']) retrieved from /home/renan/datapipeline/.env/lib/python3.8/site-packages/airflow/example_dags/tutorial_taskflow_api_etl.py
[2022-08-09 00:29:43,478] {logging_mixin.py:115} INFO - [2022-08-09 00:29:43,478] {dag.py:2420} INFO - Sync 1 DAGs
[2022-08-09 00:29:43,488] {logging_mixin.py:115} INFO - [2022-08-09 00:29:43,488] {dag.py:2968} INFO - Setting next_dagrun for tutorial_taskflow_api_etl to None, run_after=None
[2022-08-09 00:29:43,496] {processor.py:161} INFO - Processing /home/renan/datapipeline/.env/lib/python3.8/site-packages/airflow/example_dags/tutorial_taskflow_api_etl.py took 0.039 seconds
[2022-08-09 00:30:14,887] {processor.py:153} INFO - Started process (PID=13064) to work on /home/renan/datapipeline/.env/lib/python3.8/site-packages/airflow/example_dags/tutorial_taskflow_api_etl.py
[2022-08-09 00:30:14,888] {processor.py:641} INFO - Processing file /home/renan/datapipeline/.env/lib/python3.8/site-packages/airflow/example_dags/tutorial_taskflow_api_etl.py for tasks to queue
[2022-08-09 00:30:14,888] {logging_mixin.py:115} INFO - [2022-08-09 00:30:14,888] {dagbag.py:508} INFO - Filling up the DagBag from /home/renan/datapipeline/.env/lib/python3.8/site-packages/airflow/example_dags/tutorial_taskflow_api_etl.py
[2022-08-09 00:30:14,898] {processor.py:651} INFO - DAG(s) dict_keys(['tutorial_taskflow_api_etl']) retrieved from /home/renan/datapipeline/.env/lib/python3.8/site-packages/airflow/example_dags/tutorial_taskflow_api_etl.py
[2022-08-09 00:30:14,906] {logging_mixin.py:115} INFO - [2022-08-09 00:30:14,906] {dag.py:2420} INFO - Sync 1 DAGs
[2022-08-09 00:30:14,916] {logging_mixin.py:115} INFO - [2022-08-09 00:30:14,916] {dag.py:2968} INFO - Setting next_dagrun for tutorial_taskflow_api_etl to None, run_after=None
[2022-08-09 00:30:14,924] {processor.py:161} INFO - Processing /home/renan/datapipeline/.env/lib/python3.8/site-packages/airflow/example_dags/tutorial_taskflow_api_etl.py took 0.039 seconds
[2022-08-09 00:30:46,779] {processor.py:153} INFO - Started process (PID=13097) to work on /home/renan/datapipeline/.env/lib/python3.8/site-packages/airflow/example_dags/tutorial_taskflow_api_etl.py
[2022-08-09 00:30:46,779] {processor.py:641} INFO - Processing file /home/renan/datapipeline/.env/lib/python3.8/site-packages/airflow/example_dags/tutorial_taskflow_api_etl.py for tasks to queue
[2022-08-09 00:30:46,780] {logging_mixin.py:115} INFO - [2022-08-09 00:30:46,780] {dagbag.py:508} INFO - Filling up the DagBag from /home/renan/datapipeline/.env/lib/python3.8/site-packages/airflow/example_dags/tutorial_taskflow_api_etl.py
[2022-08-09 00:30:46,790] {processor.py:651} INFO - DAG(s) dict_keys(['tutorial_taskflow_api_etl']) retrieved from /home/renan/datapipeline/.env/lib/python3.8/site-packages/airflow/example_dags/tutorial_taskflow_api_etl.py
[2022-08-09 00:30:46,798] {logging_mixin.py:115} INFO - [2022-08-09 00:30:46,798] {dag.py:2420} INFO - Sync 1 DAGs
[2022-08-09 00:30:46,808] {logging_mixin.py:115} INFO - [2022-08-09 00:30:46,808] {dag.py:2968} INFO - Setting next_dagrun for tutorial_taskflow_api_etl to None, run_after=None
[2022-08-09 00:30:46,817] {processor.py:161} INFO - Processing /home/renan/datapipeline/.env/lib/python3.8/site-packages/airflow/example_dags/tutorial_taskflow_api_etl.py took 0.040 seconds
[2022-08-09 00:31:21,300] {processor.py:153} INFO - Started process (PID=13132) to work on /home/renan/datapipeline/.env/lib/python3.8/site-packages/airflow/example_dags/tutorial_taskflow_api_etl.py
[2022-08-09 00:31:21,301] {processor.py:641} INFO - Processing file /home/renan/datapipeline/.env/lib/python3.8/site-packages/airflow/example_dags/tutorial_taskflow_api_etl.py for tasks to queue
[2022-08-09 00:31:21,301] {logging_mixin.py:115} INFO - [2022-08-09 00:31:21,301] {dagbag.py:508} INFO - Filling up the DagBag from /home/renan/datapipeline/.env/lib/python3.8/site-packages/airflow/example_dags/tutorial_taskflow_api_etl.py
[2022-08-09 00:31:21,311] {processor.py:651} INFO - DAG(s) dict_keys(['tutorial_taskflow_api_etl']) retrieved from /home/renan/datapipeline/.env/lib/python3.8/site-packages/airflow/example_dags/tutorial_taskflow_api_etl.py
[2022-08-09 00:31:21,320] {logging_mixin.py:115} INFO - [2022-08-09 00:31:21,320] {dag.py:2420} INFO - Sync 1 DAGs
[2022-08-09 00:31:21,330] {logging_mixin.py:115} INFO - [2022-08-09 00:31:21,330] {dag.py:2968} INFO - Setting next_dagrun for tutorial_taskflow_api_etl to None, run_after=None
[2022-08-09 00:31:21,341] {processor.py:161} INFO - Processing /home/renan/datapipeline/.env/lib/python3.8/site-packages/airflow/example_dags/tutorial_taskflow_api_etl.py took 0.042 seconds
[2022-08-09 00:31:51,684] {processor.py:153} INFO - Started process (PID=13209) to work on /home/renan/datapipeline/.env/lib/python3.8/site-packages/airflow/example_dags/tutorial_taskflow_api_etl.py
[2022-08-09 00:31:51,685] {processor.py:641} INFO - Processing file /home/renan/datapipeline/.env/lib/python3.8/site-packages/airflow/example_dags/tutorial_taskflow_api_etl.py for tasks to queue
[2022-08-09 00:31:51,685] {logging_mixin.py:115} INFO - [2022-08-09 00:31:51,685] {dagbag.py:508} INFO - Filling up the DagBag from /home/renan/datapipeline/.env/lib/python3.8/site-packages/airflow/example_dags/tutorial_taskflow_api_etl.py
[2022-08-09 00:31:51,695] {processor.py:651} INFO - DAG(s) dict_keys(['tutorial_taskflow_api_etl']) retrieved from /home/renan/datapipeline/.env/lib/python3.8/site-packages/airflow/example_dags/tutorial_taskflow_api_etl.py
[2022-08-09 00:31:51,703] {logging_mixin.py:115} INFO - [2022-08-09 00:31:51,703] {dag.py:2420} INFO - Sync 1 DAGs
[2022-08-09 00:31:51,713] {logging_mixin.py:115} INFO - [2022-08-09 00:31:51,713] {dag.py:2968} INFO - Setting next_dagrun for tutorial_taskflow_api_etl to None, run_after=None
[2022-08-09 00:31:51,724] {processor.py:161} INFO - Processing /home/renan/datapipeline/.env/lib/python3.8/site-packages/airflow/example_dags/tutorial_taskflow_api_etl.py took 0.041 seconds
[2022-08-09 00:32:24,283] {processor.py:153} INFO - Started process (PID=13290) to work on /home/renan/datapipeline/.env/lib/python3.8/site-packages/airflow/example_dags/tutorial_taskflow_api_etl.py
[2022-08-09 00:32:24,283] {processor.py:641} INFO - Processing file /home/renan/datapipeline/.env/lib/python3.8/site-packages/airflow/example_dags/tutorial_taskflow_api_etl.py for tasks to queue
[2022-08-09 00:32:24,283] {logging_mixin.py:115} INFO - [2022-08-09 00:32:24,283] {dagbag.py:508} INFO - Filling up the DagBag from /home/renan/datapipeline/.env/lib/python3.8/site-packages/airflow/example_dags/tutorial_taskflow_api_etl.py
[2022-08-09 00:32:24,293] {processor.py:651} INFO - DAG(s) dict_keys(['tutorial_taskflow_api_etl']) retrieved from /home/renan/datapipeline/.env/lib/python3.8/site-packages/airflow/example_dags/tutorial_taskflow_api_etl.py
[2022-08-09 00:32:24,302] {logging_mixin.py:115} INFO - [2022-08-09 00:32:24,302] {dag.py:2420} INFO - Sync 1 DAGs
[2022-08-09 00:32:24,311] {logging_mixin.py:115} INFO - [2022-08-09 00:32:24,311] {dag.py:2968} INFO - Setting next_dagrun for tutorial_taskflow_api_etl to None, run_after=None
[2022-08-09 00:32:24,321] {processor.py:161} INFO - Processing /home/renan/datapipeline/.env/lib/python3.8/site-packages/airflow/example_dags/tutorial_taskflow_api_etl.py took 0.040 seconds
