[2022-08-08 23:54:53,606] {processor.py:153} INFO - Started process (PID=9798) to work on /home/renan/datapipeline/.env/lib/python3.8/site-packages/airflow/example_dags/tutorial.py
[2022-08-08 23:54:53,606] {processor.py:641} INFO - Processing file /home/renan/datapipeline/.env/lib/python3.8/site-packages/airflow/example_dags/tutorial.py for tasks to queue
[2022-08-08 23:54:53,606] {logging_mixin.py:115} INFO - [2022-08-08 23:54:53,606] {dagbag.py:508} INFO - Filling up the DagBag from /home/renan/datapipeline/.env/lib/python3.8/site-packages/airflow/example_dags/tutorial.py
[2022-08-08 23:54:53,610] {processor.py:651} INFO - DAG(s) dict_keys(['tutorial']) retrieved from /home/renan/datapipeline/.env/lib/python3.8/site-packages/airflow/example_dags/tutorial.py
[2022-08-08 23:54:53,623] {logging_mixin.py:115} INFO - [2022-08-08 23:54:53,623] {dag.py:2420} INFO - Sync 1 DAGs
[2022-08-08 23:54:53,634] {logging_mixin.py:115} INFO - [2022-08-08 23:54:53,634] {dag.py:2968} INFO - Setting next_dagrun for tutorial to 2022-08-08T02:54:53.634690+00:00, run_after=2022-08-09T02:54:53.634690+00:00
[2022-08-08 23:54:53,644] {processor.py:161} INFO - Processing /home/renan/datapipeline/.env/lib/python3.8/site-packages/airflow/example_dags/tutorial.py took 0.040 seconds
[2022-08-08 23:55:26,216] {processor.py:153} INFO - Started process (PID=9908) to work on /home/renan/datapipeline/.env/lib/python3.8/site-packages/airflow/example_dags/tutorial.py
[2022-08-08 23:55:26,216] {processor.py:641} INFO - Processing file /home/renan/datapipeline/.env/lib/python3.8/site-packages/airflow/example_dags/tutorial.py for tasks to queue
[2022-08-08 23:55:26,217] {logging_mixin.py:115} INFO - [2022-08-08 23:55:26,216] {dagbag.py:508} INFO - Filling up the DagBag from /home/renan/datapipeline/.env/lib/python3.8/site-packages/airflow/example_dags/tutorial.py
[2022-08-08 23:55:26,220] {processor.py:651} INFO - DAG(s) dict_keys(['tutorial']) retrieved from /home/renan/datapipeline/.env/lib/python3.8/site-packages/airflow/example_dags/tutorial.py
[2022-08-08 23:55:26,251] {logging_mixin.py:115} INFO - [2022-08-08 23:55:26,251] {dag.py:2420} INFO - Sync 1 DAGs
[2022-08-08 23:55:26,276] {logging_mixin.py:115} INFO - [2022-08-08 23:55:26,276] {dag.py:2968} INFO - Setting next_dagrun for tutorial to 2022-08-08T02:55:26.275985+00:00, run_after=2022-08-09T02:55:26.275985+00:00
[2022-08-08 23:55:26,293] {processor.py:161} INFO - Processing /home/renan/datapipeline/.env/lib/python3.8/site-packages/airflow/example_dags/tutorial.py took 0.079 seconds
[2022-08-08 23:55:58,733] {processor.py:153} INFO - Started process (PID=9965) to work on /home/renan/datapipeline/.env/lib/python3.8/site-packages/airflow/example_dags/tutorial.py
[2022-08-08 23:55:58,734] {processor.py:641} INFO - Processing file /home/renan/datapipeline/.env/lib/python3.8/site-packages/airflow/example_dags/tutorial.py for tasks to queue
[2022-08-08 23:55:58,734] {logging_mixin.py:115} INFO - [2022-08-08 23:55:58,734] {dagbag.py:508} INFO - Filling up the DagBag from /home/renan/datapipeline/.env/lib/python3.8/site-packages/airflow/example_dags/tutorial.py
[2022-08-08 23:55:58,737] {processor.py:651} INFO - DAG(s) dict_keys(['tutorial']) retrieved from /home/renan/datapipeline/.env/lib/python3.8/site-packages/airflow/example_dags/tutorial.py
[2022-08-08 23:55:58,748] {logging_mixin.py:115} INFO - [2022-08-08 23:55:58,748] {dag.py:2420} INFO - Sync 1 DAGs
[2022-08-08 23:55:58,758] {logging_mixin.py:115} INFO - [2022-08-08 23:55:58,758] {dag.py:2968} INFO - Setting next_dagrun for tutorial to 2022-08-08T02:55:58.758100+00:00, run_after=2022-08-09T02:55:58.758100+00:00
[2022-08-08 23:55:58,770] {processor.py:161} INFO - Processing /home/renan/datapipeline/.env/lib/python3.8/site-packages/airflow/example_dags/tutorial.py took 0.038 seconds
[2022-08-08 23:56:33,497] {processor.py:153} INFO - Started process (PID=10056) to work on /home/renan/datapipeline/.env/lib/python3.8/site-packages/airflow/example_dags/tutorial.py
[2022-08-08 23:56:33,497] {processor.py:641} INFO - Processing file /home/renan/datapipeline/.env/lib/python3.8/site-packages/airflow/example_dags/tutorial.py for tasks to queue
[2022-08-08 23:56:33,497] {logging_mixin.py:115} INFO - [2022-08-08 23:56:33,497] {dagbag.py:508} INFO - Filling up the DagBag from /home/renan/datapipeline/.env/lib/python3.8/site-packages/airflow/example_dags/tutorial.py
[2022-08-08 23:56:33,502] {processor.py:651} INFO - DAG(s) dict_keys(['tutorial']) retrieved from /home/renan/datapipeline/.env/lib/python3.8/site-packages/airflow/example_dags/tutorial.py
[2022-08-08 23:56:33,514] {logging_mixin.py:115} INFO - [2022-08-08 23:56:33,514] {dag.py:2420} INFO - Sync 1 DAGs
[2022-08-08 23:56:33,525] {logging_mixin.py:115} INFO - [2022-08-08 23:56:33,525] {dag.py:2968} INFO - Setting next_dagrun for tutorial to 2022-08-08T02:56:33.525114+00:00, run_after=2022-08-09T02:56:33.525114+00:00
[2022-08-08 23:56:33,535] {processor.py:161} INFO - Processing /home/renan/datapipeline/.env/lib/python3.8/site-packages/airflow/example_dags/tutorial.py took 0.041 seconds
[2022-08-08 23:57:04,101] {processor.py:153} INFO - Started process (PID=10089) to work on /home/renan/datapipeline/.env/lib/python3.8/site-packages/airflow/example_dags/tutorial.py
[2022-08-08 23:57:04,101] {processor.py:641} INFO - Processing file /home/renan/datapipeline/.env/lib/python3.8/site-packages/airflow/example_dags/tutorial.py for tasks to queue
[2022-08-08 23:57:04,102] {logging_mixin.py:115} INFO - [2022-08-08 23:57:04,102] {dagbag.py:508} INFO - Filling up the DagBag from /home/renan/datapipeline/.env/lib/python3.8/site-packages/airflow/example_dags/tutorial.py
[2022-08-08 23:57:04,105] {processor.py:651} INFO - DAG(s) dict_keys(['tutorial']) retrieved from /home/renan/datapipeline/.env/lib/python3.8/site-packages/airflow/example_dags/tutorial.py
[2022-08-08 23:57:04,116] {logging_mixin.py:115} INFO - [2022-08-08 23:57:04,116] {dag.py:2420} INFO - Sync 1 DAGs
[2022-08-08 23:57:04,125] {logging_mixin.py:115} INFO - [2022-08-08 23:57:04,125] {dag.py:2968} INFO - Setting next_dagrun for tutorial to 2022-08-08T02:57:04.125284+00:00, run_after=2022-08-09T02:57:04.125284+00:00
[2022-08-08 23:57:04,134] {processor.py:161} INFO - Processing /home/renan/datapipeline/.env/lib/python3.8/site-packages/airflow/example_dags/tutorial.py took 0.035 seconds
[2022-08-08 23:57:52,613] {processor.py:153} INFO - Started process (PID=10135) to work on /home/renan/datapipeline/.env/lib/python3.8/site-packages/airflow/example_dags/tutorial.py
[2022-08-08 23:57:52,613] {processor.py:641} INFO - Processing file /home/renan/datapipeline/.env/lib/python3.8/site-packages/airflow/example_dags/tutorial.py for tasks to queue
[2022-08-08 23:57:52,613] {logging_mixin.py:115} INFO - [2022-08-08 23:57:52,613] {dagbag.py:508} INFO - Filling up the DagBag from /home/renan/datapipeline/.env/lib/python3.8/site-packages/airflow/example_dags/tutorial.py
[2022-08-08 23:57:52,617] {processor.py:651} INFO - DAG(s) dict_keys(['tutorial']) retrieved from /home/renan/datapipeline/.env/lib/python3.8/site-packages/airflow/example_dags/tutorial.py
[2022-08-08 23:57:52,627] {logging_mixin.py:115} INFO - [2022-08-08 23:57:52,627] {dag.py:2420} INFO - Sync 1 DAGs
[2022-08-08 23:57:52,636] {logging_mixin.py:115} INFO - [2022-08-08 23:57:52,636] {dag.py:2968} INFO - Setting next_dagrun for tutorial to 2022-08-08T02:57:52.636027+00:00, run_after=2022-08-09T02:57:52.636027+00:00
[2022-08-08 23:57:52,647] {processor.py:161} INFO - Processing /home/renan/datapipeline/.env/lib/python3.8/site-packages/airflow/example_dags/tutorial.py took 0.036 seconds
[2022-08-08 23:59:09,780] {processor.py:153} INFO - Started process (PID=10232) to work on /home/renan/datapipeline/.env/lib/python3.8/site-packages/airflow/example_dags/tutorial.py
[2022-08-08 23:59:09,781] {processor.py:641} INFO - Processing file /home/renan/datapipeline/.env/lib/python3.8/site-packages/airflow/example_dags/tutorial.py for tasks to queue
[2022-08-08 23:59:09,781] {logging_mixin.py:115} INFO - [2022-08-08 23:59:09,781] {dagbag.py:508} INFO - Filling up the DagBag from /home/renan/datapipeline/.env/lib/python3.8/site-packages/airflow/example_dags/tutorial.py
[2022-08-08 23:59:09,784] {processor.py:651} INFO - DAG(s) dict_keys(['tutorial']) retrieved from /home/renan/datapipeline/.env/lib/python3.8/site-packages/airflow/example_dags/tutorial.py
[2022-08-08 23:59:09,794] {logging_mixin.py:115} INFO - [2022-08-08 23:59:09,794] {dag.py:2420} INFO - Sync 1 DAGs
[2022-08-08 23:59:09,806] {logging_mixin.py:115} INFO - [2022-08-08 23:59:09,806] {dag.py:2968} INFO - Setting next_dagrun for tutorial to 2022-08-08T02:59:09.805887+00:00, run_after=2022-08-09T02:59:09.805887+00:00
[2022-08-08 23:59:09,816] {processor.py:161} INFO - Processing /home/renan/datapipeline/.env/lib/python3.8/site-packages/airflow/example_dags/tutorial.py took 0.038 seconds
[2022-08-08 23:59:41,563] {processor.py:153} INFO - Started process (PID=10293) to work on /home/renan/datapipeline/.env/lib/python3.8/site-packages/airflow/example_dags/tutorial.py
[2022-08-08 23:59:41,563] {processor.py:641} INFO - Processing file /home/renan/datapipeline/.env/lib/python3.8/site-packages/airflow/example_dags/tutorial.py for tasks to queue
[2022-08-08 23:59:41,564] {logging_mixin.py:115} INFO - [2022-08-08 23:59:41,563] {dagbag.py:508} INFO - Filling up the DagBag from /home/renan/datapipeline/.env/lib/python3.8/site-packages/airflow/example_dags/tutorial.py
[2022-08-08 23:59:41,567] {processor.py:651} INFO - DAG(s) dict_keys(['tutorial']) retrieved from /home/renan/datapipeline/.env/lib/python3.8/site-packages/airflow/example_dags/tutorial.py
[2022-08-08 23:59:41,581] {logging_mixin.py:115} INFO - [2022-08-08 23:59:41,581] {dag.py:2420} INFO - Sync 1 DAGs
[2022-08-08 23:59:41,592] {logging_mixin.py:115} INFO - [2022-08-08 23:59:41,592] {dag.py:2968} INFO - Setting next_dagrun for tutorial to 2022-08-08T02:59:41.591842+00:00, run_after=2022-08-09T02:59:41.591842+00:00
[2022-08-08 23:59:41,605] {processor.py:161} INFO - Processing /home/renan/datapipeline/.env/lib/python3.8/site-packages/airflow/example_dags/tutorial.py took 0.044 seconds
[2022-08-09 00:00:15,257] {processor.py:153} INFO - Started process (PID=10363) to work on /home/renan/datapipeline/.env/lib/python3.8/site-packages/airflow/example_dags/tutorial.py
[2022-08-09 00:00:15,258] {processor.py:641} INFO - Processing file /home/renan/datapipeline/.env/lib/python3.8/site-packages/airflow/example_dags/tutorial.py for tasks to queue
[2022-08-09 00:00:15,258] {logging_mixin.py:115} INFO - [2022-08-09 00:00:15,258] {dagbag.py:508} INFO - Filling up the DagBag from /home/renan/datapipeline/.env/lib/python3.8/site-packages/airflow/example_dags/tutorial.py
[2022-08-09 00:00:15,262] {processor.py:651} INFO - DAG(s) dict_keys(['tutorial']) retrieved from /home/renan/datapipeline/.env/lib/python3.8/site-packages/airflow/example_dags/tutorial.py
[2022-08-09 00:00:15,276] {logging_mixin.py:115} INFO - [2022-08-09 00:00:15,276] {dag.py:2420} INFO - Sync 1 DAGs
[2022-08-09 00:00:15,288] {logging_mixin.py:115} INFO - [2022-08-09 00:00:15,288] {dag.py:2968} INFO - Setting next_dagrun for tutorial to 2022-08-08T03:00:15.288091+00:00, run_after=2022-08-09T03:00:15.288091+00:00
[2022-08-09 00:00:15,298] {processor.py:161} INFO - Processing /home/renan/datapipeline/.env/lib/python3.8/site-packages/airflow/example_dags/tutorial.py took 0.043 seconds
[2022-08-09 00:00:48,592] {processor.py:153} INFO - Started process (PID=10410) to work on /home/renan/datapipeline/.env/lib/python3.8/site-packages/airflow/example_dags/tutorial.py
[2022-08-09 00:00:48,592] {processor.py:641} INFO - Processing file /home/renan/datapipeline/.env/lib/python3.8/site-packages/airflow/example_dags/tutorial.py for tasks to queue
[2022-08-09 00:00:48,592] {logging_mixin.py:115} INFO - [2022-08-09 00:00:48,592] {dagbag.py:508} INFO - Filling up the DagBag from /home/renan/datapipeline/.env/lib/python3.8/site-packages/airflow/example_dags/tutorial.py
[2022-08-09 00:00:48,596] {processor.py:651} INFO - DAG(s) dict_keys(['tutorial']) retrieved from /home/renan/datapipeline/.env/lib/python3.8/site-packages/airflow/example_dags/tutorial.py
[2022-08-09 00:00:48,617] {logging_mixin.py:115} INFO - [2022-08-09 00:00:48,617] {dag.py:2420} INFO - Sync 1 DAGs
[2022-08-09 00:00:48,631] {logging_mixin.py:115} INFO - [2022-08-09 00:00:48,630] {dag.py:2968} INFO - Setting next_dagrun for tutorial to 2022-08-08T03:00:48.630699+00:00, run_after=2022-08-09T03:00:48.630699+00:00
[2022-08-09 00:00:48,643] {processor.py:161} INFO - Processing /home/renan/datapipeline/.env/lib/python3.8/site-packages/airflow/example_dags/tutorial.py took 0.053 seconds
[2022-08-09 00:01:20,108] {processor.py:153} INFO - Started process (PID=10454) to work on /home/renan/datapipeline/.env/lib/python3.8/site-packages/airflow/example_dags/tutorial.py
[2022-08-09 00:01:20,108] {processor.py:641} INFO - Processing file /home/renan/datapipeline/.env/lib/python3.8/site-packages/airflow/example_dags/tutorial.py for tasks to queue
[2022-08-09 00:01:20,109] {logging_mixin.py:115} INFO - [2022-08-09 00:01:20,109] {dagbag.py:508} INFO - Filling up the DagBag from /home/renan/datapipeline/.env/lib/python3.8/site-packages/airflow/example_dags/tutorial.py
[2022-08-09 00:01:20,112] {processor.py:651} INFO - DAG(s) dict_keys(['tutorial']) retrieved from /home/renan/datapipeline/.env/lib/python3.8/site-packages/airflow/example_dags/tutorial.py
[2022-08-09 00:01:20,125] {logging_mixin.py:115} INFO - [2022-08-09 00:01:20,125] {dag.py:2420} INFO - Sync 1 DAGs
[2022-08-09 00:01:20,135] {logging_mixin.py:115} INFO - [2022-08-09 00:01:20,135] {dag.py:2968} INFO - Setting next_dagrun for tutorial to 2022-08-08T03:01:20.135279+00:00, run_after=2022-08-09T03:01:20.135279+00:00
[2022-08-09 00:01:20,147] {processor.py:161} INFO - Processing /home/renan/datapipeline/.env/lib/python3.8/site-packages/airflow/example_dags/tutorial.py took 0.042 seconds
[2022-08-09 00:01:52,759] {processor.py:153} INFO - Started process (PID=10490) to work on /home/renan/datapipeline/.env/lib/python3.8/site-packages/airflow/example_dags/tutorial.py
[2022-08-09 00:01:52,760] {processor.py:641} INFO - Processing file /home/renan/datapipeline/.env/lib/python3.8/site-packages/airflow/example_dags/tutorial.py for tasks to queue
[2022-08-09 00:01:52,760] {logging_mixin.py:115} INFO - [2022-08-09 00:01:52,760] {dagbag.py:508} INFO - Filling up the DagBag from /home/renan/datapipeline/.env/lib/python3.8/site-packages/airflow/example_dags/tutorial.py
[2022-08-09 00:01:52,765] {processor.py:651} INFO - DAG(s) dict_keys(['tutorial']) retrieved from /home/renan/datapipeline/.env/lib/python3.8/site-packages/airflow/example_dags/tutorial.py
[2022-08-09 00:01:52,775] {logging_mixin.py:115} INFO - [2022-08-09 00:01:52,775] {dag.py:2420} INFO - Sync 1 DAGs
[2022-08-09 00:01:52,788] {logging_mixin.py:115} INFO - [2022-08-09 00:01:52,788] {dag.py:2968} INFO - Setting next_dagrun for tutorial to 2022-08-08T03:01:52.788013+00:00, run_after=2022-08-09T03:01:52.788013+00:00
[2022-08-09 00:01:52,797] {processor.py:161} INFO - Processing /home/renan/datapipeline/.env/lib/python3.8/site-packages/airflow/example_dags/tutorial.py took 0.040 seconds
[2022-08-09 00:02:25,155] {processor.py:153} INFO - Started process (PID=10533) to work on /home/renan/datapipeline/.env/lib/python3.8/site-packages/airflow/example_dags/tutorial.py
[2022-08-09 00:02:25,155] {processor.py:641} INFO - Processing file /home/renan/datapipeline/.env/lib/python3.8/site-packages/airflow/example_dags/tutorial.py for tasks to queue
[2022-08-09 00:02:25,155] {logging_mixin.py:115} INFO - [2022-08-09 00:02:25,155] {dagbag.py:508} INFO - Filling up the DagBag from /home/renan/datapipeline/.env/lib/python3.8/site-packages/airflow/example_dags/tutorial.py
[2022-08-09 00:02:25,159] {processor.py:651} INFO - DAG(s) dict_keys(['tutorial']) retrieved from /home/renan/datapipeline/.env/lib/python3.8/site-packages/airflow/example_dags/tutorial.py
[2022-08-09 00:02:25,170] {logging_mixin.py:115} INFO - [2022-08-09 00:02:25,170] {dag.py:2420} INFO - Sync 1 DAGs
[2022-08-09 00:02:25,183] {logging_mixin.py:115} INFO - [2022-08-09 00:02:25,183] {dag.py:2968} INFO - Setting next_dagrun for tutorial to 2022-08-08T03:02:25.183715+00:00, run_after=2022-08-09T03:02:25.183715+00:00
[2022-08-09 00:02:25,197] {processor.py:161} INFO - Processing /home/renan/datapipeline/.env/lib/python3.8/site-packages/airflow/example_dags/tutorial.py took 0.045 seconds
[2022-08-09 00:02:56,536] {processor.py:153} INFO - Started process (PID=10573) to work on /home/renan/datapipeline/.env/lib/python3.8/site-packages/airflow/example_dags/tutorial.py
[2022-08-09 00:02:56,537] {processor.py:641} INFO - Processing file /home/renan/datapipeline/.env/lib/python3.8/site-packages/airflow/example_dags/tutorial.py for tasks to queue
[2022-08-09 00:02:56,537] {logging_mixin.py:115} INFO - [2022-08-09 00:02:56,537] {dagbag.py:508} INFO - Filling up the DagBag from /home/renan/datapipeline/.env/lib/python3.8/site-packages/airflow/example_dags/tutorial.py
[2022-08-09 00:02:56,541] {processor.py:651} INFO - DAG(s) dict_keys(['tutorial']) retrieved from /home/renan/datapipeline/.env/lib/python3.8/site-packages/airflow/example_dags/tutorial.py
[2022-08-09 00:02:56,553] {logging_mixin.py:115} INFO - [2022-08-09 00:02:56,553] {dag.py:2420} INFO - Sync 1 DAGs
[2022-08-09 00:02:56,563] {logging_mixin.py:115} INFO - [2022-08-09 00:02:56,563] {dag.py:2968} INFO - Setting next_dagrun for tutorial to 2022-08-08T03:02:56.563620+00:00, run_after=2022-08-09T03:02:56.563620+00:00
[2022-08-09 00:02:56,577] {processor.py:161} INFO - Processing /home/renan/datapipeline/.env/lib/python3.8/site-packages/airflow/example_dags/tutorial.py took 0.043 seconds
[2022-08-09 00:03:29,046] {processor.py:153} INFO - Started process (PID=10612) to work on /home/renan/datapipeline/.env/lib/python3.8/site-packages/airflow/example_dags/tutorial.py
[2022-08-09 00:03:29,046] {processor.py:641} INFO - Processing file /home/renan/datapipeline/.env/lib/python3.8/site-packages/airflow/example_dags/tutorial.py for tasks to queue
[2022-08-09 00:03:29,047] {logging_mixin.py:115} INFO - [2022-08-09 00:03:29,047] {dagbag.py:508} INFO - Filling up the DagBag from /home/renan/datapipeline/.env/lib/python3.8/site-packages/airflow/example_dags/tutorial.py
[2022-08-09 00:03:29,050] {processor.py:651} INFO - DAG(s) dict_keys(['tutorial']) retrieved from /home/renan/datapipeline/.env/lib/python3.8/site-packages/airflow/example_dags/tutorial.py
[2022-08-09 00:03:29,063] {logging_mixin.py:115} INFO - [2022-08-09 00:03:29,063] {dag.py:2420} INFO - Sync 1 DAGs
[2022-08-09 00:03:29,075] {logging_mixin.py:115} INFO - [2022-08-09 00:03:29,074] {dag.py:2968} INFO - Setting next_dagrun for tutorial to 2022-08-08T03:03:29.074775+00:00, run_after=2022-08-09T03:03:29.074775+00:00
[2022-08-09 00:03:29,086] {processor.py:161} INFO - Processing /home/renan/datapipeline/.env/lib/python3.8/site-packages/airflow/example_dags/tutorial.py took 0.042 seconds
[2022-08-09 00:04:02,110] {processor.py:153} INFO - Started process (PID=10656) to work on /home/renan/datapipeline/.env/lib/python3.8/site-packages/airflow/example_dags/tutorial.py
[2022-08-09 00:04:02,110] {processor.py:641} INFO - Processing file /home/renan/datapipeline/.env/lib/python3.8/site-packages/airflow/example_dags/tutorial.py for tasks to queue
[2022-08-09 00:04:02,110] {logging_mixin.py:115} INFO - [2022-08-09 00:04:02,110] {dagbag.py:508} INFO - Filling up the DagBag from /home/renan/datapipeline/.env/lib/python3.8/site-packages/airflow/example_dags/tutorial.py
[2022-08-09 00:04:02,114] {processor.py:651} INFO - DAG(s) dict_keys(['tutorial']) retrieved from /home/renan/datapipeline/.env/lib/python3.8/site-packages/airflow/example_dags/tutorial.py
[2022-08-09 00:04:02,125] {logging_mixin.py:115} INFO - [2022-08-09 00:04:02,125] {dag.py:2420} INFO - Sync 1 DAGs
[2022-08-09 00:04:02,134] {logging_mixin.py:115} INFO - [2022-08-09 00:04:02,134] {dag.py:2968} INFO - Setting next_dagrun for tutorial to 2022-08-08T03:04:02.134552+00:00, run_after=2022-08-09T03:04:02.134552+00:00
[2022-08-09 00:04:02,143] {processor.py:161} INFO - Processing /home/renan/datapipeline/.env/lib/python3.8/site-packages/airflow/example_dags/tutorial.py took 0.035 seconds
[2022-08-09 00:04:34,747] {processor.py:153} INFO - Started process (PID=10691) to work on /home/renan/datapipeline/.env/lib/python3.8/site-packages/airflow/example_dags/tutorial.py
[2022-08-09 00:04:34,747] {processor.py:641} INFO - Processing file /home/renan/datapipeline/.env/lib/python3.8/site-packages/airflow/example_dags/tutorial.py for tasks to queue
[2022-08-09 00:04:34,747] {logging_mixin.py:115} INFO - [2022-08-09 00:04:34,747] {dagbag.py:508} INFO - Filling up the DagBag from /home/renan/datapipeline/.env/lib/python3.8/site-packages/airflow/example_dags/tutorial.py
[2022-08-09 00:04:34,751] {processor.py:651} INFO - DAG(s) dict_keys(['tutorial']) retrieved from /home/renan/datapipeline/.env/lib/python3.8/site-packages/airflow/example_dags/tutorial.py
[2022-08-09 00:04:34,761] {logging_mixin.py:115} INFO - [2022-08-09 00:04:34,761] {dag.py:2420} INFO - Sync 1 DAGs
[2022-08-09 00:04:34,771] {logging_mixin.py:115} INFO - [2022-08-09 00:04:34,771] {dag.py:2968} INFO - Setting next_dagrun for tutorial to 2022-08-08T03:04:34.771049+00:00, run_after=2022-08-09T03:04:34.771049+00:00
[2022-08-09 00:04:34,780] {processor.py:161} INFO - Processing /home/renan/datapipeline/.env/lib/python3.8/site-packages/airflow/example_dags/tutorial.py took 0.035 seconds
[2022-08-09 00:05:07,680] {processor.py:153} INFO - Started process (PID=10752) to work on /home/renan/datapipeline/.env/lib/python3.8/site-packages/airflow/example_dags/tutorial.py
[2022-08-09 00:05:07,681] {processor.py:641} INFO - Processing file /home/renan/datapipeline/.env/lib/python3.8/site-packages/airflow/example_dags/tutorial.py for tasks to queue
[2022-08-09 00:05:07,681] {logging_mixin.py:115} INFO - [2022-08-09 00:05:07,681] {dagbag.py:508} INFO - Filling up the DagBag from /home/renan/datapipeline/.env/lib/python3.8/site-packages/airflow/example_dags/tutorial.py
[2022-08-09 00:05:07,685] {processor.py:651} INFO - DAG(s) dict_keys(['tutorial']) retrieved from /home/renan/datapipeline/.env/lib/python3.8/site-packages/airflow/example_dags/tutorial.py
[2022-08-09 00:05:07,699] {logging_mixin.py:115} INFO - [2022-08-09 00:05:07,699] {dag.py:2420} INFO - Sync 1 DAGs
[2022-08-09 00:05:07,710] {logging_mixin.py:115} INFO - [2022-08-09 00:05:07,709] {dag.py:2968} INFO - Setting next_dagrun for tutorial to 2022-08-08T03:05:07.709712+00:00, run_after=2022-08-09T03:05:07.709712+00:00
[2022-08-09 00:05:07,719] {processor.py:161} INFO - Processing /home/renan/datapipeline/.env/lib/python3.8/site-packages/airflow/example_dags/tutorial.py took 0.041 seconds
[2022-08-09 00:05:38,476] {processor.py:153} INFO - Started process (PID=10787) to work on /home/renan/datapipeline/.env/lib/python3.8/site-packages/airflow/example_dags/tutorial.py
[2022-08-09 00:05:38,477] {processor.py:641} INFO - Processing file /home/renan/datapipeline/.env/lib/python3.8/site-packages/airflow/example_dags/tutorial.py for tasks to queue
[2022-08-09 00:05:38,477] {logging_mixin.py:115} INFO - [2022-08-09 00:05:38,477] {dagbag.py:508} INFO - Filling up the DagBag from /home/renan/datapipeline/.env/lib/python3.8/site-packages/airflow/example_dags/tutorial.py
[2022-08-09 00:05:38,480] {processor.py:651} INFO - DAG(s) dict_keys(['tutorial']) retrieved from /home/renan/datapipeline/.env/lib/python3.8/site-packages/airflow/example_dags/tutorial.py
[2022-08-09 00:05:38,490] {logging_mixin.py:115} INFO - [2022-08-09 00:05:38,490] {dag.py:2420} INFO - Sync 1 DAGs
[2022-08-09 00:05:38,500] {logging_mixin.py:115} INFO - [2022-08-09 00:05:38,500] {dag.py:2968} INFO - Setting next_dagrun for tutorial to 2022-08-08T03:05:38.500076+00:00, run_after=2022-08-09T03:05:38.500076+00:00
[2022-08-09 00:05:38,509] {processor.py:161} INFO - Processing /home/renan/datapipeline/.env/lib/python3.8/site-packages/airflow/example_dags/tutorial.py took 0.034 seconds
[2022-08-09 00:06:11,845] {processor.py:153} INFO - Started process (PID=10823) to work on /home/renan/datapipeline/.env/lib/python3.8/site-packages/airflow/example_dags/tutorial.py
[2022-08-09 00:06:11,846] {processor.py:641} INFO - Processing file /home/renan/datapipeline/.env/lib/python3.8/site-packages/airflow/example_dags/tutorial.py for tasks to queue
[2022-08-09 00:06:11,846] {logging_mixin.py:115} INFO - [2022-08-09 00:06:11,846] {dagbag.py:508} INFO - Filling up the DagBag from /home/renan/datapipeline/.env/lib/python3.8/site-packages/airflow/example_dags/tutorial.py
[2022-08-09 00:06:11,849] {processor.py:651} INFO - DAG(s) dict_keys(['tutorial']) retrieved from /home/renan/datapipeline/.env/lib/python3.8/site-packages/airflow/example_dags/tutorial.py
[2022-08-09 00:06:11,860] {logging_mixin.py:115} INFO - [2022-08-09 00:06:11,860] {dag.py:2420} INFO - Sync 1 DAGs
[2022-08-09 00:06:11,870] {logging_mixin.py:115} INFO - [2022-08-09 00:06:11,870] {dag.py:2968} INFO - Setting next_dagrun for tutorial to 2022-08-08T03:06:11.870018+00:00, run_after=2022-08-09T03:06:11.870018+00:00
[2022-08-09 00:06:11,879] {processor.py:161} INFO - Processing /home/renan/datapipeline/.env/lib/python3.8/site-packages/airflow/example_dags/tutorial.py took 0.035 seconds
[2022-08-09 00:06:43,991] {processor.py:153} INFO - Started process (PID=10872) to work on /home/renan/datapipeline/.env/lib/python3.8/site-packages/airflow/example_dags/tutorial.py
[2022-08-09 00:06:43,993] {processor.py:641} INFO - Processing file /home/renan/datapipeline/.env/lib/python3.8/site-packages/airflow/example_dags/tutorial.py for tasks to queue
[2022-08-09 00:06:43,994] {logging_mixin.py:115} INFO - [2022-08-09 00:06:43,993] {dagbag.py:508} INFO - Filling up the DagBag from /home/renan/datapipeline/.env/lib/python3.8/site-packages/airflow/example_dags/tutorial.py
[2022-08-09 00:06:43,997] {processor.py:651} INFO - DAG(s) dict_keys(['tutorial']) retrieved from /home/renan/datapipeline/.env/lib/python3.8/site-packages/airflow/example_dags/tutorial.py
[2022-08-09 00:06:44,010] {logging_mixin.py:115} INFO - [2022-08-09 00:06:44,010] {dag.py:2420} INFO - Sync 1 DAGs
[2022-08-09 00:06:44,020] {logging_mixin.py:115} INFO - [2022-08-09 00:06:44,020] {dag.py:2968} INFO - Setting next_dagrun for tutorial to 2022-08-08T03:06:44.020415+00:00, run_after=2022-08-09T03:06:44.020415+00:00
[2022-08-09 00:06:44,031] {processor.py:161} INFO - Processing /home/renan/datapipeline/.env/lib/python3.8/site-packages/airflow/example_dags/tutorial.py took 0.042 seconds
[2022-08-09 00:07:17,061] {processor.py:153} INFO - Started process (PID=10921) to work on /home/renan/datapipeline/.env/lib/python3.8/site-packages/airflow/example_dags/tutorial.py
[2022-08-09 00:07:17,062] {processor.py:641} INFO - Processing file /home/renan/datapipeline/.env/lib/python3.8/site-packages/airflow/example_dags/tutorial.py for tasks to queue
[2022-08-09 00:07:17,062] {logging_mixin.py:115} INFO - [2022-08-09 00:07:17,062] {dagbag.py:508} INFO - Filling up the DagBag from /home/renan/datapipeline/.env/lib/python3.8/site-packages/airflow/example_dags/tutorial.py
[2022-08-09 00:07:17,066] {processor.py:651} INFO - DAG(s) dict_keys(['tutorial']) retrieved from /home/renan/datapipeline/.env/lib/python3.8/site-packages/airflow/example_dags/tutorial.py
[2022-08-09 00:07:17,077] {logging_mixin.py:115} INFO - [2022-08-09 00:07:17,076] {dag.py:2420} INFO - Sync 1 DAGs
[2022-08-09 00:07:17,088] {logging_mixin.py:115} INFO - [2022-08-09 00:07:17,088] {dag.py:2968} INFO - Setting next_dagrun for tutorial to 2022-08-08T03:07:17.088103+00:00, run_after=2022-08-09T03:07:17.088103+00:00
[2022-08-09 00:07:17,097] {processor.py:161} INFO - Processing /home/renan/datapipeline/.env/lib/python3.8/site-packages/airflow/example_dags/tutorial.py took 0.038 seconds
[2022-08-09 00:07:47,882] {processor.py:153} INFO - Started process (PID=10957) to work on /home/renan/datapipeline/.env/lib/python3.8/site-packages/airflow/example_dags/tutorial.py
[2022-08-09 00:07:47,883] {processor.py:641} INFO - Processing file /home/renan/datapipeline/.env/lib/python3.8/site-packages/airflow/example_dags/tutorial.py for tasks to queue
[2022-08-09 00:07:47,883] {logging_mixin.py:115} INFO - [2022-08-09 00:07:47,883] {dagbag.py:508} INFO - Filling up the DagBag from /home/renan/datapipeline/.env/lib/python3.8/site-packages/airflow/example_dags/tutorial.py
[2022-08-09 00:07:47,887] {processor.py:651} INFO - DAG(s) dict_keys(['tutorial']) retrieved from /home/renan/datapipeline/.env/lib/python3.8/site-packages/airflow/example_dags/tutorial.py
[2022-08-09 00:07:47,900] {logging_mixin.py:115} INFO - [2022-08-09 00:07:47,900] {dag.py:2420} INFO - Sync 1 DAGs
[2022-08-09 00:07:47,911] {logging_mixin.py:115} INFO - [2022-08-09 00:07:47,911] {dag.py:2968} INFO - Setting next_dagrun for tutorial to 2022-08-08T03:07:47.910993+00:00, run_after=2022-08-09T03:07:47.910993+00:00
[2022-08-09 00:07:47,922] {processor.py:161} INFO - Processing /home/renan/datapipeline/.env/lib/python3.8/site-packages/airflow/example_dags/tutorial.py took 0.041 seconds
[2022-08-09 00:08:22,633] {processor.py:153} INFO - Started process (PID=10994) to work on /home/renan/datapipeline/.env/lib/python3.8/site-packages/airflow/example_dags/tutorial.py
[2022-08-09 00:08:22,633] {processor.py:641} INFO - Processing file /home/renan/datapipeline/.env/lib/python3.8/site-packages/airflow/example_dags/tutorial.py for tasks to queue
[2022-08-09 00:08:22,634] {logging_mixin.py:115} INFO - [2022-08-09 00:08:22,634] {dagbag.py:508} INFO - Filling up the DagBag from /home/renan/datapipeline/.env/lib/python3.8/site-packages/airflow/example_dags/tutorial.py
[2022-08-09 00:08:22,637] {processor.py:651} INFO - DAG(s) dict_keys(['tutorial']) retrieved from /home/renan/datapipeline/.env/lib/python3.8/site-packages/airflow/example_dags/tutorial.py
[2022-08-09 00:08:22,647] {logging_mixin.py:115} INFO - [2022-08-09 00:08:22,647] {dag.py:2420} INFO - Sync 1 DAGs
[2022-08-09 00:08:22,657] {logging_mixin.py:115} INFO - [2022-08-09 00:08:22,657] {dag.py:2968} INFO - Setting next_dagrun for tutorial to 2022-08-08T03:08:22.657262+00:00, run_after=2022-08-09T03:08:22.657262+00:00
[2022-08-09 00:08:22,667] {processor.py:161} INFO - Processing /home/renan/datapipeline/.env/lib/python3.8/site-packages/airflow/example_dags/tutorial.py took 0.035 seconds
[2022-08-09 00:08:53,326] {processor.py:153} INFO - Started process (PID=11029) to work on /home/renan/datapipeline/.env/lib/python3.8/site-packages/airflow/example_dags/tutorial.py
[2022-08-09 00:08:53,326] {processor.py:641} INFO - Processing file /home/renan/datapipeline/.env/lib/python3.8/site-packages/airflow/example_dags/tutorial.py for tasks to queue
[2022-08-09 00:08:53,326] {logging_mixin.py:115} INFO - [2022-08-09 00:08:53,326] {dagbag.py:508} INFO - Filling up the DagBag from /home/renan/datapipeline/.env/lib/python3.8/site-packages/airflow/example_dags/tutorial.py
[2022-08-09 00:08:53,330] {processor.py:651} INFO - DAG(s) dict_keys(['tutorial']) retrieved from /home/renan/datapipeline/.env/lib/python3.8/site-packages/airflow/example_dags/tutorial.py
[2022-08-09 00:08:53,340] {logging_mixin.py:115} INFO - [2022-08-09 00:08:53,340] {dag.py:2420} INFO - Sync 1 DAGs
[2022-08-09 00:08:53,350] {logging_mixin.py:115} INFO - [2022-08-09 00:08:53,350] {dag.py:2968} INFO - Setting next_dagrun for tutorial to 2022-08-08T03:08:53.350067+00:00, run_after=2022-08-09T03:08:53.350067+00:00
[2022-08-09 00:08:53,358] {processor.py:161} INFO - Processing /home/renan/datapipeline/.env/lib/python3.8/site-packages/airflow/example_dags/tutorial.py took 0.034 seconds
[2022-08-09 00:09:27,248] {processor.py:153} INFO - Started process (PID=11064) to work on /home/renan/datapipeline/.env/lib/python3.8/site-packages/airflow/example_dags/tutorial.py
[2022-08-09 00:09:27,249] {processor.py:641} INFO - Processing file /home/renan/datapipeline/.env/lib/python3.8/site-packages/airflow/example_dags/tutorial.py for tasks to queue
[2022-08-09 00:09:27,249] {logging_mixin.py:115} INFO - [2022-08-09 00:09:27,249] {dagbag.py:508} INFO - Filling up the DagBag from /home/renan/datapipeline/.env/lib/python3.8/site-packages/airflow/example_dags/tutorial.py
[2022-08-09 00:09:27,254] {processor.py:651} INFO - DAG(s) dict_keys(['tutorial']) retrieved from /home/renan/datapipeline/.env/lib/python3.8/site-packages/airflow/example_dags/tutorial.py
[2022-08-09 00:09:27,263] {logging_mixin.py:115} INFO - [2022-08-09 00:09:27,263] {dag.py:2420} INFO - Sync 1 DAGs
[2022-08-09 00:09:27,272] {logging_mixin.py:115} INFO - [2022-08-09 00:09:27,272] {dag.py:2968} INFO - Setting next_dagrun for tutorial to 2022-08-08T03:09:27.272528+00:00, run_after=2022-08-09T03:09:27.272528+00:00
[2022-08-09 00:09:27,281] {processor.py:161} INFO - Processing /home/renan/datapipeline/.env/lib/python3.8/site-packages/airflow/example_dags/tutorial.py took 0.034 seconds
[2022-08-09 00:09:58,631] {processor.py:153} INFO - Started process (PID=11099) to work on /home/renan/datapipeline/.env/lib/python3.8/site-packages/airflow/example_dags/tutorial.py
[2022-08-09 00:09:58,631] {processor.py:641} INFO - Processing file /home/renan/datapipeline/.env/lib/python3.8/site-packages/airflow/example_dags/tutorial.py for tasks to queue
[2022-08-09 00:09:58,632] {logging_mixin.py:115} INFO - [2022-08-09 00:09:58,632] {dagbag.py:508} INFO - Filling up the DagBag from /home/renan/datapipeline/.env/lib/python3.8/site-packages/airflow/example_dags/tutorial.py
[2022-08-09 00:09:58,637] {processor.py:651} INFO - DAG(s) dict_keys(['tutorial']) retrieved from /home/renan/datapipeline/.env/lib/python3.8/site-packages/airflow/example_dags/tutorial.py
[2022-08-09 00:09:58,646] {logging_mixin.py:115} INFO - [2022-08-09 00:09:58,646] {dag.py:2420} INFO - Sync 1 DAGs
[2022-08-09 00:09:58,655] {logging_mixin.py:115} INFO - [2022-08-09 00:09:58,655] {dag.py:2968} INFO - Setting next_dagrun for tutorial to 2022-08-08T03:09:58.655684+00:00, run_after=2022-08-09T03:09:58.655684+00:00
[2022-08-09 00:09:58,664] {processor.py:161} INFO - Processing /home/renan/datapipeline/.env/lib/python3.8/site-packages/airflow/example_dags/tutorial.py took 0.035 seconds
[2022-08-09 00:10:28,804] {processor.py:153} INFO - Started process (PID=11134) to work on /home/renan/datapipeline/.env/lib/python3.8/site-packages/airflow/example_dags/tutorial.py
[2022-08-09 00:10:28,804] {processor.py:641} INFO - Processing file /home/renan/datapipeline/.env/lib/python3.8/site-packages/airflow/example_dags/tutorial.py for tasks to queue
[2022-08-09 00:10:28,805] {logging_mixin.py:115} INFO - [2022-08-09 00:10:28,804] {dagbag.py:508} INFO - Filling up the DagBag from /home/renan/datapipeline/.env/lib/python3.8/site-packages/airflow/example_dags/tutorial.py
[2022-08-09 00:10:28,810] {processor.py:651} INFO - DAG(s) dict_keys(['tutorial']) retrieved from /home/renan/datapipeline/.env/lib/python3.8/site-packages/airflow/example_dags/tutorial.py
[2022-08-09 00:10:28,818] {logging_mixin.py:115} INFO - [2022-08-09 00:10:28,818] {dag.py:2420} INFO - Sync 1 DAGs
[2022-08-09 00:10:28,828] {logging_mixin.py:115} INFO - [2022-08-09 00:10:28,828] {dag.py:2968} INFO - Setting next_dagrun for tutorial to 2022-08-08T03:10:28.828114+00:00, run_after=2022-08-09T03:10:28.828114+00:00
[2022-08-09 00:10:28,837] {processor.py:161} INFO - Processing /home/renan/datapipeline/.env/lib/python3.8/site-packages/airflow/example_dags/tutorial.py took 0.034 seconds
[2022-08-09 00:11:00,188] {processor.py:153} INFO - Started process (PID=11184) to work on /home/renan/datapipeline/.env/lib/python3.8/site-packages/airflow/example_dags/tutorial.py
[2022-08-09 00:11:00,188] {processor.py:641} INFO - Processing file /home/renan/datapipeline/.env/lib/python3.8/site-packages/airflow/example_dags/tutorial.py for tasks to queue
[2022-08-09 00:11:00,189] {logging_mixin.py:115} INFO - [2022-08-09 00:11:00,189] {dagbag.py:508} INFO - Filling up the DagBag from /home/renan/datapipeline/.env/lib/python3.8/site-packages/airflow/example_dags/tutorial.py
[2022-08-09 00:11:00,194] {processor.py:651} INFO - DAG(s) dict_keys(['tutorial']) retrieved from /home/renan/datapipeline/.env/lib/python3.8/site-packages/airflow/example_dags/tutorial.py
[2022-08-09 00:11:00,203] {logging_mixin.py:115} INFO - [2022-08-09 00:11:00,202] {dag.py:2420} INFO - Sync 1 DAGs
[2022-08-09 00:11:00,212] {logging_mixin.py:115} INFO - [2022-08-09 00:11:00,212] {dag.py:2968} INFO - Setting next_dagrun for tutorial to 2022-08-08T03:11:00.212174+00:00, run_after=2022-08-09T03:11:00.212174+00:00
[2022-08-09 00:11:00,220] {processor.py:161} INFO - Processing /home/renan/datapipeline/.env/lib/python3.8/site-packages/airflow/example_dags/tutorial.py took 0.034 seconds
[2022-08-09 00:11:31,255] {processor.py:153} INFO - Started process (PID=11218) to work on /home/renan/datapipeline/.env/lib/python3.8/site-packages/airflow/example_dags/tutorial.py
[2022-08-09 00:11:31,255] {processor.py:641} INFO - Processing file /home/renan/datapipeline/.env/lib/python3.8/site-packages/airflow/example_dags/tutorial.py for tasks to queue
[2022-08-09 00:11:31,256] {logging_mixin.py:115} INFO - [2022-08-09 00:11:31,256] {dagbag.py:508} INFO - Filling up the DagBag from /home/renan/datapipeline/.env/lib/python3.8/site-packages/airflow/example_dags/tutorial.py
[2022-08-09 00:11:31,261] {processor.py:651} INFO - DAG(s) dict_keys(['tutorial']) retrieved from /home/renan/datapipeline/.env/lib/python3.8/site-packages/airflow/example_dags/tutorial.py
[2022-08-09 00:11:31,270] {logging_mixin.py:115} INFO - [2022-08-09 00:11:31,269] {dag.py:2420} INFO - Sync 1 DAGs
[2022-08-09 00:11:31,279] {logging_mixin.py:115} INFO - [2022-08-09 00:11:31,279] {dag.py:2968} INFO - Setting next_dagrun for tutorial to 2022-08-08T03:11:31.279114+00:00, run_after=2022-08-09T03:11:31.279114+00:00
[2022-08-09 00:11:31,288] {processor.py:161} INFO - Processing /home/renan/datapipeline/.env/lib/python3.8/site-packages/airflow/example_dags/tutorial.py took 0.035 seconds
[2022-08-09 00:12:03,192] {processor.py:153} INFO - Started process (PID=11266) to work on /home/renan/datapipeline/.env/lib/python3.8/site-packages/airflow/example_dags/tutorial.py
[2022-08-09 00:12:03,193] {processor.py:641} INFO - Processing file /home/renan/datapipeline/.env/lib/python3.8/site-packages/airflow/example_dags/tutorial.py for tasks to queue
[2022-08-09 00:12:03,193] {logging_mixin.py:115} INFO - [2022-08-09 00:12:03,193] {dagbag.py:508} INFO - Filling up the DagBag from /home/renan/datapipeline/.env/lib/python3.8/site-packages/airflow/example_dags/tutorial.py
[2022-08-09 00:12:03,198] {processor.py:651} INFO - DAG(s) dict_keys(['tutorial']) retrieved from /home/renan/datapipeline/.env/lib/python3.8/site-packages/airflow/example_dags/tutorial.py
[2022-08-09 00:12:03,207] {logging_mixin.py:115} INFO - [2022-08-09 00:12:03,207] {dag.py:2420} INFO - Sync 1 DAGs
[2022-08-09 00:12:03,216] {logging_mixin.py:115} INFO - [2022-08-09 00:12:03,216] {dag.py:2968} INFO - Setting next_dagrun for tutorial to 2022-08-08T03:12:03.216401+00:00, run_after=2022-08-09T03:12:03.216401+00:00
[2022-08-09 00:12:03,224] {processor.py:161} INFO - Processing /home/renan/datapipeline/.env/lib/python3.8/site-packages/airflow/example_dags/tutorial.py took 0.034 seconds
[2022-08-09 00:12:39,129] {processor.py:153} INFO - Started process (PID=11321) to work on /home/renan/datapipeline/.env/lib/python3.8/site-packages/airflow/example_dags/tutorial.py
[2022-08-09 00:12:39,130] {processor.py:641} INFO - Processing file /home/renan/datapipeline/.env/lib/python3.8/site-packages/airflow/example_dags/tutorial.py for tasks to queue
[2022-08-09 00:12:39,130] {logging_mixin.py:115} INFO - [2022-08-09 00:12:39,130] {dagbag.py:508} INFO - Filling up the DagBag from /home/renan/datapipeline/.env/lib/python3.8/site-packages/airflow/example_dags/tutorial.py
[2022-08-09 00:12:39,136] {processor.py:651} INFO - DAG(s) dict_keys(['tutorial']) retrieved from /home/renan/datapipeline/.env/lib/python3.8/site-packages/airflow/example_dags/tutorial.py
[2022-08-09 00:12:39,146] {logging_mixin.py:115} INFO - [2022-08-09 00:12:39,146] {dag.py:2420} INFO - Sync 1 DAGs
[2022-08-09 00:12:39,156] {logging_mixin.py:115} INFO - [2022-08-09 00:12:39,156] {dag.py:2968} INFO - Setting next_dagrun for tutorial to 2022-08-08T03:12:39.156334+00:00, run_after=2022-08-09T03:12:39.156334+00:00
[2022-08-09 00:12:39,167] {processor.py:161} INFO - Processing /home/renan/datapipeline/.env/lib/python3.8/site-packages/airflow/example_dags/tutorial.py took 0.039 seconds
[2022-08-09 00:13:12,131] {processor.py:153} INFO - Started process (PID=11370) to work on /home/renan/datapipeline/.env/lib/python3.8/site-packages/airflow/example_dags/tutorial.py
[2022-08-09 00:13:12,132] {processor.py:641} INFO - Processing file /home/renan/datapipeline/.env/lib/python3.8/site-packages/airflow/example_dags/tutorial.py for tasks to queue
[2022-08-09 00:13:12,132] {logging_mixin.py:115} INFO - [2022-08-09 00:13:12,132] {dagbag.py:508} INFO - Filling up the DagBag from /home/renan/datapipeline/.env/lib/python3.8/site-packages/airflow/example_dags/tutorial.py
[2022-08-09 00:13:12,138] {processor.py:651} INFO - DAG(s) dict_keys(['tutorial']) retrieved from /home/renan/datapipeline/.env/lib/python3.8/site-packages/airflow/example_dags/tutorial.py
[2022-08-09 00:13:12,147] {logging_mixin.py:115} INFO - [2022-08-09 00:13:12,147] {dag.py:2420} INFO - Sync 1 DAGs
[2022-08-09 00:13:12,157] {logging_mixin.py:115} INFO - [2022-08-09 00:13:12,157] {dag.py:2968} INFO - Setting next_dagrun for tutorial to 2022-08-08T03:13:12.157498+00:00, run_after=2022-08-09T03:13:12.157498+00:00
[2022-08-09 00:13:12,167] {processor.py:161} INFO - Processing /home/renan/datapipeline/.env/lib/python3.8/site-packages/airflow/example_dags/tutorial.py took 0.037 seconds
[2022-08-09 00:13:45,835] {processor.py:153} INFO - Started process (PID=11407) to work on /home/renan/datapipeline/.env/lib/python3.8/site-packages/airflow/example_dags/tutorial.py
[2022-08-09 00:13:45,836] {processor.py:641} INFO - Processing file /home/renan/datapipeline/.env/lib/python3.8/site-packages/airflow/example_dags/tutorial.py for tasks to queue
[2022-08-09 00:13:45,836] {logging_mixin.py:115} INFO - [2022-08-09 00:13:45,836] {dagbag.py:508} INFO - Filling up the DagBag from /home/renan/datapipeline/.env/lib/python3.8/site-packages/airflow/example_dags/tutorial.py
[2022-08-09 00:13:45,842] {processor.py:651} INFO - DAG(s) dict_keys(['tutorial']) retrieved from /home/renan/datapipeline/.env/lib/python3.8/site-packages/airflow/example_dags/tutorial.py
[2022-08-09 00:13:45,852] {logging_mixin.py:115} INFO - [2022-08-09 00:13:45,852] {dag.py:2420} INFO - Sync 1 DAGs
[2022-08-09 00:13:45,863] {logging_mixin.py:115} INFO - [2022-08-09 00:13:45,863] {dag.py:2968} INFO - Setting next_dagrun for tutorial to 2022-08-08T03:13:45.863496+00:00, run_after=2022-08-09T03:13:45.863496+00:00
[2022-08-09 00:13:45,873] {processor.py:161} INFO - Processing /home/renan/datapipeline/.env/lib/python3.8/site-packages/airflow/example_dags/tutorial.py took 0.040 seconds
[2022-08-09 00:14:17,704] {processor.py:153} INFO - Started process (PID=11489) to work on /home/renan/datapipeline/.env/lib/python3.8/site-packages/airflow/example_dags/tutorial.py
[2022-08-09 00:14:17,705] {processor.py:641} INFO - Processing file /home/renan/datapipeline/.env/lib/python3.8/site-packages/airflow/example_dags/tutorial.py for tasks to queue
[2022-08-09 00:14:17,705] {logging_mixin.py:115} INFO - [2022-08-09 00:14:17,705] {dagbag.py:508} INFO - Filling up the DagBag from /home/renan/datapipeline/.env/lib/python3.8/site-packages/airflow/example_dags/tutorial.py
[2022-08-09 00:14:17,709] {processor.py:651} INFO - DAG(s) dict_keys(['tutorial']) retrieved from /home/renan/datapipeline/.env/lib/python3.8/site-packages/airflow/example_dags/tutorial.py
[2022-08-09 00:14:17,719] {logging_mixin.py:115} INFO - [2022-08-09 00:14:17,719] {dag.py:2420} INFO - Sync 1 DAGs
[2022-08-09 00:14:17,730] {logging_mixin.py:115} INFO - [2022-08-09 00:14:17,730] {dag.py:2968} INFO - Setting next_dagrun for tutorial to 2022-08-08T03:14:17.730611+00:00, run_after=2022-08-09T03:14:17.730611+00:00
[2022-08-09 00:14:17,741] {processor.py:161} INFO - Processing /home/renan/datapipeline/.env/lib/python3.8/site-packages/airflow/example_dags/tutorial.py took 0.039 seconds
[2022-08-09 00:14:49,651] {processor.py:153} INFO - Started process (PID=11534) to work on /home/renan/datapipeline/.env/lib/python3.8/site-packages/airflow/example_dags/tutorial.py
[2022-08-09 00:14:49,652] {processor.py:641} INFO - Processing file /home/renan/datapipeline/.env/lib/python3.8/site-packages/airflow/example_dags/tutorial.py for tasks to queue
[2022-08-09 00:14:49,652] {logging_mixin.py:115} INFO - [2022-08-09 00:14:49,652] {dagbag.py:508} INFO - Filling up the DagBag from /home/renan/datapipeline/.env/lib/python3.8/site-packages/airflow/example_dags/tutorial.py
[2022-08-09 00:14:49,655] {processor.py:651} INFO - DAG(s) dict_keys(['tutorial']) retrieved from /home/renan/datapipeline/.env/lib/python3.8/site-packages/airflow/example_dags/tutorial.py
[2022-08-09 00:14:49,665] {logging_mixin.py:115} INFO - [2022-08-09 00:14:49,665] {dag.py:2420} INFO - Sync 1 DAGs
[2022-08-09 00:14:49,676] {logging_mixin.py:115} INFO - [2022-08-09 00:14:49,676] {dag.py:2968} INFO - Setting next_dagrun for tutorial to 2022-08-08T03:14:49.675891+00:00, run_after=2022-08-09T03:14:49.675891+00:00
[2022-08-09 00:14:49,686] {processor.py:161} INFO - Processing /home/renan/datapipeline/.env/lib/python3.8/site-packages/airflow/example_dags/tutorial.py took 0.036 seconds
[2022-08-09 00:15:24,419] {processor.py:153} INFO - Started process (PID=11575) to work on /home/renan/datapipeline/.env/lib/python3.8/site-packages/airflow/example_dags/tutorial.py
[2022-08-09 00:15:24,419] {processor.py:641} INFO - Processing file /home/renan/datapipeline/.env/lib/python3.8/site-packages/airflow/example_dags/tutorial.py for tasks to queue
[2022-08-09 00:15:24,419] {logging_mixin.py:115} INFO - [2022-08-09 00:15:24,419] {dagbag.py:508} INFO - Filling up the DagBag from /home/renan/datapipeline/.env/lib/python3.8/site-packages/airflow/example_dags/tutorial.py
[2022-08-09 00:15:24,423] {processor.py:651} INFO - DAG(s) dict_keys(['tutorial']) retrieved from /home/renan/datapipeline/.env/lib/python3.8/site-packages/airflow/example_dags/tutorial.py
[2022-08-09 00:15:24,433] {logging_mixin.py:115} INFO - [2022-08-09 00:15:24,433] {dag.py:2420} INFO - Sync 1 DAGs
[2022-08-09 00:15:24,444] {logging_mixin.py:115} INFO - [2022-08-09 00:15:24,444] {dag.py:2968} INFO - Setting next_dagrun for tutorial to 2022-08-08T03:15:24.444213+00:00, run_after=2022-08-09T03:15:24.444213+00:00
[2022-08-09 00:15:24,455] {processor.py:161} INFO - Processing /home/renan/datapipeline/.env/lib/python3.8/site-packages/airflow/example_dags/tutorial.py took 0.038 seconds
[2022-08-09 00:15:56,349] {processor.py:153} INFO - Started process (PID=11654) to work on /home/renan/datapipeline/.env/lib/python3.8/site-packages/airflow/example_dags/tutorial.py
[2022-08-09 00:15:56,349] {processor.py:641} INFO - Processing file /home/renan/datapipeline/.env/lib/python3.8/site-packages/airflow/example_dags/tutorial.py for tasks to queue
[2022-08-09 00:15:56,350] {logging_mixin.py:115} INFO - [2022-08-09 00:15:56,350] {dagbag.py:508} INFO - Filling up the DagBag from /home/renan/datapipeline/.env/lib/python3.8/site-packages/airflow/example_dags/tutorial.py
[2022-08-09 00:15:56,353] {processor.py:651} INFO - DAG(s) dict_keys(['tutorial']) retrieved from /home/renan/datapipeline/.env/lib/python3.8/site-packages/airflow/example_dags/tutorial.py
[2022-08-09 00:15:56,362] {logging_mixin.py:115} INFO - [2022-08-09 00:15:56,362] {dag.py:2420} INFO - Sync 1 DAGs
[2022-08-09 00:15:56,372] {logging_mixin.py:115} INFO - [2022-08-09 00:15:56,372] {dag.py:2968} INFO - Setting next_dagrun for tutorial to 2022-08-08T03:15:56.372627+00:00, run_after=2022-08-09T03:15:56.372627+00:00
[2022-08-09 00:15:56,381] {processor.py:161} INFO - Processing /home/renan/datapipeline/.env/lib/python3.8/site-packages/airflow/example_dags/tutorial.py took 0.034 seconds
[2022-08-09 00:16:29,752] {processor.py:153} INFO - Started process (PID=11700) to work on /home/renan/datapipeline/.env/lib/python3.8/site-packages/airflow/example_dags/tutorial.py
[2022-08-09 00:16:29,753] {processor.py:641} INFO - Processing file /home/renan/datapipeline/.env/lib/python3.8/site-packages/airflow/example_dags/tutorial.py for tasks to queue
[2022-08-09 00:16:29,753] {logging_mixin.py:115} INFO - [2022-08-09 00:16:29,753] {dagbag.py:508} INFO - Filling up the DagBag from /home/renan/datapipeline/.env/lib/python3.8/site-packages/airflow/example_dags/tutorial.py
[2022-08-09 00:16:29,757] {processor.py:651} INFO - DAG(s) dict_keys(['tutorial']) retrieved from /home/renan/datapipeline/.env/lib/python3.8/site-packages/airflow/example_dags/tutorial.py
[2022-08-09 00:16:29,769] {logging_mixin.py:115} INFO - [2022-08-09 00:16:29,767] {dag.py:2420} INFO - Sync 1 DAGs
[2022-08-09 00:16:29,781] {logging_mixin.py:115} INFO - [2022-08-09 00:16:29,781] {dag.py:2968} INFO - Setting next_dagrun for tutorial to 2022-08-08T03:16:29.781437+00:00, run_after=2022-08-09T03:16:29.781437+00:00
[2022-08-09 00:16:29,792] {processor.py:161} INFO - Processing /home/renan/datapipeline/.env/lib/python3.8/site-packages/airflow/example_dags/tutorial.py took 0.042 seconds
[2022-08-09 00:17:00,532] {processor.py:153} INFO - Started process (PID=11747) to work on /home/renan/datapipeline/.env/lib/python3.8/site-packages/airflow/example_dags/tutorial.py
[2022-08-09 00:17:00,533] {processor.py:641} INFO - Processing file /home/renan/datapipeline/.env/lib/python3.8/site-packages/airflow/example_dags/tutorial.py for tasks to queue
[2022-08-09 00:17:00,533] {logging_mixin.py:115} INFO - [2022-08-09 00:17:00,533] {dagbag.py:508} INFO - Filling up the DagBag from /home/renan/datapipeline/.env/lib/python3.8/site-packages/airflow/example_dags/tutorial.py
[2022-08-09 00:17:00,537] {processor.py:651} INFO - DAG(s) dict_keys(['tutorial']) retrieved from /home/renan/datapipeline/.env/lib/python3.8/site-packages/airflow/example_dags/tutorial.py
[2022-08-09 00:17:00,547] {logging_mixin.py:115} INFO - [2022-08-09 00:17:00,547] {dag.py:2420} INFO - Sync 1 DAGs
[2022-08-09 00:17:00,557] {logging_mixin.py:115} INFO - [2022-08-09 00:17:00,557] {dag.py:2968} INFO - Setting next_dagrun for tutorial to 2022-08-08T03:17:00.556921+00:00, run_after=2022-08-09T03:17:00.556921+00:00
[2022-08-09 00:17:00,566] {processor.py:161} INFO - Processing /home/renan/datapipeline/.env/lib/python3.8/site-packages/airflow/example_dags/tutorial.py took 0.035 seconds
[2022-08-09 00:17:33,050] {processor.py:153} INFO - Started process (PID=11793) to work on /home/renan/datapipeline/.env/lib/python3.8/site-packages/airflow/example_dags/tutorial.py
[2022-08-09 00:17:33,051] {processor.py:641} INFO - Processing file /home/renan/datapipeline/.env/lib/python3.8/site-packages/airflow/example_dags/tutorial.py for tasks to queue
[2022-08-09 00:17:33,051] {logging_mixin.py:115} INFO - [2022-08-09 00:17:33,051] {dagbag.py:508} INFO - Filling up the DagBag from /home/renan/datapipeline/.env/lib/python3.8/site-packages/airflow/example_dags/tutorial.py
[2022-08-09 00:17:33,054] {processor.py:651} INFO - DAG(s) dict_keys(['tutorial']) retrieved from /home/renan/datapipeline/.env/lib/python3.8/site-packages/airflow/example_dags/tutorial.py
[2022-08-09 00:17:33,064] {logging_mixin.py:115} INFO - [2022-08-09 00:17:33,064] {dag.py:2420} INFO - Sync 1 DAGs
[2022-08-09 00:17:33,075] {logging_mixin.py:115} INFO - [2022-08-09 00:17:33,075] {dag.py:2968} INFO - Setting next_dagrun for tutorial to 2022-08-08T03:17:33.075156+00:00, run_after=2022-08-09T03:17:33.075156+00:00
[2022-08-09 00:17:33,084] {processor.py:161} INFO - Processing /home/renan/datapipeline/.env/lib/python3.8/site-packages/airflow/example_dags/tutorial.py took 0.036 seconds
[2022-08-09 00:18:03,510] {processor.py:153} INFO - Started process (PID=11829) to work on /home/renan/datapipeline/.env/lib/python3.8/site-packages/airflow/example_dags/tutorial.py
[2022-08-09 00:18:03,511] {processor.py:641} INFO - Processing file /home/renan/datapipeline/.env/lib/python3.8/site-packages/airflow/example_dags/tutorial.py for tasks to queue
[2022-08-09 00:18:03,511] {logging_mixin.py:115} INFO - [2022-08-09 00:18:03,511] {dagbag.py:508} INFO - Filling up the DagBag from /home/renan/datapipeline/.env/lib/python3.8/site-packages/airflow/example_dags/tutorial.py
[2022-08-09 00:18:03,515] {processor.py:651} INFO - DAG(s) dict_keys(['tutorial']) retrieved from /home/renan/datapipeline/.env/lib/python3.8/site-packages/airflow/example_dags/tutorial.py
[2022-08-09 00:18:03,526] {logging_mixin.py:115} INFO - [2022-08-09 00:18:03,526] {dag.py:2420} INFO - Sync 1 DAGs
[2022-08-09 00:18:03,540] {logging_mixin.py:115} INFO - [2022-08-09 00:18:03,539] {dag.py:2968} INFO - Setting next_dagrun for tutorial to 2022-08-08T03:18:03.539660+00:00, run_after=2022-08-09T03:18:03.539660+00:00
[2022-08-09 00:18:03,551] {processor.py:161} INFO - Processing /home/renan/datapipeline/.env/lib/python3.8/site-packages/airflow/example_dags/tutorial.py took 0.043 seconds
[2022-08-09 00:18:39,439] {processor.py:153} INFO - Started process (PID=11864) to work on /home/renan/datapipeline/.env/lib/python3.8/site-packages/airflow/example_dags/tutorial.py
[2022-08-09 00:18:39,439] {processor.py:641} INFO - Processing file /home/renan/datapipeline/.env/lib/python3.8/site-packages/airflow/example_dags/tutorial.py for tasks to queue
[2022-08-09 00:18:39,439] {logging_mixin.py:115} INFO - [2022-08-09 00:18:39,439] {dagbag.py:508} INFO - Filling up the DagBag from /home/renan/datapipeline/.env/lib/python3.8/site-packages/airflow/example_dags/tutorial.py
[2022-08-09 00:18:39,444] {processor.py:651} INFO - DAG(s) dict_keys(['tutorial']) retrieved from /home/renan/datapipeline/.env/lib/python3.8/site-packages/airflow/example_dags/tutorial.py
[2022-08-09 00:18:39,457] {logging_mixin.py:115} INFO - [2022-08-09 00:18:39,457] {dag.py:2420} INFO - Sync 1 DAGs
[2022-08-09 00:18:39,467] {logging_mixin.py:115} INFO - [2022-08-09 00:18:39,467] {dag.py:2968} INFO - Setting next_dagrun for tutorial to 2022-08-08T03:18:39.467639+00:00, run_after=2022-08-09T03:18:39.467639+00:00
[2022-08-09 00:18:39,476] {processor.py:161} INFO - Processing /home/renan/datapipeline/.env/lib/python3.8/site-packages/airflow/example_dags/tutorial.py took 0.040 seconds
[2022-08-09 00:19:12,672] {processor.py:153} INFO - Started process (PID=11901) to work on /home/renan/datapipeline/.env/lib/python3.8/site-packages/airflow/example_dags/tutorial.py
[2022-08-09 00:19:12,672] {processor.py:641} INFO - Processing file /home/renan/datapipeline/.env/lib/python3.8/site-packages/airflow/example_dags/tutorial.py for tasks to queue
[2022-08-09 00:19:12,672] {logging_mixin.py:115} INFO - [2022-08-09 00:19:12,672] {dagbag.py:508} INFO - Filling up the DagBag from /home/renan/datapipeline/.env/lib/python3.8/site-packages/airflow/example_dags/tutorial.py
[2022-08-09 00:19:12,676] {processor.py:651} INFO - DAG(s) dict_keys(['tutorial']) retrieved from /home/renan/datapipeline/.env/lib/python3.8/site-packages/airflow/example_dags/tutorial.py
[2022-08-09 00:19:12,685] {logging_mixin.py:115} INFO - [2022-08-09 00:19:12,685] {dag.py:2420} INFO - Sync 1 DAGs
[2022-08-09 00:19:12,695] {logging_mixin.py:115} INFO - [2022-08-09 00:19:12,695] {dag.py:2968} INFO - Setting next_dagrun for tutorial to 2022-08-08T03:19:12.694903+00:00, run_after=2022-08-09T03:19:12.694903+00:00
[2022-08-09 00:19:12,704] {processor.py:161} INFO - Processing /home/renan/datapipeline/.env/lib/python3.8/site-packages/airflow/example_dags/tutorial.py took 0.034 seconds
[2022-08-09 00:19:46,079] {processor.py:153} INFO - Started process (PID=11937) to work on /home/renan/datapipeline/.env/lib/python3.8/site-packages/airflow/example_dags/tutorial.py
[2022-08-09 00:19:46,079] {processor.py:641} INFO - Processing file /home/renan/datapipeline/.env/lib/python3.8/site-packages/airflow/example_dags/tutorial.py for tasks to queue
[2022-08-09 00:19:46,080] {logging_mixin.py:115} INFO - [2022-08-09 00:19:46,080] {dagbag.py:508} INFO - Filling up the DagBag from /home/renan/datapipeline/.env/lib/python3.8/site-packages/airflow/example_dags/tutorial.py
[2022-08-09 00:19:46,083] {processor.py:651} INFO - DAG(s) dict_keys(['tutorial']) retrieved from /home/renan/datapipeline/.env/lib/python3.8/site-packages/airflow/example_dags/tutorial.py
[2022-08-09 00:19:46,093] {logging_mixin.py:115} INFO - [2022-08-09 00:19:46,093] {dag.py:2420} INFO - Sync 1 DAGs
[2022-08-09 00:19:46,104] {logging_mixin.py:115} INFO - [2022-08-09 00:19:46,103] {dag.py:2968} INFO - Setting next_dagrun for tutorial to 2022-08-08T03:19:46.103810+00:00, run_after=2022-08-09T03:19:46.103810+00:00
[2022-08-09 00:19:46,113] {processor.py:161} INFO - Processing /home/renan/datapipeline/.env/lib/python3.8/site-packages/airflow/example_dags/tutorial.py took 0.035 seconds
[2022-08-09 00:20:19,309] {processor.py:153} INFO - Started process (PID=11976) to work on /home/renan/datapipeline/.env/lib/python3.8/site-packages/airflow/example_dags/tutorial.py
[2022-08-09 00:20:19,309] {processor.py:641} INFO - Processing file /home/renan/datapipeline/.env/lib/python3.8/site-packages/airflow/example_dags/tutorial.py for tasks to queue
[2022-08-09 00:20:19,310] {logging_mixin.py:115} INFO - [2022-08-09 00:20:19,310] {dagbag.py:508} INFO - Filling up the DagBag from /home/renan/datapipeline/.env/lib/python3.8/site-packages/airflow/example_dags/tutorial.py
[2022-08-09 00:20:19,313] {processor.py:651} INFO - DAG(s) dict_keys(['tutorial']) retrieved from /home/renan/datapipeline/.env/lib/python3.8/site-packages/airflow/example_dags/tutorial.py
[2022-08-09 00:20:19,323] {logging_mixin.py:115} INFO - [2022-08-09 00:20:19,323] {dag.py:2420} INFO - Sync 1 DAGs
[2022-08-09 00:20:19,332] {logging_mixin.py:115} INFO - [2022-08-09 00:20:19,332] {dag.py:2968} INFO - Setting next_dagrun for tutorial to 2022-08-08T03:20:19.332615+00:00, run_after=2022-08-09T03:20:19.332615+00:00
[2022-08-09 00:20:19,341] {processor.py:161} INFO - Processing /home/renan/datapipeline/.env/lib/python3.8/site-packages/airflow/example_dags/tutorial.py took 0.033 seconds
[2022-08-09 00:20:52,623] {processor.py:153} INFO - Started process (PID=12012) to work on /home/renan/datapipeline/.env/lib/python3.8/site-packages/airflow/example_dags/tutorial.py
[2022-08-09 00:20:52,623] {processor.py:641} INFO - Processing file /home/renan/datapipeline/.env/lib/python3.8/site-packages/airflow/example_dags/tutorial.py for tasks to queue
[2022-08-09 00:20:52,624] {logging_mixin.py:115} INFO - [2022-08-09 00:20:52,624] {dagbag.py:508} INFO - Filling up the DagBag from /home/renan/datapipeline/.env/lib/python3.8/site-packages/airflow/example_dags/tutorial.py
[2022-08-09 00:20:52,627] {processor.py:651} INFO - DAG(s) dict_keys(['tutorial']) retrieved from /home/renan/datapipeline/.env/lib/python3.8/site-packages/airflow/example_dags/tutorial.py
[2022-08-09 00:20:52,637] {logging_mixin.py:115} INFO - [2022-08-09 00:20:52,636] {dag.py:2420} INFO - Sync 1 DAGs
[2022-08-09 00:20:52,646] {logging_mixin.py:115} INFO - [2022-08-09 00:20:52,646] {dag.py:2968} INFO - Setting next_dagrun for tutorial to 2022-08-08T03:20:52.646335+00:00, run_after=2022-08-09T03:20:52.646335+00:00
[2022-08-09 00:20:52,655] {processor.py:161} INFO - Processing /home/renan/datapipeline/.env/lib/python3.8/site-packages/airflow/example_dags/tutorial.py took 0.033 seconds
[2022-08-09 00:21:25,258] {processor.py:153} INFO - Started process (PID=12115) to work on /home/renan/datapipeline/.env/lib/python3.8/site-packages/airflow/example_dags/tutorial.py
[2022-08-09 00:21:25,258] {processor.py:641} INFO - Processing file /home/renan/datapipeline/.env/lib/python3.8/site-packages/airflow/example_dags/tutorial.py for tasks to queue
[2022-08-09 00:21:25,259] {logging_mixin.py:115} INFO - [2022-08-09 00:21:25,259] {dagbag.py:508} INFO - Filling up the DagBag from /home/renan/datapipeline/.env/lib/python3.8/site-packages/airflow/example_dags/tutorial.py
[2022-08-09 00:21:25,262] {processor.py:651} INFO - DAG(s) dict_keys(['tutorial']) retrieved from /home/renan/datapipeline/.env/lib/python3.8/site-packages/airflow/example_dags/tutorial.py
[2022-08-09 00:21:25,272] {logging_mixin.py:115} INFO - [2022-08-09 00:21:25,271] {dag.py:2420} INFO - Sync 1 DAGs
[2022-08-09 00:21:25,281] {logging_mixin.py:115} INFO - [2022-08-09 00:21:25,281] {dag.py:2968} INFO - Setting next_dagrun for tutorial to 2022-08-08T03:21:25.281554+00:00, run_after=2022-08-09T03:21:25.281554+00:00
[2022-08-09 00:21:25,292] {processor.py:161} INFO - Processing /home/renan/datapipeline/.env/lib/python3.8/site-packages/airflow/example_dags/tutorial.py took 0.036 seconds
[2022-08-09 00:21:57,187] {processor.py:153} INFO - Started process (PID=12236) to work on /home/renan/datapipeline/.env/lib/python3.8/site-packages/airflow/example_dags/tutorial.py
[2022-08-09 00:21:57,188] {processor.py:641} INFO - Processing file /home/renan/datapipeline/.env/lib/python3.8/site-packages/airflow/example_dags/tutorial.py for tasks to queue
[2022-08-09 00:21:57,188] {logging_mixin.py:115} INFO - [2022-08-09 00:21:57,188] {dagbag.py:508} INFO - Filling up the DagBag from /home/renan/datapipeline/.env/lib/python3.8/site-packages/airflow/example_dags/tutorial.py
[2022-08-09 00:21:57,192] {processor.py:651} INFO - DAG(s) dict_keys(['tutorial']) retrieved from /home/renan/datapipeline/.env/lib/python3.8/site-packages/airflow/example_dags/tutorial.py
[2022-08-09 00:21:57,203] {logging_mixin.py:115} INFO - [2022-08-09 00:21:57,203] {dag.py:2420} INFO - Sync 1 DAGs
[2022-08-09 00:21:57,214] {logging_mixin.py:115} INFO - [2022-08-09 00:21:57,214] {dag.py:2968} INFO - Setting next_dagrun for tutorial to 2022-08-08T03:21:57.213984+00:00, run_after=2022-08-09T03:21:57.213984+00:00
[2022-08-09 00:21:57,224] {processor.py:161} INFO - Processing /home/renan/datapipeline/.env/lib/python3.8/site-packages/airflow/example_dags/tutorial.py took 0.038 seconds
[2022-08-09 00:22:30,260] {processor.py:153} INFO - Started process (PID=12297) to work on /home/renan/datapipeline/.env/lib/python3.8/site-packages/airflow/example_dags/tutorial.py
[2022-08-09 00:22:30,261] {processor.py:641} INFO - Processing file /home/renan/datapipeline/.env/lib/python3.8/site-packages/airflow/example_dags/tutorial.py for tasks to queue
[2022-08-09 00:22:30,261] {logging_mixin.py:115} INFO - [2022-08-09 00:22:30,261] {dagbag.py:508} INFO - Filling up the DagBag from /home/renan/datapipeline/.env/lib/python3.8/site-packages/airflow/example_dags/tutorial.py
[2022-08-09 00:22:30,264] {processor.py:651} INFO - DAG(s) dict_keys(['tutorial']) retrieved from /home/renan/datapipeline/.env/lib/python3.8/site-packages/airflow/example_dags/tutorial.py
[2022-08-09 00:22:30,274] {logging_mixin.py:115} INFO - [2022-08-09 00:22:30,274] {dag.py:2420} INFO - Sync 1 DAGs
[2022-08-09 00:22:30,283] {logging_mixin.py:115} INFO - [2022-08-09 00:22:30,283] {dag.py:2968} INFO - Setting next_dagrun for tutorial to 2022-08-08T03:22:30.283646+00:00, run_after=2022-08-09T03:22:30.283646+00:00
[2022-08-09 00:22:30,292] {processor.py:161} INFO - Processing /home/renan/datapipeline/.env/lib/python3.8/site-packages/airflow/example_dags/tutorial.py took 0.034 seconds
[2022-08-09 00:23:03,319] {processor.py:153} INFO - Started process (PID=12336) to work on /home/renan/datapipeline/.env/lib/python3.8/site-packages/airflow/example_dags/tutorial.py
[2022-08-09 00:23:03,320] {processor.py:641} INFO - Processing file /home/renan/datapipeline/.env/lib/python3.8/site-packages/airflow/example_dags/tutorial.py for tasks to queue
[2022-08-09 00:23:03,320] {logging_mixin.py:115} INFO - [2022-08-09 00:23:03,320] {dagbag.py:508} INFO - Filling up the DagBag from /home/renan/datapipeline/.env/lib/python3.8/site-packages/airflow/example_dags/tutorial.py
[2022-08-09 00:23:03,323] {processor.py:651} INFO - DAG(s) dict_keys(['tutorial']) retrieved from /home/renan/datapipeline/.env/lib/python3.8/site-packages/airflow/example_dags/tutorial.py
[2022-08-09 00:23:03,333] {logging_mixin.py:115} INFO - [2022-08-09 00:23:03,333] {dag.py:2420} INFO - Sync 1 DAGs
[2022-08-09 00:23:03,343] {logging_mixin.py:115} INFO - [2022-08-09 00:23:03,343] {dag.py:2968} INFO - Setting next_dagrun for tutorial to 2022-08-08T03:23:03.342936+00:00, run_after=2022-08-09T03:23:03.342936+00:00
[2022-08-09 00:23:03,352] {processor.py:161} INFO - Processing /home/renan/datapipeline/.env/lib/python3.8/site-packages/airflow/example_dags/tutorial.py took 0.034 seconds
[2022-08-09 00:23:34,732] {processor.py:153} INFO - Started process (PID=12371) to work on /home/renan/datapipeline/.env/lib/python3.8/site-packages/airflow/example_dags/tutorial.py
[2022-08-09 00:23:34,732] {processor.py:641} INFO - Processing file /home/renan/datapipeline/.env/lib/python3.8/site-packages/airflow/example_dags/tutorial.py for tasks to queue
[2022-08-09 00:23:34,733] {logging_mixin.py:115} INFO - [2022-08-09 00:23:34,733] {dagbag.py:508} INFO - Filling up the DagBag from /home/renan/datapipeline/.env/lib/python3.8/site-packages/airflow/example_dags/tutorial.py
[2022-08-09 00:23:34,736] {processor.py:651} INFO - DAG(s) dict_keys(['tutorial']) retrieved from /home/renan/datapipeline/.env/lib/python3.8/site-packages/airflow/example_dags/tutorial.py
[2022-08-09 00:23:34,746] {logging_mixin.py:115} INFO - [2022-08-09 00:23:34,746] {dag.py:2420} INFO - Sync 1 DAGs
[2022-08-09 00:23:34,756] {logging_mixin.py:115} INFO - [2022-08-09 00:23:34,756] {dag.py:2968} INFO - Setting next_dagrun for tutorial to 2022-08-08T03:23:34.756361+00:00, run_after=2022-08-09T03:23:34.756361+00:00
[2022-08-09 00:23:34,766] {processor.py:161} INFO - Processing /home/renan/datapipeline/.env/lib/python3.8/site-packages/airflow/example_dags/tutorial.py took 0.036 seconds
[2022-08-09 00:24:04,907] {processor.py:153} INFO - Started process (PID=12405) to work on /home/renan/datapipeline/.env/lib/python3.8/site-packages/airflow/example_dags/tutorial.py
[2022-08-09 00:24:04,907] {processor.py:641} INFO - Processing file /home/renan/datapipeline/.env/lib/python3.8/site-packages/airflow/example_dags/tutorial.py for tasks to queue
[2022-08-09 00:24:04,908] {logging_mixin.py:115} INFO - [2022-08-09 00:24:04,908] {dagbag.py:508} INFO - Filling up the DagBag from /home/renan/datapipeline/.env/lib/python3.8/site-packages/airflow/example_dags/tutorial.py
[2022-08-09 00:24:04,911] {processor.py:651} INFO - DAG(s) dict_keys(['tutorial']) retrieved from /home/renan/datapipeline/.env/lib/python3.8/site-packages/airflow/example_dags/tutorial.py
[2022-08-09 00:24:04,921] {logging_mixin.py:115} INFO - [2022-08-09 00:24:04,921] {dag.py:2420} INFO - Sync 1 DAGs
[2022-08-09 00:24:04,931] {logging_mixin.py:115} INFO - [2022-08-09 00:24:04,930] {dag.py:2968} INFO - Setting next_dagrun for tutorial to 2022-08-08T03:24:04.930790+00:00, run_after=2022-08-09T03:24:04.930790+00:00
[2022-08-09 00:24:04,939] {processor.py:161} INFO - Processing /home/renan/datapipeline/.env/lib/python3.8/site-packages/airflow/example_dags/tutorial.py took 0.034 seconds
[2022-08-09 00:24:35,294] {processor.py:153} INFO - Started process (PID=12467) to work on /home/renan/datapipeline/.env/lib/python3.8/site-packages/airflow/example_dags/tutorial.py
[2022-08-09 00:24:35,294] {processor.py:641} INFO - Processing file /home/renan/datapipeline/.env/lib/python3.8/site-packages/airflow/example_dags/tutorial.py for tasks to queue
[2022-08-09 00:24:35,295] {logging_mixin.py:115} INFO - [2022-08-09 00:24:35,295] {dagbag.py:508} INFO - Filling up the DagBag from /home/renan/datapipeline/.env/lib/python3.8/site-packages/airflow/example_dags/tutorial.py
[2022-08-09 00:24:35,298] {processor.py:651} INFO - DAG(s) dict_keys(['tutorial']) retrieved from /home/renan/datapipeline/.env/lib/python3.8/site-packages/airflow/example_dags/tutorial.py
[2022-08-09 00:24:35,307] {logging_mixin.py:115} INFO - [2022-08-09 00:24:35,307] {dag.py:2420} INFO - Sync 1 DAGs
[2022-08-09 00:24:35,317] {logging_mixin.py:115} INFO - [2022-08-09 00:24:35,317] {dag.py:2968} INFO - Setting next_dagrun for tutorial to 2022-08-08T03:24:35.317003+00:00, run_after=2022-08-09T03:24:35.317003+00:00
[2022-08-09 00:24:35,325] {processor.py:161} INFO - Processing /home/renan/datapipeline/.env/lib/python3.8/site-packages/airflow/example_dags/tutorial.py took 0.032 seconds
[2022-08-09 00:25:05,676] {processor.py:153} INFO - Started process (PID=12506) to work on /home/renan/datapipeline/.env/lib/python3.8/site-packages/airflow/example_dags/tutorial.py
[2022-08-09 00:25:05,677] {processor.py:641} INFO - Processing file /home/renan/datapipeline/.env/lib/python3.8/site-packages/airflow/example_dags/tutorial.py for tasks to queue
[2022-08-09 00:25:05,677] {logging_mixin.py:115} INFO - [2022-08-09 00:25:05,677] {dagbag.py:508} INFO - Filling up the DagBag from /home/renan/datapipeline/.env/lib/python3.8/site-packages/airflow/example_dags/tutorial.py
[2022-08-09 00:25:05,680] {processor.py:651} INFO - DAG(s) dict_keys(['tutorial']) retrieved from /home/renan/datapipeline/.env/lib/python3.8/site-packages/airflow/example_dags/tutorial.py
[2022-08-09 00:25:05,692] {logging_mixin.py:115} INFO - [2022-08-09 00:25:05,692] {dag.py:2420} INFO - Sync 1 DAGs
[2022-08-09 00:25:05,702] {logging_mixin.py:115} INFO - [2022-08-09 00:25:05,702] {dag.py:2968} INFO - Setting next_dagrun for tutorial to 2022-08-08T03:25:05.702665+00:00, run_after=2022-08-09T03:25:05.702665+00:00
[2022-08-09 00:25:05,712] {processor.py:161} INFO - Processing /home/renan/datapipeline/.env/lib/python3.8/site-packages/airflow/example_dags/tutorial.py took 0.037 seconds
[2022-08-09 00:25:36,001] {processor.py:153} INFO - Started process (PID=12539) to work on /home/renan/datapipeline/.env/lib/python3.8/site-packages/airflow/example_dags/tutorial.py
[2022-08-09 00:25:36,001] {processor.py:641} INFO - Processing file /home/renan/datapipeline/.env/lib/python3.8/site-packages/airflow/example_dags/tutorial.py for tasks to queue
[2022-08-09 00:25:36,002] {logging_mixin.py:115} INFO - [2022-08-09 00:25:36,002] {dagbag.py:508} INFO - Filling up the DagBag from /home/renan/datapipeline/.env/lib/python3.8/site-packages/airflow/example_dags/tutorial.py
[2022-08-09 00:25:36,005] {processor.py:651} INFO - DAG(s) dict_keys(['tutorial']) retrieved from /home/renan/datapipeline/.env/lib/python3.8/site-packages/airflow/example_dags/tutorial.py
[2022-08-09 00:25:36,014] {logging_mixin.py:115} INFO - [2022-08-09 00:25:36,014] {dag.py:2420} INFO - Sync 1 DAGs
[2022-08-09 00:25:36,024] {logging_mixin.py:115} INFO - [2022-08-09 00:25:36,024] {dag.py:2968} INFO - Setting next_dagrun for tutorial to 2022-08-08T03:25:36.023951+00:00, run_after=2022-08-09T03:25:36.023951+00:00
[2022-08-09 00:25:36,032] {processor.py:161} INFO - Processing /home/renan/datapipeline/.env/lib/python3.8/site-packages/airflow/example_dags/tutorial.py took 0.033 seconds
[2022-08-09 00:26:10,894] {processor.py:153} INFO - Started process (PID=12577) to work on /home/renan/datapipeline/.env/lib/python3.8/site-packages/airflow/example_dags/tutorial.py
[2022-08-09 00:26:10,894] {processor.py:641} INFO - Processing file /home/renan/datapipeline/.env/lib/python3.8/site-packages/airflow/example_dags/tutorial.py for tasks to queue
[2022-08-09 00:26:10,894] {logging_mixin.py:115} INFO - [2022-08-09 00:26:10,894] {dagbag.py:508} INFO - Filling up the DagBag from /home/renan/datapipeline/.env/lib/python3.8/site-packages/airflow/example_dags/tutorial.py
[2022-08-09 00:26:10,898] {processor.py:651} INFO - DAG(s) dict_keys(['tutorial']) retrieved from /home/renan/datapipeline/.env/lib/python3.8/site-packages/airflow/example_dags/tutorial.py
[2022-08-09 00:26:10,908] {logging_mixin.py:115} INFO - [2022-08-09 00:26:10,908] {dag.py:2420} INFO - Sync 1 DAGs
[2022-08-09 00:26:10,919] {logging_mixin.py:115} INFO - [2022-08-09 00:26:10,919] {dag.py:2968} INFO - Setting next_dagrun for tutorial to 2022-08-08T03:26:10.919059+00:00, run_after=2022-08-09T03:26:10.919059+00:00
[2022-08-09 00:26:10,928] {processor.py:161} INFO - Processing /home/renan/datapipeline/.env/lib/python3.8/site-packages/airflow/example_dags/tutorial.py took 0.037 seconds
[2022-08-09 00:26:41,698] {processor.py:153} INFO - Started process (PID=12611) to work on /home/renan/datapipeline/.env/lib/python3.8/site-packages/airflow/example_dags/tutorial.py
[2022-08-09 00:26:41,699] {processor.py:641} INFO - Processing file /home/renan/datapipeline/.env/lib/python3.8/site-packages/airflow/example_dags/tutorial.py for tasks to queue
[2022-08-09 00:26:41,699] {logging_mixin.py:115} INFO - [2022-08-09 00:26:41,699] {dagbag.py:508} INFO - Filling up the DagBag from /home/renan/datapipeline/.env/lib/python3.8/site-packages/airflow/example_dags/tutorial.py
[2022-08-09 00:26:41,702] {processor.py:651} INFO - DAG(s) dict_keys(['tutorial']) retrieved from /home/renan/datapipeline/.env/lib/python3.8/site-packages/airflow/example_dags/tutorial.py
[2022-08-09 00:26:41,712] {logging_mixin.py:115} INFO - [2022-08-09 00:26:41,712] {dag.py:2420} INFO - Sync 1 DAGs
[2022-08-09 00:26:41,722] {logging_mixin.py:115} INFO - [2022-08-09 00:26:41,722] {dag.py:2968} INFO - Setting next_dagrun for tutorial to 2022-08-08T03:26:41.722415+00:00, run_after=2022-08-09T03:26:41.722415+00:00
[2022-08-09 00:26:41,732] {processor.py:161} INFO - Processing /home/renan/datapipeline/.env/lib/python3.8/site-packages/airflow/example_dags/tutorial.py took 0.035 seconds
[2022-08-09 00:27:16,520] {processor.py:153} INFO - Started process (PID=12651) to work on /home/renan/datapipeline/.env/lib/python3.8/site-packages/airflow/example_dags/tutorial.py
[2022-08-09 00:27:16,521] {processor.py:641} INFO - Processing file /home/renan/datapipeline/.env/lib/python3.8/site-packages/airflow/example_dags/tutorial.py for tasks to queue
[2022-08-09 00:27:16,521] {logging_mixin.py:115} INFO - [2022-08-09 00:27:16,521] {dagbag.py:508} INFO - Filling up the DagBag from /home/renan/datapipeline/.env/lib/python3.8/site-packages/airflow/example_dags/tutorial.py
[2022-08-09 00:27:16,524] {processor.py:651} INFO - DAG(s) dict_keys(['tutorial']) retrieved from /home/renan/datapipeline/.env/lib/python3.8/site-packages/airflow/example_dags/tutorial.py
[2022-08-09 00:27:16,534] {logging_mixin.py:115} INFO - [2022-08-09 00:27:16,534] {dag.py:2420} INFO - Sync 1 DAGs
[2022-08-09 00:27:16,544] {logging_mixin.py:115} INFO - [2022-08-09 00:27:16,544] {dag.py:2968} INFO - Setting next_dagrun for tutorial to 2022-08-08T03:27:16.543857+00:00, run_after=2022-08-09T03:27:16.543857+00:00
[2022-08-09 00:27:16,553] {processor.py:161} INFO - Processing /home/renan/datapipeline/.env/lib/python3.8/site-packages/airflow/example_dags/tutorial.py took 0.034 seconds
[2022-08-09 00:27:48,730] {processor.py:153} INFO - Started process (PID=12717) to work on /home/renan/datapipeline/.env/lib/python3.8/site-packages/airflow/example_dags/tutorial.py
[2022-08-09 00:27:48,731] {processor.py:641} INFO - Processing file /home/renan/datapipeline/.env/lib/python3.8/site-packages/airflow/example_dags/tutorial.py for tasks to queue
[2022-08-09 00:27:48,731] {logging_mixin.py:115} INFO - [2022-08-09 00:27:48,731] {dagbag.py:508} INFO - Filling up the DagBag from /home/renan/datapipeline/.env/lib/python3.8/site-packages/airflow/example_dags/tutorial.py
[2022-08-09 00:27:48,734] {processor.py:651} INFO - DAG(s) dict_keys(['tutorial']) retrieved from /home/renan/datapipeline/.env/lib/python3.8/site-packages/airflow/example_dags/tutorial.py
[2022-08-09 00:27:48,744] {logging_mixin.py:115} INFO - [2022-08-09 00:27:48,744] {dag.py:2420} INFO - Sync 1 DAGs
[2022-08-09 00:27:48,753] {logging_mixin.py:115} INFO - [2022-08-09 00:27:48,753] {dag.py:2968} INFO - Setting next_dagrun for tutorial to 2022-08-08T03:27:48.753438+00:00, run_after=2022-08-09T03:27:48.753438+00:00
[2022-08-09 00:27:48,763] {processor.py:161} INFO - Processing /home/renan/datapipeline/.env/lib/python3.8/site-packages/airflow/example_dags/tutorial.py took 0.035 seconds
[2022-08-09 00:28:20,768] {processor.py:153} INFO - Started process (PID=12906) to work on /home/renan/datapipeline/.env/lib/python3.8/site-packages/airflow/example_dags/tutorial.py
[2022-08-09 00:28:20,768] {processor.py:641} INFO - Processing file /home/renan/datapipeline/.env/lib/python3.8/site-packages/airflow/example_dags/tutorial.py for tasks to queue
[2022-08-09 00:28:20,768] {logging_mixin.py:115} INFO - [2022-08-09 00:28:20,768] {dagbag.py:508} INFO - Filling up the DagBag from /home/renan/datapipeline/.env/lib/python3.8/site-packages/airflow/example_dags/tutorial.py
[2022-08-09 00:28:20,772] {processor.py:651} INFO - DAG(s) dict_keys(['tutorial']) retrieved from /home/renan/datapipeline/.env/lib/python3.8/site-packages/airflow/example_dags/tutorial.py
[2022-08-09 00:28:20,783] {logging_mixin.py:115} INFO - [2022-08-09 00:28:20,783] {dag.py:2420} INFO - Sync 1 DAGs
[2022-08-09 00:28:20,796] {logging_mixin.py:115} INFO - [2022-08-09 00:28:20,796] {dag.py:2968} INFO - Setting next_dagrun for tutorial to 2022-08-08T03:28:20.795812+00:00, run_after=2022-08-09T03:28:20.795812+00:00
[2022-08-09 00:28:20,807] {processor.py:161} INFO - Processing /home/renan/datapipeline/.env/lib/python3.8/site-packages/airflow/example_dags/tutorial.py took 0.041 seconds
[2022-08-09 00:28:51,028] {processor.py:153} INFO - Started process (PID=12961) to work on /home/renan/datapipeline/.env/lib/python3.8/site-packages/airflow/example_dags/tutorial.py
[2022-08-09 00:28:51,028] {processor.py:641} INFO - Processing file /home/renan/datapipeline/.env/lib/python3.8/site-packages/airflow/example_dags/tutorial.py for tasks to queue
[2022-08-09 00:28:51,029] {logging_mixin.py:115} INFO - [2022-08-09 00:28:51,029] {dagbag.py:508} INFO - Filling up the DagBag from /home/renan/datapipeline/.env/lib/python3.8/site-packages/airflow/example_dags/tutorial.py
[2022-08-09 00:28:51,032] {processor.py:651} INFO - DAG(s) dict_keys(['tutorial']) retrieved from /home/renan/datapipeline/.env/lib/python3.8/site-packages/airflow/example_dags/tutorial.py
[2022-08-09 00:28:51,042] {logging_mixin.py:115} INFO - [2022-08-09 00:28:51,041] {dag.py:2420} INFO - Sync 1 DAGs
[2022-08-09 00:28:51,052] {logging_mixin.py:115} INFO - [2022-08-09 00:28:51,052] {dag.py:2968} INFO - Setting next_dagrun for tutorial to 2022-08-08T03:28:51.052179+00:00, run_after=2022-08-09T03:28:51.052179+00:00
[2022-08-09 00:28:51,061] {processor.py:161} INFO - Processing /home/renan/datapipeline/.env/lib/python3.8/site-packages/airflow/example_dags/tutorial.py took 0.035 seconds
[2022-08-09 00:29:21,287] {processor.py:153} INFO - Started process (PID=12999) to work on /home/renan/datapipeline/.env/lib/python3.8/site-packages/airflow/example_dags/tutorial.py
[2022-08-09 00:29:21,287] {processor.py:641} INFO - Processing file /home/renan/datapipeline/.env/lib/python3.8/site-packages/airflow/example_dags/tutorial.py for tasks to queue
[2022-08-09 00:29:21,287] {logging_mixin.py:115} INFO - [2022-08-09 00:29:21,287] {dagbag.py:508} INFO - Filling up the DagBag from /home/renan/datapipeline/.env/lib/python3.8/site-packages/airflow/example_dags/tutorial.py
[2022-08-09 00:29:21,292] {processor.py:651} INFO - DAG(s) dict_keys(['tutorial']) retrieved from /home/renan/datapipeline/.env/lib/python3.8/site-packages/airflow/example_dags/tutorial.py
[2022-08-09 00:29:21,304] {logging_mixin.py:115} INFO - [2022-08-09 00:29:21,304] {dag.py:2420} INFO - Sync 1 DAGs
[2022-08-09 00:29:21,316] {logging_mixin.py:115} INFO - [2022-08-09 00:29:21,316] {dag.py:2968} INFO - Setting next_dagrun for tutorial to 2022-08-08T03:29:21.316623+00:00, run_after=2022-08-09T03:29:21.316623+00:00
[2022-08-09 00:29:21,328] {processor.py:161} INFO - Processing /home/renan/datapipeline/.env/lib/python3.8/site-packages/airflow/example_dags/tutorial.py took 0.043 seconds
[2022-08-09 00:29:51,468] {processor.py:153} INFO - Started process (PID=13034) to work on /home/renan/datapipeline/.env/lib/python3.8/site-packages/airflow/example_dags/tutorial.py
[2022-08-09 00:29:51,469] {processor.py:641} INFO - Processing file /home/renan/datapipeline/.env/lib/python3.8/site-packages/airflow/example_dags/tutorial.py for tasks to queue
[2022-08-09 00:29:51,469] {logging_mixin.py:115} INFO - [2022-08-09 00:29:51,469] {dagbag.py:508} INFO - Filling up the DagBag from /home/renan/datapipeline/.env/lib/python3.8/site-packages/airflow/example_dags/tutorial.py
[2022-08-09 00:29:51,472] {processor.py:651} INFO - DAG(s) dict_keys(['tutorial']) retrieved from /home/renan/datapipeline/.env/lib/python3.8/site-packages/airflow/example_dags/tutorial.py
[2022-08-09 00:29:51,482] {logging_mixin.py:115} INFO - [2022-08-09 00:29:51,482] {dag.py:2420} INFO - Sync 1 DAGs
[2022-08-09 00:29:51,493] {logging_mixin.py:115} INFO - [2022-08-09 00:29:51,492] {dag.py:2968} INFO - Setting next_dagrun for tutorial to 2022-08-08T03:29:51.492824+00:00, run_after=2022-08-09T03:29:51.492824+00:00
[2022-08-09 00:29:51,504] {processor.py:161} INFO - Processing /home/renan/datapipeline/.env/lib/python3.8/site-packages/airflow/example_dags/tutorial.py took 0.037 seconds
[2022-08-09 00:30:25,110] {processor.py:153} INFO - Started process (PID=13074) to work on /home/renan/datapipeline/.env/lib/python3.8/site-packages/airflow/example_dags/tutorial.py
[2022-08-09 00:30:25,110] {processor.py:641} INFO - Processing file /home/renan/datapipeline/.env/lib/python3.8/site-packages/airflow/example_dags/tutorial.py for tasks to queue
[2022-08-09 00:30:25,110] {logging_mixin.py:115} INFO - [2022-08-09 00:30:25,110] {dagbag.py:508} INFO - Filling up the DagBag from /home/renan/datapipeline/.env/lib/python3.8/site-packages/airflow/example_dags/tutorial.py
[2022-08-09 00:30:25,114] {processor.py:651} INFO - DAG(s) dict_keys(['tutorial']) retrieved from /home/renan/datapipeline/.env/lib/python3.8/site-packages/airflow/example_dags/tutorial.py
[2022-08-09 00:30:25,124] {logging_mixin.py:115} INFO - [2022-08-09 00:30:25,123] {dag.py:2420} INFO - Sync 1 DAGs
[2022-08-09 00:30:25,133] {logging_mixin.py:115} INFO - [2022-08-09 00:30:25,133] {dag.py:2968} INFO - Setting next_dagrun for tutorial to 2022-08-08T03:30:25.133412+00:00, run_after=2022-08-09T03:30:25.133412+00:00
[2022-08-09 00:30:25,142] {processor.py:161} INFO - Processing /home/renan/datapipeline/.env/lib/python3.8/site-packages/airflow/example_dags/tutorial.py took 0.034 seconds
[2022-08-09 00:30:55,913] {processor.py:153} INFO - Started process (PID=13106) to work on /home/renan/datapipeline/.env/lib/python3.8/site-packages/airflow/example_dags/tutorial.py
[2022-08-09 00:30:55,914] {processor.py:641} INFO - Processing file /home/renan/datapipeline/.env/lib/python3.8/site-packages/airflow/example_dags/tutorial.py for tasks to queue
[2022-08-09 00:30:55,914] {logging_mixin.py:115} INFO - [2022-08-09 00:30:55,914] {dagbag.py:508} INFO - Filling up the DagBag from /home/renan/datapipeline/.env/lib/python3.8/site-packages/airflow/example_dags/tutorial.py
[2022-08-09 00:30:55,917] {processor.py:651} INFO - DAG(s) dict_keys(['tutorial']) retrieved from /home/renan/datapipeline/.env/lib/python3.8/site-packages/airflow/example_dags/tutorial.py
[2022-08-09 00:30:55,928] {logging_mixin.py:115} INFO - [2022-08-09 00:30:55,927] {dag.py:2420} INFO - Sync 1 DAGs
[2022-08-09 00:30:55,937] {logging_mixin.py:115} INFO - [2022-08-09 00:30:55,937] {dag.py:2968} INFO - Setting next_dagrun for tutorial to 2022-08-08T03:30:55.937671+00:00, run_after=2022-08-09T03:30:55.937671+00:00
[2022-08-09 00:30:55,948] {processor.py:161} INFO - Processing /home/renan/datapipeline/.env/lib/python3.8/site-packages/airflow/example_dags/tutorial.py took 0.036 seconds
[2022-08-09 00:31:30,064] {processor.py:153} INFO - Started process (PID=13145) to work on /home/renan/datapipeline/.env/lib/python3.8/site-packages/airflow/example_dags/tutorial.py
[2022-08-09 00:31:30,065] {processor.py:641} INFO - Processing file /home/renan/datapipeline/.env/lib/python3.8/site-packages/airflow/example_dags/tutorial.py for tasks to queue
[2022-08-09 00:31:30,065] {logging_mixin.py:115} INFO - [2022-08-09 00:31:30,065] {dagbag.py:508} INFO - Filling up the DagBag from /home/renan/datapipeline/.env/lib/python3.8/site-packages/airflow/example_dags/tutorial.py
[2022-08-09 00:31:30,068] {processor.py:651} INFO - DAG(s) dict_keys(['tutorial']) retrieved from /home/renan/datapipeline/.env/lib/python3.8/site-packages/airflow/example_dags/tutorial.py
[2022-08-09 00:31:30,078] {logging_mixin.py:115} INFO - [2022-08-09 00:31:30,078] {dag.py:2420} INFO - Sync 1 DAGs
[2022-08-09 00:31:30,087] {logging_mixin.py:115} INFO - [2022-08-09 00:31:30,087] {dag.py:2968} INFO - Setting next_dagrun for tutorial to 2022-08-08T03:31:30.087540+00:00, run_after=2022-08-09T03:31:30.087540+00:00
[2022-08-09 00:31:30,096] {processor.py:161} INFO - Processing /home/renan/datapipeline/.env/lib/python3.8/site-packages/airflow/example_dags/tutorial.py took 0.034 seconds
[2022-08-09 00:32:01,811] {processor.py:153} INFO - Started process (PID=13266) to work on /home/renan/datapipeline/.env/lib/python3.8/site-packages/airflow/example_dags/tutorial.py
[2022-08-09 00:32:01,812] {processor.py:641} INFO - Processing file /home/renan/datapipeline/.env/lib/python3.8/site-packages/airflow/example_dags/tutorial.py for tasks to queue
[2022-08-09 00:32:01,812] {logging_mixin.py:115} INFO - [2022-08-09 00:32:01,812] {dagbag.py:508} INFO - Filling up the DagBag from /home/renan/datapipeline/.env/lib/python3.8/site-packages/airflow/example_dags/tutorial.py
[2022-08-09 00:32:01,815] {processor.py:651} INFO - DAG(s) dict_keys(['tutorial']) retrieved from /home/renan/datapipeline/.env/lib/python3.8/site-packages/airflow/example_dags/tutorial.py
[2022-08-09 00:32:01,825] {logging_mixin.py:115} INFO - [2022-08-09 00:32:01,825] {dag.py:2420} INFO - Sync 1 DAGs
[2022-08-09 00:32:01,836] {logging_mixin.py:115} INFO - [2022-08-09 00:32:01,836] {dag.py:2968} INFO - Setting next_dagrun for tutorial to 2022-08-08T03:32:01.836126+00:00, run_after=2022-08-09T03:32:01.836126+00:00
[2022-08-09 00:32:01,845] {processor.py:161} INFO - Processing /home/renan/datapipeline/.env/lib/python3.8/site-packages/airflow/example_dags/tutorial.py took 0.035 seconds
[2022-08-09 00:32:32,195] {processor.py:153} INFO - Started process (PID=13300) to work on /home/renan/datapipeline/.env/lib/python3.8/site-packages/airflow/example_dags/tutorial.py
[2022-08-09 00:32:32,195] {processor.py:641} INFO - Processing file /home/renan/datapipeline/.env/lib/python3.8/site-packages/airflow/example_dags/tutorial.py for tasks to queue
[2022-08-09 00:32:32,196] {logging_mixin.py:115} INFO - [2022-08-09 00:32:32,196] {dagbag.py:508} INFO - Filling up the DagBag from /home/renan/datapipeline/.env/lib/python3.8/site-packages/airflow/example_dags/tutorial.py
[2022-08-09 00:32:32,199] {processor.py:651} INFO - DAG(s) dict_keys(['tutorial']) retrieved from /home/renan/datapipeline/.env/lib/python3.8/site-packages/airflow/example_dags/tutorial.py
[2022-08-09 00:32:32,210] {logging_mixin.py:115} INFO - [2022-08-09 00:32:32,210] {dag.py:2420} INFO - Sync 1 DAGs
[2022-08-09 00:32:32,220] {logging_mixin.py:115} INFO - [2022-08-09 00:32:32,220] {dag.py:2968} INFO - Setting next_dagrun for tutorial to 2022-08-08T03:32:32.220695+00:00, run_after=2022-08-09T03:32:32.220695+00:00
[2022-08-09 00:32:32,232] {processor.py:161} INFO - Processing /home/renan/datapipeline/.env/lib/python3.8/site-packages/airflow/example_dags/tutorial.py took 0.039 seconds
