[2022-08-08 23:54:52,482] {processor.py:153} INFO - Started process (PID=9797) to work on /home/renan/datapipeline/.env/lib/python3.8/site-packages/airflow/example_dags/tutorial_taskflow_api_etl_virtualenv.py
[2022-08-08 23:54:52,484] {processor.py:641} INFO - Processing file /home/renan/datapipeline/.env/lib/python3.8/site-packages/airflow/example_dags/tutorial_taskflow_api_etl_virtualenv.py for tasks to queue
[2022-08-08 23:54:52,484] {logging_mixin.py:115} INFO - [2022-08-08 23:54:52,484] {dagbag.py:508} INFO - Filling up the DagBag from /home/renan/datapipeline/.env/lib/python3.8/site-packages/airflow/example_dags/tutorial_taskflow_api_etl_virtualenv.py
[2022-08-08 23:54:52,496] {logging_mixin.py:115} INFO - [2022-08-08 23:54:52,496] {tutorial_taskflow_api_etl_virtualenv.py:29} WARNING - The tutorial_taskflow_api_etl_virtualenv example DAG requires virtualenv, please install it.
[2022-08-08 23:54:52,496] {processor.py:653} WARNING - No viable dags retrieved from /home/renan/datapipeline/.env/lib/python3.8/site-packages/airflow/example_dags/tutorial_taskflow_api_etl_virtualenv.py
[2022-08-08 23:54:52,506] {processor.py:161} INFO - Processing /home/renan/datapipeline/.env/lib/python3.8/site-packages/airflow/example_dags/tutorial_taskflow_api_etl_virtualenv.py took 0.026 seconds
[2022-08-08 23:55:25,090] {processor.py:153} INFO - Started process (PID=9901) to work on /home/renan/datapipeline/.env/lib/python3.8/site-packages/airflow/example_dags/tutorial_taskflow_api_etl_virtualenv.py
[2022-08-08 23:55:25,090] {processor.py:641} INFO - Processing file /home/renan/datapipeline/.env/lib/python3.8/site-packages/airflow/example_dags/tutorial_taskflow_api_etl_virtualenv.py for tasks to queue
[2022-08-08 23:55:25,091] {logging_mixin.py:115} INFO - [2022-08-08 23:55:25,091] {dagbag.py:508} INFO - Filling up the DagBag from /home/renan/datapipeline/.env/lib/python3.8/site-packages/airflow/example_dags/tutorial_taskflow_api_etl_virtualenv.py
[2022-08-08 23:55:25,098] {logging_mixin.py:115} INFO - [2022-08-08 23:55:25,098] {tutorial_taskflow_api_etl_virtualenv.py:29} WARNING - The tutorial_taskflow_api_etl_virtualenv example DAG requires virtualenv, please install it.
[2022-08-08 23:55:25,098] {processor.py:653} WARNING - No viable dags retrieved from /home/renan/datapipeline/.env/lib/python3.8/site-packages/airflow/example_dags/tutorial_taskflow_api_etl_virtualenv.py
[2022-08-08 23:55:25,105] {processor.py:161} INFO - Processing /home/renan/datapipeline/.env/lib/python3.8/site-packages/airflow/example_dags/tutorial_taskflow_api_etl_virtualenv.py took 0.016 seconds
[2022-08-08 23:55:57,604] {processor.py:153} INFO - Started process (PID=9964) to work on /home/renan/datapipeline/.env/lib/python3.8/site-packages/airflow/example_dags/tutorial_taskflow_api_etl_virtualenv.py
[2022-08-08 23:55:57,604] {processor.py:641} INFO - Processing file /home/renan/datapipeline/.env/lib/python3.8/site-packages/airflow/example_dags/tutorial_taskflow_api_etl_virtualenv.py for tasks to queue
[2022-08-08 23:55:57,604] {logging_mixin.py:115} INFO - [2022-08-08 23:55:57,604] {dagbag.py:508} INFO - Filling up the DagBag from /home/renan/datapipeline/.env/lib/python3.8/site-packages/airflow/example_dags/tutorial_taskflow_api_etl_virtualenv.py
[2022-08-08 23:55:57,614] {logging_mixin.py:115} INFO - [2022-08-08 23:55:57,614] {tutorial_taskflow_api_etl_virtualenv.py:29} WARNING - The tutorial_taskflow_api_etl_virtualenv example DAG requires virtualenv, please install it.
[2022-08-08 23:55:57,614] {processor.py:653} WARNING - No viable dags retrieved from /home/renan/datapipeline/.env/lib/python3.8/site-packages/airflow/example_dags/tutorial_taskflow_api_etl_virtualenv.py
[2022-08-08 23:55:57,620] {processor.py:161} INFO - Processing /home/renan/datapipeline/.env/lib/python3.8/site-packages/airflow/example_dags/tutorial_taskflow_api_etl_virtualenv.py took 0.018 seconds
[2022-08-08 23:56:28,368] {processor.py:153} INFO - Started process (PID=10051) to work on /home/renan/datapipeline/.env/lib/python3.8/site-packages/airflow/example_dags/tutorial_taskflow_api_etl_virtualenv.py
[2022-08-08 23:56:28,368] {processor.py:641} INFO - Processing file /home/renan/datapipeline/.env/lib/python3.8/site-packages/airflow/example_dags/tutorial_taskflow_api_etl_virtualenv.py for tasks to queue
[2022-08-08 23:56:28,369] {logging_mixin.py:115} INFO - [2022-08-08 23:56:28,368] {dagbag.py:508} INFO - Filling up the DagBag from /home/renan/datapipeline/.env/lib/python3.8/site-packages/airflow/example_dags/tutorial_taskflow_api_etl_virtualenv.py
[2022-08-08 23:56:28,378] {logging_mixin.py:115} INFO - [2022-08-08 23:56:28,378] {tutorial_taskflow_api_etl_virtualenv.py:29} WARNING - The tutorial_taskflow_api_etl_virtualenv example DAG requires virtualenv, please install it.
[2022-08-08 23:56:28,378] {processor.py:653} WARNING - No viable dags retrieved from /home/renan/datapipeline/.env/lib/python3.8/site-packages/airflow/example_dags/tutorial_taskflow_api_etl_virtualenv.py
[2022-08-08 23:56:28,383] {processor.py:161} INFO - Processing /home/renan/datapipeline/.env/lib/python3.8/site-packages/airflow/example_dags/tutorial_taskflow_api_etl_virtualenv.py took 0.017 seconds
[2022-08-08 23:57:01,227] {processor.py:153} INFO - Started process (PID=10085) to work on /home/renan/datapipeline/.env/lib/python3.8/site-packages/airflow/example_dags/tutorial_taskflow_api_etl_virtualenv.py
[2022-08-08 23:57:01,228] {processor.py:641} INFO - Processing file /home/renan/datapipeline/.env/lib/python3.8/site-packages/airflow/example_dags/tutorial_taskflow_api_etl_virtualenv.py for tasks to queue
[2022-08-08 23:57:01,228] {logging_mixin.py:115} INFO - [2022-08-08 23:57:01,228] {dagbag.py:508} INFO - Filling up the DagBag from /home/renan/datapipeline/.env/lib/python3.8/site-packages/airflow/example_dags/tutorial_taskflow_api_etl_virtualenv.py
[2022-08-08 23:57:01,239] {logging_mixin.py:115} INFO - [2022-08-08 23:57:01,239] {tutorial_taskflow_api_etl_virtualenv.py:29} WARNING - The tutorial_taskflow_api_etl_virtualenv example DAG requires virtualenv, please install it.
[2022-08-08 23:57:01,239] {processor.py:653} WARNING - No viable dags retrieved from /home/renan/datapipeline/.env/lib/python3.8/site-packages/airflow/example_dags/tutorial_taskflow_api_etl_virtualenv.py
[2022-08-08 23:57:01,245] {processor.py:161} INFO - Processing /home/renan/datapipeline/.env/lib/python3.8/site-packages/airflow/example_dags/tutorial_taskflow_api_etl_virtualenv.py took 0.019 seconds
[2022-08-08 23:57:51,488] {processor.py:153} INFO - Started process (PID=10134) to work on /home/renan/datapipeline/.env/lib/python3.8/site-packages/airflow/example_dags/tutorial_taskflow_api_etl_virtualenv.py
[2022-08-08 23:57:51,488] {processor.py:641} INFO - Processing file /home/renan/datapipeline/.env/lib/python3.8/site-packages/airflow/example_dags/tutorial_taskflow_api_etl_virtualenv.py for tasks to queue
[2022-08-08 23:57:51,489] {logging_mixin.py:115} INFO - [2022-08-08 23:57:51,489] {dagbag.py:508} INFO - Filling up the DagBag from /home/renan/datapipeline/.env/lib/python3.8/site-packages/airflow/example_dags/tutorial_taskflow_api_etl_virtualenv.py
[2022-08-08 23:57:51,496] {logging_mixin.py:115} INFO - [2022-08-08 23:57:51,496] {tutorial_taskflow_api_etl_virtualenv.py:29} WARNING - The tutorial_taskflow_api_etl_virtualenv example DAG requires virtualenv, please install it.
[2022-08-08 23:57:51,496] {processor.py:653} WARNING - No viable dags retrieved from /home/renan/datapipeline/.env/lib/python3.8/site-packages/airflow/example_dags/tutorial_taskflow_api_etl_virtualenv.py
[2022-08-08 23:57:51,503] {processor.py:161} INFO - Processing /home/renan/datapipeline/.env/lib/python3.8/site-packages/airflow/example_dags/tutorial_taskflow_api_etl_virtualenv.py took 0.016 seconds
[2022-08-08 23:59:08,651] {processor.py:153} INFO - Started process (PID=10231) to work on /home/renan/datapipeline/.env/lib/python3.8/site-packages/airflow/example_dags/tutorial_taskflow_api_etl_virtualenv.py
[2022-08-08 23:59:08,656] {processor.py:641} INFO - Processing file /home/renan/datapipeline/.env/lib/python3.8/site-packages/airflow/example_dags/tutorial_taskflow_api_etl_virtualenv.py for tasks to queue
[2022-08-08 23:59:08,657] {logging_mixin.py:115} INFO - [2022-08-08 23:59:08,657] {dagbag.py:508} INFO - Filling up the DagBag from /home/renan/datapipeline/.env/lib/python3.8/site-packages/airflow/example_dags/tutorial_taskflow_api_etl_virtualenv.py
[2022-08-08 23:59:08,664] {logging_mixin.py:115} INFO - [2022-08-08 23:59:08,664] {tutorial_taskflow_api_etl_virtualenv.py:29} WARNING - The tutorial_taskflow_api_etl_virtualenv example DAG requires virtualenv, please install it.
[2022-08-08 23:59:08,664] {processor.py:653} WARNING - No viable dags retrieved from /home/renan/datapipeline/.env/lib/python3.8/site-packages/airflow/example_dags/tutorial_taskflow_api_etl_virtualenv.py
[2022-08-08 23:59:08,671] {processor.py:161} INFO - Processing /home/renan/datapipeline/.env/lib/python3.8/site-packages/airflow/example_dags/tutorial_taskflow_api_etl_virtualenv.py took 0.021 seconds
[2022-08-08 23:59:40,431] {processor.py:153} INFO - Started process (PID=10291) to work on /home/renan/datapipeline/.env/lib/python3.8/site-packages/airflow/example_dags/tutorial_taskflow_api_etl_virtualenv.py
[2022-08-08 23:59:40,432] {processor.py:641} INFO - Processing file /home/renan/datapipeline/.env/lib/python3.8/site-packages/airflow/example_dags/tutorial_taskflow_api_etl_virtualenv.py for tasks to queue
[2022-08-08 23:59:40,432] {logging_mixin.py:115} INFO - [2022-08-08 23:59:40,432] {dagbag.py:508} INFO - Filling up the DagBag from /home/renan/datapipeline/.env/lib/python3.8/site-packages/airflow/example_dags/tutorial_taskflow_api_etl_virtualenv.py
[2022-08-08 23:59:40,441] {logging_mixin.py:115} INFO - [2022-08-08 23:59:40,441] {tutorial_taskflow_api_etl_virtualenv.py:29} WARNING - The tutorial_taskflow_api_etl_virtualenv example DAG requires virtualenv, please install it.
[2022-08-08 23:59:40,442] {processor.py:653} WARNING - No viable dags retrieved from /home/renan/datapipeline/.env/lib/python3.8/site-packages/airflow/example_dags/tutorial_taskflow_api_etl_virtualenv.py
[2022-08-08 23:59:40,449] {processor.py:161} INFO - Processing /home/renan/datapipeline/.env/lib/python3.8/site-packages/airflow/example_dags/tutorial_taskflow_api_etl_virtualenv.py took 0.020 seconds
[2022-08-09 00:00:14,118] {processor.py:153} INFO - Started process (PID=10362) to work on /home/renan/datapipeline/.env/lib/python3.8/site-packages/airflow/example_dags/tutorial_taskflow_api_etl_virtualenv.py
[2022-08-09 00:00:14,119] {processor.py:641} INFO - Processing file /home/renan/datapipeline/.env/lib/python3.8/site-packages/airflow/example_dags/tutorial_taskflow_api_etl_virtualenv.py for tasks to queue
[2022-08-09 00:00:14,119] {logging_mixin.py:115} INFO - [2022-08-09 00:00:14,119] {dagbag.py:508} INFO - Filling up the DagBag from /home/renan/datapipeline/.env/lib/python3.8/site-packages/airflow/example_dags/tutorial_taskflow_api_etl_virtualenv.py
[2022-08-09 00:00:14,127] {logging_mixin.py:115} INFO - [2022-08-09 00:00:14,127] {tutorial_taskflow_api_etl_virtualenv.py:29} WARNING - The tutorial_taskflow_api_etl_virtualenv example DAG requires virtualenv, please install it.
[2022-08-09 00:00:14,127] {processor.py:653} WARNING - No viable dags retrieved from /home/renan/datapipeline/.env/lib/python3.8/site-packages/airflow/example_dags/tutorial_taskflow_api_etl_virtualenv.py
[2022-08-09 00:00:14,134] {processor.py:161} INFO - Processing /home/renan/datapipeline/.env/lib/python3.8/site-packages/airflow/example_dags/tutorial_taskflow_api_etl_virtualenv.py took 0.018 seconds
[2022-08-09 00:00:44,868] {processor.py:153} INFO - Started process (PID=10406) to work on /home/renan/datapipeline/.env/lib/python3.8/site-packages/airflow/example_dags/tutorial_taskflow_api_etl_virtualenv.py
[2022-08-09 00:00:44,868] {processor.py:641} INFO - Processing file /home/renan/datapipeline/.env/lib/python3.8/site-packages/airflow/example_dags/tutorial_taskflow_api_etl_virtualenv.py for tasks to queue
[2022-08-09 00:00:44,869] {logging_mixin.py:115} INFO - [2022-08-09 00:00:44,869] {dagbag.py:508} INFO - Filling up the DagBag from /home/renan/datapipeline/.env/lib/python3.8/site-packages/airflow/example_dags/tutorial_taskflow_api_etl_virtualenv.py
[2022-08-09 00:00:44,876] {logging_mixin.py:115} INFO - [2022-08-09 00:00:44,876] {tutorial_taskflow_api_etl_virtualenv.py:29} WARNING - The tutorial_taskflow_api_etl_virtualenv example DAG requires virtualenv, please install it.
[2022-08-09 00:00:44,877] {processor.py:653} WARNING - No viable dags retrieved from /home/renan/datapipeline/.env/lib/python3.8/site-packages/airflow/example_dags/tutorial_taskflow_api_etl_virtualenv.py
[2022-08-09 00:00:44,884] {processor.py:161} INFO - Processing /home/renan/datapipeline/.env/lib/python3.8/site-packages/airflow/example_dags/tutorial_taskflow_api_etl_virtualenv.py took 0.017 seconds
[2022-08-09 00:01:17,942] {processor.py:153} INFO - Started process (PID=10452) to work on /home/renan/datapipeline/.env/lib/python3.8/site-packages/airflow/example_dags/tutorial_taskflow_api_etl_virtualenv.py
[2022-08-09 00:01:17,942] {processor.py:641} INFO - Processing file /home/renan/datapipeline/.env/lib/python3.8/site-packages/airflow/example_dags/tutorial_taskflow_api_etl_virtualenv.py for tasks to queue
[2022-08-09 00:01:17,942] {logging_mixin.py:115} INFO - [2022-08-09 00:01:17,942] {dagbag.py:508} INFO - Filling up the DagBag from /home/renan/datapipeline/.env/lib/python3.8/site-packages/airflow/example_dags/tutorial_taskflow_api_etl_virtualenv.py
[2022-08-09 00:01:17,950] {logging_mixin.py:115} INFO - [2022-08-09 00:01:17,950] {tutorial_taskflow_api_etl_virtualenv.py:29} WARNING - The tutorial_taskflow_api_etl_virtualenv example DAG requires virtualenv, please install it.
[2022-08-09 00:01:17,951] {processor.py:653} WARNING - No viable dags retrieved from /home/renan/datapipeline/.env/lib/python3.8/site-packages/airflow/example_dags/tutorial_taskflow_api_etl_virtualenv.py
[2022-08-09 00:01:17,958] {processor.py:161} INFO - Processing /home/renan/datapipeline/.env/lib/python3.8/site-packages/airflow/example_dags/tutorial_taskflow_api_etl_virtualenv.py took 0.018 seconds
[2022-08-09 00:01:51,623] {processor.py:153} INFO - Started process (PID=10489) to work on /home/renan/datapipeline/.env/lib/python3.8/site-packages/airflow/example_dags/tutorial_taskflow_api_etl_virtualenv.py
[2022-08-09 00:01:51,623] {processor.py:641} INFO - Processing file /home/renan/datapipeline/.env/lib/python3.8/site-packages/airflow/example_dags/tutorial_taskflow_api_etl_virtualenv.py for tasks to queue
[2022-08-09 00:01:51,624] {logging_mixin.py:115} INFO - [2022-08-09 00:01:51,624] {dagbag.py:508} INFO - Filling up the DagBag from /home/renan/datapipeline/.env/lib/python3.8/site-packages/airflow/example_dags/tutorial_taskflow_api_etl_virtualenv.py
[2022-08-09 00:01:51,632] {logging_mixin.py:115} INFO - [2022-08-09 00:01:51,632] {tutorial_taskflow_api_etl_virtualenv.py:29} WARNING - The tutorial_taskflow_api_etl_virtualenv example DAG requires virtualenv, please install it.
[2022-08-09 00:01:51,632] {processor.py:653} WARNING - No viable dags retrieved from /home/renan/datapipeline/.env/lib/python3.8/site-packages/airflow/example_dags/tutorial_taskflow_api_etl_virtualenv.py
[2022-08-09 00:01:51,641] {processor.py:161} INFO - Processing /home/renan/datapipeline/.env/lib/python3.8/site-packages/airflow/example_dags/tutorial_taskflow_api_etl_virtualenv.py took 0.020 seconds
[2022-08-09 00:02:24,025] {processor.py:153} INFO - Started process (PID=10532) to work on /home/renan/datapipeline/.env/lib/python3.8/site-packages/airflow/example_dags/tutorial_taskflow_api_etl_virtualenv.py
[2022-08-09 00:02:24,026] {processor.py:641} INFO - Processing file /home/renan/datapipeline/.env/lib/python3.8/site-packages/airflow/example_dags/tutorial_taskflow_api_etl_virtualenv.py for tasks to queue
[2022-08-09 00:02:24,026] {logging_mixin.py:115} INFO - [2022-08-09 00:02:24,026] {dagbag.py:508} INFO - Filling up the DagBag from /home/renan/datapipeline/.env/lib/python3.8/site-packages/airflow/example_dags/tutorial_taskflow_api_etl_virtualenv.py
[2022-08-09 00:02:24,035] {logging_mixin.py:115} INFO - [2022-08-09 00:02:24,035] {tutorial_taskflow_api_etl_virtualenv.py:29} WARNING - The tutorial_taskflow_api_etl_virtualenv example DAG requires virtualenv, please install it.
[2022-08-09 00:02:24,035] {processor.py:653} WARNING - No viable dags retrieved from /home/renan/datapipeline/.env/lib/python3.8/site-packages/airflow/example_dags/tutorial_taskflow_api_etl_virtualenv.py
[2022-08-09 00:02:24,042] {processor.py:161} INFO - Processing /home/renan/datapipeline/.env/lib/python3.8/site-packages/airflow/example_dags/tutorial_taskflow_api_etl_virtualenv.py took 0.019 seconds
[2022-08-09 00:02:55,411] {processor.py:153} INFO - Started process (PID=10572) to work on /home/renan/datapipeline/.env/lib/python3.8/site-packages/airflow/example_dags/tutorial_taskflow_api_etl_virtualenv.py
[2022-08-09 00:02:55,411] {processor.py:641} INFO - Processing file /home/renan/datapipeline/.env/lib/python3.8/site-packages/airflow/example_dags/tutorial_taskflow_api_etl_virtualenv.py for tasks to queue
[2022-08-09 00:02:55,411] {logging_mixin.py:115} INFO - [2022-08-09 00:02:55,411] {dagbag.py:508} INFO - Filling up the DagBag from /home/renan/datapipeline/.env/lib/python3.8/site-packages/airflow/example_dags/tutorial_taskflow_api_etl_virtualenv.py
[2022-08-09 00:02:55,420] {logging_mixin.py:115} INFO - [2022-08-09 00:02:55,420] {tutorial_taskflow_api_etl_virtualenv.py:29} WARNING - The tutorial_taskflow_api_etl_virtualenv example DAG requires virtualenv, please install it.
[2022-08-09 00:02:55,420] {processor.py:653} WARNING - No viable dags retrieved from /home/renan/datapipeline/.env/lib/python3.8/site-packages/airflow/example_dags/tutorial_taskflow_api_etl_virtualenv.py
[2022-08-09 00:02:55,432] {processor.py:161} INFO - Processing /home/renan/datapipeline/.env/lib/python3.8/site-packages/airflow/example_dags/tutorial_taskflow_api_etl_virtualenv.py took 0.023 seconds
[2022-08-09 00:03:27,921] {processor.py:153} INFO - Started process (PID=10611) to work on /home/renan/datapipeline/.env/lib/python3.8/site-packages/airflow/example_dags/tutorial_taskflow_api_etl_virtualenv.py
[2022-08-09 00:03:27,921] {processor.py:641} INFO - Processing file /home/renan/datapipeline/.env/lib/python3.8/site-packages/airflow/example_dags/tutorial_taskflow_api_etl_virtualenv.py for tasks to queue
[2022-08-09 00:03:27,922] {logging_mixin.py:115} INFO - [2022-08-09 00:03:27,922] {dagbag.py:508} INFO - Filling up the DagBag from /home/renan/datapipeline/.env/lib/python3.8/site-packages/airflow/example_dags/tutorial_taskflow_api_etl_virtualenv.py
[2022-08-09 00:03:27,930] {logging_mixin.py:115} INFO - [2022-08-09 00:03:27,930] {tutorial_taskflow_api_etl_virtualenv.py:29} WARNING - The tutorial_taskflow_api_etl_virtualenv example DAG requires virtualenv, please install it.
[2022-08-09 00:03:27,930] {processor.py:653} WARNING - No viable dags retrieved from /home/renan/datapipeline/.env/lib/python3.8/site-packages/airflow/example_dags/tutorial_taskflow_api_etl_virtualenv.py
[2022-08-09 00:03:27,937] {processor.py:161} INFO - Processing /home/renan/datapipeline/.env/lib/python3.8/site-packages/airflow/example_dags/tutorial_taskflow_api_etl_virtualenv.py took 0.018 seconds
[2022-08-09 00:03:58,109] {processor.py:153} INFO - Started process (PID=10652) to work on /home/renan/datapipeline/.env/lib/python3.8/site-packages/airflow/example_dags/tutorial_taskflow_api_etl_virtualenv.py
[2022-08-09 00:03:58,109] {processor.py:641} INFO - Processing file /home/renan/datapipeline/.env/lib/python3.8/site-packages/airflow/example_dags/tutorial_taskflow_api_etl_virtualenv.py for tasks to queue
[2022-08-09 00:03:58,109] {logging_mixin.py:115} INFO - [2022-08-09 00:03:58,109] {dagbag.py:508} INFO - Filling up the DagBag from /home/renan/datapipeline/.env/lib/python3.8/site-packages/airflow/example_dags/tutorial_taskflow_api_etl_virtualenv.py
[2022-08-09 00:03:58,117] {logging_mixin.py:115} INFO - [2022-08-09 00:03:58,117] {tutorial_taskflow_api_etl_virtualenv.py:29} WARNING - The tutorial_taskflow_api_etl_virtualenv example DAG requires virtualenv, please install it.
[2022-08-09 00:03:58,117] {processor.py:653} WARNING - No viable dags retrieved from /home/renan/datapipeline/.env/lib/python3.8/site-packages/airflow/example_dags/tutorial_taskflow_api_etl_virtualenv.py
[2022-08-09 00:03:58,124] {processor.py:161} INFO - Processing /home/renan/datapipeline/.env/lib/python3.8/site-packages/airflow/example_dags/tutorial_taskflow_api_etl_virtualenv.py took 0.017 seconds
[2022-08-09 00:04:30,023] {processor.py:153} INFO - Started process (PID=10685) to work on /home/renan/datapipeline/.env/lib/python3.8/site-packages/airflow/example_dags/tutorial_taskflow_api_etl_virtualenv.py
[2022-08-09 00:04:30,023] {processor.py:641} INFO - Processing file /home/renan/datapipeline/.env/lib/python3.8/site-packages/airflow/example_dags/tutorial_taskflow_api_etl_virtualenv.py for tasks to queue
[2022-08-09 00:04:30,024] {logging_mixin.py:115} INFO - [2022-08-09 00:04:30,024] {dagbag.py:508} INFO - Filling up the DagBag from /home/renan/datapipeline/.env/lib/python3.8/site-packages/airflow/example_dags/tutorial_taskflow_api_etl_virtualenv.py
[2022-08-09 00:04:30,033] {logging_mixin.py:115} INFO - [2022-08-09 00:04:30,033] {tutorial_taskflow_api_etl_virtualenv.py:29} WARNING - The tutorial_taskflow_api_etl_virtualenv example DAG requires virtualenv, please install it.
[2022-08-09 00:04:30,033] {processor.py:653} WARNING - No viable dags retrieved from /home/renan/datapipeline/.env/lib/python3.8/site-packages/airflow/example_dags/tutorial_taskflow_api_etl_virtualenv.py
[2022-08-09 00:04:30,038] {processor.py:161} INFO - Processing /home/renan/datapipeline/.env/lib/python3.8/site-packages/airflow/example_dags/tutorial_taskflow_api_etl_virtualenv.py took 0.017 seconds
[2022-08-09 00:05:02,883] {processor.py:153} INFO - Started process (PID=10744) to work on /home/renan/datapipeline/.env/lib/python3.8/site-packages/airflow/example_dags/tutorial_taskflow_api_etl_virtualenv.py
[2022-08-09 00:05:02,884] {processor.py:641} INFO - Processing file /home/renan/datapipeline/.env/lib/python3.8/site-packages/airflow/example_dags/tutorial_taskflow_api_etl_virtualenv.py for tasks to queue
[2022-08-09 00:05:02,885] {logging_mixin.py:115} INFO - [2022-08-09 00:05:02,885] {dagbag.py:508} INFO - Filling up the DagBag from /home/renan/datapipeline/.env/lib/python3.8/site-packages/airflow/example_dags/tutorial_taskflow_api_etl_virtualenv.py
[2022-08-09 00:05:02,895] {logging_mixin.py:115} INFO - [2022-08-09 00:05:02,895] {tutorial_taskflow_api_etl_virtualenv.py:29} WARNING - The tutorial_taskflow_api_etl_virtualenv example DAG requires virtualenv, please install it.
[2022-08-09 00:05:02,895] {processor.py:653} WARNING - No viable dags retrieved from /home/renan/datapipeline/.env/lib/python3.8/site-packages/airflow/example_dags/tutorial_taskflow_api_etl_virtualenv.py
[2022-08-09 00:05:02,901] {processor.py:161} INFO - Processing /home/renan/datapipeline/.env/lib/python3.8/site-packages/airflow/example_dags/tutorial_taskflow_api_etl_virtualenv.py took 0.019 seconds
[2022-08-09 00:05:35,597] {processor.py:153} INFO - Started process (PID=10784) to work on /home/renan/datapipeline/.env/lib/python3.8/site-packages/airflow/example_dags/tutorial_taskflow_api_etl_virtualenv.py
[2022-08-09 00:05:35,597] {processor.py:641} INFO - Processing file /home/renan/datapipeline/.env/lib/python3.8/site-packages/airflow/example_dags/tutorial_taskflow_api_etl_virtualenv.py for tasks to queue
[2022-08-09 00:05:35,597] {logging_mixin.py:115} INFO - [2022-08-09 00:05:35,597] {dagbag.py:508} INFO - Filling up the DagBag from /home/renan/datapipeline/.env/lib/python3.8/site-packages/airflow/example_dags/tutorial_taskflow_api_etl_virtualenv.py
[2022-08-09 00:05:35,607] {logging_mixin.py:115} INFO - [2022-08-09 00:05:35,607] {tutorial_taskflow_api_etl_virtualenv.py:29} WARNING - The tutorial_taskflow_api_etl_virtualenv example DAG requires virtualenv, please install it.
[2022-08-09 00:05:35,607] {processor.py:653} WARNING - No viable dags retrieved from /home/renan/datapipeline/.env/lib/python3.8/site-packages/airflow/example_dags/tutorial_taskflow_api_etl_virtualenv.py
[2022-08-09 00:05:35,612] {processor.py:161} INFO - Processing /home/renan/datapipeline/.env/lib/python3.8/site-packages/airflow/example_dags/tutorial_taskflow_api_etl_virtualenv.py took 0.017 seconds
[2022-08-09 00:06:07,487] {processor.py:153} INFO - Started process (PID=10818) to work on /home/renan/datapipeline/.env/lib/python3.8/site-packages/airflow/example_dags/tutorial_taskflow_api_etl_virtualenv.py
[2022-08-09 00:06:07,487] {processor.py:641} INFO - Processing file /home/renan/datapipeline/.env/lib/python3.8/site-packages/airflow/example_dags/tutorial_taskflow_api_etl_virtualenv.py for tasks to queue
[2022-08-09 00:06:07,488] {logging_mixin.py:115} INFO - [2022-08-09 00:06:07,488] {dagbag.py:508} INFO - Filling up the DagBag from /home/renan/datapipeline/.env/lib/python3.8/site-packages/airflow/example_dags/tutorial_taskflow_api_etl_virtualenv.py
[2022-08-09 00:06:07,497] {logging_mixin.py:115} INFO - [2022-08-09 00:06:07,497] {tutorial_taskflow_api_etl_virtualenv.py:29} WARNING - The tutorial_taskflow_api_etl_virtualenv example DAG requires virtualenv, please install it.
[2022-08-09 00:06:07,497] {processor.py:653} WARNING - No viable dags retrieved from /home/renan/datapipeline/.env/lib/python3.8/site-packages/airflow/example_dags/tutorial_taskflow_api_etl_virtualenv.py
[2022-08-09 00:06:07,502] {processor.py:161} INFO - Processing /home/renan/datapipeline/.env/lib/python3.8/site-packages/airflow/example_dags/tutorial_taskflow_api_etl_virtualenv.py took 0.017 seconds
[2022-08-09 00:06:38,908] {processor.py:153} INFO - Started process (PID=10866) to work on /home/renan/datapipeline/.env/lib/python3.8/site-packages/airflow/example_dags/tutorial_taskflow_api_etl_virtualenv.py
[2022-08-09 00:06:38,908] {processor.py:641} INFO - Processing file /home/renan/datapipeline/.env/lib/python3.8/site-packages/airflow/example_dags/tutorial_taskflow_api_etl_virtualenv.py for tasks to queue
[2022-08-09 00:06:38,908] {logging_mixin.py:115} INFO - [2022-08-09 00:06:38,908] {dagbag.py:508} INFO - Filling up the DagBag from /home/renan/datapipeline/.env/lib/python3.8/site-packages/airflow/example_dags/tutorial_taskflow_api_etl_virtualenv.py
[2022-08-09 00:06:38,918] {logging_mixin.py:115} INFO - [2022-08-09 00:06:38,918] {tutorial_taskflow_api_etl_virtualenv.py:29} WARNING - The tutorial_taskflow_api_etl_virtualenv example DAG requires virtualenv, please install it.
[2022-08-09 00:06:38,918] {processor.py:653} WARNING - No viable dags retrieved from /home/renan/datapipeline/.env/lib/python3.8/site-packages/airflow/example_dags/tutorial_taskflow_api_etl_virtualenv.py
[2022-08-09 00:06:38,924] {processor.py:161} INFO - Processing /home/renan/datapipeline/.env/lib/python3.8/site-packages/airflow/example_dags/tutorial_taskflow_api_etl_virtualenv.py took 0.018 seconds
[2022-08-09 00:07:09,043] {processor.py:153} INFO - Started process (PID=10912) to work on /home/renan/datapipeline/.env/lib/python3.8/site-packages/airflow/example_dags/tutorial_taskflow_api_etl_virtualenv.py
[2022-08-09 00:07:09,043] {processor.py:641} INFO - Processing file /home/renan/datapipeline/.env/lib/python3.8/site-packages/airflow/example_dags/tutorial_taskflow_api_etl_virtualenv.py for tasks to queue
[2022-08-09 00:07:09,043] {logging_mixin.py:115} INFO - [2022-08-09 00:07:09,043] {dagbag.py:508} INFO - Filling up the DagBag from /home/renan/datapipeline/.env/lib/python3.8/site-packages/airflow/example_dags/tutorial_taskflow_api_etl_virtualenv.py
[2022-08-09 00:07:09,054] {logging_mixin.py:115} INFO - [2022-08-09 00:07:09,054] {tutorial_taskflow_api_etl_virtualenv.py:29} WARNING - The tutorial_taskflow_api_etl_virtualenv example DAG requires virtualenv, please install it.
[2022-08-09 00:07:09,054] {processor.py:653} WARNING - No viable dags retrieved from /home/renan/datapipeline/.env/lib/python3.8/site-packages/airflow/example_dags/tutorial_taskflow_api_etl_virtualenv.py
[2022-08-09 00:07:09,060] {processor.py:161} INFO - Processing /home/renan/datapipeline/.env/lib/python3.8/site-packages/airflow/example_dags/tutorial_taskflow_api_etl_virtualenv.py took 0.019 seconds
[2022-08-09 00:07:41,339] {processor.py:153} INFO - Started process (PID=10951) to work on /home/renan/datapipeline/.env/lib/python3.8/site-packages/airflow/example_dags/tutorial_taskflow_api_etl_virtualenv.py
[2022-08-09 00:07:41,340] {processor.py:641} INFO - Processing file /home/renan/datapipeline/.env/lib/python3.8/site-packages/airflow/example_dags/tutorial_taskflow_api_etl_virtualenv.py for tasks to queue
[2022-08-09 00:07:41,341] {logging_mixin.py:115} INFO - [2022-08-09 00:07:41,341] {dagbag.py:508} INFO - Filling up the DagBag from /home/renan/datapipeline/.env/lib/python3.8/site-packages/airflow/example_dags/tutorial_taskflow_api_etl_virtualenv.py
[2022-08-09 00:07:41,353] {logging_mixin.py:115} INFO - [2022-08-09 00:07:41,353] {tutorial_taskflow_api_etl_virtualenv.py:29} WARNING - The tutorial_taskflow_api_etl_virtualenv example DAG requires virtualenv, please install it.
[2022-08-09 00:07:41,353] {processor.py:653} WARNING - No viable dags retrieved from /home/renan/datapipeline/.env/lib/python3.8/site-packages/airflow/example_dags/tutorial_taskflow_api_etl_virtualenv.py
[2022-08-09 00:07:41,359] {processor.py:161} INFO - Processing /home/renan/datapipeline/.env/lib/python3.8/site-packages/airflow/example_dags/tutorial_taskflow_api_etl_virtualenv.py took 0.022 seconds
[2022-08-09 00:08:12,798] {processor.py:153} INFO - Started process (PID=10984) to work on /home/renan/datapipeline/.env/lib/python3.8/site-packages/airflow/example_dags/tutorial_taskflow_api_etl_virtualenv.py
[2022-08-09 00:08:12,798] {processor.py:641} INFO - Processing file /home/renan/datapipeline/.env/lib/python3.8/site-packages/airflow/example_dags/tutorial_taskflow_api_etl_virtualenv.py for tasks to queue
[2022-08-09 00:08:12,798] {logging_mixin.py:115} INFO - [2022-08-09 00:08:12,798] {dagbag.py:508} INFO - Filling up the DagBag from /home/renan/datapipeline/.env/lib/python3.8/site-packages/airflow/example_dags/tutorial_taskflow_api_etl_virtualenv.py
[2022-08-09 00:08:12,808] {logging_mixin.py:115} INFO - [2022-08-09 00:08:12,808] {tutorial_taskflow_api_etl_virtualenv.py:29} WARNING - The tutorial_taskflow_api_etl_virtualenv example DAG requires virtualenv, please install it.
[2022-08-09 00:08:12,808] {processor.py:653} WARNING - No viable dags retrieved from /home/renan/datapipeline/.env/lib/python3.8/site-packages/airflow/example_dags/tutorial_taskflow_api_etl_virtualenv.py
[2022-08-09 00:08:12,814] {processor.py:161} INFO - Processing /home/renan/datapipeline/.env/lib/python3.8/site-packages/airflow/example_dags/tutorial_taskflow_api_etl_virtualenv.py took 0.017 seconds
[2022-08-09 00:08:45,312] {processor.py:153} INFO - Started process (PID=11021) to work on /home/renan/datapipeline/.env/lib/python3.8/site-packages/airflow/example_dags/tutorial_taskflow_api_etl_virtualenv.py
[2022-08-09 00:08:45,313] {processor.py:641} INFO - Processing file /home/renan/datapipeline/.env/lib/python3.8/site-packages/airflow/example_dags/tutorial_taskflow_api_etl_virtualenv.py for tasks to queue
[2022-08-09 00:08:45,313] {logging_mixin.py:115} INFO - [2022-08-09 00:08:45,313] {dagbag.py:508} INFO - Filling up the DagBag from /home/renan/datapipeline/.env/lib/python3.8/site-packages/airflow/example_dags/tutorial_taskflow_api_etl_virtualenv.py
[2022-08-09 00:08:45,322] {logging_mixin.py:115} INFO - [2022-08-09 00:08:45,322] {tutorial_taskflow_api_etl_virtualenv.py:29} WARNING - The tutorial_taskflow_api_etl_virtualenv example DAG requires virtualenv, please install it.
[2022-08-09 00:08:45,322] {processor.py:653} WARNING - No viable dags retrieved from /home/renan/datapipeline/.env/lib/python3.8/site-packages/airflow/example_dags/tutorial_taskflow_api_etl_virtualenv.py
[2022-08-09 00:08:45,328] {processor.py:161} INFO - Processing /home/renan/datapipeline/.env/lib/python3.8/site-packages/airflow/example_dags/tutorial_taskflow_api_etl_virtualenv.py took 0.017 seconds
[2022-08-09 00:09:19,001] {processor.py:153} INFO - Started process (PID=11055) to work on /home/renan/datapipeline/.env/lib/python3.8/site-packages/airflow/example_dags/tutorial_taskflow_api_etl_virtualenv.py
[2022-08-09 00:09:19,001] {processor.py:641} INFO - Processing file /home/renan/datapipeline/.env/lib/python3.8/site-packages/airflow/example_dags/tutorial_taskflow_api_etl_virtualenv.py for tasks to queue
[2022-08-09 00:09:19,002] {logging_mixin.py:115} INFO - [2022-08-09 00:09:19,002] {dagbag.py:508} INFO - Filling up the DagBag from /home/renan/datapipeline/.env/lib/python3.8/site-packages/airflow/example_dags/tutorial_taskflow_api_etl_virtualenv.py
[2022-08-09 00:09:19,012] {logging_mixin.py:115} INFO - [2022-08-09 00:09:19,012] {tutorial_taskflow_api_etl_virtualenv.py:29} WARNING - The tutorial_taskflow_api_etl_virtualenv example DAG requires virtualenv, please install it.
[2022-08-09 00:09:19,012] {processor.py:653} WARNING - No viable dags retrieved from /home/renan/datapipeline/.env/lib/python3.8/site-packages/airflow/example_dags/tutorial_taskflow_api_etl_virtualenv.py
[2022-08-09 00:09:19,018] {processor.py:161} INFO - Processing /home/renan/datapipeline/.env/lib/python3.8/site-packages/airflow/example_dags/tutorial_taskflow_api_etl_virtualenv.py took 0.019 seconds
[2022-08-09 00:09:50,896] {processor.py:153} INFO - Started process (PID=11090) to work on /home/renan/datapipeline/.env/lib/python3.8/site-packages/airflow/example_dags/tutorial_taskflow_api_etl_virtualenv.py
[2022-08-09 00:09:50,896] {processor.py:641} INFO - Processing file /home/renan/datapipeline/.env/lib/python3.8/site-packages/airflow/example_dags/tutorial_taskflow_api_etl_virtualenv.py for tasks to queue
[2022-08-09 00:09:50,896] {logging_mixin.py:115} INFO - [2022-08-09 00:09:50,896] {dagbag.py:508} INFO - Filling up the DagBag from /home/renan/datapipeline/.env/lib/python3.8/site-packages/airflow/example_dags/tutorial_taskflow_api_etl_virtualenv.py
[2022-08-09 00:09:50,906] {logging_mixin.py:115} INFO - [2022-08-09 00:09:50,906] {tutorial_taskflow_api_etl_virtualenv.py:29} WARNING - The tutorial_taskflow_api_etl_virtualenv example DAG requires virtualenv, please install it.
[2022-08-09 00:09:50,906] {processor.py:653} WARNING - No viable dags retrieved from /home/renan/datapipeline/.env/lib/python3.8/site-packages/airflow/example_dags/tutorial_taskflow_api_etl_virtualenv.py
[2022-08-09 00:09:50,911] {processor.py:161} INFO - Processing /home/renan/datapipeline/.env/lib/python3.8/site-packages/airflow/example_dags/tutorial_taskflow_api_etl_virtualenv.py took 0.017 seconds
[2022-08-09 00:10:24,568] {processor.py:153} INFO - Started process (PID=11130) to work on /home/renan/datapipeline/.env/lib/python3.8/site-packages/airflow/example_dags/tutorial_taskflow_api_etl_virtualenv.py
[2022-08-09 00:10:24,569] {processor.py:641} INFO - Processing file /home/renan/datapipeline/.env/lib/python3.8/site-packages/airflow/example_dags/tutorial_taskflow_api_etl_virtualenv.py for tasks to queue
[2022-08-09 00:10:24,569] {logging_mixin.py:115} INFO - [2022-08-09 00:10:24,569] {dagbag.py:508} INFO - Filling up the DagBag from /home/renan/datapipeline/.env/lib/python3.8/site-packages/airflow/example_dags/tutorial_taskflow_api_etl_virtualenv.py
[2022-08-09 00:10:24,578] {logging_mixin.py:115} INFO - [2022-08-09 00:10:24,578] {tutorial_taskflow_api_etl_virtualenv.py:29} WARNING - The tutorial_taskflow_api_etl_virtualenv example DAG requires virtualenv, please install it.
[2022-08-09 00:10:24,578] {processor.py:653} WARNING - No viable dags retrieved from /home/renan/datapipeline/.env/lib/python3.8/site-packages/airflow/example_dags/tutorial_taskflow_api_etl_virtualenv.py
[2022-08-09 00:10:24,584] {processor.py:161} INFO - Processing /home/renan/datapipeline/.env/lib/python3.8/site-packages/airflow/example_dags/tutorial_taskflow_api_etl_virtualenv.py took 0.017 seconds
[2022-08-09 00:10:59,063] {processor.py:153} INFO - Started process (PID=11183) to work on /home/renan/datapipeline/.env/lib/python3.8/site-packages/airflow/example_dags/tutorial_taskflow_api_etl_virtualenv.py
[2022-08-09 00:10:59,063] {processor.py:641} INFO - Processing file /home/renan/datapipeline/.env/lib/python3.8/site-packages/airflow/example_dags/tutorial_taskflow_api_etl_virtualenv.py for tasks to queue
[2022-08-09 00:10:59,063] {logging_mixin.py:115} INFO - [2022-08-09 00:10:59,063] {dagbag.py:508} INFO - Filling up the DagBag from /home/renan/datapipeline/.env/lib/python3.8/site-packages/airflow/example_dags/tutorial_taskflow_api_etl_virtualenv.py
[2022-08-09 00:10:59,073] {logging_mixin.py:115} INFO - [2022-08-09 00:10:59,073] {tutorial_taskflow_api_etl_virtualenv.py:29} WARNING - The tutorial_taskflow_api_etl_virtualenv example DAG requires virtualenv, please install it.
[2022-08-09 00:10:59,073] {processor.py:653} WARNING - No viable dags retrieved from /home/renan/datapipeline/.env/lib/python3.8/site-packages/airflow/example_dags/tutorial_taskflow_api_etl_virtualenv.py
[2022-08-09 00:10:59,078] {processor.py:161} INFO - Processing /home/renan/datapipeline/.env/lib/python3.8/site-packages/airflow/example_dags/tutorial_taskflow_api_etl_virtualenv.py took 0.017 seconds
[2022-08-09 00:11:30,364] {processor.py:153} INFO - Started process (PID=11217) to work on /home/renan/datapipeline/.env/lib/python3.8/site-packages/airflow/example_dags/tutorial_taskflow_api_etl_virtualenv.py
[2022-08-09 00:11:30,364] {processor.py:641} INFO - Processing file /home/renan/datapipeline/.env/lib/python3.8/site-packages/airflow/example_dags/tutorial_taskflow_api_etl_virtualenv.py for tasks to queue
[2022-08-09 00:11:30,365] {logging_mixin.py:115} INFO - [2022-08-09 00:11:30,365] {dagbag.py:508} INFO - Filling up the DagBag from /home/renan/datapipeline/.env/lib/python3.8/site-packages/airflow/example_dags/tutorial_taskflow_api_etl_virtualenv.py
[2022-08-09 00:11:30,374] {logging_mixin.py:115} INFO - [2022-08-09 00:11:30,374] {tutorial_taskflow_api_etl_virtualenv.py:29} WARNING - The tutorial_taskflow_api_etl_virtualenv example DAG requires virtualenv, please install it.
[2022-08-09 00:11:30,375] {processor.py:653} WARNING - No viable dags retrieved from /home/renan/datapipeline/.env/lib/python3.8/site-packages/airflow/example_dags/tutorial_taskflow_api_etl_virtualenv.py
[2022-08-09 00:11:30,380] {processor.py:161} INFO - Processing /home/renan/datapipeline/.env/lib/python3.8/site-packages/airflow/example_dags/tutorial_taskflow_api_etl_virtualenv.py took 0.018 seconds
[2022-08-09 00:12:02,060] {processor.py:153} INFO - Started process (PID=11265) to work on /home/renan/datapipeline/.env/lib/python3.8/site-packages/airflow/example_dags/tutorial_taskflow_api_etl_virtualenv.py
[2022-08-09 00:12:02,061] {processor.py:641} INFO - Processing file /home/renan/datapipeline/.env/lib/python3.8/site-packages/airflow/example_dags/tutorial_taskflow_api_etl_virtualenv.py for tasks to queue
[2022-08-09 00:12:02,061] {logging_mixin.py:115} INFO - [2022-08-09 00:12:02,061] {dagbag.py:508} INFO - Filling up the DagBag from /home/renan/datapipeline/.env/lib/python3.8/site-packages/airflow/example_dags/tutorial_taskflow_api_etl_virtualenv.py
[2022-08-09 00:12:02,071] {logging_mixin.py:115} INFO - [2022-08-09 00:12:02,071] {tutorial_taskflow_api_etl_virtualenv.py:29} WARNING - The tutorial_taskflow_api_etl_virtualenv example DAG requires virtualenv, please install it.
[2022-08-09 00:12:02,071] {processor.py:653} WARNING - No viable dags retrieved from /home/renan/datapipeline/.env/lib/python3.8/site-packages/airflow/example_dags/tutorial_taskflow_api_etl_virtualenv.py
[2022-08-09 00:12:02,078] {processor.py:161} INFO - Processing /home/renan/datapipeline/.env/lib/python3.8/site-packages/airflow/example_dags/tutorial_taskflow_api_etl_virtualenv.py took 0.019 seconds
[2022-08-09 00:12:37,996] {processor.py:153} INFO - Started process (PID=11320) to work on /home/renan/datapipeline/.env/lib/python3.8/site-packages/airflow/example_dags/tutorial_taskflow_api_etl_virtualenv.py
[2022-08-09 00:12:37,997] {processor.py:641} INFO - Processing file /home/renan/datapipeline/.env/lib/python3.8/site-packages/airflow/example_dags/tutorial_taskflow_api_etl_virtualenv.py for tasks to queue
[2022-08-09 00:12:37,997] {logging_mixin.py:115} INFO - [2022-08-09 00:12:37,997] {dagbag.py:508} INFO - Filling up the DagBag from /home/renan/datapipeline/.env/lib/python3.8/site-packages/airflow/example_dags/tutorial_taskflow_api_etl_virtualenv.py
[2022-08-09 00:12:38,007] {logging_mixin.py:115} INFO - [2022-08-09 00:12:38,007] {tutorial_taskflow_api_etl_virtualenv.py:29} WARNING - The tutorial_taskflow_api_etl_virtualenv example DAG requires virtualenv, please install it.
[2022-08-09 00:12:38,007] {processor.py:653} WARNING - No viable dags retrieved from /home/renan/datapipeline/.env/lib/python3.8/site-packages/airflow/example_dags/tutorial_taskflow_api_etl_virtualenv.py
[2022-08-09 00:12:38,014] {processor.py:161} INFO - Processing /home/renan/datapipeline/.env/lib/python3.8/site-packages/airflow/example_dags/tutorial_taskflow_api_etl_virtualenv.py took 0.019 seconds
[2022-08-09 00:13:08,746] {processor.py:153} INFO - Started process (PID=11367) to work on /home/renan/datapipeline/.env/lib/python3.8/site-packages/airflow/example_dags/tutorial_taskflow_api_etl_virtualenv.py
[2022-08-09 00:13:08,746] {processor.py:641} INFO - Processing file /home/renan/datapipeline/.env/lib/python3.8/site-packages/airflow/example_dags/tutorial_taskflow_api_etl_virtualenv.py for tasks to queue
[2022-08-09 00:13:08,746] {logging_mixin.py:115} INFO - [2022-08-09 00:13:08,746] {dagbag.py:508} INFO - Filling up the DagBag from /home/renan/datapipeline/.env/lib/python3.8/site-packages/airflow/example_dags/tutorial_taskflow_api_etl_virtualenv.py
[2022-08-09 00:13:08,756] {logging_mixin.py:115} INFO - [2022-08-09 00:13:08,756] {tutorial_taskflow_api_etl_virtualenv.py:29} WARNING - The tutorial_taskflow_api_etl_virtualenv example DAG requires virtualenv, please install it.
[2022-08-09 00:13:08,756] {processor.py:653} WARNING - No viable dags retrieved from /home/renan/datapipeline/.env/lib/python3.8/site-packages/airflow/example_dags/tutorial_taskflow_api_etl_virtualenv.py
[2022-08-09 00:13:08,761] {processor.py:161} INFO - Processing /home/renan/datapipeline/.env/lib/python3.8/site-packages/airflow/example_dags/tutorial_taskflow_api_etl_virtualenv.py took 0.018 seconds
[2022-08-09 00:13:41,830] {processor.py:153} INFO - Started process (PID=11403) to work on /home/renan/datapipeline/.env/lib/python3.8/site-packages/airflow/example_dags/tutorial_taskflow_api_etl_virtualenv.py
[2022-08-09 00:13:41,831] {processor.py:641} INFO - Processing file /home/renan/datapipeline/.env/lib/python3.8/site-packages/airflow/example_dags/tutorial_taskflow_api_etl_virtualenv.py for tasks to queue
[2022-08-09 00:13:41,831] {logging_mixin.py:115} INFO - [2022-08-09 00:13:41,831] {dagbag.py:508} INFO - Filling up the DagBag from /home/renan/datapipeline/.env/lib/python3.8/site-packages/airflow/example_dags/tutorial_taskflow_api_etl_virtualenv.py
[2022-08-09 00:13:41,842] {logging_mixin.py:115} INFO - [2022-08-09 00:13:41,842] {tutorial_taskflow_api_etl_virtualenv.py:29} WARNING - The tutorial_taskflow_api_etl_virtualenv example DAG requires virtualenv, please install it.
[2022-08-09 00:13:41,842] {processor.py:653} WARNING - No viable dags retrieved from /home/renan/datapipeline/.env/lib/python3.8/site-packages/airflow/example_dags/tutorial_taskflow_api_etl_virtualenv.py
[2022-08-09 00:13:41,850] {processor.py:161} INFO - Processing /home/renan/datapipeline/.env/lib/python3.8/site-packages/airflow/example_dags/tutorial_taskflow_api_etl_virtualenv.py took 0.022 seconds
[2022-08-09 00:14:13,694] {processor.py:153} INFO - Started process (PID=11485) to work on /home/renan/datapipeline/.env/lib/python3.8/site-packages/airflow/example_dags/tutorial_taskflow_api_etl_virtualenv.py
[2022-08-09 00:14:13,695] {processor.py:641} INFO - Processing file /home/renan/datapipeline/.env/lib/python3.8/site-packages/airflow/example_dags/tutorial_taskflow_api_etl_virtualenv.py for tasks to queue
[2022-08-09 00:14:13,695] {logging_mixin.py:115} INFO - [2022-08-09 00:14:13,695] {dagbag.py:508} INFO - Filling up the DagBag from /home/renan/datapipeline/.env/lib/python3.8/site-packages/airflow/example_dags/tutorial_taskflow_api_etl_virtualenv.py
[2022-08-09 00:14:13,703] {logging_mixin.py:115} INFO - [2022-08-09 00:14:13,703] {tutorial_taskflow_api_etl_virtualenv.py:29} WARNING - The tutorial_taskflow_api_etl_virtualenv example DAG requires virtualenv, please install it.
[2022-08-09 00:14:13,703] {processor.py:653} WARNING - No viable dags retrieved from /home/renan/datapipeline/.env/lib/python3.8/site-packages/airflow/example_dags/tutorial_taskflow_api_etl_virtualenv.py
[2022-08-09 00:14:13,709] {processor.py:161} INFO - Processing /home/renan/datapipeline/.env/lib/python3.8/site-packages/airflow/example_dags/tutorial_taskflow_api_etl_virtualenv.py took 0.016 seconds
[2022-08-09 00:14:45,634] {processor.py:153} INFO - Started process (PID=11530) to work on /home/renan/datapipeline/.env/lib/python3.8/site-packages/airflow/example_dags/tutorial_taskflow_api_etl_virtualenv.py
[2022-08-09 00:14:45,634] {processor.py:641} INFO - Processing file /home/renan/datapipeline/.env/lib/python3.8/site-packages/airflow/example_dags/tutorial_taskflow_api_etl_virtualenv.py for tasks to queue
[2022-08-09 00:14:45,635] {logging_mixin.py:115} INFO - [2022-08-09 00:14:45,635] {dagbag.py:508} INFO - Filling up the DagBag from /home/renan/datapipeline/.env/lib/python3.8/site-packages/airflow/example_dags/tutorial_taskflow_api_etl_virtualenv.py
[2022-08-09 00:14:45,644] {logging_mixin.py:115} INFO - [2022-08-09 00:14:45,644] {tutorial_taskflow_api_etl_virtualenv.py:29} WARNING - The tutorial_taskflow_api_etl_virtualenv example DAG requires virtualenv, please install it.
[2022-08-09 00:14:45,644] {processor.py:653} WARNING - No viable dags retrieved from /home/renan/datapipeline/.env/lib/python3.8/site-packages/airflow/example_dags/tutorial_taskflow_api_etl_virtualenv.py
[2022-08-09 00:14:45,650] {processor.py:161} INFO - Processing /home/renan/datapipeline/.env/lib/python3.8/site-packages/airflow/example_dags/tutorial_taskflow_api_etl_virtualenv.py took 0.019 seconds
[2022-08-09 00:15:18,158] {processor.py:153} INFO - Started process (PID=11569) to work on /home/renan/datapipeline/.env/lib/python3.8/site-packages/airflow/example_dags/tutorial_taskflow_api_etl_virtualenv.py
[2022-08-09 00:15:18,159] {processor.py:641} INFO - Processing file /home/renan/datapipeline/.env/lib/python3.8/site-packages/airflow/example_dags/tutorial_taskflow_api_etl_virtualenv.py for tasks to queue
[2022-08-09 00:15:18,159] {logging_mixin.py:115} INFO - [2022-08-09 00:15:18,159] {dagbag.py:508} INFO - Filling up the DagBag from /home/renan/datapipeline/.env/lib/python3.8/site-packages/airflow/example_dags/tutorial_taskflow_api_etl_virtualenv.py
[2022-08-09 00:15:18,167] {logging_mixin.py:115} INFO - [2022-08-09 00:15:18,167] {tutorial_taskflow_api_etl_virtualenv.py:29} WARNING - The tutorial_taskflow_api_etl_virtualenv example DAG requires virtualenv, please install it.
[2022-08-09 00:15:18,167] {processor.py:653} WARNING - No viable dags retrieved from /home/renan/datapipeline/.env/lib/python3.8/site-packages/airflow/example_dags/tutorial_taskflow_api_etl_virtualenv.py
[2022-08-09 00:15:18,172] {processor.py:161} INFO - Processing /home/renan/datapipeline/.env/lib/python3.8/site-packages/airflow/example_dags/tutorial_taskflow_api_etl_virtualenv.py took 0.016 seconds
[2022-08-09 00:15:49,290] {processor.py:153} INFO - Started process (PID=11645) to work on /home/renan/datapipeline/.env/lib/python3.8/site-packages/airflow/example_dags/tutorial_taskflow_api_etl_virtualenv.py
[2022-08-09 00:15:49,291] {processor.py:641} INFO - Processing file /home/renan/datapipeline/.env/lib/python3.8/site-packages/airflow/example_dags/tutorial_taskflow_api_etl_virtualenv.py for tasks to queue
[2022-08-09 00:15:49,291] {logging_mixin.py:115} INFO - [2022-08-09 00:15:49,291] {dagbag.py:508} INFO - Filling up the DagBag from /home/renan/datapipeline/.env/lib/python3.8/site-packages/airflow/example_dags/tutorial_taskflow_api_etl_virtualenv.py
[2022-08-09 00:15:49,299] {logging_mixin.py:115} INFO - [2022-08-09 00:15:49,299] {tutorial_taskflow_api_etl_virtualenv.py:29} WARNING - The tutorial_taskflow_api_etl_virtualenv example DAG requires virtualenv, please install it.
[2022-08-09 00:15:49,299] {processor.py:653} WARNING - No viable dags retrieved from /home/renan/datapipeline/.env/lib/python3.8/site-packages/airflow/example_dags/tutorial_taskflow_api_etl_virtualenv.py
[2022-08-09 00:15:49,305] {processor.py:161} INFO - Processing /home/renan/datapipeline/.env/lib/python3.8/site-packages/airflow/example_dags/tutorial_taskflow_api_etl_virtualenv.py took 0.017 seconds
[2022-08-09 00:16:19,624] {processor.py:153} INFO - Started process (PID=11680) to work on /home/renan/datapipeline/.env/lib/python3.8/site-packages/airflow/example_dags/tutorial_taskflow_api_etl_virtualenv.py
[2022-08-09 00:16:19,625] {processor.py:641} INFO - Processing file /home/renan/datapipeline/.env/lib/python3.8/site-packages/airflow/example_dags/tutorial_taskflow_api_etl_virtualenv.py for tasks to queue
[2022-08-09 00:16:19,625] {logging_mixin.py:115} INFO - [2022-08-09 00:16:19,625] {dagbag.py:508} INFO - Filling up the DagBag from /home/renan/datapipeline/.env/lib/python3.8/site-packages/airflow/example_dags/tutorial_taskflow_api_etl_virtualenv.py
[2022-08-09 00:16:19,633] {logging_mixin.py:115} INFO - [2022-08-09 00:16:19,633] {tutorial_taskflow_api_etl_virtualenv.py:29} WARNING - The tutorial_taskflow_api_etl_virtualenv example DAG requires virtualenv, please install it.
[2022-08-09 00:16:19,633] {processor.py:653} WARNING - No viable dags retrieved from /home/renan/datapipeline/.env/lib/python3.8/site-packages/airflow/example_dags/tutorial_taskflow_api_etl_virtualenv.py
[2022-08-09 00:16:19,639] {processor.py:161} INFO - Processing /home/renan/datapipeline/.env/lib/python3.8/site-packages/airflow/example_dags/tutorial_taskflow_api_etl_virtualenv.py took 0.016 seconds
[2022-08-09 00:16:51,134] {processor.py:153} INFO - Started process (PID=11725) to work on /home/renan/datapipeline/.env/lib/python3.8/site-packages/airflow/example_dags/tutorial_taskflow_api_etl_virtualenv.py
[2022-08-09 00:16:51,134] {processor.py:641} INFO - Processing file /home/renan/datapipeline/.env/lib/python3.8/site-packages/airflow/example_dags/tutorial_taskflow_api_etl_virtualenv.py for tasks to queue
[2022-08-09 00:16:51,134] {logging_mixin.py:115} INFO - [2022-08-09 00:16:51,134] {dagbag.py:508} INFO - Filling up the DagBag from /home/renan/datapipeline/.env/lib/python3.8/site-packages/airflow/example_dags/tutorial_taskflow_api_etl_virtualenv.py
[2022-08-09 00:16:51,142] {logging_mixin.py:115} INFO - [2022-08-09 00:16:51,142] {tutorial_taskflow_api_etl_virtualenv.py:29} WARNING - The tutorial_taskflow_api_etl_virtualenv example DAG requires virtualenv, please install it.
[2022-08-09 00:16:51,142] {processor.py:653} WARNING - No viable dags retrieved from /home/renan/datapipeline/.env/lib/python3.8/site-packages/airflow/example_dags/tutorial_taskflow_api_etl_virtualenv.py
[2022-08-09 00:16:51,148] {processor.py:161} INFO - Processing /home/renan/datapipeline/.env/lib/python3.8/site-packages/airflow/example_dags/tutorial_taskflow_api_etl_virtualenv.py took 0.015 seconds
[2022-08-09 00:17:22,647] {processor.py:153} INFO - Started process (PID=11782) to work on /home/renan/datapipeline/.env/lib/python3.8/site-packages/airflow/example_dags/tutorial_taskflow_api_etl_virtualenv.py
[2022-08-09 00:17:22,648] {processor.py:641} INFO - Processing file /home/renan/datapipeline/.env/lib/python3.8/site-packages/airflow/example_dags/tutorial_taskflow_api_etl_virtualenv.py for tasks to queue
[2022-08-09 00:17:22,648] {logging_mixin.py:115} INFO - [2022-08-09 00:17:22,648] {dagbag.py:508} INFO - Filling up the DagBag from /home/renan/datapipeline/.env/lib/python3.8/site-packages/airflow/example_dags/tutorial_taskflow_api_etl_virtualenv.py
[2022-08-09 00:17:22,656] {logging_mixin.py:115} INFO - [2022-08-09 00:17:22,656] {tutorial_taskflow_api_etl_virtualenv.py:29} WARNING - The tutorial_taskflow_api_etl_virtualenv example DAG requires virtualenv, please install it.
[2022-08-09 00:17:22,656] {processor.py:653} WARNING - No viable dags retrieved from /home/renan/datapipeline/.env/lib/python3.8/site-packages/airflow/example_dags/tutorial_taskflow_api_etl_virtualenv.py
[2022-08-09 00:17:22,662] {processor.py:161} INFO - Processing /home/renan/datapipeline/.env/lib/python3.8/site-packages/airflow/example_dags/tutorial_taskflow_api_etl_virtualenv.py took 0.017 seconds
[2022-08-09 00:17:53,239] {processor.py:153} INFO - Started process (PID=11816) to work on /home/renan/datapipeline/.env/lib/python3.8/site-packages/airflow/example_dags/tutorial_taskflow_api_etl_virtualenv.py
[2022-08-09 00:17:53,240] {processor.py:641} INFO - Processing file /home/renan/datapipeline/.env/lib/python3.8/site-packages/airflow/example_dags/tutorial_taskflow_api_etl_virtualenv.py for tasks to queue
[2022-08-09 00:17:53,240] {logging_mixin.py:115} INFO - [2022-08-09 00:17:53,240] {dagbag.py:508} INFO - Filling up the DagBag from /home/renan/datapipeline/.env/lib/python3.8/site-packages/airflow/example_dags/tutorial_taskflow_api_etl_virtualenv.py
[2022-08-09 00:17:53,248] {logging_mixin.py:115} INFO - [2022-08-09 00:17:53,248] {tutorial_taskflow_api_etl_virtualenv.py:29} WARNING - The tutorial_taskflow_api_etl_virtualenv example DAG requires virtualenv, please install it.
[2022-08-09 00:17:53,248] {processor.py:653} WARNING - No viable dags retrieved from /home/renan/datapipeline/.env/lib/python3.8/site-packages/airflow/example_dags/tutorial_taskflow_api_etl_virtualenv.py
[2022-08-09 00:17:53,254] {processor.py:161} INFO - Processing /home/renan/datapipeline/.env/lib/python3.8/site-packages/airflow/example_dags/tutorial_taskflow_api_etl_virtualenv.py took 0.016 seconds
[2022-08-09 00:18:25,169] {processor.py:153} INFO - Started process (PID=11850) to work on /home/renan/datapipeline/.env/lib/python3.8/site-packages/airflow/example_dags/tutorial_taskflow_api_etl_virtualenv.py
[2022-08-09 00:18:25,170] {processor.py:641} INFO - Processing file /home/renan/datapipeline/.env/lib/python3.8/site-packages/airflow/example_dags/tutorial_taskflow_api_etl_virtualenv.py for tasks to queue
[2022-08-09 00:18:25,170] {logging_mixin.py:115} INFO - [2022-08-09 00:18:25,170] {dagbag.py:508} INFO - Filling up the DagBag from /home/renan/datapipeline/.env/lib/python3.8/site-packages/airflow/example_dags/tutorial_taskflow_api_etl_virtualenv.py
[2022-08-09 00:18:25,178] {logging_mixin.py:115} INFO - [2022-08-09 00:18:25,178] {tutorial_taskflow_api_etl_virtualenv.py:29} WARNING - The tutorial_taskflow_api_etl_virtualenv example DAG requires virtualenv, please install it.
[2022-08-09 00:18:25,178] {processor.py:653} WARNING - No viable dags retrieved from /home/renan/datapipeline/.env/lib/python3.8/site-packages/airflow/example_dags/tutorial_taskflow_api_etl_virtualenv.py
[2022-08-09 00:18:25,184] {processor.py:161} INFO - Processing /home/renan/datapipeline/.env/lib/python3.8/site-packages/airflow/example_dags/tutorial_taskflow_api_etl_virtualenv.py took 0.017 seconds
[2022-08-09 00:18:57,666] {processor.py:153} INFO - Started process (PID=11885) to work on /home/renan/datapipeline/.env/lib/python3.8/site-packages/airflow/example_dags/tutorial_taskflow_api_etl_virtualenv.py
[2022-08-09 00:18:57,666] {processor.py:641} INFO - Processing file /home/renan/datapipeline/.env/lib/python3.8/site-packages/airflow/example_dags/tutorial_taskflow_api_etl_virtualenv.py for tasks to queue
[2022-08-09 00:18:57,667] {logging_mixin.py:115} INFO - [2022-08-09 00:18:57,667] {dagbag.py:508} INFO - Filling up the DagBag from /home/renan/datapipeline/.env/lib/python3.8/site-packages/airflow/example_dags/tutorial_taskflow_api_etl_virtualenv.py
[2022-08-09 00:18:57,674] {logging_mixin.py:115} INFO - [2022-08-09 00:18:57,674] {tutorial_taskflow_api_etl_virtualenv.py:29} WARNING - The tutorial_taskflow_api_etl_virtualenv example DAG requires virtualenv, please install it.
[2022-08-09 00:18:57,675] {processor.py:653} WARNING - No viable dags retrieved from /home/renan/datapipeline/.env/lib/python3.8/site-packages/airflow/example_dags/tutorial_taskflow_api_etl_virtualenv.py
[2022-08-09 00:18:57,680] {processor.py:161} INFO - Processing /home/renan/datapipeline/.env/lib/python3.8/site-packages/airflow/example_dags/tutorial_taskflow_api_etl_virtualenv.py took 0.016 seconds
[2022-08-09 00:19:27,799] {processor.py:153} INFO - Started process (PID=11918) to work on /home/renan/datapipeline/.env/lib/python3.8/site-packages/airflow/example_dags/tutorial_taskflow_api_etl_virtualenv.py
[2022-08-09 00:19:27,800] {processor.py:641} INFO - Processing file /home/renan/datapipeline/.env/lib/python3.8/site-packages/airflow/example_dags/tutorial_taskflow_api_etl_virtualenv.py for tasks to queue
[2022-08-09 00:19:27,800] {logging_mixin.py:115} INFO - [2022-08-09 00:19:27,800] {dagbag.py:508} INFO - Filling up the DagBag from /home/renan/datapipeline/.env/lib/python3.8/site-packages/airflow/example_dags/tutorial_taskflow_api_etl_virtualenv.py
[2022-08-09 00:19:27,808] {logging_mixin.py:115} INFO - [2022-08-09 00:19:27,808] {tutorial_taskflow_api_etl_virtualenv.py:29} WARNING - The tutorial_taskflow_api_etl_virtualenv example DAG requires virtualenv, please install it.
[2022-08-09 00:19:27,808] {processor.py:653} WARNING - No viable dags retrieved from /home/renan/datapipeline/.env/lib/python3.8/site-packages/airflow/example_dags/tutorial_taskflow_api_etl_virtualenv.py
[2022-08-09 00:19:27,814] {processor.py:161} INFO - Processing /home/renan/datapipeline/.env/lib/python3.8/site-packages/airflow/example_dags/tutorial_taskflow_api_etl_virtualenv.py took 0.016 seconds
[2022-08-09 00:20:01,472] {processor.py:153} INFO - Started process (PID=11952) to work on /home/renan/datapipeline/.env/lib/python3.8/site-packages/airflow/example_dags/tutorial_taskflow_api_etl_virtualenv.py
[2022-08-09 00:20:01,472] {processor.py:641} INFO - Processing file /home/renan/datapipeline/.env/lib/python3.8/site-packages/airflow/example_dags/tutorial_taskflow_api_etl_virtualenv.py for tasks to queue
[2022-08-09 00:20:01,472] {logging_mixin.py:115} INFO - [2022-08-09 00:20:01,472] {dagbag.py:508} INFO - Filling up the DagBag from /home/renan/datapipeline/.env/lib/python3.8/site-packages/airflow/example_dags/tutorial_taskflow_api_etl_virtualenv.py
[2022-08-09 00:20:01,480] {logging_mixin.py:115} INFO - [2022-08-09 00:20:01,480] {tutorial_taskflow_api_etl_virtualenv.py:29} WARNING - The tutorial_taskflow_api_etl_virtualenv example DAG requires virtualenv, please install it.
[2022-08-09 00:20:01,480] {processor.py:653} WARNING - No viable dags retrieved from /home/renan/datapipeline/.env/lib/python3.8/site-packages/airflow/example_dags/tutorial_taskflow_api_etl_virtualenv.py
[2022-08-09 00:20:01,486] {processor.py:161} INFO - Processing /home/renan/datapipeline/.env/lib/python3.8/site-packages/airflow/example_dags/tutorial_taskflow_api_etl_virtualenv.py took 0.016 seconds
[2022-08-09 00:20:32,182] {processor.py:153} INFO - Started process (PID=11990) to work on /home/renan/datapipeline/.env/lib/python3.8/site-packages/airflow/example_dags/tutorial_taskflow_api_etl_virtualenv.py
[2022-08-09 00:20:32,182] {processor.py:641} INFO - Processing file /home/renan/datapipeline/.env/lib/python3.8/site-packages/airflow/example_dags/tutorial_taskflow_api_etl_virtualenv.py for tasks to queue
[2022-08-09 00:20:32,183] {logging_mixin.py:115} INFO - [2022-08-09 00:20:32,183] {dagbag.py:508} INFO - Filling up the DagBag from /home/renan/datapipeline/.env/lib/python3.8/site-packages/airflow/example_dags/tutorial_taskflow_api_etl_virtualenv.py
[2022-08-09 00:20:32,191] {logging_mixin.py:115} INFO - [2022-08-09 00:20:32,191] {tutorial_taskflow_api_etl_virtualenv.py:29} WARNING - The tutorial_taskflow_api_etl_virtualenv example DAG requires virtualenv, please install it.
[2022-08-09 00:20:32,191] {processor.py:653} WARNING - No viable dags retrieved from /home/renan/datapipeline/.env/lib/python3.8/site-packages/airflow/example_dags/tutorial_taskflow_api_etl_virtualenv.py
[2022-08-09 00:20:32,197] {processor.py:161} INFO - Processing /home/renan/datapipeline/.env/lib/python3.8/site-packages/airflow/example_dags/tutorial_taskflow_api_etl_virtualenv.py took 0.016 seconds
[2022-08-09 00:21:02,439] {processor.py:153} INFO - Started process (PID=12022) to work on /home/renan/datapipeline/.env/lib/python3.8/site-packages/airflow/example_dags/tutorial_taskflow_api_etl_virtualenv.py
[2022-08-09 00:21:02,439] {processor.py:641} INFO - Processing file /home/renan/datapipeline/.env/lib/python3.8/site-packages/airflow/example_dags/tutorial_taskflow_api_etl_virtualenv.py for tasks to queue
[2022-08-09 00:21:02,439] {logging_mixin.py:115} INFO - [2022-08-09 00:21:02,439] {dagbag.py:508} INFO - Filling up the DagBag from /home/renan/datapipeline/.env/lib/python3.8/site-packages/airflow/example_dags/tutorial_taskflow_api_etl_virtualenv.py
[2022-08-09 00:21:02,447] {logging_mixin.py:115} INFO - [2022-08-09 00:21:02,447] {tutorial_taskflow_api_etl_virtualenv.py:29} WARNING - The tutorial_taskflow_api_etl_virtualenv example DAG requires virtualenv, please install it.
[2022-08-09 00:21:02,447] {processor.py:653} WARNING - No viable dags retrieved from /home/renan/datapipeline/.env/lib/python3.8/site-packages/airflow/example_dags/tutorial_taskflow_api_etl_virtualenv.py
[2022-08-09 00:21:02,453] {processor.py:161} INFO - Processing /home/renan/datapipeline/.env/lib/python3.8/site-packages/airflow/example_dags/tutorial_taskflow_api_etl_virtualenv.py took 0.016 seconds
[2022-08-09 00:21:33,132] {processor.py:153} INFO - Started process (PID=12171) to work on /home/renan/datapipeline/.env/lib/python3.8/site-packages/airflow/example_dags/tutorial_taskflow_api_etl_virtualenv.py
[2022-08-09 00:21:33,132] {processor.py:641} INFO - Processing file /home/renan/datapipeline/.env/lib/python3.8/site-packages/airflow/example_dags/tutorial_taskflow_api_etl_virtualenv.py for tasks to queue
[2022-08-09 00:21:33,133] {logging_mixin.py:115} INFO - [2022-08-09 00:21:33,132] {dagbag.py:508} INFO - Filling up the DagBag from /home/renan/datapipeline/.env/lib/python3.8/site-packages/airflow/example_dags/tutorial_taskflow_api_etl_virtualenv.py
[2022-08-09 00:21:33,140] {logging_mixin.py:115} INFO - [2022-08-09 00:21:33,140] {tutorial_taskflow_api_etl_virtualenv.py:29} WARNING - The tutorial_taskflow_api_etl_virtualenv example DAG requires virtualenv, please install it.
[2022-08-09 00:21:33,140] {processor.py:653} WARNING - No viable dags retrieved from /home/renan/datapipeline/.env/lib/python3.8/site-packages/airflow/example_dags/tutorial_taskflow_api_etl_virtualenv.py
[2022-08-09 00:21:33,147] {processor.py:161} INFO - Processing /home/renan/datapipeline/.env/lib/python3.8/site-packages/airflow/example_dags/tutorial_taskflow_api_etl_virtualenv.py took 0.016 seconds
[2022-08-09 00:22:05,774] {processor.py:153} INFO - Started process (PID=12272) to work on /home/renan/datapipeline/.env/lib/python3.8/site-packages/airflow/example_dags/tutorial_taskflow_api_etl_virtualenv.py
[2022-08-09 00:22:05,775] {processor.py:641} INFO - Processing file /home/renan/datapipeline/.env/lib/python3.8/site-packages/airflow/example_dags/tutorial_taskflow_api_etl_virtualenv.py for tasks to queue
[2022-08-09 00:22:05,775] {logging_mixin.py:115} INFO - [2022-08-09 00:22:05,775] {dagbag.py:508} INFO - Filling up the DagBag from /home/renan/datapipeline/.env/lib/python3.8/site-packages/airflow/example_dags/tutorial_taskflow_api_etl_virtualenv.py
[2022-08-09 00:22:05,783] {logging_mixin.py:115} INFO - [2022-08-09 00:22:05,783] {tutorial_taskflow_api_etl_virtualenv.py:29} WARNING - The tutorial_taskflow_api_etl_virtualenv example DAG requires virtualenv, please install it.
[2022-08-09 00:22:05,783] {processor.py:653} WARNING - No viable dags retrieved from /home/renan/datapipeline/.env/lib/python3.8/site-packages/airflow/example_dags/tutorial_taskflow_api_etl_virtualenv.py
[2022-08-09 00:22:05,790] {processor.py:161} INFO - Processing /home/renan/datapipeline/.env/lib/python3.8/site-packages/airflow/example_dags/tutorial_taskflow_api_etl_virtualenv.py took 0.017 seconds
[2022-08-09 00:22:39,400] {processor.py:153} INFO - Started process (PID=12306) to work on /home/renan/datapipeline/.env/lib/python3.8/site-packages/airflow/example_dags/tutorial_taskflow_api_etl_virtualenv.py
[2022-08-09 00:22:39,401] {processor.py:641} INFO - Processing file /home/renan/datapipeline/.env/lib/python3.8/site-packages/airflow/example_dags/tutorial_taskflow_api_etl_virtualenv.py for tasks to queue
[2022-08-09 00:22:39,401] {logging_mixin.py:115} INFO - [2022-08-09 00:22:39,401] {dagbag.py:508} INFO - Filling up the DagBag from /home/renan/datapipeline/.env/lib/python3.8/site-packages/airflow/example_dags/tutorial_taskflow_api_etl_virtualenv.py
[2022-08-09 00:22:39,408] {logging_mixin.py:115} INFO - [2022-08-09 00:22:39,408] {tutorial_taskflow_api_etl_virtualenv.py:29} WARNING - The tutorial_taskflow_api_etl_virtualenv example DAG requires virtualenv, please install it.
[2022-08-09 00:22:39,408] {processor.py:653} WARNING - No viable dags retrieved from /home/renan/datapipeline/.env/lib/python3.8/site-packages/airflow/example_dags/tutorial_taskflow_api_etl_virtualenv.py
[2022-08-09 00:22:39,414] {processor.py:161} INFO - Processing /home/renan/datapipeline/.env/lib/python3.8/site-packages/airflow/example_dags/tutorial_taskflow_api_etl_virtualenv.py took 0.015 seconds
[2022-08-09 00:23:11,337] {processor.py:153} INFO - Started process (PID=12346) to work on /home/renan/datapipeline/.env/lib/python3.8/site-packages/airflow/example_dags/tutorial_taskflow_api_etl_virtualenv.py
[2022-08-09 00:23:11,338] {processor.py:641} INFO - Processing file /home/renan/datapipeline/.env/lib/python3.8/site-packages/airflow/example_dags/tutorial_taskflow_api_etl_virtualenv.py for tasks to queue
[2022-08-09 00:23:11,339] {logging_mixin.py:115} INFO - [2022-08-09 00:23:11,339] {dagbag.py:508} INFO - Filling up the DagBag from /home/renan/datapipeline/.env/lib/python3.8/site-packages/airflow/example_dags/tutorial_taskflow_api_etl_virtualenv.py
[2022-08-09 00:23:11,350] {logging_mixin.py:115} INFO - [2022-08-09 00:23:11,350] {tutorial_taskflow_api_etl_virtualenv.py:29} WARNING - The tutorial_taskflow_api_etl_virtualenv example DAG requires virtualenv, please install it.
[2022-08-09 00:23:11,350] {processor.py:653} WARNING - No viable dags retrieved from /home/renan/datapipeline/.env/lib/python3.8/site-packages/airflow/example_dags/tutorial_taskflow_api_etl_virtualenv.py
[2022-08-09 00:23:11,357] {processor.py:161} INFO - Processing /home/renan/datapipeline/.env/lib/python3.8/site-packages/airflow/example_dags/tutorial_taskflow_api_etl_virtualenv.py took 0.022 seconds
[2022-08-09 00:23:44,376] {processor.py:153} INFO - Started process (PID=12382) to work on /home/renan/datapipeline/.env/lib/python3.8/site-packages/airflow/example_dags/tutorial_taskflow_api_etl_virtualenv.py
[2022-08-09 00:23:44,377] {processor.py:641} INFO - Processing file /home/renan/datapipeline/.env/lib/python3.8/site-packages/airflow/example_dags/tutorial_taskflow_api_etl_virtualenv.py for tasks to queue
[2022-08-09 00:23:44,377] {logging_mixin.py:115} INFO - [2022-08-09 00:23:44,377] {dagbag.py:508} INFO - Filling up the DagBag from /home/renan/datapipeline/.env/lib/python3.8/site-packages/airflow/example_dags/tutorial_taskflow_api_etl_virtualenv.py
[2022-08-09 00:23:44,385] {logging_mixin.py:115} INFO - [2022-08-09 00:23:44,385] {tutorial_taskflow_api_etl_virtualenv.py:29} WARNING - The tutorial_taskflow_api_etl_virtualenv example DAG requires virtualenv, please install it.
[2022-08-09 00:23:44,385] {processor.py:653} WARNING - No viable dags retrieved from /home/renan/datapipeline/.env/lib/python3.8/site-packages/airflow/example_dags/tutorial_taskflow_api_etl_virtualenv.py
[2022-08-09 00:23:44,391] {processor.py:161} INFO - Processing /home/renan/datapipeline/.env/lib/python3.8/site-packages/airflow/example_dags/tutorial_taskflow_api_etl_virtualenv.py took 0.016 seconds
[2022-08-09 00:24:15,038] {processor.py:153} INFO - Started process (PID=12443) to work on /home/renan/datapipeline/.env/lib/python3.8/site-packages/airflow/example_dags/tutorial_taskflow_api_etl_virtualenv.py
[2022-08-09 00:24:15,038] {processor.py:641} INFO - Processing file /home/renan/datapipeline/.env/lib/python3.8/site-packages/airflow/example_dags/tutorial_taskflow_api_etl_virtualenv.py for tasks to queue
[2022-08-09 00:24:15,039] {logging_mixin.py:115} INFO - [2022-08-09 00:24:15,039] {dagbag.py:508} INFO - Filling up the DagBag from /home/renan/datapipeline/.env/lib/python3.8/site-packages/airflow/example_dags/tutorial_taskflow_api_etl_virtualenv.py
[2022-08-09 00:24:15,051] {logging_mixin.py:115} INFO - [2022-08-09 00:24:15,051] {tutorial_taskflow_api_etl_virtualenv.py:29} WARNING - The tutorial_taskflow_api_etl_virtualenv example DAG requires virtualenv, please install it.
[2022-08-09 00:24:15,052] {processor.py:653} WARNING - No viable dags retrieved from /home/renan/datapipeline/.env/lib/python3.8/site-packages/airflow/example_dags/tutorial_taskflow_api_etl_virtualenv.py
[2022-08-09 00:24:15,058] {processor.py:161} INFO - Processing /home/renan/datapipeline/.env/lib/python3.8/site-packages/airflow/example_dags/tutorial_taskflow_api_etl_virtualenv.py took 0.022 seconds
[2022-08-09 00:24:49,162] {processor.py:153} INFO - Started process (PID=12482) to work on /home/renan/datapipeline/.env/lib/python3.8/site-packages/airflow/example_dags/tutorial_taskflow_api_etl_virtualenv.py
[2022-08-09 00:24:49,163] {processor.py:641} INFO - Processing file /home/renan/datapipeline/.env/lib/python3.8/site-packages/airflow/example_dags/tutorial_taskflow_api_etl_virtualenv.py for tasks to queue
[2022-08-09 00:24:49,163] {logging_mixin.py:115} INFO - [2022-08-09 00:24:49,163] {dagbag.py:508} INFO - Filling up the DagBag from /home/renan/datapipeline/.env/lib/python3.8/site-packages/airflow/example_dags/tutorial_taskflow_api_etl_virtualenv.py
[2022-08-09 00:24:49,171] {logging_mixin.py:115} INFO - [2022-08-09 00:24:49,171] {tutorial_taskflow_api_etl_virtualenv.py:29} WARNING - The tutorial_taskflow_api_etl_virtualenv example DAG requires virtualenv, please install it.
[2022-08-09 00:24:49,171] {processor.py:653} WARNING - No viable dags retrieved from /home/renan/datapipeline/.env/lib/python3.8/site-packages/airflow/example_dags/tutorial_taskflow_api_etl_virtualenv.py
[2022-08-09 00:24:49,177] {processor.py:161} INFO - Processing /home/renan/datapipeline/.env/lib/python3.8/site-packages/airflow/example_dags/tutorial_taskflow_api_etl_virtualenv.py took 0.016 seconds
[2022-08-09 00:25:20,466] {processor.py:153} INFO - Started process (PID=12523) to work on /home/renan/datapipeline/.env/lib/python3.8/site-packages/airflow/example_dags/tutorial_taskflow_api_etl_virtualenv.py
[2022-08-09 00:25:20,466] {processor.py:641} INFO - Processing file /home/renan/datapipeline/.env/lib/python3.8/site-packages/airflow/example_dags/tutorial_taskflow_api_etl_virtualenv.py for tasks to queue
[2022-08-09 00:25:20,467] {logging_mixin.py:115} INFO - [2022-08-09 00:25:20,467] {dagbag.py:508} INFO - Filling up the DagBag from /home/renan/datapipeline/.env/lib/python3.8/site-packages/airflow/example_dags/tutorial_taskflow_api_etl_virtualenv.py
[2022-08-09 00:25:20,474] {logging_mixin.py:115} INFO - [2022-08-09 00:25:20,474] {tutorial_taskflow_api_etl_virtualenv.py:29} WARNING - The tutorial_taskflow_api_etl_virtualenv example DAG requires virtualenv, please install it.
[2022-08-09 00:25:20,475] {processor.py:653} WARNING - No viable dags retrieved from /home/renan/datapipeline/.env/lib/python3.8/site-packages/airflow/example_dags/tutorial_taskflow_api_etl_virtualenv.py
[2022-08-09 00:25:20,480] {processor.py:161} INFO - Processing /home/renan/datapipeline/.env/lib/python3.8/site-packages/airflow/example_dags/tutorial_taskflow_api_etl_virtualenv.py took 0.016 seconds
[2022-08-09 00:25:52,974] {processor.py:153} INFO - Started process (PID=12557) to work on /home/renan/datapipeline/.env/lib/python3.8/site-packages/airflow/example_dags/tutorial_taskflow_api_etl_virtualenv.py
[2022-08-09 00:25:52,974] {processor.py:641} INFO - Processing file /home/renan/datapipeline/.env/lib/python3.8/site-packages/airflow/example_dags/tutorial_taskflow_api_etl_virtualenv.py for tasks to queue
[2022-08-09 00:25:52,974] {logging_mixin.py:115} INFO - [2022-08-09 00:25:52,974] {dagbag.py:508} INFO - Filling up the DagBag from /home/renan/datapipeline/.env/lib/python3.8/site-packages/airflow/example_dags/tutorial_taskflow_api_etl_virtualenv.py
[2022-08-09 00:25:52,982] {logging_mixin.py:115} INFO - [2022-08-09 00:25:52,982] {tutorial_taskflow_api_etl_virtualenv.py:29} WARNING - The tutorial_taskflow_api_etl_virtualenv example DAG requires virtualenv, please install it.
[2022-08-09 00:25:52,982] {processor.py:653} WARNING - No viable dags retrieved from /home/renan/datapipeline/.env/lib/python3.8/site-packages/airflow/example_dags/tutorial_taskflow_api_etl_virtualenv.py
[2022-08-09 00:25:52,989] {processor.py:161} INFO - Processing /home/renan/datapipeline/.env/lib/python3.8/site-packages/airflow/example_dags/tutorial_taskflow_api_etl_virtualenv.py took 0.017 seconds
[2022-08-09 00:26:25,166] {processor.py:153} INFO - Started process (PID=12592) to work on /home/renan/datapipeline/.env/lib/python3.8/site-packages/airflow/example_dags/tutorial_taskflow_api_etl_virtualenv.py
[2022-08-09 00:26:25,166] {processor.py:641} INFO - Processing file /home/renan/datapipeline/.env/lib/python3.8/site-packages/airflow/example_dags/tutorial_taskflow_api_etl_virtualenv.py for tasks to queue
[2022-08-09 00:26:25,166] {logging_mixin.py:115} INFO - [2022-08-09 00:26:25,166] {dagbag.py:508} INFO - Filling up the DagBag from /home/renan/datapipeline/.env/lib/python3.8/site-packages/airflow/example_dags/tutorial_taskflow_api_etl_virtualenv.py
[2022-08-09 00:26:25,174] {logging_mixin.py:115} INFO - [2022-08-09 00:26:25,174] {tutorial_taskflow_api_etl_virtualenv.py:29} WARNING - The tutorial_taskflow_api_etl_virtualenv example DAG requires virtualenv, please install it.
[2022-08-09 00:26:25,174] {processor.py:653} WARNING - No viable dags retrieved from /home/renan/datapipeline/.env/lib/python3.8/site-packages/airflow/example_dags/tutorial_taskflow_api_etl_virtualenv.py
[2022-08-09 00:26:25,180] {processor.py:161} INFO - Processing /home/renan/datapipeline/.env/lib/python3.8/site-packages/airflow/example_dags/tutorial_taskflow_api_etl_virtualenv.py took 0.016 seconds
[2022-08-09 00:26:58,087] {processor.py:153} INFO - Started process (PID=12630) to work on /home/renan/datapipeline/.env/lib/python3.8/site-packages/airflow/example_dags/tutorial_taskflow_api_etl_virtualenv.py
[2022-08-09 00:26:58,088] {processor.py:641} INFO - Processing file /home/renan/datapipeline/.env/lib/python3.8/site-packages/airflow/example_dags/tutorial_taskflow_api_etl_virtualenv.py for tasks to queue
[2022-08-09 00:26:58,088] {logging_mixin.py:115} INFO - [2022-08-09 00:26:58,088] {dagbag.py:508} INFO - Filling up the DagBag from /home/renan/datapipeline/.env/lib/python3.8/site-packages/airflow/example_dags/tutorial_taskflow_api_etl_virtualenv.py
[2022-08-09 00:26:58,096] {logging_mixin.py:115} INFO - [2022-08-09 00:26:58,096] {tutorial_taskflow_api_etl_virtualenv.py:29} WARNING - The tutorial_taskflow_api_etl_virtualenv example DAG requires virtualenv, please install it.
[2022-08-09 00:26:58,096] {processor.py:653} WARNING - No viable dags retrieved from /home/renan/datapipeline/.env/lib/python3.8/site-packages/airflow/example_dags/tutorial_taskflow_api_etl_virtualenv.py
[2022-08-09 00:26:58,102] {processor.py:161} INFO - Processing /home/renan/datapipeline/.env/lib/python3.8/site-packages/airflow/example_dags/tutorial_taskflow_api_etl_virtualenv.py took 0.017 seconds
[2022-08-09 00:27:30,733] {processor.py:153} INFO - Started process (PID=12685) to work on /home/renan/datapipeline/.env/lib/python3.8/site-packages/airflow/example_dags/tutorial_taskflow_api_etl_virtualenv.py
[2022-08-09 00:27:30,733] {processor.py:641} INFO - Processing file /home/renan/datapipeline/.env/lib/python3.8/site-packages/airflow/example_dags/tutorial_taskflow_api_etl_virtualenv.py for tasks to queue
[2022-08-09 00:27:30,733] {logging_mixin.py:115} INFO - [2022-08-09 00:27:30,733] {dagbag.py:508} INFO - Filling up the DagBag from /home/renan/datapipeline/.env/lib/python3.8/site-packages/airflow/example_dags/tutorial_taskflow_api_etl_virtualenv.py
[2022-08-09 00:27:30,741] {logging_mixin.py:115} INFO - [2022-08-09 00:27:30,741] {tutorial_taskflow_api_etl_virtualenv.py:29} WARNING - The tutorial_taskflow_api_etl_virtualenv example DAG requires virtualenv, please install it.
[2022-08-09 00:27:30,741] {processor.py:653} WARNING - No viable dags retrieved from /home/renan/datapipeline/.env/lib/python3.8/site-packages/airflow/example_dags/tutorial_taskflow_api_etl_virtualenv.py
[2022-08-09 00:27:30,747] {processor.py:161} INFO - Processing /home/renan/datapipeline/.env/lib/python3.8/site-packages/airflow/example_dags/tutorial_taskflow_api_etl_virtualenv.py took 0.016 seconds
[2022-08-09 00:28:01,114] {processor.py:153} INFO - Started process (PID=12735) to work on /home/renan/datapipeline/.env/lib/python3.8/site-packages/airflow/example_dags/tutorial_taskflow_api_etl_virtualenv.py
[2022-08-09 00:28:01,114] {processor.py:641} INFO - Processing file /home/renan/datapipeline/.env/lib/python3.8/site-packages/airflow/example_dags/tutorial_taskflow_api_etl_virtualenv.py for tasks to queue
[2022-08-09 00:28:01,115] {logging_mixin.py:115} INFO - [2022-08-09 00:28:01,115] {dagbag.py:508} INFO - Filling up the DagBag from /home/renan/datapipeline/.env/lib/python3.8/site-packages/airflow/example_dags/tutorial_taskflow_api_etl_virtualenv.py
[2022-08-09 00:28:01,124] {logging_mixin.py:115} INFO - [2022-08-09 00:28:01,124] {tutorial_taskflow_api_etl_virtualenv.py:29} WARNING - The tutorial_taskflow_api_etl_virtualenv example DAG requires virtualenv, please install it.
[2022-08-09 00:28:01,124] {processor.py:653} WARNING - No viable dags retrieved from /home/renan/datapipeline/.env/lib/python3.8/site-packages/airflow/example_dags/tutorial_taskflow_api_etl_virtualenv.py
[2022-08-09 00:28:01,131] {processor.py:161} INFO - Processing /home/renan/datapipeline/.env/lib/python3.8/site-packages/airflow/example_dags/tutorial_taskflow_api_etl_virtualenv.py took 0.019 seconds
[2022-08-09 00:28:34,606] {processor.py:153} INFO - Started process (PID=12939) to work on /home/renan/datapipeline/.env/lib/python3.8/site-packages/airflow/example_dags/tutorial_taskflow_api_etl_virtualenv.py
[2022-08-09 00:28:34,606] {processor.py:641} INFO - Processing file /home/renan/datapipeline/.env/lib/python3.8/site-packages/airflow/example_dags/tutorial_taskflow_api_etl_virtualenv.py for tasks to queue
[2022-08-09 00:28:34,606] {logging_mixin.py:115} INFO - [2022-08-09 00:28:34,606] {dagbag.py:508} INFO - Filling up the DagBag from /home/renan/datapipeline/.env/lib/python3.8/site-packages/airflow/example_dags/tutorial_taskflow_api_etl_virtualenv.py
[2022-08-09 00:28:34,614] {logging_mixin.py:115} INFO - [2022-08-09 00:28:34,614] {tutorial_taskflow_api_etl_virtualenv.py:29} WARNING - The tutorial_taskflow_api_etl_virtualenv example DAG requires virtualenv, please install it.
[2022-08-09 00:28:34,614] {processor.py:653} WARNING - No viable dags retrieved from /home/renan/datapipeline/.env/lib/python3.8/site-packages/airflow/example_dags/tutorial_taskflow_api_etl_virtualenv.py
[2022-08-09 00:28:34,620] {processor.py:161} INFO - Processing /home/renan/datapipeline/.env/lib/python3.8/site-packages/airflow/example_dags/tutorial_taskflow_api_etl_virtualenv.py took 0.016 seconds
[2022-08-09 00:29:06,159] {processor.py:153} INFO - Started process (PID=12977) to work on /home/renan/datapipeline/.env/lib/python3.8/site-packages/airflow/example_dags/tutorial_taskflow_api_etl_virtualenv.py
[2022-08-09 00:29:06,159] {processor.py:641} INFO - Processing file /home/renan/datapipeline/.env/lib/python3.8/site-packages/airflow/example_dags/tutorial_taskflow_api_etl_virtualenv.py for tasks to queue
[2022-08-09 00:29:06,159] {logging_mixin.py:115} INFO - [2022-08-09 00:29:06,159] {dagbag.py:508} INFO - Filling up the DagBag from /home/renan/datapipeline/.env/lib/python3.8/site-packages/airflow/example_dags/tutorial_taskflow_api_etl_virtualenv.py
[2022-08-09 00:29:06,167] {logging_mixin.py:115} INFO - [2022-08-09 00:29:06,167] {tutorial_taskflow_api_etl_virtualenv.py:29} WARNING - The tutorial_taskflow_api_etl_virtualenv example DAG requires virtualenv, please install it.
[2022-08-09 00:29:06,167] {processor.py:653} WARNING - No viable dags retrieved from /home/renan/datapipeline/.env/lib/python3.8/site-packages/airflow/example_dags/tutorial_taskflow_api_etl_virtualenv.py
[2022-08-09 00:29:06,173] {processor.py:161} INFO - Processing /home/renan/datapipeline/.env/lib/python3.8/site-packages/airflow/example_dags/tutorial_taskflow_api_etl_virtualenv.py took 0.016 seconds
[2022-08-09 00:29:36,419] {processor.py:153} INFO - Started process (PID=13017) to work on /home/renan/datapipeline/.env/lib/python3.8/site-packages/airflow/example_dags/tutorial_taskflow_api_etl_virtualenv.py
[2022-08-09 00:29:36,419] {processor.py:641} INFO - Processing file /home/renan/datapipeline/.env/lib/python3.8/site-packages/airflow/example_dags/tutorial_taskflow_api_etl_virtualenv.py for tasks to queue
[2022-08-09 00:29:36,420] {logging_mixin.py:115} INFO - [2022-08-09 00:29:36,420] {dagbag.py:508} INFO - Filling up the DagBag from /home/renan/datapipeline/.env/lib/python3.8/site-packages/airflow/example_dags/tutorial_taskflow_api_etl_virtualenv.py
[2022-08-09 00:29:36,427] {logging_mixin.py:115} INFO - [2022-08-09 00:29:36,427] {tutorial_taskflow_api_etl_virtualenv.py:29} WARNING - The tutorial_taskflow_api_etl_virtualenv example DAG requires virtualenv, please install it.
[2022-08-09 00:29:36,427] {processor.py:653} WARNING - No viable dags retrieved from /home/renan/datapipeline/.env/lib/python3.8/site-packages/airflow/example_dags/tutorial_taskflow_api_etl_virtualenv.py
[2022-08-09 00:29:36,434] {processor.py:161} INFO - Processing /home/renan/datapipeline/.env/lib/python3.8/site-packages/airflow/example_dags/tutorial_taskflow_api_etl_virtualenv.py took 0.017 seconds
[2022-08-09 00:30:07,727] {processor.py:153} INFO - Started process (PID=13056) to work on /home/renan/datapipeline/.env/lib/python3.8/site-packages/airflow/example_dags/tutorial_taskflow_api_etl_virtualenv.py
[2022-08-09 00:30:07,727] {processor.py:641} INFO - Processing file /home/renan/datapipeline/.env/lib/python3.8/site-packages/airflow/example_dags/tutorial_taskflow_api_etl_virtualenv.py for tasks to queue
[2022-08-09 00:30:07,727] {logging_mixin.py:115} INFO - [2022-08-09 00:30:07,727] {dagbag.py:508} INFO - Filling up the DagBag from /home/renan/datapipeline/.env/lib/python3.8/site-packages/airflow/example_dags/tutorial_taskflow_api_etl_virtualenv.py
[2022-08-09 00:30:07,735] {logging_mixin.py:115} INFO - [2022-08-09 00:30:07,735] {tutorial_taskflow_api_etl_virtualenv.py:29} WARNING - The tutorial_taskflow_api_etl_virtualenv example DAG requires virtualenv, please install it.
[2022-08-09 00:30:07,735] {processor.py:653} WARNING - No viable dags retrieved from /home/renan/datapipeline/.env/lib/python3.8/site-packages/airflow/example_dags/tutorial_taskflow_api_etl_virtualenv.py
[2022-08-09 00:30:07,741] {processor.py:161} INFO - Processing /home/renan/datapipeline/.env/lib/python3.8/site-packages/airflow/example_dags/tutorial_taskflow_api_etl_virtualenv.py took 0.016 seconds
[2022-08-09 00:30:39,654] {processor.py:153} INFO - Started process (PID=13089) to work on /home/renan/datapipeline/.env/lib/python3.8/site-packages/airflow/example_dags/tutorial_taskflow_api_etl_virtualenv.py
[2022-08-09 00:30:39,654] {processor.py:641} INFO - Processing file /home/renan/datapipeline/.env/lib/python3.8/site-packages/airflow/example_dags/tutorial_taskflow_api_etl_virtualenv.py for tasks to queue
[2022-08-09 00:30:39,654] {logging_mixin.py:115} INFO - [2022-08-09 00:30:39,654] {dagbag.py:508} INFO - Filling up the DagBag from /home/renan/datapipeline/.env/lib/python3.8/site-packages/airflow/example_dags/tutorial_taskflow_api_etl_virtualenv.py
[2022-08-09 00:30:39,663] {logging_mixin.py:115} INFO - [2022-08-09 00:30:39,663] {tutorial_taskflow_api_etl_virtualenv.py:29} WARNING - The tutorial_taskflow_api_etl_virtualenv example DAG requires virtualenv, please install it.
[2022-08-09 00:30:39,664] {processor.py:653} WARNING - No viable dags retrieved from /home/renan/datapipeline/.env/lib/python3.8/site-packages/airflow/example_dags/tutorial_taskflow_api_etl_virtualenv.py
[2022-08-09 00:30:39,671] {processor.py:161} INFO - Processing /home/renan/datapipeline/.env/lib/python3.8/site-packages/airflow/example_dags/tutorial_taskflow_api_etl_virtualenv.py took 0.019 seconds
[2022-08-09 00:31:11,169] {processor.py:153} INFO - Started process (PID=13121) to work on /home/renan/datapipeline/.env/lib/python3.8/site-packages/airflow/example_dags/tutorial_taskflow_api_etl_virtualenv.py
[2022-08-09 00:31:11,169] {processor.py:641} INFO - Processing file /home/renan/datapipeline/.env/lib/python3.8/site-packages/airflow/example_dags/tutorial_taskflow_api_etl_virtualenv.py for tasks to queue
[2022-08-09 00:31:11,170] {logging_mixin.py:115} INFO - [2022-08-09 00:31:11,170] {dagbag.py:508} INFO - Filling up the DagBag from /home/renan/datapipeline/.env/lib/python3.8/site-packages/airflow/example_dags/tutorial_taskflow_api_etl_virtualenv.py
[2022-08-09 00:31:11,177] {logging_mixin.py:115} INFO - [2022-08-09 00:31:11,177] {tutorial_taskflow_api_etl_virtualenv.py:29} WARNING - The tutorial_taskflow_api_etl_virtualenv example DAG requires virtualenv, please install it.
[2022-08-09 00:31:11,177] {processor.py:653} WARNING - No viable dags retrieved from /home/renan/datapipeline/.env/lib/python3.8/site-packages/airflow/example_dags/tutorial_taskflow_api_etl_virtualenv.py
[2022-08-09 00:31:11,183] {processor.py:161} INFO - Processing /home/renan/datapipeline/.env/lib/python3.8/site-packages/airflow/example_dags/tutorial_taskflow_api_etl_virtualenv.py took 0.016 seconds
[2022-08-09 00:31:42,078] {processor.py:153} INFO - Started process (PID=13161) to work on /home/renan/datapipeline/.env/lib/python3.8/site-packages/airflow/example_dags/tutorial_taskflow_api_etl_virtualenv.py
[2022-08-09 00:31:42,079] {processor.py:641} INFO - Processing file /home/renan/datapipeline/.env/lib/python3.8/site-packages/airflow/example_dags/tutorial_taskflow_api_etl_virtualenv.py for tasks to queue
[2022-08-09 00:31:42,079] {logging_mixin.py:115} INFO - [2022-08-09 00:31:42,079] {dagbag.py:508} INFO - Filling up the DagBag from /home/renan/datapipeline/.env/lib/python3.8/site-packages/airflow/example_dags/tutorial_taskflow_api_etl_virtualenv.py
[2022-08-09 00:31:42,088] {logging_mixin.py:115} INFO - [2022-08-09 00:31:42,088] {tutorial_taskflow_api_etl_virtualenv.py:29} WARNING - The tutorial_taskflow_api_etl_virtualenv example DAG requires virtualenv, please install it.
[2022-08-09 00:31:42,088] {processor.py:653} WARNING - No viable dags retrieved from /home/renan/datapipeline/.env/lib/python3.8/site-packages/airflow/example_dags/tutorial_taskflow_api_etl_virtualenv.py
[2022-08-09 00:31:42,094] {processor.py:161} INFO - Processing /home/renan/datapipeline/.env/lib/python3.8/site-packages/airflow/example_dags/tutorial_taskflow_api_etl_virtualenv.py took 0.018 seconds
[2022-08-09 00:32:17,399] {processor.py:153} INFO - Started process (PID=13282) to work on /home/renan/datapipeline/.env/lib/python3.8/site-packages/airflow/example_dags/tutorial_taskflow_api_etl_virtualenv.py
[2022-08-09 00:32:17,400] {processor.py:641} INFO - Processing file /home/renan/datapipeline/.env/lib/python3.8/site-packages/airflow/example_dags/tutorial_taskflow_api_etl_virtualenv.py for tasks to queue
[2022-08-09 00:32:17,400] {logging_mixin.py:115} INFO - [2022-08-09 00:32:17,400] {dagbag.py:508} INFO - Filling up the DagBag from /home/renan/datapipeline/.env/lib/python3.8/site-packages/airflow/example_dags/tutorial_taskflow_api_etl_virtualenv.py
[2022-08-09 00:32:17,408] {logging_mixin.py:115} INFO - [2022-08-09 00:32:17,408] {tutorial_taskflow_api_etl_virtualenv.py:29} WARNING - The tutorial_taskflow_api_etl_virtualenv example DAG requires virtualenv, please install it.
[2022-08-09 00:32:17,408] {processor.py:653} WARNING - No viable dags retrieved from /home/renan/datapipeline/.env/lib/python3.8/site-packages/airflow/example_dags/tutorial_taskflow_api_etl_virtualenv.py
[2022-08-09 00:32:17,417] {processor.py:161} INFO - Processing /home/renan/datapipeline/.env/lib/python3.8/site-packages/airflow/example_dags/tutorial_taskflow_api_etl_virtualenv.py took 0.020 seconds
[2022-08-09 00:32:48,724] {processor.py:153} INFO - Started process (PID=13319) to work on /home/renan/datapipeline/.env/lib/python3.8/site-packages/airflow/example_dags/tutorial_taskflow_api_etl_virtualenv.py
[2022-08-09 00:32:48,724] {processor.py:641} INFO - Processing file /home/renan/datapipeline/.env/lib/python3.8/site-packages/airflow/example_dags/tutorial_taskflow_api_etl_virtualenv.py for tasks to queue
[2022-08-09 00:32:48,724] {logging_mixin.py:115} INFO - [2022-08-09 00:32:48,724] {dagbag.py:508} INFO - Filling up the DagBag from /home/renan/datapipeline/.env/lib/python3.8/site-packages/airflow/example_dags/tutorial_taskflow_api_etl_virtualenv.py
[2022-08-09 00:32:48,732] {logging_mixin.py:115} INFO - [2022-08-09 00:32:48,732] {tutorial_taskflow_api_etl_virtualenv.py:29} WARNING - The tutorial_taskflow_api_etl_virtualenv example DAG requires virtualenv, please install it.
[2022-08-09 00:32:48,732] {processor.py:653} WARNING - No viable dags retrieved from /home/renan/datapipeline/.env/lib/python3.8/site-packages/airflow/example_dags/tutorial_taskflow_api_etl_virtualenv.py
[2022-08-09 00:32:48,738] {processor.py:161} INFO - Processing /home/renan/datapipeline/.env/lib/python3.8/site-packages/airflow/example_dags/tutorial_taskflow_api_etl_virtualenv.py took 0.016 seconds
