[2022-08-08 23:54:51,344] {processor.py:153} INFO - Started process (PID=9795) to work on /home/renan/datapipeline/airflow/dags/twitter_dag.py
[2022-08-08 23:54:51,345] {processor.py:641} INFO - Processing file /home/renan/datapipeline/airflow/dags/twitter_dag.py for tasks to queue
[2022-08-08 23:54:51,345] {logging_mixin.py:115} INFO - [2022-08-08 23:54:51,345] {dagbag.py:508} INFO - Filling up the DagBag from /home/renan/datapipeline/airflow/dags/twitter_dag.py
[2022-08-08 23:54:51,352] {logging_mixin.py:115} INFO - [2022-08-08 23:54:51,351] {dagbag.py:321} ERROR - Failed to import: /home/renan/datapipeline/airflow/dags/twitter_dag.py
Traceback (most recent call last):
  File "/home/renan/datapipeline/.env/lib/python3.8/site-packages/airflow/models/dagbag.py", line 318, in parse
    loader.exec_module(new_module)
  File "<frozen importlib._bootstrap_external>", line 848, in exec_module
  File "<frozen importlib._bootstrap>", line 219, in _call_with_frames_removed
  File "/home/renan/datapipeline/airflow/dags/twitter_dag.py", line 6, in <module>
    from airflow.contrib.operators.spark_submit_operator import SparkSubmitOperator
  File "/home/renan/datapipeline/.env/lib/python3.8/site-packages/airflow/contrib/operators/spark_submit_operator.py", line 22, in <module>
    from airflow.providers.apache.spark.operators.spark_submit import SparkSubmitOperator  # noqa
ModuleNotFoundError: No module named 'airflow.providers.apache'
[2022-08-08 23:54:51,352] {processor.py:653} WARNING - No viable dags retrieved from /home/renan/datapipeline/airflow/dags/twitter_dag.py
[2022-08-08 23:54:51,366] {processor.py:161} INFO - Processing /home/renan/datapipeline/airflow/dags/twitter_dag.py took 0.026 seconds
[2022-08-08 23:55:23,960] {processor.py:153} INFO - Started process (PID=9900) to work on /home/renan/datapipeline/airflow/dags/twitter_dag.py
[2022-08-08 23:55:23,960] {processor.py:641} INFO - Processing file /home/renan/datapipeline/airflow/dags/twitter_dag.py for tasks to queue
[2022-08-08 23:55:23,961] {logging_mixin.py:115} INFO - [2022-08-08 23:55:23,961] {dagbag.py:508} INFO - Filling up the DagBag from /home/renan/datapipeline/airflow/dags/twitter_dag.py
[2022-08-08 23:55:23,964] {logging_mixin.py:115} INFO - [2022-08-08 23:55:23,964] {dagbag.py:321} ERROR - Failed to import: /home/renan/datapipeline/airflow/dags/twitter_dag.py
Traceback (most recent call last):
  File "/home/renan/datapipeline/.env/lib/python3.8/site-packages/airflow/models/dagbag.py", line 318, in parse
    loader.exec_module(new_module)
  File "<frozen importlib._bootstrap_external>", line 848, in exec_module
  File "<frozen importlib._bootstrap>", line 219, in _call_with_frames_removed
  File "/home/renan/datapipeline/airflow/dags/twitter_dag.py", line 6, in <module>
    from airflow.contrib.operators.spark_submit_operator import SparkSubmitOperator
  File "/home/renan/datapipeline/.env/lib/python3.8/site-packages/airflow/contrib/operators/spark_submit_operator.py", line 22, in <module>
    from airflow.providers.apache.spark.operators.spark_submit import SparkSubmitOperator  # noqa
ModuleNotFoundError: No module named 'airflow.providers.apache'
[2022-08-08 23:55:23,964] {processor.py:653} WARNING - No viable dags retrieved from /home/renan/datapipeline/airflow/dags/twitter_dag.py
[2022-08-08 23:55:23,975] {processor.py:161} INFO - Processing /home/renan/datapipeline/airflow/dags/twitter_dag.py took 0.017 seconds
[2022-08-08 23:55:56,988] {processor.py:153} INFO - Started process (PID=9963) to work on /home/renan/datapipeline/airflow/dags/twitter_dag.py
[2022-08-08 23:55:56,989] {processor.py:641} INFO - Processing file /home/renan/datapipeline/airflow/dags/twitter_dag.py for tasks to queue
[2022-08-08 23:55:56,989] {logging_mixin.py:115} INFO - [2022-08-08 23:55:56,989] {dagbag.py:508} INFO - Filling up the DagBag from /home/renan/datapipeline/airflow/dags/twitter_dag.py
[2022-08-08 23:55:56,994] {logging_mixin.py:115} INFO - [2022-08-08 23:55:56,993] {dagbag.py:321} ERROR - Failed to import: /home/renan/datapipeline/airflow/dags/twitter_dag.py
Traceback (most recent call last):
  File "/home/renan/datapipeline/.env/lib/python3.8/site-packages/airflow/models/dagbag.py", line 318, in parse
    loader.exec_module(new_module)
  File "<frozen importlib._bootstrap_external>", line 848, in exec_module
  File "<frozen importlib._bootstrap>", line 219, in _call_with_frames_removed
  File "/home/renan/datapipeline/airflow/dags/twitter_dag.py", line 6, in <module>
    from airflow.contrib.operators.spark_submit_operator import SparkSubmitOperator
  File "/home/renan/datapipeline/.env/lib/python3.8/site-packages/airflow/contrib/operators/spark_submit_operator.py", line 22, in <module>
    from airflow.providers.apache.spark.operators.spark_submit import SparkSubmitOperator  # noqa
ModuleNotFoundError: No module named 'airflow.providers.apache'
[2022-08-08 23:55:56,994] {processor.py:653} WARNING - No viable dags retrieved from /home/renan/datapipeline/airflow/dags/twitter_dag.py
[2022-08-08 23:55:57,006] {processor.py:161} INFO - Processing /home/renan/datapipeline/airflow/dags/twitter_dag.py took 0.020 seconds
[2022-08-08 23:56:27,754] {processor.py:153} INFO - Started process (PID=10050) to work on /home/renan/datapipeline/airflow/dags/twitter_dag.py
[2022-08-08 23:56:27,756] {processor.py:641} INFO - Processing file /home/renan/datapipeline/airflow/dags/twitter_dag.py for tasks to queue
[2022-08-08 23:56:27,757] {logging_mixin.py:115} INFO - [2022-08-08 23:56:27,757] {dagbag.py:508} INFO - Filling up the DagBag from /home/renan/datapipeline/airflow/dags/twitter_dag.py
[2022-08-08 23:56:27,761] {logging_mixin.py:115} INFO - [2022-08-08 23:56:27,761] {dagbag.py:321} ERROR - Failed to import: /home/renan/datapipeline/airflow/dags/twitter_dag.py
Traceback (most recent call last):
  File "/home/renan/datapipeline/.env/lib/python3.8/site-packages/airflow/models/dagbag.py", line 318, in parse
    loader.exec_module(new_module)
  File "<frozen importlib._bootstrap_external>", line 848, in exec_module
  File "<frozen importlib._bootstrap>", line 219, in _call_with_frames_removed
  File "/home/renan/datapipeline/airflow/dags/twitter_dag.py", line 6, in <module>
    from airflow.contrib.operators.spark_submit_operator import SparkSubmitOperator
  File "/home/renan/datapipeline/.env/lib/python3.8/site-packages/airflow/contrib/operators/spark_submit_operator.py", line 22, in <module>
    from airflow.providers.apache.spark.operators.spark_submit import SparkSubmitOperator  # noqa
ModuleNotFoundError: No module named 'airflow.providers.apache'
[2022-08-08 23:56:27,761] {processor.py:653} WARNING - No viable dags retrieved from /home/renan/datapipeline/airflow/dags/twitter_dag.py
[2022-08-08 23:56:27,774] {processor.py:161} INFO - Processing /home/renan/datapipeline/airflow/dags/twitter_dag.py took 0.022 seconds
[2022-08-08 23:57:00,101] {processor.py:153} INFO - Started process (PID=10084) to work on /home/renan/datapipeline/airflow/dags/twitter_dag.py
[2022-08-08 23:57:00,101] {processor.py:641} INFO - Processing file /home/renan/datapipeline/airflow/dags/twitter_dag.py for tasks to queue
[2022-08-08 23:57:00,101] {logging_mixin.py:115} INFO - [2022-08-08 23:57:00,101] {dagbag.py:508} INFO - Filling up the DagBag from /home/renan/datapipeline/airflow/dags/twitter_dag.py
[2022-08-08 23:57:00,105] {logging_mixin.py:115} INFO - [2022-08-08 23:57:00,104] {dagbag.py:321} ERROR - Failed to import: /home/renan/datapipeline/airflow/dags/twitter_dag.py
Traceback (most recent call last):
  File "/home/renan/datapipeline/.env/lib/python3.8/site-packages/airflow/models/dagbag.py", line 318, in parse
    loader.exec_module(new_module)
  File "<frozen importlib._bootstrap_external>", line 848, in exec_module
  File "<frozen importlib._bootstrap>", line 219, in _call_with_frames_removed
  File "/home/renan/datapipeline/airflow/dags/twitter_dag.py", line 6, in <module>
    from airflow.contrib.operators.spark_submit_operator import SparkSubmitOperator
  File "/home/renan/datapipeline/.env/lib/python3.8/site-packages/airflow/contrib/operators/spark_submit_operator.py", line 22, in <module>
    from airflow.providers.apache.spark.operators.spark_submit import SparkSubmitOperator  # noqa
ModuleNotFoundError: No module named 'airflow.providers.apache'
[2022-08-08 23:57:00,105] {processor.py:653} WARNING - No viable dags retrieved from /home/renan/datapipeline/airflow/dags/twitter_dag.py
[2022-08-08 23:57:00,117] {processor.py:161} INFO - Processing /home/renan/datapipeline/airflow/dags/twitter_dag.py took 0.019 seconds
[2022-08-08 23:57:50,346] {processor.py:153} INFO - Started process (PID=10132) to work on /home/renan/datapipeline/airflow/dags/twitter_dag.py
[2022-08-08 23:57:50,346] {processor.py:641} INFO - Processing file /home/renan/datapipeline/airflow/dags/twitter_dag.py for tasks to queue
[2022-08-08 23:57:50,347] {logging_mixin.py:115} INFO - [2022-08-08 23:57:50,347] {dagbag.py:508} INFO - Filling up the DagBag from /home/renan/datapipeline/airflow/dags/twitter_dag.py
[2022-08-08 23:57:50,353] {processor.py:651} INFO - DAG(s) dict_keys(['twitter_dag']) retrieved from /home/renan/datapipeline/airflow/dags/twitter_dag.py
[2022-08-08 23:57:50,376] {logging_mixin.py:115} INFO - [2022-08-08 23:57:50,376] {dag.py:2420} INFO - Sync 1 DAGs
[2022-08-08 23:57:50,384] {logging_mixin.py:115} INFO - [2022-08-08 23:57:50,384] {dag.py:2968} INFO - Setting next_dagrun for twitter_dag to 2022-08-08T23:57:50.352167+00:00, run_after=2022-08-09T23:57:50.352167+00:00
[2022-08-08 23:57:50,396] {processor.py:161} INFO - Processing /home/renan/datapipeline/airflow/dags/twitter_dag.py took 0.052 seconds
[2022-08-08 23:59:07,510] {processor.py:153} INFO - Started process (PID=10229) to work on /home/renan/datapipeline/airflow/dags/twitter_dag.py
[2022-08-08 23:59:07,511] {processor.py:641} INFO - Processing file /home/renan/datapipeline/airflow/dags/twitter_dag.py for tasks to queue
[2022-08-08 23:59:07,511] {logging_mixin.py:115} INFO - [2022-08-08 23:59:07,511] {dagbag.py:508} INFO - Filling up the DagBag from /home/renan/datapipeline/airflow/dags/twitter_dag.py
[2022-08-08 23:59:07,518] {processor.py:651} INFO - DAG(s) dict_keys(['twitter_dag']) retrieved from /home/renan/datapipeline/airflow/dags/twitter_dag.py
[2022-08-08 23:59:07,543] {logging_mixin.py:115} INFO - [2022-08-08 23:59:07,543] {dag.py:2420} INFO - Sync 1 DAGs
[2022-08-08 23:59:07,551] {logging_mixin.py:115} INFO - [2022-08-08 23:59:07,551] {dag.py:2968} INFO - Setting next_dagrun for twitter_dag to 2022-08-08T23:59:07.517229+00:00, run_after=2022-08-09T23:59:07.517229+00:00
[2022-08-08 23:59:07,560] {processor.py:161} INFO - Processing /home/renan/datapipeline/airflow/dags/twitter_dag.py took 0.052 seconds
[2022-08-08 23:59:39,304] {processor.py:153} INFO - Started process (PID=10290) to work on /home/renan/datapipeline/airflow/dags/twitter_dag.py
[2022-08-08 23:59:39,305] {processor.py:641} INFO - Processing file /home/renan/datapipeline/airflow/dags/twitter_dag.py for tasks to queue
[2022-08-08 23:59:39,305] {logging_mixin.py:115} INFO - [2022-08-08 23:59:39,305] {dagbag.py:508} INFO - Filling up the DagBag from /home/renan/datapipeline/airflow/dags/twitter_dag.py
[2022-08-08 23:59:39,312] {processor.py:651} INFO - DAG(s) dict_keys(['twitter_dag']) retrieved from /home/renan/datapipeline/airflow/dags/twitter_dag.py
[2022-08-08 23:59:39,345] {logging_mixin.py:115} INFO - [2022-08-08 23:59:39,344] {dag.py:2420} INFO - Sync 1 DAGs
[2022-08-08 23:59:39,354] {logging_mixin.py:115} INFO - [2022-08-08 23:59:39,354] {dag.py:2968} INFO - Setting next_dagrun for twitter_dag to 2022-08-08T23:59:39.310542+00:00, run_after=2022-08-09T23:59:39.310542+00:00
[2022-08-08 23:59:39,366] {processor.py:161} INFO - Processing /home/renan/datapipeline/airflow/dags/twitter_dag.py took 0.064 seconds
[2022-08-09 00:00:13,506] {processor.py:153} INFO - Started process (PID=10361) to work on /home/renan/datapipeline/airflow/dags/twitter_dag.py
[2022-08-09 00:00:13,507] {processor.py:641} INFO - Processing file /home/renan/datapipeline/airflow/dags/twitter_dag.py for tasks to queue
[2022-08-09 00:00:13,507] {logging_mixin.py:115} INFO - [2022-08-09 00:00:13,507] {dagbag.py:508} INFO - Filling up the DagBag from /home/renan/datapipeline/airflow/dags/twitter_dag.py
[2022-08-09 00:00:13,513] {processor.py:651} INFO - DAG(s) dict_keys(['twitter_dag']) retrieved from /home/renan/datapipeline/airflow/dags/twitter_dag.py
[2022-08-09 00:00:13,540] {logging_mixin.py:115} INFO - [2022-08-09 00:00:13,539] {dag.py:2420} INFO - Sync 1 DAGs
[2022-08-09 00:00:13,548] {logging_mixin.py:115} INFO - [2022-08-09 00:00:13,548] {dag.py:2968} INFO - Setting next_dagrun for twitter_dag to 2022-08-09T00:00:13.512136+00:00, run_after=2022-08-10T00:00:13.512136+00:00
[2022-08-09 00:00:13,558] {processor.py:161} INFO - Processing /home/renan/datapipeline/airflow/dags/twitter_dag.py took 0.054 seconds
[2022-08-09 00:00:44,244] {processor.py:153} INFO - Started process (PID=10405) to work on /home/renan/datapipeline/airflow/dags/twitter_dag.py
[2022-08-09 00:00:44,244] {processor.py:641} INFO - Processing file /home/renan/datapipeline/airflow/dags/twitter_dag.py for tasks to queue
[2022-08-09 00:00:44,244] {logging_mixin.py:115} INFO - [2022-08-09 00:00:44,244] {dagbag.py:508} INFO - Filling up the DagBag from /home/renan/datapipeline/airflow/dags/twitter_dag.py
[2022-08-09 00:00:44,250] {processor.py:651} INFO - DAG(s) dict_keys(['twitter_dag']) retrieved from /home/renan/datapipeline/airflow/dags/twitter_dag.py
[2022-08-09 00:00:44,276] {logging_mixin.py:115} INFO - [2022-08-09 00:00:44,276] {dag.py:2420} INFO - Sync 1 DAGs
[2022-08-09 00:00:44,284] {logging_mixin.py:115} INFO - [2022-08-09 00:00:44,284] {dag.py:2968} INFO - Setting next_dagrun for twitter_dag to 2022-08-09T00:00:44.249188+00:00, run_after=2022-08-10T00:00:44.249188+00:00
[2022-08-09 00:00:44,294] {processor.py:161} INFO - Processing /home/renan/datapipeline/airflow/dags/twitter_dag.py took 0.052 seconds
[2022-08-09 00:01:16,817] {processor.py:153} INFO - Started process (PID=10451) to work on /home/renan/datapipeline/airflow/dags/twitter_dag.py
[2022-08-09 00:01:16,817] {processor.py:641} INFO - Processing file /home/renan/datapipeline/airflow/dags/twitter_dag.py for tasks to queue
[2022-08-09 00:01:16,818] {logging_mixin.py:115} INFO - [2022-08-09 00:01:16,817] {dagbag.py:508} INFO - Filling up the DagBag from /home/renan/datapipeline/airflow/dags/twitter_dag.py
[2022-08-09 00:01:16,824] {processor.py:651} INFO - DAG(s) dict_keys(['twitter_dag']) retrieved from /home/renan/datapipeline/airflow/dags/twitter_dag.py
[2022-08-09 00:01:16,851] {logging_mixin.py:115} INFO - [2022-08-09 00:01:16,851] {dag.py:2420} INFO - Sync 1 DAGs
[2022-08-09 00:01:16,859] {logging_mixin.py:115} INFO - [2022-08-09 00:01:16,859] {dag.py:2968} INFO - Setting next_dagrun for twitter_dag to 2022-08-09T00:01:16.822472+00:00, run_after=2022-08-10T00:01:16.822472+00:00
[2022-08-09 00:01:16,869] {processor.py:161} INFO - Processing /home/renan/datapipeline/airflow/dags/twitter_dag.py took 0.054 seconds
[2022-08-09 00:01:47,635] {processor.py:153} INFO - Started process (PID=10485) to work on /home/renan/datapipeline/airflow/dags/twitter_dag.py
[2022-08-09 00:01:47,636] {processor.py:641} INFO - Processing file /home/renan/datapipeline/airflow/dags/twitter_dag.py for tasks to queue
[2022-08-09 00:01:47,636] {logging_mixin.py:115} INFO - [2022-08-09 00:01:47,636] {dagbag.py:508} INFO - Filling up the DagBag from /home/renan/datapipeline/airflow/dags/twitter_dag.py
[2022-08-09 00:01:47,642] {processor.py:651} INFO - DAG(s) dict_keys(['twitter_dag']) retrieved from /home/renan/datapipeline/airflow/dags/twitter_dag.py
[2022-08-09 00:01:47,671] {logging_mixin.py:115} INFO - [2022-08-09 00:01:47,670] {dag.py:2420} INFO - Sync 1 DAGs
[2022-08-09 00:01:47,680] {logging_mixin.py:115} INFO - [2022-08-09 00:01:47,680] {dag.py:2968} INFO - Setting next_dagrun for twitter_dag to 2022-08-09T00:01:47.641382+00:00, run_after=2022-08-10T00:01:47.641382+00:00
[2022-08-09 00:01:47,692] {processor.py:161} INFO - Processing /home/renan/datapipeline/airflow/dags/twitter_dag.py took 0.058 seconds
[2022-08-09 00:02:20,881] {processor.py:153} INFO - Started process (PID=10528) to work on /home/renan/datapipeline/airflow/dags/twitter_dag.py
[2022-08-09 00:02:20,882] {processor.py:641} INFO - Processing file /home/renan/datapipeline/airflow/dags/twitter_dag.py for tasks to queue
[2022-08-09 00:02:20,882] {logging_mixin.py:115} INFO - [2022-08-09 00:02:20,882] {dagbag.py:508} INFO - Filling up the DagBag from /home/renan/datapipeline/airflow/dags/twitter_dag.py
[2022-08-09 00:02:20,888] {processor.py:651} INFO - DAG(s) dict_keys(['twitter_dag']) retrieved from /home/renan/datapipeline/airflow/dags/twitter_dag.py
[2022-08-09 00:02:20,917] {logging_mixin.py:115} INFO - [2022-08-09 00:02:20,917] {dag.py:2420} INFO - Sync 1 DAGs
[2022-08-09 00:02:20,925] {logging_mixin.py:115} INFO - [2022-08-09 00:02:20,925] {dag.py:2968} INFO - Setting next_dagrun for twitter_dag to 2022-08-09T00:02:20.887123+00:00, run_after=2022-08-10T00:02:20.887123+00:00
[2022-08-09 00:02:20,936] {processor.py:161} INFO - Processing /home/renan/datapipeline/airflow/dags/twitter_dag.py took 0.056 seconds
[2022-08-09 00:02:51,224] {processor.py:153} INFO - Started process (PID=10561) to work on /home/renan/datapipeline/airflow/dags/twitter_dag.py
[2022-08-09 00:02:51,224] {processor.py:641} INFO - Processing file /home/renan/datapipeline/airflow/dags/twitter_dag.py for tasks to queue
[2022-08-09 00:02:51,224] {logging_mixin.py:115} INFO - [2022-08-09 00:02:51,224] {dagbag.py:508} INFO - Filling up the DagBag from /home/renan/datapipeline/airflow/dags/twitter_dag.py
[2022-08-09 00:02:51,230] {processor.py:651} INFO - DAG(s) dict_keys(['twitter_dag']) retrieved from /home/renan/datapipeline/airflow/dags/twitter_dag.py
[2022-08-09 00:02:51,255] {logging_mixin.py:115} INFO - [2022-08-09 00:02:51,255] {dag.py:2420} INFO - Sync 1 DAGs
[2022-08-09 00:02:51,263] {logging_mixin.py:115} INFO - [2022-08-09 00:02:51,263] {dag.py:2968} INFO - Setting next_dagrun for twitter_dag to 2022-08-09T00:02:51.229522+00:00, run_after=2022-08-10T00:02:51.229522+00:00
[2022-08-09 00:02:51,273] {processor.py:161} INFO - Processing /home/renan/datapipeline/airflow/dags/twitter_dag.py took 0.051 seconds
[2022-08-09 00:03:22,743] {processor.py:153} INFO - Started process (PID=10605) to work on /home/renan/datapipeline/airflow/dags/twitter_dag.py
[2022-08-09 00:03:22,745] {processor.py:641} INFO - Processing file /home/renan/datapipeline/airflow/dags/twitter_dag.py for tasks to queue
[2022-08-09 00:03:22,745] {logging_mixin.py:115} INFO - [2022-08-09 00:03:22,745] {dagbag.py:508} INFO - Filling up the DagBag from /home/renan/datapipeline/airflow/dags/twitter_dag.py
[2022-08-09 00:03:22,752] {processor.py:651} INFO - DAG(s) dict_keys(['twitter_dag']) retrieved from /home/renan/datapipeline/airflow/dags/twitter_dag.py
[2022-08-09 00:03:22,783] {logging_mixin.py:115} INFO - [2022-08-09 00:03:22,783] {dag.py:2420} INFO - Sync 1 DAGs
[2022-08-09 00:03:22,793] {logging_mixin.py:115} INFO - [2022-08-09 00:03:22,793] {dag.py:2968} INFO - Setting next_dagrun for twitter_dag to 2022-08-09T00:03:22.750688+00:00, run_after=2022-08-10T00:03:22.750688+00:00
[2022-08-09 00:03:22,805] {processor.py:161} INFO - Processing /home/renan/datapipeline/airflow/dags/twitter_dag.py took 0.064 seconds
[2022-08-09 00:03:54,244] {processor.py:153} INFO - Started process (PID=10648) to work on /home/renan/datapipeline/airflow/dags/twitter_dag.py
[2022-08-09 00:03:54,244] {processor.py:641} INFO - Processing file /home/renan/datapipeline/airflow/dags/twitter_dag.py for tasks to queue
[2022-08-09 00:03:54,244] {logging_mixin.py:115} INFO - [2022-08-09 00:03:54,244] {dagbag.py:508} INFO - Filling up the DagBag from /home/renan/datapipeline/airflow/dags/twitter_dag.py
[2022-08-09 00:03:54,250] {processor.py:651} INFO - DAG(s) dict_keys(['twitter_dag']) retrieved from /home/renan/datapipeline/airflow/dags/twitter_dag.py
[2022-08-09 00:03:54,276] {logging_mixin.py:115} INFO - [2022-08-09 00:03:54,276] {dag.py:2420} INFO - Sync 1 DAGs
[2022-08-09 00:03:54,284] {logging_mixin.py:115} INFO - [2022-08-09 00:03:54,284] {dag.py:2968} INFO - Setting next_dagrun for twitter_dag to 2022-08-09T00:03:54.249296+00:00, run_after=2022-08-10T00:03:54.249296+00:00
[2022-08-09 00:03:54,293] {processor.py:161} INFO - Processing /home/renan/datapipeline/airflow/dags/twitter_dag.py took 0.051 seconds
[2022-08-09 00:04:25,513] {processor.py:153} INFO - Started process (PID=10681) to work on /home/renan/datapipeline/airflow/dags/twitter_dag.py
[2022-08-09 00:04:25,514] {processor.py:641} INFO - Processing file /home/renan/datapipeline/airflow/dags/twitter_dag.py for tasks to queue
[2022-08-09 00:04:25,514] {logging_mixin.py:115} INFO - [2022-08-09 00:04:25,514] {dagbag.py:508} INFO - Filling up the DagBag from /home/renan/datapipeline/airflow/dags/twitter_dag.py
[2022-08-09 00:04:25,522] {processor.py:651} INFO - DAG(s) dict_keys(['twitter_dag']) retrieved from /home/renan/datapipeline/airflow/dags/twitter_dag.py
[2022-08-09 00:04:25,545] {logging_mixin.py:115} INFO - [2022-08-09 00:04:25,545] {dag.py:2420} INFO - Sync 1 DAGs
[2022-08-09 00:04:25,554] {logging_mixin.py:115} INFO - [2022-08-09 00:04:25,554] {dag.py:2968} INFO - Setting next_dagrun for twitter_dag to 2022-08-09T00:04:25.518841+00:00, run_after=2022-08-10T00:04:25.518841+00:00
[2022-08-09 00:04:25,563] {processor.py:161} INFO - Processing /home/renan/datapipeline/airflow/dags/twitter_dag.py took 0.051 seconds
[2022-08-09 00:04:58,531] {processor.py:153} INFO - Started process (PID=10736) to work on /home/renan/datapipeline/airflow/dags/twitter_dag.py
[2022-08-09 00:04:58,532] {processor.py:641} INFO - Processing file /home/renan/datapipeline/airflow/dags/twitter_dag.py for tasks to queue
[2022-08-09 00:04:58,532] {logging_mixin.py:115} INFO - [2022-08-09 00:04:58,532] {dagbag.py:508} INFO - Filling up the DagBag from /home/renan/datapipeline/airflow/dags/twitter_dag.py
[2022-08-09 00:04:58,541] {processor.py:651} INFO - DAG(s) dict_keys(['twitter_dag']) retrieved from /home/renan/datapipeline/airflow/dags/twitter_dag.py
[2022-08-09 00:04:58,570] {logging_mixin.py:115} INFO - [2022-08-09 00:04:58,570] {dag.py:2420} INFO - Sync 1 DAGs
[2022-08-09 00:04:58,579] {logging_mixin.py:115} INFO - [2022-08-09 00:04:58,579] {dag.py:2968} INFO - Setting next_dagrun for twitter_dag to 2022-08-09T00:04:58.537557+00:00, run_after=2022-08-10T00:04:58.537557+00:00
[2022-08-09 00:04:58,590] {processor.py:161} INFO - Processing /home/renan/datapipeline/airflow/dags/twitter_dag.py took 0.061 seconds
[2022-08-09 00:05:30,459] {processor.py:153} INFO - Started process (PID=10778) to work on /home/renan/datapipeline/airflow/dags/twitter_dag.py
[2022-08-09 00:05:30,460] {processor.py:641} INFO - Processing file /home/renan/datapipeline/airflow/dags/twitter_dag.py for tasks to queue
[2022-08-09 00:05:30,460] {logging_mixin.py:115} INFO - [2022-08-09 00:05:30,460] {dagbag.py:508} INFO - Filling up the DagBag from /home/renan/datapipeline/airflow/dags/twitter_dag.py
[2022-08-09 00:05:30,468] {processor.py:651} INFO - DAG(s) dict_keys(['twitter_dag']) retrieved from /home/renan/datapipeline/airflow/dags/twitter_dag.py
[2022-08-09 00:05:30,491] {logging_mixin.py:115} INFO - [2022-08-09 00:05:30,491] {dag.py:2420} INFO - Sync 1 DAGs
[2022-08-09 00:05:30,499] {logging_mixin.py:115} INFO - [2022-08-09 00:05:30,499] {dag.py:2968} INFO - Setting next_dagrun for twitter_dag to 2022-08-09T00:05:30.464852+00:00, run_after=2022-08-10T00:05:30.464852+00:00
[2022-08-09 00:05:30,508] {processor.py:161} INFO - Processing /home/renan/datapipeline/airflow/dags/twitter_dag.py took 0.050 seconds
[2022-08-09 00:06:02,352] {processor.py:153} INFO - Started process (PID=10813) to work on /home/renan/datapipeline/airflow/dags/twitter_dag.py
[2022-08-09 00:06:02,353] {processor.py:641} INFO - Processing file /home/renan/datapipeline/airflow/dags/twitter_dag.py for tasks to queue
[2022-08-09 00:06:02,353] {logging_mixin.py:115} INFO - [2022-08-09 00:06:02,353] {dagbag.py:508} INFO - Filling up the DagBag from /home/renan/datapipeline/airflow/dags/twitter_dag.py
[2022-08-09 00:06:02,361] {processor.py:651} INFO - DAG(s) dict_keys(['twitter_dag']) retrieved from /home/renan/datapipeline/airflow/dags/twitter_dag.py
[2022-08-09 00:06:02,384] {logging_mixin.py:115} INFO - [2022-08-09 00:06:02,384] {dag.py:2420} INFO - Sync 1 DAGs
[2022-08-09 00:06:02,393] {logging_mixin.py:115} INFO - [2022-08-09 00:06:02,393] {dag.py:2968} INFO - Setting next_dagrun for twitter_dag to 2022-08-09T00:06:02.358522+00:00, run_after=2022-08-10T00:06:02.358522+00:00
[2022-08-09 00:06:02,402] {processor.py:161} INFO - Processing /home/renan/datapipeline/airflow/dags/twitter_dag.py took 0.051 seconds
[2022-08-09 00:06:33,771] {processor.py:153} INFO - Started process (PID=10860) to work on /home/renan/datapipeline/airflow/dags/twitter_dag.py
[2022-08-09 00:06:33,772] {processor.py:641} INFO - Processing file /home/renan/datapipeline/airflow/dags/twitter_dag.py for tasks to queue
[2022-08-09 00:06:33,772] {logging_mixin.py:115} INFO - [2022-08-09 00:06:33,772] {dagbag.py:508} INFO - Filling up the DagBag from /home/renan/datapipeline/airflow/dags/twitter_dag.py
[2022-08-09 00:06:33,781] {processor.py:651} INFO - DAG(s) dict_keys(['twitter_dag']) retrieved from /home/renan/datapipeline/airflow/dags/twitter_dag.py
[2022-08-09 00:06:33,808] {logging_mixin.py:115} INFO - [2022-08-09 00:06:33,808] {dag.py:2420} INFO - Sync 1 DAGs
[2022-08-09 00:06:33,823] {logging_mixin.py:115} INFO - [2022-08-09 00:06:33,823] {dag.py:2968} INFO - Setting next_dagrun for twitter_dag to 2022-08-09T00:06:33.777233+00:00, run_after=2022-08-10T00:06:33.777233+00:00
[2022-08-09 00:06:33,835] {processor.py:161} INFO - Processing /home/renan/datapipeline/airflow/dags/twitter_dag.py took 0.066 seconds
[2022-08-09 00:07:04,532] {processor.py:153} INFO - Started process (PID=10908) to work on /home/renan/datapipeline/airflow/dags/twitter_dag.py
[2022-08-09 00:07:04,533] {processor.py:641} INFO - Processing file /home/renan/datapipeline/airflow/dags/twitter_dag.py for tasks to queue
[2022-08-09 00:07:04,533] {logging_mixin.py:115} INFO - [2022-08-09 00:07:04,533] {dagbag.py:508} INFO - Filling up the DagBag from /home/renan/datapipeline/airflow/dags/twitter_dag.py
[2022-08-09 00:07:04,544] {processor.py:651} INFO - DAG(s) dict_keys(['twitter_dag']) retrieved from /home/renan/datapipeline/airflow/dags/twitter_dag.py
[2022-08-09 00:07:04,575] {logging_mixin.py:115} INFO - [2022-08-09 00:07:04,575] {dag.py:2420} INFO - Sync 1 DAGs
[2022-08-09 00:07:04,586] {logging_mixin.py:115} INFO - [2022-08-09 00:07:04,586] {dag.py:2968} INFO - Setting next_dagrun for twitter_dag to 2022-08-09T00:07:04.538805+00:00, run_after=2022-08-10T00:07:04.538805+00:00
[2022-08-09 00:07:04,598] {processor.py:161} INFO - Processing /home/renan/datapipeline/airflow/dags/twitter_dag.py took 0.067 seconds
[2022-08-09 00:07:36,482] {processor.py:153} INFO - Started process (PID=10943) to work on /home/renan/datapipeline/airflow/dags/twitter_dag.py
[2022-08-09 00:07:36,483] {processor.py:641} INFO - Processing file /home/renan/datapipeline/airflow/dags/twitter_dag.py for tasks to queue
[2022-08-09 00:07:36,484] {logging_mixin.py:115} INFO - [2022-08-09 00:07:36,484] {dagbag.py:508} INFO - Filling up the DagBag from /home/renan/datapipeline/airflow/dags/twitter_dag.py
[2022-08-09 00:07:36,492] {processor.py:651} INFO - DAG(s) dict_keys(['twitter_dag']) retrieved from /home/renan/datapipeline/airflow/dags/twitter_dag.py
[2022-08-09 00:07:36,520] {logging_mixin.py:115} INFO - [2022-08-09 00:07:36,520] {dag.py:2420} INFO - Sync 1 DAGs
[2022-08-09 00:07:36,529] {logging_mixin.py:115} INFO - [2022-08-09 00:07:36,528] {dag.py:2968} INFO - Setting next_dagrun for twitter_dag to 2022-08-09T00:07:36.489231+00:00, run_after=2022-08-10T00:07:36.489231+00:00
[2022-08-09 00:07:36,541] {processor.py:161} INFO - Processing /home/renan/datapipeline/airflow/dags/twitter_dag.py took 0.060 seconds
[2022-08-09 00:08:11,596] {processor.py:153} INFO - Started process (PID=10983) to work on /home/renan/datapipeline/airflow/dags/twitter_dag.py
[2022-08-09 00:08:11,596] {processor.py:641} INFO - Processing file /home/renan/datapipeline/airflow/dags/twitter_dag.py for tasks to queue
[2022-08-09 00:08:11,597] {logging_mixin.py:115} INFO - [2022-08-09 00:08:11,597] {dagbag.py:508} INFO - Filling up the DagBag from /home/renan/datapipeline/airflow/dags/twitter_dag.py
[2022-08-09 00:08:11,605] {processor.py:651} INFO - DAG(s) dict_keys(['twitter_dag']) retrieved from /home/renan/datapipeline/airflow/dags/twitter_dag.py
[2022-08-09 00:08:11,628] {logging_mixin.py:115} INFO - [2022-08-09 00:08:11,628] {dag.py:2420} INFO - Sync 1 DAGs
[2022-08-09 00:08:11,636] {logging_mixin.py:115} INFO - [2022-08-09 00:08:11,636] {dag.py:2968} INFO - Setting next_dagrun for twitter_dag to 2022-08-09T00:08:11.601702+00:00, run_after=2022-08-10T00:08:11.601702+00:00
[2022-08-09 00:08:11,645] {processor.py:161} INFO - Processing /home/renan/datapipeline/airflow/dags/twitter_dag.py took 0.051 seconds
[2022-08-09 00:08:44,186] {processor.py:153} INFO - Started process (PID=11020) to work on /home/renan/datapipeline/airflow/dags/twitter_dag.py
[2022-08-09 00:08:44,186] {processor.py:641} INFO - Processing file /home/renan/datapipeline/airflow/dags/twitter_dag.py for tasks to queue
[2022-08-09 00:08:44,186] {logging_mixin.py:115} INFO - [2022-08-09 00:08:44,186] {dagbag.py:508} INFO - Filling up the DagBag from /home/renan/datapipeline/airflow/dags/twitter_dag.py
[2022-08-09 00:08:44,194] {processor.py:651} INFO - DAG(s) dict_keys(['twitter_dag']) retrieved from /home/renan/datapipeline/airflow/dags/twitter_dag.py
[2022-08-09 00:08:44,217] {logging_mixin.py:115} INFO - [2022-08-09 00:08:44,217] {dag.py:2420} INFO - Sync 1 DAGs
[2022-08-09 00:08:44,226] {logging_mixin.py:115} INFO - [2022-08-09 00:08:44,225] {dag.py:2968} INFO - Setting next_dagrun for twitter_dag to 2022-08-09T00:08:44.191857+00:00, run_after=2022-08-10T00:08:44.191857+00:00
[2022-08-09 00:08:44,236] {processor.py:161} INFO - Processing /home/renan/datapipeline/airflow/dags/twitter_dag.py took 0.051 seconds
[2022-08-09 00:09:17,868] {processor.py:153} INFO - Started process (PID=11054) to work on /home/renan/datapipeline/airflow/dags/twitter_dag.py
[2022-08-09 00:09:17,868] {processor.py:641} INFO - Processing file /home/renan/datapipeline/airflow/dags/twitter_dag.py for tasks to queue
[2022-08-09 00:09:17,869] {logging_mixin.py:115} INFO - [2022-08-09 00:09:17,869] {dagbag.py:508} INFO - Filling up the DagBag from /home/renan/datapipeline/airflow/dags/twitter_dag.py
[2022-08-09 00:09:17,877] {processor.py:651} INFO - DAG(s) dict_keys(['twitter_dag']) retrieved from /home/renan/datapipeline/airflow/dags/twitter_dag.py
[2022-08-09 00:09:17,900] {logging_mixin.py:115} INFO - [2022-08-09 00:09:17,900] {dag.py:2420} INFO - Sync 1 DAGs
[2022-08-09 00:09:17,908] {logging_mixin.py:115} INFO - [2022-08-09 00:09:17,908] {dag.py:2968} INFO - Setting next_dagrun for twitter_dag to 2022-08-09T00:09:17.875967+00:00, run_after=2022-08-10T00:09:17.875967+00:00
[2022-08-09 00:09:17,917] {processor.py:161} INFO - Processing /home/renan/datapipeline/airflow/dags/twitter_dag.py took 0.051 seconds
[2022-08-09 00:09:49,770] {processor.py:153} INFO - Started process (PID=11089) to work on /home/renan/datapipeline/airflow/dags/twitter_dag.py
[2022-08-09 00:09:49,770] {processor.py:641} INFO - Processing file /home/renan/datapipeline/airflow/dags/twitter_dag.py for tasks to queue
[2022-08-09 00:09:49,771] {logging_mixin.py:115} INFO - [2022-08-09 00:09:49,771] {dagbag.py:508} INFO - Filling up the DagBag from /home/renan/datapipeline/airflow/dags/twitter_dag.py
[2022-08-09 00:09:49,779] {processor.py:651} INFO - DAG(s) dict_keys(['twitter_dag']) retrieved from /home/renan/datapipeline/airflow/dags/twitter_dag.py
[2022-08-09 00:09:49,802] {logging_mixin.py:115} INFO - [2022-08-09 00:09:49,802] {dag.py:2420} INFO - Sync 1 DAGs
[2022-08-09 00:09:49,810] {logging_mixin.py:115} INFO - [2022-08-09 00:09:49,810] {dag.py:2968} INFO - Setting next_dagrun for twitter_dag to 2022-08-09T00:09:49.778109+00:00, run_after=2022-08-10T00:09:49.778109+00:00
[2022-08-09 00:09:49,819] {processor.py:161} INFO - Processing /home/renan/datapipeline/airflow/dags/twitter_dag.py took 0.050 seconds
[2022-08-09 00:10:20,570] {processor.py:153} INFO - Started process (PID=11126) to work on /home/renan/datapipeline/airflow/dags/twitter_dag.py
[2022-08-09 00:10:20,571] {processor.py:641} INFO - Processing file /home/renan/datapipeline/airflow/dags/twitter_dag.py for tasks to queue
[2022-08-09 00:10:20,571] {logging_mixin.py:115} INFO - [2022-08-09 00:10:20,571] {dagbag.py:508} INFO - Filling up the DagBag from /home/renan/datapipeline/airflow/dags/twitter_dag.py
[2022-08-09 00:10:20,579] {processor.py:651} INFO - DAG(s) dict_keys(['twitter_dag']) retrieved from /home/renan/datapipeline/airflow/dags/twitter_dag.py
[2022-08-09 00:10:20,602] {logging_mixin.py:115} INFO - [2022-08-09 00:10:20,602] {dag.py:2420} INFO - Sync 1 DAGs
[2022-08-09 00:10:20,610] {logging_mixin.py:115} INFO - [2022-08-09 00:10:20,610] {dag.py:2968} INFO - Setting next_dagrun for twitter_dag to 2022-08-09T00:10:20.578052+00:00, run_after=2022-08-10T00:10:20.578052+00:00
[2022-08-09 00:10:20,620] {processor.py:161} INFO - Processing /home/renan/datapipeline/airflow/dags/twitter_dag.py took 0.052 seconds
[2022-08-09 00:10:53,573] {processor.py:153} INFO - Started process (PID=11177) to work on /home/renan/datapipeline/airflow/dags/twitter_dag.py
[2022-08-09 00:10:53,574] {processor.py:641} INFO - Processing file /home/renan/datapipeline/airflow/dags/twitter_dag.py for tasks to queue
[2022-08-09 00:10:53,574] {logging_mixin.py:115} INFO - [2022-08-09 00:10:53,574] {dagbag.py:508} INFO - Filling up the DagBag from /home/renan/datapipeline/airflow/dags/twitter_dag.py
[2022-08-09 00:10:53,583] {processor.py:651} INFO - DAG(s) dict_keys(['twitter_dag']) retrieved from /home/renan/datapipeline/airflow/dags/twitter_dag.py
[2022-08-09 00:10:53,610] {logging_mixin.py:115} INFO - [2022-08-09 00:10:53,610] {dag.py:2420} INFO - Sync 1 DAGs
[2022-08-09 00:10:53,620] {logging_mixin.py:115} INFO - [2022-08-09 00:10:53,620] {dag.py:2968} INFO - Setting next_dagrun for twitter_dag to 2022-08-09T00:10:53.581947+00:00, run_after=2022-08-10T00:10:53.581947+00:00
[2022-08-09 00:10:53,633] {processor.py:161} INFO - Processing /home/renan/datapipeline/airflow/dags/twitter_dag.py took 0.061 seconds
[2022-08-09 00:11:26,122] {processor.py:153} INFO - Started process (PID=11213) to work on /home/renan/datapipeline/airflow/dags/twitter_dag.py
[2022-08-09 00:11:26,123] {processor.py:641} INFO - Processing file /home/renan/datapipeline/airflow/dags/twitter_dag.py for tasks to queue
[2022-08-09 00:11:26,123] {logging_mixin.py:115} INFO - [2022-08-09 00:11:26,123] {dagbag.py:508} INFO - Filling up the DagBag from /home/renan/datapipeline/airflow/dags/twitter_dag.py
[2022-08-09 00:11:26,131] {processor.py:651} INFO - DAG(s) dict_keys(['twitter_dag']) retrieved from /home/renan/datapipeline/airflow/dags/twitter_dag.py
[2022-08-09 00:11:26,154] {logging_mixin.py:115} INFO - [2022-08-09 00:11:26,154] {dag.py:2420} INFO - Sync 1 DAGs
[2022-08-09 00:11:26,162] {logging_mixin.py:115} INFO - [2022-08-09 00:11:26,162] {dag.py:2968} INFO - Setting next_dagrun for twitter_dag to 2022-08-09T00:11:26.129905+00:00, run_after=2022-08-10T00:11:26.129905+00:00
[2022-08-09 00:11:26,172] {processor.py:161} INFO - Processing /home/renan/datapipeline/airflow/dags/twitter_dag.py took 0.051 seconds
[2022-08-09 00:11:56,512] {processor.py:153} INFO - Started process (PID=11258) to work on /home/renan/datapipeline/airflow/dags/twitter_dag.py
[2022-08-09 00:11:56,512] {processor.py:641} INFO - Processing file /home/renan/datapipeline/airflow/dags/twitter_dag.py for tasks to queue
[2022-08-09 00:11:56,513] {logging_mixin.py:115} INFO - [2022-08-09 00:11:56,513] {dagbag.py:508} INFO - Filling up the DagBag from /home/renan/datapipeline/airflow/dags/twitter_dag.py
[2022-08-09 00:11:56,521] {processor.py:651} INFO - DAG(s) dict_keys(['twitter_dag']) retrieved from /home/renan/datapipeline/airflow/dags/twitter_dag.py
[2022-08-09 00:11:56,546] {logging_mixin.py:115} INFO - [2022-08-09 00:11:56,546] {dag.py:2420} INFO - Sync 1 DAGs
[2022-08-09 00:11:56,555] {logging_mixin.py:115} INFO - [2022-08-09 00:11:56,555] {dag.py:2968} INFO - Setting next_dagrun for twitter_dag to 2022-08-09T00:11:56.520099+00:00, run_after=2022-08-10T00:11:56.520099+00:00
[2022-08-09 00:11:56,568] {processor.py:161} INFO - Processing /home/renan/datapipeline/airflow/dags/twitter_dag.py took 0.057 seconds
[2022-08-09 00:12:26,825] {processor.py:153} INFO - Started process (PID=11306) to work on /home/renan/datapipeline/airflow/dags/twitter_dag.py
[2022-08-09 00:12:26,827] {processor.py:641} INFO - Processing file /home/renan/datapipeline/airflow/dags/twitter_dag.py for tasks to queue
[2022-08-09 00:12:26,827] {logging_mixin.py:115} INFO - [2022-08-09 00:12:26,827] {dagbag.py:508} INFO - Filling up the DagBag from /home/renan/datapipeline/airflow/dags/twitter_dag.py
[2022-08-09 00:12:26,837] {processor.py:651} INFO - DAG(s) dict_keys(['twitter_dag']) retrieved from /home/renan/datapipeline/airflow/dags/twitter_dag.py
[2022-08-09 00:12:26,867] {logging_mixin.py:115} INFO - [2022-08-09 00:12:26,867] {dag.py:2420} INFO - Sync 1 DAGs
[2022-08-09 00:12:26,881] {logging_mixin.py:115} INFO - [2022-08-09 00:12:26,881] {dag.py:2968} INFO - Setting next_dagrun for twitter_dag to 2022-08-09T00:12:26.835701+00:00, run_after=2022-08-10T00:12:26.835701+00:00
[2022-08-09 00:12:26,898] {processor.py:161} INFO - Processing /home/renan/datapipeline/airflow/dags/twitter_dag.py took 0.076 seconds
[2022-08-09 00:13:01,115] {processor.py:153} INFO - Started process (PID=11357) to work on /home/renan/datapipeline/airflow/dags/twitter_dag.py
[2022-08-09 00:13:01,115] {processor.py:641} INFO - Processing file /home/renan/datapipeline/airflow/dags/twitter_dag.py for tasks to queue
[2022-08-09 00:13:01,116] {logging_mixin.py:115} INFO - [2022-08-09 00:13:01,116] {dagbag.py:508} INFO - Filling up the DagBag from /home/renan/datapipeline/airflow/dags/twitter_dag.py
[2022-08-09 00:13:01,125] {processor.py:651} INFO - DAG(s) dict_keys(['twitter_dag']) retrieved from /home/renan/datapipeline/airflow/dags/twitter_dag.py
[2022-08-09 00:13:01,151] {logging_mixin.py:115} INFO - [2022-08-09 00:13:01,151] {dag.py:2420} INFO - Sync 1 DAGs
[2022-08-09 00:13:01,161] {logging_mixin.py:115} INFO - [2022-08-09 00:13:01,161] {dag.py:2968} INFO - Setting next_dagrun for twitter_dag to 2022-08-09T00:13:01.124244+00:00, run_after=2022-08-10T00:13:01.124244+00:00
[2022-08-09 00:13:01,173] {processor.py:161} INFO - Processing /home/renan/datapipeline/airflow/dags/twitter_dag.py took 0.059 seconds
[2022-08-09 00:13:31,552] {processor.py:153} INFO - Started process (PID=11392) to work on /home/renan/datapipeline/airflow/dags/twitter_dag.py
[2022-08-09 00:13:31,553] {processor.py:641} INFO - Processing file /home/renan/datapipeline/airflow/dags/twitter_dag.py for tasks to queue
[2022-08-09 00:13:31,553] {logging_mixin.py:115} INFO - [2022-08-09 00:13:31,553] {dagbag.py:508} INFO - Filling up the DagBag from /home/renan/datapipeline/airflow/dags/twitter_dag.py
[2022-08-09 00:13:31,562] {processor.py:651} INFO - DAG(s) dict_keys(['twitter_dag']) retrieved from /home/renan/datapipeline/airflow/dags/twitter_dag.py
[2022-08-09 00:13:31,588] {logging_mixin.py:115} INFO - [2022-08-09 00:13:31,588] {dag.py:2420} INFO - Sync 1 DAGs
[2022-08-09 00:13:31,596] {logging_mixin.py:115} INFO - [2022-08-09 00:13:31,596] {dag.py:2968} INFO - Setting next_dagrun for twitter_dag to 2022-08-09T00:13:31.561408+00:00, run_after=2022-08-10T00:13:31.561408+00:00
[2022-08-09 00:13:31,606] {processor.py:161} INFO - Processing /home/renan/datapipeline/airflow/dags/twitter_dag.py took 0.056 seconds
[2022-08-09 00:14:04,622] {processor.py:153} INFO - Started process (PID=11475) to work on /home/renan/datapipeline/airflow/dags/twitter_dag.py
[2022-08-09 00:14:04,622] {processor.py:641} INFO - Processing file /home/renan/datapipeline/airflow/dags/twitter_dag.py for tasks to queue
[2022-08-09 00:14:04,623] {logging_mixin.py:115} INFO - [2022-08-09 00:14:04,623] {dagbag.py:508} INFO - Filling up the DagBag from /home/renan/datapipeline/airflow/dags/twitter_dag.py
[2022-08-09 00:14:04,630] {processor.py:651} INFO - DAG(s) dict_keys(['twitter_dag']) retrieved from /home/renan/datapipeline/airflow/dags/twitter_dag.py
[2022-08-09 00:14:04,654] {logging_mixin.py:115} INFO - [2022-08-09 00:14:04,654] {dag.py:2420} INFO - Sync 1 DAGs
[2022-08-09 00:14:04,662] {logging_mixin.py:115} INFO - [2022-08-09 00:14:04,662] {dag.py:2968} INFO - Setting next_dagrun for twitter_dag to 2022-08-09T00:14:04.629733+00:00, run_after=2022-08-10T00:14:04.629733+00:00
[2022-08-09 00:14:04,672] {processor.py:161} INFO - Processing /home/renan/datapipeline/airflow/dags/twitter_dag.py took 0.051 seconds
[2022-08-09 00:14:35,983] {processor.py:153} INFO - Started process (PID=11519) to work on /home/renan/datapipeline/airflow/dags/twitter_dag.py
[2022-08-09 00:14:35,984] {processor.py:641} INFO - Processing file /home/renan/datapipeline/airflow/dags/twitter_dag.py for tasks to queue
[2022-08-09 00:14:35,984] {logging_mixin.py:115} INFO - [2022-08-09 00:14:35,984] {dagbag.py:508} INFO - Filling up the DagBag from /home/renan/datapipeline/airflow/dags/twitter_dag.py
[2022-08-09 00:14:35,991] {processor.py:651} INFO - DAG(s) dict_keys(['twitter_dag']) retrieved from /home/renan/datapipeline/airflow/dags/twitter_dag.py
[2022-08-09 00:14:36,017] {logging_mixin.py:115} INFO - [2022-08-09 00:14:36,017] {dag.py:2420} INFO - Sync 1 DAGs
[2022-08-09 00:14:36,026] {logging_mixin.py:115} INFO - [2022-08-09 00:14:36,026] {dag.py:2968} INFO - Setting next_dagrun for twitter_dag to 2022-08-09T00:14:35.989651+00:00, run_after=2022-08-10T00:14:35.989651+00:00
[2022-08-09 00:14:36,036] {processor.py:161} INFO - Processing /home/renan/datapipeline/airflow/dags/twitter_dag.py took 0.054 seconds
[2022-08-09 00:15:06,804] {processor.py:153} INFO - Started process (PID=11558) to work on /home/renan/datapipeline/airflow/dags/twitter_dag.py
[2022-08-09 00:15:06,804] {processor.py:641} INFO - Processing file /home/renan/datapipeline/airflow/dags/twitter_dag.py for tasks to queue
[2022-08-09 00:15:06,804] {logging_mixin.py:115} INFO - [2022-08-09 00:15:06,804] {dagbag.py:508} INFO - Filling up the DagBag from /home/renan/datapipeline/airflow/dags/twitter_dag.py
[2022-08-09 00:15:06,810] {processor.py:651} INFO - DAG(s) dict_keys(['twitter_dag']) retrieved from /home/renan/datapipeline/airflow/dags/twitter_dag.py
[2022-08-09 00:15:06,834] {logging_mixin.py:115} INFO - [2022-08-09 00:15:06,834] {dag.py:2420} INFO - Sync 1 DAGs
[2022-08-09 00:15:06,842] {logging_mixin.py:115} INFO - [2022-08-09 00:15:06,842] {dag.py:2968} INFO - Setting next_dagrun for twitter_dag to 2022-08-09T00:15:06.809561+00:00, run_after=2022-08-10T00:15:06.809561+00:00
[2022-08-09 00:15:06,851] {processor.py:161} INFO - Processing /home/renan/datapipeline/airflow/dags/twitter_dag.py took 0.049 seconds
[2022-08-09 00:15:40,291] {processor.py:153} INFO - Started process (PID=11624) to work on /home/renan/datapipeline/airflow/dags/twitter_dag.py
[2022-08-09 00:15:40,291] {processor.py:641} INFO - Processing file /home/renan/datapipeline/airflow/dags/twitter_dag.py for tasks to queue
[2022-08-09 00:15:40,292] {logging_mixin.py:115} INFO - [2022-08-09 00:15:40,291] {dagbag.py:508} INFO - Filling up the DagBag from /home/renan/datapipeline/airflow/dags/twitter_dag.py
[2022-08-09 00:15:40,298] {processor.py:651} INFO - DAG(s) dict_keys(['twitter_dag']) retrieved from /home/renan/datapipeline/airflow/dags/twitter_dag.py
[2022-08-09 00:15:40,324] {logging_mixin.py:115} INFO - [2022-08-09 00:15:40,324] {dag.py:2420} INFO - Sync 1 DAGs
[2022-08-09 00:15:40,333] {logging_mixin.py:115} INFO - [2022-08-09 00:15:40,333] {dag.py:2968} INFO - Setting next_dagrun for twitter_dag to 2022-08-09T00:15:40.296805+00:00, run_after=2022-08-10T00:15:40.296805+00:00
[2022-08-09 00:15:40,344] {processor.py:161} INFO - Processing /home/renan/datapipeline/airflow/dags/twitter_dag.py took 0.055 seconds
[2022-08-09 00:16:11,753] {processor.py:153} INFO - Started process (PID=11670) to work on /home/renan/datapipeline/airflow/dags/twitter_dag.py
[2022-08-09 00:16:11,754] {processor.py:641} INFO - Processing file /home/renan/datapipeline/airflow/dags/twitter_dag.py for tasks to queue
[2022-08-09 00:16:11,754] {logging_mixin.py:115} INFO - [2022-08-09 00:16:11,754] {dagbag.py:508} INFO - Filling up the DagBag from /home/renan/datapipeline/airflow/dags/twitter_dag.py
[2022-08-09 00:16:11,760] {processor.py:651} INFO - DAG(s) dict_keys(['twitter_dag']) retrieved from /home/renan/datapipeline/airflow/dags/twitter_dag.py
[2022-08-09 00:16:11,784] {logging_mixin.py:115} INFO - [2022-08-09 00:16:11,784] {dag.py:2420} INFO - Sync 1 DAGs
[2022-08-09 00:16:11,793] {logging_mixin.py:115} INFO - [2022-08-09 00:16:11,792] {dag.py:2968} INFO - Setting next_dagrun for twitter_dag to 2022-08-09T00:16:11.758973+00:00, run_after=2022-08-10T00:16:11.758973+00:00
[2022-08-09 00:16:11,802] {processor.py:161} INFO - Processing /home/renan/datapipeline/airflow/dags/twitter_dag.py took 0.050 seconds
[2022-08-09 00:16:45,401] {processor.py:153} INFO - Started process (PID=11717) to work on /home/renan/datapipeline/airflow/dags/twitter_dag.py
[2022-08-09 00:16:45,401] {processor.py:641} INFO - Processing file /home/renan/datapipeline/airflow/dags/twitter_dag.py for tasks to queue
[2022-08-09 00:16:45,401] {logging_mixin.py:115} INFO - [2022-08-09 00:16:45,401] {dagbag.py:508} INFO - Filling up the DagBag from /home/renan/datapipeline/airflow/dags/twitter_dag.py
[2022-08-09 00:16:45,409] {processor.py:651} INFO - DAG(s) dict_keys(['twitter_dag']) retrieved from /home/renan/datapipeline/airflow/dags/twitter_dag.py
[2022-08-09 00:16:45,436] {logging_mixin.py:115} INFO - [2022-08-09 00:16:45,436] {dag.py:2420} INFO - Sync 1 DAGs
[2022-08-09 00:16:45,445] {logging_mixin.py:115} INFO - [2022-08-09 00:16:45,445] {dag.py:2968} INFO - Setting next_dagrun for twitter_dag to 2022-08-09T00:16:45.407781+00:00, run_after=2022-08-10T00:16:45.407781+00:00
[2022-08-09 00:16:45,456] {processor.py:161} INFO - Processing /home/renan/datapipeline/airflow/dags/twitter_dag.py took 0.057 seconds
[2022-08-09 00:17:19,052] {processor.py:153} INFO - Started process (PID=11778) to work on /home/renan/datapipeline/airflow/dags/twitter_dag.py
[2022-08-09 00:17:19,052] {processor.py:641} INFO - Processing file /home/renan/datapipeline/airflow/dags/twitter_dag.py for tasks to queue
[2022-08-09 00:17:19,052] {logging_mixin.py:115} INFO - [2022-08-09 00:17:19,052] {dagbag.py:508} INFO - Filling up the DagBag from /home/renan/datapipeline/airflow/dags/twitter_dag.py
[2022-08-09 00:17:19,060] {processor.py:651} INFO - DAG(s) dict_keys(['twitter_dag']) retrieved from /home/renan/datapipeline/airflow/dags/twitter_dag.py
[2022-08-09 00:17:19,084] {logging_mixin.py:115} INFO - [2022-08-09 00:17:19,084] {dag.py:2420} INFO - Sync 1 DAGs
[2022-08-09 00:17:19,094] {logging_mixin.py:115} INFO - [2022-08-09 00:17:19,094] {dag.py:2968} INFO - Setting next_dagrun for twitter_dag to 2022-08-09T00:17:19.058774+00:00, run_after=2022-08-10T00:17:19.058774+00:00
[2022-08-09 00:17:19,105] {processor.py:161} INFO - Processing /home/renan/datapipeline/airflow/dags/twitter_dag.py took 0.055 seconds
[2022-08-09 00:17:50,365] {processor.py:153} INFO - Started process (PID=11812) to work on /home/renan/datapipeline/airflow/dags/twitter_dag.py
[2022-08-09 00:17:50,366] {processor.py:641} INFO - Processing file /home/renan/datapipeline/airflow/dags/twitter_dag.py for tasks to queue
[2022-08-09 00:17:50,366] {logging_mixin.py:115} INFO - [2022-08-09 00:17:50,366] {dagbag.py:508} INFO - Filling up the DagBag from /home/renan/datapipeline/airflow/dags/twitter_dag.py
[2022-08-09 00:17:50,372] {processor.py:651} INFO - DAG(s) dict_keys(['twitter_dag']) retrieved from /home/renan/datapipeline/airflow/dags/twitter_dag.py
[2022-08-09 00:17:50,397] {logging_mixin.py:115} INFO - [2022-08-09 00:17:50,396] {dag.py:2420} INFO - Sync 1 DAGs
[2022-08-09 00:17:50,405] {logging_mixin.py:115} INFO - [2022-08-09 00:17:50,405] {dag.py:2968} INFO - Setting next_dagrun for twitter_dag to 2022-08-09T00:17:50.371278+00:00, run_after=2022-08-10T00:17:50.371278+00:00
[2022-08-09 00:17:50,414] {processor.py:161} INFO - Processing /home/renan/datapipeline/airflow/dags/twitter_dag.py took 0.051 seconds
[2022-08-09 00:18:21,024] {processor.py:153} INFO - Started process (PID=11846) to work on /home/renan/datapipeline/airflow/dags/twitter_dag.py
[2022-08-09 00:18:21,025] {processor.py:641} INFO - Processing file /home/renan/datapipeline/airflow/dags/twitter_dag.py for tasks to queue
[2022-08-09 00:18:21,025] {logging_mixin.py:115} INFO - [2022-08-09 00:18:21,025] {dagbag.py:508} INFO - Filling up the DagBag from /home/renan/datapipeline/airflow/dags/twitter_dag.py
[2022-08-09 00:18:21,032] {processor.py:651} INFO - DAG(s) dict_keys(['twitter_dag']) retrieved from /home/renan/datapipeline/airflow/dags/twitter_dag.py
[2022-08-09 00:18:21,058] {logging_mixin.py:115} INFO - [2022-08-09 00:18:21,058] {dag.py:2420} INFO - Sync 1 DAGs
[2022-08-09 00:18:21,067] {logging_mixin.py:115} INFO - [2022-08-09 00:18:21,067] {dag.py:2968} INFO - Setting next_dagrun for twitter_dag to 2022-08-09T00:18:21.030184+00:00, run_after=2022-08-10T00:18:21.030184+00:00
[2022-08-09 00:18:21,079] {processor.py:161} INFO - Processing /home/renan/datapipeline/airflow/dags/twitter_dag.py took 0.057 seconds
[2022-08-09 00:18:51,407] {processor.py:153} INFO - Started process (PID=11878) to work on /home/renan/datapipeline/airflow/dags/twitter_dag.py
[2022-08-09 00:18:51,407] {processor.py:641} INFO - Processing file /home/renan/datapipeline/airflow/dags/twitter_dag.py for tasks to queue
[2022-08-09 00:18:51,408] {logging_mixin.py:115} INFO - [2022-08-09 00:18:51,408] {dagbag.py:508} INFO - Filling up the DagBag from /home/renan/datapipeline/airflow/dags/twitter_dag.py
[2022-08-09 00:18:51,414] {processor.py:651} INFO - DAG(s) dict_keys(['twitter_dag']) retrieved from /home/renan/datapipeline/airflow/dags/twitter_dag.py
[2022-08-09 00:18:51,438] {logging_mixin.py:115} INFO - [2022-08-09 00:18:51,438] {dag.py:2420} INFO - Sync 1 DAGs
[2022-08-09 00:18:51,446] {logging_mixin.py:115} INFO - [2022-08-09 00:18:51,446] {dag.py:2968} INFO - Setting next_dagrun for twitter_dag to 2022-08-09T00:18:51.413147+00:00, run_after=2022-08-10T00:18:51.413147+00:00
[2022-08-09 00:18:51,455] {processor.py:161} INFO - Processing /home/renan/datapipeline/airflow/dags/twitter_dag.py took 0.050 seconds
[2022-08-09 00:19:22,797] {processor.py:153} INFO - Started process (PID=11913) to work on /home/renan/datapipeline/airflow/dags/twitter_dag.py
[2022-08-09 00:19:22,797] {processor.py:641} INFO - Processing file /home/renan/datapipeline/airflow/dags/twitter_dag.py for tasks to queue
[2022-08-09 00:19:22,798] {logging_mixin.py:115} INFO - [2022-08-09 00:19:22,798] {dagbag.py:508} INFO - Filling up the DagBag from /home/renan/datapipeline/airflow/dags/twitter_dag.py
[2022-08-09 00:19:22,804] {processor.py:651} INFO - DAG(s) dict_keys(['twitter_dag']) retrieved from /home/renan/datapipeline/airflow/dags/twitter_dag.py
[2022-08-09 00:19:22,832] {logging_mixin.py:115} INFO - [2022-08-09 00:19:22,832] {dag.py:2420} INFO - Sync 1 DAGs
[2022-08-09 00:19:22,841] {logging_mixin.py:115} INFO - [2022-08-09 00:19:22,841] {dag.py:2968} INFO - Setting next_dagrun for twitter_dag to 2022-08-09T00:19:22.803334+00:00, run_after=2022-08-10T00:19:22.803334+00:00
[2022-08-09 00:19:22,852] {processor.py:161} INFO - Processing /home/renan/datapipeline/airflow/dags/twitter_dag.py took 0.057 seconds
[2022-08-09 00:19:55,216] {processor.py:153} INFO - Started process (PID=11946) to work on /home/renan/datapipeline/airflow/dags/twitter_dag.py
[2022-08-09 00:19:55,217] {processor.py:641} INFO - Processing file /home/renan/datapipeline/airflow/dags/twitter_dag.py for tasks to queue
[2022-08-09 00:19:55,217] {logging_mixin.py:115} INFO - [2022-08-09 00:19:55,217] {dagbag.py:508} INFO - Filling up the DagBag from /home/renan/datapipeline/airflow/dags/twitter_dag.py
[2022-08-09 00:19:55,223] {processor.py:651} INFO - DAG(s) dict_keys(['twitter_dag']) retrieved from /home/renan/datapipeline/airflow/dags/twitter_dag.py
[2022-08-09 00:19:55,248] {logging_mixin.py:115} INFO - [2022-08-09 00:19:55,247] {dag.py:2420} INFO - Sync 1 DAGs
[2022-08-09 00:19:55,256] {logging_mixin.py:115} INFO - [2022-08-09 00:19:55,256] {dag.py:2968} INFO - Setting next_dagrun for twitter_dag to 2022-08-09T00:19:55.222721+00:00, run_after=2022-08-10T00:19:55.222721+00:00
[2022-08-09 00:19:55,266] {processor.py:161} INFO - Processing /home/renan/datapipeline/airflow/dags/twitter_dag.py took 0.051 seconds
[2022-08-09 00:20:27,097] {processor.py:153} INFO - Started process (PID=11985) to work on /home/renan/datapipeline/airflow/dags/twitter_dag.py
[2022-08-09 00:20:27,098] {processor.py:641} INFO - Processing file /home/renan/datapipeline/airflow/dags/twitter_dag.py for tasks to queue
[2022-08-09 00:20:27,098] {logging_mixin.py:115} INFO - [2022-08-09 00:20:27,098] {dagbag.py:508} INFO - Filling up the DagBag from /home/renan/datapipeline/airflow/dags/twitter_dag.py
[2022-08-09 00:20:27,105] {processor.py:651} INFO - DAG(s) dict_keys(['twitter_dag']) retrieved from /home/renan/datapipeline/airflow/dags/twitter_dag.py
[2022-08-09 00:20:27,128] {logging_mixin.py:115} INFO - [2022-08-09 00:20:27,128] {dag.py:2420} INFO - Sync 1 DAGs
[2022-08-09 00:20:27,136] {logging_mixin.py:115} INFO - [2022-08-09 00:20:27,136] {dag.py:2968} INFO - Setting next_dagrun for twitter_dag to 2022-08-09T00:20:27.103679+00:00, run_after=2022-08-10T00:20:27.103679+00:00
[2022-08-09 00:20:27,146] {processor.py:161} INFO - Processing /home/renan/datapipeline/airflow/dags/twitter_dag.py took 0.050 seconds
[2022-08-09 00:20:57,892] {processor.py:153} INFO - Started process (PID=12017) to work on /home/renan/datapipeline/airflow/dags/twitter_dag.py
[2022-08-09 00:20:57,893] {processor.py:641} INFO - Processing file /home/renan/datapipeline/airflow/dags/twitter_dag.py for tasks to queue
[2022-08-09 00:20:57,893] {logging_mixin.py:115} INFO - [2022-08-09 00:20:57,893] {dagbag.py:508} INFO - Filling up the DagBag from /home/renan/datapipeline/airflow/dags/twitter_dag.py
[2022-08-09 00:20:57,899] {processor.py:651} INFO - DAG(s) dict_keys(['twitter_dag']) retrieved from /home/renan/datapipeline/airflow/dags/twitter_dag.py
[2022-08-09 00:20:57,934] {logging_mixin.py:115} INFO - [2022-08-09 00:20:57,934] {dag.py:2420} INFO - Sync 1 DAGs
[2022-08-09 00:20:57,942] {logging_mixin.py:115} INFO - [2022-08-09 00:20:57,942] {dag.py:2968} INFO - Setting next_dagrun for twitter_dag to 2022-08-09T00:20:57.898026+00:00, run_after=2022-08-10T00:20:57.898026+00:00
[2022-08-09 00:20:57,952] {processor.py:161} INFO - Processing /home/renan/datapipeline/airflow/dags/twitter_dag.py took 0.062 seconds
[2022-08-09 00:21:29,774] {processor.py:153} INFO - Started process (PID=12119) to work on /home/renan/datapipeline/airflow/dags/twitter_dag.py
[2022-08-09 00:21:29,774] {processor.py:641} INFO - Processing file /home/renan/datapipeline/airflow/dags/twitter_dag.py for tasks to queue
[2022-08-09 00:21:29,775] {logging_mixin.py:115} INFO - [2022-08-09 00:21:29,774] {dagbag.py:508} INFO - Filling up the DagBag from /home/renan/datapipeline/airflow/dags/twitter_dag.py
[2022-08-09 00:21:29,781] {processor.py:651} INFO - DAG(s) dict_keys(['twitter_dag']) retrieved from /home/renan/datapipeline/airflow/dags/twitter_dag.py
[2022-08-09 00:21:29,805] {logging_mixin.py:115} INFO - [2022-08-09 00:21:29,805] {dag.py:2420} INFO - Sync 1 DAGs
[2022-08-09 00:21:29,813] {logging_mixin.py:115} INFO - [2022-08-09 00:21:29,813] {dag.py:2968} INFO - Setting next_dagrun for twitter_dag to 2022-08-09T00:21:29.779823+00:00, run_after=2022-08-10T00:21:29.779823+00:00
[2022-08-09 00:21:29,823] {processor.py:161} INFO - Processing /home/renan/datapipeline/airflow/dags/twitter_dag.py took 0.051 seconds
[2022-08-09 00:22:00,574] {processor.py:153} INFO - Started process (PID=12266) to work on /home/renan/datapipeline/airflow/dags/twitter_dag.py
[2022-08-09 00:22:00,574] {processor.py:641} INFO - Processing file /home/renan/datapipeline/airflow/dags/twitter_dag.py for tasks to queue
[2022-08-09 00:22:00,574] {logging_mixin.py:115} INFO - [2022-08-09 00:22:00,574] {dagbag.py:508} INFO - Filling up the DagBag from /home/renan/datapipeline/airflow/dags/twitter_dag.py
[2022-08-09 00:22:00,581] {processor.py:651} INFO - DAG(s) dict_keys(['twitter_dag']) retrieved from /home/renan/datapipeline/airflow/dags/twitter_dag.py
[2022-08-09 00:22:00,608] {logging_mixin.py:115} INFO - [2022-08-09 00:22:00,608] {dag.py:2420} INFO - Sync 1 DAGs
[2022-08-09 00:22:00,617] {logging_mixin.py:115} INFO - [2022-08-09 00:22:00,617] {dag.py:2968} INFO - Setting next_dagrun for twitter_dag to 2022-08-09T00:22:00.579991+00:00, run_after=2022-08-10T00:22:00.579991+00:00
[2022-08-09 00:22:00,629] {processor.py:161} INFO - Processing /home/renan/datapipeline/airflow/dags/twitter_dag.py took 0.057 seconds
[2022-08-09 00:22:33,901] {processor.py:153} INFO - Started process (PID=12301) to work on /home/renan/datapipeline/airflow/dags/twitter_dag.py
[2022-08-09 00:22:33,901] {processor.py:641} INFO - Processing file /home/renan/datapipeline/airflow/dags/twitter_dag.py for tasks to queue
[2022-08-09 00:22:33,902] {logging_mixin.py:115} INFO - [2022-08-09 00:22:33,902] {dagbag.py:508} INFO - Filling up the DagBag from /home/renan/datapipeline/airflow/dags/twitter_dag.py
[2022-08-09 00:22:33,908] {processor.py:651} INFO - DAG(s) dict_keys(['twitter_dag']) retrieved from /home/renan/datapipeline/airflow/dags/twitter_dag.py
[2022-08-09 00:22:33,932] {logging_mixin.py:115} INFO - [2022-08-09 00:22:33,932] {dag.py:2420} INFO - Sync 1 DAGs
[2022-08-09 00:22:33,940] {logging_mixin.py:115} INFO - [2022-08-09 00:22:33,940] {dag.py:2968} INFO - Setting next_dagrun for twitter_dag to 2022-08-09T00:22:33.906791+00:00, run_after=2022-08-10T00:22:33.906791+00:00
[2022-08-09 00:22:33,950] {processor.py:161} INFO - Processing /home/renan/datapipeline/airflow/dags/twitter_dag.py took 0.050 seconds
[2022-08-09 00:23:07,659] {processor.py:153} INFO - Started process (PID=12341) to work on /home/renan/datapipeline/airflow/dags/twitter_dag.py
[2022-08-09 00:23:07,660] {processor.py:641} INFO - Processing file /home/renan/datapipeline/airflow/dags/twitter_dag.py for tasks to queue
[2022-08-09 00:23:07,660] {logging_mixin.py:115} INFO - [2022-08-09 00:23:07,660] {dagbag.py:508} INFO - Filling up the DagBag from /home/renan/datapipeline/airflow/dags/twitter_dag.py
[2022-08-09 00:23:07,667] {processor.py:651} INFO - DAG(s) dict_keys(['twitter_dag']) retrieved from /home/renan/datapipeline/airflow/dags/twitter_dag.py
[2022-08-09 00:23:07,692] {logging_mixin.py:115} INFO - [2022-08-09 00:23:07,692] {dag.py:2420} INFO - Sync 1 DAGs
[2022-08-09 00:23:07,701] {logging_mixin.py:115} INFO - [2022-08-09 00:23:07,701] {dag.py:2968} INFO - Setting next_dagrun for twitter_dag to 2022-08-09T00:23:07.666125+00:00, run_after=2022-08-10T00:23:07.666125+00:00
[2022-08-09 00:23:07,711] {processor.py:161} INFO - Processing /home/renan/datapipeline/airflow/dags/twitter_dag.py took 0.054 seconds
[2022-08-09 00:23:39,245] {processor.py:153} INFO - Started process (PID=12375) to work on /home/renan/datapipeline/airflow/dags/twitter_dag.py
[2022-08-09 00:23:39,245] {processor.py:641} INFO - Processing file /home/renan/datapipeline/airflow/dags/twitter_dag.py for tasks to queue
[2022-08-09 00:23:39,245] {logging_mixin.py:115} INFO - [2022-08-09 00:23:39,245] {dagbag.py:508} INFO - Filling up the DagBag from /home/renan/datapipeline/airflow/dags/twitter_dag.py
[2022-08-09 00:23:39,251] {processor.py:651} INFO - DAG(s) dict_keys(['twitter_dag']) retrieved from /home/renan/datapipeline/airflow/dags/twitter_dag.py
[2022-08-09 00:23:39,275] {logging_mixin.py:115} INFO - [2022-08-09 00:23:39,275] {dag.py:2420} INFO - Sync 1 DAGs
[2022-08-09 00:23:39,284] {logging_mixin.py:115} INFO - [2022-08-09 00:23:39,283] {dag.py:2968} INFO - Setting next_dagrun for twitter_dag to 2022-08-09T00:23:39.250774+00:00, run_after=2022-08-10T00:23:39.250774+00:00
[2022-08-09 00:23:39,293] {processor.py:161} INFO - Processing /home/renan/datapipeline/airflow/dags/twitter_dag.py took 0.051 seconds
[2022-08-09 00:24:10,285] {processor.py:153} INFO - Started process (PID=12411) to work on /home/renan/datapipeline/airflow/dags/twitter_dag.py
[2022-08-09 00:24:10,285] {processor.py:641} INFO - Processing file /home/renan/datapipeline/airflow/dags/twitter_dag.py for tasks to queue
[2022-08-09 00:24:10,286] {logging_mixin.py:115} INFO - [2022-08-09 00:24:10,286] {dagbag.py:508} INFO - Filling up the DagBag from /home/renan/datapipeline/airflow/dags/twitter_dag.py
[2022-08-09 00:24:10,293] {processor.py:651} INFO - DAG(s) dict_keys(['twitter_dag']) retrieved from /home/renan/datapipeline/airflow/dags/twitter_dag.py
[2022-08-09 00:24:10,324] {logging_mixin.py:115} INFO - [2022-08-09 00:24:10,324] {dag.py:2420} INFO - Sync 1 DAGs
[2022-08-09 00:24:10,334] {logging_mixin.py:115} INFO - [2022-08-09 00:24:10,334] {dag.py:2968} INFO - Setting next_dagrun for twitter_dag to 2022-08-09T00:24:10.291972+00:00, run_after=2022-08-10T00:24:10.291972+00:00
[2022-08-09 00:24:10,348] {processor.py:161} INFO - Processing /home/renan/datapipeline/airflow/dags/twitter_dag.py took 0.065 seconds
[2022-08-09 00:24:44,862] {processor.py:153} INFO - Started process (PID=12477) to work on /home/renan/datapipeline/airflow/dags/twitter_dag.py
[2022-08-09 00:24:44,863] {processor.py:641} INFO - Processing file /home/renan/datapipeline/airflow/dags/twitter_dag.py for tasks to queue
[2022-08-09 00:24:44,863] {logging_mixin.py:115} INFO - [2022-08-09 00:24:44,863] {dagbag.py:508} INFO - Filling up the DagBag from /home/renan/datapipeline/airflow/dags/twitter_dag.py
[2022-08-09 00:24:44,870] {processor.py:651} INFO - DAG(s) dict_keys(['twitter_dag']) retrieved from /home/renan/datapipeline/airflow/dags/twitter_dag.py
[2022-08-09 00:24:44,899] {logging_mixin.py:115} INFO - [2022-08-09 00:24:44,899] {dag.py:2420} INFO - Sync 1 DAGs
[2022-08-09 00:24:44,910] {logging_mixin.py:115} INFO - [2022-08-09 00:24:44,910] {dag.py:2968} INFO - Setting next_dagrun for twitter_dag to 2022-08-09T00:24:44.868960+00:00, run_after=2022-08-10T00:24:44.868960+00:00
[2022-08-09 00:24:44,922] {processor.py:161} INFO - Processing /home/renan/datapipeline/airflow/dags/twitter_dag.py took 0.062 seconds
[2022-08-09 00:25:15,601] {processor.py:153} INFO - Started process (PID=12517) to work on /home/renan/datapipeline/airflow/dags/twitter_dag.py
[2022-08-09 00:25:15,602] {processor.py:641} INFO - Processing file /home/renan/datapipeline/airflow/dags/twitter_dag.py for tasks to queue
[2022-08-09 00:25:15,602] {logging_mixin.py:115} INFO - [2022-08-09 00:25:15,602] {dagbag.py:508} INFO - Filling up the DagBag from /home/renan/datapipeline/airflow/dags/twitter_dag.py
[2022-08-09 00:25:15,608] {processor.py:651} INFO - DAG(s) dict_keys(['twitter_dag']) retrieved from /home/renan/datapipeline/airflow/dags/twitter_dag.py
[2022-08-09 00:25:15,632] {logging_mixin.py:115} INFO - [2022-08-09 00:25:15,632] {dag.py:2420} INFO - Sync 1 DAGs
[2022-08-09 00:25:15,640] {logging_mixin.py:115} INFO - [2022-08-09 00:25:15,640] {dag.py:2968} INFO - Setting next_dagrun for twitter_dag to 2022-08-09T00:25:15.607456+00:00, run_after=2022-08-10T00:25:15.607456+00:00
[2022-08-09 00:25:15,651] {processor.py:161} INFO - Processing /home/renan/datapipeline/airflow/dags/twitter_dag.py took 0.051 seconds
[2022-08-09 00:25:48,149] {processor.py:153} INFO - Started process (PID=12552) to work on /home/renan/datapipeline/airflow/dags/twitter_dag.py
[2022-08-09 00:25:48,150] {processor.py:641} INFO - Processing file /home/renan/datapipeline/airflow/dags/twitter_dag.py for tasks to queue
[2022-08-09 00:25:48,150] {logging_mixin.py:115} INFO - [2022-08-09 00:25:48,150] {dagbag.py:508} INFO - Filling up the DagBag from /home/renan/datapipeline/airflow/dags/twitter_dag.py
[2022-08-09 00:25:48,156] {processor.py:651} INFO - DAG(s) dict_keys(['twitter_dag']) retrieved from /home/renan/datapipeline/airflow/dags/twitter_dag.py
[2022-08-09 00:25:48,180] {logging_mixin.py:115} INFO - [2022-08-09 00:25:48,180] {dag.py:2420} INFO - Sync 1 DAGs
[2022-08-09 00:25:48,189] {logging_mixin.py:115} INFO - [2022-08-09 00:25:48,189] {dag.py:2968} INFO - Setting next_dagrun for twitter_dag to 2022-08-09T00:25:48.155130+00:00, run_after=2022-08-10T00:25:48.155130+00:00
[2022-08-09 00:25:48,199] {processor.py:161} INFO - Processing /home/renan/datapipeline/airflow/dags/twitter_dag.py took 0.051 seconds
[2022-08-09 00:26:19,809] {processor.py:153} INFO - Started process (PID=12587) to work on /home/renan/datapipeline/airflow/dags/twitter_dag.py
[2022-08-09 00:26:19,810] {processor.py:641} INFO - Processing file /home/renan/datapipeline/airflow/dags/twitter_dag.py for tasks to queue
[2022-08-09 00:26:19,810] {logging_mixin.py:115} INFO - [2022-08-09 00:26:19,810] {dagbag.py:508} INFO - Filling up the DagBag from /home/renan/datapipeline/airflow/dags/twitter_dag.py
[2022-08-09 00:26:19,816] {processor.py:651} INFO - DAG(s) dict_keys(['twitter_dag']) retrieved from /home/renan/datapipeline/airflow/dags/twitter_dag.py
[2022-08-09 00:26:19,840] {logging_mixin.py:115} INFO - [2022-08-09 00:26:19,840] {dag.py:2420} INFO - Sync 1 DAGs
[2022-08-09 00:26:19,849] {logging_mixin.py:115} INFO - [2022-08-09 00:26:19,849] {dag.py:2968} INFO - Setting next_dagrun for twitter_dag to 2022-08-09T00:26:19.815292+00:00, run_after=2022-08-10T00:26:19.815292+00:00
[2022-08-09 00:26:19,859] {processor.py:161} INFO - Processing /home/renan/datapipeline/airflow/dags/twitter_dag.py took 0.051 seconds
[2022-08-09 00:26:51,198] {processor.py:153} INFO - Started process (PID=12623) to work on /home/renan/datapipeline/airflow/dags/twitter_dag.py
[2022-08-09 00:26:51,199] {processor.py:641} INFO - Processing file /home/renan/datapipeline/airflow/dags/twitter_dag.py for tasks to queue
[2022-08-09 00:26:51,199] {logging_mixin.py:115} INFO - [2022-08-09 00:26:51,199] {dagbag.py:508} INFO - Filling up the DagBag from /home/renan/datapipeline/airflow/dags/twitter_dag.py
[2022-08-09 00:26:51,206] {processor.py:651} INFO - DAG(s) dict_keys(['twitter_dag']) retrieved from /home/renan/datapipeline/airflow/dags/twitter_dag.py
[2022-08-09 00:26:51,232] {logging_mixin.py:115} INFO - [2022-08-09 00:26:51,232] {dag.py:2420} INFO - Sync 1 DAGs
[2022-08-09 00:26:51,241] {logging_mixin.py:115} INFO - [2022-08-09 00:26:51,241] {dag.py:2968} INFO - Setting next_dagrun for twitter_dag to 2022-08-09T00:26:51.204910+00:00, run_after=2022-08-10T00:26:51.204910+00:00
[2022-08-09 00:26:51,253] {processor.py:161} INFO - Processing /home/renan/datapipeline/airflow/dags/twitter_dag.py took 0.057 seconds
[2022-08-09 00:27:25,663] {processor.py:153} INFO - Started process (PID=12679) to work on /home/renan/datapipeline/airflow/dags/twitter_dag.py
[2022-08-09 00:27:25,664] {processor.py:641} INFO - Processing file /home/renan/datapipeline/airflow/dags/twitter_dag.py for tasks to queue
[2022-08-09 00:27:25,664] {logging_mixin.py:115} INFO - [2022-08-09 00:27:25,664] {dagbag.py:508} INFO - Filling up the DagBag from /home/renan/datapipeline/airflow/dags/twitter_dag.py
[2022-08-09 00:27:25,671] {processor.py:651} INFO - DAG(s) dict_keys(['twitter_dag']) retrieved from /home/renan/datapipeline/airflow/dags/twitter_dag.py
[2022-08-09 00:27:25,695] {logging_mixin.py:115} INFO - [2022-08-09 00:27:25,695] {dag.py:2420} INFO - Sync 1 DAGs
[2022-08-09 00:27:25,703] {logging_mixin.py:115} INFO - [2022-08-09 00:27:25,703] {dag.py:2968} INFO - Setting next_dagrun for twitter_dag to 2022-08-09T00:27:25.669249+00:00, run_after=2022-08-10T00:27:25.669249+00:00
[2022-08-09 00:27:25,713] {processor.py:161} INFO - Processing /home/renan/datapipeline/airflow/dags/twitter_dag.py took 0.052 seconds
[2022-08-09 00:27:57,530] {processor.py:153} INFO - Started process (PID=12728) to work on /home/renan/datapipeline/airflow/dags/twitter_dag.py
[2022-08-09 00:27:57,530] {processor.py:641} INFO - Processing file /home/renan/datapipeline/airflow/dags/twitter_dag.py for tasks to queue
[2022-08-09 00:27:57,530] {logging_mixin.py:115} INFO - [2022-08-09 00:27:57,530] {dagbag.py:508} INFO - Filling up the DagBag from /home/renan/datapipeline/airflow/dags/twitter_dag.py
[2022-08-09 00:27:57,536] {processor.py:651} INFO - DAG(s) dict_keys(['twitter_dag']) retrieved from /home/renan/datapipeline/airflow/dags/twitter_dag.py
[2022-08-09 00:27:57,561] {logging_mixin.py:115} INFO - [2022-08-09 00:27:57,561] {dag.py:2420} INFO - Sync 1 DAGs
[2022-08-09 00:27:57,569] {logging_mixin.py:115} INFO - [2022-08-09 00:27:57,569] {dag.py:2968} INFO - Setting next_dagrun for twitter_dag to 2022-08-09T00:27:57.535527+00:00, run_after=2022-08-10T00:27:57.535527+00:00
[2022-08-09 00:27:57,580] {processor.py:161} INFO - Processing /home/renan/datapipeline/airflow/dags/twitter_dag.py took 0.052 seconds
[2022-08-09 00:28:29,184] {processor.py:153} INFO - Started process (PID=12934) to work on /home/renan/datapipeline/airflow/dags/twitter_dag.py
[2022-08-09 00:28:29,185] {processor.py:641} INFO - Processing file /home/renan/datapipeline/airflow/dags/twitter_dag.py for tasks to queue
[2022-08-09 00:28:29,186] {logging_mixin.py:115} INFO - [2022-08-09 00:28:29,185] {dagbag.py:508} INFO - Filling up the DagBag from /home/renan/datapipeline/airflow/dags/twitter_dag.py
[2022-08-09 00:28:29,192] {processor.py:651} INFO - DAG(s) dict_keys(['twitter_dag']) retrieved from /home/renan/datapipeline/airflow/dags/twitter_dag.py
[2022-08-09 00:28:29,224] {logging_mixin.py:115} INFO - [2022-08-09 00:28:29,224] {dag.py:2420} INFO - Sync 1 DAGs
[2022-08-09 00:28:29,234] {logging_mixin.py:115} INFO - [2022-08-09 00:28:29,234] {dag.py:2968} INFO - Setting next_dagrun for twitter_dag to 2022-08-09T00:28:29.190633+00:00, run_after=2022-08-10T00:28:29.190633+00:00
[2022-08-09 00:28:29,246] {processor.py:161} INFO - Processing /home/renan/datapipeline/airflow/dags/twitter_dag.py took 0.063 seconds
[2022-08-09 00:29:02,945] {processor.py:153} INFO - Started process (PID=12973) to work on /home/renan/datapipeline/airflow/dags/twitter_dag.py
[2022-08-09 00:29:02,945] {processor.py:641} INFO - Processing file /home/renan/datapipeline/airflow/dags/twitter_dag.py for tasks to queue
[2022-08-09 00:29:02,945] {logging_mixin.py:115} INFO - [2022-08-09 00:29:02,945] {dagbag.py:508} INFO - Filling up the DagBag from /home/renan/datapipeline/airflow/dags/twitter_dag.py
[2022-08-09 00:29:02,953] {processor.py:651} INFO - DAG(s) dict_keys(['twitter_dag']) retrieved from /home/renan/datapipeline/airflow/dags/twitter_dag.py
[2022-08-09 00:29:02,982] {logging_mixin.py:115} INFO - [2022-08-09 00:29:02,982] {dag.py:2420} INFO - Sync 1 DAGs
[2022-08-09 00:29:02,992] {logging_mixin.py:115} INFO - [2022-08-09 00:29:02,992] {dag.py:2968} INFO - Setting next_dagrun for twitter_dag to 2022-08-09T00:29:02.951618+00:00, run_after=2022-08-10T00:29:02.951618+00:00
[2022-08-09 00:29:03,004] {processor.py:161} INFO - Processing /home/renan/datapipeline/airflow/dags/twitter_dag.py took 0.061 seconds
[2022-08-09 00:29:33,331] {processor.py:153} INFO - Started process (PID=13013) to work on /home/renan/datapipeline/airflow/dags/twitter_dag.py
[2022-08-09 00:29:33,332] {processor.py:641} INFO - Processing file /home/renan/datapipeline/airflow/dags/twitter_dag.py for tasks to queue
[2022-08-09 00:29:33,332] {logging_mixin.py:115} INFO - [2022-08-09 00:29:33,332] {dagbag.py:508} INFO - Filling up the DagBag from /home/renan/datapipeline/airflow/dags/twitter_dag.py
[2022-08-09 00:29:33,338] {processor.py:651} INFO - DAG(s) dict_keys(['twitter_dag']) retrieved from /home/renan/datapipeline/airflow/dags/twitter_dag.py
[2022-08-09 00:29:33,363] {logging_mixin.py:115} INFO - [2022-08-09 00:29:33,363] {dag.py:2420} INFO - Sync 1 DAGs
[2022-08-09 00:29:33,372] {logging_mixin.py:115} INFO - [2022-08-09 00:29:33,372] {dag.py:2968} INFO - Setting next_dagrun for twitter_dag to 2022-08-09T00:29:33.337322+00:00, run_after=2022-08-10T00:29:33.337322+00:00
[2022-08-09 00:29:33,381] {processor.py:161} INFO - Processing /home/renan/datapipeline/airflow/dags/twitter_dag.py took 0.051 seconds
[2022-08-09 00:30:04,619] {processor.py:153} INFO - Started process (PID=13048) to work on /home/renan/datapipeline/airflow/dags/twitter_dag.py
[2022-08-09 00:30:04,619] {processor.py:641} INFO - Processing file /home/renan/datapipeline/airflow/dags/twitter_dag.py for tasks to queue
[2022-08-09 00:30:04,619] {logging_mixin.py:115} INFO - [2022-08-09 00:30:04,619] {dagbag.py:508} INFO - Filling up the DagBag from /home/renan/datapipeline/airflow/dags/twitter_dag.py
[2022-08-09 00:30:04,625] {processor.py:651} INFO - DAG(s) dict_keys(['twitter_dag']) retrieved from /home/renan/datapipeline/airflow/dags/twitter_dag.py
[2022-08-09 00:30:04,650] {logging_mixin.py:115} INFO - [2022-08-09 00:30:04,650] {dag.py:2420} INFO - Sync 1 DAGs
[2022-08-09 00:30:04,660] {logging_mixin.py:115} INFO - [2022-08-09 00:30:04,660] {dag.py:2968} INFO - Setting next_dagrun for twitter_dag to 2022-08-09T00:30:04.624803+00:00, run_after=2022-08-10T00:30:04.624803+00:00
[2022-08-09 00:30:04,672] {processor.py:161} INFO - Processing /home/renan/datapipeline/airflow/dags/twitter_dag.py took 0.055 seconds
[2022-08-09 00:30:34,751] {processor.py:153} INFO - Started process (PID=13083) to work on /home/renan/datapipeline/airflow/dags/twitter_dag.py
[2022-08-09 00:30:34,751] {processor.py:641} INFO - Processing file /home/renan/datapipeline/airflow/dags/twitter_dag.py for tasks to queue
[2022-08-09 00:30:34,752] {logging_mixin.py:115} INFO - [2022-08-09 00:30:34,752] {dagbag.py:508} INFO - Filling up the DagBag from /home/renan/datapipeline/airflow/dags/twitter_dag.py
[2022-08-09 00:30:34,758] {processor.py:651} INFO - DAG(s) dict_keys(['twitter_dag']) retrieved from /home/renan/datapipeline/airflow/dags/twitter_dag.py
[2022-08-09 00:30:34,784] {logging_mixin.py:115} INFO - [2022-08-09 00:30:34,784] {dag.py:2420} INFO - Sync 1 DAGs
[2022-08-09 00:30:34,794] {logging_mixin.py:115} INFO - [2022-08-09 00:30:34,794] {dag.py:2968} INFO - Setting next_dagrun for twitter_dag to 2022-08-09T00:30:34.757177+00:00, run_after=2022-08-10T00:30:34.757177+00:00
[2022-08-09 00:30:34,804] {processor.py:161} INFO - Processing /home/renan/datapipeline/airflow/dags/twitter_dag.py took 0.055 seconds
[2022-08-09 00:31:06,176] {processor.py:153} INFO - Started process (PID=13116) to work on /home/renan/datapipeline/airflow/dags/twitter_dag.py
[2022-08-09 00:31:06,176] {processor.py:641} INFO - Processing file /home/renan/datapipeline/airflow/dags/twitter_dag.py for tasks to queue
[2022-08-09 00:31:06,177] {logging_mixin.py:115} INFO - [2022-08-09 00:31:06,177] {dagbag.py:508} INFO - Filling up the DagBag from /home/renan/datapipeline/airflow/dags/twitter_dag.py
[2022-08-09 00:31:06,183] {processor.py:651} INFO - DAG(s) dict_keys(['twitter_dag']) retrieved from /home/renan/datapipeline/airflow/dags/twitter_dag.py
[2022-08-09 00:31:06,207] {logging_mixin.py:115} INFO - [2022-08-09 00:31:06,207] {dag.py:2420} INFO - Sync 1 DAGs
[2022-08-09 00:31:06,216] {logging_mixin.py:115} INFO - [2022-08-09 00:31:06,216] {dag.py:2968} INFO - Setting next_dagrun for twitter_dag to 2022-08-09T00:31:06.182415+00:00, run_after=2022-08-10T00:31:06.182415+00:00
[2022-08-09 00:31:06,226] {processor.py:161} INFO - Processing /home/renan/datapipeline/airflow/dags/twitter_dag.py took 0.051 seconds
[2022-08-09 00:31:36,946] {processor.py:153} INFO - Started process (PID=13154) to work on /home/renan/datapipeline/airflow/dags/twitter_dag.py
[2022-08-09 00:31:36,948] {processor.py:641} INFO - Processing file /home/renan/datapipeline/airflow/dags/twitter_dag.py for tasks to queue
[2022-08-09 00:31:36,948] {logging_mixin.py:115} INFO - [2022-08-09 00:31:36,948] {dagbag.py:508} INFO - Filling up the DagBag from /home/renan/datapipeline/airflow/dags/twitter_dag.py
[2022-08-09 00:31:36,954] {processor.py:651} INFO - DAG(s) dict_keys(['twitter_dag']) retrieved from /home/renan/datapipeline/airflow/dags/twitter_dag.py
[2022-08-09 00:31:36,979] {logging_mixin.py:115} INFO - [2022-08-09 00:31:36,979] {dag.py:2420} INFO - Sync 1 DAGs
[2022-08-09 00:31:36,988] {logging_mixin.py:115} INFO - [2022-08-09 00:31:36,988] {dag.py:2968} INFO - Setting next_dagrun for twitter_dag to 2022-08-09T00:31:36.953508+00:00, run_after=2022-08-10T00:31:36.953508+00:00
[2022-08-09 00:31:36,998] {processor.py:161} INFO - Processing /home/renan/datapipeline/airflow/dags/twitter_dag.py took 0.053 seconds
[2022-08-09 00:32:07,127] {processor.py:153} INFO - Started process (PID=13271) to work on /home/renan/datapipeline/airflow/dags/twitter_dag.py
[2022-08-09 00:32:07,127] {processor.py:641} INFO - Processing file /home/renan/datapipeline/airflow/dags/twitter_dag.py for tasks to queue
[2022-08-09 00:32:07,127] {logging_mixin.py:115} INFO - [2022-08-09 00:32:07,127] {dagbag.py:508} INFO - Filling up the DagBag from /home/renan/datapipeline/airflow/dags/twitter_dag.py
[2022-08-09 00:32:07,134] {processor.py:651} INFO - DAG(s) dict_keys(['twitter_dag']) retrieved from /home/renan/datapipeline/airflow/dags/twitter_dag.py
[2022-08-09 00:32:07,157] {logging_mixin.py:115} INFO - [2022-08-09 00:32:07,157] {dag.py:2420} INFO - Sync 1 DAGs
[2022-08-09 00:32:07,167] {logging_mixin.py:115} INFO - [2022-08-09 00:32:07,167] {dag.py:2968} INFO - Setting next_dagrun for twitter_dag to 2022-08-09T00:32:07.132930+00:00, run_after=2022-08-10T00:32:07.132930+00:00
[2022-08-09 00:32:07,177] {processor.py:161} INFO - Processing /home/renan/datapipeline/airflow/dags/twitter_dag.py took 0.052 seconds
[2022-08-09 00:32:40,724] {processor.py:153} INFO - Started process (PID=13308) to work on /home/renan/datapipeline/airflow/dags/twitter_dag.py
[2022-08-09 00:32:40,725] {processor.py:641} INFO - Processing file /home/renan/datapipeline/airflow/dags/twitter_dag.py for tasks to queue
[2022-08-09 00:32:40,725] {logging_mixin.py:115} INFO - [2022-08-09 00:32:40,725] {dagbag.py:508} INFO - Filling up the DagBag from /home/renan/datapipeline/airflow/dags/twitter_dag.py
[2022-08-09 00:32:40,731] {processor.py:651} INFO - DAG(s) dict_keys(['twitter_dag']) retrieved from /home/renan/datapipeline/airflow/dags/twitter_dag.py
[2022-08-09 00:32:40,756] {logging_mixin.py:115} INFO - [2022-08-09 00:32:40,756] {dag.py:2420} INFO - Sync 1 DAGs
[2022-08-09 00:32:40,765] {logging_mixin.py:115} INFO - [2022-08-09 00:32:40,765] {dag.py:2968} INFO - Setting next_dagrun for twitter_dag to 2022-08-09T00:32:40.730334+00:00, run_after=2022-08-10T00:32:40.730334+00:00
[2022-08-09 00:32:40,774] {processor.py:161} INFO - Processing /home/renan/datapipeline/airflow/dags/twitter_dag.py took 0.052 seconds
