[2022-08-09 23:57:28,151] {taskinstance.py:1179} INFO - Dependencies all met for <TaskInstance: twitter_dag.twitter_aluraonline scheduled__2022-08-03T12:00:00+00:00 [queued]>
[2022-08-09 23:57:28,155] {taskinstance.py:1179} INFO - Dependencies all met for <TaskInstance: twitter_dag.twitter_aluraonline scheduled__2022-08-03T12:00:00+00:00 [queued]>
[2022-08-09 23:57:28,156] {taskinstance.py:1376} INFO - 
--------------------------------------------------------------------------------
[2022-08-09 23:57:28,156] {taskinstance.py:1377} INFO - Starting attempt 1 of 1
[2022-08-09 23:57:28,156] {taskinstance.py:1378} INFO - 
--------------------------------------------------------------------------------
[2022-08-09 23:57:28,170] {taskinstance.py:1397} INFO - Executing <Task(TwitterOperator): twitter_aluraonline> on 2022-08-03 12:00:00+00:00
[2022-08-09 23:57:28,172] {standard_task_runner.py:52} INFO - Started process 11760 to run task
[2022-08-09 23:57:28,176] {standard_task_runner.py:79} INFO - Running: ['airflow', 'tasks', 'run', 'twitter_dag', 'twitter_aluraonline', 'scheduled__2022-08-03T12:00:00+00:00', '--job-id', '18', '--raw', '--subdir', 'DAGS_FOLDER/twitter_dag.py', '--cfg-path', '/tmp/tmp8lm0myek', '--error-file', '/tmp/tmpvagmhwxa']
[2022-08-09 23:57:28,177] {standard_task_runner.py:80} INFO - Job 18: Subtask twitter_aluraonline
[2022-08-09 23:57:28,266] {task_command.py:371} INFO - Running <TaskInstance: twitter_dag.twitter_aluraonline scheduled__2022-08-03T12:00:00+00:00 [running]> on host renan-VirtualBox
[2022-08-09 23:57:28,291] {logging_mixin.py:115} WARNING - /home/renan/datapipeline/.env/lib/python3.8/site-packages/airflow/utils/context.py:202 AirflowContextDeprecationWarning: Accessing 'execution_date' from the template is deprecated and will be removed in a future version. Please use 'data_interval_start' or 'logical_date' instead.
[2022-08-09 23:57:28,293] {logging_mixin.py:115} WARNING - /home/renan/datapipeline/.env/lib/python3.8/site-packages/airflow/utils/context.py:202 AirflowContextDeprecationWarning: Accessing 'next_execution_date' from the template is deprecated and will be removed in a future version. Please use 'data_interval_end' instead.
[2022-08-09 23:57:28,312] {taskinstance.py:1589} INFO - Exporting the following env vars:
AIRFLOW_CTX_DAG_OWNER=airflow
AIRFLOW_CTX_DAG_ID=twitter_dag
AIRFLOW_CTX_TASK_ID=twitter_aluraonline
AIRFLOW_CTX_EXECUTION_DATE=2022-08-03T12:00:00+00:00
AIRFLOW_CTX_TRY_NUMBER=1
AIRFLOW_CTX_DAG_RUN_ID=scheduled__2022-08-03T12:00:00+00:00
[2022-08-09 23:57:28,316] {base.py:68} INFO - Using connection ID 'twitter_default' for task execution.
[2022-08-09 23:57:28,317] {twitter_hook.py:39} INFO - URL: https://api.twitter.com/2/tweets/search/recent?query=AluraOnline&tweet.fields=author_id,conversation_id,created_at,id,in_reply_to_user_id,public_metrics,text&expansions=author_id&user.fields=id,name,username,created_at&start_time=2022-08-03T12:00:00.00Z&end_time=2022-08-04T12:00:00.00Z
[2022-08-09 23:57:28,658] {twitter_hook.py:39} INFO - URL: https://api.twitter.com/2/tweets/search/recent?query=AluraOnline&tweet.fields=author_id,conversation_id,created_at,id,in_reply_to_user_id,public_metrics,text&expansions=author_id&user.fields=id,name,username,created_at&start_time=2022-08-03T12:00:00.00Z&end_time=2022-08-04T12:00:00.00Z&next_token=b26v89c19zqg8o3fpz5lt5yukb015j8a7yt9yz3waepod
[2022-08-09 23:57:28,912] {twitter_hook.py:39} INFO - URL: https://api.twitter.com/2/tweets/search/recent?query=AluraOnline&tweet.fields=author_id,conversation_id,created_at,id,in_reply_to_user_id,public_metrics,text&expansions=author_id&user.fields=id,name,username,created_at&start_time=2022-08-03T12:00:00.00Z&end_time=2022-08-04T12:00:00.00Z&next_token=b26v89c19zqg8o3fpz5lt5wqwscyw23phdujamgzgy1kt
[2022-08-09 23:57:29,115] {taskinstance.py:1415} INFO - Marking task as SUCCESS. dag_id=twitter_dag, task_id=twitter_aluraonline, execution_date=20220803T120000, start_date=20220810T025728, end_date=20220810T025729
[2022-08-09 23:57:29,165] {local_task_job.py:156} INFO - Task exited with return code 0
[2022-08-09 23:57:29,185] {local_task_job.py:273} INFO - 1 downstream tasks scheduled from follow-on schedule check
