[2022-08-09 23:57:47,927] {taskinstance.py:1179} INFO - Dependencies all met for <TaskInstance: twitter_dag.transform_twitter_aluraonline scheduled__2022-08-04T12:00:00+00:00 [queued]>
[2022-08-09 23:57:47,932] {taskinstance.py:1179} INFO - Dependencies all met for <TaskInstance: twitter_dag.transform_twitter_aluraonline scheduled__2022-08-04T12:00:00+00:00 [queued]>
[2022-08-09 23:57:47,932] {taskinstance.py:1376} INFO - 
--------------------------------------------------------------------------------
[2022-08-09 23:57:47,932] {taskinstance.py:1377} INFO - Starting attempt 1 of 1
[2022-08-09 23:57:47,932] {taskinstance.py:1378} INFO - 
--------------------------------------------------------------------------------
[2022-08-09 23:57:47,945] {taskinstance.py:1397} INFO - Executing <Task(SparkSubmitOperator): transform_twitter_aluraonline> on 2022-08-04 12:00:00+00:00
[2022-08-09 23:57:47,947] {standard_task_runner.py:52} INFO - Started process 11921 to run task
[2022-08-09 23:57:47,949] {standard_task_runner.py:79} INFO - Running: ['airflow', 'tasks', 'run', 'twitter_dag', 'transform_twitter_aluraonline', 'scheduled__2022-08-04T12:00:00+00:00', '--job-id', '21', '--raw', '--subdir', 'DAGS_FOLDER/twitter_dag.py', '--cfg-path', '/tmp/tmp4bbha3sh', '--error-file', '/tmp/tmpamlx6ojn']
[2022-08-09 23:57:47,950] {standard_task_runner.py:80} INFO - Job 21: Subtask transform_twitter_aluraonline
[2022-08-09 23:57:47,988] {task_command.py:371} INFO - Running <TaskInstance: twitter_dag.transform_twitter_aluraonline scheduled__2022-08-04T12:00:00+00:00 [running]> on host renan-VirtualBox
[2022-08-09 23:57:48,030] {taskinstance.py:1589} INFO - Exporting the following env vars:
AIRFLOW_CTX_DAG_OWNER=airflow
AIRFLOW_CTX_DAG_ID=twitter_dag
AIRFLOW_CTX_TASK_ID=transform_twitter_aluraonline
AIRFLOW_CTX_EXECUTION_DATE=2022-08-04T12:00:00+00:00
AIRFLOW_CTX_TRY_NUMBER=1
AIRFLOW_CTX_DAG_RUN_ID=scheduled__2022-08-04T12:00:00+00:00
[2022-08-09 23:57:48,033] {base.py:68} INFO - Using connection ID 'spark_default' for task execution.
[2022-08-09 23:57:48,034] {spark_submit.py:334} INFO - Spark-Submit cmd: /home/renan/spark-3.3.0-bin-hadoop3/bin/spark-submit --master local --name twitter_transformation /home/renan/datapipeline/spark/transformation.py --src /home/renan/datapipeline/datalake/bronze/twitter_aluraonline/extract_date=2022-08-04 --dest /home/renan/datapipeline/datalake/silver/twitter_aluraonline/ --process-date 2022-08-04
[2022-08-09 23:57:49,614] {spark_submit.py:485} INFO - 22/08/09 23:57:49 WARN Utils: Your hostname, renan-VirtualBox resolves to a loopback address: 127.0.1.1; using 10.0.2.15 instead (on interface enp0s3)
[2022-08-09 23:57:49,616] {spark_submit.py:485} INFO - 22/08/09 23:57:49 WARN Utils: Set SPARK_LOCAL_IP if you need to bind to another address
[2022-08-09 23:57:50,611] {spark_submit.py:485} INFO - 22/08/09 23:57:50 INFO SparkContext: Running Spark version 3.3.0
[2022-08-09 23:57:50,671] {spark_submit.py:485} INFO - 22/08/09 23:57:50 WARN NativeCodeLoader: Unable to load native-hadoop library for your platform... using builtin-java classes where applicable
[2022-08-09 23:57:50,753] {spark_submit.py:485} INFO - 22/08/09 23:57:50 INFO ResourceUtils: ==============================================================
[2022-08-09 23:57:50,753] {spark_submit.py:485} INFO - 22/08/09 23:57:50 INFO ResourceUtils: No custom resources configured for spark.driver.
[2022-08-09 23:57:50,753] {spark_submit.py:485} INFO - 22/08/09 23:57:50 INFO ResourceUtils: ==============================================================
[2022-08-09 23:57:50,753] {spark_submit.py:485} INFO - 22/08/09 23:57:50 INFO SparkContext: Submitted application: twitter_transformation
[2022-08-09 23:57:50,776] {spark_submit.py:485} INFO - 22/08/09 23:57:50 INFO ResourceProfile: Default ResourceProfile created, executor resources: Map(cores -> name: cores, amount: 1, script: , vendor: , memory -> name: memory, amount: 1024, script: , vendor: , offHeap -> name: offHeap, amount: 0, script: , vendor: ), task resources: Map(cpus -> name: cpus, amount: 1.0)
[2022-08-09 23:57:50,784] {spark_submit.py:485} INFO - 22/08/09 23:57:50 INFO ResourceProfile: Limiting resource is cpu
[2022-08-09 23:57:50,786] {spark_submit.py:485} INFO - 22/08/09 23:57:50 INFO ResourceProfileManager: Added ResourceProfile id: 0
[2022-08-09 23:57:50,841] {spark_submit.py:485} INFO - 22/08/09 23:57:50 INFO SecurityManager: Changing view acls to: renan
[2022-08-09 23:57:50,841] {spark_submit.py:485} INFO - 22/08/09 23:57:50 INFO SecurityManager: Changing modify acls to: renan
[2022-08-09 23:57:50,841] {spark_submit.py:485} INFO - 22/08/09 23:57:50 INFO SecurityManager: Changing view acls groups to:
[2022-08-09 23:57:50,841] {spark_submit.py:485} INFO - 22/08/09 23:57:50 INFO SecurityManager: Changing modify acls groups to:
[2022-08-09 23:57:50,841] {spark_submit.py:485} INFO - 22/08/09 23:57:50 INFO SecurityManager: SecurityManager: authentication disabled; ui acls disabled; users  with view permissions: Set(renan); groups with view permissions: Set(); users  with modify permissions: Set(renan); groups with modify permissions: Set()
[2022-08-09 23:57:51,120] {spark_submit.py:485} INFO - 22/08/09 23:57:51 INFO Utils: Successfully started service 'sparkDriver' on port 46145.
[2022-08-09 23:57:51,152] {spark_submit.py:485} INFO - 22/08/09 23:57:51 INFO SparkEnv: Registering MapOutputTracker
[2022-08-09 23:57:51,196] {spark_submit.py:485} INFO - 22/08/09 23:57:51 INFO SparkEnv: Registering BlockManagerMaster
[2022-08-09 23:57:51,216] {spark_submit.py:485} INFO - 22/08/09 23:57:51 INFO BlockManagerMasterEndpoint: Using org.apache.spark.storage.DefaultTopologyMapper for getting topology information
[2022-08-09 23:57:51,216] {spark_submit.py:485} INFO - 22/08/09 23:57:51 INFO BlockManagerMasterEndpoint: BlockManagerMasterEndpoint up
[2022-08-09 23:57:51,224] {spark_submit.py:485} INFO - 22/08/09 23:57:51 INFO SparkEnv: Registering BlockManagerMasterHeartbeat
[2022-08-09 23:57:51,314] {spark_submit.py:485} INFO - 22/08/09 23:57:51 INFO DiskBlockManager: Created local directory at /tmp/blockmgr-e6fa2cb7-fa8f-41d7-aa75-45217534919d
[2022-08-09 23:57:51,339] {spark_submit.py:485} INFO - 22/08/09 23:57:51 INFO MemoryStore: MemoryStore started with capacity 366.3 MiB
[2022-08-09 23:57:51,357] {spark_submit.py:485} INFO - 22/08/09 23:57:51 INFO SparkEnv: Registering OutputCommitCoordinator
[2022-08-09 23:57:51,662] {spark_submit.py:485} INFO - 22/08/09 23:57:51 INFO Utils: Successfully started service 'SparkUI' on port 4040.
[2022-08-09 23:57:51,809] {spark_submit.py:485} INFO - 22/08/09 23:57:51 INFO Executor: Starting executor ID driver on host 10.0.2.15
[2022-08-09 23:57:51,821] {spark_submit.py:485} INFO - 22/08/09 23:57:51 INFO Executor: Starting executor with user classpath (userClassPathFirst = false): ''
[2022-08-09 23:57:51,869] {spark_submit.py:485} INFO - 22/08/09 23:57:51 INFO Utils: Successfully started service 'org.apache.spark.network.netty.NettyBlockTransferService' on port 33865.
[2022-08-09 23:57:51,869] {spark_submit.py:485} INFO - 22/08/09 23:57:51 INFO NettyBlockTransferService: Server created on 10.0.2.15:33865
[2022-08-09 23:57:51,874] {spark_submit.py:485} INFO - 22/08/09 23:57:51 INFO BlockManager: Using org.apache.spark.storage.RandomBlockReplicationPolicy for block replication policy
[2022-08-09 23:57:51,881] {spark_submit.py:485} INFO - 22/08/09 23:57:51 INFO BlockManagerMaster: Registering BlockManager BlockManagerId(driver, 10.0.2.15, 33865, None)
[2022-08-09 23:57:51,889] {spark_submit.py:485} INFO - 22/08/09 23:57:51 INFO BlockManagerMasterEndpoint: Registering block manager 10.0.2.15:33865 with 366.3 MiB RAM, BlockManagerId(driver, 10.0.2.15, 33865, None)
[2022-08-09 23:57:51,891] {spark_submit.py:485} INFO - 22/08/09 23:57:51 INFO BlockManagerMaster: Registered BlockManager BlockManagerId(driver, 10.0.2.15, 33865, None)
[2022-08-09 23:57:51,892] {spark_submit.py:485} INFO - 22/08/09 23:57:51 INFO BlockManager: Initialized BlockManager: BlockManagerId(driver, 10.0.2.15, 33865, None)
[2022-08-09 23:57:52,344] {spark_submit.py:485} INFO - 22/08/09 23:57:52 INFO SharedState: Setting hive.metastore.warehouse.dir ('null') to the value of spark.sql.warehouse.dir.
[2022-08-09 23:57:52,363] {spark_submit.py:485} INFO - 22/08/09 23:57:52 INFO SharedState: Warehouse path is 'file:/home/renan/datapipeline/spark-warehouse'.
[2022-08-09 23:57:53,290] {spark_submit.py:485} INFO - 22/08/09 23:57:53 INFO InMemoryFileIndex: It took 32 ms to list leaf files for 1 paths.
[2022-08-09 23:57:53,356] {spark_submit.py:485} INFO - 22/08/09 23:57:53 INFO InMemoryFileIndex: It took 3 ms to list leaf files for 1 paths.
[2022-08-09 23:57:55,489] {spark_submit.py:485} INFO - 22/08/09 23:57:55 INFO FileSourceStrategy: Pushed Filters:
[2022-08-09 23:57:55,490] {spark_submit.py:485} INFO - 22/08/09 23:57:55 INFO FileSourceStrategy: Post-Scan Filters:
[2022-08-09 23:57:55,493] {spark_submit.py:485} INFO - 22/08/09 23:57:55 INFO FileSourceStrategy: Output Data Schema: struct<value: string>
[2022-08-09 23:57:55,778] {spark_submit.py:485} INFO - 22/08/09 23:57:55 INFO MemoryStore: Block broadcast_0 stored as values in memory (estimated size 349.5 KiB, free 366.0 MiB)
[2022-08-09 23:57:55,828] {spark_submit.py:485} INFO - 22/08/09 23:57:55 INFO MemoryStore: Block broadcast_0_piece0 stored as bytes in memory (estimated size 33.9 KiB, free 365.9 MiB)
[2022-08-09 23:57:55,831] {spark_submit.py:485} INFO - 22/08/09 23:57:55 INFO BlockManagerInfo: Added broadcast_0_piece0 in memory on 10.0.2.15:33865 (size: 33.9 KiB, free: 366.3 MiB)
[2022-08-09 23:57:55,836] {spark_submit.py:485} INFO - 22/08/09 23:57:55 INFO SparkContext: Created broadcast 0 from json at NativeMethodAccessorImpl.java:0
[2022-08-09 23:57:55,846] {spark_submit.py:485} INFO - 22/08/09 23:57:55 INFO FileSourceScanExec: Planning scan with bin packing, max size: 4203808 bytes, open cost is considered as scanning 4194304 bytes.
[2022-08-09 23:57:56,262] {spark_submit.py:485} INFO - 22/08/09 23:57:56 INFO SparkContext: Starting job: json at NativeMethodAccessorImpl.java:0
[2022-08-09 23:57:56,275] {spark_submit.py:485} INFO - 22/08/09 23:57:56 INFO DAGScheduler: Got job 0 (json at NativeMethodAccessorImpl.java:0) with 1 output partitions
[2022-08-09 23:57:56,276] {spark_submit.py:485} INFO - 22/08/09 23:57:56 INFO DAGScheduler: Final stage: ResultStage 0 (json at NativeMethodAccessorImpl.java:0)
[2022-08-09 23:57:56,276] {spark_submit.py:485} INFO - 22/08/09 23:57:56 INFO DAGScheduler: Parents of final stage: List()
[2022-08-09 23:57:56,284] {spark_submit.py:485} INFO - 22/08/09 23:57:56 INFO DAGScheduler: Missing parents: List()
[2022-08-09 23:57:56,299] {spark_submit.py:485} INFO - 22/08/09 23:57:56 INFO DAGScheduler: Submitting ResultStage 0 (MapPartitionsRDD[3] at json at NativeMethodAccessorImpl.java:0), which has no missing parents
[2022-08-09 23:57:56,439] {spark_submit.py:485} INFO - 22/08/09 23:57:56 INFO MemoryStore: Block broadcast_1 stored as values in memory (estimated size 14.5 KiB, free 365.9 MiB)
[2022-08-09 23:57:56,444] {spark_submit.py:485} INFO - 22/08/09 23:57:56 INFO MemoryStore: Block broadcast_1_piece0 stored as bytes in memory (estimated size 7.0 KiB, free 365.9 MiB)
[2022-08-09 23:57:56,445] {spark_submit.py:485} INFO - 22/08/09 23:57:56 INFO BlockManagerInfo: Added broadcast_1_piece0 in memory on 10.0.2.15:33865 (size: 7.0 KiB, free: 366.3 MiB)
[2022-08-09 23:57:56,445] {spark_submit.py:485} INFO - 22/08/09 23:57:56 INFO SparkContext: Created broadcast 1 from broadcast at DAGScheduler.scala:1513
[2022-08-09 23:57:56,472] {spark_submit.py:485} INFO - 22/08/09 23:57:56 INFO DAGScheduler: Submitting 1 missing tasks from ResultStage 0 (MapPartitionsRDD[3] at json at NativeMethodAccessorImpl.java:0) (first 15 tasks are for partitions Vector(0))
[2022-08-09 23:57:56,473] {spark_submit.py:485} INFO - 22/08/09 23:57:56 INFO TaskSchedulerImpl: Adding task set 0.0 with 1 tasks resource profile 0
[2022-08-09 23:57:56,545] {spark_submit.py:485} INFO - 22/08/09 23:57:56 INFO TaskSetManager: Starting task 0.0 in stage 0.0 (TID 0) (10.0.2.15, executor driver, partition 0, PROCESS_LOCAL, 4988 bytes) taskResourceAssignments Map()
[2022-08-09 23:57:56,582] {spark_submit.py:485} INFO - 22/08/09 23:57:56 INFO Executor: Running task 0.0 in stage 0.0 (TID 0)
[2022-08-09 23:57:56,889] {spark_submit.py:485} INFO - 22/08/09 23:57:56 INFO FileScanRDD: Reading File path: file:///home/renan/datapipeline/datalake/bronze/twitter_aluraonline/extract_date=2022-08-04/AluraOnline_20220804.json, range: 0-9504, partition values: [empty row]
[2022-08-09 23:57:57,221] {spark_submit.py:485} INFO - 22/08/09 23:57:57 INFO CodeGenerator: Code generated in 276.383793 ms
[2022-08-09 23:57:57,300] {spark_submit.py:485} INFO - 22/08/09 23:57:57 INFO Executor: Finished task 0.0 in stage 0.0 (TID 0). 2823 bytes result sent to driver
[2022-08-09 23:57:57,332] {spark_submit.py:485} INFO - 22/08/09 23:57:57 INFO TaskSetManager: Finished task 0.0 in stage 0.0 (TID 0) in 796 ms on 10.0.2.15 (executor driver) (1/1)
[2022-08-09 23:57:57,332] {spark_submit.py:485} INFO - 22/08/09 23:57:57 INFO TaskSchedulerImpl: Removed TaskSet 0.0, whose tasks have all completed, from pool
[2022-08-09 23:57:57,348] {spark_submit.py:485} INFO - 22/08/09 23:57:57 INFO DAGScheduler: ResultStage 0 (json at NativeMethodAccessorImpl.java:0) finished in 1,017 s
[2022-08-09 23:57:57,354] {spark_submit.py:485} INFO - 22/08/09 23:57:57 INFO DAGScheduler: Job 0 is finished. Cancelling potential speculative or zombie tasks for this job
[2022-08-09 23:57:57,358] {spark_submit.py:485} INFO - 22/08/09 23:57:57 INFO TaskSchedulerImpl: Killing all running tasks in stage 0: Stage finished
[2022-08-09 23:57:57,364] {spark_submit.py:485} INFO - 22/08/09 23:57:57 INFO DAGScheduler: Job 0 finished: json at NativeMethodAccessorImpl.java:0, took 1,099578 s
[2022-08-09 23:57:57,866] {spark_submit.py:485} INFO - 22/08/09 23:57:57 INFO FileSourceStrategy: Pushed Filters: IsNotNull(data)
[2022-08-09 23:57:57,878] {spark_submit.py:485} INFO - 22/08/09 23:57:57 INFO FileSourceStrategy: Post-Scan Filters: (size(data#8, true) > 0),isnotnull(data#8)
[2022-08-09 23:57:57,879] {spark_submit.py:485} INFO - 22/08/09 23:57:57 INFO FileSourceStrategy: Output Data Schema: struct<data: array<struct<author_id:string,conversation_id:string,created_at:string,id:string,in_reply_to_user_id:string,public_metrics:struct<like_count:bigint,quote_count:bigint,reply_count:bigint,retweet_count:bigint>,text:string>>>
[2022-08-09 23:57:57,962] {spark_submit.py:485} INFO - 22/08/09 23:57:57 INFO FileOutputCommitter: File Output Committer Algorithm version is 1
[2022-08-09 23:57:57,962] {spark_submit.py:485} INFO - 22/08/09 23:57:57 INFO FileOutputCommitter: FileOutputCommitter skip cleanup _temporary folders under output directory:false, ignore cleanup failures: false
[2022-08-09 23:57:57,963] {spark_submit.py:485} INFO - 22/08/09 23:57:57 INFO SQLHadoopMapReduceCommitProtocol: Using output committer class org.apache.hadoop.mapreduce.lib.output.FileOutputCommitter
[2022-08-09 23:57:58,184] {spark_submit.py:485} INFO - 22/08/09 23:57:58 INFO CodeGenerator: Code generated in 105.527954 ms
[2022-08-09 23:57:58,193] {spark_submit.py:485} INFO - 22/08/09 23:57:58 INFO MemoryStore: Block broadcast_2 stored as values in memory (estimated size 349.4 KiB, free 365.6 MiB)
[2022-08-09 23:57:58,207] {spark_submit.py:485} INFO - 22/08/09 23:57:58 INFO MemoryStore: Block broadcast_2_piece0 stored as bytes in memory (estimated size 33.8 KiB, free 365.5 MiB)
[2022-08-09 23:57:58,209] {spark_submit.py:485} INFO - 22/08/09 23:57:58 INFO BlockManagerInfo: Added broadcast_2_piece0 in memory on 10.0.2.15:33865 (size: 33.8 KiB, free: 366.2 MiB)
[2022-08-09 23:57:58,210] {spark_submit.py:485} INFO - 22/08/09 23:57:58 INFO SparkContext: Created broadcast 2 from json at NativeMethodAccessorImpl.java:0
[2022-08-09 23:57:58,218] {spark_submit.py:485} INFO - 22/08/09 23:57:58 INFO FileSourceScanExec: Planning scan with bin packing, max size: 4203808 bytes, open cost is considered as scanning 4194304 bytes.
[2022-08-09 23:57:58,290] {spark_submit.py:485} INFO - 22/08/09 23:57:58 INFO SparkContext: Starting job: json at NativeMethodAccessorImpl.java:0
[2022-08-09 23:57:58,292] {spark_submit.py:485} INFO - 22/08/09 23:57:58 INFO DAGScheduler: Got job 1 (json at NativeMethodAccessorImpl.java:0) with 1 output partitions
[2022-08-09 23:57:58,292] {spark_submit.py:485} INFO - 22/08/09 23:57:58 INFO DAGScheduler: Final stage: ResultStage 1 (json at NativeMethodAccessorImpl.java:0)
[2022-08-09 23:57:58,292] {spark_submit.py:485} INFO - 22/08/09 23:57:58 INFO DAGScheduler: Parents of final stage: List()
[2022-08-09 23:57:58,292] {spark_submit.py:485} INFO - 22/08/09 23:57:58 INFO DAGScheduler: Missing parents: List()
[2022-08-09 23:57:58,294] {spark_submit.py:485} INFO - 22/08/09 23:57:58 INFO DAGScheduler: Submitting ResultStage 1 (CoalescedRDD[7] at json at NativeMethodAccessorImpl.java:0), which has no missing parents
[2022-08-09 23:57:58,333] {spark_submit.py:485} INFO - 22/08/09 23:57:58 INFO MemoryStore: Block broadcast_3 stored as values in memory (estimated size 229.2 KiB, free 365.3 MiB)
[2022-08-09 23:57:58,346] {spark_submit.py:485} INFO - 22/08/09 23:57:58 INFO MemoryStore: Block broadcast_3_piece0 stored as bytes in memory (estimated size 79.5 KiB, free 365.2 MiB)
[2022-08-09 23:57:58,347] {spark_submit.py:485} INFO - 22/08/09 23:57:58 INFO BlockManagerInfo: Added broadcast_3_piece0 in memory on 10.0.2.15:33865 (size: 79.5 KiB, free: 366.1 MiB)
[2022-08-09 23:57:58,347] {spark_submit.py:485} INFO - 22/08/09 23:57:58 INFO SparkContext: Created broadcast 3 from broadcast at DAGScheduler.scala:1513
[2022-08-09 23:57:58,348] {spark_submit.py:485} INFO - 22/08/09 23:57:58 INFO DAGScheduler: Submitting 1 missing tasks from ResultStage 1 (CoalescedRDD[7] at json at NativeMethodAccessorImpl.java:0) (first 15 tasks are for partitions Vector(0))
[2022-08-09 23:57:58,348] {spark_submit.py:485} INFO - 22/08/09 23:57:58 INFO TaskSchedulerImpl: Adding task set 1.0 with 1 tasks resource profile 0
[2022-08-09 23:57:58,355] {spark_submit.py:485} INFO - 22/08/09 23:57:58 INFO TaskSetManager: Starting task 0.0 in stage 1.0 (TID 1) (10.0.2.15, executor driver, partition 0, PROCESS_LOCAL, 5217 bytes) taskResourceAssignments Map()
[2022-08-09 23:57:58,359] {spark_submit.py:485} INFO - 22/08/09 23:57:58 INFO Executor: Running task 0.0 in stage 1.0 (TID 1)
[2022-08-09 23:57:58,435] {spark_submit.py:485} INFO - 22/08/09 23:57:58 INFO FileOutputCommitter: File Output Committer Algorithm version is 1
[2022-08-09 23:57:58,435] {spark_submit.py:485} INFO - 22/08/09 23:57:58 INFO FileOutputCommitter: FileOutputCommitter skip cleanup _temporary folders under output directory:false, ignore cleanup failures: false
[2022-08-09 23:57:58,436] {spark_submit.py:485} INFO - 22/08/09 23:57:58 INFO SQLHadoopMapReduceCommitProtocol: Using output committer class org.apache.hadoop.mapreduce.lib.output.FileOutputCommitter
[2022-08-09 23:57:58,502] {spark_submit.py:485} INFO - 22/08/09 23:57:58 INFO FileScanRDD: Reading File path: file:///home/renan/datapipeline/datalake/bronze/twitter_aluraonline/extract_date=2022-08-04/AluraOnline_20220804.json, range: 0-9504, partition values: [empty row]
[2022-08-09 23:57:58,525] {spark_submit.py:485} INFO - 22/08/09 23:57:58 INFO CodeGenerator: Code generated in 17.580542 ms
[2022-08-09 23:57:58,555] {spark_submit.py:485} INFO - 22/08/09 23:57:58 INFO CodeGenerator: Code generated in 9.502068 ms
[2022-08-09 23:57:58,647] {spark_submit.py:485} INFO - 22/08/09 23:57:58 INFO FileOutputCommitter: Saved output of task 'attempt_202208092357581872399387589978196_0001_m_000000_1' to file:/home/renan/datapipeline/datalake/silver/twitter_aluraonline/tweet/process_date=2022-08-04/_temporary/0/task_202208092357581872399387589978196_0001_m_000000
[2022-08-09 23:57:58,648] {spark_submit.py:485} INFO - 22/08/09 23:57:58 INFO SparkHadoopMapRedUtil: attempt_202208092357581872399387589978196_0001_m_000000_1: Committed. Elapsed time: 1 ms.
[2022-08-09 23:57:58,657] {spark_submit.py:485} INFO - 22/08/09 23:57:58 INFO BlockManagerInfo: Removed broadcast_1_piece0 on 10.0.2.15:33865 in memory (size: 7.0 KiB, free: 366.2 MiB)
[2022-08-09 23:57:58,679] {spark_submit.py:485} INFO - 22/08/09 23:57:58 INFO Executor: Finished task 0.0 in stage 1.0 (TID 1). 2721 bytes result sent to driver
[2022-08-09 23:57:58,682] {spark_submit.py:485} INFO - 22/08/09 23:57:58 INFO TaskSetManager: Finished task 0.0 in stage 1.0 (TID 1) in 333 ms on 10.0.2.15 (executor driver) (1/1)
[2022-08-09 23:57:58,685] {spark_submit.py:485} INFO - 22/08/09 23:57:58 INFO TaskSchedulerImpl: Removed TaskSet 1.0, whose tasks have all completed, from pool
[2022-08-09 23:57:58,685] {spark_submit.py:485} INFO - 22/08/09 23:57:58 INFO DAGScheduler: ResultStage 1 (json at NativeMethodAccessorImpl.java:0) finished in 0,392 s
[2022-08-09 23:57:58,692] {spark_submit.py:485} INFO - 22/08/09 23:57:58 INFO DAGScheduler: Job 1 is finished. Cancelling potential speculative or zombie tasks for this job
[2022-08-09 23:57:58,693] {spark_submit.py:485} INFO - 22/08/09 23:57:58 INFO TaskSchedulerImpl: Killing all running tasks in stage 1: Stage finished
[2022-08-09 23:57:58,698] {spark_submit.py:485} INFO - 22/08/09 23:57:58 INFO DAGScheduler: Job 1 finished: json at NativeMethodAccessorImpl.java:0, took 0,407258 s
[2022-08-09 23:57:58,699] {spark_submit.py:485} INFO - 22/08/09 23:57:58 INFO FileFormatWriter: Start to commit write Job 619e50f2-9592-4727-b975-7187d4d2ce95.
[2022-08-09 23:57:58,717] {spark_submit.py:485} INFO - 22/08/09 23:57:58 INFO FileFormatWriter: Write Job 619e50f2-9592-4727-b975-7187d4d2ce95 committed. Elapsed time: 18 ms.
[2022-08-09 23:57:58,721] {spark_submit.py:485} INFO - 22/08/09 23:57:58 INFO FileFormatWriter: Finished processing stats for write job 619e50f2-9592-4727-b975-7187d4d2ce95.
[2022-08-09 23:57:58,768] {spark_submit.py:485} INFO - 22/08/09 23:57:58 INFO FileSourceStrategy: Pushed Filters:
[2022-08-09 23:57:58,768] {spark_submit.py:485} INFO - 22/08/09 23:57:58 INFO FileSourceStrategy: Post-Scan Filters:
[2022-08-09 23:57:58,768] {spark_submit.py:485} INFO - 22/08/09 23:57:58 INFO FileSourceStrategy: Output Data Schema: struct<includes: struct<users: array<struct<created_at:string,id:string,name:string,username:string>>>>
[2022-08-09 23:57:58,779] {spark_submit.py:485} INFO - 22/08/09 23:57:58 INFO FileOutputCommitter: File Output Committer Algorithm version is 1
[2022-08-09 23:57:58,779] {spark_submit.py:485} INFO - 22/08/09 23:57:58 INFO FileOutputCommitter: FileOutputCommitter skip cleanup _temporary folders under output directory:false, ignore cleanup failures: false
[2022-08-09 23:57:58,779] {spark_submit.py:485} INFO - 22/08/09 23:57:58 INFO SQLHadoopMapReduceCommitProtocol: Using output committer class org.apache.hadoop.mapreduce.lib.output.FileOutputCommitter
[2022-08-09 23:57:58,816] {spark_submit.py:485} INFO - 22/08/09 23:57:58 INFO CodeGenerator: Code generated in 15.986071 ms
[2022-08-09 23:57:58,826] {spark_submit.py:485} INFO - 22/08/09 23:57:58 INFO MemoryStore: Block broadcast_4 stored as values in memory (estimated size 349.4 KiB, free 364.9 MiB)
[2022-08-09 23:57:58,832] {spark_submit.py:485} INFO - 22/08/09 23:57:58 INFO MemoryStore: Block broadcast_4_piece0 stored as bytes in memory (estimated size 33.8 KiB, free 364.9 MiB)
[2022-08-09 23:57:58,833] {spark_submit.py:485} INFO - 22/08/09 23:57:58 INFO BlockManagerInfo: Added broadcast_4_piece0 in memory on 10.0.2.15:33865 (size: 33.8 KiB, free: 366.1 MiB)
[2022-08-09 23:57:58,835] {spark_submit.py:485} INFO - 22/08/09 23:57:58 INFO SparkContext: Created broadcast 4 from json at NativeMethodAccessorImpl.java:0
[2022-08-09 23:57:58,836] {spark_submit.py:485} INFO - 22/08/09 23:57:58 INFO FileSourceScanExec: Planning scan with bin packing, max size: 4203808 bytes, open cost is considered as scanning 4194304 bytes.
[2022-08-09 23:57:58,856] {spark_submit.py:485} INFO - 22/08/09 23:57:58 INFO SparkContext: Starting job: json at NativeMethodAccessorImpl.java:0
[2022-08-09 23:57:58,859] {spark_submit.py:485} INFO - 22/08/09 23:57:58 INFO DAGScheduler: Got job 2 (json at NativeMethodAccessorImpl.java:0) with 1 output partitions
[2022-08-09 23:57:58,859] {spark_submit.py:485} INFO - 22/08/09 23:57:58 INFO DAGScheduler: Final stage: ResultStage 2 (json at NativeMethodAccessorImpl.java:0)
[2022-08-09 23:57:58,859] {spark_submit.py:485} INFO - 22/08/09 23:57:58 INFO DAGScheduler: Parents of final stage: List()
[2022-08-09 23:57:58,859] {spark_submit.py:485} INFO - 22/08/09 23:57:58 INFO DAGScheduler: Missing parents: List()
[2022-08-09 23:57:58,864] {spark_submit.py:485} INFO - 22/08/09 23:57:58 INFO DAGScheduler: Submitting ResultStage 2 (CoalescedRDD[11] at json at NativeMethodAccessorImpl.java:0), which has no missing parents
[2022-08-09 23:57:58,880] {spark_submit.py:485} INFO - 22/08/09 23:57:58 INFO MemoryStore: Block broadcast_5 stored as values in memory (estimated size 214.5 KiB, free 364.7 MiB)
[2022-08-09 23:57:58,881] {spark_submit.py:485} INFO - 22/08/09 23:57:58 INFO MemoryStore: Block broadcast_5_piece0 stored as bytes in memory (estimated size 76.3 KiB, free 364.6 MiB)
[2022-08-09 23:57:58,882] {spark_submit.py:485} INFO - 22/08/09 23:57:58 INFO BlockManagerInfo: Added broadcast_5_piece0 in memory on 10.0.2.15:33865 (size: 76.3 KiB, free: 366.0 MiB)
[2022-08-09 23:57:58,883] {spark_submit.py:485} INFO - 22/08/09 23:57:58 INFO SparkContext: Created broadcast 5 from broadcast at DAGScheduler.scala:1513
[2022-08-09 23:57:58,883] {spark_submit.py:485} INFO - 22/08/09 23:57:58 INFO DAGScheduler: Submitting 1 missing tasks from ResultStage 2 (CoalescedRDD[11] at json at NativeMethodAccessorImpl.java:0) (first 15 tasks are for partitions Vector(0))
[2022-08-09 23:57:58,883] {spark_submit.py:485} INFO - 22/08/09 23:57:58 INFO TaskSchedulerImpl: Adding task set 2.0 with 1 tasks resource profile 0
[2022-08-09 23:57:58,884] {spark_submit.py:485} INFO - 22/08/09 23:57:58 INFO TaskSetManager: Starting task 0.0 in stage 2.0 (TID 2) (10.0.2.15, executor driver, partition 0, PROCESS_LOCAL, 5217 bytes) taskResourceAssignments Map()
[2022-08-09 23:57:58,885] {spark_submit.py:485} INFO - 22/08/09 23:57:58 INFO Executor: Running task 0.0 in stage 2.0 (TID 2)
[2022-08-09 23:57:58,916] {spark_submit.py:485} INFO - 22/08/09 23:57:58 INFO FileOutputCommitter: File Output Committer Algorithm version is 1
[2022-08-09 23:57:58,916] {spark_submit.py:485} INFO - 22/08/09 23:57:58 INFO FileOutputCommitter: FileOutputCommitter skip cleanup _temporary folders under output directory:false, ignore cleanup failures: false
[2022-08-09 23:57:58,917] {spark_submit.py:485} INFO - 22/08/09 23:57:58 INFO SQLHadoopMapReduceCommitProtocol: Using output committer class org.apache.hadoop.mapreduce.lib.output.FileOutputCommitter
[2022-08-09 23:57:58,982] {spark_submit.py:485} INFO - 22/08/09 23:57:58 INFO FileScanRDD: Reading File path: file:///home/renan/datapipeline/datalake/bronze/twitter_aluraonline/extract_date=2022-08-04/AluraOnline_20220804.json, range: 0-9504, partition values: [empty row]
[2022-08-09 23:57:58,999] {spark_submit.py:485} INFO - 22/08/09 23:57:58 INFO CodeGenerator: Code generated in 14.534918 ms
[2022-08-09 23:57:59,014] {spark_submit.py:485} INFO - 22/08/09 23:57:59 INFO FileOutputCommitter: Saved output of task 'attempt_202208092357586146645963754204778_0002_m_000000_2' to file:/home/renan/datapipeline/datalake/silver/twitter_aluraonline/user/process_date=2022-08-04/_temporary/0/task_202208092357586146645963754204778_0002_m_000000
[2022-08-09 23:57:59,014] {spark_submit.py:485} INFO - 22/08/09 23:57:59 INFO SparkHadoopMapRedUtil: attempt_202208092357586146645963754204778_0002_m_000000_2: Committed. Elapsed time: 0 ms.
[2022-08-09 23:57:59,015] {spark_submit.py:485} INFO - 22/08/09 23:57:59 INFO Executor: Finished task 0.0 in stage 2.0 (TID 2). 2579 bytes result sent to driver
[2022-08-09 23:57:59,016] {spark_submit.py:485} INFO - 22/08/09 23:57:59 INFO TaskSetManager: Finished task 0.0 in stage 2.0 (TID 2) in 132 ms on 10.0.2.15 (executor driver) (1/1)
[2022-08-09 23:57:59,016] {spark_submit.py:485} INFO - 22/08/09 23:57:59 INFO TaskSchedulerImpl: Removed TaskSet 2.0, whose tasks have all completed, from pool
[2022-08-09 23:57:59,020] {spark_submit.py:485} INFO - 22/08/09 23:57:59 INFO DAGScheduler: ResultStage 2 (json at NativeMethodAccessorImpl.java:0) finished in 0,152 s
[2022-08-09 23:57:59,020] {spark_submit.py:485} INFO - 22/08/09 23:57:59 INFO DAGScheduler: Job 2 is finished. Cancelling potential speculative or zombie tasks for this job
[2022-08-09 23:57:59,020] {spark_submit.py:485} INFO - 22/08/09 23:57:59 INFO TaskSchedulerImpl: Killing all running tasks in stage 2: Stage finished
[2022-08-09 23:57:59,021] {spark_submit.py:485} INFO - 22/08/09 23:57:59 INFO DAGScheduler: Job 2 finished: json at NativeMethodAccessorImpl.java:0, took 0,163703 s
[2022-08-09 23:57:59,021] {spark_submit.py:485} INFO - 22/08/09 23:57:59 INFO FileFormatWriter: Start to commit write Job eb4a7370-21a7-4f09-9915-f1ba689198da.
[2022-08-09 23:57:59,029] {spark_submit.py:485} INFO - 22/08/09 23:57:59 INFO FileFormatWriter: Write Job eb4a7370-21a7-4f09-9915-f1ba689198da committed. Elapsed time: 7 ms.
[2022-08-09 23:57:59,029] {spark_submit.py:485} INFO - 22/08/09 23:57:59 INFO FileFormatWriter: Finished processing stats for write job eb4a7370-21a7-4f09-9915-f1ba689198da.
[2022-08-09 23:57:59,079] {spark_submit.py:485} INFO - 22/08/09 23:57:59 INFO SparkContext: Invoking stop() from shutdown hook
[2022-08-09 23:57:59,106] {spark_submit.py:485} INFO - 22/08/09 23:57:59 INFO SparkUI: Stopped Spark web UI at http://10.0.2.15:4040
[2022-08-09 23:57:59,128] {spark_submit.py:485} INFO - 22/08/09 23:57:59 INFO MapOutputTrackerMasterEndpoint: MapOutputTrackerMasterEndpoint stopped!
[2022-08-09 23:57:59,153] {spark_submit.py:485} INFO - 22/08/09 23:57:59 INFO MemoryStore: MemoryStore cleared
[2022-08-09 23:57:59,153] {spark_submit.py:485} INFO - 22/08/09 23:57:59 INFO BlockManager: BlockManager stopped
[2022-08-09 23:57:59,158] {spark_submit.py:485} INFO - 22/08/09 23:57:59 INFO BlockManagerMaster: BlockManagerMaster stopped
[2022-08-09 23:57:59,165] {spark_submit.py:485} INFO - 22/08/09 23:57:59 INFO OutputCommitCoordinator$OutputCommitCoordinatorEndpoint: OutputCommitCoordinator stopped!
[2022-08-09 23:57:59,178] {spark_submit.py:485} INFO - 22/08/09 23:57:59 INFO SparkContext: Successfully stopped SparkContext
[2022-08-09 23:57:59,178] {spark_submit.py:485} INFO - 22/08/09 23:57:59 INFO ShutdownHookManager: Shutdown hook called
[2022-08-09 23:57:59,178] {spark_submit.py:485} INFO - 22/08/09 23:57:59 INFO ShutdownHookManager: Deleting directory /tmp/spark-94a6c3ef-362e-4ed7-b77f-25dbad99d8d5/pyspark-375ac42f-8733-4d15-afb7-4d398372beaf
[2022-08-09 23:57:59,180] {spark_submit.py:485} INFO - 22/08/09 23:57:59 INFO ShutdownHookManager: Deleting directory /tmp/spark-94a6c3ef-362e-4ed7-b77f-25dbad99d8d5
[2022-08-09 23:57:59,180] {spark_submit.py:485} INFO - 22/08/09 23:57:59 INFO ShutdownHookManager: Deleting directory /tmp/spark-c635aa7e-4dab-4772-8242-a29fa688ebbb
[2022-08-09 23:57:59,252] {taskinstance.py:1415} INFO - Marking task as SUCCESS. dag_id=twitter_dag, task_id=transform_twitter_aluraonline, execution_date=20220804T120000, start_date=20220810T025747, end_date=20220810T025759
[2022-08-09 23:57:59,296] {local_task_job.py:156} INFO - Task exited with return code 0
[2022-08-09 23:57:59,311] {local_task_job.py:273} INFO - 0 downstream tasks scheduled from follow-on schedule check
