[2022-08-09 23:58:41,303] {taskinstance.py:1179} INFO - Dependencies all met for <TaskInstance: twitter_dag.twitter_aluraonline scheduled__2022-08-08T12:00:00+00:00 [queued]>
[2022-08-09 23:58:41,307] {taskinstance.py:1179} INFO - Dependencies all met for <TaskInstance: twitter_dag.twitter_aluraonline scheduled__2022-08-08T12:00:00+00:00 [queued]>
[2022-08-09 23:58:41,307] {taskinstance.py:1376} INFO - 
--------------------------------------------------------------------------------
[2022-08-09 23:58:41,307] {taskinstance.py:1377} INFO - Starting attempt 1 of 1
[2022-08-09 23:58:41,307] {taskinstance.py:1378} INFO - 
--------------------------------------------------------------------------------
[2022-08-09 23:58:41,316] {taskinstance.py:1397} INFO - Executing <Task(TwitterOperator): twitter_aluraonline> on 2022-08-08 12:00:00+00:00
[2022-08-09 23:58:41,319] {standard_task_runner.py:52} INFO - Started process 12535 to run task
[2022-08-09 23:58:41,322] {standard_task_runner.py:79} INFO - Running: ['airflow', 'tasks', 'run', 'twitter_dag', 'twitter_aluraonline', 'scheduled__2022-08-08T12:00:00+00:00', '--job-id', '28', '--raw', '--subdir', 'DAGS_FOLDER/twitter_dag.py', '--cfg-path', '/tmp/tmpgw9u_6d6', '--error-file', '/tmp/tmp555x1aih']
[2022-08-09 23:58:41,323] {standard_task_runner.py:80} INFO - Job 28: Subtask twitter_aluraonline
[2022-08-09 23:58:41,355] {task_command.py:371} INFO - Running <TaskInstance: twitter_dag.twitter_aluraonline scheduled__2022-08-08T12:00:00+00:00 [running]> on host renan-VirtualBox
[2022-08-09 23:58:41,382] {logging_mixin.py:115} WARNING - /home/renan/datapipeline/.env/lib/python3.8/site-packages/airflow/utils/context.py:202 AirflowContextDeprecationWarning: Accessing 'execution_date' from the template is deprecated and will be removed in a future version. Please use 'data_interval_start' or 'logical_date' instead.
[2022-08-09 23:58:41,383] {logging_mixin.py:115} WARNING - /home/renan/datapipeline/.env/lib/python3.8/site-packages/airflow/utils/context.py:202 AirflowContextDeprecationWarning: Accessing 'next_execution_date' from the template is deprecated and will be removed in a future version. Please use 'data_interval_end' instead.
[2022-08-09 23:58:41,404] {taskinstance.py:1589} INFO - Exporting the following env vars:
AIRFLOW_CTX_DAG_OWNER=airflow
AIRFLOW_CTX_DAG_ID=twitter_dag
AIRFLOW_CTX_TASK_ID=twitter_aluraonline
AIRFLOW_CTX_EXECUTION_DATE=2022-08-08T12:00:00+00:00
AIRFLOW_CTX_TRY_NUMBER=1
AIRFLOW_CTX_DAG_RUN_ID=scheduled__2022-08-08T12:00:00+00:00
[2022-08-09 23:58:41,408] {base.py:68} INFO - Using connection ID 'twitter_default' for task execution.
[2022-08-09 23:58:41,409] {twitter_hook.py:39} INFO - URL: https://api.twitter.com/2/tweets/search/recent?query=AluraOnline&tweet.fields=author_id,conversation_id,created_at,id,in_reply_to_user_id,public_metrics,text&expansions=author_id&user.fields=id,name,username,created_at&start_time=2022-08-08T12:00:00.00Z&end_time=2022-08-09T12:00:00.00Z
[2022-08-09 23:58:41,701] {twitter_hook.py:39} INFO - URL: https://api.twitter.com/2/tweets/search/recent?query=AluraOnline&tweet.fields=author_id,conversation_id,created_at,id,in_reply_to_user_id,public_metrics,text&expansions=author_id&user.fields=id,name,username,created_at&start_time=2022-08-08T12:00:00.00Z&end_time=2022-08-09T12:00:00.00Z&next_token=b26v89c19zqg8o3fpz5mnh4c92hqjstvs4yha0k840ghp
[2022-08-09 23:58:41,987] {twitter_hook.py:39} INFO - URL: https://api.twitter.com/2/tweets/search/recent?query=AluraOnline&tweet.fields=author_id,conversation_id,created_at,id,in_reply_to_user_id,public_metrics,text&expansions=author_id&user.fields=id,name,username,created_at&start_time=2022-08-08T12:00:00.00Z&end_time=2022-08-09T12:00:00.00Z&next_token=b26v89c19zqg8o3fpz5mncwzfvzpzyux4rqowynmnovp9
[2022-08-09 23:58:42,222] {taskinstance.py:1415} INFO - Marking task as SUCCESS. dag_id=twitter_dag, task_id=twitter_aluraonline, execution_date=20220808T120000, start_date=20220810T025841, end_date=20220810T025842
[2022-08-09 23:58:42,263] {local_task_job.py:156} INFO - Task exited with return code 0
[2022-08-09 23:58:42,283] {local_task_job.py:273} INFO - 1 downstream tasks scheduled from follow-on schedule check
