[2022-08-09 23:58:30,456] {taskinstance.py:1179} INFO - Dependencies all met for <TaskInstance: twitter_dag.transform_twitter_aluraonline scheduled__2022-08-07T12:00:00+00:00 [queued]>
[2022-08-09 23:58:30,461] {taskinstance.py:1179} INFO - Dependencies all met for <TaskInstance: twitter_dag.transform_twitter_aluraonline scheduled__2022-08-07T12:00:00+00:00 [queued]>
[2022-08-09 23:58:30,461] {taskinstance.py:1376} INFO - 
--------------------------------------------------------------------------------
[2022-08-09 23:58:30,461] {taskinstance.py:1377} INFO - Starting attempt 1 of 1
[2022-08-09 23:58:30,461] {taskinstance.py:1378} INFO - 
--------------------------------------------------------------------------------
[2022-08-09 23:58:30,471] {taskinstance.py:1397} INFO - Executing <Task(SparkSubmitOperator): transform_twitter_aluraonline> on 2022-08-07 12:00:00+00:00
[2022-08-09 23:58:30,474] {standard_task_runner.py:52} INFO - Started process 12382 to run task
[2022-08-09 23:58:30,476] {standard_task_runner.py:79} INFO - Running: ['airflow', 'tasks', 'run', 'twitter_dag', 'transform_twitter_aluraonline', 'scheduled__2022-08-07T12:00:00+00:00', '--job-id', '27', '--raw', '--subdir', 'DAGS_FOLDER/twitter_dag.py', '--cfg-path', '/tmp/tmpzf_8gv5c', '--error-file', '/tmp/tmp46dvolb4']
[2022-08-09 23:58:30,476] {standard_task_runner.py:80} INFO - Job 27: Subtask transform_twitter_aluraonline
[2022-08-09 23:58:30,506] {task_command.py:371} INFO - Running <TaskInstance: twitter_dag.transform_twitter_aluraonline scheduled__2022-08-07T12:00:00+00:00 [running]> on host renan-VirtualBox
[2022-08-09 23:58:30,596] {taskinstance.py:1589} INFO - Exporting the following env vars:
AIRFLOW_CTX_DAG_OWNER=airflow
AIRFLOW_CTX_DAG_ID=twitter_dag
AIRFLOW_CTX_TASK_ID=transform_twitter_aluraonline
AIRFLOW_CTX_EXECUTION_DATE=2022-08-07T12:00:00+00:00
AIRFLOW_CTX_TRY_NUMBER=1
AIRFLOW_CTX_DAG_RUN_ID=scheduled__2022-08-07T12:00:00+00:00
[2022-08-09 23:58:30,600] {base.py:68} INFO - Using connection ID 'spark_default' for task execution.
[2022-08-09 23:58:30,601] {spark_submit.py:334} INFO - Spark-Submit cmd: /home/renan/spark-3.3.0-bin-hadoop3/bin/spark-submit --master local --name twitter_transformation /home/renan/datapipeline/spark/transformation.py --src /home/renan/datapipeline/datalake/bronze/twitter_aluraonline/extract_date=2022-08-07 --dest /home/renan/datapipeline/datalake/silver/twitter_aluraonline/ --process-date 2022-08-07
[2022-08-09 23:58:31,699] {spark_submit.py:485} INFO - 22/08/09 23:58:31 WARN Utils: Your hostname, renan-VirtualBox resolves to a loopback address: 127.0.1.1; using 10.0.2.15 instead (on interface enp0s3)
[2022-08-09 23:58:31,701] {spark_submit.py:485} INFO - 22/08/09 23:58:31 WARN Utils: Set SPARK_LOCAL_IP if you need to bind to another address
[2022-08-09 23:58:32,422] {spark_submit.py:485} INFO - 22/08/09 23:58:32 INFO SparkContext: Running Spark version 3.3.0
[2022-08-09 23:58:32,468] {spark_submit.py:485} INFO - 22/08/09 23:58:32 WARN NativeCodeLoader: Unable to load native-hadoop library for your platform... using builtin-java classes where applicable
[2022-08-09 23:58:32,527] {spark_submit.py:485} INFO - 22/08/09 23:58:32 INFO ResourceUtils: ==============================================================
[2022-08-09 23:58:32,527] {spark_submit.py:485} INFO - 22/08/09 23:58:32 INFO ResourceUtils: No custom resources configured for spark.driver.
[2022-08-09 23:58:32,528] {spark_submit.py:485} INFO - 22/08/09 23:58:32 INFO ResourceUtils: ==============================================================
[2022-08-09 23:58:32,528] {spark_submit.py:485} INFO - 22/08/09 23:58:32 INFO SparkContext: Submitted application: twitter_transformation
[2022-08-09 23:58:32,545] {spark_submit.py:485} INFO - 22/08/09 23:58:32 INFO ResourceProfile: Default ResourceProfile created, executor resources: Map(cores -> name: cores, amount: 1, script: , vendor: , memory -> name: memory, amount: 1024, script: , vendor: , offHeap -> name: offHeap, amount: 0, script: , vendor: ), task resources: Map(cpus -> name: cpus, amount: 1.0)
[2022-08-09 23:58:32,555] {spark_submit.py:485} INFO - 22/08/09 23:58:32 INFO ResourceProfile: Limiting resource is cpu
[2022-08-09 23:58:32,556] {spark_submit.py:485} INFO - 22/08/09 23:58:32 INFO ResourceProfileManager: Added ResourceProfile id: 0
[2022-08-09 23:58:32,595] {spark_submit.py:485} INFO - 22/08/09 23:58:32 INFO SecurityManager: Changing view acls to: renan
[2022-08-09 23:58:32,595] {spark_submit.py:485} INFO - 22/08/09 23:58:32 INFO SecurityManager: Changing modify acls to: renan
[2022-08-09 23:58:32,595] {spark_submit.py:485} INFO - 22/08/09 23:58:32 INFO SecurityManager: Changing view acls groups to:
[2022-08-09 23:58:32,596] {spark_submit.py:485} INFO - 22/08/09 23:58:32 INFO SecurityManager: Changing modify acls groups to:
[2022-08-09 23:58:32,596] {spark_submit.py:485} INFO - 22/08/09 23:58:32 INFO SecurityManager: SecurityManager: authentication disabled; ui acls disabled; users  with view permissions: Set(renan); groups with view permissions: Set(); users  with modify permissions: Set(renan); groups with modify permissions: Set()
[2022-08-09 23:58:32,839] {spark_submit.py:485} INFO - 22/08/09 23:58:32 INFO Utils: Successfully started service 'sparkDriver' on port 45759.
[2022-08-09 23:58:32,890] {spark_submit.py:485} INFO - 22/08/09 23:58:32 INFO SparkEnv: Registering MapOutputTracker
[2022-08-09 23:58:32,919] {spark_submit.py:485} INFO - 22/08/09 23:58:32 INFO SparkEnv: Registering BlockManagerMaster
[2022-08-09 23:58:32,935] {spark_submit.py:485} INFO - 22/08/09 23:58:32 INFO BlockManagerMasterEndpoint: Using org.apache.spark.storage.DefaultTopologyMapper for getting topology information
[2022-08-09 23:58:32,936] {spark_submit.py:485} INFO - 22/08/09 23:58:32 INFO BlockManagerMasterEndpoint: BlockManagerMasterEndpoint up
[2022-08-09 23:58:32,939] {spark_submit.py:485} INFO - 22/08/09 23:58:32 INFO SparkEnv: Registering BlockManagerMasterHeartbeat
[2022-08-09 23:58:32,956] {spark_submit.py:485} INFO - 22/08/09 23:58:32 INFO DiskBlockManager: Created local directory at /tmp/blockmgr-ce9efc0c-ae7f-4074-8927-e2011fa28d7f
[2022-08-09 23:58:33,011] {spark_submit.py:485} INFO - 22/08/09 23:58:33 INFO MemoryStore: MemoryStore started with capacity 366.3 MiB
[2022-08-09 23:58:33,025] {spark_submit.py:485} INFO - 22/08/09 23:58:33 INFO SparkEnv: Registering OutputCommitCoordinator
[2022-08-09 23:58:33,202] {spark_submit.py:485} INFO - 22/08/09 23:58:33 INFO Utils: Successfully started service 'SparkUI' on port 4040.
[2022-08-09 23:58:33,318] {spark_submit.py:485} INFO - 22/08/09 23:58:33 INFO Executor: Starting executor ID driver on host 10.0.2.15
[2022-08-09 23:58:33,325] {spark_submit.py:485} INFO - 22/08/09 23:58:33 INFO Executor: Starting executor with user classpath (userClassPathFirst = false): ''
[2022-08-09 23:58:33,343] {spark_submit.py:485} INFO - 22/08/09 23:58:33 INFO Utils: Successfully started service 'org.apache.spark.network.netty.NettyBlockTransferService' on port 37051.
[2022-08-09 23:58:33,343] {spark_submit.py:485} INFO - 22/08/09 23:58:33 INFO NettyBlockTransferService: Server created on 10.0.2.15:37051
[2022-08-09 23:58:33,351] {spark_submit.py:485} INFO - 22/08/09 23:58:33 INFO BlockManager: Using org.apache.spark.storage.RandomBlockReplicationPolicy for block replication policy
[2022-08-09 23:58:33,363] {spark_submit.py:485} INFO - 22/08/09 23:58:33 INFO BlockManagerMaster: Registering BlockManager BlockManagerId(driver, 10.0.2.15, 37051, None)
[2022-08-09 23:58:33,369] {spark_submit.py:485} INFO - 22/08/09 23:58:33 INFO BlockManagerMasterEndpoint: Registering block manager 10.0.2.15:37051 with 366.3 MiB RAM, BlockManagerId(driver, 10.0.2.15, 37051, None)
[2022-08-09 23:58:33,371] {spark_submit.py:485} INFO - 22/08/09 23:58:33 INFO BlockManagerMaster: Registered BlockManager BlockManagerId(driver, 10.0.2.15, 37051, None)
[2022-08-09 23:58:33,376] {spark_submit.py:485} INFO - 22/08/09 23:58:33 INFO BlockManager: Initialized BlockManager: BlockManagerId(driver, 10.0.2.15, 37051, None)
[2022-08-09 23:58:33,786] {spark_submit.py:485} INFO - 22/08/09 23:58:33 INFO SharedState: Setting hive.metastore.warehouse.dir ('null') to the value of spark.sql.warehouse.dir.
[2022-08-09 23:58:33,793] {spark_submit.py:485} INFO - 22/08/09 23:58:33 INFO SharedState: Warehouse path is 'file:/home/renan/datapipeline/spark-warehouse'.
[2022-08-09 23:58:34,509] {spark_submit.py:485} INFO - 22/08/09 23:58:34 INFO InMemoryFileIndex: It took 26 ms to list leaf files for 1 paths.
[2022-08-09 23:58:34,557] {spark_submit.py:485} INFO - 22/08/09 23:58:34 INFO InMemoryFileIndex: It took 1 ms to list leaf files for 1 paths.
[2022-08-09 23:58:36,708] {spark_submit.py:485} INFO - 22/08/09 23:58:36 INFO FileSourceStrategy: Pushed Filters:
[2022-08-09 23:58:36,709] {spark_submit.py:485} INFO - 22/08/09 23:58:36 INFO FileSourceStrategy: Post-Scan Filters:
[2022-08-09 23:58:36,713] {spark_submit.py:485} INFO - 22/08/09 23:58:36 INFO FileSourceStrategy: Output Data Schema: struct<value: string>
[2022-08-09 23:58:37,031] {spark_submit.py:485} INFO - 22/08/09 23:58:37 INFO MemoryStore: Block broadcast_0 stored as values in memory (estimated size 349.5 KiB, free 366.0 MiB)
[2022-08-09 23:58:37,082] {spark_submit.py:485} INFO - 22/08/09 23:58:37 INFO MemoryStore: Block broadcast_0_piece0 stored as bytes in memory (estimated size 33.9 KiB, free 365.9 MiB)
[2022-08-09 23:58:37,083] {spark_submit.py:485} INFO - 22/08/09 23:58:37 INFO BlockManagerInfo: Added broadcast_0_piece0 in memory on 10.0.2.15:37051 (size: 33.9 KiB, free: 366.3 MiB)
[2022-08-09 23:58:37,088] {spark_submit.py:485} INFO - 22/08/09 23:58:37 INFO SparkContext: Created broadcast 0 from json at NativeMethodAccessorImpl.java:0
[2022-08-09 23:58:37,100] {spark_submit.py:485} INFO - 22/08/09 23:58:37 INFO FileSourceScanExec: Planning scan with bin packing, max size: 4201204 bytes, open cost is considered as scanning 4194304 bytes.
[2022-08-09 23:58:37,330] {spark_submit.py:485} INFO - 22/08/09 23:58:37 INFO SparkContext: Starting job: json at NativeMethodAccessorImpl.java:0
[2022-08-09 23:58:37,344] {spark_submit.py:485} INFO - 22/08/09 23:58:37 INFO DAGScheduler: Got job 0 (json at NativeMethodAccessorImpl.java:0) with 1 output partitions
[2022-08-09 23:58:37,344] {spark_submit.py:485} INFO - 22/08/09 23:58:37 INFO DAGScheduler: Final stage: ResultStage 0 (json at NativeMethodAccessorImpl.java:0)
[2022-08-09 23:58:37,344] {spark_submit.py:485} INFO - 22/08/09 23:58:37 INFO DAGScheduler: Parents of final stage: List()
[2022-08-09 23:58:37,346] {spark_submit.py:485} INFO - 22/08/09 23:58:37 INFO DAGScheduler: Missing parents: List()
[2022-08-09 23:58:37,354] {spark_submit.py:485} INFO - 22/08/09 23:58:37 INFO DAGScheduler: Submitting ResultStage 0 (MapPartitionsRDD[3] at json at NativeMethodAccessorImpl.java:0), which has no missing parents
[2022-08-09 23:58:37,428] {spark_submit.py:485} INFO - 22/08/09 23:58:37 INFO MemoryStore: Block broadcast_1 stored as values in memory (estimated size 14.5 KiB, free 365.9 MiB)
[2022-08-09 23:58:37,431] {spark_submit.py:485} INFO - 22/08/09 23:58:37 INFO MemoryStore: Block broadcast_1_piece0 stored as bytes in memory (estimated size 7.0 KiB, free 365.9 MiB)
[2022-08-09 23:58:37,431] {spark_submit.py:485} INFO - 22/08/09 23:58:37 INFO BlockManagerInfo: Added broadcast_1_piece0 in memory on 10.0.2.15:37051 (size: 7.0 KiB, free: 366.3 MiB)
[2022-08-09 23:58:37,432] {spark_submit.py:485} INFO - 22/08/09 23:58:37 INFO SparkContext: Created broadcast 1 from broadcast at DAGScheduler.scala:1513
[2022-08-09 23:58:37,442] {spark_submit.py:485} INFO - 22/08/09 23:58:37 INFO DAGScheduler: Submitting 1 missing tasks from ResultStage 0 (MapPartitionsRDD[3] at json at NativeMethodAccessorImpl.java:0) (first 15 tasks are for partitions Vector(0))
[2022-08-09 23:58:37,443] {spark_submit.py:485} INFO - 22/08/09 23:58:37 INFO TaskSchedulerImpl: Adding task set 0.0 with 1 tasks resource profile 0
[2022-08-09 23:58:37,480] {spark_submit.py:485} INFO - 22/08/09 23:58:37 INFO TaskSetManager: Starting task 0.0 in stage 0.0 (TID 0) (10.0.2.15, executor driver, partition 0, PROCESS_LOCAL, 4988 bytes) taskResourceAssignments Map()
[2022-08-09 23:58:37,493] {spark_submit.py:485} INFO - 22/08/09 23:58:37 INFO Executor: Running task 0.0 in stage 0.0 (TID 0)
[2022-08-09 23:58:37,683] {spark_submit.py:485} INFO - 22/08/09 23:58:37 INFO FileScanRDD: Reading File path: file:///home/renan/datapipeline/datalake/bronze/twitter_aluraonline/extract_date=2022-08-07/AluraOnline_20220807.json, range: 0-6900, partition values: [empty row]
[2022-08-09 23:58:37,871] {spark_submit.py:485} INFO - 22/08/09 23:58:37 INFO CodeGenerator: Code generated in 157.31817 ms
[2022-08-09 23:58:37,917] {spark_submit.py:485} INFO - 22/08/09 23:58:37 INFO Executor: Finished task 0.0 in stage 0.0 (TID 0). 2823 bytes result sent to driver
[2022-08-09 23:58:37,929] {spark_submit.py:485} INFO - 22/08/09 23:58:37 INFO TaskSetManager: Finished task 0.0 in stage 0.0 (TID 0) in 457 ms on 10.0.2.15 (executor driver) (1/1)
[2022-08-09 23:58:37,934] {spark_submit.py:485} INFO - 22/08/09 23:58:37 INFO TaskSchedulerImpl: Removed TaskSet 0.0, whose tasks have all completed, from pool
[2022-08-09 23:58:37,935] {spark_submit.py:485} INFO - 22/08/09 23:58:37 INFO DAGScheduler: ResultStage 0 (json at NativeMethodAccessorImpl.java:0) finished in 0,569 s
[2022-08-09 23:58:37,937] {spark_submit.py:485} INFO - 22/08/09 23:58:37 INFO DAGScheduler: Job 0 is finished. Cancelling potential speculative or zombie tasks for this job
[2022-08-09 23:58:37,938] {spark_submit.py:485} INFO - 22/08/09 23:58:37 INFO TaskSchedulerImpl: Killing all running tasks in stage 0: Stage finished
[2022-08-09 23:58:37,943] {spark_submit.py:485} INFO - 22/08/09 23:58:37 INFO DAGScheduler: Job 0 finished: json at NativeMethodAccessorImpl.java:0, took 0,610587 s
[2022-08-09 23:58:38,251] {spark_submit.py:485} INFO - 22/08/09 23:58:38 INFO FileSourceStrategy: Pushed Filters: IsNotNull(data)
[2022-08-09 23:58:38,252] {spark_submit.py:485} INFO - 22/08/09 23:58:38 INFO FileSourceStrategy: Post-Scan Filters: (size(data#8, true) > 0),isnotnull(data#8)
[2022-08-09 23:58:38,252] {spark_submit.py:485} INFO - 22/08/09 23:58:38 INFO FileSourceStrategy: Output Data Schema: struct<data: array<struct<author_id:string,conversation_id:string,created_at:string,id:string,in_reply_to_user_id:string,public_metrics:struct<like_count:bigint,quote_count:bigint,reply_count:bigint,retweet_count:bigint>,text:string>>>
[2022-08-09 23:58:38,307] {spark_submit.py:485} INFO - 22/08/09 23:58:38 INFO FileOutputCommitter: File Output Committer Algorithm version is 1
[2022-08-09 23:58:38,307] {spark_submit.py:485} INFO - 22/08/09 23:58:38 INFO FileOutputCommitter: FileOutputCommitter skip cleanup _temporary folders under output directory:false, ignore cleanup failures: false
[2022-08-09 23:58:38,308] {spark_submit.py:485} INFO - 22/08/09 23:58:38 INFO SQLHadoopMapReduceCommitProtocol: Using output committer class org.apache.hadoop.mapreduce.lib.output.FileOutputCommitter
[2022-08-09 23:58:38,433] {spark_submit.py:485} INFO - 22/08/09 23:58:38 INFO CodeGenerator: Code generated in 56.912529 ms
[2022-08-09 23:58:38,438] {spark_submit.py:485} INFO - 22/08/09 23:58:38 INFO MemoryStore: Block broadcast_2 stored as values in memory (estimated size 349.4 KiB, free 365.6 MiB)
[2022-08-09 23:58:38,445] {spark_submit.py:485} INFO - 22/08/09 23:58:38 INFO MemoryStore: Block broadcast_2_piece0 stored as bytes in memory (estimated size 33.8 KiB, free 365.5 MiB)
[2022-08-09 23:58:38,446] {spark_submit.py:485} INFO - 22/08/09 23:58:38 INFO BlockManagerInfo: Added broadcast_2_piece0 in memory on 10.0.2.15:37051 (size: 33.8 KiB, free: 366.2 MiB)
[2022-08-09 23:58:38,448] {spark_submit.py:485} INFO - 22/08/09 23:58:38 INFO SparkContext: Created broadcast 2 from json at NativeMethodAccessorImpl.java:0
[2022-08-09 23:58:38,450] {spark_submit.py:485} INFO - 22/08/09 23:58:38 INFO FileSourceScanExec: Planning scan with bin packing, max size: 4201204 bytes, open cost is considered as scanning 4194304 bytes.
[2022-08-09 23:58:38,497] {spark_submit.py:485} INFO - 22/08/09 23:58:38 INFO SparkContext: Starting job: json at NativeMethodAccessorImpl.java:0
[2022-08-09 23:58:38,499] {spark_submit.py:485} INFO - 22/08/09 23:58:38 INFO DAGScheduler: Got job 1 (json at NativeMethodAccessorImpl.java:0) with 1 output partitions
[2022-08-09 23:58:38,499] {spark_submit.py:485} INFO - 22/08/09 23:58:38 INFO DAGScheduler: Final stage: ResultStage 1 (json at NativeMethodAccessorImpl.java:0)
[2022-08-09 23:58:38,499] {spark_submit.py:485} INFO - 22/08/09 23:58:38 INFO DAGScheduler: Parents of final stage: List()
[2022-08-09 23:58:38,499] {spark_submit.py:485} INFO - 22/08/09 23:58:38 INFO DAGScheduler: Missing parents: List()
[2022-08-09 23:58:38,504] {spark_submit.py:485} INFO - 22/08/09 23:58:38 INFO DAGScheduler: Submitting ResultStage 1 (CoalescedRDD[7] at json at NativeMethodAccessorImpl.java:0), which has no missing parents
[2022-08-09 23:58:38,522] {spark_submit.py:485} INFO - 22/08/09 23:58:38 INFO MemoryStore: Block broadcast_3 stored as values in memory (estimated size 229.2 KiB, free 365.3 MiB)
[2022-08-09 23:58:38,524] {spark_submit.py:485} INFO - 22/08/09 23:58:38 INFO MemoryStore: Block broadcast_3_piece0 stored as bytes in memory (estimated size 79.5 KiB, free 365.2 MiB)
[2022-08-09 23:58:38,525] {spark_submit.py:485} INFO - 22/08/09 23:58:38 INFO BlockManagerInfo: Added broadcast_3_piece0 in memory on 10.0.2.15:37051 (size: 79.5 KiB, free: 366.1 MiB)
[2022-08-09 23:58:38,525] {spark_submit.py:485} INFO - 22/08/09 23:58:38 INFO SparkContext: Created broadcast 3 from broadcast at DAGScheduler.scala:1513
[2022-08-09 23:58:38,526] {spark_submit.py:485} INFO - 22/08/09 23:58:38 INFO DAGScheduler: Submitting 1 missing tasks from ResultStage 1 (CoalescedRDD[7] at json at NativeMethodAccessorImpl.java:0) (first 15 tasks are for partitions Vector(0))
[2022-08-09 23:58:38,526] {spark_submit.py:485} INFO - 22/08/09 23:58:38 INFO TaskSchedulerImpl: Adding task set 1.0 with 1 tasks resource profile 0
[2022-08-09 23:58:38,530] {spark_submit.py:485} INFO - 22/08/09 23:58:38 INFO TaskSetManager: Starting task 0.0 in stage 1.0 (TID 1) (10.0.2.15, executor driver, partition 0, PROCESS_LOCAL, 5217 bytes) taskResourceAssignments Map()
[2022-08-09 23:58:38,530] {spark_submit.py:485} INFO - 22/08/09 23:58:38 INFO Executor: Running task 0.0 in stage 1.0 (TID 1)
[2022-08-09 23:58:38,568] {spark_submit.py:485} INFO - 22/08/09 23:58:38 INFO FileOutputCommitter: File Output Committer Algorithm version is 1
[2022-08-09 23:58:38,568] {spark_submit.py:485} INFO - 22/08/09 23:58:38 INFO FileOutputCommitter: FileOutputCommitter skip cleanup _temporary folders under output directory:false, ignore cleanup failures: false
[2022-08-09 23:58:38,568] {spark_submit.py:485} INFO - 22/08/09 23:58:38 INFO SQLHadoopMapReduceCommitProtocol: Using output committer class org.apache.hadoop.mapreduce.lib.output.FileOutputCommitter
[2022-08-09 23:58:38,597] {spark_submit.py:485} INFO - 22/08/09 23:58:38 INFO FileScanRDD: Reading File path: file:///home/renan/datapipeline/datalake/bronze/twitter_aluraonline/extract_date=2022-08-07/AluraOnline_20220807.json, range: 0-6900, partition values: [empty row]
[2022-08-09 23:58:38,615] {spark_submit.py:485} INFO - 22/08/09 23:58:38 INFO CodeGenerator: Code generated in 14.535833 ms
[2022-08-09 23:58:38,634] {spark_submit.py:485} INFO - 22/08/09 23:58:38 INFO CodeGenerator: Code generated in 5.25423 ms
[2022-08-09 23:58:38,660] {spark_submit.py:485} INFO - 22/08/09 23:58:38 INFO FileOutputCommitter: Saved output of task 'attempt_202208092358381436891800417184787_0001_m_000000_1' to file:/home/renan/datapipeline/datalake/silver/twitter_aluraonline/tweet/process_date=2022-08-07/_temporary/0/task_202208092358381436891800417184787_0001_m_000000
[2022-08-09 23:58:38,660] {spark_submit.py:485} INFO - 22/08/09 23:58:38 INFO SparkHadoopMapRedUtil: attempt_202208092358381436891800417184787_0001_m_000000_1: Committed. Elapsed time: 0 ms.
[2022-08-09 23:58:38,679] {spark_submit.py:485} INFO - 22/08/09 23:58:38 INFO Executor: Finished task 0.0 in stage 1.0 (TID 1). 2678 bytes result sent to driver
[2022-08-09 23:58:38,690] {spark_submit.py:485} INFO - 22/08/09 23:58:38 INFO TaskSetManager: Finished task 0.0 in stage 1.0 (TID 1) in 163 ms on 10.0.2.15 (executor driver) (1/1)
[2022-08-09 23:58:38,692] {spark_submit.py:485} INFO - 22/08/09 23:58:38 INFO TaskSchedulerImpl: Removed TaskSet 1.0, whose tasks have all completed, from pool
[2022-08-09 23:58:38,694] {spark_submit.py:485} INFO - 22/08/09 23:58:38 INFO DAGScheduler: ResultStage 1 (json at NativeMethodAccessorImpl.java:0) finished in 0,193 s
[2022-08-09 23:58:38,694] {spark_submit.py:485} INFO - 22/08/09 23:58:38 INFO DAGScheduler: Job 1 is finished. Cancelling potential speculative or zombie tasks for this job
[2022-08-09 23:58:38,694] {spark_submit.py:485} INFO - 22/08/09 23:58:38 INFO TaskSchedulerImpl: Killing all running tasks in stage 1: Stage finished
[2022-08-09 23:58:38,698] {spark_submit.py:485} INFO - 22/08/09 23:58:38 INFO DAGScheduler: Job 1 finished: json at NativeMethodAccessorImpl.java:0, took 0,199706 s
[2022-08-09 23:58:38,710] {spark_submit.py:485} INFO - 22/08/09 23:58:38 INFO FileFormatWriter: Start to commit write Job 08f44f98-166d-40a3-96fb-fd67f179c1d6.
[2022-08-09 23:58:38,719] {spark_submit.py:485} INFO - 22/08/09 23:58:38 INFO BlockManagerInfo: Removed broadcast_1_piece0 on 10.0.2.15:37051 in memory (size: 7.0 KiB, free: 366.2 MiB)
[2022-08-09 23:58:38,731] {spark_submit.py:485} INFO - 22/08/09 23:58:38 INFO FileFormatWriter: Write Job 08f44f98-166d-40a3-96fb-fd67f179c1d6 committed. Elapsed time: 31 ms.
[2022-08-09 23:58:38,734] {spark_submit.py:485} INFO - 22/08/09 23:58:38 INFO FileFormatWriter: Finished processing stats for write job 08f44f98-166d-40a3-96fb-fd67f179c1d6.
[2022-08-09 23:58:38,759] {spark_submit.py:485} INFO - 22/08/09 23:58:38 INFO FileSourceStrategy: Pushed Filters:
[2022-08-09 23:58:38,759] {spark_submit.py:485} INFO - 22/08/09 23:58:38 INFO FileSourceStrategy: Post-Scan Filters:
[2022-08-09 23:58:38,759] {spark_submit.py:485} INFO - 22/08/09 23:58:38 INFO FileSourceStrategy: Output Data Schema: struct<includes: struct<users: array<struct<created_at:string,id:string,name:string,username:string>>>>
[2022-08-09 23:58:38,766] {spark_submit.py:485} INFO - 22/08/09 23:58:38 INFO FileOutputCommitter: File Output Committer Algorithm version is 1
[2022-08-09 23:58:38,766] {spark_submit.py:485} INFO - 22/08/09 23:58:38 INFO FileOutputCommitter: FileOutputCommitter skip cleanup _temporary folders under output directory:false, ignore cleanup failures: false
[2022-08-09 23:58:38,766] {spark_submit.py:485} INFO - 22/08/09 23:58:38 INFO SQLHadoopMapReduceCommitProtocol: Using output committer class org.apache.hadoop.mapreduce.lib.output.FileOutputCommitter
[2022-08-09 23:58:38,802] {spark_submit.py:485} INFO - 22/08/09 23:58:38 INFO CodeGenerator: Code generated in 12.245148 ms
[2022-08-09 23:58:38,802] {spark_submit.py:485} INFO - 22/08/09 23:58:38 INFO MemoryStore: Block broadcast_4 stored as values in memory (estimated size 349.4 KiB, free 364.9 MiB)
[2022-08-09 23:58:38,809] {spark_submit.py:485} INFO - 22/08/09 23:58:38 INFO MemoryStore: Block broadcast_4_piece0 stored as bytes in memory (estimated size 33.8 KiB, free 364.9 MiB)
[2022-08-09 23:58:38,809] {spark_submit.py:485} INFO - 22/08/09 23:58:38 INFO BlockManagerInfo: Added broadcast_4_piece0 in memory on 10.0.2.15:37051 (size: 33.8 KiB, free: 366.1 MiB)
[2022-08-09 23:58:38,811] {spark_submit.py:485} INFO - 22/08/09 23:58:38 INFO SparkContext: Created broadcast 4 from json at NativeMethodAccessorImpl.java:0
[2022-08-09 23:58:38,812] {spark_submit.py:485} INFO - 22/08/09 23:58:38 INFO FileSourceScanExec: Planning scan with bin packing, max size: 4201204 bytes, open cost is considered as scanning 4194304 bytes.
[2022-08-09 23:58:38,835] {spark_submit.py:485} INFO - 22/08/09 23:58:38 INFO SparkContext: Starting job: json at NativeMethodAccessorImpl.java:0
[2022-08-09 23:58:38,836] {spark_submit.py:485} INFO - 22/08/09 23:58:38 INFO DAGScheduler: Got job 2 (json at NativeMethodAccessorImpl.java:0) with 1 output partitions
[2022-08-09 23:58:38,836] {spark_submit.py:485} INFO - 22/08/09 23:58:38 INFO DAGScheduler: Final stage: ResultStage 2 (json at NativeMethodAccessorImpl.java:0)
[2022-08-09 23:58:38,837] {spark_submit.py:485} INFO - 22/08/09 23:58:38 INFO DAGScheduler: Parents of final stage: List()
[2022-08-09 23:58:38,837] {spark_submit.py:485} INFO - 22/08/09 23:58:38 INFO DAGScheduler: Missing parents: List()
[2022-08-09 23:58:38,838] {spark_submit.py:485} INFO - 22/08/09 23:58:38 INFO DAGScheduler: Submitting ResultStage 2 (CoalescedRDD[11] at json at NativeMethodAccessorImpl.java:0), which has no missing parents
[2022-08-09 23:58:38,850] {spark_submit.py:485} INFO - 22/08/09 23:58:38 INFO MemoryStore: Block broadcast_5 stored as values in memory (estimated size 214.5 KiB, free 364.7 MiB)
[2022-08-09 23:58:38,852] {spark_submit.py:485} INFO - 22/08/09 23:58:38 INFO MemoryStore: Block broadcast_5_piece0 stored as bytes in memory (estimated size 76.3 KiB, free 364.6 MiB)
[2022-08-09 23:58:38,852] {spark_submit.py:485} INFO - 22/08/09 23:58:38 INFO BlockManagerInfo: Added broadcast_5_piece0 in memory on 10.0.2.15:37051 (size: 76.3 KiB, free: 366.0 MiB)
[2022-08-09 23:58:38,853] {spark_submit.py:485} INFO - 22/08/09 23:58:38 INFO SparkContext: Created broadcast 5 from broadcast at DAGScheduler.scala:1513
[2022-08-09 23:58:38,854] {spark_submit.py:485} INFO - 22/08/09 23:58:38 INFO DAGScheduler: Submitting 1 missing tasks from ResultStage 2 (CoalescedRDD[11] at json at NativeMethodAccessorImpl.java:0) (first 15 tasks are for partitions Vector(0))
[2022-08-09 23:58:38,854] {spark_submit.py:485} INFO - 22/08/09 23:58:38 INFO TaskSchedulerImpl: Adding task set 2.0 with 1 tasks resource profile 0
[2022-08-09 23:58:38,855] {spark_submit.py:485} INFO - 22/08/09 23:58:38 INFO TaskSetManager: Starting task 0.0 in stage 2.0 (TID 2) (10.0.2.15, executor driver, partition 0, PROCESS_LOCAL, 5217 bytes) taskResourceAssignments Map()
[2022-08-09 23:58:38,859] {spark_submit.py:485} INFO - 22/08/09 23:58:38 INFO Executor: Running task 0.0 in stage 2.0 (TID 2)
[2022-08-09 23:58:38,866] {spark_submit.py:485} INFO - 22/08/09 23:58:38 INFO FileOutputCommitter: File Output Committer Algorithm version is 1
[2022-08-09 23:58:38,867] {spark_submit.py:485} INFO - 22/08/09 23:58:38 INFO FileOutputCommitter: FileOutputCommitter skip cleanup _temporary folders under output directory:false, ignore cleanup failures: false
[2022-08-09 23:58:38,867] {spark_submit.py:485} INFO - 22/08/09 23:58:38 INFO SQLHadoopMapReduceCommitProtocol: Using output committer class org.apache.hadoop.mapreduce.lib.output.FileOutputCommitter
[2022-08-09 23:58:38,888] {spark_submit.py:485} INFO - 22/08/09 23:58:38 INFO FileScanRDD: Reading File path: file:///home/renan/datapipeline/datalake/bronze/twitter_aluraonline/extract_date=2022-08-07/AluraOnline_20220807.json, range: 0-6900, partition values: [empty row]
[2022-08-09 23:58:38,901] {spark_submit.py:485} INFO - 22/08/09 23:58:38 INFO CodeGenerator: Code generated in 10.864958 ms
[2022-08-09 23:58:38,907] {spark_submit.py:485} INFO - 22/08/09 23:58:38 INFO FileOutputCommitter: Saved output of task 'attempt_20220809235838241060165476209052_0002_m_000000_2' to file:/home/renan/datapipeline/datalake/silver/twitter_aluraonline/user/process_date=2022-08-07/_temporary/0/task_20220809235838241060165476209052_0002_m_000000
[2022-08-09 23:58:38,907] {spark_submit.py:485} INFO - 22/08/09 23:58:38 INFO SparkHadoopMapRedUtil: attempt_20220809235838241060165476209052_0002_m_000000_2: Committed. Elapsed time: 0 ms.
[2022-08-09 23:58:38,909] {spark_submit.py:485} INFO - 22/08/09 23:58:38 INFO Executor: Finished task 0.0 in stage 2.0 (TID 2). 2579 bytes result sent to driver
[2022-08-09 23:58:38,911] {spark_submit.py:485} INFO - 22/08/09 23:58:38 INFO TaskSetManager: Finished task 0.0 in stage 2.0 (TID 2) in 56 ms on 10.0.2.15 (executor driver) (1/1)
[2022-08-09 23:58:38,911] {spark_submit.py:485} INFO - 22/08/09 23:58:38 INFO TaskSchedulerImpl: Removed TaskSet 2.0, whose tasks have all completed, from pool
[2022-08-09 23:58:38,913] {spark_submit.py:485} INFO - 22/08/09 23:58:38 INFO DAGScheduler: ResultStage 2 (json at NativeMethodAccessorImpl.java:0) finished in 0,073 s
[2022-08-09 23:58:38,913] {spark_submit.py:485} INFO - 22/08/09 23:58:38 INFO DAGScheduler: Job 2 is finished. Cancelling potential speculative or zombie tasks for this job
[2022-08-09 23:58:38,913] {spark_submit.py:485} INFO - 22/08/09 23:58:38 INFO TaskSchedulerImpl: Killing all running tasks in stage 2: Stage finished
[2022-08-09 23:58:38,913] {spark_submit.py:485} INFO - 22/08/09 23:58:38 INFO DAGScheduler: Job 2 finished: json at NativeMethodAccessorImpl.java:0, took 0,076375 s
[2022-08-09 23:58:38,913] {spark_submit.py:485} INFO - 22/08/09 23:58:38 INFO FileFormatWriter: Start to commit write Job be1f9492-325d-406b-b549-e66ec2274ec0.
[2022-08-09 23:58:38,922] {spark_submit.py:485} INFO - 22/08/09 23:58:38 INFO FileFormatWriter: Write Job be1f9492-325d-406b-b549-e66ec2274ec0 committed. Elapsed time: 9 ms.
[2022-08-09 23:58:38,922] {spark_submit.py:485} INFO - 22/08/09 23:58:38 INFO FileFormatWriter: Finished processing stats for write job be1f9492-325d-406b-b549-e66ec2274ec0.
[2022-08-09 23:58:38,947] {spark_submit.py:485} INFO - 22/08/09 23:58:38 INFO SparkContext: Invoking stop() from shutdown hook
[2022-08-09 23:58:38,955] {spark_submit.py:485} INFO - 22/08/09 23:58:38 INFO SparkUI: Stopped Spark web UI at http://10.0.2.15:4040
[2022-08-09 23:58:38,964] {spark_submit.py:485} INFO - 22/08/09 23:58:38 INFO MapOutputTrackerMasterEndpoint: MapOutputTrackerMasterEndpoint stopped!
[2022-08-09 23:58:38,971] {spark_submit.py:485} INFO - 22/08/09 23:58:38 INFO MemoryStore: MemoryStore cleared
[2022-08-09 23:58:38,971] {spark_submit.py:485} INFO - 22/08/09 23:58:38 INFO BlockManager: BlockManager stopped
[2022-08-09 23:58:38,974] {spark_submit.py:485} INFO - 22/08/09 23:58:38 INFO BlockManagerMaster: BlockManagerMaster stopped
[2022-08-09 23:58:38,975] {spark_submit.py:485} INFO - 22/08/09 23:58:38 INFO OutputCommitCoordinator$OutputCommitCoordinatorEndpoint: OutputCommitCoordinator stopped!
[2022-08-09 23:58:38,978] {spark_submit.py:485} INFO - 22/08/09 23:58:38 INFO SparkContext: Successfully stopped SparkContext
[2022-08-09 23:58:38,978] {spark_submit.py:485} INFO - 22/08/09 23:58:38 INFO ShutdownHookManager: Shutdown hook called
[2022-08-09 23:58:38,979] {spark_submit.py:485} INFO - 22/08/09 23:58:38 INFO ShutdownHookManager: Deleting directory /tmp/spark-29cf8df6-d246-4219-b099-b2dd97767201
[2022-08-09 23:58:38,980] {spark_submit.py:485} INFO - 22/08/09 23:58:38 INFO ShutdownHookManager: Deleting directory /tmp/spark-a9cd3832-05ec-4be4-989c-a57d92adacfb/pyspark-4a5fb998-2e9b-4af3-bc39-7d8af59e2d24
[2022-08-09 23:58:38,983] {spark_submit.py:485} INFO - 22/08/09 23:58:38 INFO ShutdownHookManager: Deleting directory /tmp/spark-a9cd3832-05ec-4be4-989c-a57d92adacfb
[2022-08-09 23:58:39,028] {taskinstance.py:1415} INFO - Marking task as SUCCESS. dag_id=twitter_dag, task_id=transform_twitter_aluraonline, execution_date=20220807T120000, start_date=20220810T025830, end_date=20220810T025839
[2022-08-09 23:58:39,052] {local_task_job.py:156} INFO - Task exited with return code 0
[2022-08-09 23:58:39,063] {local_task_job.py:273} INFO - 0 downstream tasks scheduled from follow-on schedule check
