[2022-07-31 21:13:15,129] {processor.py:153} INFO - Started process (PID=5005) to work on /home/renan/datapipeline/.env/lib/python3.8/site-packages/airflow/example_dags/example_branch_datetime_operator.py
[2022-07-31 21:13:15,129] {processor.py:641} INFO - Processing file /home/renan/datapipeline/.env/lib/python3.8/site-packages/airflow/example_dags/example_branch_datetime_operator.py for tasks to queue
[2022-07-31 21:13:15,130] {logging_mixin.py:115} INFO - [2022-07-31 21:13:15,130] {dagbag.py:508} INFO - Filling up the DagBag from /home/renan/datapipeline/.env/lib/python3.8/site-packages/airflow/example_dags/example_branch_datetime_operator.py
[2022-07-31 21:13:15,136] {processor.py:651} INFO - DAG(s) dict_keys(['example_branch_datetime_operator', 'example_branch_datetime_operator_2']) retrieved from /home/renan/datapipeline/.env/lib/python3.8/site-packages/airflow/example_dags/example_branch_datetime_operator.py
[2022-07-31 21:13:15,147] {logging_mixin.py:115} INFO - [2022-07-31 21:13:15,147] {dag.py:2420} INFO - Sync 2 DAGs
[2022-07-31 21:13:15,157] {logging_mixin.py:115} INFO - [2022-07-31 21:13:15,157] {dag.py:2968} INFO - Setting next_dagrun for example_branch_datetime_operator to 2022-07-31T00:00:00+00:00, run_after=2022-08-01T00:00:00+00:00
[2022-07-31 21:13:15,158] {logging_mixin.py:115} INFO - [2022-07-31 21:13:15,158] {dag.py:2968} INFO - Setting next_dagrun for example_branch_datetime_operator_2 to 2022-07-31T00:00:00+00:00, run_after=2022-08-01T00:00:00+00:00
[2022-07-31 21:13:15,168] {processor.py:161} INFO - Processing /home/renan/datapipeline/.env/lib/python3.8/site-packages/airflow/example_dags/example_branch_datetime_operator.py took 0.040 seconds
[2022-07-31 21:13:48,800] {processor.py:153} INFO - Started process (PID=5049) to work on /home/renan/datapipeline/.env/lib/python3.8/site-packages/airflow/example_dags/example_branch_datetime_operator.py
[2022-07-31 21:13:48,800] {processor.py:641} INFO - Processing file /home/renan/datapipeline/.env/lib/python3.8/site-packages/airflow/example_dags/example_branch_datetime_operator.py for tasks to queue
[2022-07-31 21:13:48,801] {logging_mixin.py:115} INFO - [2022-07-31 21:13:48,801] {dagbag.py:508} INFO - Filling up the DagBag from /home/renan/datapipeline/.env/lib/python3.8/site-packages/airflow/example_dags/example_branch_datetime_operator.py
[2022-07-31 21:13:48,806] {processor.py:651} INFO - DAG(s) dict_keys(['example_branch_datetime_operator', 'example_branch_datetime_operator_2']) retrieved from /home/renan/datapipeline/.env/lib/python3.8/site-packages/airflow/example_dags/example_branch_datetime_operator.py
[2022-07-31 21:13:48,818] {logging_mixin.py:115} INFO - [2022-07-31 21:13:48,818] {dag.py:2420} INFO - Sync 2 DAGs
[2022-07-31 21:13:48,828] {logging_mixin.py:115} INFO - [2022-07-31 21:13:48,828] {dag.py:2968} INFO - Setting next_dagrun for example_branch_datetime_operator to 2022-07-31T00:00:00+00:00, run_after=2022-08-01T00:00:00+00:00
[2022-07-31 21:13:48,829] {logging_mixin.py:115} INFO - [2022-07-31 21:13:48,829] {dag.py:2968} INFO - Setting next_dagrun for example_branch_datetime_operator_2 to 2022-07-31T00:00:00+00:00, run_after=2022-08-01T00:00:00+00:00
[2022-07-31 21:13:48,837] {processor.py:161} INFO - Processing /home/renan/datapipeline/.env/lib/python3.8/site-packages/airflow/example_dags/example_branch_datetime_operator.py took 0.038 seconds
[2022-07-31 21:14:22,931] {processor.py:153} INFO - Started process (PID=5102) to work on /home/renan/datapipeline/.env/lib/python3.8/site-packages/airflow/example_dags/example_branch_datetime_operator.py
[2022-07-31 21:14:22,932] {processor.py:641} INFO - Processing file /home/renan/datapipeline/.env/lib/python3.8/site-packages/airflow/example_dags/example_branch_datetime_operator.py for tasks to queue
[2022-07-31 21:14:22,932] {logging_mixin.py:115} INFO - [2022-07-31 21:14:22,932] {dagbag.py:508} INFO - Filling up the DagBag from /home/renan/datapipeline/.env/lib/python3.8/site-packages/airflow/example_dags/example_branch_datetime_operator.py
[2022-07-31 21:14:22,938] {processor.py:651} INFO - DAG(s) dict_keys(['example_branch_datetime_operator', 'example_branch_datetime_operator_2']) retrieved from /home/renan/datapipeline/.env/lib/python3.8/site-packages/airflow/example_dags/example_branch_datetime_operator.py
[2022-07-31 21:14:22,953] {logging_mixin.py:115} INFO - [2022-07-31 21:14:22,953] {dag.py:2420} INFO - Sync 2 DAGs
[2022-07-31 21:14:22,964] {logging_mixin.py:115} INFO - [2022-07-31 21:14:22,964] {dag.py:2968} INFO - Setting next_dagrun for example_branch_datetime_operator to 2022-07-31T00:00:00+00:00, run_after=2022-08-01T00:00:00+00:00
[2022-07-31 21:14:22,965] {logging_mixin.py:115} INFO - [2022-07-31 21:14:22,965] {dag.py:2968} INFO - Setting next_dagrun for example_branch_datetime_operator_2 to 2022-07-31T00:00:00+00:00, run_after=2022-08-01T00:00:00+00:00
[2022-07-31 21:14:22,976] {processor.py:161} INFO - Processing /home/renan/datapipeline/.env/lib/python3.8/site-packages/airflow/example_dags/example_branch_datetime_operator.py took 0.046 seconds
[2022-07-31 21:14:55,481] {processor.py:153} INFO - Started process (PID=5141) to work on /home/renan/datapipeline/.env/lib/python3.8/site-packages/airflow/example_dags/example_branch_datetime_operator.py
[2022-07-31 21:14:55,482] {processor.py:641} INFO - Processing file /home/renan/datapipeline/.env/lib/python3.8/site-packages/airflow/example_dags/example_branch_datetime_operator.py for tasks to queue
[2022-07-31 21:14:55,482] {logging_mixin.py:115} INFO - [2022-07-31 21:14:55,482] {dagbag.py:508} INFO - Filling up the DagBag from /home/renan/datapipeline/.env/lib/python3.8/site-packages/airflow/example_dags/example_branch_datetime_operator.py
[2022-07-31 21:14:55,488] {processor.py:651} INFO - DAG(s) dict_keys(['example_branch_datetime_operator', 'example_branch_datetime_operator_2']) retrieved from /home/renan/datapipeline/.env/lib/python3.8/site-packages/airflow/example_dags/example_branch_datetime_operator.py
[2022-07-31 21:14:55,499] {logging_mixin.py:115} INFO - [2022-07-31 21:14:55,499] {dag.py:2420} INFO - Sync 2 DAGs
[2022-07-31 21:14:55,509] {logging_mixin.py:115} INFO - [2022-07-31 21:14:55,509] {dag.py:2968} INFO - Setting next_dagrun for example_branch_datetime_operator to 2022-07-31T00:00:00+00:00, run_after=2022-08-01T00:00:00+00:00
[2022-07-31 21:14:55,510] {logging_mixin.py:115} INFO - [2022-07-31 21:14:55,510] {dag.py:2968} INFO - Setting next_dagrun for example_branch_datetime_operator_2 to 2022-07-31T00:00:00+00:00, run_after=2022-08-01T00:00:00+00:00
[2022-07-31 21:14:55,519] {processor.py:161} INFO - Processing /home/renan/datapipeline/.env/lib/python3.8/site-packages/airflow/example_dags/example_branch_datetime_operator.py took 0.039 seconds
[2022-07-31 21:15:30,294] {processor.py:153} INFO - Started process (PID=5197) to work on /home/renan/datapipeline/.env/lib/python3.8/site-packages/airflow/example_dags/example_branch_datetime_operator.py
[2022-07-31 21:15:30,295] {processor.py:641} INFO - Processing file /home/renan/datapipeline/.env/lib/python3.8/site-packages/airflow/example_dags/example_branch_datetime_operator.py for tasks to queue
[2022-07-31 21:15:30,295] {logging_mixin.py:115} INFO - [2022-07-31 21:15:30,295] {dagbag.py:508} INFO - Filling up the DagBag from /home/renan/datapipeline/.env/lib/python3.8/site-packages/airflow/example_dags/example_branch_datetime_operator.py
[2022-07-31 21:15:30,301] {processor.py:651} INFO - DAG(s) dict_keys(['example_branch_datetime_operator', 'example_branch_datetime_operator_2']) retrieved from /home/renan/datapipeline/.env/lib/python3.8/site-packages/airflow/example_dags/example_branch_datetime_operator.py
[2022-07-31 21:15:30,312] {logging_mixin.py:115} INFO - [2022-07-31 21:15:30,312] {dag.py:2420} INFO - Sync 2 DAGs
[2022-07-31 21:15:30,322] {logging_mixin.py:115} INFO - [2022-07-31 21:15:30,322] {dag.py:2968} INFO - Setting next_dagrun for example_branch_datetime_operator to 2022-07-31T00:00:00+00:00, run_after=2022-08-01T00:00:00+00:00
[2022-07-31 21:15:30,323] {logging_mixin.py:115} INFO - [2022-07-31 21:15:30,323] {dag.py:2968} INFO - Setting next_dagrun for example_branch_datetime_operator_2 to 2022-07-31T00:00:00+00:00, run_after=2022-08-01T00:00:00+00:00
[2022-07-31 21:15:30,332] {processor.py:161} INFO - Processing /home/renan/datapipeline/.env/lib/python3.8/site-packages/airflow/example_dags/example_branch_datetime_operator.py took 0.039 seconds
[2022-07-31 21:16:05,904] {processor.py:153} INFO - Started process (PID=5245) to work on /home/renan/datapipeline/.env/lib/python3.8/site-packages/airflow/example_dags/example_branch_datetime_operator.py
[2022-07-31 21:16:05,904] {processor.py:641} INFO - Processing file /home/renan/datapipeline/.env/lib/python3.8/site-packages/airflow/example_dags/example_branch_datetime_operator.py for tasks to queue
[2022-07-31 21:16:05,904] {logging_mixin.py:115} INFO - [2022-07-31 21:16:05,904] {dagbag.py:508} INFO - Filling up the DagBag from /home/renan/datapipeline/.env/lib/python3.8/site-packages/airflow/example_dags/example_branch_datetime_operator.py
[2022-07-31 21:16:05,910] {processor.py:651} INFO - DAG(s) dict_keys(['example_branch_datetime_operator', 'example_branch_datetime_operator_2']) retrieved from /home/renan/datapipeline/.env/lib/python3.8/site-packages/airflow/example_dags/example_branch_datetime_operator.py
[2022-07-31 21:16:05,921] {logging_mixin.py:115} INFO - [2022-07-31 21:16:05,921] {dag.py:2420} INFO - Sync 2 DAGs
[2022-07-31 21:16:05,932] {logging_mixin.py:115} INFO - [2022-07-31 21:16:05,932] {dag.py:2968} INFO - Setting next_dagrun for example_branch_datetime_operator to 2022-07-31T00:00:00+00:00, run_after=2022-08-01T00:00:00+00:00
[2022-07-31 21:16:05,933] {logging_mixin.py:115} INFO - [2022-07-31 21:16:05,933] {dag.py:2968} INFO - Setting next_dagrun for example_branch_datetime_operator_2 to 2022-07-31T00:00:00+00:00, run_after=2022-08-01T00:00:00+00:00
[2022-07-31 21:16:05,941] {processor.py:161} INFO - Processing /home/renan/datapipeline/.env/lib/python3.8/site-packages/airflow/example_dags/example_branch_datetime_operator.py took 0.039 seconds
[2022-07-31 21:16:39,130] {processor.py:153} INFO - Started process (PID=5281) to work on /home/renan/datapipeline/.env/lib/python3.8/site-packages/airflow/example_dags/example_branch_datetime_operator.py
[2022-07-31 21:16:39,130] {processor.py:641} INFO - Processing file /home/renan/datapipeline/.env/lib/python3.8/site-packages/airflow/example_dags/example_branch_datetime_operator.py for tasks to queue
[2022-07-31 21:16:39,131] {logging_mixin.py:115} INFO - [2022-07-31 21:16:39,131] {dagbag.py:508} INFO - Filling up the DagBag from /home/renan/datapipeline/.env/lib/python3.8/site-packages/airflow/example_dags/example_branch_datetime_operator.py
[2022-07-31 21:16:39,136] {processor.py:651} INFO - DAG(s) dict_keys(['example_branch_datetime_operator', 'example_branch_datetime_operator_2']) retrieved from /home/renan/datapipeline/.env/lib/python3.8/site-packages/airflow/example_dags/example_branch_datetime_operator.py
[2022-07-31 21:16:39,148] {logging_mixin.py:115} INFO - [2022-07-31 21:16:39,148] {dag.py:2420} INFO - Sync 2 DAGs
[2022-07-31 21:16:39,158] {logging_mixin.py:115} INFO - [2022-07-31 21:16:39,158] {dag.py:2968} INFO - Setting next_dagrun for example_branch_datetime_operator to 2022-07-31T00:00:00+00:00, run_after=2022-08-01T00:00:00+00:00
[2022-07-31 21:16:39,159] {logging_mixin.py:115} INFO - [2022-07-31 21:16:39,159] {dag.py:2968} INFO - Setting next_dagrun for example_branch_datetime_operator_2 to 2022-07-31T00:00:00+00:00, run_after=2022-08-01T00:00:00+00:00
[2022-07-31 21:16:39,167] {processor.py:161} INFO - Processing /home/renan/datapipeline/.env/lib/python3.8/site-packages/airflow/example_dags/example_branch_datetime_operator.py took 0.038 seconds
[2022-07-31 21:17:18,933] {processor.py:153} INFO - Started process (PID=5344) to work on /home/renan/datapipeline/.env/lib/python3.8/site-packages/airflow/example_dags/example_branch_datetime_operator.py
[2022-07-31 21:17:18,934] {processor.py:641} INFO - Processing file /home/renan/datapipeline/.env/lib/python3.8/site-packages/airflow/example_dags/example_branch_datetime_operator.py for tasks to queue
[2022-07-31 21:17:18,934] {logging_mixin.py:115} INFO - [2022-07-31 21:17:18,934] {dagbag.py:508} INFO - Filling up the DagBag from /home/renan/datapipeline/.env/lib/python3.8/site-packages/airflow/example_dags/example_branch_datetime_operator.py
[2022-07-31 21:17:18,940] {processor.py:651} INFO - DAG(s) dict_keys(['example_branch_datetime_operator', 'example_branch_datetime_operator_2']) retrieved from /home/renan/datapipeline/.env/lib/python3.8/site-packages/airflow/example_dags/example_branch_datetime_operator.py
[2022-07-31 21:17:18,951] {logging_mixin.py:115} INFO - [2022-07-31 21:17:18,951] {dag.py:2420} INFO - Sync 2 DAGs
[2022-07-31 21:17:18,961] {logging_mixin.py:115} INFO - [2022-07-31 21:17:18,961] {dag.py:2968} INFO - Setting next_dagrun for example_branch_datetime_operator to 2022-07-31T00:00:00+00:00, run_after=2022-08-01T00:00:00+00:00
[2022-07-31 21:17:18,962] {logging_mixin.py:115} INFO - [2022-07-31 21:17:18,962] {dag.py:2968} INFO - Setting next_dagrun for example_branch_datetime_operator_2 to 2022-07-31T00:00:00+00:00, run_after=2022-08-01T00:00:00+00:00
[2022-07-31 21:17:18,970] {processor.py:161} INFO - Processing /home/renan/datapipeline/.env/lib/python3.8/site-packages/airflow/example_dags/example_branch_datetime_operator.py took 0.038 seconds
[2022-07-31 21:17:51,858] {processor.py:153} INFO - Started process (PID=5395) to work on /home/renan/datapipeline/.env/lib/python3.8/site-packages/airflow/example_dags/example_branch_datetime_operator.py
[2022-07-31 21:17:51,858] {processor.py:641} INFO - Processing file /home/renan/datapipeline/.env/lib/python3.8/site-packages/airflow/example_dags/example_branch_datetime_operator.py for tasks to queue
[2022-07-31 21:17:51,859] {logging_mixin.py:115} INFO - [2022-07-31 21:17:51,859] {dagbag.py:508} INFO - Filling up the DagBag from /home/renan/datapipeline/.env/lib/python3.8/site-packages/airflow/example_dags/example_branch_datetime_operator.py
[2022-07-31 21:17:51,864] {processor.py:651} INFO - DAG(s) dict_keys(['example_branch_datetime_operator', 'example_branch_datetime_operator_2']) retrieved from /home/renan/datapipeline/.env/lib/python3.8/site-packages/airflow/example_dags/example_branch_datetime_operator.py
[2022-07-31 21:17:51,875] {logging_mixin.py:115} INFO - [2022-07-31 21:17:51,875] {dag.py:2420} INFO - Sync 2 DAGs
[2022-07-31 21:17:51,886] {logging_mixin.py:115} INFO - [2022-07-31 21:17:51,885] {dag.py:2968} INFO - Setting next_dagrun for example_branch_datetime_operator to 2022-07-31T00:00:00+00:00, run_after=2022-08-01T00:00:00+00:00
[2022-07-31 21:17:51,886] {logging_mixin.py:115} INFO - [2022-07-31 21:17:51,886] {dag.py:2968} INFO - Setting next_dagrun for example_branch_datetime_operator_2 to 2022-07-31T00:00:00+00:00, run_after=2022-08-01T00:00:00+00:00
[2022-07-31 21:17:51,895] {processor.py:161} INFO - Processing /home/renan/datapipeline/.env/lib/python3.8/site-packages/airflow/example_dags/example_branch_datetime_operator.py took 0.038 seconds
[2022-07-31 22:21:04,321] {processor.py:153} INFO - Started process (PID=7050) to work on /home/renan/datapipeline/.env/lib/python3.8/site-packages/airflow/example_dags/example_branch_datetime_operator.py
[2022-07-31 22:21:04,321] {processor.py:641} INFO - Processing file /home/renan/datapipeline/.env/lib/python3.8/site-packages/airflow/example_dags/example_branch_datetime_operator.py for tasks to queue
[2022-07-31 22:21:04,322] {logging_mixin.py:115} INFO - [2022-07-31 22:21:04,322] {dagbag.py:508} INFO - Filling up the DagBag from /home/renan/datapipeline/.env/lib/python3.8/site-packages/airflow/example_dags/example_branch_datetime_operator.py
[2022-07-31 22:21:04,327] {processor.py:651} INFO - DAG(s) dict_keys(['example_branch_datetime_operator', 'example_branch_datetime_operator_2']) retrieved from /home/renan/datapipeline/.env/lib/python3.8/site-packages/airflow/example_dags/example_branch_datetime_operator.py
[2022-07-31 22:21:04,339] {logging_mixin.py:115} INFO - [2022-07-31 22:21:04,339] {dag.py:2420} INFO - Sync 2 DAGs
[2022-07-31 22:21:04,349] {logging_mixin.py:115} INFO - [2022-07-31 22:21:04,349] {dag.py:2968} INFO - Setting next_dagrun for example_branch_datetime_operator to 2022-07-31T00:00:00+00:00, run_after=2022-08-01T00:00:00+00:00
[2022-07-31 22:21:04,350] {logging_mixin.py:115} INFO - [2022-07-31 22:21:04,350] {dag.py:2968} INFO - Setting next_dagrun for example_branch_datetime_operator_2 to 2022-07-31T00:00:00+00:00, run_after=2022-08-01T00:00:00+00:00
[2022-07-31 22:21:04,359] {processor.py:161} INFO - Processing /home/renan/datapipeline/.env/lib/python3.8/site-packages/airflow/example_dags/example_branch_datetime_operator.py took 0.040 seconds
[2022-07-31 22:21:37,990] {processor.py:153} INFO - Started process (PID=7109) to work on /home/renan/datapipeline/.env/lib/python3.8/site-packages/airflow/example_dags/example_branch_datetime_operator.py
[2022-07-31 22:21:37,990] {processor.py:641} INFO - Processing file /home/renan/datapipeline/.env/lib/python3.8/site-packages/airflow/example_dags/example_branch_datetime_operator.py for tasks to queue
[2022-07-31 22:21:37,990] {logging_mixin.py:115} INFO - [2022-07-31 22:21:37,990] {dagbag.py:508} INFO - Filling up the DagBag from /home/renan/datapipeline/.env/lib/python3.8/site-packages/airflow/example_dags/example_branch_datetime_operator.py
[2022-07-31 22:21:37,996] {processor.py:651} INFO - DAG(s) dict_keys(['example_branch_datetime_operator', 'example_branch_datetime_operator_2']) retrieved from /home/renan/datapipeline/.env/lib/python3.8/site-packages/airflow/example_dags/example_branch_datetime_operator.py
[2022-07-31 22:21:38,007] {logging_mixin.py:115} INFO - [2022-07-31 22:21:38,007] {dag.py:2420} INFO - Sync 2 DAGs
[2022-07-31 22:21:38,018] {logging_mixin.py:115} INFO - [2022-07-31 22:21:38,018] {dag.py:2968} INFO - Setting next_dagrun for example_branch_datetime_operator to 2022-07-31T00:00:00+00:00, run_after=2022-08-01T00:00:00+00:00
[2022-07-31 22:21:38,019] {logging_mixin.py:115} INFO - [2022-07-31 22:21:38,019] {dag.py:2968} INFO - Setting next_dagrun for example_branch_datetime_operator_2 to 2022-07-31T00:00:00+00:00, run_after=2022-08-01T00:00:00+00:00
[2022-07-31 22:21:38,027] {processor.py:161} INFO - Processing /home/renan/datapipeline/.env/lib/python3.8/site-packages/airflow/example_dags/example_branch_datetime_operator.py took 0.039 seconds
[2022-07-31 22:22:12,144] {processor.py:153} INFO - Started process (PID=7156) to work on /home/renan/datapipeline/.env/lib/python3.8/site-packages/airflow/example_dags/example_branch_datetime_operator.py
[2022-07-31 22:22:12,144] {processor.py:641} INFO - Processing file /home/renan/datapipeline/.env/lib/python3.8/site-packages/airflow/example_dags/example_branch_datetime_operator.py for tasks to queue
[2022-07-31 22:22:12,145] {logging_mixin.py:115} INFO - [2022-07-31 22:22:12,145] {dagbag.py:508} INFO - Filling up the DagBag from /home/renan/datapipeline/.env/lib/python3.8/site-packages/airflow/example_dags/example_branch_datetime_operator.py
[2022-07-31 22:22:12,152] {processor.py:651} INFO - DAG(s) dict_keys(['example_branch_datetime_operator', 'example_branch_datetime_operator_2']) retrieved from /home/renan/datapipeline/.env/lib/python3.8/site-packages/airflow/example_dags/example_branch_datetime_operator.py
[2022-07-31 22:22:12,164] {logging_mixin.py:115} INFO - [2022-07-31 22:22:12,164] {dag.py:2420} INFO - Sync 2 DAGs
[2022-07-31 22:22:12,174] {logging_mixin.py:115} INFO - [2022-07-31 22:22:12,174] {dag.py:2968} INFO - Setting next_dagrun for example_branch_datetime_operator to 2022-07-31T00:00:00+00:00, run_after=2022-08-01T00:00:00+00:00
[2022-07-31 22:22:12,175] {logging_mixin.py:115} INFO - [2022-07-31 22:22:12,175] {dag.py:2968} INFO - Setting next_dagrun for example_branch_datetime_operator_2 to 2022-07-31T00:00:00+00:00, run_after=2022-08-01T00:00:00+00:00
[2022-07-31 22:22:12,184] {processor.py:161} INFO - Processing /home/renan/datapipeline/.env/lib/python3.8/site-packages/airflow/example_dags/example_branch_datetime_operator.py took 0.043 seconds
[2022-07-31 22:22:44,713] {processor.py:153} INFO - Started process (PID=7208) to work on /home/renan/datapipeline/.env/lib/python3.8/site-packages/airflow/example_dags/example_branch_datetime_operator.py
[2022-07-31 22:22:44,714] {processor.py:641} INFO - Processing file /home/renan/datapipeline/.env/lib/python3.8/site-packages/airflow/example_dags/example_branch_datetime_operator.py for tasks to queue
[2022-07-31 22:22:44,714] {logging_mixin.py:115} INFO - [2022-07-31 22:22:44,714] {dagbag.py:508} INFO - Filling up the DagBag from /home/renan/datapipeline/.env/lib/python3.8/site-packages/airflow/example_dags/example_branch_datetime_operator.py
[2022-07-31 22:22:44,721] {processor.py:651} INFO - DAG(s) dict_keys(['example_branch_datetime_operator', 'example_branch_datetime_operator_2']) retrieved from /home/renan/datapipeline/.env/lib/python3.8/site-packages/airflow/example_dags/example_branch_datetime_operator.py
[2022-07-31 22:22:44,736] {logging_mixin.py:115} INFO - [2022-07-31 22:22:44,736] {dag.py:2420} INFO - Sync 2 DAGs
[2022-07-31 22:22:44,755] {logging_mixin.py:115} INFO - [2022-07-31 22:22:44,755] {dag.py:2968} INFO - Setting next_dagrun for example_branch_datetime_operator to 2022-07-31T00:00:00+00:00, run_after=2022-08-01T00:00:00+00:00
[2022-07-31 22:22:44,756] {logging_mixin.py:115} INFO - [2022-07-31 22:22:44,756] {dag.py:2968} INFO - Setting next_dagrun for example_branch_datetime_operator_2 to 2022-07-31T00:00:00+00:00, run_after=2022-08-01T00:00:00+00:00
[2022-07-31 22:22:44,778] {processor.py:161} INFO - Processing /home/renan/datapipeline/.env/lib/python3.8/site-packages/airflow/example_dags/example_branch_datetime_operator.py took 0.067 seconds
[2022-07-31 22:23:19,520] {processor.py:153} INFO - Started process (PID=7252) to work on /home/renan/datapipeline/.env/lib/python3.8/site-packages/airflow/example_dags/example_branch_datetime_operator.py
[2022-07-31 22:23:19,520] {processor.py:641} INFO - Processing file /home/renan/datapipeline/.env/lib/python3.8/site-packages/airflow/example_dags/example_branch_datetime_operator.py for tasks to queue
[2022-07-31 22:23:19,520] {logging_mixin.py:115} INFO - [2022-07-31 22:23:19,520] {dagbag.py:508} INFO - Filling up the DagBag from /home/renan/datapipeline/.env/lib/python3.8/site-packages/airflow/example_dags/example_branch_datetime_operator.py
[2022-07-31 22:23:19,526] {processor.py:651} INFO - DAG(s) dict_keys(['example_branch_datetime_operator', 'example_branch_datetime_operator_2']) retrieved from /home/renan/datapipeline/.env/lib/python3.8/site-packages/airflow/example_dags/example_branch_datetime_operator.py
[2022-07-31 22:23:19,539] {logging_mixin.py:115} INFO - [2022-07-31 22:23:19,539] {dag.py:2420} INFO - Sync 2 DAGs
[2022-07-31 22:23:19,551] {logging_mixin.py:115} INFO - [2022-07-31 22:23:19,550] {dag.py:2968} INFO - Setting next_dagrun for example_branch_datetime_operator to 2022-07-31T00:00:00+00:00, run_after=2022-08-01T00:00:00+00:00
[2022-07-31 22:23:19,552] {logging_mixin.py:115} INFO - [2022-07-31 22:23:19,552] {dag.py:2968} INFO - Setting next_dagrun for example_branch_datetime_operator_2 to 2022-07-31T00:00:00+00:00, run_after=2022-08-01T00:00:00+00:00
[2022-07-31 22:23:19,564] {processor.py:161} INFO - Processing /home/renan/datapipeline/.env/lib/python3.8/site-packages/airflow/example_dags/example_branch_datetime_operator.py took 0.046 seconds
[2022-07-31 22:23:52,590] {processor.py:153} INFO - Started process (PID=7292) to work on /home/renan/datapipeline/.env/lib/python3.8/site-packages/airflow/example_dags/example_branch_datetime_operator.py
[2022-07-31 22:23:52,590] {processor.py:641} INFO - Processing file /home/renan/datapipeline/.env/lib/python3.8/site-packages/airflow/example_dags/example_branch_datetime_operator.py for tasks to queue
[2022-07-31 22:23:52,590] {logging_mixin.py:115} INFO - [2022-07-31 22:23:52,590] {dagbag.py:508} INFO - Filling up the DagBag from /home/renan/datapipeline/.env/lib/python3.8/site-packages/airflow/example_dags/example_branch_datetime_operator.py
[2022-07-31 22:23:52,596] {processor.py:651} INFO - DAG(s) dict_keys(['example_branch_datetime_operator', 'example_branch_datetime_operator_2']) retrieved from /home/renan/datapipeline/.env/lib/python3.8/site-packages/airflow/example_dags/example_branch_datetime_operator.py
[2022-07-31 22:23:52,609] {logging_mixin.py:115} INFO - [2022-07-31 22:23:52,608] {dag.py:2420} INFO - Sync 2 DAGs
[2022-07-31 22:23:52,619] {logging_mixin.py:115} INFO - [2022-07-31 22:23:52,619] {dag.py:2968} INFO - Setting next_dagrun for example_branch_datetime_operator to 2022-07-31T00:00:00+00:00, run_after=2022-08-01T00:00:00+00:00
[2022-07-31 22:23:52,620] {logging_mixin.py:115} INFO - [2022-07-31 22:23:52,620] {dag.py:2968} INFO - Setting next_dagrun for example_branch_datetime_operator_2 to 2022-07-31T00:00:00+00:00, run_after=2022-08-01T00:00:00+00:00
[2022-07-31 22:23:52,629] {processor.py:161} INFO - Processing /home/renan/datapipeline/.env/lib/python3.8/site-packages/airflow/example_dags/example_branch_datetime_operator.py took 0.041 seconds
[2022-07-31 22:24:31,486] {processor.py:153} INFO - Started process (PID=7414) to work on /home/renan/datapipeline/.env/lib/python3.8/site-packages/airflow/example_dags/example_branch_datetime_operator.py
[2022-07-31 22:24:31,487] {processor.py:641} INFO - Processing file /home/renan/datapipeline/.env/lib/python3.8/site-packages/airflow/example_dags/example_branch_datetime_operator.py for tasks to queue
[2022-07-31 22:24:31,487] {logging_mixin.py:115} INFO - [2022-07-31 22:24:31,487] {dagbag.py:508} INFO - Filling up the DagBag from /home/renan/datapipeline/.env/lib/python3.8/site-packages/airflow/example_dags/example_branch_datetime_operator.py
[2022-07-31 22:24:31,492] {processor.py:651} INFO - DAG(s) dict_keys(['example_branch_datetime_operator', 'example_branch_datetime_operator_2']) retrieved from /home/renan/datapipeline/.env/lib/python3.8/site-packages/airflow/example_dags/example_branch_datetime_operator.py
[2022-07-31 22:24:31,505] {logging_mixin.py:115} INFO - [2022-07-31 22:24:31,505] {dag.py:2420} INFO - Sync 2 DAGs
[2022-07-31 22:24:31,515] {logging_mixin.py:115} INFO - [2022-07-31 22:24:31,515] {dag.py:2968} INFO - Setting next_dagrun for example_branch_datetime_operator to 2022-07-31T00:00:00+00:00, run_after=2022-08-01T00:00:00+00:00
[2022-07-31 22:24:31,516] {logging_mixin.py:115} INFO - [2022-07-31 22:24:31,516] {dag.py:2968} INFO - Setting next_dagrun for example_branch_datetime_operator_2 to 2022-07-31T00:00:00+00:00, run_after=2022-08-01T00:00:00+00:00
[2022-07-31 22:24:31,525] {processor.py:161} INFO - Processing /home/renan/datapipeline/.env/lib/python3.8/site-packages/airflow/example_dags/example_branch_datetime_operator.py took 0.040 seconds
[2022-07-31 22:25:05,552] {processor.py:153} INFO - Started process (PID=7501) to work on /home/renan/datapipeline/.env/lib/python3.8/site-packages/airflow/example_dags/example_branch_datetime_operator.py
[2022-07-31 22:25:05,552] {processor.py:641} INFO - Processing file /home/renan/datapipeline/.env/lib/python3.8/site-packages/airflow/example_dags/example_branch_datetime_operator.py for tasks to queue
[2022-07-31 22:25:05,553] {logging_mixin.py:115} INFO - [2022-07-31 22:25:05,553] {dagbag.py:508} INFO - Filling up the DagBag from /home/renan/datapipeline/.env/lib/python3.8/site-packages/airflow/example_dags/example_branch_datetime_operator.py
[2022-07-31 22:25:05,558] {processor.py:651} INFO - DAG(s) dict_keys(['example_branch_datetime_operator', 'example_branch_datetime_operator_2']) retrieved from /home/renan/datapipeline/.env/lib/python3.8/site-packages/airflow/example_dags/example_branch_datetime_operator.py
[2022-07-31 22:25:05,570] {logging_mixin.py:115} INFO - [2022-07-31 22:25:05,570] {dag.py:2420} INFO - Sync 2 DAGs
[2022-07-31 22:25:05,580] {logging_mixin.py:115} INFO - [2022-07-31 22:25:05,580] {dag.py:2968} INFO - Setting next_dagrun for example_branch_datetime_operator to 2022-07-31T00:00:00+00:00, run_after=2022-08-01T00:00:00+00:00
[2022-07-31 22:25:05,581] {logging_mixin.py:115} INFO - [2022-07-31 22:25:05,581] {dag.py:2968} INFO - Setting next_dagrun for example_branch_datetime_operator_2 to 2022-07-31T00:00:00+00:00, run_after=2022-08-01T00:00:00+00:00
[2022-07-31 22:25:05,590] {processor.py:161} INFO - Processing /home/renan/datapipeline/.env/lib/python3.8/site-packages/airflow/example_dags/example_branch_datetime_operator.py took 0.040 seconds
[2022-07-31 22:25:39,235] {processor.py:153} INFO - Started process (PID=7542) to work on /home/renan/datapipeline/.env/lib/python3.8/site-packages/airflow/example_dags/example_branch_datetime_operator.py
[2022-07-31 22:25:39,235] {processor.py:641} INFO - Processing file /home/renan/datapipeline/.env/lib/python3.8/site-packages/airflow/example_dags/example_branch_datetime_operator.py for tasks to queue
[2022-07-31 22:25:39,235] {logging_mixin.py:115} INFO - [2022-07-31 22:25:39,235] {dagbag.py:508} INFO - Filling up the DagBag from /home/renan/datapipeline/.env/lib/python3.8/site-packages/airflow/example_dags/example_branch_datetime_operator.py
[2022-07-31 22:25:39,241] {processor.py:651} INFO - DAG(s) dict_keys(['example_branch_datetime_operator', 'example_branch_datetime_operator_2']) retrieved from /home/renan/datapipeline/.env/lib/python3.8/site-packages/airflow/example_dags/example_branch_datetime_operator.py
[2022-07-31 22:25:39,253] {logging_mixin.py:115} INFO - [2022-07-31 22:25:39,253] {dag.py:2420} INFO - Sync 2 DAGs
[2022-07-31 22:25:39,263] {logging_mixin.py:115} INFO - [2022-07-31 22:25:39,263] {dag.py:2968} INFO - Setting next_dagrun for example_branch_datetime_operator to 2022-07-31T00:00:00+00:00, run_after=2022-08-01T00:00:00+00:00
[2022-07-31 22:25:39,264] {logging_mixin.py:115} INFO - [2022-07-31 22:25:39,264] {dag.py:2968} INFO - Setting next_dagrun for example_branch_datetime_operator_2 to 2022-07-31T00:00:00+00:00, run_after=2022-08-01T00:00:00+00:00
[2022-07-31 22:25:39,281] {processor.py:161} INFO - Processing /home/renan/datapipeline/.env/lib/python3.8/site-packages/airflow/example_dags/example_branch_datetime_operator.py took 0.048 seconds
[2022-07-31 22:26:17,389] {processor.py:153} INFO - Started process (PID=7595) to work on /home/renan/datapipeline/.env/lib/python3.8/site-packages/airflow/example_dags/example_branch_datetime_operator.py
[2022-07-31 22:26:17,390] {processor.py:641} INFO - Processing file /home/renan/datapipeline/.env/lib/python3.8/site-packages/airflow/example_dags/example_branch_datetime_operator.py for tasks to queue
[2022-07-31 22:26:17,390] {logging_mixin.py:115} INFO - [2022-07-31 22:26:17,390] {dagbag.py:508} INFO - Filling up the DagBag from /home/renan/datapipeline/.env/lib/python3.8/site-packages/airflow/example_dags/example_branch_datetime_operator.py
[2022-07-31 22:26:17,395] {processor.py:651} INFO - DAG(s) dict_keys(['example_branch_datetime_operator', 'example_branch_datetime_operator_2']) retrieved from /home/renan/datapipeline/.env/lib/python3.8/site-packages/airflow/example_dags/example_branch_datetime_operator.py
[2022-07-31 22:26:17,407] {logging_mixin.py:115} INFO - [2022-07-31 22:26:17,407] {dag.py:2420} INFO - Sync 2 DAGs
[2022-07-31 22:26:17,417] {logging_mixin.py:115} INFO - [2022-07-31 22:26:17,417] {dag.py:2968} INFO - Setting next_dagrun for example_branch_datetime_operator to 2022-07-31T00:00:00+00:00, run_after=2022-08-01T00:00:00+00:00
[2022-07-31 22:26:17,418] {logging_mixin.py:115} INFO - [2022-07-31 22:26:17,418] {dag.py:2968} INFO - Setting next_dagrun for example_branch_datetime_operator_2 to 2022-07-31T00:00:00+00:00, run_after=2022-08-01T00:00:00+00:00
[2022-07-31 22:26:17,427] {processor.py:161} INFO - Processing /home/renan/datapipeline/.env/lib/python3.8/site-packages/airflow/example_dags/example_branch_datetime_operator.py took 0.039 seconds
