[2022-07-31 21:13:07,735] {processor.py:153} INFO - Started process (PID=4995) to work on /home/renan/datapipeline/.env/lib/python3.8/site-packages/airflow/example_dags/example_external_task_marker_dag.py
[2022-07-31 21:13:07,736] {processor.py:641} INFO - Processing file /home/renan/datapipeline/.env/lib/python3.8/site-packages/airflow/example_dags/example_external_task_marker_dag.py for tasks to queue
[2022-07-31 21:13:07,736] {logging_mixin.py:115} INFO - [2022-07-31 21:13:07,736] {dagbag.py:508} INFO - Filling up the DagBag from /home/renan/datapipeline/.env/lib/python3.8/site-packages/airflow/example_dags/example_external_task_marker_dag.py
[2022-07-31 21:13:07,739] {processor.py:651} INFO - DAG(s) dict_keys(['example_external_task_marker_parent', 'example_external_task_marker_child']) retrieved from /home/renan/datapipeline/.env/lib/python3.8/site-packages/airflow/example_dags/example_external_task_marker_dag.py
[2022-07-31 21:13:07,758] {logging_mixin.py:115} INFO - [2022-07-31 21:13:07,758] {dag.py:2420} INFO - Sync 2 DAGs
[2022-07-31 21:13:07,767] {logging_mixin.py:115} INFO - [2022-07-31 21:13:07,767] {dag.py:2968} INFO - Setting next_dagrun for example_external_task_marker_child to None, run_after=None
[2022-07-31 21:13:07,767] {logging_mixin.py:115} INFO - [2022-07-31 21:13:07,767] {dag.py:2968} INFO - Setting next_dagrun for example_external_task_marker_parent to None, run_after=None
[2022-07-31 21:13:07,776] {processor.py:161} INFO - Processing /home/renan/datapipeline/.env/lib/python3.8/site-packages/airflow/example_dags/example_external_task_marker_dag.py took 0.042 seconds
[2022-07-31 21:13:43,044] {processor.py:153} INFO - Started process (PID=5042) to work on /home/renan/datapipeline/.env/lib/python3.8/site-packages/airflow/example_dags/example_external_task_marker_dag.py
[2022-07-31 21:13:43,044] {processor.py:641} INFO - Processing file /home/renan/datapipeline/.env/lib/python3.8/site-packages/airflow/example_dags/example_external_task_marker_dag.py for tasks to queue
[2022-07-31 21:13:43,045] {logging_mixin.py:115} INFO - [2022-07-31 21:13:43,045] {dagbag.py:508} INFO - Filling up the DagBag from /home/renan/datapipeline/.env/lib/python3.8/site-packages/airflow/example_dags/example_external_task_marker_dag.py
[2022-07-31 21:13:43,047] {processor.py:651} INFO - DAG(s) dict_keys(['example_external_task_marker_parent', 'example_external_task_marker_child']) retrieved from /home/renan/datapipeline/.env/lib/python3.8/site-packages/airflow/example_dags/example_external_task_marker_dag.py
[2022-07-31 21:13:43,067] {logging_mixin.py:115} INFO - [2022-07-31 21:13:43,067] {dag.py:2420} INFO - Sync 2 DAGs
[2022-07-31 21:13:43,076] {logging_mixin.py:115} INFO - [2022-07-31 21:13:43,076] {dag.py:2968} INFO - Setting next_dagrun for example_external_task_marker_child to None, run_after=None
[2022-07-31 21:13:43,076] {logging_mixin.py:115} INFO - [2022-07-31 21:13:43,076] {dag.py:2968} INFO - Setting next_dagrun for example_external_task_marker_parent to None, run_after=None
[2022-07-31 21:13:43,085] {processor.py:161} INFO - Processing /home/renan/datapipeline/.env/lib/python3.8/site-packages/airflow/example_dags/example_external_task_marker_dag.py took 0.042 seconds
[2022-07-31 21:14:16,678] {processor.py:153} INFO - Started process (PID=5094) to work on /home/renan/datapipeline/.env/lib/python3.8/site-packages/airflow/example_dags/example_external_task_marker_dag.py
[2022-07-31 21:14:16,678] {processor.py:641} INFO - Processing file /home/renan/datapipeline/.env/lib/python3.8/site-packages/airflow/example_dags/example_external_task_marker_dag.py for tasks to queue
[2022-07-31 21:14:16,678] {logging_mixin.py:115} INFO - [2022-07-31 21:14:16,678] {dagbag.py:508} INFO - Filling up the DagBag from /home/renan/datapipeline/.env/lib/python3.8/site-packages/airflow/example_dags/example_external_task_marker_dag.py
[2022-07-31 21:14:16,681] {processor.py:651} INFO - DAG(s) dict_keys(['example_external_task_marker_parent', 'example_external_task_marker_child']) retrieved from /home/renan/datapipeline/.env/lib/python3.8/site-packages/airflow/example_dags/example_external_task_marker_dag.py
[2022-07-31 21:14:16,701] {logging_mixin.py:115} INFO - [2022-07-31 21:14:16,700] {dag.py:2420} INFO - Sync 2 DAGs
[2022-07-31 21:14:16,710] {logging_mixin.py:115} INFO - [2022-07-31 21:14:16,710] {dag.py:2968} INFO - Setting next_dagrun for example_external_task_marker_child to None, run_after=None
[2022-07-31 21:14:16,710] {logging_mixin.py:115} INFO - [2022-07-31 21:14:16,710] {dag.py:2968} INFO - Setting next_dagrun for example_external_task_marker_parent to None, run_after=None
[2022-07-31 21:14:16,719] {processor.py:161} INFO - Processing /home/renan/datapipeline/.env/lib/python3.8/site-packages/airflow/example_dags/example_external_task_marker_dag.py took 0.043 seconds
[2022-07-31 21:14:48,661] {processor.py:153} INFO - Started process (PID=5133) to work on /home/renan/datapipeline/.env/lib/python3.8/site-packages/airflow/example_dags/example_external_task_marker_dag.py
[2022-07-31 21:14:48,661] {processor.py:641} INFO - Processing file /home/renan/datapipeline/.env/lib/python3.8/site-packages/airflow/example_dags/example_external_task_marker_dag.py for tasks to queue
[2022-07-31 21:14:48,662] {logging_mixin.py:115} INFO - [2022-07-31 21:14:48,662] {dagbag.py:508} INFO - Filling up the DagBag from /home/renan/datapipeline/.env/lib/python3.8/site-packages/airflow/example_dags/example_external_task_marker_dag.py
[2022-07-31 21:14:48,664] {processor.py:651} INFO - DAG(s) dict_keys(['example_external_task_marker_parent', 'example_external_task_marker_child']) retrieved from /home/renan/datapipeline/.env/lib/python3.8/site-packages/airflow/example_dags/example_external_task_marker_dag.py
[2022-07-31 21:14:48,684] {logging_mixin.py:115} INFO - [2022-07-31 21:14:48,684] {dag.py:2420} INFO - Sync 2 DAGs
[2022-07-31 21:14:48,697] {logging_mixin.py:115} INFO - [2022-07-31 21:14:48,697] {dag.py:2968} INFO - Setting next_dagrun for example_external_task_marker_child to None, run_after=None
[2022-07-31 21:14:48,697] {logging_mixin.py:115} INFO - [2022-07-31 21:14:48,697] {dag.py:2968} INFO - Setting next_dagrun for example_external_task_marker_parent to None, run_after=None
[2022-07-31 21:14:48,711] {processor.py:161} INFO - Processing /home/renan/datapipeline/.env/lib/python3.8/site-packages/airflow/example_dags/example_external_task_marker_dag.py took 0.052 seconds
[2022-07-31 21:15:23,398] {processor.py:153} INFO - Started process (PID=5190) to work on /home/renan/datapipeline/.env/lib/python3.8/site-packages/airflow/example_dags/example_external_task_marker_dag.py
[2022-07-31 21:15:23,398] {processor.py:641} INFO - Processing file /home/renan/datapipeline/.env/lib/python3.8/site-packages/airflow/example_dags/example_external_task_marker_dag.py for tasks to queue
[2022-07-31 21:15:23,399] {logging_mixin.py:115} INFO - [2022-07-31 21:15:23,399] {dagbag.py:508} INFO - Filling up the DagBag from /home/renan/datapipeline/.env/lib/python3.8/site-packages/airflow/example_dags/example_external_task_marker_dag.py
[2022-07-31 21:15:23,402] {processor.py:651} INFO - DAG(s) dict_keys(['example_external_task_marker_parent', 'example_external_task_marker_child']) retrieved from /home/renan/datapipeline/.env/lib/python3.8/site-packages/airflow/example_dags/example_external_task_marker_dag.py
[2022-07-31 21:15:23,421] {logging_mixin.py:115} INFO - [2022-07-31 21:15:23,421] {dag.py:2420} INFO - Sync 2 DAGs
[2022-07-31 21:15:23,430] {logging_mixin.py:115} INFO - [2022-07-31 21:15:23,430] {dag.py:2968} INFO - Setting next_dagrun for example_external_task_marker_child to None, run_after=None
[2022-07-31 21:15:23,430] {logging_mixin.py:115} INFO - [2022-07-31 21:15:23,430] {dag.py:2968} INFO - Setting next_dagrun for example_external_task_marker_parent to None, run_after=None
[2022-07-31 21:15:23,438] {processor.py:161} INFO - Processing /home/renan/datapipeline/.env/lib/python3.8/site-packages/airflow/example_dags/example_external_task_marker_dag.py took 0.042 seconds
[2022-07-31 21:15:58,077] {processor.py:153} INFO - Started process (PID=5236) to work on /home/renan/datapipeline/.env/lib/python3.8/site-packages/airflow/example_dags/example_external_task_marker_dag.py
[2022-07-31 21:15:58,077] {processor.py:641} INFO - Processing file /home/renan/datapipeline/.env/lib/python3.8/site-packages/airflow/example_dags/example_external_task_marker_dag.py for tasks to queue
[2022-07-31 21:15:58,077] {logging_mixin.py:115} INFO - [2022-07-31 21:15:58,077] {dagbag.py:508} INFO - Filling up the DagBag from /home/renan/datapipeline/.env/lib/python3.8/site-packages/airflow/example_dags/example_external_task_marker_dag.py
[2022-07-31 21:15:58,080] {processor.py:651} INFO - DAG(s) dict_keys(['example_external_task_marker_parent', 'example_external_task_marker_child']) retrieved from /home/renan/datapipeline/.env/lib/python3.8/site-packages/airflow/example_dags/example_external_task_marker_dag.py
[2022-07-31 21:15:58,100] {logging_mixin.py:115} INFO - [2022-07-31 21:15:58,100] {dag.py:2420} INFO - Sync 2 DAGs
[2022-07-31 21:15:58,109] {logging_mixin.py:115} INFO - [2022-07-31 21:15:58,109] {dag.py:2968} INFO - Setting next_dagrun for example_external_task_marker_child to None, run_after=None
[2022-07-31 21:15:58,109] {logging_mixin.py:115} INFO - [2022-07-31 21:15:58,109] {dag.py:2968} INFO - Setting next_dagrun for example_external_task_marker_parent to None, run_after=None
[2022-07-31 21:15:58,119] {processor.py:161} INFO - Processing /home/renan/datapipeline/.env/lib/python3.8/site-packages/airflow/example_dags/example_external_task_marker_dag.py took 0.044 seconds
[2022-07-31 21:16:29,933] {processor.py:153} INFO - Started process (PID=5272) to work on /home/renan/datapipeline/.env/lib/python3.8/site-packages/airflow/example_dags/example_external_task_marker_dag.py
[2022-07-31 21:16:29,933] {processor.py:641} INFO - Processing file /home/renan/datapipeline/.env/lib/python3.8/site-packages/airflow/example_dags/example_external_task_marker_dag.py for tasks to queue
[2022-07-31 21:16:29,933] {logging_mixin.py:115} INFO - [2022-07-31 21:16:29,933] {dagbag.py:508} INFO - Filling up the DagBag from /home/renan/datapipeline/.env/lib/python3.8/site-packages/airflow/example_dags/example_external_task_marker_dag.py
[2022-07-31 21:16:29,936] {processor.py:651} INFO - DAG(s) dict_keys(['example_external_task_marker_parent', 'example_external_task_marker_child']) retrieved from /home/renan/datapipeline/.env/lib/python3.8/site-packages/airflow/example_dags/example_external_task_marker_dag.py
[2022-07-31 21:16:29,955] {logging_mixin.py:115} INFO - [2022-07-31 21:16:29,955] {dag.py:2420} INFO - Sync 2 DAGs
[2022-07-31 21:16:29,964] {logging_mixin.py:115} INFO - [2022-07-31 21:16:29,964] {dag.py:2968} INFO - Setting next_dagrun for example_external_task_marker_child to None, run_after=None
[2022-07-31 21:16:29,965] {logging_mixin.py:115} INFO - [2022-07-31 21:16:29,965] {dag.py:2968} INFO - Setting next_dagrun for example_external_task_marker_parent to None, run_after=None
[2022-07-31 21:16:29,973] {processor.py:161} INFO - Processing /home/renan/datapipeline/.env/lib/python3.8/site-packages/airflow/example_dags/example_external_task_marker_dag.py took 0.041 seconds
[2022-07-31 21:17:05,297] {processor.py:153} INFO - Started process (PID=5321) to work on /home/renan/datapipeline/.env/lib/python3.8/site-packages/airflow/example_dags/example_external_task_marker_dag.py
[2022-07-31 21:17:05,298] {processor.py:641} INFO - Processing file /home/renan/datapipeline/.env/lib/python3.8/site-packages/airflow/example_dags/example_external_task_marker_dag.py for tasks to queue
[2022-07-31 21:17:05,298] {logging_mixin.py:115} INFO - [2022-07-31 21:17:05,298] {dagbag.py:508} INFO - Filling up the DagBag from /home/renan/datapipeline/.env/lib/python3.8/site-packages/airflow/example_dags/example_external_task_marker_dag.py
[2022-07-31 21:17:05,300] {processor.py:651} INFO - DAG(s) dict_keys(['example_external_task_marker_parent', 'example_external_task_marker_child']) retrieved from /home/renan/datapipeline/.env/lib/python3.8/site-packages/airflow/example_dags/example_external_task_marker_dag.py
[2022-07-31 21:17:05,320] {logging_mixin.py:115} INFO - [2022-07-31 21:17:05,320] {dag.py:2420} INFO - Sync 2 DAGs
[2022-07-31 21:17:05,329] {logging_mixin.py:115} INFO - [2022-07-31 21:17:05,329] {dag.py:2968} INFO - Setting next_dagrun for example_external_task_marker_child to None, run_after=None
[2022-07-31 21:17:05,329] {logging_mixin.py:115} INFO - [2022-07-31 21:17:05,329] {dag.py:2968} INFO - Setting next_dagrun for example_external_task_marker_parent to None, run_after=None
[2022-07-31 21:17:05,338] {processor.py:161} INFO - Processing /home/renan/datapipeline/.env/lib/python3.8/site-packages/airflow/example_dags/example_external_task_marker_dag.py took 0.042 seconds
[2022-07-31 21:17:39,473] {processor.py:153} INFO - Started process (PID=5366) to work on /home/renan/datapipeline/.env/lib/python3.8/site-packages/airflow/example_dags/example_external_task_marker_dag.py
[2022-07-31 21:17:39,473] {processor.py:641} INFO - Processing file /home/renan/datapipeline/.env/lib/python3.8/site-packages/airflow/example_dags/example_external_task_marker_dag.py for tasks to queue
[2022-07-31 21:17:39,473] {logging_mixin.py:115} INFO - [2022-07-31 21:17:39,473] {dagbag.py:508} INFO - Filling up the DagBag from /home/renan/datapipeline/.env/lib/python3.8/site-packages/airflow/example_dags/example_external_task_marker_dag.py
[2022-07-31 21:17:39,476] {processor.py:651} INFO - DAG(s) dict_keys(['example_external_task_marker_parent', 'example_external_task_marker_child']) retrieved from /home/renan/datapipeline/.env/lib/python3.8/site-packages/airflow/example_dags/example_external_task_marker_dag.py
[2022-07-31 21:17:39,496] {logging_mixin.py:115} INFO - [2022-07-31 21:17:39,495] {dag.py:2420} INFO - Sync 2 DAGs
[2022-07-31 21:17:39,505] {logging_mixin.py:115} INFO - [2022-07-31 21:17:39,505] {dag.py:2968} INFO - Setting next_dagrun for example_external_task_marker_child to None, run_after=None
[2022-07-31 21:17:39,505] {logging_mixin.py:115} INFO - [2022-07-31 21:17:39,505] {dag.py:2968} INFO - Setting next_dagrun for example_external_task_marker_parent to None, run_after=None
[2022-07-31 21:17:39,513] {processor.py:161} INFO - Processing /home/renan/datapipeline/.env/lib/python3.8/site-packages/airflow/example_dags/example_external_task_marker_dag.py took 0.042 seconds
[2022-07-31 22:20:56,929] {processor.py:153} INFO - Started process (PID=7043) to work on /home/renan/datapipeline/.env/lib/python3.8/site-packages/airflow/example_dags/example_external_task_marker_dag.py
[2022-07-31 22:20:56,929] {processor.py:641} INFO - Processing file /home/renan/datapipeline/.env/lib/python3.8/site-packages/airflow/example_dags/example_external_task_marker_dag.py for tasks to queue
[2022-07-31 22:20:56,930] {logging_mixin.py:115} INFO - [2022-07-31 22:20:56,930] {dagbag.py:508} INFO - Filling up the DagBag from /home/renan/datapipeline/.env/lib/python3.8/site-packages/airflow/example_dags/example_external_task_marker_dag.py
[2022-07-31 22:20:56,932] {processor.py:651} INFO - DAG(s) dict_keys(['example_external_task_marker_parent', 'example_external_task_marker_child']) retrieved from /home/renan/datapipeline/.env/lib/python3.8/site-packages/airflow/example_dags/example_external_task_marker_dag.py
[2022-07-31 22:20:56,952] {logging_mixin.py:115} INFO - [2022-07-31 22:20:56,951] {dag.py:2420} INFO - Sync 2 DAGs
[2022-07-31 22:20:56,961] {logging_mixin.py:115} INFO - [2022-07-31 22:20:56,961] {dag.py:2968} INFO - Setting next_dagrun for example_external_task_marker_child to None, run_after=None
[2022-07-31 22:20:56,961] {logging_mixin.py:115} INFO - [2022-07-31 22:20:56,961] {dag.py:2968} INFO - Setting next_dagrun for example_external_task_marker_parent to None, run_after=None
[2022-07-31 22:20:56,969] {processor.py:161} INFO - Processing /home/renan/datapipeline/.env/lib/python3.8/site-packages/airflow/example_dags/example_external_task_marker_dag.py took 0.042 seconds
[2022-07-31 22:21:32,237] {processor.py:153} INFO - Started process (PID=7100) to work on /home/renan/datapipeline/.env/lib/python3.8/site-packages/airflow/example_dags/example_external_task_marker_dag.py
[2022-07-31 22:21:32,237] {processor.py:641} INFO - Processing file /home/renan/datapipeline/.env/lib/python3.8/site-packages/airflow/example_dags/example_external_task_marker_dag.py for tasks to queue
[2022-07-31 22:21:32,237] {logging_mixin.py:115} INFO - [2022-07-31 22:21:32,237] {dagbag.py:508} INFO - Filling up the DagBag from /home/renan/datapipeline/.env/lib/python3.8/site-packages/airflow/example_dags/example_external_task_marker_dag.py
[2022-07-31 22:21:32,240] {processor.py:651} INFO - DAG(s) dict_keys(['example_external_task_marker_parent', 'example_external_task_marker_child']) retrieved from /home/renan/datapipeline/.env/lib/python3.8/site-packages/airflow/example_dags/example_external_task_marker_dag.py
[2022-07-31 22:21:32,260] {logging_mixin.py:115} INFO - [2022-07-31 22:21:32,260] {dag.py:2420} INFO - Sync 2 DAGs
[2022-07-31 22:21:32,269] {logging_mixin.py:115} INFO - [2022-07-31 22:21:32,269] {dag.py:2968} INFO - Setting next_dagrun for example_external_task_marker_child to None, run_after=None
[2022-07-31 22:21:32,270] {logging_mixin.py:115} INFO - [2022-07-31 22:21:32,270] {dag.py:2968} INFO - Setting next_dagrun for example_external_task_marker_parent to None, run_after=None
[2022-07-31 22:21:32,278] {processor.py:161} INFO - Processing /home/renan/datapipeline/.env/lib/python3.8/site-packages/airflow/example_dags/example_external_task_marker_dag.py took 0.043 seconds
[2022-07-31 22:22:05,885] {processor.py:153} INFO - Started process (PID=7149) to work on /home/renan/datapipeline/.env/lib/python3.8/site-packages/airflow/example_dags/example_external_task_marker_dag.py
[2022-07-31 22:22:05,886] {processor.py:641} INFO - Processing file /home/renan/datapipeline/.env/lib/python3.8/site-packages/airflow/example_dags/example_external_task_marker_dag.py for tasks to queue
[2022-07-31 22:22:05,886] {logging_mixin.py:115} INFO - [2022-07-31 22:22:05,886] {dagbag.py:508} INFO - Filling up the DagBag from /home/renan/datapipeline/.env/lib/python3.8/site-packages/airflow/example_dags/example_external_task_marker_dag.py
[2022-07-31 22:22:05,888] {processor.py:651} INFO - DAG(s) dict_keys(['example_external_task_marker_parent', 'example_external_task_marker_child']) retrieved from /home/renan/datapipeline/.env/lib/python3.8/site-packages/airflow/example_dags/example_external_task_marker_dag.py
[2022-07-31 22:22:05,908] {logging_mixin.py:115} INFO - [2022-07-31 22:22:05,908] {dag.py:2420} INFO - Sync 2 DAGs
[2022-07-31 22:22:05,918] {logging_mixin.py:115} INFO - [2022-07-31 22:22:05,918] {dag.py:2968} INFO - Setting next_dagrun for example_external_task_marker_child to None, run_after=None
[2022-07-31 22:22:05,918] {logging_mixin.py:115} INFO - [2022-07-31 22:22:05,918] {dag.py:2968} INFO - Setting next_dagrun for example_external_task_marker_parent to None, run_after=None
[2022-07-31 22:22:05,926] {processor.py:161} INFO - Processing /home/renan/datapipeline/.env/lib/python3.8/site-packages/airflow/example_dags/example_external_task_marker_dag.py took 0.043 seconds
[2022-07-31 22:22:37,875] {processor.py:153} INFO - Started process (PID=7200) to work on /home/renan/datapipeline/.env/lib/python3.8/site-packages/airflow/example_dags/example_external_task_marker_dag.py
[2022-07-31 22:22:37,876] {processor.py:641} INFO - Processing file /home/renan/datapipeline/.env/lib/python3.8/site-packages/airflow/example_dags/example_external_task_marker_dag.py for tasks to queue
[2022-07-31 22:22:37,876] {logging_mixin.py:115} INFO - [2022-07-31 22:22:37,876] {dagbag.py:508} INFO - Filling up the DagBag from /home/renan/datapipeline/.env/lib/python3.8/site-packages/airflow/example_dags/example_external_task_marker_dag.py
[2022-07-31 22:22:37,880] {processor.py:651} INFO - DAG(s) dict_keys(['example_external_task_marker_parent', 'example_external_task_marker_child']) retrieved from /home/renan/datapipeline/.env/lib/python3.8/site-packages/airflow/example_dags/example_external_task_marker_dag.py
[2022-07-31 22:22:37,902] {logging_mixin.py:115} INFO - [2022-07-31 22:22:37,901] {dag.py:2420} INFO - Sync 2 DAGs
[2022-07-31 22:22:37,912] {logging_mixin.py:115} INFO - [2022-07-31 22:22:37,912] {dag.py:2968} INFO - Setting next_dagrun for example_external_task_marker_child to None, run_after=None
[2022-07-31 22:22:37,912] {logging_mixin.py:115} INFO - [2022-07-31 22:22:37,912] {dag.py:2968} INFO - Setting next_dagrun for example_external_task_marker_parent to None, run_after=None
[2022-07-31 22:22:37,922] {processor.py:161} INFO - Processing /home/renan/datapipeline/.env/lib/python3.8/site-packages/airflow/example_dags/example_external_task_marker_dag.py took 0.048 seconds
[2022-07-31 22:23:12,665] {processor.py:153} INFO - Started process (PID=7240) to work on /home/renan/datapipeline/.env/lib/python3.8/site-packages/airflow/example_dags/example_external_task_marker_dag.py
[2022-07-31 22:23:12,666] {processor.py:641} INFO - Processing file /home/renan/datapipeline/.env/lib/python3.8/site-packages/airflow/example_dags/example_external_task_marker_dag.py for tasks to queue
[2022-07-31 22:23:12,666] {logging_mixin.py:115} INFO - [2022-07-31 22:23:12,666] {dagbag.py:508} INFO - Filling up the DagBag from /home/renan/datapipeline/.env/lib/python3.8/site-packages/airflow/example_dags/example_external_task_marker_dag.py
[2022-07-31 22:23:12,668] {processor.py:651} INFO - DAG(s) dict_keys(['example_external_task_marker_parent', 'example_external_task_marker_child']) retrieved from /home/renan/datapipeline/.env/lib/python3.8/site-packages/airflow/example_dags/example_external_task_marker_dag.py
[2022-07-31 22:23:12,690] {logging_mixin.py:115} INFO - [2022-07-31 22:23:12,690] {dag.py:2420} INFO - Sync 2 DAGs
[2022-07-31 22:23:12,701] {logging_mixin.py:115} INFO - [2022-07-31 22:23:12,700] {dag.py:2968} INFO - Setting next_dagrun for example_external_task_marker_child to None, run_after=None
[2022-07-31 22:23:12,701] {logging_mixin.py:115} INFO - [2022-07-31 22:23:12,701] {dag.py:2968} INFO - Setting next_dagrun for example_external_task_marker_parent to None, run_after=None
[2022-07-31 22:23:12,711] {processor.py:161} INFO - Processing /home/renan/datapipeline/.env/lib/python3.8/site-packages/airflow/example_dags/example_external_task_marker_dag.py took 0.048 seconds
[2022-07-31 22:23:46,318] {processor.py:153} INFO - Started process (PID=7285) to work on /home/renan/datapipeline/.env/lib/python3.8/site-packages/airflow/example_dags/example_external_task_marker_dag.py
[2022-07-31 22:23:46,319] {processor.py:641} INFO - Processing file /home/renan/datapipeline/.env/lib/python3.8/site-packages/airflow/example_dags/example_external_task_marker_dag.py for tasks to queue
[2022-07-31 22:23:46,319] {logging_mixin.py:115} INFO - [2022-07-31 22:23:46,319] {dagbag.py:508} INFO - Filling up the DagBag from /home/renan/datapipeline/.env/lib/python3.8/site-packages/airflow/example_dags/example_external_task_marker_dag.py
[2022-07-31 22:23:46,321] {processor.py:651} INFO - DAG(s) dict_keys(['example_external_task_marker_parent', 'example_external_task_marker_child']) retrieved from /home/renan/datapipeline/.env/lib/python3.8/site-packages/airflow/example_dags/example_external_task_marker_dag.py
[2022-07-31 22:23:46,341] {logging_mixin.py:115} INFO - [2022-07-31 22:23:46,341] {dag.py:2420} INFO - Sync 2 DAGs
[2022-07-31 22:23:46,350] {logging_mixin.py:115} INFO - [2022-07-31 22:23:46,350] {dag.py:2968} INFO - Setting next_dagrun for example_external_task_marker_child to None, run_after=None
[2022-07-31 22:23:46,350] {logging_mixin.py:115} INFO - [2022-07-31 22:23:46,350] {dag.py:2968} INFO - Setting next_dagrun for example_external_task_marker_parent to None, run_after=None
[2022-07-31 22:23:46,360] {processor.py:161} INFO - Processing /home/renan/datapipeline/.env/lib/python3.8/site-packages/airflow/example_dags/example_external_task_marker_dag.py took 0.044 seconds
[2022-07-31 22:24:20,236] {processor.py:153} INFO - Started process (PID=7400) to work on /home/renan/datapipeline/.env/lib/python3.8/site-packages/airflow/example_dags/example_external_task_marker_dag.py
[2022-07-31 22:24:20,236] {processor.py:641} INFO - Processing file /home/renan/datapipeline/.env/lib/python3.8/site-packages/airflow/example_dags/example_external_task_marker_dag.py for tasks to queue
[2022-07-31 22:24:20,237] {logging_mixin.py:115} INFO - [2022-07-31 22:24:20,237] {dagbag.py:508} INFO - Filling up the DagBag from /home/renan/datapipeline/.env/lib/python3.8/site-packages/airflow/example_dags/example_external_task_marker_dag.py
[2022-07-31 22:24:20,240] {processor.py:651} INFO - DAG(s) dict_keys(['example_external_task_marker_parent', 'example_external_task_marker_child']) retrieved from /home/renan/datapipeline/.env/lib/python3.8/site-packages/airflow/example_dags/example_external_task_marker_dag.py
[2022-07-31 22:24:20,269] {logging_mixin.py:115} INFO - [2022-07-31 22:24:20,269] {dag.py:2420} INFO - Sync 2 DAGs
[2022-07-31 22:24:20,281] {logging_mixin.py:115} INFO - [2022-07-31 22:24:20,280] {dag.py:2968} INFO - Setting next_dagrun for example_external_task_marker_child to None, run_after=None
[2022-07-31 22:24:20,281] {logging_mixin.py:115} INFO - [2022-07-31 22:24:20,281] {dag.py:2968} INFO - Setting next_dagrun for example_external_task_marker_parent to None, run_after=None
[2022-07-31 22:24:20,292] {processor.py:161} INFO - Processing /home/renan/datapipeline/.env/lib/python3.8/site-packages/airflow/example_dags/example_external_task_marker_dag.py took 0.059 seconds
[2022-07-31 22:24:54,515] {processor.py:153} INFO - Started process (PID=7446) to work on /home/renan/datapipeline/.env/lib/python3.8/site-packages/airflow/example_dags/example_external_task_marker_dag.py
[2022-07-31 22:24:54,515] {processor.py:641} INFO - Processing file /home/renan/datapipeline/.env/lib/python3.8/site-packages/airflow/example_dags/example_external_task_marker_dag.py for tasks to queue
[2022-07-31 22:24:54,515] {logging_mixin.py:115} INFO - [2022-07-31 22:24:54,515] {dagbag.py:508} INFO - Filling up the DagBag from /home/renan/datapipeline/.env/lib/python3.8/site-packages/airflow/example_dags/example_external_task_marker_dag.py
[2022-07-31 22:24:54,518] {processor.py:651} INFO - DAG(s) dict_keys(['example_external_task_marker_parent', 'example_external_task_marker_child']) retrieved from /home/renan/datapipeline/.env/lib/python3.8/site-packages/airflow/example_dags/example_external_task_marker_dag.py
[2022-07-31 22:24:54,542] {logging_mixin.py:115} INFO - [2022-07-31 22:24:54,542] {dag.py:2420} INFO - Sync 2 DAGs
[2022-07-31 22:24:54,554] {logging_mixin.py:115} INFO - [2022-07-31 22:24:54,554] {dag.py:2968} INFO - Setting next_dagrun for example_external_task_marker_child to None, run_after=None
[2022-07-31 22:24:54,555] {logging_mixin.py:115} INFO - [2022-07-31 22:24:54,555] {dag.py:2968} INFO - Setting next_dagrun for example_external_task_marker_parent to None, run_after=None
[2022-07-31 22:24:54,566] {processor.py:161} INFO - Processing /home/renan/datapipeline/.env/lib/python3.8/site-packages/airflow/example_dags/example_external_task_marker_dag.py took 0.053 seconds
[2022-07-31 22:25:27,221] {processor.py:153} INFO - Started process (PID=7529) to work on /home/renan/datapipeline/.env/lib/python3.8/site-packages/airflow/example_dags/example_external_task_marker_dag.py
[2022-07-31 22:25:27,221] {processor.py:641} INFO - Processing file /home/renan/datapipeline/.env/lib/python3.8/site-packages/airflow/example_dags/example_external_task_marker_dag.py for tasks to queue
[2022-07-31 22:25:27,222] {logging_mixin.py:115} INFO - [2022-07-31 22:25:27,222] {dagbag.py:508} INFO - Filling up the DagBag from /home/renan/datapipeline/.env/lib/python3.8/site-packages/airflow/example_dags/example_external_task_marker_dag.py
[2022-07-31 22:25:27,224] {processor.py:651} INFO - DAG(s) dict_keys(['example_external_task_marker_parent', 'example_external_task_marker_child']) retrieved from /home/renan/datapipeline/.env/lib/python3.8/site-packages/airflow/example_dags/example_external_task_marker_dag.py
[2022-07-31 22:25:27,247] {logging_mixin.py:115} INFO - [2022-07-31 22:25:27,247] {dag.py:2420} INFO - Sync 2 DAGs
[2022-07-31 22:25:27,258] {logging_mixin.py:115} INFO - [2022-07-31 22:25:27,258] {dag.py:2968} INFO - Setting next_dagrun for example_external_task_marker_child to None, run_after=None
[2022-07-31 22:25:27,258] {logging_mixin.py:115} INFO - [2022-07-31 22:25:27,258] {dag.py:2968} INFO - Setting next_dagrun for example_external_task_marker_parent to None, run_after=None
[2022-07-31 22:25:27,269] {processor.py:161} INFO - Processing /home/renan/datapipeline/.env/lib/python3.8/site-packages/airflow/example_dags/example_external_task_marker_dag.py took 0.050 seconds
[2022-07-31 22:26:01,482] {processor.py:153} INFO - Started process (PID=7570) to work on /home/renan/datapipeline/.env/lib/python3.8/site-packages/airflow/example_dags/example_external_task_marker_dag.py
[2022-07-31 22:26:01,483] {processor.py:641} INFO - Processing file /home/renan/datapipeline/.env/lib/python3.8/site-packages/airflow/example_dags/example_external_task_marker_dag.py for tasks to queue
[2022-07-31 22:26:01,483] {logging_mixin.py:115} INFO - [2022-07-31 22:26:01,483] {dagbag.py:508} INFO - Filling up the DagBag from /home/renan/datapipeline/.env/lib/python3.8/site-packages/airflow/example_dags/example_external_task_marker_dag.py
[2022-07-31 22:26:01,485] {processor.py:651} INFO - DAG(s) dict_keys(['example_external_task_marker_parent', 'example_external_task_marker_child']) retrieved from /home/renan/datapipeline/.env/lib/python3.8/site-packages/airflow/example_dags/example_external_task_marker_dag.py
[2022-07-31 22:26:01,505] {logging_mixin.py:115} INFO - [2022-07-31 22:26:01,505] {dag.py:2420} INFO - Sync 2 DAGs
[2022-07-31 22:26:01,515] {logging_mixin.py:115} INFO - [2022-07-31 22:26:01,514] {dag.py:2968} INFO - Setting next_dagrun for example_external_task_marker_child to None, run_after=None
[2022-07-31 22:26:01,515] {logging_mixin.py:115} INFO - [2022-07-31 22:26:01,515] {dag.py:2968} INFO - Setting next_dagrun for example_external_task_marker_parent to None, run_after=None
[2022-07-31 22:26:01,525] {processor.py:161} INFO - Processing /home/renan/datapipeline/.env/lib/python3.8/site-packages/airflow/example_dags/example_external_task_marker_dag.py took 0.044 seconds
