[2022-07-31 21:12:59,727] {processor.py:153} INFO - Started process (PID=4982) to work on /home/renan/datapipeline/.env/lib/python3.8/site-packages/airflow/example_dags/example_task_group_decorator.py
[2022-07-31 21:12:59,727] {processor.py:641} INFO - Processing file /home/renan/datapipeline/.env/lib/python3.8/site-packages/airflow/example_dags/example_task_group_decorator.py for tasks to queue
[2022-07-31 21:12:59,727] {logging_mixin.py:115} INFO - [2022-07-31 21:12:59,727] {dagbag.py:508} INFO - Filling up the DagBag from /home/renan/datapipeline/.env/lib/python3.8/site-packages/airflow/example_dags/example_task_group_decorator.py
[2022-07-31 21:12:59,743] {processor.py:651} INFO - DAG(s) dict_keys(['example_task_group_decorator']) retrieved from /home/renan/datapipeline/.env/lib/python3.8/site-packages/airflow/example_dags/example_task_group_decorator.py
[2022-07-31 21:12:59,767] {logging_mixin.py:115} INFO - [2022-07-31 21:12:59,767] {dag.py:2420} INFO - Sync 1 DAGs
[2022-07-31 21:12:59,776] {logging_mixin.py:115} INFO - [2022-07-31 21:12:59,775] {dag.py:2968} INFO - Setting next_dagrun for example_task_group_decorator to 2022-07-31T00:12:59.775828+00:00, run_after=2022-08-01T00:12:59.775828+00:00
[2022-07-31 21:12:59,785] {processor.py:161} INFO - Processing /home/renan/datapipeline/.env/lib/python3.8/site-packages/airflow/example_dags/example_task_group_decorator.py took 0.060 seconds
[2022-07-31 21:13:32,511] {processor.py:153} INFO - Started process (PID=5032) to work on /home/renan/datapipeline/.env/lib/python3.8/site-packages/airflow/example_dags/example_task_group_decorator.py
[2022-07-31 21:13:32,511] {processor.py:641} INFO - Processing file /home/renan/datapipeline/.env/lib/python3.8/site-packages/airflow/example_dags/example_task_group_decorator.py for tasks to queue
[2022-07-31 21:13:32,512] {logging_mixin.py:115} INFO - [2022-07-31 21:13:32,512] {dagbag.py:508} INFO - Filling up the DagBag from /home/renan/datapipeline/.env/lib/python3.8/site-packages/airflow/example_dags/example_task_group_decorator.py
[2022-07-31 21:13:32,528] {processor.py:651} INFO - DAG(s) dict_keys(['example_task_group_decorator']) retrieved from /home/renan/datapipeline/.env/lib/python3.8/site-packages/airflow/example_dags/example_task_group_decorator.py
[2022-07-31 21:13:32,537] {logging_mixin.py:115} INFO - [2022-07-31 21:13:32,537] {dag.py:2420} INFO - Sync 1 DAGs
[2022-07-31 21:13:32,547] {logging_mixin.py:115} INFO - [2022-07-31 21:13:32,546] {dag.py:2968} INFO - Setting next_dagrun for example_task_group_decorator to 2022-07-31T00:13:32.546770+00:00, run_after=2022-08-01T00:13:32.546770+00:00
[2022-07-31 21:13:32,555] {processor.py:161} INFO - Processing /home/renan/datapipeline/.env/lib/python3.8/site-packages/airflow/example_dags/example_task_group_decorator.py took 0.046 seconds
[2022-07-31 21:14:06,464] {processor.py:153} INFO - Started process (PID=5069) to work on /home/renan/datapipeline/.env/lib/python3.8/site-packages/airflow/example_dags/example_task_group_decorator.py
[2022-07-31 21:14:06,465] {processor.py:641} INFO - Processing file /home/renan/datapipeline/.env/lib/python3.8/site-packages/airflow/example_dags/example_task_group_decorator.py for tasks to queue
[2022-07-31 21:14:06,465] {logging_mixin.py:115} INFO - [2022-07-31 21:14:06,465] {dagbag.py:508} INFO - Filling up the DagBag from /home/renan/datapipeline/.env/lib/python3.8/site-packages/airflow/example_dags/example_task_group_decorator.py
[2022-07-31 21:14:06,481] {processor.py:651} INFO - DAG(s) dict_keys(['example_task_group_decorator']) retrieved from /home/renan/datapipeline/.env/lib/python3.8/site-packages/airflow/example_dags/example_task_group_decorator.py
[2022-07-31 21:14:06,491] {logging_mixin.py:115} INFO - [2022-07-31 21:14:06,491] {dag.py:2420} INFO - Sync 1 DAGs
[2022-07-31 21:14:06,500] {logging_mixin.py:115} INFO - [2022-07-31 21:14:06,500] {dag.py:2968} INFO - Setting next_dagrun for example_task_group_decorator to 2022-07-31T00:14:06.499963+00:00, run_after=2022-08-01T00:14:06.499963+00:00
[2022-07-31 21:14:06,508] {processor.py:161} INFO - Processing /home/renan/datapipeline/.env/lib/python3.8/site-packages/airflow/example_dags/example_task_group_decorator.py took 0.045 seconds
[2022-07-31 21:14:39,663] {processor.py:153} INFO - Started process (PID=5123) to work on /home/renan/datapipeline/.env/lib/python3.8/site-packages/airflow/example_dags/example_task_group_decorator.py
[2022-07-31 21:14:39,663] {processor.py:641} INFO - Processing file /home/renan/datapipeline/.env/lib/python3.8/site-packages/airflow/example_dags/example_task_group_decorator.py for tasks to queue
[2022-07-31 21:14:39,663] {logging_mixin.py:115} INFO - [2022-07-31 21:14:39,663] {dagbag.py:508} INFO - Filling up the DagBag from /home/renan/datapipeline/.env/lib/python3.8/site-packages/airflow/example_dags/example_task_group_decorator.py
[2022-07-31 21:14:39,680] {processor.py:651} INFO - DAG(s) dict_keys(['example_task_group_decorator']) retrieved from /home/renan/datapipeline/.env/lib/python3.8/site-packages/airflow/example_dags/example_task_group_decorator.py
[2022-07-31 21:14:39,689] {logging_mixin.py:115} INFO - [2022-07-31 21:14:39,689] {dag.py:2420} INFO - Sync 1 DAGs
[2022-07-31 21:14:39,699] {logging_mixin.py:115} INFO - [2022-07-31 21:14:39,699] {dag.py:2968} INFO - Setting next_dagrun for example_task_group_decorator to 2022-07-31T00:14:39.698823+00:00, run_after=2022-08-01T00:14:39.698823+00:00
[2022-07-31 21:14:39,707] {processor.py:161} INFO - Processing /home/renan/datapipeline/.env/lib/python3.8/site-packages/airflow/example_dags/example_task_group_decorator.py took 0.046 seconds
[2022-07-31 21:15:13,133] {processor.py:153} INFO - Started process (PID=5178) to work on /home/renan/datapipeline/.env/lib/python3.8/site-packages/airflow/example_dags/example_task_group_decorator.py
[2022-07-31 21:15:13,133] {processor.py:641} INFO - Processing file /home/renan/datapipeline/.env/lib/python3.8/site-packages/airflow/example_dags/example_task_group_decorator.py for tasks to queue
[2022-07-31 21:15:13,134] {logging_mixin.py:115} INFO - [2022-07-31 21:15:13,134] {dagbag.py:508} INFO - Filling up the DagBag from /home/renan/datapipeline/.env/lib/python3.8/site-packages/airflow/example_dags/example_task_group_decorator.py
[2022-07-31 21:15:13,149] {processor.py:651} INFO - DAG(s) dict_keys(['example_task_group_decorator']) retrieved from /home/renan/datapipeline/.env/lib/python3.8/site-packages/airflow/example_dags/example_task_group_decorator.py
[2022-07-31 21:15:13,159] {logging_mixin.py:115} INFO - [2022-07-31 21:15:13,159] {dag.py:2420} INFO - Sync 1 DAGs
[2022-07-31 21:15:13,168] {logging_mixin.py:115} INFO - [2022-07-31 21:15:13,168] {dag.py:2968} INFO - Setting next_dagrun for example_task_group_decorator to 2022-07-31T00:15:13.168281+00:00, run_after=2022-08-01T00:15:13.168281+00:00
[2022-07-31 21:15:13,177] {processor.py:161} INFO - Processing /home/renan/datapipeline/.env/lib/python3.8/site-packages/airflow/example_dags/example_task_group_decorator.py took 0.045 seconds
[2022-07-31 21:15:48,523] {processor.py:153} INFO - Started process (PID=5222) to work on /home/renan/datapipeline/.env/lib/python3.8/site-packages/airflow/example_dags/example_task_group_decorator.py
[2022-07-31 21:15:48,524] {processor.py:641} INFO - Processing file /home/renan/datapipeline/.env/lib/python3.8/site-packages/airflow/example_dags/example_task_group_decorator.py for tasks to queue
[2022-07-31 21:15:48,524] {logging_mixin.py:115} INFO - [2022-07-31 21:15:48,524] {dagbag.py:508} INFO - Filling up the DagBag from /home/renan/datapipeline/.env/lib/python3.8/site-packages/airflow/example_dags/example_task_group_decorator.py
[2022-07-31 21:15:48,540] {processor.py:651} INFO - DAG(s) dict_keys(['example_task_group_decorator']) retrieved from /home/renan/datapipeline/.env/lib/python3.8/site-packages/airflow/example_dags/example_task_group_decorator.py
[2022-07-31 21:15:48,550] {logging_mixin.py:115} INFO - [2022-07-31 21:15:48,550] {dag.py:2420} INFO - Sync 1 DAGs
[2022-07-31 21:15:48,559] {logging_mixin.py:115} INFO - [2022-07-31 21:15:48,559] {dag.py:2968} INFO - Setting next_dagrun for example_task_group_decorator to 2022-07-31T00:15:48.559195+00:00, run_after=2022-08-01T00:15:48.559195+00:00
[2022-07-31 21:15:48,567] {processor.py:161} INFO - Processing /home/renan/datapipeline/.env/lib/python3.8/site-packages/airflow/example_dags/example_task_group_decorator.py took 0.046 seconds
[2022-07-31 21:16:18,780] {processor.py:153} INFO - Started process (PID=5261) to work on /home/renan/datapipeline/.env/lib/python3.8/site-packages/airflow/example_dags/example_task_group_decorator.py
[2022-07-31 21:16:18,780] {processor.py:641} INFO - Processing file /home/renan/datapipeline/.env/lib/python3.8/site-packages/airflow/example_dags/example_task_group_decorator.py for tasks to queue
[2022-07-31 21:16:18,780] {logging_mixin.py:115} INFO - [2022-07-31 21:16:18,780] {dagbag.py:508} INFO - Filling up the DagBag from /home/renan/datapipeline/.env/lib/python3.8/site-packages/airflow/example_dags/example_task_group_decorator.py
[2022-07-31 21:16:18,798] {processor.py:651} INFO - DAG(s) dict_keys(['example_task_group_decorator']) retrieved from /home/renan/datapipeline/.env/lib/python3.8/site-packages/airflow/example_dags/example_task_group_decorator.py
[2022-07-31 21:16:18,808] {logging_mixin.py:115} INFO - [2022-07-31 21:16:18,808] {dag.py:2420} INFO - Sync 1 DAGs
[2022-07-31 21:16:18,818] {logging_mixin.py:115} INFO - [2022-07-31 21:16:18,817] {dag.py:2968} INFO - Setting next_dagrun for example_task_group_decorator to 2022-07-31T00:16:18.817750+00:00, run_after=2022-08-01T00:16:18.817750+00:00
[2022-07-31 21:16:18,826] {processor.py:161} INFO - Processing /home/renan/datapipeline/.env/lib/python3.8/site-packages/airflow/example_dags/example_task_group_decorator.py took 0.048 seconds
[2022-07-31 21:16:54,528] {processor.py:153} INFO - Started process (PID=5304) to work on /home/renan/datapipeline/.env/lib/python3.8/site-packages/airflow/example_dags/example_task_group_decorator.py
[2022-07-31 21:16:54,529] {processor.py:641} INFO - Processing file /home/renan/datapipeline/.env/lib/python3.8/site-packages/airflow/example_dags/example_task_group_decorator.py for tasks to queue
[2022-07-31 21:16:54,529] {logging_mixin.py:115} INFO - [2022-07-31 21:16:54,529] {dagbag.py:508} INFO - Filling up the DagBag from /home/renan/datapipeline/.env/lib/python3.8/site-packages/airflow/example_dags/example_task_group_decorator.py
[2022-07-31 21:16:54,545] {processor.py:651} INFO - DAG(s) dict_keys(['example_task_group_decorator']) retrieved from /home/renan/datapipeline/.env/lib/python3.8/site-packages/airflow/example_dags/example_task_group_decorator.py
[2022-07-31 21:16:54,555] {logging_mixin.py:115} INFO - [2022-07-31 21:16:54,555] {dag.py:2420} INFO - Sync 1 DAGs
[2022-07-31 21:16:54,564] {logging_mixin.py:115} INFO - [2022-07-31 21:16:54,564] {dag.py:2968} INFO - Setting next_dagrun for example_task_group_decorator to 2022-07-31T00:16:54.563967+00:00, run_after=2022-08-01T00:16:54.563967+00:00
[2022-07-31 21:16:54,572] {processor.py:161} INFO - Processing /home/renan/datapipeline/.env/lib/python3.8/site-packages/airflow/example_dags/example_task_group_decorator.py took 0.046 seconds
[2022-07-31 21:17:29,201] {processor.py:153} INFO - Started process (PID=5355) to work on /home/renan/datapipeline/.env/lib/python3.8/site-packages/airflow/example_dags/example_task_group_decorator.py
[2022-07-31 21:17:29,202] {processor.py:641} INFO - Processing file /home/renan/datapipeline/.env/lib/python3.8/site-packages/airflow/example_dags/example_task_group_decorator.py for tasks to queue
[2022-07-31 21:17:29,202] {logging_mixin.py:115} INFO - [2022-07-31 21:17:29,202] {dagbag.py:508} INFO - Filling up the DagBag from /home/renan/datapipeline/.env/lib/python3.8/site-packages/airflow/example_dags/example_task_group_decorator.py
[2022-07-31 21:17:29,222] {processor.py:651} INFO - DAG(s) dict_keys(['example_task_group_decorator']) retrieved from /home/renan/datapipeline/.env/lib/python3.8/site-packages/airflow/example_dags/example_task_group_decorator.py
[2022-07-31 21:17:29,232] {logging_mixin.py:115} INFO - [2022-07-31 21:17:29,232] {dag.py:2420} INFO - Sync 1 DAGs
[2022-07-31 21:17:29,243] {logging_mixin.py:115} INFO - [2022-07-31 21:17:29,243] {dag.py:2968} INFO - Setting next_dagrun for example_task_group_decorator to 2022-07-31T00:17:29.243260+00:00, run_after=2022-08-01T00:17:29.243260+00:00
[2022-07-31 21:17:29,254] {processor.py:161} INFO - Processing /home/renan/datapipeline/.env/lib/python3.8/site-packages/airflow/example_dags/example_task_group_decorator.py took 0.054 seconds
[2022-07-31 22:20:48,922] {processor.py:153} INFO - Started process (PID=7033) to work on /home/renan/datapipeline/.env/lib/python3.8/site-packages/airflow/example_dags/example_task_group_decorator.py
[2022-07-31 22:20:48,922] {processor.py:641} INFO - Processing file /home/renan/datapipeline/.env/lib/python3.8/site-packages/airflow/example_dags/example_task_group_decorator.py for tasks to queue
[2022-07-31 22:20:48,922] {logging_mixin.py:115} INFO - [2022-07-31 22:20:48,922] {dagbag.py:508} INFO - Filling up the DagBag from /home/renan/datapipeline/.env/lib/python3.8/site-packages/airflow/example_dags/example_task_group_decorator.py
[2022-07-31 22:20:48,939] {processor.py:651} INFO - DAG(s) dict_keys(['example_task_group_decorator']) retrieved from /home/renan/datapipeline/.env/lib/python3.8/site-packages/airflow/example_dags/example_task_group_decorator.py
[2022-07-31 22:20:48,963] {logging_mixin.py:115} INFO - [2022-07-31 22:20:48,963] {dag.py:2420} INFO - Sync 1 DAGs
[2022-07-31 22:20:48,971] {logging_mixin.py:115} INFO - [2022-07-31 22:20:48,971] {dag.py:2968} INFO - Setting next_dagrun for example_task_group_decorator to 2022-07-31T01:20:48.970842+00:00, run_after=2022-08-01T01:20:48.970842+00:00
[2022-07-31 22:20:48,983] {processor.py:161} INFO - Processing /home/renan/datapipeline/.env/lib/python3.8/site-packages/airflow/example_dags/example_task_group_decorator.py took 0.063 seconds
[2022-07-31 22:21:21,704] {processor.py:153} INFO - Started process (PID=7083) to work on /home/renan/datapipeline/.env/lib/python3.8/site-packages/airflow/example_dags/example_task_group_decorator.py
[2022-07-31 22:21:21,704] {processor.py:641} INFO - Processing file /home/renan/datapipeline/.env/lib/python3.8/site-packages/airflow/example_dags/example_task_group_decorator.py for tasks to queue
[2022-07-31 22:21:21,705] {logging_mixin.py:115} INFO - [2022-07-31 22:21:21,705] {dagbag.py:508} INFO - Filling up the DagBag from /home/renan/datapipeline/.env/lib/python3.8/site-packages/airflow/example_dags/example_task_group_decorator.py
[2022-07-31 22:21:21,721] {processor.py:651} INFO - DAG(s) dict_keys(['example_task_group_decorator']) retrieved from /home/renan/datapipeline/.env/lib/python3.8/site-packages/airflow/example_dags/example_task_group_decorator.py
[2022-07-31 22:21:21,730] {logging_mixin.py:115} INFO - [2022-07-31 22:21:21,730] {dag.py:2420} INFO - Sync 1 DAGs
[2022-07-31 22:21:21,740] {logging_mixin.py:115} INFO - [2022-07-31 22:21:21,740] {dag.py:2968} INFO - Setting next_dagrun for example_task_group_decorator to 2022-07-31T01:21:21.740209+00:00, run_after=2022-08-01T01:21:21.740209+00:00
[2022-07-31 22:21:21,749] {processor.py:161} INFO - Processing /home/renan/datapipeline/.env/lib/python3.8/site-packages/airflow/example_dags/example_task_group_decorator.py took 0.046 seconds
[2022-07-31 22:21:55,644] {processor.py:153} INFO - Started process (PID=7137) to work on /home/renan/datapipeline/.env/lib/python3.8/site-packages/airflow/example_dags/example_task_group_decorator.py
[2022-07-31 22:21:55,644] {processor.py:641} INFO - Processing file /home/renan/datapipeline/.env/lib/python3.8/site-packages/airflow/example_dags/example_task_group_decorator.py for tasks to queue
[2022-07-31 22:21:55,645] {logging_mixin.py:115} INFO - [2022-07-31 22:21:55,645] {dagbag.py:508} INFO - Filling up the DagBag from /home/renan/datapipeline/.env/lib/python3.8/site-packages/airflow/example_dags/example_task_group_decorator.py
[2022-07-31 22:21:55,661] {processor.py:651} INFO - DAG(s) dict_keys(['example_task_group_decorator']) retrieved from /home/renan/datapipeline/.env/lib/python3.8/site-packages/airflow/example_dags/example_task_group_decorator.py
[2022-07-31 22:21:55,671] {logging_mixin.py:115} INFO - [2022-07-31 22:21:55,671] {dag.py:2420} INFO - Sync 1 DAGs
[2022-07-31 22:21:55,680] {logging_mixin.py:115} INFO - [2022-07-31 22:21:55,680] {dag.py:2968} INFO - Setting next_dagrun for example_task_group_decorator to 2022-07-31T01:21:55.680303+00:00, run_after=2022-08-01T01:21:55.680303+00:00
[2022-07-31 22:21:55,690] {processor.py:161} INFO - Processing /home/renan/datapipeline/.env/lib/python3.8/site-packages/airflow/example_dags/example_task_group_decorator.py took 0.048 seconds
[2022-07-31 22:22:28,876] {processor.py:153} INFO - Started process (PID=7190) to work on /home/renan/datapipeline/.env/lib/python3.8/site-packages/airflow/example_dags/example_task_group_decorator.py
[2022-07-31 22:22:28,877] {processor.py:641} INFO - Processing file /home/renan/datapipeline/.env/lib/python3.8/site-packages/airflow/example_dags/example_task_group_decorator.py for tasks to queue
[2022-07-31 22:22:28,877] {logging_mixin.py:115} INFO - [2022-07-31 22:22:28,877] {dagbag.py:508} INFO - Filling up the DagBag from /home/renan/datapipeline/.env/lib/python3.8/site-packages/airflow/example_dags/example_task_group_decorator.py
[2022-07-31 22:22:28,893] {processor.py:651} INFO - DAG(s) dict_keys(['example_task_group_decorator']) retrieved from /home/renan/datapipeline/.env/lib/python3.8/site-packages/airflow/example_dags/example_task_group_decorator.py
[2022-07-31 22:22:28,904] {logging_mixin.py:115} INFO - [2022-07-31 22:22:28,904] {dag.py:2420} INFO - Sync 1 DAGs
[2022-07-31 22:22:28,913] {logging_mixin.py:115} INFO - [2022-07-31 22:22:28,913] {dag.py:2968} INFO - Setting next_dagrun for example_task_group_decorator to 2022-07-31T01:22:28.913440+00:00, run_after=2022-08-01T01:22:28.913440+00:00
[2022-07-31 22:22:28,922] {processor.py:161} INFO - Processing /home/renan/datapipeline/.env/lib/python3.8/site-packages/airflow/example_dags/example_task_group_decorator.py took 0.048 seconds
[2022-07-31 22:23:02,390] {processor.py:153} INFO - Started process (PID=7230) to work on /home/renan/datapipeline/.env/lib/python3.8/site-packages/airflow/example_dags/example_task_group_decorator.py
[2022-07-31 22:23:02,391] {processor.py:641} INFO - Processing file /home/renan/datapipeline/.env/lib/python3.8/site-packages/airflow/example_dags/example_task_group_decorator.py for tasks to queue
[2022-07-31 22:23:02,391] {logging_mixin.py:115} INFO - [2022-07-31 22:23:02,391] {dagbag.py:508} INFO - Filling up the DagBag from /home/renan/datapipeline/.env/lib/python3.8/site-packages/airflow/example_dags/example_task_group_decorator.py
[2022-07-31 22:23:02,408] {processor.py:651} INFO - DAG(s) dict_keys(['example_task_group_decorator']) retrieved from /home/renan/datapipeline/.env/lib/python3.8/site-packages/airflow/example_dags/example_task_group_decorator.py
[2022-07-31 22:23:02,418] {logging_mixin.py:115} INFO - [2022-07-31 22:23:02,418] {dag.py:2420} INFO - Sync 1 DAGs
[2022-07-31 22:23:02,428] {logging_mixin.py:115} INFO - [2022-07-31 22:23:02,428] {dag.py:2968} INFO - Setting next_dagrun for example_task_group_decorator to 2022-07-31T01:23:02.427808+00:00, run_after=2022-08-01T01:23:02.427808+00:00
[2022-07-31 22:23:02,438] {processor.py:161} INFO - Processing /home/renan/datapipeline/.env/lib/python3.8/site-packages/airflow/example_dags/example_task_group_decorator.py took 0.049 seconds
[2022-07-31 22:23:37,188] {processor.py:153} INFO - Started process (PID=7271) to work on /home/renan/datapipeline/.env/lib/python3.8/site-packages/airflow/example_dags/example_task_group_decorator.py
[2022-07-31 22:23:37,189] {processor.py:641} INFO - Processing file /home/renan/datapipeline/.env/lib/python3.8/site-packages/airflow/example_dags/example_task_group_decorator.py for tasks to queue
[2022-07-31 22:23:37,189] {logging_mixin.py:115} INFO - [2022-07-31 22:23:37,189] {dagbag.py:508} INFO - Filling up the DagBag from /home/renan/datapipeline/.env/lib/python3.8/site-packages/airflow/example_dags/example_task_group_decorator.py
[2022-07-31 22:23:37,206] {processor.py:651} INFO - DAG(s) dict_keys(['example_task_group_decorator']) retrieved from /home/renan/datapipeline/.env/lib/python3.8/site-packages/airflow/example_dags/example_task_group_decorator.py
[2022-07-31 22:23:37,216] {logging_mixin.py:115} INFO - [2022-07-31 22:23:37,216] {dag.py:2420} INFO - Sync 1 DAGs
[2022-07-31 22:23:37,227] {logging_mixin.py:115} INFO - [2022-07-31 22:23:37,227] {dag.py:2968} INFO - Setting next_dagrun for example_task_group_decorator to 2022-07-31T01:23:37.227255+00:00, run_after=2022-08-01T01:23:37.227255+00:00
[2022-07-31 22:23:37,237] {processor.py:161} INFO - Processing /home/renan/datapipeline/.env/lib/python3.8/site-packages/airflow/example_dags/example_task_group_decorator.py took 0.051 seconds
[2022-07-31 22:24:08,976] {processor.py:153} INFO - Started process (PID=7310) to work on /home/renan/datapipeline/.env/lib/python3.8/site-packages/airflow/example_dags/example_task_group_decorator.py
[2022-07-31 22:24:08,977] {processor.py:641} INFO - Processing file /home/renan/datapipeline/.env/lib/python3.8/site-packages/airflow/example_dags/example_task_group_decorator.py for tasks to queue
[2022-07-31 22:24:08,977] {logging_mixin.py:115} INFO - [2022-07-31 22:24:08,977] {dagbag.py:508} INFO - Filling up the DagBag from /home/renan/datapipeline/.env/lib/python3.8/site-packages/airflow/example_dags/example_task_group_decorator.py
[2022-07-31 22:24:08,994] {processor.py:651} INFO - DAG(s) dict_keys(['example_task_group_decorator']) retrieved from /home/renan/datapipeline/.env/lib/python3.8/site-packages/airflow/example_dags/example_task_group_decorator.py
[2022-07-31 22:24:09,003] {logging_mixin.py:115} INFO - [2022-07-31 22:24:09,003] {dag.py:2420} INFO - Sync 1 DAGs
[2022-07-31 22:24:09,013] {logging_mixin.py:115} INFO - [2022-07-31 22:24:09,013] {dag.py:2968} INFO - Setting next_dagrun for example_task_group_decorator to 2022-07-31T01:24:09.012798+00:00, run_after=2022-08-01T01:24:09.012798+00:00
[2022-07-31 22:24:09,020] {processor.py:161} INFO - Processing /home/renan/datapipeline/.env/lib/python3.8/site-packages/airflow/example_dags/example_task_group_decorator.py took 0.046 seconds
[2022-07-31 22:24:45,011] {processor.py:153} INFO - Started process (PID=7435) to work on /home/renan/datapipeline/.env/lib/python3.8/site-packages/airflow/example_dags/example_task_group_decorator.py
[2022-07-31 22:24:45,011] {processor.py:641} INFO - Processing file /home/renan/datapipeline/.env/lib/python3.8/site-packages/airflow/example_dags/example_task_group_decorator.py for tasks to queue
[2022-07-31 22:24:45,011] {logging_mixin.py:115} INFO - [2022-07-31 22:24:45,011] {dagbag.py:508} INFO - Filling up the DagBag from /home/renan/datapipeline/.env/lib/python3.8/site-packages/airflow/example_dags/example_task_group_decorator.py
[2022-07-31 22:24:45,028] {processor.py:651} INFO - DAG(s) dict_keys(['example_task_group_decorator']) retrieved from /home/renan/datapipeline/.env/lib/python3.8/site-packages/airflow/example_dags/example_task_group_decorator.py
[2022-07-31 22:24:45,037] {logging_mixin.py:115} INFO - [2022-07-31 22:24:45,037] {dag.py:2420} INFO - Sync 1 DAGs
[2022-07-31 22:24:45,047] {logging_mixin.py:115} INFO - [2022-07-31 22:24:45,047] {dag.py:2968} INFO - Setting next_dagrun for example_task_group_decorator to 2022-07-31T01:24:45.047226+00:00, run_after=2022-08-01T01:24:45.047226+00:00
[2022-07-31 22:24:45,057] {processor.py:161} INFO - Processing /home/renan/datapipeline/.env/lib/python3.8/site-packages/airflow/example_dags/example_task_group_decorator.py took 0.048 seconds
[2022-07-31 22:25:15,822] {processor.py:153} INFO - Started process (PID=7516) to work on /home/renan/datapipeline/.env/lib/python3.8/site-packages/airflow/example_dags/example_task_group_decorator.py
[2022-07-31 22:25:15,822] {processor.py:641} INFO - Processing file /home/renan/datapipeline/.env/lib/python3.8/site-packages/airflow/example_dags/example_task_group_decorator.py for tasks to queue
[2022-07-31 22:25:15,822] {logging_mixin.py:115} INFO - [2022-07-31 22:25:15,822] {dagbag.py:508} INFO - Filling up the DagBag from /home/renan/datapipeline/.env/lib/python3.8/site-packages/airflow/example_dags/example_task_group_decorator.py
[2022-07-31 22:25:15,839] {processor.py:651} INFO - DAG(s) dict_keys(['example_task_group_decorator']) retrieved from /home/renan/datapipeline/.env/lib/python3.8/site-packages/airflow/example_dags/example_task_group_decorator.py
[2022-07-31 22:25:15,848] {logging_mixin.py:115} INFO - [2022-07-31 22:25:15,848] {dag.py:2420} INFO - Sync 1 DAGs
[2022-07-31 22:25:15,858] {logging_mixin.py:115} INFO - [2022-07-31 22:25:15,858] {dag.py:2968} INFO - Setting next_dagrun for example_task_group_decorator to 2022-07-31T01:25:15.857892+00:00, run_after=2022-08-01T01:25:15.857892+00:00
[2022-07-31 22:25:15,868] {processor.py:161} INFO - Processing /home/renan/datapipeline/.env/lib/python3.8/site-packages/airflow/example_dags/example_task_group_decorator.py took 0.047 seconds
[2022-07-31 22:25:48,883] {processor.py:153} INFO - Started process (PID=7551) to work on /home/renan/datapipeline/.env/lib/python3.8/site-packages/airflow/example_dags/example_task_group_decorator.py
[2022-07-31 22:25:48,883] {processor.py:641} INFO - Processing file /home/renan/datapipeline/.env/lib/python3.8/site-packages/airflow/example_dags/example_task_group_decorator.py for tasks to queue
[2022-07-31 22:25:48,884] {logging_mixin.py:115} INFO - [2022-07-31 22:25:48,884] {dagbag.py:508} INFO - Filling up the DagBag from /home/renan/datapipeline/.env/lib/python3.8/site-packages/airflow/example_dags/example_task_group_decorator.py
[2022-07-31 22:25:48,900] {processor.py:651} INFO - DAG(s) dict_keys(['example_task_group_decorator']) retrieved from /home/renan/datapipeline/.env/lib/python3.8/site-packages/airflow/example_dags/example_task_group_decorator.py
[2022-07-31 22:25:48,924] {logging_mixin.py:115} INFO - [2022-07-31 22:25:48,924] {dag.py:2420} INFO - Sync 1 DAGs
[2022-07-31 22:25:48,932] {logging_mixin.py:115} INFO - [2022-07-31 22:25:48,932] {dag.py:2968} INFO - Setting next_dagrun for example_task_group_decorator to 2022-07-31T01:25:48.932740+00:00, run_after=2022-08-01T01:25:48.932740+00:00
[2022-07-31 22:25:48,943] {processor.py:161} INFO - Processing /home/renan/datapipeline/.env/lib/python3.8/site-packages/airflow/example_dags/example_task_group_decorator.py took 0.062 seconds
[2022-07-31 22:26:21,741] {processor.py:153} INFO - Started process (PID=7600) to work on /home/renan/datapipeline/.env/lib/python3.8/site-packages/airflow/example_dags/example_task_group_decorator.py
[2022-07-31 22:26:21,741] {processor.py:641} INFO - Processing file /home/renan/datapipeline/.env/lib/python3.8/site-packages/airflow/example_dags/example_task_group_decorator.py for tasks to queue
[2022-07-31 22:26:21,742] {logging_mixin.py:115} INFO - [2022-07-31 22:26:21,741] {dagbag.py:508} INFO - Filling up the DagBag from /home/renan/datapipeline/.env/lib/python3.8/site-packages/airflow/example_dags/example_task_group_decorator.py
[2022-07-31 22:26:21,757] {processor.py:651} INFO - DAG(s) dict_keys(['example_task_group_decorator']) retrieved from /home/renan/datapipeline/.env/lib/python3.8/site-packages/airflow/example_dags/example_task_group_decorator.py
[2022-07-31 22:26:21,767] {logging_mixin.py:115} INFO - [2022-07-31 22:26:21,767] {dag.py:2420} INFO - Sync 1 DAGs
[2022-07-31 22:26:21,777] {logging_mixin.py:115} INFO - [2022-07-31 22:26:21,777] {dag.py:2968} INFO - Setting next_dagrun for example_task_group_decorator to 2022-07-31T01:26:21.777442+00:00, run_after=2022-08-01T01:26:21.777442+00:00
[2022-07-31 22:26:21,786] {processor.py:161} INFO - Processing /home/renan/datapipeline/.env/lib/python3.8/site-packages/airflow/example_dags/example_task_group_decorator.py took 0.047 seconds
