[2022-07-31 21:13:18,003] {processor.py:153} INFO - Started process (PID=5011) to work on /home/renan/datapipeline/.env/lib/python3.8/site-packages/airflow/example_dags/example_latest_only_with_trigger.py
[2022-07-31 21:13:18,003] {processor.py:641} INFO - Processing file /home/renan/datapipeline/.env/lib/python3.8/site-packages/airflow/example_dags/example_latest_only_with_trigger.py for tasks to queue
[2022-07-31 21:13:18,003] {logging_mixin.py:115} INFO - [2022-07-31 21:13:18,003] {dagbag.py:508} INFO - Filling up the DagBag from /home/renan/datapipeline/.env/lib/python3.8/site-packages/airflow/example_dags/example_latest_only_with_trigger.py
[2022-07-31 21:13:18,007] {processor.py:651} INFO - DAG(s) dict_keys(['latest_only_with_trigger']) retrieved from /home/renan/datapipeline/.env/lib/python3.8/site-packages/airflow/example_dags/example_latest_only_with_trigger.py
[2022-07-31 21:13:18,017] {logging_mixin.py:115} INFO - [2022-07-31 21:13:18,017] {dag.py:2420} INFO - Sync 1 DAGs
[2022-07-31 21:13:18,026] {logging_mixin.py:115} INFO - [2022-07-31 21:13:18,026] {dag.py:2968} INFO - Setting next_dagrun for latest_only_with_trigger to 2022-07-31T20:13:18.026490+00:00, run_after=2022-08-01T00:13:18.026490+00:00
[2022-07-31 21:13:18,035] {processor.py:161} INFO - Processing /home/renan/datapipeline/.env/lib/python3.8/site-packages/airflow/example_dags/example_latest_only_with_trigger.py took 0.034 seconds
[2022-07-31 21:13:58,028] {processor.py:153} INFO - Started process (PID=5058) to work on /home/renan/datapipeline/.env/lib/python3.8/site-packages/airflow/example_dags/example_latest_only_with_trigger.py
[2022-07-31 21:13:58,029] {processor.py:641} INFO - Processing file /home/renan/datapipeline/.env/lib/python3.8/site-packages/airflow/example_dags/example_latest_only_with_trigger.py for tasks to queue
[2022-07-31 21:13:58,029] {logging_mixin.py:115} INFO - [2022-07-31 21:13:58,029] {dagbag.py:508} INFO - Filling up the DagBag from /home/renan/datapipeline/.env/lib/python3.8/site-packages/airflow/example_dags/example_latest_only_with_trigger.py
[2022-07-31 21:13:58,032] {processor.py:651} INFO - DAG(s) dict_keys(['latest_only_with_trigger']) retrieved from /home/renan/datapipeline/.env/lib/python3.8/site-packages/airflow/example_dags/example_latest_only_with_trigger.py
[2022-07-31 21:13:58,043] {logging_mixin.py:115} INFO - [2022-07-31 21:13:58,043] {dag.py:2420} INFO - Sync 1 DAGs
[2022-07-31 21:13:58,052] {logging_mixin.py:115} INFO - [2022-07-31 21:13:58,052] {dag.py:2968} INFO - Setting next_dagrun for latest_only_with_trigger to 2022-07-31T20:13:58.052422+00:00, run_after=2022-08-01T00:13:58.052422+00:00
[2022-07-31 21:13:58,061] {processor.py:161} INFO - Processing /home/renan/datapipeline/.env/lib/python3.8/site-packages/airflow/example_dags/example_latest_only_with_trigger.py took 0.035 seconds
[2022-07-31 21:14:30,944] {processor.py:153} INFO - Started process (PID=5113) to work on /home/renan/datapipeline/.env/lib/python3.8/site-packages/airflow/example_dags/example_latest_only_with_trigger.py
[2022-07-31 21:14:30,945] {processor.py:641} INFO - Processing file /home/renan/datapipeline/.env/lib/python3.8/site-packages/airflow/example_dags/example_latest_only_with_trigger.py for tasks to queue
[2022-07-31 21:14:30,945] {logging_mixin.py:115} INFO - [2022-07-31 21:14:30,945] {dagbag.py:508} INFO - Filling up the DagBag from /home/renan/datapipeline/.env/lib/python3.8/site-packages/airflow/example_dags/example_latest_only_with_trigger.py
[2022-07-31 21:14:30,948] {processor.py:651} INFO - DAG(s) dict_keys(['latest_only_with_trigger']) retrieved from /home/renan/datapipeline/.env/lib/python3.8/site-packages/airflow/example_dags/example_latest_only_with_trigger.py
[2022-07-31 21:14:30,959] {logging_mixin.py:115} INFO - [2022-07-31 21:14:30,959] {dag.py:2420} INFO - Sync 1 DAGs
[2022-07-31 21:14:30,968] {logging_mixin.py:115} INFO - [2022-07-31 21:14:30,968] {dag.py:2968} INFO - Setting next_dagrun for latest_only_with_trigger to 2022-07-31T20:14:30.968649+00:00, run_after=2022-08-01T00:14:30.968649+00:00
[2022-07-31 21:14:30,978] {processor.py:161} INFO - Processing /home/renan/datapipeline/.env/lib/python3.8/site-packages/airflow/example_dags/example_latest_only_with_trigger.py took 0.035 seconds
[2022-07-31 21:15:06,878] {processor.py:153} INFO - Started process (PID=5164) to work on /home/renan/datapipeline/.env/lib/python3.8/site-packages/airflow/example_dags/example_latest_only_with_trigger.py
[2022-07-31 21:15:06,879] {processor.py:641} INFO - Processing file /home/renan/datapipeline/.env/lib/python3.8/site-packages/airflow/example_dags/example_latest_only_with_trigger.py for tasks to queue
[2022-07-31 21:15:06,879] {logging_mixin.py:115} INFO - [2022-07-31 21:15:06,879] {dagbag.py:508} INFO - Filling up the DagBag from /home/renan/datapipeline/.env/lib/python3.8/site-packages/airflow/example_dags/example_latest_only_with_trigger.py
[2022-07-31 21:15:06,882] {processor.py:651} INFO - DAG(s) dict_keys(['latest_only_with_trigger']) retrieved from /home/renan/datapipeline/.env/lib/python3.8/site-packages/airflow/example_dags/example_latest_only_with_trigger.py
[2022-07-31 21:15:06,893] {logging_mixin.py:115} INFO - [2022-07-31 21:15:06,893] {dag.py:2420} INFO - Sync 1 DAGs
[2022-07-31 21:15:06,902] {logging_mixin.py:115} INFO - [2022-07-31 21:15:06,902] {dag.py:2968} INFO - Setting next_dagrun for latest_only_with_trigger to 2022-07-31T20:15:06.902431+00:00, run_after=2022-08-01T00:15:06.902431+00:00
[2022-07-31 21:15:06,910] {processor.py:161} INFO - Processing /home/renan/datapipeline/.env/lib/python3.8/site-packages/airflow/example_dags/example_latest_only_with_trigger.py took 0.034 seconds
[2022-07-31 21:15:47,814] {processor.py:153} INFO - Started process (PID=5221) to work on /home/renan/datapipeline/.env/lib/python3.8/site-packages/airflow/example_dags/example_latest_only_with_trigger.py
[2022-07-31 21:15:47,814] {processor.py:641} INFO - Processing file /home/renan/datapipeline/.env/lib/python3.8/site-packages/airflow/example_dags/example_latest_only_with_trigger.py for tasks to queue
[2022-07-31 21:15:47,815] {logging_mixin.py:115} INFO - [2022-07-31 21:15:47,814] {dagbag.py:508} INFO - Filling up the DagBag from /home/renan/datapipeline/.env/lib/python3.8/site-packages/airflow/example_dags/example_latest_only_with_trigger.py
[2022-07-31 21:15:47,818] {processor.py:651} INFO - DAG(s) dict_keys(['latest_only_with_trigger']) retrieved from /home/renan/datapipeline/.env/lib/python3.8/site-packages/airflow/example_dags/example_latest_only_with_trigger.py
[2022-07-31 21:15:47,829] {logging_mixin.py:115} INFO - [2022-07-31 21:15:47,829] {dag.py:2420} INFO - Sync 1 DAGs
[2022-07-31 21:15:47,838] {logging_mixin.py:115} INFO - [2022-07-31 21:15:47,838] {dag.py:2968} INFO - Setting next_dagrun for latest_only_with_trigger to 2022-07-31T20:15:47.838078+00:00, run_after=2022-08-01T00:15:47.838078+00:00
[2022-07-31 21:15:47,846] {processor.py:161} INFO - Processing /home/renan/datapipeline/.env/lib/python3.8/site-packages/airflow/example_dags/example_latest_only_with_trigger.py took 0.034 seconds
[2022-07-31 21:16:19,807] {processor.py:153} INFO - Started process (PID=5262) to work on /home/renan/datapipeline/.env/lib/python3.8/site-packages/airflow/example_dags/example_latest_only_with_trigger.py
[2022-07-31 21:16:19,807] {processor.py:641} INFO - Processing file /home/renan/datapipeline/.env/lib/python3.8/site-packages/airflow/example_dags/example_latest_only_with_trigger.py for tasks to queue
[2022-07-31 21:16:19,808] {logging_mixin.py:115} INFO - [2022-07-31 21:16:19,808] {dagbag.py:508} INFO - Filling up the DagBag from /home/renan/datapipeline/.env/lib/python3.8/site-packages/airflow/example_dags/example_latest_only_with_trigger.py
[2022-07-31 21:16:19,811] {processor.py:651} INFO - DAG(s) dict_keys(['latest_only_with_trigger']) retrieved from /home/renan/datapipeline/.env/lib/python3.8/site-packages/airflow/example_dags/example_latest_only_with_trigger.py
[2022-07-31 21:16:19,822] {logging_mixin.py:115} INFO - [2022-07-31 21:16:19,822] {dag.py:2420} INFO - Sync 1 DAGs
[2022-07-31 21:16:19,831] {logging_mixin.py:115} INFO - [2022-07-31 21:16:19,831] {dag.py:2968} INFO - Setting next_dagrun for latest_only_with_trigger to 2022-07-31T20:16:19.831748+00:00, run_after=2022-08-01T00:16:19.831748+00:00
[2022-07-31 21:16:19,841] {processor.py:161} INFO - Processing /home/renan/datapipeline/.env/lib/python3.8/site-packages/airflow/example_dags/example_latest_only_with_trigger.py took 0.035 seconds
[2022-07-31 21:16:55,653] {processor.py:153} INFO - Started process (PID=5305) to work on /home/renan/datapipeline/.env/lib/python3.8/site-packages/airflow/example_dags/example_latest_only_with_trigger.py
[2022-07-31 21:16:55,653] {processor.py:641} INFO - Processing file /home/renan/datapipeline/.env/lib/python3.8/site-packages/airflow/example_dags/example_latest_only_with_trigger.py for tasks to queue
[2022-07-31 21:16:55,653] {logging_mixin.py:115} INFO - [2022-07-31 21:16:55,653] {dagbag.py:508} INFO - Filling up the DagBag from /home/renan/datapipeline/.env/lib/python3.8/site-packages/airflow/example_dags/example_latest_only_with_trigger.py
[2022-07-31 21:16:55,657] {processor.py:651} INFO - DAG(s) dict_keys(['latest_only_with_trigger']) retrieved from /home/renan/datapipeline/.env/lib/python3.8/site-packages/airflow/example_dags/example_latest_only_with_trigger.py
[2022-07-31 21:16:55,667] {logging_mixin.py:115} INFO - [2022-07-31 21:16:55,667] {dag.py:2420} INFO - Sync 1 DAGs
[2022-07-31 21:16:55,677] {logging_mixin.py:115} INFO - [2022-07-31 21:16:55,676] {dag.py:2968} INFO - Setting next_dagrun for latest_only_with_trigger to 2022-07-31T20:16:55.676820+00:00, run_after=2022-08-01T00:16:55.676820+00:00
[2022-07-31 21:16:55,685] {processor.py:161} INFO - Processing /home/renan/datapipeline/.env/lib/python3.8/site-packages/airflow/example_dags/example_latest_only_with_trigger.py took 0.034 seconds
[2022-07-31 21:17:30,344] {processor.py:153} INFO - Started process (PID=5356) to work on /home/renan/datapipeline/.env/lib/python3.8/site-packages/airflow/example_dags/example_latest_only_with_trigger.py
[2022-07-31 21:17:30,344] {processor.py:641} INFO - Processing file /home/renan/datapipeline/.env/lib/python3.8/site-packages/airflow/example_dags/example_latest_only_with_trigger.py for tasks to queue
[2022-07-31 21:17:30,344] {logging_mixin.py:115} INFO - [2022-07-31 21:17:30,344] {dagbag.py:508} INFO - Filling up the DagBag from /home/renan/datapipeline/.env/lib/python3.8/site-packages/airflow/example_dags/example_latest_only_with_trigger.py
[2022-07-31 21:17:30,348] {processor.py:651} INFO - DAG(s) dict_keys(['latest_only_with_trigger']) retrieved from /home/renan/datapipeline/.env/lib/python3.8/site-packages/airflow/example_dags/example_latest_only_with_trigger.py
[2022-07-31 21:17:30,363] {logging_mixin.py:115} INFO - [2022-07-31 21:17:30,362] {dag.py:2420} INFO - Sync 1 DAGs
[2022-07-31 21:17:30,374] {logging_mixin.py:115} INFO - [2022-07-31 21:17:30,373] {dag.py:2968} INFO - Setting next_dagrun for latest_only_with_trigger to 2022-07-31T20:17:30.373773+00:00, run_after=2022-08-01T00:17:30.373773+00:00
[2022-07-31 21:17:30,385] {processor.py:161} INFO - Processing /home/renan/datapipeline/.env/lib/python3.8/site-packages/airflow/example_dags/example_latest_only_with_trigger.py took 0.043 seconds
[2022-07-31 22:21:07,194] {processor.py:153} INFO - Started process (PID=7054) to work on /home/renan/datapipeline/.env/lib/python3.8/site-packages/airflow/example_dags/example_latest_only_with_trigger.py
[2022-07-31 22:21:07,194] {processor.py:641} INFO - Processing file /home/renan/datapipeline/.env/lib/python3.8/site-packages/airflow/example_dags/example_latest_only_with_trigger.py for tasks to queue
[2022-07-31 22:21:07,194] {logging_mixin.py:115} INFO - [2022-07-31 22:21:07,194] {dagbag.py:508} INFO - Filling up the DagBag from /home/renan/datapipeline/.env/lib/python3.8/site-packages/airflow/example_dags/example_latest_only_with_trigger.py
[2022-07-31 22:21:07,198] {processor.py:651} INFO - DAG(s) dict_keys(['latest_only_with_trigger']) retrieved from /home/renan/datapipeline/.env/lib/python3.8/site-packages/airflow/example_dags/example_latest_only_with_trigger.py
[2022-07-31 22:21:07,209] {logging_mixin.py:115} INFO - [2022-07-31 22:21:07,209] {dag.py:2420} INFO - Sync 1 DAGs
[2022-07-31 22:21:07,218] {logging_mixin.py:115} INFO - [2022-07-31 22:21:07,218] {dag.py:2968} INFO - Setting next_dagrun for latest_only_with_trigger to 2022-07-31T21:21:07.218604+00:00, run_after=2022-08-01T01:21:07.218604+00:00
[2022-07-31 22:21:07,227] {processor.py:161} INFO - Processing /home/renan/datapipeline/.env/lib/python3.8/site-packages/airflow/example_dags/example_latest_only_with_trigger.py took 0.035 seconds
[2022-07-31 22:21:47,232] {processor.py:153} INFO - Started process (PID=7120) to work on /home/renan/datapipeline/.env/lib/python3.8/site-packages/airflow/example_dags/example_latest_only_with_trigger.py
[2022-07-31 22:21:47,233] {processor.py:641} INFO - Processing file /home/renan/datapipeline/.env/lib/python3.8/site-packages/airflow/example_dags/example_latest_only_with_trigger.py for tasks to queue
[2022-07-31 22:21:47,233] {logging_mixin.py:115} INFO - [2022-07-31 22:21:47,233] {dagbag.py:508} INFO - Filling up the DagBag from /home/renan/datapipeline/.env/lib/python3.8/site-packages/airflow/example_dags/example_latest_only_with_trigger.py
[2022-07-31 22:21:47,236] {processor.py:651} INFO - DAG(s) dict_keys(['latest_only_with_trigger']) retrieved from /home/renan/datapipeline/.env/lib/python3.8/site-packages/airflow/example_dags/example_latest_only_with_trigger.py
[2022-07-31 22:21:47,247] {logging_mixin.py:115} INFO - [2022-07-31 22:21:47,247] {dag.py:2420} INFO - Sync 1 DAGs
[2022-07-31 22:21:47,256] {logging_mixin.py:115} INFO - [2022-07-31 22:21:47,256] {dag.py:2968} INFO - Setting next_dagrun for latest_only_with_trigger to 2022-07-31T21:21:47.256661+00:00, run_after=2022-08-01T01:21:47.256661+00:00
[2022-07-31 22:21:47,265] {processor.py:161} INFO - Processing /home/renan/datapipeline/.env/lib/python3.8/site-packages/airflow/example_dags/example_latest_only_with_trigger.py took 0.034 seconds
[2022-07-31 22:22:20,165] {processor.py:153} INFO - Started process (PID=7181) to work on /home/renan/datapipeline/.env/lib/python3.8/site-packages/airflow/example_dags/example_latest_only_with_trigger.py
[2022-07-31 22:22:20,165] {processor.py:641} INFO - Processing file /home/renan/datapipeline/.env/lib/python3.8/site-packages/airflow/example_dags/example_latest_only_with_trigger.py for tasks to queue
[2022-07-31 22:22:20,165] {logging_mixin.py:115} INFO - [2022-07-31 22:22:20,165] {dagbag.py:508} INFO - Filling up the DagBag from /home/renan/datapipeline/.env/lib/python3.8/site-packages/airflow/example_dags/example_latest_only_with_trigger.py
[2022-07-31 22:22:20,169] {processor.py:651} INFO - DAG(s) dict_keys(['latest_only_with_trigger']) retrieved from /home/renan/datapipeline/.env/lib/python3.8/site-packages/airflow/example_dags/example_latest_only_with_trigger.py
[2022-07-31 22:22:20,181] {logging_mixin.py:115} INFO - [2022-07-31 22:22:20,181] {dag.py:2420} INFO - Sync 1 DAGs
[2022-07-31 22:22:20,191] {logging_mixin.py:115} INFO - [2022-07-31 22:22:20,191] {dag.py:2968} INFO - Setting next_dagrun for latest_only_with_trigger to 2022-07-31T21:22:20.191396+00:00, run_after=2022-08-01T01:22:20.191396+00:00
[2022-07-31 22:22:20,200] {processor.py:161} INFO - Processing /home/renan/datapipeline/.env/lib/python3.8/site-packages/airflow/example_dags/example_latest_only_with_trigger.py took 0.037 seconds
[2022-07-31 22:22:56,126] {processor.py:153} INFO - Started process (PID=7222) to work on /home/renan/datapipeline/.env/lib/python3.8/site-packages/airflow/example_dags/example_latest_only_with_trigger.py
[2022-07-31 22:22:56,126] {processor.py:641} INFO - Processing file /home/renan/datapipeline/.env/lib/python3.8/site-packages/airflow/example_dags/example_latest_only_with_trigger.py for tasks to queue
[2022-07-31 22:22:56,127] {logging_mixin.py:115} INFO - [2022-07-31 22:22:56,127] {dagbag.py:508} INFO - Filling up the DagBag from /home/renan/datapipeline/.env/lib/python3.8/site-packages/airflow/example_dags/example_latest_only_with_trigger.py
[2022-07-31 22:22:56,130] {processor.py:651} INFO - DAG(s) dict_keys(['latest_only_with_trigger']) retrieved from /home/renan/datapipeline/.env/lib/python3.8/site-packages/airflow/example_dags/example_latest_only_with_trigger.py
[2022-07-31 22:22:56,144] {logging_mixin.py:115} INFO - [2022-07-31 22:22:56,144] {dag.py:2420} INFO - Sync 1 DAGs
[2022-07-31 22:22:56,157] {logging_mixin.py:115} INFO - [2022-07-31 22:22:56,157] {dag.py:2968} INFO - Setting next_dagrun for latest_only_with_trigger to 2022-07-31T21:22:56.157255+00:00, run_after=2022-08-01T01:22:56.157255+00:00
[2022-07-31 22:22:56,168] {processor.py:161} INFO - Processing /home/renan/datapipeline/.env/lib/python3.8/site-packages/airflow/example_dags/example_latest_only_with_trigger.py took 0.044 seconds
[2022-07-31 22:23:35,432] {processor.py:153} INFO - Started process (PID=7268) to work on /home/renan/datapipeline/.env/lib/python3.8/site-packages/airflow/example_dags/example_latest_only_with_trigger.py
[2022-07-31 22:23:35,432] {processor.py:641} INFO - Processing file /home/renan/datapipeline/.env/lib/python3.8/site-packages/airflow/example_dags/example_latest_only_with_trigger.py for tasks to queue
[2022-07-31 22:23:35,433] {logging_mixin.py:115} INFO - [2022-07-31 22:23:35,433] {dagbag.py:508} INFO - Filling up the DagBag from /home/renan/datapipeline/.env/lib/python3.8/site-packages/airflow/example_dags/example_latest_only_with_trigger.py
[2022-07-31 22:23:35,437] {processor.py:651} INFO - DAG(s) dict_keys(['latest_only_with_trigger']) retrieved from /home/renan/datapipeline/.env/lib/python3.8/site-packages/airflow/example_dags/example_latest_only_with_trigger.py
[2022-07-31 22:23:35,454] {logging_mixin.py:115} INFO - [2022-07-31 22:23:35,454] {dag.py:2420} INFO - Sync 1 DAGs
[2022-07-31 22:23:35,467] {logging_mixin.py:115} INFO - [2022-07-31 22:23:35,466] {dag.py:2968} INFO - Setting next_dagrun for latest_only_with_trigger to 2022-07-31T21:23:35.466735+00:00, run_after=2022-08-01T01:23:35.466735+00:00
[2022-07-31 22:23:35,477] {processor.py:161} INFO - Processing /home/renan/datapipeline/.env/lib/python3.8/site-packages/airflow/example_dags/example_latest_only_with_trigger.py took 0.047 seconds
[2022-07-31 22:24:11,232] {processor.py:153} INFO - Started process (PID=7332) to work on /home/renan/datapipeline/.env/lib/python3.8/site-packages/airflow/example_dags/example_latest_only_with_trigger.py
[2022-07-31 22:24:11,238] {processor.py:641} INFO - Processing file /home/renan/datapipeline/.env/lib/python3.8/site-packages/airflow/example_dags/example_latest_only_with_trigger.py for tasks to queue
[2022-07-31 22:24:11,239] {logging_mixin.py:115} INFO - [2022-07-31 22:24:11,238] {dagbag.py:508} INFO - Filling up the DagBag from /home/renan/datapipeline/.env/lib/python3.8/site-packages/airflow/example_dags/example_latest_only_with_trigger.py
[2022-07-31 22:24:11,242] {processor.py:651} INFO - DAG(s) dict_keys(['latest_only_with_trigger']) retrieved from /home/renan/datapipeline/.env/lib/python3.8/site-packages/airflow/example_dags/example_latest_only_with_trigger.py
[2022-07-31 22:24:11,259] {logging_mixin.py:115} INFO - [2022-07-31 22:24:11,259] {dag.py:2420} INFO - Sync 1 DAGs
[2022-07-31 22:24:11,272] {logging_mixin.py:115} INFO - [2022-07-31 22:24:11,272] {dag.py:2968} INFO - Setting next_dagrun for latest_only_with_trigger to 2022-07-31T21:24:11.271869+00:00, run_after=2022-08-01T01:24:11.271869+00:00
[2022-07-31 22:24:11,285] {processor.py:161} INFO - Processing /home/renan/datapipeline/.env/lib/python3.8/site-packages/airflow/example_dags/example_latest_only_with_trigger.py took 0.055 seconds
[2022-07-31 22:24:49,489] {processor.py:153} INFO - Started process (PID=7440) to work on /home/renan/datapipeline/.env/lib/python3.8/site-packages/airflow/example_dags/example_latest_only_with_trigger.py
[2022-07-31 22:24:49,489] {processor.py:641} INFO - Processing file /home/renan/datapipeline/.env/lib/python3.8/site-packages/airflow/example_dags/example_latest_only_with_trigger.py for tasks to queue
[2022-07-31 22:24:49,490] {logging_mixin.py:115} INFO - [2022-07-31 22:24:49,490] {dagbag.py:508} INFO - Filling up the DagBag from /home/renan/datapipeline/.env/lib/python3.8/site-packages/airflow/example_dags/example_latest_only_with_trigger.py
[2022-07-31 22:24:49,493] {processor.py:651} INFO - DAG(s) dict_keys(['latest_only_with_trigger']) retrieved from /home/renan/datapipeline/.env/lib/python3.8/site-packages/airflow/example_dags/example_latest_only_with_trigger.py
[2022-07-31 22:24:49,504] {logging_mixin.py:115} INFO - [2022-07-31 22:24:49,504] {dag.py:2420} INFO - Sync 1 DAGs
[2022-07-31 22:24:49,514] {logging_mixin.py:115} INFO - [2022-07-31 22:24:49,514] {dag.py:2968} INFO - Setting next_dagrun for latest_only_with_trigger to 2022-07-31T21:24:49.514160+00:00, run_after=2022-08-01T01:24:49.514160+00:00
[2022-07-31 22:24:49,523] {processor.py:161} INFO - Processing /home/renan/datapipeline/.env/lib/python3.8/site-packages/airflow/example_dags/example_latest_only_with_trigger.py took 0.036 seconds
[2022-07-31 22:25:23,226] {processor.py:153} INFO - Started process (PID=7524) to work on /home/renan/datapipeline/.env/lib/python3.8/site-packages/airflow/example_dags/example_latest_only_with_trigger.py
[2022-07-31 22:25:23,227] {processor.py:641} INFO - Processing file /home/renan/datapipeline/.env/lib/python3.8/site-packages/airflow/example_dags/example_latest_only_with_trigger.py for tasks to queue
[2022-07-31 22:25:23,227] {logging_mixin.py:115} INFO - [2022-07-31 22:25:23,227] {dagbag.py:508} INFO - Filling up the DagBag from /home/renan/datapipeline/.env/lib/python3.8/site-packages/airflow/example_dags/example_latest_only_with_trigger.py
[2022-07-31 22:25:23,231] {processor.py:651} INFO - DAG(s) dict_keys(['latest_only_with_trigger']) retrieved from /home/renan/datapipeline/.env/lib/python3.8/site-packages/airflow/example_dags/example_latest_only_with_trigger.py
[2022-07-31 22:25:23,243] {logging_mixin.py:115} INFO - [2022-07-31 22:25:23,243] {dag.py:2420} INFO - Sync 1 DAGs
[2022-07-31 22:25:23,253] {logging_mixin.py:115} INFO - [2022-07-31 22:25:23,253] {dag.py:2968} INFO - Setting next_dagrun for latest_only_with_trigger to 2022-07-31T21:25:23.253657+00:00, run_after=2022-08-01T01:25:23.253657+00:00
[2022-07-31 22:25:23,263] {processor.py:161} INFO - Processing /home/renan/datapipeline/.env/lib/python3.8/site-packages/airflow/example_dags/example_latest_only_with_trigger.py took 0.039 seconds
[2022-07-31 22:25:55,774] {processor.py:153} INFO - Started process (PID=7563) to work on /home/renan/datapipeline/.env/lib/python3.8/site-packages/airflow/example_dags/example_latest_only_with_trigger.py
[2022-07-31 22:25:55,775] {processor.py:641} INFO - Processing file /home/renan/datapipeline/.env/lib/python3.8/site-packages/airflow/example_dags/example_latest_only_with_trigger.py for tasks to queue
[2022-07-31 22:25:55,776] {logging_mixin.py:115} INFO - [2022-07-31 22:25:55,776] {dagbag.py:508} INFO - Filling up the DagBag from /home/renan/datapipeline/.env/lib/python3.8/site-packages/airflow/example_dags/example_latest_only_with_trigger.py
[2022-07-31 22:25:55,779] {processor.py:651} INFO - DAG(s) dict_keys(['latest_only_with_trigger']) retrieved from /home/renan/datapipeline/.env/lib/python3.8/site-packages/airflow/example_dags/example_latest_only_with_trigger.py
[2022-07-31 22:25:55,789] {logging_mixin.py:115} INFO - [2022-07-31 22:25:55,789] {dag.py:2420} INFO - Sync 1 DAGs
[2022-07-31 22:25:55,799] {logging_mixin.py:115} INFO - [2022-07-31 22:25:55,799] {dag.py:2968} INFO - Setting next_dagrun for latest_only_with_trigger to 2022-07-31T21:25:55.798921+00:00, run_after=2022-08-01T01:25:55.798921+00:00
[2022-07-31 22:25:55,807] {processor.py:161} INFO - Processing /home/renan/datapipeline/.env/lib/python3.8/site-packages/airflow/example_dags/example_latest_only_with_trigger.py took 0.035 seconds
