[2022-07-31 21:13:14,003] {processor.py:153} INFO - Started process (PID=5004) to work on /home/renan/datapipeline/.env/lib/python3.8/site-packages/airflow/example_dags/example_dag_decorator.py
[2022-07-31 21:13:14,004] {processor.py:641} INFO - Processing file /home/renan/datapipeline/.env/lib/python3.8/site-packages/airflow/example_dags/example_dag_decorator.py for tasks to queue
[2022-07-31 21:13:14,004] {logging_mixin.py:115} INFO - [2022-07-31 21:13:14,004] {dagbag.py:508} INFO - Filling up the DagBag from /home/renan/datapipeline/.env/lib/python3.8/site-packages/airflow/example_dags/example_dag_decorator.py
[2022-07-31 21:13:14,019] {processor.py:651} INFO - DAG(s) dict_keys(['example_dag_decorator']) retrieved from /home/renan/datapipeline/.env/lib/python3.8/site-packages/airflow/example_dags/example_dag_decorator.py
[2022-07-31 21:13:14,042] {logging_mixin.py:115} INFO - [2022-07-31 21:13:14,042] {dag.py:2420} INFO - Sync 1 DAGs
[2022-07-31 21:13:14,050] {logging_mixin.py:115} INFO - [2022-07-31 21:13:14,050] {dag.py:2968} INFO - Setting next_dagrun for example_dag_decorator to None, run_after=None
[2022-07-31 21:13:14,061] {processor.py:161} INFO - Processing /home/renan/datapipeline/.env/lib/python3.8/site-packages/airflow/example_dags/example_dag_decorator.py took 0.060 seconds
[2022-07-31 21:13:47,901] {processor.py:153} INFO - Started process (PID=5048) to work on /home/renan/datapipeline/.env/lib/python3.8/site-packages/airflow/example_dags/example_dag_decorator.py
[2022-07-31 21:13:47,901] {processor.py:641} INFO - Processing file /home/renan/datapipeline/.env/lib/python3.8/site-packages/airflow/example_dags/example_dag_decorator.py for tasks to queue
[2022-07-31 21:13:47,902] {logging_mixin.py:115} INFO - [2022-07-31 21:13:47,902] {dagbag.py:508} INFO - Filling up the DagBag from /home/renan/datapipeline/.env/lib/python3.8/site-packages/airflow/example_dags/example_dag_decorator.py
[2022-07-31 21:13:47,916] {processor.py:651} INFO - DAG(s) dict_keys(['example_dag_decorator']) retrieved from /home/renan/datapipeline/.env/lib/python3.8/site-packages/airflow/example_dags/example_dag_decorator.py
[2022-07-31 21:13:47,939] {logging_mixin.py:115} INFO - [2022-07-31 21:13:47,939] {dag.py:2420} INFO - Sync 1 DAGs
[2022-07-31 21:13:47,947] {logging_mixin.py:115} INFO - [2022-07-31 21:13:47,947] {dag.py:2968} INFO - Setting next_dagrun for example_dag_decorator to None, run_after=None
[2022-07-31 21:13:47,956] {processor.py:161} INFO - Processing /home/renan/datapipeline/.env/lib/python3.8/site-packages/airflow/example_dags/example_dag_decorator.py took 0.057 seconds
[2022-07-31 21:14:21,806] {processor.py:153} INFO - Started process (PID=5100) to work on /home/renan/datapipeline/.env/lib/python3.8/site-packages/airflow/example_dags/example_dag_decorator.py
[2022-07-31 21:14:21,807] {processor.py:641} INFO - Processing file /home/renan/datapipeline/.env/lib/python3.8/site-packages/airflow/example_dags/example_dag_decorator.py for tasks to queue
[2022-07-31 21:14:21,808] {logging_mixin.py:115} INFO - [2022-07-31 21:14:21,808] {dagbag.py:508} INFO - Filling up the DagBag from /home/renan/datapipeline/.env/lib/python3.8/site-packages/airflow/example_dags/example_dag_decorator.py
[2022-07-31 21:14:21,827] {processor.py:651} INFO - DAG(s) dict_keys(['example_dag_decorator']) retrieved from /home/renan/datapipeline/.env/lib/python3.8/site-packages/airflow/example_dags/example_dag_decorator.py
[2022-07-31 21:14:21,839] {logging_mixin.py:115} INFO - [2022-07-31 21:14:21,839] {dag.py:2420} INFO - Sync 1 DAGs
[2022-07-31 21:14:21,854] {logging_mixin.py:115} INFO - [2022-07-31 21:14:21,854] {dag.py:2968} INFO - Setting next_dagrun for example_dag_decorator to None, run_after=None
[2022-07-31 21:14:21,867] {processor.py:161} INFO - Processing /home/renan/datapipeline/.env/lib/python3.8/site-packages/airflow/example_dags/example_dag_decorator.py took 0.063 seconds
[2022-07-31 21:14:54,858] {processor.py:153} INFO - Started process (PID=5140) to work on /home/renan/datapipeline/.env/lib/python3.8/site-packages/airflow/example_dags/example_dag_decorator.py
[2022-07-31 21:14:54,859] {processor.py:641} INFO - Processing file /home/renan/datapipeline/.env/lib/python3.8/site-packages/airflow/example_dags/example_dag_decorator.py for tasks to queue
[2022-07-31 21:14:54,859] {logging_mixin.py:115} INFO - [2022-07-31 21:14:54,859] {dagbag.py:508} INFO - Filling up the DagBag from /home/renan/datapipeline/.env/lib/python3.8/site-packages/airflow/example_dags/example_dag_decorator.py
[2022-07-31 21:14:54,873] {processor.py:651} INFO - DAG(s) dict_keys(['example_dag_decorator']) retrieved from /home/renan/datapipeline/.env/lib/python3.8/site-packages/airflow/example_dags/example_dag_decorator.py
[2022-07-31 21:14:54,882] {logging_mixin.py:115} INFO - [2022-07-31 21:14:54,882] {dag.py:2420} INFO - Sync 1 DAGs
[2022-07-31 21:14:54,891] {logging_mixin.py:115} INFO - [2022-07-31 21:14:54,891] {dag.py:2968} INFO - Setting next_dagrun for example_dag_decorator to None, run_after=None
[2022-07-31 21:14:54,899] {processor.py:161} INFO - Processing /home/renan/datapipeline/.env/lib/python3.8/site-packages/airflow/example_dags/example_dag_decorator.py took 0.042 seconds
[2022-07-31 21:15:29,167] {processor.py:153} INFO - Started process (PID=5196) to work on /home/renan/datapipeline/.env/lib/python3.8/site-packages/airflow/example_dags/example_dag_decorator.py
[2022-07-31 21:15:29,168] {processor.py:641} INFO - Processing file /home/renan/datapipeline/.env/lib/python3.8/site-packages/airflow/example_dags/example_dag_decorator.py for tasks to queue
[2022-07-31 21:15:29,168] {logging_mixin.py:115} INFO - [2022-07-31 21:15:29,168] {dagbag.py:508} INFO - Filling up the DagBag from /home/renan/datapipeline/.env/lib/python3.8/site-packages/airflow/example_dags/example_dag_decorator.py
[2022-07-31 21:15:29,182] {processor.py:651} INFO - DAG(s) dict_keys(['example_dag_decorator']) retrieved from /home/renan/datapipeline/.env/lib/python3.8/site-packages/airflow/example_dags/example_dag_decorator.py
[2022-07-31 21:15:29,190] {logging_mixin.py:115} INFO - [2022-07-31 21:15:29,190] {dag.py:2420} INFO - Sync 1 DAGs
[2022-07-31 21:15:29,199] {logging_mixin.py:115} INFO - [2022-07-31 21:15:29,199] {dag.py:2968} INFO - Setting next_dagrun for example_dag_decorator to None, run_after=None
[2022-07-31 21:15:29,207] {processor.py:161} INFO - Processing /home/renan/datapipeline/.env/lib/python3.8/site-packages/airflow/example_dags/example_dag_decorator.py took 0.042 seconds
[2022-07-31 21:16:04,779] {processor.py:153} INFO - Started process (PID=5244) to work on /home/renan/datapipeline/.env/lib/python3.8/site-packages/airflow/example_dags/example_dag_decorator.py
[2022-07-31 21:16:04,779] {processor.py:641} INFO - Processing file /home/renan/datapipeline/.env/lib/python3.8/site-packages/airflow/example_dags/example_dag_decorator.py for tasks to queue
[2022-07-31 21:16:04,780] {logging_mixin.py:115} INFO - [2022-07-31 21:16:04,780] {dagbag.py:508} INFO - Filling up the DagBag from /home/renan/datapipeline/.env/lib/python3.8/site-packages/airflow/example_dags/example_dag_decorator.py
[2022-07-31 21:16:04,794] {processor.py:651} INFO - DAG(s) dict_keys(['example_dag_decorator']) retrieved from /home/renan/datapipeline/.env/lib/python3.8/site-packages/airflow/example_dags/example_dag_decorator.py
[2022-07-31 21:16:04,802] {logging_mixin.py:115} INFO - [2022-07-31 21:16:04,802] {dag.py:2420} INFO - Sync 1 DAGs
[2022-07-31 21:16:04,811] {logging_mixin.py:115} INFO - [2022-07-31 21:16:04,811] {dag.py:2968} INFO - Setting next_dagrun for example_dag_decorator to None, run_after=None
[2022-07-31 21:16:04,820] {processor.py:161} INFO - Processing /home/renan/datapipeline/.env/lib/python3.8/site-packages/airflow/example_dags/example_dag_decorator.py took 0.042 seconds
[2022-07-31 21:16:37,997] {processor.py:153} INFO - Started process (PID=5280) to work on /home/renan/datapipeline/.env/lib/python3.8/site-packages/airflow/example_dags/example_dag_decorator.py
[2022-07-31 21:16:37,998] {processor.py:641} INFO - Processing file /home/renan/datapipeline/.env/lib/python3.8/site-packages/airflow/example_dags/example_dag_decorator.py for tasks to queue
[2022-07-31 21:16:37,998] {logging_mixin.py:115} INFO - [2022-07-31 21:16:37,998] {dagbag.py:508} INFO - Filling up the DagBag from /home/renan/datapipeline/.env/lib/python3.8/site-packages/airflow/example_dags/example_dag_decorator.py
[2022-07-31 21:16:38,013] {processor.py:651} INFO - DAG(s) dict_keys(['example_dag_decorator']) retrieved from /home/renan/datapipeline/.env/lib/python3.8/site-packages/airflow/example_dags/example_dag_decorator.py
[2022-07-31 21:16:38,021] {logging_mixin.py:115} INFO - [2022-07-31 21:16:38,021] {dag.py:2420} INFO - Sync 1 DAGs
[2022-07-31 21:16:38,030] {logging_mixin.py:115} INFO - [2022-07-31 21:16:38,030] {dag.py:2968} INFO - Setting next_dagrun for example_dag_decorator to None, run_after=None
[2022-07-31 21:16:38,038] {processor.py:161} INFO - Processing /home/renan/datapipeline/.env/lib/python3.8/site-packages/airflow/example_dags/example_dag_decorator.py took 0.042 seconds
[2022-07-31 21:17:13,801] {processor.py:153} INFO - Started process (PID=5335) to work on /home/renan/datapipeline/.env/lib/python3.8/site-packages/airflow/example_dags/example_dag_decorator.py
[2022-07-31 21:17:13,801] {processor.py:641} INFO - Processing file /home/renan/datapipeline/.env/lib/python3.8/site-packages/airflow/example_dags/example_dag_decorator.py for tasks to queue
[2022-07-31 21:17:13,801] {logging_mixin.py:115} INFO - [2022-07-31 21:17:13,801] {dagbag.py:508} INFO - Filling up the DagBag from /home/renan/datapipeline/.env/lib/python3.8/site-packages/airflow/example_dags/example_dag_decorator.py
[2022-07-31 21:17:13,816] {processor.py:651} INFO - DAG(s) dict_keys(['example_dag_decorator']) retrieved from /home/renan/datapipeline/.env/lib/python3.8/site-packages/airflow/example_dags/example_dag_decorator.py
[2022-07-31 21:17:13,824] {logging_mixin.py:115} INFO - [2022-07-31 21:17:13,824] {dag.py:2420} INFO - Sync 1 DAGs
[2022-07-31 21:17:13,833] {logging_mixin.py:115} INFO - [2022-07-31 21:17:13,833] {dag.py:2968} INFO - Setting next_dagrun for example_dag_decorator to None, run_after=None
[2022-07-31 21:17:13,841] {processor.py:161} INFO - Processing /home/renan/datapipeline/.env/lib/python3.8/site-packages/airflow/example_dags/example_dag_decorator.py took 0.042 seconds
[2022-07-31 21:17:48,478] {processor.py:153} INFO - Started process (PID=5376) to work on /home/renan/datapipeline/.env/lib/python3.8/site-packages/airflow/example_dags/example_dag_decorator.py
[2022-07-31 21:17:48,479] {processor.py:641} INFO - Processing file /home/renan/datapipeline/.env/lib/python3.8/site-packages/airflow/example_dags/example_dag_decorator.py for tasks to queue
[2022-07-31 21:17:48,479] {logging_mixin.py:115} INFO - [2022-07-31 21:17:48,479] {dagbag.py:508} INFO - Filling up the DagBag from /home/renan/datapipeline/.env/lib/python3.8/site-packages/airflow/example_dags/example_dag_decorator.py
[2022-07-31 21:17:48,493] {processor.py:651} INFO - DAG(s) dict_keys(['example_dag_decorator']) retrieved from /home/renan/datapipeline/.env/lib/python3.8/site-packages/airflow/example_dags/example_dag_decorator.py
[2022-07-31 21:17:48,515] {logging_mixin.py:115} INFO - [2022-07-31 21:17:48,515] {dag.py:2420} INFO - Sync 1 DAGs
[2022-07-31 21:17:48,523] {logging_mixin.py:115} INFO - [2022-07-31 21:17:48,523] {dag.py:2968} INFO - Setting next_dagrun for example_dag_decorator to None, run_after=None
[2022-07-31 21:17:48,532] {processor.py:161} INFO - Processing /home/renan/datapipeline/.env/lib/python3.8/site-packages/airflow/example_dags/example_dag_decorator.py took 0.056 seconds
[2022-07-31 22:21:03,193] {processor.py:153} INFO - Started process (PID=7049) to work on /home/renan/datapipeline/.env/lib/python3.8/site-packages/airflow/example_dags/example_dag_decorator.py
[2022-07-31 22:21:03,194] {processor.py:641} INFO - Processing file /home/renan/datapipeline/.env/lib/python3.8/site-packages/airflow/example_dags/example_dag_decorator.py for tasks to queue
[2022-07-31 22:21:03,194] {logging_mixin.py:115} INFO - [2022-07-31 22:21:03,194] {dagbag.py:508} INFO - Filling up the DagBag from /home/renan/datapipeline/.env/lib/python3.8/site-packages/airflow/example_dags/example_dag_decorator.py
[2022-07-31 22:21:03,208] {processor.py:651} INFO - DAG(s) dict_keys(['example_dag_decorator']) retrieved from /home/renan/datapipeline/.env/lib/python3.8/site-packages/airflow/example_dags/example_dag_decorator.py
[2022-07-31 22:21:03,232] {logging_mixin.py:115} INFO - [2022-07-31 22:21:03,231] {dag.py:2420} INFO - Sync 1 DAGs
[2022-07-31 22:21:03,239] {logging_mixin.py:115} INFO - [2022-07-31 22:21:03,239] {dag.py:2968} INFO - Setting next_dagrun for example_dag_decorator to None, run_after=None
[2022-07-31 22:21:03,250] {processor.py:161} INFO - Processing /home/renan/datapipeline/.env/lib/python3.8/site-packages/airflow/example_dags/example_dag_decorator.py took 0.058 seconds
[2022-07-31 22:21:37,102] {processor.py:153} INFO - Started process (PID=7108) to work on /home/renan/datapipeline/.env/lib/python3.8/site-packages/airflow/example_dags/example_dag_decorator.py
[2022-07-31 22:21:37,103] {processor.py:641} INFO - Processing file /home/renan/datapipeline/.env/lib/python3.8/site-packages/airflow/example_dags/example_dag_decorator.py for tasks to queue
[2022-07-31 22:21:37,103] {logging_mixin.py:115} INFO - [2022-07-31 22:21:37,103] {dagbag.py:508} INFO - Filling up the DagBag from /home/renan/datapipeline/.env/lib/python3.8/site-packages/airflow/example_dags/example_dag_decorator.py
[2022-07-31 22:21:37,117] {processor.py:651} INFO - DAG(s) dict_keys(['example_dag_decorator']) retrieved from /home/renan/datapipeline/.env/lib/python3.8/site-packages/airflow/example_dags/example_dag_decorator.py
[2022-07-31 22:21:37,139] {logging_mixin.py:115} INFO - [2022-07-31 22:21:37,139] {dag.py:2420} INFO - Sync 1 DAGs
[2022-07-31 22:21:37,147] {logging_mixin.py:115} INFO - [2022-07-31 22:21:37,147] {dag.py:2968} INFO - Setting next_dagrun for example_dag_decorator to None, run_after=None
[2022-07-31 22:21:37,156] {processor.py:161} INFO - Processing /home/renan/datapipeline/.env/lib/python3.8/site-packages/airflow/example_dags/example_dag_decorator.py took 0.055 seconds
[2022-07-31 22:22:11,017] {processor.py:153} INFO - Started process (PID=7155) to work on /home/renan/datapipeline/.env/lib/python3.8/site-packages/airflow/example_dags/example_dag_decorator.py
[2022-07-31 22:22:11,017] {processor.py:641} INFO - Processing file /home/renan/datapipeline/.env/lib/python3.8/site-packages/airflow/example_dags/example_dag_decorator.py for tasks to queue
[2022-07-31 22:22:11,017] {logging_mixin.py:115} INFO - [2022-07-31 22:22:11,017] {dagbag.py:508} INFO - Filling up the DagBag from /home/renan/datapipeline/.env/lib/python3.8/site-packages/airflow/example_dags/example_dag_decorator.py
[2022-07-31 22:22:11,032] {processor.py:651} INFO - DAG(s) dict_keys(['example_dag_decorator']) retrieved from /home/renan/datapipeline/.env/lib/python3.8/site-packages/airflow/example_dags/example_dag_decorator.py
[2022-07-31 22:22:11,041] {logging_mixin.py:115} INFO - [2022-07-31 22:22:11,041] {dag.py:2420} INFO - Sync 1 DAGs
[2022-07-31 22:22:11,049] {logging_mixin.py:115} INFO - [2022-07-31 22:22:11,049] {dag.py:2968} INFO - Setting next_dagrun for example_dag_decorator to None, run_after=None
[2022-07-31 22:22:11,058] {processor.py:161} INFO - Processing /home/renan/datapipeline/.env/lib/python3.8/site-packages/airflow/example_dags/example_dag_decorator.py took 0.043 seconds
[2022-07-31 22:22:44,097] {processor.py:153} INFO - Started process (PID=7207) to work on /home/renan/datapipeline/.env/lib/python3.8/site-packages/airflow/example_dags/example_dag_decorator.py
[2022-07-31 22:22:44,097] {processor.py:641} INFO - Processing file /home/renan/datapipeline/.env/lib/python3.8/site-packages/airflow/example_dags/example_dag_decorator.py for tasks to queue
[2022-07-31 22:22:44,098] {logging_mixin.py:115} INFO - [2022-07-31 22:22:44,097] {dagbag.py:508} INFO - Filling up the DagBag from /home/renan/datapipeline/.env/lib/python3.8/site-packages/airflow/example_dags/example_dag_decorator.py
[2022-07-31 22:22:44,124] {processor.py:651} INFO - DAG(s) dict_keys(['example_dag_decorator']) retrieved from /home/renan/datapipeline/.env/lib/python3.8/site-packages/airflow/example_dags/example_dag_decorator.py
[2022-07-31 22:22:44,143] {logging_mixin.py:115} INFO - [2022-07-31 22:22:44,143] {dag.py:2420} INFO - Sync 1 DAGs
[2022-07-31 22:22:44,160] {logging_mixin.py:115} INFO - [2022-07-31 22:22:44,160] {dag.py:2968} INFO - Setting next_dagrun for example_dag_decorator to None, run_after=None
[2022-07-31 22:22:44,174] {processor.py:161} INFO - Processing /home/renan/datapipeline/.env/lib/python3.8/site-packages/airflow/example_dags/example_dag_decorator.py took 0.081 seconds
[2022-07-31 22:23:18,389] {processor.py:153} INFO - Started process (PID=7251) to work on /home/renan/datapipeline/.env/lib/python3.8/site-packages/airflow/example_dags/example_dag_decorator.py
[2022-07-31 22:23:18,390] {processor.py:641} INFO - Processing file /home/renan/datapipeline/.env/lib/python3.8/site-packages/airflow/example_dags/example_dag_decorator.py for tasks to queue
[2022-07-31 22:23:18,390] {logging_mixin.py:115} INFO - [2022-07-31 22:23:18,390] {dagbag.py:508} INFO - Filling up the DagBag from /home/renan/datapipeline/.env/lib/python3.8/site-packages/airflow/example_dags/example_dag_decorator.py
[2022-07-31 22:23:18,415] {processor.py:651} INFO - DAG(s) dict_keys(['example_dag_decorator']) retrieved from /home/renan/datapipeline/.env/lib/python3.8/site-packages/airflow/example_dags/example_dag_decorator.py
[2022-07-31 22:23:18,425] {logging_mixin.py:115} INFO - [2022-07-31 22:23:18,425] {dag.py:2420} INFO - Sync 1 DAGs
[2022-07-31 22:23:18,435] {logging_mixin.py:115} INFO - [2022-07-31 22:23:18,435] {dag.py:2968} INFO - Setting next_dagrun for example_dag_decorator to None, run_after=None
[2022-07-31 22:23:18,449] {processor.py:161} INFO - Processing /home/renan/datapipeline/.env/lib/python3.8/site-packages/airflow/example_dags/example_dag_decorator.py took 0.061 seconds
[2022-07-31 22:23:51,453] {processor.py:153} INFO - Started process (PID=7291) to work on /home/renan/datapipeline/.env/lib/python3.8/site-packages/airflow/example_dags/example_dag_decorator.py
[2022-07-31 22:23:51,454] {processor.py:641} INFO - Processing file /home/renan/datapipeline/.env/lib/python3.8/site-packages/airflow/example_dags/example_dag_decorator.py for tasks to queue
[2022-07-31 22:23:51,454] {logging_mixin.py:115} INFO - [2022-07-31 22:23:51,454] {dagbag.py:508} INFO - Filling up the DagBag from /home/renan/datapipeline/.env/lib/python3.8/site-packages/airflow/example_dags/example_dag_decorator.py
[2022-07-31 22:23:51,469] {processor.py:651} INFO - DAG(s) dict_keys(['example_dag_decorator']) retrieved from /home/renan/datapipeline/.env/lib/python3.8/site-packages/airflow/example_dags/example_dag_decorator.py
[2022-07-31 22:23:51,477] {logging_mixin.py:115} INFO - [2022-07-31 22:23:51,477] {dag.py:2420} INFO - Sync 1 DAGs
[2022-07-31 22:23:51,486] {logging_mixin.py:115} INFO - [2022-07-31 22:23:51,486] {dag.py:2968} INFO - Setting next_dagrun for example_dag_decorator to None, run_after=None
[2022-07-31 22:23:51,495] {processor.py:161} INFO - Processing /home/renan/datapipeline/.env/lib/python3.8/site-packages/airflow/example_dags/example_dag_decorator.py took 0.044 seconds
[2022-07-31 22:24:30,360] {processor.py:153} INFO - Started process (PID=7413) to work on /home/renan/datapipeline/.env/lib/python3.8/site-packages/airflow/example_dags/example_dag_decorator.py
[2022-07-31 22:24:30,360] {processor.py:641} INFO - Processing file /home/renan/datapipeline/.env/lib/python3.8/site-packages/airflow/example_dags/example_dag_decorator.py for tasks to queue
[2022-07-31 22:24:30,360] {logging_mixin.py:115} INFO - [2022-07-31 22:24:30,360] {dagbag.py:508} INFO - Filling up the DagBag from /home/renan/datapipeline/.env/lib/python3.8/site-packages/airflow/example_dags/example_dag_decorator.py
[2022-07-31 22:24:30,376] {processor.py:651} INFO - DAG(s) dict_keys(['example_dag_decorator']) retrieved from /home/renan/datapipeline/.env/lib/python3.8/site-packages/airflow/example_dags/example_dag_decorator.py
[2022-07-31 22:24:30,384] {logging_mixin.py:115} INFO - [2022-07-31 22:24:30,384] {dag.py:2420} INFO - Sync 1 DAGs
[2022-07-31 22:24:30,393] {logging_mixin.py:115} INFO - [2022-07-31 22:24:30,393] {dag.py:2968} INFO - Setting next_dagrun for example_dag_decorator to None, run_after=None
[2022-07-31 22:24:30,401] {processor.py:161} INFO - Processing /home/renan/datapipeline/.env/lib/python3.8/site-packages/airflow/example_dags/example_dag_decorator.py took 0.043 seconds
[2022-07-31 22:25:04,422] {processor.py:153} INFO - Started process (PID=7500) to work on /home/renan/datapipeline/.env/lib/python3.8/site-packages/airflow/example_dags/example_dag_decorator.py
[2022-07-31 22:25:04,423] {processor.py:641} INFO - Processing file /home/renan/datapipeline/.env/lib/python3.8/site-packages/airflow/example_dags/example_dag_decorator.py for tasks to queue
[2022-07-31 22:25:04,423] {logging_mixin.py:115} INFO - [2022-07-31 22:25:04,423] {dagbag.py:508} INFO - Filling up the DagBag from /home/renan/datapipeline/.env/lib/python3.8/site-packages/airflow/example_dags/example_dag_decorator.py
[2022-07-31 22:25:04,438] {processor.py:651} INFO - DAG(s) dict_keys(['example_dag_decorator']) retrieved from /home/renan/datapipeline/.env/lib/python3.8/site-packages/airflow/example_dags/example_dag_decorator.py
[2022-07-31 22:25:04,446] {logging_mixin.py:115} INFO - [2022-07-31 22:25:04,446] {dag.py:2420} INFO - Sync 1 DAGs
[2022-07-31 22:25:04,455] {logging_mixin.py:115} INFO - [2022-07-31 22:25:04,455] {dag.py:2968} INFO - Setting next_dagrun for example_dag_decorator to None, run_after=None
[2022-07-31 22:25:04,464] {processor.py:161} INFO - Processing /home/renan/datapipeline/.env/lib/python3.8/site-packages/airflow/example_dags/example_dag_decorator.py took 0.043 seconds
[2022-07-31 22:25:38,696] {processor.py:153} INFO - Started process (PID=7541) to work on /home/renan/datapipeline/.env/lib/python3.8/site-packages/airflow/example_dags/example_dag_decorator.py
[2022-07-31 22:25:38,697] {processor.py:641} INFO - Processing file /home/renan/datapipeline/.env/lib/python3.8/site-packages/airflow/example_dags/example_dag_decorator.py for tasks to queue
[2022-07-31 22:25:38,697] {logging_mixin.py:115} INFO - [2022-07-31 22:25:38,697] {dagbag.py:508} INFO - Filling up the DagBag from /home/renan/datapipeline/.env/lib/python3.8/site-packages/airflow/example_dags/example_dag_decorator.py
[2022-07-31 22:25:38,711] {processor.py:651} INFO - DAG(s) dict_keys(['example_dag_decorator']) retrieved from /home/renan/datapipeline/.env/lib/python3.8/site-packages/airflow/example_dags/example_dag_decorator.py
[2022-07-31 22:25:38,734] {logging_mixin.py:115} INFO - [2022-07-31 22:25:38,734] {dag.py:2420} INFO - Sync 1 DAGs
[2022-07-31 22:25:38,742] {logging_mixin.py:115} INFO - [2022-07-31 22:25:38,741] {dag.py:2968} INFO - Setting next_dagrun for example_dag_decorator to None, run_after=None
[2022-07-31 22:25:38,752] {processor.py:161} INFO - Processing /home/renan/datapipeline/.env/lib/python3.8/site-packages/airflow/example_dags/example_dag_decorator.py took 0.057 seconds
[2022-07-31 22:26:12,737] {processor.py:153} INFO - Started process (PID=7588) to work on /home/renan/datapipeline/.env/lib/python3.8/site-packages/airflow/example_dags/example_dag_decorator.py
[2022-07-31 22:26:12,738] {processor.py:641} INFO - Processing file /home/renan/datapipeline/.env/lib/python3.8/site-packages/airflow/example_dags/example_dag_decorator.py for tasks to queue
[2022-07-31 22:26:12,738] {logging_mixin.py:115} INFO - [2022-07-31 22:26:12,738] {dagbag.py:508} INFO - Filling up the DagBag from /home/renan/datapipeline/.env/lib/python3.8/site-packages/airflow/example_dags/example_dag_decorator.py
[2022-07-31 22:26:12,753] {processor.py:651} INFO - DAG(s) dict_keys(['example_dag_decorator']) retrieved from /home/renan/datapipeline/.env/lib/python3.8/site-packages/airflow/example_dags/example_dag_decorator.py
[2022-07-31 22:26:12,761] {logging_mixin.py:115} INFO - [2022-07-31 22:26:12,761] {dag.py:2420} INFO - Sync 1 DAGs
[2022-07-31 22:26:12,770] {logging_mixin.py:115} INFO - [2022-07-31 22:26:12,770] {dag.py:2968} INFO - Setting next_dagrun for example_dag_decorator to None, run_after=None
[2022-07-31 22:26:12,779] {processor.py:161} INFO - Processing /home/renan/datapipeline/.env/lib/python3.8/site-packages/airflow/example_dags/example_dag_decorator.py took 0.043 seconds
