[2022-07-31 21:13:09,996] {processor.py:153} INFO - Started process (PID=4997) to work on /home/renan/datapipeline/.env/lib/python3.8/site-packages/airflow/example_dags/example_branch_labels.py
[2022-07-31 21:13:09,996] {processor.py:641} INFO - Processing file /home/renan/datapipeline/.env/lib/python3.8/site-packages/airflow/example_dags/example_branch_labels.py for tasks to queue
[2022-07-31 21:13:09,996] {logging_mixin.py:115} INFO - [2022-07-31 21:13:09,996] {dagbag.py:508} INFO - Filling up the DagBag from /home/renan/datapipeline/.env/lib/python3.8/site-packages/airflow/example_dags/example_branch_labels.py
[2022-07-31 21:13:10,001] {processor.py:651} INFO - DAG(s) dict_keys(['example_branch_labels']) retrieved from /home/renan/datapipeline/.env/lib/python3.8/site-packages/airflow/example_dags/example_branch_labels.py
[2022-07-31 21:13:10,009] {logging_mixin.py:115} INFO - [2022-07-31 21:13:10,009] {dag.py:2420} INFO - Sync 1 DAGs
[2022-07-31 21:13:10,021] {logging_mixin.py:115} INFO - [2022-07-31 21:13:10,020] {dag.py:2968} INFO - Setting next_dagrun for example_branch_labels to 2022-07-31T00:00:00+00:00, run_after=2022-08-01T00:00:00+00:00
[2022-07-31 21:13:10,028] {processor.py:161} INFO - Processing /home/renan/datapipeline/.env/lib/python3.8/site-packages/airflow/example_dags/example_branch_labels.py took 0.034 seconds
[2022-07-31 21:13:44,800] {processor.py:153} INFO - Started process (PID=5044) to work on /home/renan/datapipeline/.env/lib/python3.8/site-packages/airflow/example_dags/example_branch_labels.py
[2022-07-31 21:13:44,800] {processor.py:641} INFO - Processing file /home/renan/datapipeline/.env/lib/python3.8/site-packages/airflow/example_dags/example_branch_labels.py for tasks to queue
[2022-07-31 21:13:44,800] {logging_mixin.py:115} INFO - [2022-07-31 21:13:44,800] {dagbag.py:508} INFO - Filling up the DagBag from /home/renan/datapipeline/.env/lib/python3.8/site-packages/airflow/example_dags/example_branch_labels.py
[2022-07-31 21:13:44,804] {processor.py:651} INFO - DAG(s) dict_keys(['example_branch_labels']) retrieved from /home/renan/datapipeline/.env/lib/python3.8/site-packages/airflow/example_dags/example_branch_labels.py
[2022-07-31 21:13:44,814] {logging_mixin.py:115} INFO - [2022-07-31 21:13:44,814] {dag.py:2420} INFO - Sync 1 DAGs
[2022-07-31 21:13:44,825] {logging_mixin.py:115} INFO - [2022-07-31 21:13:44,825] {dag.py:2968} INFO - Setting next_dagrun for example_branch_labels to 2022-07-31T00:00:00+00:00, run_after=2022-08-01T00:00:00+00:00
[2022-07-31 21:13:44,833] {processor.py:161} INFO - Processing /home/renan/datapipeline/.env/lib/python3.8/site-packages/airflow/example_dags/example_branch_labels.py took 0.035 seconds
[2022-07-31 21:14:18,282] {processor.py:153} INFO - Started process (PID=5096) to work on /home/renan/datapipeline/.env/lib/python3.8/site-packages/airflow/example_dags/example_branch_labels.py
[2022-07-31 21:14:18,283] {processor.py:641} INFO - Processing file /home/renan/datapipeline/.env/lib/python3.8/site-packages/airflow/example_dags/example_branch_labels.py for tasks to queue
[2022-07-31 21:14:18,283] {logging_mixin.py:115} INFO - [2022-07-31 21:14:18,283] {dagbag.py:508} INFO - Filling up the DagBag from /home/renan/datapipeline/.env/lib/python3.8/site-packages/airflow/example_dags/example_branch_labels.py
[2022-07-31 21:14:18,287] {processor.py:651} INFO - DAG(s) dict_keys(['example_branch_labels']) retrieved from /home/renan/datapipeline/.env/lib/python3.8/site-packages/airflow/example_dags/example_branch_labels.py
[2022-07-31 21:14:18,297] {logging_mixin.py:115} INFO - [2022-07-31 21:14:18,297] {dag.py:2420} INFO - Sync 1 DAGs
[2022-07-31 21:14:18,309] {logging_mixin.py:115} INFO - [2022-07-31 21:14:18,309] {dag.py:2968} INFO - Setting next_dagrun for example_branch_labels to 2022-07-31T00:00:00+00:00, run_after=2022-08-01T00:00:00+00:00
[2022-07-31 21:14:18,318] {processor.py:161} INFO - Processing /home/renan/datapipeline/.env/lib/python3.8/site-packages/airflow/example_dags/example_branch_labels.py took 0.038 seconds
[2022-07-31 21:14:50,344] {processor.py:153} INFO - Started process (PID=5136) to work on /home/renan/datapipeline/.env/lib/python3.8/site-packages/airflow/example_dags/example_branch_labels.py
[2022-07-31 21:14:50,344] {processor.py:641} INFO - Processing file /home/renan/datapipeline/.env/lib/python3.8/site-packages/airflow/example_dags/example_branch_labels.py for tasks to queue
[2022-07-31 21:14:50,344] {logging_mixin.py:115} INFO - [2022-07-31 21:14:50,344] {dagbag.py:508} INFO - Filling up the DagBag from /home/renan/datapipeline/.env/lib/python3.8/site-packages/airflow/example_dags/example_branch_labels.py
[2022-07-31 21:14:50,348] {processor.py:651} INFO - DAG(s) dict_keys(['example_branch_labels']) retrieved from /home/renan/datapipeline/.env/lib/python3.8/site-packages/airflow/example_dags/example_branch_labels.py
[2022-07-31 21:14:50,358] {logging_mixin.py:115} INFO - [2022-07-31 21:14:50,358] {dag.py:2420} INFO - Sync 1 DAGs
[2022-07-31 21:14:50,369] {logging_mixin.py:115} INFO - [2022-07-31 21:14:50,369] {dag.py:2968} INFO - Setting next_dagrun for example_branch_labels to 2022-07-31T00:00:00+00:00, run_after=2022-08-01T00:00:00+00:00
[2022-07-31 21:14:50,377] {processor.py:161} INFO - Processing /home/renan/datapipeline/.env/lib/python3.8/site-packages/airflow/example_dags/example_branch_labels.py took 0.035 seconds
[2022-07-31 21:15:25,650] {processor.py:153} INFO - Started process (PID=5192) to work on /home/renan/datapipeline/.env/lib/python3.8/site-packages/airflow/example_dags/example_branch_labels.py
[2022-07-31 21:15:25,651] {processor.py:641} INFO - Processing file /home/renan/datapipeline/.env/lib/python3.8/site-packages/airflow/example_dags/example_branch_labels.py for tasks to queue
[2022-07-31 21:15:25,651] {logging_mixin.py:115} INFO - [2022-07-31 21:15:25,651] {dagbag.py:508} INFO - Filling up the DagBag from /home/renan/datapipeline/.env/lib/python3.8/site-packages/airflow/example_dags/example_branch_labels.py
[2022-07-31 21:15:25,655] {processor.py:651} INFO - DAG(s) dict_keys(['example_branch_labels']) retrieved from /home/renan/datapipeline/.env/lib/python3.8/site-packages/airflow/example_dags/example_branch_labels.py
[2022-07-31 21:15:25,664] {logging_mixin.py:115} INFO - [2022-07-31 21:15:25,664] {dag.py:2420} INFO - Sync 1 DAGs
[2022-07-31 21:15:25,676] {logging_mixin.py:115} INFO - [2022-07-31 21:15:25,676] {dag.py:2968} INFO - Setting next_dagrun for example_branch_labels to 2022-07-31T00:00:00+00:00, run_after=2022-08-01T00:00:00+00:00
[2022-07-31 21:15:25,684] {processor.py:161} INFO - Processing /home/renan/datapipeline/.env/lib/python3.8/site-packages/airflow/example_dags/example_branch_labels.py took 0.035 seconds
[2022-07-31 21:15:59,550] {processor.py:153} INFO - Started process (PID=5238) to work on /home/renan/datapipeline/.env/lib/python3.8/site-packages/airflow/example_dags/example_branch_labels.py
[2022-07-31 21:15:59,550] {processor.py:641} INFO - Processing file /home/renan/datapipeline/.env/lib/python3.8/site-packages/airflow/example_dags/example_branch_labels.py for tasks to queue
[2022-07-31 21:15:59,550] {logging_mixin.py:115} INFO - [2022-07-31 21:15:59,550] {dagbag.py:508} INFO - Filling up the DagBag from /home/renan/datapipeline/.env/lib/python3.8/site-packages/airflow/example_dags/example_branch_labels.py
[2022-07-31 21:15:59,554] {processor.py:651} INFO - DAG(s) dict_keys(['example_branch_labels']) retrieved from /home/renan/datapipeline/.env/lib/python3.8/site-packages/airflow/example_dags/example_branch_labels.py
[2022-07-31 21:15:59,563] {logging_mixin.py:115} INFO - [2022-07-31 21:15:59,563] {dag.py:2420} INFO - Sync 1 DAGs
[2022-07-31 21:15:59,575] {logging_mixin.py:115} INFO - [2022-07-31 21:15:59,575] {dag.py:2968} INFO - Setting next_dagrun for example_branch_labels to 2022-07-31T00:00:00+00:00, run_after=2022-08-01T00:00:00+00:00
[2022-07-31 21:15:59,583] {processor.py:161} INFO - Processing /home/renan/datapipeline/.env/lib/python3.8/site-packages/airflow/example_dags/example_branch_labels.py took 0.035 seconds
[2022-07-31 21:16:32,184] {processor.py:153} INFO - Started process (PID=5274) to work on /home/renan/datapipeline/.env/lib/python3.8/site-packages/airflow/example_dags/example_branch_labels.py
[2022-07-31 21:16:32,184] {processor.py:641} INFO - Processing file /home/renan/datapipeline/.env/lib/python3.8/site-packages/airflow/example_dags/example_branch_labels.py for tasks to queue
[2022-07-31 21:16:32,184] {logging_mixin.py:115} INFO - [2022-07-31 21:16:32,184] {dagbag.py:508} INFO - Filling up the DagBag from /home/renan/datapipeline/.env/lib/python3.8/site-packages/airflow/example_dags/example_branch_labels.py
[2022-07-31 21:16:32,188] {processor.py:651} INFO - DAG(s) dict_keys(['example_branch_labels']) retrieved from /home/renan/datapipeline/.env/lib/python3.8/site-packages/airflow/example_dags/example_branch_labels.py
[2022-07-31 21:16:32,198] {logging_mixin.py:115} INFO - [2022-07-31 21:16:32,198] {dag.py:2420} INFO - Sync 1 DAGs
[2022-07-31 21:16:32,209] {logging_mixin.py:115} INFO - [2022-07-31 21:16:32,209] {dag.py:2968} INFO - Setting next_dagrun for example_branch_labels to 2022-07-31T00:00:00+00:00, run_after=2022-08-01T00:00:00+00:00
[2022-07-31 21:16:32,217] {processor.py:161} INFO - Processing /home/renan/datapipeline/.env/lib/python3.8/site-packages/airflow/example_dags/example_branch_labels.py took 0.035 seconds
[2022-07-31 21:17:07,550] {processor.py:153} INFO - Started process (PID=5325) to work on /home/renan/datapipeline/.env/lib/python3.8/site-packages/airflow/example_dags/example_branch_labels.py
[2022-07-31 21:17:07,550] {processor.py:641} INFO - Processing file /home/renan/datapipeline/.env/lib/python3.8/site-packages/airflow/example_dags/example_branch_labels.py for tasks to queue
[2022-07-31 21:17:07,550] {logging_mixin.py:115} INFO - [2022-07-31 21:17:07,550] {dagbag.py:508} INFO - Filling up the DagBag from /home/renan/datapipeline/.env/lib/python3.8/site-packages/airflow/example_dags/example_branch_labels.py
[2022-07-31 21:17:07,554] {processor.py:651} INFO - DAG(s) dict_keys(['example_branch_labels']) retrieved from /home/renan/datapipeline/.env/lib/python3.8/site-packages/airflow/example_dags/example_branch_labels.py
[2022-07-31 21:17:07,563] {logging_mixin.py:115} INFO - [2022-07-31 21:17:07,563] {dag.py:2420} INFO - Sync 1 DAGs
[2022-07-31 21:17:07,575] {logging_mixin.py:115} INFO - [2022-07-31 21:17:07,575] {dag.py:2968} INFO - Setting next_dagrun for example_branch_labels to 2022-07-31T00:00:00+00:00, run_after=2022-08-01T00:00:00+00:00
[2022-07-31 21:17:07,583] {processor.py:161} INFO - Processing /home/renan/datapipeline/.env/lib/python3.8/site-packages/airflow/example_dags/example_branch_labels.py took 0.035 seconds
[2022-07-31 21:17:43,983] {processor.py:153} INFO - Started process (PID=5370) to work on /home/renan/datapipeline/.env/lib/python3.8/site-packages/airflow/example_dags/example_branch_labels.py
[2022-07-31 21:17:43,984] {processor.py:641} INFO - Processing file /home/renan/datapipeline/.env/lib/python3.8/site-packages/airflow/example_dags/example_branch_labels.py for tasks to queue
[2022-07-31 21:17:43,984] {logging_mixin.py:115} INFO - [2022-07-31 21:17:43,984] {dagbag.py:508} INFO - Filling up the DagBag from /home/renan/datapipeline/.env/lib/python3.8/site-packages/airflow/example_dags/example_branch_labels.py
[2022-07-31 21:17:43,988] {processor.py:651} INFO - DAG(s) dict_keys(['example_branch_labels']) retrieved from /home/renan/datapipeline/.env/lib/python3.8/site-packages/airflow/example_dags/example_branch_labels.py
[2022-07-31 21:17:43,997] {logging_mixin.py:115} INFO - [2022-07-31 21:17:43,997] {dag.py:2420} INFO - Sync 1 DAGs
[2022-07-31 21:17:44,009] {logging_mixin.py:115} INFO - [2022-07-31 21:17:44,008] {dag.py:2968} INFO - Setting next_dagrun for example_branch_labels to 2022-07-31T00:00:00+00:00, run_after=2022-08-01T00:00:00+00:00
[2022-07-31 21:17:44,017] {processor.py:161} INFO - Processing /home/renan/datapipeline/.env/lib/python3.8/site-packages/airflow/example_dags/example_branch_labels.py took 0.036 seconds
[2022-07-31 22:20:59,186] {processor.py:153} INFO - Started process (PID=7045) to work on /home/renan/datapipeline/.env/lib/python3.8/site-packages/airflow/example_dags/example_branch_labels.py
[2022-07-31 22:20:59,187] {processor.py:641} INFO - Processing file /home/renan/datapipeline/.env/lib/python3.8/site-packages/airflow/example_dags/example_branch_labels.py for tasks to queue
[2022-07-31 22:20:59,187] {logging_mixin.py:115} INFO - [2022-07-31 22:20:59,187] {dagbag.py:508} INFO - Filling up the DagBag from /home/renan/datapipeline/.env/lib/python3.8/site-packages/airflow/example_dags/example_branch_labels.py
[2022-07-31 22:20:59,191] {processor.py:651} INFO - DAG(s) dict_keys(['example_branch_labels']) retrieved from /home/renan/datapipeline/.env/lib/python3.8/site-packages/airflow/example_dags/example_branch_labels.py
[2022-07-31 22:20:59,200] {logging_mixin.py:115} INFO - [2022-07-31 22:20:59,200] {dag.py:2420} INFO - Sync 1 DAGs
[2022-07-31 22:20:59,212] {logging_mixin.py:115} INFO - [2022-07-31 22:20:59,211] {dag.py:2968} INFO - Setting next_dagrun for example_branch_labels to 2022-07-31T00:00:00+00:00, run_after=2022-08-01T00:00:00+00:00
[2022-07-31 22:20:59,220] {processor.py:161} INFO - Processing /home/renan/datapipeline/.env/lib/python3.8/site-packages/airflow/example_dags/example_branch_labels.py took 0.035 seconds
[2022-07-31 22:21:33,991] {processor.py:153} INFO - Started process (PID=7102) to work on /home/renan/datapipeline/.env/lib/python3.8/site-packages/airflow/example_dags/example_branch_labels.py
[2022-07-31 22:21:33,992] {processor.py:641} INFO - Processing file /home/renan/datapipeline/.env/lib/python3.8/site-packages/airflow/example_dags/example_branch_labels.py for tasks to queue
[2022-07-31 22:21:33,992] {logging_mixin.py:115} INFO - [2022-07-31 22:21:33,992] {dagbag.py:508} INFO - Filling up the DagBag from /home/renan/datapipeline/.env/lib/python3.8/site-packages/airflow/example_dags/example_branch_labels.py
[2022-07-31 22:21:33,996] {processor.py:651} INFO - DAG(s) dict_keys(['example_branch_labels']) retrieved from /home/renan/datapipeline/.env/lib/python3.8/site-packages/airflow/example_dags/example_branch_labels.py
[2022-07-31 22:21:34,005] {logging_mixin.py:115} INFO - [2022-07-31 22:21:34,005] {dag.py:2420} INFO - Sync 1 DAGs
[2022-07-31 22:21:34,017] {logging_mixin.py:115} INFO - [2022-07-31 22:21:34,017] {dag.py:2968} INFO - Setting next_dagrun for example_branch_labels to 2022-07-31T00:00:00+00:00, run_after=2022-08-01T00:00:00+00:00
[2022-07-31 22:21:34,025] {processor.py:161} INFO - Processing /home/renan/datapipeline/.env/lib/python3.8/site-packages/airflow/example_dags/example_branch_labels.py took 0.035 seconds
[2022-07-31 22:22:07,489] {processor.py:153} INFO - Started process (PID=7151) to work on /home/renan/datapipeline/.env/lib/python3.8/site-packages/airflow/example_dags/example_branch_labels.py
[2022-07-31 22:22:07,489] {processor.py:641} INFO - Processing file /home/renan/datapipeline/.env/lib/python3.8/site-packages/airflow/example_dags/example_branch_labels.py for tasks to queue
[2022-07-31 22:22:07,490] {logging_mixin.py:115} INFO - [2022-07-31 22:22:07,489] {dagbag.py:508} INFO - Filling up the DagBag from /home/renan/datapipeline/.env/lib/python3.8/site-packages/airflow/example_dags/example_branch_labels.py
[2022-07-31 22:22:07,494] {processor.py:651} INFO - DAG(s) dict_keys(['example_branch_labels']) retrieved from /home/renan/datapipeline/.env/lib/python3.8/site-packages/airflow/example_dags/example_branch_labels.py
[2022-07-31 22:22:07,509] {logging_mixin.py:115} INFO - [2022-07-31 22:22:07,509] {dag.py:2420} INFO - Sync 1 DAGs
[2022-07-31 22:22:07,524] {logging_mixin.py:115} INFO - [2022-07-31 22:22:07,524] {dag.py:2968} INFO - Setting next_dagrun for example_branch_labels to 2022-07-31T00:00:00+00:00, run_after=2022-08-01T00:00:00+00:00
[2022-07-31 22:22:07,538] {processor.py:161} INFO - Processing /home/renan/datapipeline/.env/lib/python3.8/site-packages/airflow/example_dags/example_branch_labels.py took 0.051 seconds
[2022-07-31 22:22:39,572] {processor.py:153} INFO - Started process (PID=7202) to work on /home/renan/datapipeline/.env/lib/python3.8/site-packages/airflow/example_dags/example_branch_labels.py
[2022-07-31 22:22:39,573] {processor.py:641} INFO - Processing file /home/renan/datapipeline/.env/lib/python3.8/site-packages/airflow/example_dags/example_branch_labels.py for tasks to queue
[2022-07-31 22:22:39,573] {logging_mixin.py:115} INFO - [2022-07-31 22:22:39,573] {dagbag.py:508} INFO - Filling up the DagBag from /home/renan/datapipeline/.env/lib/python3.8/site-packages/airflow/example_dags/example_branch_labels.py
[2022-07-31 22:22:39,579] {processor.py:651} INFO - DAG(s) dict_keys(['example_branch_labels']) retrieved from /home/renan/datapipeline/.env/lib/python3.8/site-packages/airflow/example_dags/example_branch_labels.py
[2022-07-31 22:22:39,592] {logging_mixin.py:115} INFO - [2022-07-31 22:22:39,592] {dag.py:2420} INFO - Sync 1 DAGs
[2022-07-31 22:22:39,607] {logging_mixin.py:115} INFO - [2022-07-31 22:22:39,607] {dag.py:2968} INFO - Setting next_dagrun for example_branch_labels to 2022-07-31T00:00:00+00:00, run_after=2022-08-01T00:00:00+00:00
[2022-07-31 22:22:39,622] {processor.py:161} INFO - Processing /home/renan/datapipeline/.env/lib/python3.8/site-packages/airflow/example_dags/example_branch_labels.py took 0.052 seconds
[2022-07-31 22:23:14,916] {processor.py:153} INFO - Started process (PID=7242) to work on /home/renan/datapipeline/.env/lib/python3.8/site-packages/airflow/example_dags/example_branch_labels.py
[2022-07-31 22:23:14,917] {processor.py:641} INFO - Processing file /home/renan/datapipeline/.env/lib/python3.8/site-packages/airflow/example_dags/example_branch_labels.py for tasks to queue
[2022-07-31 22:23:14,917] {logging_mixin.py:115} INFO - [2022-07-31 22:23:14,917] {dagbag.py:508} INFO - Filling up the DagBag from /home/renan/datapipeline/.env/lib/python3.8/site-packages/airflow/example_dags/example_branch_labels.py
[2022-07-31 22:23:14,921] {processor.py:651} INFO - DAG(s) dict_keys(['example_branch_labels']) retrieved from /home/renan/datapipeline/.env/lib/python3.8/site-packages/airflow/example_dags/example_branch_labels.py
[2022-07-31 22:23:14,930] {logging_mixin.py:115} INFO - [2022-07-31 22:23:14,930] {dag.py:2420} INFO - Sync 1 DAGs
[2022-07-31 22:23:14,942] {logging_mixin.py:115} INFO - [2022-07-31 22:23:14,942] {dag.py:2968} INFO - Setting next_dagrun for example_branch_labels to 2022-07-31T00:00:00+00:00, run_after=2022-08-01T00:00:00+00:00
[2022-07-31 22:23:14,950] {processor.py:161} INFO - Processing /home/renan/datapipeline/.env/lib/python3.8/site-packages/airflow/example_dags/example_branch_labels.py took 0.035 seconds
[2022-07-31 22:23:48,581] {processor.py:153} INFO - Started process (PID=7287) to work on /home/renan/datapipeline/.env/lib/python3.8/site-packages/airflow/example_dags/example_branch_labels.py
[2022-07-31 22:23:48,581] {processor.py:641} INFO - Processing file /home/renan/datapipeline/.env/lib/python3.8/site-packages/airflow/example_dags/example_branch_labels.py for tasks to queue
[2022-07-31 22:23:48,582] {logging_mixin.py:115} INFO - [2022-07-31 22:23:48,582] {dagbag.py:508} INFO - Filling up the DagBag from /home/renan/datapipeline/.env/lib/python3.8/site-packages/airflow/example_dags/example_branch_labels.py
[2022-07-31 22:23:48,586] {processor.py:651} INFO - DAG(s) dict_keys(['example_branch_labels']) retrieved from /home/renan/datapipeline/.env/lib/python3.8/site-packages/airflow/example_dags/example_branch_labels.py
[2022-07-31 22:23:48,596] {logging_mixin.py:115} INFO - [2022-07-31 22:23:48,596] {dag.py:2420} INFO - Sync 1 DAGs
[2022-07-31 22:23:48,607] {logging_mixin.py:115} INFO - [2022-07-31 22:23:48,607] {dag.py:2968} INFO - Setting next_dagrun for example_branch_labels to 2022-07-31T00:00:00+00:00, run_after=2022-08-01T00:00:00+00:00
[2022-07-31 22:23:48,616] {processor.py:161} INFO - Processing /home/renan/datapipeline/.env/lib/python3.8/site-packages/airflow/example_dags/example_branch_labels.py took 0.037 seconds
[2022-07-31 22:24:22,263] {processor.py:153} INFO - Started process (PID=7404) to work on /home/renan/datapipeline/.env/lib/python3.8/site-packages/airflow/example_dags/example_branch_labels.py
[2022-07-31 22:24:22,264] {processor.py:641} INFO - Processing file /home/renan/datapipeline/.env/lib/python3.8/site-packages/airflow/example_dags/example_branch_labels.py for tasks to queue
[2022-07-31 22:24:22,264] {logging_mixin.py:115} INFO - [2022-07-31 22:24:22,264] {dagbag.py:508} INFO - Filling up the DagBag from /home/renan/datapipeline/.env/lib/python3.8/site-packages/airflow/example_dags/example_branch_labels.py
[2022-07-31 22:24:22,268] {processor.py:651} INFO - DAG(s) dict_keys(['example_branch_labels']) retrieved from /home/renan/datapipeline/.env/lib/python3.8/site-packages/airflow/example_dags/example_branch_labels.py
[2022-07-31 22:24:22,278] {logging_mixin.py:115} INFO - [2022-07-31 22:24:22,278] {dag.py:2420} INFO - Sync 1 DAGs
[2022-07-31 22:24:22,291] {logging_mixin.py:115} INFO - [2022-07-31 22:24:22,291] {dag.py:2968} INFO - Setting next_dagrun for example_branch_labels to 2022-07-31T00:00:00+00:00, run_after=2022-08-01T00:00:00+00:00
[2022-07-31 22:24:22,312] {processor.py:161} INFO - Processing /home/renan/datapipeline/.env/lib/python3.8/site-packages/airflow/example_dags/example_branch_labels.py took 0.050 seconds
[2022-07-31 22:24:56,768] {processor.py:153} INFO - Started process (PID=7448) to work on /home/renan/datapipeline/.env/lib/python3.8/site-packages/airflow/example_dags/example_branch_labels.py
[2022-07-31 22:24:56,769] {processor.py:641} INFO - Processing file /home/renan/datapipeline/.env/lib/python3.8/site-packages/airflow/example_dags/example_branch_labels.py for tasks to queue
[2022-07-31 22:24:56,769] {logging_mixin.py:115} INFO - [2022-07-31 22:24:56,769] {dagbag.py:508} INFO - Filling up the DagBag from /home/renan/datapipeline/.env/lib/python3.8/site-packages/airflow/example_dags/example_branch_labels.py
[2022-07-31 22:24:56,778] {processor.py:651} INFO - DAG(s) dict_keys(['example_branch_labels']) retrieved from /home/renan/datapipeline/.env/lib/python3.8/site-packages/airflow/example_dags/example_branch_labels.py
[2022-07-31 22:24:56,794] {logging_mixin.py:115} INFO - [2022-07-31 22:24:56,794] {dag.py:2420} INFO - Sync 1 DAGs
[2022-07-31 22:24:56,816] {logging_mixin.py:115} INFO - [2022-07-31 22:24:56,816] {dag.py:2968} INFO - Setting next_dagrun for example_branch_labels to 2022-07-31T00:00:00+00:00, run_after=2022-08-01T00:00:00+00:00
[2022-07-31 22:24:56,828] {processor.py:161} INFO - Processing /home/renan/datapipeline/.env/lib/python3.8/site-packages/airflow/example_dags/example_branch_labels.py took 0.062 seconds
[2022-07-31 22:25:28,966] {processor.py:153} INFO - Started process (PID=7531) to work on /home/renan/datapipeline/.env/lib/python3.8/site-packages/airflow/example_dags/example_branch_labels.py
[2022-07-31 22:25:28,966] {processor.py:641} INFO - Processing file /home/renan/datapipeline/.env/lib/python3.8/site-packages/airflow/example_dags/example_branch_labels.py for tasks to queue
[2022-07-31 22:25:28,966] {logging_mixin.py:115} INFO - [2022-07-31 22:25:28,966] {dagbag.py:508} INFO - Filling up the DagBag from /home/renan/datapipeline/.env/lib/python3.8/site-packages/airflow/example_dags/example_branch_labels.py
[2022-07-31 22:25:28,970] {processor.py:651} INFO - DAG(s) dict_keys(['example_branch_labels']) retrieved from /home/renan/datapipeline/.env/lib/python3.8/site-packages/airflow/example_dags/example_branch_labels.py
[2022-07-31 22:25:28,981] {logging_mixin.py:115} INFO - [2022-07-31 22:25:28,981] {dag.py:2420} INFO - Sync 1 DAGs
[2022-07-31 22:25:28,996] {logging_mixin.py:115} INFO - [2022-07-31 22:25:28,996] {dag.py:2968} INFO - Setting next_dagrun for example_branch_labels to 2022-07-31T00:00:00+00:00, run_after=2022-08-01T00:00:00+00:00
[2022-07-31 22:25:29,006] {processor.py:161} INFO - Processing /home/renan/datapipeline/.env/lib/python3.8/site-packages/airflow/example_dags/example_branch_labels.py took 0.042 seconds
[2022-07-31 22:26:03,734] {processor.py:153} INFO - Started process (PID=7575) to work on /home/renan/datapipeline/.env/lib/python3.8/site-packages/airflow/example_dags/example_branch_labels.py
[2022-07-31 22:26:03,734] {processor.py:641} INFO - Processing file /home/renan/datapipeline/.env/lib/python3.8/site-packages/airflow/example_dags/example_branch_labels.py for tasks to queue
[2022-07-31 22:26:03,734] {logging_mixin.py:115} INFO - [2022-07-31 22:26:03,734] {dagbag.py:508} INFO - Filling up the DagBag from /home/renan/datapipeline/.env/lib/python3.8/site-packages/airflow/example_dags/example_branch_labels.py
[2022-07-31 22:26:03,738] {processor.py:651} INFO - DAG(s) dict_keys(['example_branch_labels']) retrieved from /home/renan/datapipeline/.env/lib/python3.8/site-packages/airflow/example_dags/example_branch_labels.py
[2022-07-31 22:26:03,749] {logging_mixin.py:115} INFO - [2022-07-31 22:26:03,749] {dag.py:2420} INFO - Sync 1 DAGs
[2022-07-31 22:26:03,760] {logging_mixin.py:115} INFO - [2022-07-31 22:26:03,759] {dag.py:2968} INFO - Setting next_dagrun for example_branch_labels to 2022-07-31T00:00:00+00:00, run_after=2022-08-01T00:00:00+00:00
[2022-07-31 22:26:03,768] {processor.py:161} INFO - Processing /home/renan/datapipeline/.env/lib/python3.8/site-packages/airflow/example_dags/example_branch_labels.py took 0.036 seconds
