[2022-07-31 21:13:07,111] {processor.py:153} INFO - Started process (PID=4993) to work on /home/renan/datapipeline/.env/lib/python3.8/site-packages/airflow/example_dags/example_branch_python_dop_operator_3.py
[2022-07-31 21:13:07,112] {processor.py:641} INFO - Processing file /home/renan/datapipeline/.env/lib/python3.8/site-packages/airflow/example_dags/example_branch_python_dop_operator_3.py for tasks to queue
[2022-07-31 21:13:07,112] {logging_mixin.py:115} INFO - [2022-07-31 21:13:07,112] {dagbag.py:508} INFO - Filling up the DagBag from /home/renan/datapipeline/.env/lib/python3.8/site-packages/airflow/example_dags/example_branch_python_dop_operator_3.py
[2022-07-31 21:13:07,118] {processor.py:651} INFO - DAG(s) dict_keys(['example_branch_dop_operator_v3']) retrieved from /home/renan/datapipeline/.env/lib/python3.8/site-packages/airflow/example_dags/example_branch_python_dop_operator_3.py
[2022-07-31 21:13:07,128] {logging_mixin.py:115} INFO - [2022-07-31 21:13:07,128] {dag.py:2420} INFO - Sync 1 DAGs
[2022-07-31 21:13:07,140] {logging_mixin.py:115} INFO - [2022-07-31 21:13:07,140] {dag.py:2968} INFO - Setting next_dagrun for example_branch_dop_operator_v3 to 2022-08-01T00:12:00+00:00, run_after=2022-08-01T00:13:00+00:00
[2022-07-31 21:13:07,149] {processor.py:161} INFO - Processing /home/renan/datapipeline/.env/lib/python3.8/site-packages/airflow/example_dags/example_branch_python_dop_operator_3.py took 0.039 seconds
[2022-07-31 21:13:40,793] {processor.py:153} INFO - Started process (PID=5040) to work on /home/renan/datapipeline/.env/lib/python3.8/site-packages/airflow/example_dags/example_branch_python_dop_operator_3.py
[2022-07-31 21:13:40,794] {processor.py:641} INFO - Processing file /home/renan/datapipeline/.env/lib/python3.8/site-packages/airflow/example_dags/example_branch_python_dop_operator_3.py for tasks to queue
[2022-07-31 21:13:40,794] {logging_mixin.py:115} INFO - [2022-07-31 21:13:40,794] {dagbag.py:508} INFO - Filling up the DagBag from /home/renan/datapipeline/.env/lib/python3.8/site-packages/airflow/example_dags/example_branch_python_dop_operator_3.py
[2022-07-31 21:13:40,800] {processor.py:651} INFO - DAG(s) dict_keys(['example_branch_dop_operator_v3']) retrieved from /home/renan/datapipeline/.env/lib/python3.8/site-packages/airflow/example_dags/example_branch_python_dop_operator_3.py
[2022-07-31 21:13:40,810] {logging_mixin.py:115} INFO - [2022-07-31 21:13:40,810] {dag.py:2420} INFO - Sync 1 DAGs
[2022-07-31 21:13:40,822] {logging_mixin.py:115} INFO - [2022-07-31 21:13:40,822] {dag.py:2968} INFO - Setting next_dagrun for example_branch_dop_operator_v3 to 2022-08-01T00:12:00+00:00, run_after=2022-08-01T00:13:00+00:00
[2022-07-31 21:13:40,830] {processor.py:161} INFO - Processing /home/renan/datapipeline/.env/lib/python3.8/site-packages/airflow/example_dags/example_branch_python_dop_operator_3.py took 0.038 seconds
[2022-07-31 21:14:14,415] {processor.py:153} INFO - Started process (PID=5092) to work on /home/renan/datapipeline/.env/lib/python3.8/site-packages/airflow/example_dags/example_branch_python_dop_operator_3.py
[2022-07-31 21:14:14,416] {processor.py:641} INFO - Processing file /home/renan/datapipeline/.env/lib/python3.8/site-packages/airflow/example_dags/example_branch_python_dop_operator_3.py for tasks to queue
[2022-07-31 21:14:14,416] {logging_mixin.py:115} INFO - [2022-07-31 21:14:14,416] {dagbag.py:508} INFO - Filling up the DagBag from /home/renan/datapipeline/.env/lib/python3.8/site-packages/airflow/example_dags/example_branch_python_dop_operator_3.py
[2022-07-31 21:14:14,422] {processor.py:651} INFO - DAG(s) dict_keys(['example_branch_dop_operator_v3']) retrieved from /home/renan/datapipeline/.env/lib/python3.8/site-packages/airflow/example_dags/example_branch_python_dop_operator_3.py
[2022-07-31 21:14:14,434] {logging_mixin.py:115} INFO - [2022-07-31 21:14:14,434] {dag.py:2420} INFO - Sync 1 DAGs
[2022-07-31 21:14:14,448] {logging_mixin.py:115} INFO - [2022-07-31 21:14:14,448] {dag.py:2968} INFO - Setting next_dagrun for example_branch_dop_operator_v3 to 2022-08-01T00:13:00+00:00, run_after=2022-08-01T00:14:00+00:00
[2022-07-31 21:14:14,458] {processor.py:161} INFO - Processing /home/renan/datapipeline/.env/lib/python3.8/site-packages/airflow/example_dags/example_branch_python_dop_operator_3.py took 0.044 seconds
[2022-07-31 21:14:47,471] {processor.py:153} INFO - Started process (PID=5131) to work on /home/renan/datapipeline/.env/lib/python3.8/site-packages/airflow/example_dags/example_branch_python_dop_operator_3.py
[2022-07-31 21:14:47,471] {processor.py:641} INFO - Processing file /home/renan/datapipeline/.env/lib/python3.8/site-packages/airflow/example_dags/example_branch_python_dop_operator_3.py for tasks to queue
[2022-07-31 21:14:47,471] {logging_mixin.py:115} INFO - [2022-07-31 21:14:47,471] {dagbag.py:508} INFO - Filling up the DagBag from /home/renan/datapipeline/.env/lib/python3.8/site-packages/airflow/example_dags/example_branch_python_dop_operator_3.py
[2022-07-31 21:14:47,477] {processor.py:651} INFO - DAG(s) dict_keys(['example_branch_dop_operator_v3']) retrieved from /home/renan/datapipeline/.env/lib/python3.8/site-packages/airflow/example_dags/example_branch_python_dop_operator_3.py
[2022-07-31 21:14:47,487] {logging_mixin.py:115} INFO - [2022-07-31 21:14:47,487] {dag.py:2420} INFO - Sync 1 DAGs
[2022-07-31 21:14:47,500] {logging_mixin.py:115} INFO - [2022-07-31 21:14:47,500] {dag.py:2968} INFO - Setting next_dagrun for example_branch_dop_operator_v3 to 2022-08-01T00:13:00+00:00, run_after=2022-08-01T00:14:00+00:00
[2022-07-31 21:14:47,508] {processor.py:161} INFO - Processing /home/renan/datapipeline/.env/lib/python3.8/site-packages/airflow/example_dags/example_branch_python_dop_operator_3.py took 0.039 seconds
[2022-07-31 21:15:21,142] {processor.py:153} INFO - Started process (PID=5188) to work on /home/renan/datapipeline/.env/lib/python3.8/site-packages/airflow/example_dags/example_branch_python_dop_operator_3.py
[2022-07-31 21:15:21,143] {processor.py:641} INFO - Processing file /home/renan/datapipeline/.env/lib/python3.8/site-packages/airflow/example_dags/example_branch_python_dop_operator_3.py for tasks to queue
[2022-07-31 21:15:21,143] {logging_mixin.py:115} INFO - [2022-07-31 21:15:21,143] {dagbag.py:508} INFO - Filling up the DagBag from /home/renan/datapipeline/.env/lib/python3.8/site-packages/airflow/example_dags/example_branch_python_dop_operator_3.py
[2022-07-31 21:15:21,149] {processor.py:651} INFO - DAG(s) dict_keys(['example_branch_dop_operator_v3']) retrieved from /home/renan/datapipeline/.env/lib/python3.8/site-packages/airflow/example_dags/example_branch_python_dop_operator_3.py
[2022-07-31 21:15:21,159] {logging_mixin.py:115} INFO - [2022-07-31 21:15:21,159] {dag.py:2420} INFO - Sync 1 DAGs
[2022-07-31 21:15:21,171] {logging_mixin.py:115} INFO - [2022-07-31 21:15:21,171] {dag.py:2968} INFO - Setting next_dagrun for example_branch_dop_operator_v3 to 2022-08-01T00:14:00+00:00, run_after=2022-08-01T00:15:00+00:00
[2022-07-31 21:15:21,180] {processor.py:161} INFO - Processing /home/renan/datapipeline/.env/lib/python3.8/site-packages/airflow/example_dags/example_branch_python_dop_operator_3.py took 0.039 seconds
[2022-07-31 21:15:56,325] {processor.py:153} INFO - Started process (PID=5234) to work on /home/renan/datapipeline/.env/lib/python3.8/site-packages/airflow/example_dags/example_branch_python_dop_operator_3.py
[2022-07-31 21:15:56,326] {processor.py:641} INFO - Processing file /home/renan/datapipeline/.env/lib/python3.8/site-packages/airflow/example_dags/example_branch_python_dop_operator_3.py for tasks to queue
[2022-07-31 21:15:56,326] {logging_mixin.py:115} INFO - [2022-07-31 21:15:56,326] {dagbag.py:508} INFO - Filling up the DagBag from /home/renan/datapipeline/.env/lib/python3.8/site-packages/airflow/example_dags/example_branch_python_dop_operator_3.py
[2022-07-31 21:15:56,332] {processor.py:651} INFO - DAG(s) dict_keys(['example_branch_dop_operator_v3']) retrieved from /home/renan/datapipeline/.env/lib/python3.8/site-packages/airflow/example_dags/example_branch_python_dop_operator_3.py
[2022-07-31 21:15:56,342] {logging_mixin.py:115} INFO - [2022-07-31 21:15:56,342] {dag.py:2420} INFO - Sync 1 DAGs
[2022-07-31 21:15:56,355] {logging_mixin.py:115} INFO - [2022-07-31 21:15:56,355] {dag.py:2968} INFO - Setting next_dagrun for example_branch_dop_operator_v3 to 2022-08-01T00:14:00+00:00, run_after=2022-08-01T00:15:00+00:00
[2022-07-31 21:15:56,363] {processor.py:161} INFO - Processing /home/renan/datapipeline/.env/lib/python3.8/site-packages/airflow/example_dags/example_branch_python_dop_operator_3.py took 0.040 seconds
[2022-07-31 21:16:27,737] {processor.py:153} INFO - Started process (PID=5270) to work on /home/renan/datapipeline/.env/lib/python3.8/site-packages/airflow/example_dags/example_branch_python_dop_operator_3.py
[2022-07-31 21:16:27,737] {processor.py:641} INFO - Processing file /home/renan/datapipeline/.env/lib/python3.8/site-packages/airflow/example_dags/example_branch_python_dop_operator_3.py for tasks to queue
[2022-07-31 21:16:27,737] {logging_mixin.py:115} INFO - [2022-07-31 21:16:27,737] {dagbag.py:508} INFO - Filling up the DagBag from /home/renan/datapipeline/.env/lib/python3.8/site-packages/airflow/example_dags/example_branch_python_dop_operator_3.py
[2022-07-31 21:16:27,743] {processor.py:651} INFO - DAG(s) dict_keys(['example_branch_dop_operator_v3']) retrieved from /home/renan/datapipeline/.env/lib/python3.8/site-packages/airflow/example_dags/example_branch_python_dop_operator_3.py
[2022-07-31 21:16:27,753] {logging_mixin.py:115} INFO - [2022-07-31 21:16:27,753] {dag.py:2420} INFO - Sync 1 DAGs
[2022-07-31 21:16:27,765] {logging_mixin.py:115} INFO - [2022-07-31 21:16:27,765] {dag.py:2968} INFO - Setting next_dagrun for example_branch_dop_operator_v3 to 2022-08-01T00:15:00+00:00, run_after=2022-08-01T00:16:00+00:00
[2022-07-31 21:16:27,774] {processor.py:161} INFO - Processing /home/renan/datapipeline/.env/lib/python3.8/site-packages/airflow/example_dags/example_branch_python_dop_operator_3.py took 0.038 seconds
[2022-07-31 21:17:03,664] {processor.py:153} INFO - Started process (PID=5317) to work on /home/renan/datapipeline/.env/lib/python3.8/site-packages/airflow/example_dags/example_branch_python_dop_operator_3.py
[2022-07-31 21:17:03,664] {processor.py:641} INFO - Processing file /home/renan/datapipeline/.env/lib/python3.8/site-packages/airflow/example_dags/example_branch_python_dop_operator_3.py for tasks to queue
[2022-07-31 21:17:03,664] {logging_mixin.py:115} INFO - [2022-07-31 21:17:03,664] {dagbag.py:508} INFO - Filling up the DagBag from /home/renan/datapipeline/.env/lib/python3.8/site-packages/airflow/example_dags/example_branch_python_dop_operator_3.py
[2022-07-31 21:17:03,670] {processor.py:651} INFO - DAG(s) dict_keys(['example_branch_dop_operator_v3']) retrieved from /home/renan/datapipeline/.env/lib/python3.8/site-packages/airflow/example_dags/example_branch_python_dop_operator_3.py
[2022-07-31 21:17:03,680] {logging_mixin.py:115} INFO - [2022-07-31 21:17:03,680] {dag.py:2420} INFO - Sync 1 DAGs
[2022-07-31 21:17:03,695] {logging_mixin.py:115} INFO - [2022-07-31 21:17:03,695] {dag.py:2968} INFO - Setting next_dagrun for example_branch_dop_operator_v3 to 2022-08-01T00:16:00+00:00, run_after=2022-08-01T00:17:00+00:00
[2022-07-31 21:17:03,704] {processor.py:161} INFO - Processing /home/renan/datapipeline/.env/lib/python3.8/site-packages/airflow/example_dags/example_branch_python_dop_operator_3.py took 0.042 seconds
[2022-07-31 21:17:37,727] {processor.py:153} INFO - Started process (PID=5364) to work on /home/renan/datapipeline/.env/lib/python3.8/site-packages/airflow/example_dags/example_branch_python_dop_operator_3.py
[2022-07-31 21:17:37,728] {processor.py:641} INFO - Processing file /home/renan/datapipeline/.env/lib/python3.8/site-packages/airflow/example_dags/example_branch_python_dop_operator_3.py for tasks to queue
[2022-07-31 21:17:37,728] {logging_mixin.py:115} INFO - [2022-07-31 21:17:37,728] {dagbag.py:508} INFO - Filling up the DagBag from /home/renan/datapipeline/.env/lib/python3.8/site-packages/airflow/example_dags/example_branch_python_dop_operator_3.py
[2022-07-31 21:17:37,734] {processor.py:651} INFO - DAG(s) dict_keys(['example_branch_dop_operator_v3']) retrieved from /home/renan/datapipeline/.env/lib/python3.8/site-packages/airflow/example_dags/example_branch_python_dop_operator_3.py
[2022-07-31 21:17:37,746] {logging_mixin.py:115} INFO - [2022-07-31 21:17:37,746] {dag.py:2420} INFO - Sync 1 DAGs
[2022-07-31 21:17:37,760] {logging_mixin.py:115} INFO - [2022-07-31 21:17:37,760] {dag.py:2968} INFO - Setting next_dagrun for example_branch_dop_operator_v3 to 2022-08-01T00:16:00+00:00, run_after=2022-08-01T00:17:00+00:00
[2022-07-31 21:17:37,770] {processor.py:161} INFO - Processing /home/renan/datapipeline/.env/lib/python3.8/site-packages/airflow/example_dags/example_branch_python_dop_operator_3.py took 0.045 seconds
[2022-07-31 22:20:56,307] {processor.py:153} INFO - Started process (PID=7041) to work on /home/renan/datapipeline/.env/lib/python3.8/site-packages/airflow/example_dags/example_branch_python_dop_operator_3.py
[2022-07-31 22:20:56,308] {processor.py:641} INFO - Processing file /home/renan/datapipeline/.env/lib/python3.8/site-packages/airflow/example_dags/example_branch_python_dop_operator_3.py for tasks to queue
[2022-07-31 22:20:56,308] {logging_mixin.py:115} INFO - [2022-07-31 22:20:56,308] {dagbag.py:508} INFO - Filling up the DagBag from /home/renan/datapipeline/.env/lib/python3.8/site-packages/airflow/example_dags/example_branch_python_dop_operator_3.py
[2022-07-31 22:20:56,314] {processor.py:651} INFO - DAG(s) dict_keys(['example_branch_dop_operator_v3']) retrieved from /home/renan/datapipeline/.env/lib/python3.8/site-packages/airflow/example_dags/example_branch_python_dop_operator_3.py
[2022-07-31 22:20:56,324] {logging_mixin.py:115} INFO - [2022-07-31 22:20:56,324] {dag.py:2420} INFO - Sync 1 DAGs
[2022-07-31 22:20:56,336] {logging_mixin.py:115} INFO - [2022-07-31 22:20:56,336] {dag.py:2968} INFO - Setting next_dagrun for example_branch_dop_operator_v3 to 2022-08-01T01:19:00+00:00, run_after=2022-08-01T01:20:00+00:00
[2022-07-31 22:20:56,345] {processor.py:161} INFO - Processing /home/renan/datapipeline/.env/lib/python3.8/site-packages/airflow/example_dags/example_branch_python_dop_operator_3.py took 0.039 seconds
[2022-07-31 22:21:29,983] {processor.py:153} INFO - Started process (PID=7096) to work on /home/renan/datapipeline/.env/lib/python3.8/site-packages/airflow/example_dags/example_branch_python_dop_operator_3.py
[2022-07-31 22:21:29,984] {processor.py:641} INFO - Processing file /home/renan/datapipeline/.env/lib/python3.8/site-packages/airflow/example_dags/example_branch_python_dop_operator_3.py for tasks to queue
[2022-07-31 22:21:29,984] {logging_mixin.py:115} INFO - [2022-07-31 22:21:29,984] {dagbag.py:508} INFO - Filling up the DagBag from /home/renan/datapipeline/.env/lib/python3.8/site-packages/airflow/example_dags/example_branch_python_dop_operator_3.py
[2022-07-31 22:21:29,990] {processor.py:651} INFO - DAG(s) dict_keys(['example_branch_dop_operator_v3']) retrieved from /home/renan/datapipeline/.env/lib/python3.8/site-packages/airflow/example_dags/example_branch_python_dop_operator_3.py
[2022-07-31 22:21:30,000] {logging_mixin.py:115} INFO - [2022-07-31 22:21:30,000] {dag.py:2420} INFO - Sync 1 DAGs
[2022-07-31 22:21:30,012] {logging_mixin.py:115} INFO - [2022-07-31 22:21:30,012] {dag.py:2968} INFO - Setting next_dagrun for example_branch_dop_operator_v3 to 2022-08-01T01:20:00+00:00, run_after=2022-08-01T01:21:00+00:00
[2022-07-31 22:21:30,021] {processor.py:161} INFO - Processing /home/renan/datapipeline/.env/lib/python3.8/site-packages/airflow/example_dags/example_branch_python_dop_operator_3.py took 0.040 seconds
[2022-07-31 22:22:03,620] {processor.py:153} INFO - Started process (PID=7147) to work on /home/renan/datapipeline/.env/lib/python3.8/site-packages/airflow/example_dags/example_branch_python_dop_operator_3.py
[2022-07-31 22:22:03,620] {processor.py:641} INFO - Processing file /home/renan/datapipeline/.env/lib/python3.8/site-packages/airflow/example_dags/example_branch_python_dop_operator_3.py for tasks to queue
[2022-07-31 22:22:03,620] {logging_mixin.py:115} INFO - [2022-07-31 22:22:03,620] {dagbag.py:508} INFO - Filling up the DagBag from /home/renan/datapipeline/.env/lib/python3.8/site-packages/airflow/example_dags/example_branch_python_dop_operator_3.py
[2022-07-31 22:22:03,627] {processor.py:651} INFO - DAG(s) dict_keys(['example_branch_dop_operator_v3']) retrieved from /home/renan/datapipeline/.env/lib/python3.8/site-packages/airflow/example_dags/example_branch_python_dop_operator_3.py
[2022-07-31 22:22:03,637] {logging_mixin.py:115} INFO - [2022-07-31 22:22:03,637] {dag.py:2420} INFO - Sync 1 DAGs
[2022-07-31 22:22:03,648] {logging_mixin.py:115} INFO - [2022-07-31 22:22:03,648] {dag.py:2968} INFO - Setting next_dagrun for example_branch_dop_operator_v3 to 2022-08-01T01:21:00+00:00, run_after=2022-08-01T01:22:00+00:00
[2022-07-31 22:22:03,657] {processor.py:161} INFO - Processing /home/renan/datapipeline/.env/lib/python3.8/site-packages/airflow/example_dags/example_branch_python_dop_operator_3.py took 0.039 seconds
[2022-07-31 22:22:36,700] {processor.py:153} INFO - Started process (PID=7198) to work on /home/renan/datapipeline/.env/lib/python3.8/site-packages/airflow/example_dags/example_branch_python_dop_operator_3.py
[2022-07-31 22:22:36,700] {processor.py:641} INFO - Processing file /home/renan/datapipeline/.env/lib/python3.8/site-packages/airflow/example_dags/example_branch_python_dop_operator_3.py for tasks to queue
[2022-07-31 22:22:36,701] {logging_mixin.py:115} INFO - [2022-07-31 22:22:36,701] {dagbag.py:508} INFO - Filling up the DagBag from /home/renan/datapipeline/.env/lib/python3.8/site-packages/airflow/example_dags/example_branch_python_dop_operator_3.py
[2022-07-31 22:22:36,707] {processor.py:651} INFO - DAG(s) dict_keys(['example_branch_dop_operator_v3']) retrieved from /home/renan/datapipeline/.env/lib/python3.8/site-packages/airflow/example_dags/example_branch_python_dop_operator_3.py
[2022-07-31 22:22:36,720] {logging_mixin.py:115} INFO - [2022-07-31 22:22:36,720] {dag.py:2420} INFO - Sync 1 DAGs
[2022-07-31 22:22:36,734] {logging_mixin.py:115} INFO - [2022-07-31 22:22:36,734] {dag.py:2968} INFO - Setting next_dagrun for example_branch_dop_operator_v3 to 2022-08-01T01:21:00+00:00, run_after=2022-08-01T01:22:00+00:00
[2022-07-31 22:22:36,745] {processor.py:161} INFO - Processing /home/renan/datapipeline/.env/lib/python3.8/site-packages/airflow/example_dags/example_branch_python_dop_operator_3.py took 0.048 seconds
[2022-07-31 22:23:10,398] {processor.py:153} INFO - Started process (PID=7238) to work on /home/renan/datapipeline/.env/lib/python3.8/site-packages/airflow/example_dags/example_branch_python_dop_operator_3.py
[2022-07-31 22:23:10,399] {processor.py:641} INFO - Processing file /home/renan/datapipeline/.env/lib/python3.8/site-packages/airflow/example_dags/example_branch_python_dop_operator_3.py for tasks to queue
[2022-07-31 22:23:10,399] {logging_mixin.py:115} INFO - [2022-07-31 22:23:10,399] {dagbag.py:508} INFO - Filling up the DagBag from /home/renan/datapipeline/.env/lib/python3.8/site-packages/airflow/example_dags/example_branch_python_dop_operator_3.py
[2022-07-31 22:23:10,406] {processor.py:651} INFO - DAG(s) dict_keys(['example_branch_dop_operator_v3']) retrieved from /home/renan/datapipeline/.env/lib/python3.8/site-packages/airflow/example_dags/example_branch_python_dop_operator_3.py
[2022-07-31 22:23:10,418] {logging_mixin.py:115} INFO - [2022-07-31 22:23:10,418] {dag.py:2420} INFO - Sync 1 DAGs
[2022-07-31 22:23:10,432] {logging_mixin.py:115} INFO - [2022-07-31 22:23:10,432] {dag.py:2968} INFO - Setting next_dagrun for example_branch_dop_operator_v3 to 2022-08-01T01:22:00+00:00, run_after=2022-08-01T01:23:00+00:00
[2022-07-31 22:23:10,442] {processor.py:161} INFO - Processing /home/renan/datapipeline/.env/lib/python3.8/site-packages/airflow/example_dags/example_branch_python_dop_operator_3.py took 0.046 seconds
[2022-07-31 22:23:44,571] {processor.py:153} INFO - Started process (PID=7283) to work on /home/renan/datapipeline/.env/lib/python3.8/site-packages/airflow/example_dags/example_branch_python_dop_operator_3.py
[2022-07-31 22:23:44,571] {processor.py:641} INFO - Processing file /home/renan/datapipeline/.env/lib/python3.8/site-packages/airflow/example_dags/example_branch_python_dop_operator_3.py for tasks to queue
[2022-07-31 22:23:44,572] {logging_mixin.py:115} INFO - [2022-07-31 22:23:44,572] {dagbag.py:508} INFO - Filling up the DagBag from /home/renan/datapipeline/.env/lib/python3.8/site-packages/airflow/example_dags/example_branch_python_dop_operator_3.py
[2022-07-31 22:23:44,578] {processor.py:651} INFO - DAG(s) dict_keys(['example_branch_dop_operator_v3']) retrieved from /home/renan/datapipeline/.env/lib/python3.8/site-packages/airflow/example_dags/example_branch_python_dop_operator_3.py
[2022-07-31 22:23:44,588] {logging_mixin.py:115} INFO - [2022-07-31 22:23:44,588] {dag.py:2420} INFO - Sync 1 DAGs
[2022-07-31 22:23:44,600] {logging_mixin.py:115} INFO - [2022-07-31 22:23:44,600] {dag.py:2968} INFO - Setting next_dagrun for example_branch_dop_operator_v3 to 2022-08-01T01:22:00+00:00, run_after=2022-08-01T01:23:00+00:00
[2022-07-31 22:23:44,607] {processor.py:161} INFO - Processing /home/renan/datapipeline/.env/lib/python3.8/site-packages/airflow/example_dags/example_branch_python_dop_operator_3.py took 0.039 seconds
[2022-07-31 22:24:18,262] {processor.py:153} INFO - Started process (PID=7398) to work on /home/renan/datapipeline/.env/lib/python3.8/site-packages/airflow/example_dags/example_branch_python_dop_operator_3.py
[2022-07-31 22:24:18,263] {processor.py:641} INFO - Processing file /home/renan/datapipeline/.env/lib/python3.8/site-packages/airflow/example_dags/example_branch_python_dop_operator_3.py for tasks to queue
[2022-07-31 22:24:18,263] {logging_mixin.py:115} INFO - [2022-07-31 22:24:18,263] {dagbag.py:508} INFO - Filling up the DagBag from /home/renan/datapipeline/.env/lib/python3.8/site-packages/airflow/example_dags/example_branch_python_dop_operator_3.py
[2022-07-31 22:24:18,270] {processor.py:651} INFO - DAG(s) dict_keys(['example_branch_dop_operator_v3']) retrieved from /home/renan/datapipeline/.env/lib/python3.8/site-packages/airflow/example_dags/example_branch_python_dop_operator_3.py
[2022-07-31 22:24:18,281] {logging_mixin.py:115} INFO - [2022-07-31 22:24:18,281] {dag.py:2420} INFO - Sync 1 DAGs
[2022-07-31 22:24:18,294] {logging_mixin.py:115} INFO - [2022-07-31 22:24:18,294] {dag.py:2968} INFO - Setting next_dagrun for example_branch_dop_operator_v3 to 2022-08-01T01:23:00+00:00, run_after=2022-08-01T01:24:00+00:00
[2022-07-31 22:24:18,305] {processor.py:161} INFO - Processing /home/renan/datapipeline/.env/lib/python3.8/site-packages/airflow/example_dags/example_branch_python_dop_operator_3.py took 0.044 seconds
[2022-07-31 22:24:53,012] {processor.py:153} INFO - Started process (PID=7444) to work on /home/renan/datapipeline/.env/lib/python3.8/site-packages/airflow/example_dags/example_branch_python_dop_operator_3.py
[2022-07-31 22:24:53,013] {processor.py:641} INFO - Processing file /home/renan/datapipeline/.env/lib/python3.8/site-packages/airflow/example_dags/example_branch_python_dop_operator_3.py for tasks to queue
[2022-07-31 22:24:53,013] {logging_mixin.py:115} INFO - [2022-07-31 22:24:53,013] {dagbag.py:508} INFO - Filling up the DagBag from /home/renan/datapipeline/.env/lib/python3.8/site-packages/airflow/example_dags/example_branch_python_dop_operator_3.py
[2022-07-31 22:24:53,019] {processor.py:651} INFO - DAG(s) dict_keys(['example_branch_dop_operator_v3']) retrieved from /home/renan/datapipeline/.env/lib/python3.8/site-packages/airflow/example_dags/example_branch_python_dop_operator_3.py
[2022-07-31 22:24:53,030] {logging_mixin.py:115} INFO - [2022-07-31 22:24:53,030] {dag.py:2420} INFO - Sync 1 DAGs
[2022-07-31 22:24:53,042] {logging_mixin.py:115} INFO - [2022-07-31 22:24:53,042] {dag.py:2968} INFO - Setting next_dagrun for example_branch_dop_operator_v3 to 2022-08-01T01:23:00+00:00, run_after=2022-08-01T01:24:00+00:00
[2022-07-31 22:24:53,051] {processor.py:161} INFO - Processing /home/renan/datapipeline/.env/lib/python3.8/site-packages/airflow/example_dags/example_branch_python_dop_operator_3.py took 0.040 seconds
[2022-07-31 22:25:24,967] {processor.py:153} INFO - Started process (PID=7527) to work on /home/renan/datapipeline/.env/lib/python3.8/site-packages/airflow/example_dags/example_branch_python_dop_operator_3.py
[2022-07-31 22:25:24,968] {processor.py:641} INFO - Processing file /home/renan/datapipeline/.env/lib/python3.8/site-packages/airflow/example_dags/example_branch_python_dop_operator_3.py for tasks to queue
[2022-07-31 22:25:24,968] {logging_mixin.py:115} INFO - [2022-07-31 22:25:24,968] {dagbag.py:508} INFO - Filling up the DagBag from /home/renan/datapipeline/.env/lib/python3.8/site-packages/airflow/example_dags/example_branch_python_dop_operator_3.py
[2022-07-31 22:25:24,974] {processor.py:651} INFO - DAG(s) dict_keys(['example_branch_dop_operator_v3']) retrieved from /home/renan/datapipeline/.env/lib/python3.8/site-packages/airflow/example_dags/example_branch_python_dop_operator_3.py
[2022-07-31 22:25:24,986] {logging_mixin.py:115} INFO - [2022-07-31 22:25:24,986] {dag.py:2420} INFO - Sync 1 DAGs
[2022-07-31 22:25:24,998] {logging_mixin.py:115} INFO - [2022-07-31 22:25:24,998] {dag.py:2968} INFO - Setting next_dagrun for example_branch_dop_operator_v3 to 2022-08-01T01:24:00+00:00, run_after=2022-08-01T01:25:00+00:00
[2022-07-31 22:25:25,007] {processor.py:161} INFO - Processing /home/renan/datapipeline/.env/lib/python3.8/site-packages/airflow/example_dags/example_branch_python_dop_operator_3.py took 0.042 seconds
[2022-07-31 22:25:59,151] {processor.py:153} INFO - Started process (PID=7567) to work on /home/renan/datapipeline/.env/lib/python3.8/site-packages/airflow/example_dags/example_branch_python_dop_operator_3.py
[2022-07-31 22:25:59,151] {processor.py:641} INFO - Processing file /home/renan/datapipeline/.env/lib/python3.8/site-packages/airflow/example_dags/example_branch_python_dop_operator_3.py for tasks to queue
[2022-07-31 22:25:59,151] {logging_mixin.py:115} INFO - [2022-07-31 22:25:59,151] {dagbag.py:508} INFO - Filling up the DagBag from /home/renan/datapipeline/.env/lib/python3.8/site-packages/airflow/example_dags/example_branch_python_dop_operator_3.py
[2022-07-31 22:25:59,157] {processor.py:651} INFO - DAG(s) dict_keys(['example_branch_dop_operator_v3']) retrieved from /home/renan/datapipeline/.env/lib/python3.8/site-packages/airflow/example_dags/example_branch_python_dop_operator_3.py
[2022-07-31 22:25:59,167] {logging_mixin.py:115} INFO - [2022-07-31 22:25:59,167] {dag.py:2420} INFO - Sync 1 DAGs
[2022-07-31 22:25:59,179] {logging_mixin.py:115} INFO - [2022-07-31 22:25:59,179] {dag.py:2968} INFO - Setting next_dagrun for example_branch_dop_operator_v3 to 2022-08-01T01:24:00+00:00, run_after=2022-08-01T01:25:00+00:00
[2022-07-31 22:25:59,188] {processor.py:161} INFO - Processing /home/renan/datapipeline/.env/lib/python3.8/site-packages/airflow/example_dags/example_branch_python_dop_operator_3.py took 0.039 seconds
