[2022-07-31 21:12:57,469] {processor.py:153} INFO - Started process (PID=4980) to work on /home/renan/datapipeline/.env/lib/python3.8/site-packages/airflow/example_dags/example_subdag_operator.py
[2022-07-31 21:12:57,469] {processor.py:641} INFO - Processing file /home/renan/datapipeline/.env/lib/python3.8/site-packages/airflow/example_dags/example_subdag_operator.py for tasks to queue
[2022-07-31 21:12:57,469] {logging_mixin.py:115} INFO - [2022-07-31 21:12:57,469] {dagbag.py:508} INFO - Filling up the DagBag from /home/renan/datapipeline/.env/lib/python3.8/site-packages/airflow/example_dags/example_subdag_operator.py
[2022-07-31 21:12:57,482] {processor.py:651} INFO - DAG(s) dict_keys(['example_subdag_operator.section-1', 'example_subdag_operator.section-2', 'example_subdag_operator']) retrieved from /home/renan/datapipeline/.env/lib/python3.8/site-packages/airflow/example_dags/example_subdag_operator.py
[2022-07-31 21:12:57,498] {logging_mixin.py:115} INFO - [2022-07-31 21:12:57,498] {dag.py:2420} INFO - Sync 3 DAGs
[2022-07-31 21:12:57,507] {logging_mixin.py:115} INFO - [2022-07-31 21:12:57,507] {dag.py:2968} INFO - Setting next_dagrun for example_subdag_operator to 2022-01-01T00:00:00+00:00, run_after=2022-01-01T00:00:00+00:00
[2022-07-31 21:12:57,507] {logging_mixin.py:115} INFO - [2022-07-31 21:12:57,507] {dag.py:2968} INFO - Setting next_dagrun for example_subdag_operator.section-1 to None, run_after=None
[2022-07-31 21:12:57,507] {logging_mixin.py:115} INFO - [2022-07-31 21:12:57,507] {dag.py:2968} INFO - Setting next_dagrun for example_subdag_operator.section-2 to None, run_after=None
[2022-07-31 21:12:57,509] {logging_mixin.py:115} INFO - [2022-07-31 21:12:57,509] {dag.py:2420} INFO - Sync 2 DAGs
[2022-07-31 21:12:57,511] {logging_mixin.py:115} INFO - [2022-07-31 21:12:57,511] {dag.py:2968} INFO - Setting next_dagrun for example_subdag_operator.section-1 to None, run_after=None
[2022-07-31 21:12:57,512] {logging_mixin.py:115} INFO - [2022-07-31 21:12:57,511] {dag.py:2968} INFO - Setting next_dagrun for example_subdag_operator.section-2 to None, run_after=None
[2022-07-31 21:12:57,518] {processor.py:161} INFO - Processing /home/renan/datapipeline/.env/lib/python3.8/site-packages/airflow/example_dags/example_subdag_operator.py took 0.051 seconds
[2022-07-31 21:13:30,524] {processor.py:153} INFO - Started process (PID=5028) to work on /home/renan/datapipeline/.env/lib/python3.8/site-packages/airflow/example_dags/example_subdag_operator.py
[2022-07-31 21:13:30,524] {processor.py:641} INFO - Processing file /home/renan/datapipeline/.env/lib/python3.8/site-packages/airflow/example_dags/example_subdag_operator.py for tasks to queue
[2022-07-31 21:13:30,524] {logging_mixin.py:115} INFO - [2022-07-31 21:13:30,524] {dagbag.py:508} INFO - Filling up the DagBag from /home/renan/datapipeline/.env/lib/python3.8/site-packages/airflow/example_dags/example_subdag_operator.py
[2022-07-31 21:13:30,536] {processor.py:651} INFO - DAG(s) dict_keys(['example_subdag_operator.section-1', 'example_subdag_operator.section-2', 'example_subdag_operator']) retrieved from /home/renan/datapipeline/.env/lib/python3.8/site-packages/airflow/example_dags/example_subdag_operator.py
[2022-07-31 21:13:30,551] {logging_mixin.py:115} INFO - [2022-07-31 21:13:30,551] {dag.py:2420} INFO - Sync 3 DAGs
[2022-07-31 21:13:30,560] {logging_mixin.py:115} INFO - [2022-07-31 21:13:30,560] {dag.py:2968} INFO - Setting next_dagrun for example_subdag_operator to 2022-01-01T00:00:00+00:00, run_after=2022-01-01T00:00:00+00:00
[2022-07-31 21:13:30,560] {logging_mixin.py:115} INFO - [2022-07-31 21:13:30,560] {dag.py:2968} INFO - Setting next_dagrun for example_subdag_operator.section-1 to None, run_after=None
[2022-07-31 21:13:30,560] {logging_mixin.py:115} INFO - [2022-07-31 21:13:30,560] {dag.py:2968} INFO - Setting next_dagrun for example_subdag_operator.section-2 to None, run_after=None
[2022-07-31 21:13:30,563] {logging_mixin.py:115} INFO - [2022-07-31 21:13:30,563] {dag.py:2420} INFO - Sync 2 DAGs
[2022-07-31 21:13:30,565] {logging_mixin.py:115} INFO - [2022-07-31 21:13:30,565] {dag.py:2968} INFO - Setting next_dagrun for example_subdag_operator.section-1 to None, run_after=None
[2022-07-31 21:13:30,565] {logging_mixin.py:115} INFO - [2022-07-31 21:13:30,565] {dag.py:2968} INFO - Setting next_dagrun for example_subdag_operator.section-2 to None, run_after=None
[2022-07-31 21:13:30,571] {processor.py:161} INFO - Processing /home/renan/datapipeline/.env/lib/python3.8/site-packages/airflow/example_dags/example_subdag_operator.py took 0.049 seconds
[2022-07-31 21:14:04,202] {processor.py:153} INFO - Started process (PID=5067) to work on /home/renan/datapipeline/.env/lib/python3.8/site-packages/airflow/example_dags/example_subdag_operator.py
[2022-07-31 21:14:04,203] {processor.py:641} INFO - Processing file /home/renan/datapipeline/.env/lib/python3.8/site-packages/airflow/example_dags/example_subdag_operator.py for tasks to queue
[2022-07-31 21:14:04,203] {logging_mixin.py:115} INFO - [2022-07-31 21:14:04,203] {dagbag.py:508} INFO - Filling up the DagBag from /home/renan/datapipeline/.env/lib/python3.8/site-packages/airflow/example_dags/example_subdag_operator.py
[2022-07-31 21:14:04,215] {processor.py:651} INFO - DAG(s) dict_keys(['example_subdag_operator.section-1', 'example_subdag_operator.section-2', 'example_subdag_operator']) retrieved from /home/renan/datapipeline/.env/lib/python3.8/site-packages/airflow/example_dags/example_subdag_operator.py
[2022-07-31 21:14:04,231] {logging_mixin.py:115} INFO - [2022-07-31 21:14:04,230] {dag.py:2420} INFO - Sync 3 DAGs
[2022-07-31 21:14:04,239] {logging_mixin.py:115} INFO - [2022-07-31 21:14:04,239] {dag.py:2968} INFO - Setting next_dagrun for example_subdag_operator to 2022-01-01T00:00:00+00:00, run_after=2022-01-01T00:00:00+00:00
[2022-07-31 21:14:04,240] {logging_mixin.py:115} INFO - [2022-07-31 21:14:04,240] {dag.py:2968} INFO - Setting next_dagrun for example_subdag_operator.section-1 to None, run_after=None
[2022-07-31 21:14:04,240] {logging_mixin.py:115} INFO - [2022-07-31 21:14:04,240] {dag.py:2968} INFO - Setting next_dagrun for example_subdag_operator.section-2 to None, run_after=None
[2022-07-31 21:14:04,242] {logging_mixin.py:115} INFO - [2022-07-31 21:14:04,242] {dag.py:2420} INFO - Sync 2 DAGs
[2022-07-31 21:14:04,244] {logging_mixin.py:115} INFO - [2022-07-31 21:14:04,244] {dag.py:2968} INFO - Setting next_dagrun for example_subdag_operator.section-1 to None, run_after=None
[2022-07-31 21:14:04,244] {logging_mixin.py:115} INFO - [2022-07-31 21:14:04,244] {dag.py:2968} INFO - Setting next_dagrun for example_subdag_operator.section-2 to None, run_after=None
[2022-07-31 21:14:04,252] {processor.py:161} INFO - Processing /home/renan/datapipeline/.env/lib/python3.8/site-packages/airflow/example_dags/example_subdag_operator.py took 0.052 seconds
[2022-07-31 21:14:38,327] {processor.py:153} INFO - Started process (PID=5121) to work on /home/renan/datapipeline/.env/lib/python3.8/site-packages/airflow/example_dags/example_subdag_operator.py
[2022-07-31 21:14:38,328] {processor.py:641} INFO - Processing file /home/renan/datapipeline/.env/lib/python3.8/site-packages/airflow/example_dags/example_subdag_operator.py for tasks to queue
[2022-07-31 21:14:38,328] {logging_mixin.py:115} INFO - [2022-07-31 21:14:38,328] {dagbag.py:508} INFO - Filling up the DagBag from /home/renan/datapipeline/.env/lib/python3.8/site-packages/airflow/example_dags/example_subdag_operator.py
[2022-07-31 21:14:38,341] {processor.py:651} INFO - DAG(s) dict_keys(['example_subdag_operator.section-1', 'example_subdag_operator.section-2', 'example_subdag_operator']) retrieved from /home/renan/datapipeline/.env/lib/python3.8/site-packages/airflow/example_dags/example_subdag_operator.py
[2022-07-31 21:14:38,357] {logging_mixin.py:115} INFO - [2022-07-31 21:14:38,357] {dag.py:2420} INFO - Sync 3 DAGs
[2022-07-31 21:14:38,366] {logging_mixin.py:115} INFO - [2022-07-31 21:14:38,366] {dag.py:2968} INFO - Setting next_dagrun for example_subdag_operator to 2022-01-01T00:00:00+00:00, run_after=2022-01-01T00:00:00+00:00
[2022-07-31 21:14:38,366] {logging_mixin.py:115} INFO - [2022-07-31 21:14:38,366] {dag.py:2968} INFO - Setting next_dagrun for example_subdag_operator.section-1 to None, run_after=None
[2022-07-31 21:14:38,366] {logging_mixin.py:115} INFO - [2022-07-31 21:14:38,366] {dag.py:2968} INFO - Setting next_dagrun for example_subdag_operator.section-2 to None, run_after=None
[2022-07-31 21:14:38,368] {logging_mixin.py:115} INFO - [2022-07-31 21:14:38,368] {dag.py:2420} INFO - Sync 2 DAGs
[2022-07-31 21:14:38,370] {logging_mixin.py:115} INFO - [2022-07-31 21:14:38,370] {dag.py:2968} INFO - Setting next_dagrun for example_subdag_operator.section-1 to None, run_after=None
[2022-07-31 21:14:38,370] {logging_mixin.py:115} INFO - [2022-07-31 21:14:38,370] {dag.py:2968} INFO - Setting next_dagrun for example_subdag_operator.section-2 to None, run_after=None
[2022-07-31 21:14:38,377] {processor.py:161} INFO - Processing /home/renan/datapipeline/.env/lib/python3.8/site-packages/airflow/example_dags/example_subdag_operator.py took 0.051 seconds
[2022-07-31 21:15:10,877] {processor.py:153} INFO - Started process (PID=5174) to work on /home/renan/datapipeline/.env/lib/python3.8/site-packages/airflow/example_dags/example_subdag_operator.py
[2022-07-31 21:15:10,877] {processor.py:641} INFO - Processing file /home/renan/datapipeline/.env/lib/python3.8/site-packages/airflow/example_dags/example_subdag_operator.py for tasks to queue
[2022-07-31 21:15:10,878] {logging_mixin.py:115} INFO - [2022-07-31 21:15:10,878] {dagbag.py:508} INFO - Filling up the DagBag from /home/renan/datapipeline/.env/lib/python3.8/site-packages/airflow/example_dags/example_subdag_operator.py
[2022-07-31 21:15:10,890] {processor.py:651} INFO - DAG(s) dict_keys(['example_subdag_operator.section-1', 'example_subdag_operator.section-2', 'example_subdag_operator']) retrieved from /home/renan/datapipeline/.env/lib/python3.8/site-packages/airflow/example_dags/example_subdag_operator.py
[2022-07-31 21:15:10,905] {logging_mixin.py:115} INFO - [2022-07-31 21:15:10,905] {dag.py:2420} INFO - Sync 3 DAGs
[2022-07-31 21:15:10,914] {logging_mixin.py:115} INFO - [2022-07-31 21:15:10,914] {dag.py:2968} INFO - Setting next_dagrun for example_subdag_operator to 2022-01-01T00:00:00+00:00, run_after=2022-01-01T00:00:00+00:00
[2022-07-31 21:15:10,914] {logging_mixin.py:115} INFO - [2022-07-31 21:15:10,914] {dag.py:2968} INFO - Setting next_dagrun for example_subdag_operator.section-1 to None, run_after=None
[2022-07-31 21:15:10,914] {logging_mixin.py:115} INFO - [2022-07-31 21:15:10,914] {dag.py:2968} INFO - Setting next_dagrun for example_subdag_operator.section-2 to None, run_after=None
[2022-07-31 21:15:10,917] {logging_mixin.py:115} INFO - [2022-07-31 21:15:10,917] {dag.py:2420} INFO - Sync 2 DAGs
[2022-07-31 21:15:10,919] {logging_mixin.py:115} INFO - [2022-07-31 21:15:10,919] {dag.py:2968} INFO - Setting next_dagrun for example_subdag_operator.section-1 to None, run_after=None
[2022-07-31 21:15:10,919] {logging_mixin.py:115} INFO - [2022-07-31 21:15:10,919] {dag.py:2968} INFO - Setting next_dagrun for example_subdag_operator.section-2 to None, run_after=None
[2022-07-31 21:15:10,926] {processor.py:161} INFO - Processing /home/renan/datapipeline/.env/lib/python3.8/site-packages/airflow/example_dags/example_subdag_operator.py took 0.051 seconds
[2022-07-31 21:15:46,055] {processor.py:153} INFO - Started process (PID=5219) to work on /home/renan/datapipeline/.env/lib/python3.8/site-packages/airflow/example_dags/example_subdag_operator.py
[2022-07-31 21:15:46,056] {processor.py:641} INFO - Processing file /home/renan/datapipeline/.env/lib/python3.8/site-packages/airflow/example_dags/example_subdag_operator.py for tasks to queue
[2022-07-31 21:15:46,056] {logging_mixin.py:115} INFO - [2022-07-31 21:15:46,056] {dagbag.py:508} INFO - Filling up the DagBag from /home/renan/datapipeline/.env/lib/python3.8/site-packages/airflow/example_dags/example_subdag_operator.py
[2022-07-31 21:15:46,069] {processor.py:651} INFO - DAG(s) dict_keys(['example_subdag_operator.section-1', 'example_subdag_operator.section-2', 'example_subdag_operator']) retrieved from /home/renan/datapipeline/.env/lib/python3.8/site-packages/airflow/example_dags/example_subdag_operator.py
[2022-07-31 21:15:46,085] {logging_mixin.py:115} INFO - [2022-07-31 21:15:46,084] {dag.py:2420} INFO - Sync 3 DAGs
[2022-07-31 21:15:46,094] {logging_mixin.py:115} INFO - [2022-07-31 21:15:46,093] {dag.py:2968} INFO - Setting next_dagrun for example_subdag_operator to 2022-01-01T00:00:00+00:00, run_after=2022-01-01T00:00:00+00:00
[2022-07-31 21:15:46,094] {logging_mixin.py:115} INFO - [2022-07-31 21:15:46,094] {dag.py:2968} INFO - Setting next_dagrun for example_subdag_operator.section-1 to None, run_after=None
[2022-07-31 21:15:46,094] {logging_mixin.py:115} INFO - [2022-07-31 21:15:46,094] {dag.py:2968} INFO - Setting next_dagrun for example_subdag_operator.section-2 to None, run_after=None
[2022-07-31 21:15:46,096] {logging_mixin.py:115} INFO - [2022-07-31 21:15:46,096] {dag.py:2420} INFO - Sync 2 DAGs
[2022-07-31 21:15:46,098] {logging_mixin.py:115} INFO - [2022-07-31 21:15:46,098] {dag.py:2968} INFO - Setting next_dagrun for example_subdag_operator.section-1 to None, run_after=None
[2022-07-31 21:15:46,098] {logging_mixin.py:115} INFO - [2022-07-31 21:15:46,098] {dag.py:2968} INFO - Setting next_dagrun for example_subdag_operator.section-2 to None, run_after=None
[2022-07-31 21:15:46,105] {processor.py:161} INFO - Processing /home/renan/datapipeline/.env/lib/python3.8/site-packages/airflow/example_dags/example_subdag_operator.py took 0.052 seconds
[2022-07-31 21:16:17,473] {processor.py:153} INFO - Started process (PID=5259) to work on /home/renan/datapipeline/.env/lib/python3.8/site-packages/airflow/example_dags/example_subdag_operator.py
[2022-07-31 21:16:17,474] {processor.py:641} INFO - Processing file /home/renan/datapipeline/.env/lib/python3.8/site-packages/airflow/example_dags/example_subdag_operator.py for tasks to queue
[2022-07-31 21:16:17,474] {logging_mixin.py:115} INFO - [2022-07-31 21:16:17,474] {dagbag.py:508} INFO - Filling up the DagBag from /home/renan/datapipeline/.env/lib/python3.8/site-packages/airflow/example_dags/example_subdag_operator.py
[2022-07-31 21:16:17,486] {processor.py:651} INFO - DAG(s) dict_keys(['example_subdag_operator.section-1', 'example_subdag_operator.section-2', 'example_subdag_operator']) retrieved from /home/renan/datapipeline/.env/lib/python3.8/site-packages/airflow/example_dags/example_subdag_operator.py
[2022-07-31 21:16:17,501] {logging_mixin.py:115} INFO - [2022-07-31 21:16:17,501] {dag.py:2420} INFO - Sync 3 DAGs
[2022-07-31 21:16:17,510] {logging_mixin.py:115} INFO - [2022-07-31 21:16:17,510] {dag.py:2968} INFO - Setting next_dagrun for example_subdag_operator to 2022-01-01T00:00:00+00:00, run_after=2022-01-01T00:00:00+00:00
[2022-07-31 21:16:17,510] {logging_mixin.py:115} INFO - [2022-07-31 21:16:17,510] {dag.py:2968} INFO - Setting next_dagrun for example_subdag_operator.section-1 to None, run_after=None
[2022-07-31 21:16:17,510] {logging_mixin.py:115} INFO - [2022-07-31 21:16:17,510] {dag.py:2968} INFO - Setting next_dagrun for example_subdag_operator.section-2 to None, run_after=None
[2022-07-31 21:16:17,513] {logging_mixin.py:115} INFO - [2022-07-31 21:16:17,513] {dag.py:2420} INFO - Sync 2 DAGs
[2022-07-31 21:16:17,515] {logging_mixin.py:115} INFO - [2022-07-31 21:16:17,515] {dag.py:2968} INFO - Setting next_dagrun for example_subdag_operator.section-1 to None, run_after=None
[2022-07-31 21:16:17,515] {logging_mixin.py:115} INFO - [2022-07-31 21:16:17,515] {dag.py:2968} INFO - Setting next_dagrun for example_subdag_operator.section-2 to None, run_after=None
[2022-07-31 21:16:17,521] {processor.py:161} INFO - Processing /home/renan/datapipeline/.env/lib/python3.8/site-packages/airflow/example_dags/example_subdag_operator.py took 0.049 seconds
[2022-07-31 21:16:52,426] {processor.py:153} INFO - Started process (PID=5302) to work on /home/renan/datapipeline/.env/lib/python3.8/site-packages/airflow/example_dags/example_subdag_operator.py
[2022-07-31 21:16:52,426] {processor.py:641} INFO - Processing file /home/renan/datapipeline/.env/lib/python3.8/site-packages/airflow/example_dags/example_subdag_operator.py for tasks to queue
[2022-07-31 21:16:52,426] {logging_mixin.py:115} INFO - [2022-07-31 21:16:52,426] {dagbag.py:508} INFO - Filling up the DagBag from /home/renan/datapipeline/.env/lib/python3.8/site-packages/airflow/example_dags/example_subdag_operator.py
[2022-07-31 21:16:52,438] {processor.py:651} INFO - DAG(s) dict_keys(['example_subdag_operator.section-1', 'example_subdag_operator.section-2', 'example_subdag_operator']) retrieved from /home/renan/datapipeline/.env/lib/python3.8/site-packages/airflow/example_dags/example_subdag_operator.py
[2022-07-31 21:16:52,454] {logging_mixin.py:115} INFO - [2022-07-31 21:16:52,454] {dag.py:2420} INFO - Sync 3 DAGs
[2022-07-31 21:16:52,463] {logging_mixin.py:115} INFO - [2022-07-31 21:16:52,463] {dag.py:2968} INFO - Setting next_dagrun for example_subdag_operator to 2022-01-01T00:00:00+00:00, run_after=2022-01-01T00:00:00+00:00
[2022-07-31 21:16:52,463] {logging_mixin.py:115} INFO - [2022-07-31 21:16:52,463] {dag.py:2968} INFO - Setting next_dagrun for example_subdag_operator.section-1 to None, run_after=None
[2022-07-31 21:16:52,463] {logging_mixin.py:115} INFO - [2022-07-31 21:16:52,463] {dag.py:2968} INFO - Setting next_dagrun for example_subdag_operator.section-2 to None, run_after=None
[2022-07-31 21:16:52,466] {logging_mixin.py:115} INFO - [2022-07-31 21:16:52,466] {dag.py:2420} INFO - Sync 2 DAGs
[2022-07-31 21:16:52,468] {logging_mixin.py:115} INFO - [2022-07-31 21:16:52,468] {dag.py:2968} INFO - Setting next_dagrun for example_subdag_operator.section-1 to None, run_after=None
[2022-07-31 21:16:52,468] {logging_mixin.py:115} INFO - [2022-07-31 21:16:52,468] {dag.py:2968} INFO - Setting next_dagrun for example_subdag_operator.section-2 to None, run_after=None
[2022-07-31 21:16:52,475] {processor.py:161} INFO - Processing /home/renan/datapipeline/.env/lib/python3.8/site-packages/airflow/example_dags/example_subdag_operator.py took 0.051 seconds
[2022-07-31 21:17:27,450] {processor.py:153} INFO - Started process (PID=5353) to work on /home/renan/datapipeline/.env/lib/python3.8/site-packages/airflow/example_dags/example_subdag_operator.py
[2022-07-31 21:17:27,450] {processor.py:641} INFO - Processing file /home/renan/datapipeline/.env/lib/python3.8/site-packages/airflow/example_dags/example_subdag_operator.py for tasks to queue
[2022-07-31 21:17:27,450] {logging_mixin.py:115} INFO - [2022-07-31 21:17:27,450] {dagbag.py:508} INFO - Filling up the DagBag from /home/renan/datapipeline/.env/lib/python3.8/site-packages/airflow/example_dags/example_subdag_operator.py
[2022-07-31 21:17:27,463] {processor.py:651} INFO - DAG(s) dict_keys(['example_subdag_operator.section-1', 'example_subdag_operator.section-2', 'example_subdag_operator']) retrieved from /home/renan/datapipeline/.env/lib/python3.8/site-packages/airflow/example_dags/example_subdag_operator.py
[2022-07-31 21:17:27,478] {logging_mixin.py:115} INFO - [2022-07-31 21:17:27,478] {dag.py:2420} INFO - Sync 3 DAGs
[2022-07-31 21:17:27,487] {logging_mixin.py:115} INFO - [2022-07-31 21:17:27,486] {dag.py:2968} INFO - Setting next_dagrun for example_subdag_operator to 2022-01-01T00:00:00+00:00, run_after=2022-01-01T00:00:00+00:00
[2022-07-31 21:17:27,487] {logging_mixin.py:115} INFO - [2022-07-31 21:17:27,487] {dag.py:2968} INFO - Setting next_dagrun for example_subdag_operator.section-1 to None, run_after=None
[2022-07-31 21:17:27,487] {logging_mixin.py:115} INFO - [2022-07-31 21:17:27,487] {dag.py:2968} INFO - Setting next_dagrun for example_subdag_operator.section-2 to None, run_after=None
[2022-07-31 21:17:27,489] {logging_mixin.py:115} INFO - [2022-07-31 21:17:27,489] {dag.py:2420} INFO - Sync 2 DAGs
[2022-07-31 21:17:27,491] {logging_mixin.py:115} INFO - [2022-07-31 21:17:27,491] {dag.py:2968} INFO - Setting next_dagrun for example_subdag_operator.section-1 to None, run_after=None
[2022-07-31 21:17:27,491] {logging_mixin.py:115} INFO - [2022-07-31 21:17:27,491] {dag.py:2968} INFO - Setting next_dagrun for example_subdag_operator.section-2 to None, run_after=None
[2022-07-31 21:17:27,499] {processor.py:161} INFO - Processing /home/renan/datapipeline/.env/lib/python3.8/site-packages/airflow/example_dags/example_subdag_operator.py took 0.051 seconds
[2022-07-31 22:20:46,664] {processor.py:153} INFO - Started process (PID=7031) to work on /home/renan/datapipeline/.env/lib/python3.8/site-packages/airflow/example_dags/example_subdag_operator.py
[2022-07-31 22:20:46,665] {processor.py:641} INFO - Processing file /home/renan/datapipeline/.env/lib/python3.8/site-packages/airflow/example_dags/example_subdag_operator.py for tasks to queue
[2022-07-31 22:20:46,665] {logging_mixin.py:115} INFO - [2022-07-31 22:20:46,665] {dagbag.py:508} INFO - Filling up the DagBag from /home/renan/datapipeline/.env/lib/python3.8/site-packages/airflow/example_dags/example_subdag_operator.py
[2022-07-31 22:20:46,677] {processor.py:651} INFO - DAG(s) dict_keys(['example_subdag_operator.section-1', 'example_subdag_operator.section-2', 'example_subdag_operator']) retrieved from /home/renan/datapipeline/.env/lib/python3.8/site-packages/airflow/example_dags/example_subdag_operator.py
[2022-07-31 22:20:46,692] {logging_mixin.py:115} INFO - [2022-07-31 22:20:46,692] {dag.py:2420} INFO - Sync 3 DAGs
[2022-07-31 22:20:46,701] {logging_mixin.py:115} INFO - [2022-07-31 22:20:46,701] {dag.py:2968} INFO - Setting next_dagrun for example_subdag_operator to 2022-01-01T00:00:00+00:00, run_after=2022-01-01T00:00:00+00:00
[2022-07-31 22:20:46,702] {logging_mixin.py:115} INFO - [2022-07-31 22:20:46,702] {dag.py:2968} INFO - Setting next_dagrun for example_subdag_operator.section-1 to None, run_after=None
[2022-07-31 22:20:46,702] {logging_mixin.py:115} INFO - [2022-07-31 22:20:46,702] {dag.py:2968} INFO - Setting next_dagrun for example_subdag_operator.section-2 to None, run_after=None
[2022-07-31 22:20:46,704] {logging_mixin.py:115} INFO - [2022-07-31 22:20:46,704] {dag.py:2420} INFO - Sync 2 DAGs
[2022-07-31 22:20:46,706] {logging_mixin.py:115} INFO - [2022-07-31 22:20:46,706] {dag.py:2968} INFO - Setting next_dagrun for example_subdag_operator.section-1 to None, run_after=None
[2022-07-31 22:20:46,707] {logging_mixin.py:115} INFO - [2022-07-31 22:20:46,707] {dag.py:2968} INFO - Setting next_dagrun for example_subdag_operator.section-2 to None, run_after=None
[2022-07-31 22:20:46,713] {processor.py:161} INFO - Processing /home/renan/datapipeline/.env/lib/python3.8/site-packages/airflow/example_dags/example_subdag_operator.py took 0.051 seconds
[2022-07-31 22:21:19,722] {processor.py:153} INFO - Started process (PID=7072) to work on /home/renan/datapipeline/.env/lib/python3.8/site-packages/airflow/example_dags/example_subdag_operator.py
[2022-07-31 22:21:19,723] {processor.py:641} INFO - Processing file /home/renan/datapipeline/.env/lib/python3.8/site-packages/airflow/example_dags/example_subdag_operator.py for tasks to queue
[2022-07-31 22:21:19,723] {logging_mixin.py:115} INFO - [2022-07-31 22:21:19,723] {dagbag.py:508} INFO - Filling up the DagBag from /home/renan/datapipeline/.env/lib/python3.8/site-packages/airflow/example_dags/example_subdag_operator.py
[2022-07-31 22:21:19,735] {processor.py:651} INFO - DAG(s) dict_keys(['example_subdag_operator.section-1', 'example_subdag_operator.section-2', 'example_subdag_operator']) retrieved from /home/renan/datapipeline/.env/lib/python3.8/site-packages/airflow/example_dags/example_subdag_operator.py
[2022-07-31 22:21:19,751] {logging_mixin.py:115} INFO - [2022-07-31 22:21:19,751] {dag.py:2420} INFO - Sync 3 DAGs
[2022-07-31 22:21:19,760] {logging_mixin.py:115} INFO - [2022-07-31 22:21:19,760] {dag.py:2968} INFO - Setting next_dagrun for example_subdag_operator to 2022-01-01T00:00:00+00:00, run_after=2022-01-01T00:00:00+00:00
[2022-07-31 22:21:19,760] {logging_mixin.py:115} INFO - [2022-07-31 22:21:19,760] {dag.py:2968} INFO - Setting next_dagrun for example_subdag_operator.section-1 to None, run_after=None
[2022-07-31 22:21:19,760] {logging_mixin.py:115} INFO - [2022-07-31 22:21:19,760] {dag.py:2968} INFO - Setting next_dagrun for example_subdag_operator.section-2 to None, run_after=None
[2022-07-31 22:21:19,763] {logging_mixin.py:115} INFO - [2022-07-31 22:21:19,763] {dag.py:2420} INFO - Sync 2 DAGs
[2022-07-31 22:21:19,765] {logging_mixin.py:115} INFO - [2022-07-31 22:21:19,765] {dag.py:2968} INFO - Setting next_dagrun for example_subdag_operator.section-1 to None, run_after=None
[2022-07-31 22:21:19,765] {logging_mixin.py:115} INFO - [2022-07-31 22:21:19,765] {dag.py:2968} INFO - Setting next_dagrun for example_subdag_operator.section-2 to None, run_after=None
[2022-07-31 22:21:19,773] {processor.py:161} INFO - Processing /home/renan/datapipeline/.env/lib/python3.8/site-packages/airflow/example_dags/example_subdag_operator.py took 0.053 seconds
[2022-07-31 22:21:53,386] {processor.py:153} INFO - Started process (PID=7135) to work on /home/renan/datapipeline/.env/lib/python3.8/site-packages/airflow/example_dags/example_subdag_operator.py
[2022-07-31 22:21:53,387] {processor.py:641} INFO - Processing file /home/renan/datapipeline/.env/lib/python3.8/site-packages/airflow/example_dags/example_subdag_operator.py for tasks to queue
[2022-07-31 22:21:53,387] {logging_mixin.py:115} INFO - [2022-07-31 22:21:53,387] {dagbag.py:508} INFO - Filling up the DagBag from /home/renan/datapipeline/.env/lib/python3.8/site-packages/airflow/example_dags/example_subdag_operator.py
[2022-07-31 22:21:53,399] {processor.py:651} INFO - DAG(s) dict_keys(['example_subdag_operator.section-1', 'example_subdag_operator.section-2', 'example_subdag_operator']) retrieved from /home/renan/datapipeline/.env/lib/python3.8/site-packages/airflow/example_dags/example_subdag_operator.py
[2022-07-31 22:21:53,414] {logging_mixin.py:115} INFO - [2022-07-31 22:21:53,414] {dag.py:2420} INFO - Sync 3 DAGs
[2022-07-31 22:21:53,423] {logging_mixin.py:115} INFO - [2022-07-31 22:21:53,423] {dag.py:2968} INFO - Setting next_dagrun for example_subdag_operator to 2022-01-01T00:00:00+00:00, run_after=2022-01-01T00:00:00+00:00
[2022-07-31 22:21:53,423] {logging_mixin.py:115} INFO - [2022-07-31 22:21:53,423] {dag.py:2968} INFO - Setting next_dagrun for example_subdag_operator.section-1 to None, run_after=None
[2022-07-31 22:21:53,423] {logging_mixin.py:115} INFO - [2022-07-31 22:21:53,423] {dag.py:2968} INFO - Setting next_dagrun for example_subdag_operator.section-2 to None, run_after=None
[2022-07-31 22:21:53,426] {logging_mixin.py:115} INFO - [2022-07-31 22:21:53,426] {dag.py:2420} INFO - Sync 2 DAGs
[2022-07-31 22:21:53,428] {logging_mixin.py:115} INFO - [2022-07-31 22:21:53,428] {dag.py:2968} INFO - Setting next_dagrun for example_subdag_operator.section-1 to None, run_after=None
[2022-07-31 22:21:53,428] {logging_mixin.py:115} INFO - [2022-07-31 22:21:53,428] {dag.py:2968} INFO - Setting next_dagrun for example_subdag_operator.section-2 to None, run_after=None
[2022-07-31 22:21:53,435] {processor.py:161} INFO - Processing /home/renan/datapipeline/.env/lib/python3.8/site-packages/airflow/example_dags/example_subdag_operator.py took 0.050 seconds
[2022-07-31 22:22:27,555] {processor.py:153} INFO - Started process (PID=7188) to work on /home/renan/datapipeline/.env/lib/python3.8/site-packages/airflow/example_dags/example_subdag_operator.py
[2022-07-31 22:22:27,556] {processor.py:641} INFO - Processing file /home/renan/datapipeline/.env/lib/python3.8/site-packages/airflow/example_dags/example_subdag_operator.py for tasks to queue
[2022-07-31 22:22:27,556] {logging_mixin.py:115} INFO - [2022-07-31 22:22:27,556] {dagbag.py:508} INFO - Filling up the DagBag from /home/renan/datapipeline/.env/lib/python3.8/site-packages/airflow/example_dags/example_subdag_operator.py
[2022-07-31 22:22:27,572] {processor.py:651} INFO - DAG(s) dict_keys(['example_subdag_operator.section-1', 'example_subdag_operator.section-2', 'example_subdag_operator']) retrieved from /home/renan/datapipeline/.env/lib/python3.8/site-packages/airflow/example_dags/example_subdag_operator.py
[2022-07-31 22:22:27,590] {logging_mixin.py:115} INFO - [2022-07-31 22:22:27,590] {dag.py:2420} INFO - Sync 3 DAGs
[2022-07-31 22:22:27,601] {logging_mixin.py:115} INFO - [2022-07-31 22:22:27,601] {dag.py:2968} INFO - Setting next_dagrun for example_subdag_operator to 2022-01-01T00:00:00+00:00, run_after=2022-01-01T00:00:00+00:00
[2022-07-31 22:22:27,601] {logging_mixin.py:115} INFO - [2022-07-31 22:22:27,601] {dag.py:2968} INFO - Setting next_dagrun for example_subdag_operator.section-1 to None, run_after=None
[2022-07-31 22:22:27,601] {logging_mixin.py:115} INFO - [2022-07-31 22:22:27,601] {dag.py:2968} INFO - Setting next_dagrun for example_subdag_operator.section-2 to None, run_after=None
[2022-07-31 22:22:27,604] {logging_mixin.py:115} INFO - [2022-07-31 22:22:27,604] {dag.py:2420} INFO - Sync 2 DAGs
[2022-07-31 22:22:27,606] {logging_mixin.py:115} INFO - [2022-07-31 22:22:27,606] {dag.py:2968} INFO - Setting next_dagrun for example_subdag_operator.section-1 to None, run_after=None
[2022-07-31 22:22:27,606] {logging_mixin.py:115} INFO - [2022-07-31 22:22:27,606] {dag.py:2968} INFO - Setting next_dagrun for example_subdag_operator.section-2 to None, run_after=None
[2022-07-31 22:22:27,613] {processor.py:161} INFO - Processing /home/renan/datapipeline/.env/lib/python3.8/site-packages/airflow/example_dags/example_subdag_operator.py took 0.061 seconds
[2022-07-31 22:23:00,127] {processor.py:153} INFO - Started process (PID=7228) to work on /home/renan/datapipeline/.env/lib/python3.8/site-packages/airflow/example_dags/example_subdag_operator.py
[2022-07-31 22:23:00,129] {processor.py:641} INFO - Processing file /home/renan/datapipeline/.env/lib/python3.8/site-packages/airflow/example_dags/example_subdag_operator.py for tasks to queue
[2022-07-31 22:23:00,129] {logging_mixin.py:115} INFO - [2022-07-31 22:23:00,129] {dagbag.py:508} INFO - Filling up the DagBag from /home/renan/datapipeline/.env/lib/python3.8/site-packages/airflow/example_dags/example_subdag_operator.py
[2022-07-31 22:23:00,147] {processor.py:651} INFO - DAG(s) dict_keys(['example_subdag_operator.section-1', 'example_subdag_operator.section-2', 'example_subdag_operator']) retrieved from /home/renan/datapipeline/.env/lib/python3.8/site-packages/airflow/example_dags/example_subdag_operator.py
[2022-07-31 22:23:00,172] {logging_mixin.py:115} INFO - [2022-07-31 22:23:00,172] {dag.py:2420} INFO - Sync 3 DAGs
[2022-07-31 22:23:00,192] {logging_mixin.py:115} INFO - [2022-07-31 22:23:00,192] {dag.py:2968} INFO - Setting next_dagrun for example_subdag_operator to 2022-01-01T00:00:00+00:00, run_after=2022-01-01T00:00:00+00:00
[2022-07-31 22:23:00,192] {logging_mixin.py:115} INFO - [2022-07-31 22:23:00,192] {dag.py:2968} INFO - Setting next_dagrun for example_subdag_operator.section-1 to None, run_after=None
[2022-07-31 22:23:00,192] {logging_mixin.py:115} INFO - [2022-07-31 22:23:00,192] {dag.py:2968} INFO - Setting next_dagrun for example_subdag_operator.section-2 to None, run_after=None
[2022-07-31 22:23:00,198] {logging_mixin.py:115} INFO - [2022-07-31 22:23:00,197] {dag.py:2420} INFO - Sync 2 DAGs
[2022-07-31 22:23:00,203] {logging_mixin.py:115} INFO - [2022-07-31 22:23:00,203] {dag.py:2968} INFO - Setting next_dagrun for example_subdag_operator.section-1 to None, run_after=None
[2022-07-31 22:23:00,203] {logging_mixin.py:115} INFO - [2022-07-31 22:23:00,203] {dag.py:2968} INFO - Setting next_dagrun for example_subdag_operator.section-2 to None, run_after=None
[2022-07-31 22:23:00,215] {processor.py:161} INFO - Processing /home/renan/datapipeline/.env/lib/python3.8/site-packages/airflow/example_dags/example_subdag_operator.py took 0.091 seconds
[2022-07-31 22:23:34,306] {processor.py:153} INFO - Started process (PID=7267) to work on /home/renan/datapipeline/.env/lib/python3.8/site-packages/airflow/example_dags/example_subdag_operator.py
[2022-07-31 22:23:34,306] {processor.py:641} INFO - Processing file /home/renan/datapipeline/.env/lib/python3.8/site-packages/airflow/example_dags/example_subdag_operator.py for tasks to queue
[2022-07-31 22:23:34,306] {logging_mixin.py:115} INFO - [2022-07-31 22:23:34,306] {dagbag.py:508} INFO - Filling up the DagBag from /home/renan/datapipeline/.env/lib/python3.8/site-packages/airflow/example_dags/example_subdag_operator.py
[2022-07-31 22:23:34,319] {processor.py:651} INFO - DAG(s) dict_keys(['example_subdag_operator.section-1', 'example_subdag_operator.section-2', 'example_subdag_operator']) retrieved from /home/renan/datapipeline/.env/lib/python3.8/site-packages/airflow/example_dags/example_subdag_operator.py
[2022-07-31 22:23:34,335] {logging_mixin.py:115} INFO - [2022-07-31 22:23:34,335] {dag.py:2420} INFO - Sync 3 DAGs
[2022-07-31 22:23:34,344] {logging_mixin.py:115} INFO - [2022-07-31 22:23:34,344] {dag.py:2968} INFO - Setting next_dagrun for example_subdag_operator to 2022-01-01T00:00:00+00:00, run_after=2022-01-01T00:00:00+00:00
[2022-07-31 22:23:34,344] {logging_mixin.py:115} INFO - [2022-07-31 22:23:34,344] {dag.py:2968} INFO - Setting next_dagrun for example_subdag_operator.section-1 to None, run_after=None
[2022-07-31 22:23:34,344] {logging_mixin.py:115} INFO - [2022-07-31 22:23:34,344] {dag.py:2968} INFO - Setting next_dagrun for example_subdag_operator.section-2 to None, run_after=None
[2022-07-31 22:23:34,347] {logging_mixin.py:115} INFO - [2022-07-31 22:23:34,347] {dag.py:2420} INFO - Sync 2 DAGs
[2022-07-31 22:23:34,349] {logging_mixin.py:115} INFO - [2022-07-31 22:23:34,349] {dag.py:2968} INFO - Setting next_dagrun for example_subdag_operator.section-1 to None, run_after=None
[2022-07-31 22:23:34,349] {logging_mixin.py:115} INFO - [2022-07-31 22:23:34,349] {dag.py:2968} INFO - Setting next_dagrun for example_subdag_operator.section-2 to None, run_after=None
[2022-07-31 22:23:34,359] {processor.py:161} INFO - Processing /home/renan/datapipeline/.env/lib/python3.8/site-packages/airflow/example_dags/example_subdag_operator.py took 0.055 seconds
[2022-07-31 22:24:06,858] {processor.py:153} INFO - Started process (PID=7308) to work on /home/renan/datapipeline/.env/lib/python3.8/site-packages/airflow/example_dags/example_subdag_operator.py
[2022-07-31 22:24:06,859] {processor.py:641} INFO - Processing file /home/renan/datapipeline/.env/lib/python3.8/site-packages/airflow/example_dags/example_subdag_operator.py for tasks to queue
[2022-07-31 22:24:06,859] {logging_mixin.py:115} INFO - [2022-07-31 22:24:06,859] {dagbag.py:508} INFO - Filling up the DagBag from /home/renan/datapipeline/.env/lib/python3.8/site-packages/airflow/example_dags/example_subdag_operator.py
[2022-07-31 22:24:06,872] {processor.py:651} INFO - DAG(s) dict_keys(['example_subdag_operator.section-1', 'example_subdag_operator.section-2', 'example_subdag_operator']) retrieved from /home/renan/datapipeline/.env/lib/python3.8/site-packages/airflow/example_dags/example_subdag_operator.py
[2022-07-31 22:24:06,887] {logging_mixin.py:115} INFO - [2022-07-31 22:24:06,887] {dag.py:2420} INFO - Sync 3 DAGs
[2022-07-31 22:24:06,896] {logging_mixin.py:115} INFO - [2022-07-31 22:24:06,896] {dag.py:2968} INFO - Setting next_dagrun for example_subdag_operator to 2022-01-01T00:00:00+00:00, run_after=2022-01-01T00:00:00+00:00
[2022-07-31 22:24:06,896] {logging_mixin.py:115} INFO - [2022-07-31 22:24:06,896] {dag.py:2968} INFO - Setting next_dagrun for example_subdag_operator.section-1 to None, run_after=None
[2022-07-31 22:24:06,896] {logging_mixin.py:115} INFO - [2022-07-31 22:24:06,896] {dag.py:2968} INFO - Setting next_dagrun for example_subdag_operator.section-2 to None, run_after=None
[2022-07-31 22:24:06,899] {logging_mixin.py:115} INFO - [2022-07-31 22:24:06,899] {dag.py:2420} INFO - Sync 2 DAGs
[2022-07-31 22:24:06,901] {logging_mixin.py:115} INFO - [2022-07-31 22:24:06,901] {dag.py:2968} INFO - Setting next_dagrun for example_subdag_operator.section-1 to None, run_after=None
[2022-07-31 22:24:06,901] {logging_mixin.py:115} INFO - [2022-07-31 22:24:06,901] {dag.py:2968} INFO - Setting next_dagrun for example_subdag_operator.section-2 to None, run_after=None
[2022-07-31 22:24:06,908] {processor.py:161} INFO - Processing /home/renan/datapipeline/.env/lib/python3.8/site-packages/airflow/example_dags/example_subdag_operator.py took 0.051 seconds
[2022-07-31 22:24:40,490] {processor.py:153} INFO - Started process (PID=7423) to work on /home/renan/datapipeline/.env/lib/python3.8/site-packages/airflow/example_dags/example_subdag_operator.py
[2022-07-31 22:24:40,491] {processor.py:641} INFO - Processing file /home/renan/datapipeline/.env/lib/python3.8/site-packages/airflow/example_dags/example_subdag_operator.py for tasks to queue
[2022-07-31 22:24:40,491] {logging_mixin.py:115} INFO - [2022-07-31 22:24:40,491] {dagbag.py:508} INFO - Filling up the DagBag from /home/renan/datapipeline/.env/lib/python3.8/site-packages/airflow/example_dags/example_subdag_operator.py
[2022-07-31 22:24:40,504] {processor.py:651} INFO - DAG(s) dict_keys(['example_subdag_operator.section-1', 'example_subdag_operator.section-2', 'example_subdag_operator']) retrieved from /home/renan/datapipeline/.env/lib/python3.8/site-packages/airflow/example_dags/example_subdag_operator.py
[2022-07-31 22:24:40,521] {logging_mixin.py:115} INFO - [2022-07-31 22:24:40,521] {dag.py:2420} INFO - Sync 3 DAGs
[2022-07-31 22:24:40,531] {logging_mixin.py:115} INFO - [2022-07-31 22:24:40,531] {dag.py:2968} INFO - Setting next_dagrun for example_subdag_operator to 2022-01-01T00:00:00+00:00, run_after=2022-01-01T00:00:00+00:00
[2022-07-31 22:24:40,531] {logging_mixin.py:115} INFO - [2022-07-31 22:24:40,531] {dag.py:2968} INFO - Setting next_dagrun for example_subdag_operator.section-1 to None, run_after=None
[2022-07-31 22:24:40,532] {logging_mixin.py:115} INFO - [2022-07-31 22:24:40,532] {dag.py:2968} INFO - Setting next_dagrun for example_subdag_operator.section-2 to None, run_after=None
[2022-07-31 22:24:40,534] {logging_mixin.py:115} INFO - [2022-07-31 22:24:40,534] {dag.py:2420} INFO - Sync 2 DAGs
[2022-07-31 22:24:40,536] {logging_mixin.py:115} INFO - [2022-07-31 22:24:40,536] {dag.py:2968} INFO - Setting next_dagrun for example_subdag_operator.section-1 to None, run_after=None
[2022-07-31 22:24:40,537] {logging_mixin.py:115} INFO - [2022-07-31 22:24:40,537] {dag.py:2968} INFO - Setting next_dagrun for example_subdag_operator.section-2 to None, run_after=None
[2022-07-31 22:24:40,544] {processor.py:161} INFO - Processing /home/renan/datapipeline/.env/lib/python3.8/site-packages/airflow/example_dags/example_subdag_operator.py took 0.055 seconds
[2022-07-31 22:25:13,132] {processor.py:153} INFO - Started process (PID=7512) to work on /home/renan/datapipeline/.env/lib/python3.8/site-packages/airflow/example_dags/example_subdag_operator.py
[2022-07-31 22:25:13,132] {processor.py:641} INFO - Processing file /home/renan/datapipeline/.env/lib/python3.8/site-packages/airflow/example_dags/example_subdag_operator.py for tasks to queue
[2022-07-31 22:25:13,132] {logging_mixin.py:115} INFO - [2022-07-31 22:25:13,132] {dagbag.py:508} INFO - Filling up the DagBag from /home/renan/datapipeline/.env/lib/python3.8/site-packages/airflow/example_dags/example_subdag_operator.py
[2022-07-31 22:25:13,145] {processor.py:651} INFO - DAG(s) dict_keys(['example_subdag_operator.section-1', 'example_subdag_operator.section-2', 'example_subdag_operator']) retrieved from /home/renan/datapipeline/.env/lib/python3.8/site-packages/airflow/example_dags/example_subdag_operator.py
[2022-07-31 22:25:13,163] {logging_mixin.py:115} INFO - [2022-07-31 22:25:13,162] {dag.py:2420} INFO - Sync 3 DAGs
[2022-07-31 22:25:13,172] {logging_mixin.py:115} INFO - [2022-07-31 22:25:13,172] {dag.py:2968} INFO - Setting next_dagrun for example_subdag_operator to 2022-01-01T00:00:00+00:00, run_after=2022-01-01T00:00:00+00:00
[2022-07-31 22:25:13,173] {logging_mixin.py:115} INFO - [2022-07-31 22:25:13,173] {dag.py:2968} INFO - Setting next_dagrun for example_subdag_operator.section-1 to None, run_after=None
[2022-07-31 22:25:13,173] {logging_mixin.py:115} INFO - [2022-07-31 22:25:13,173] {dag.py:2968} INFO - Setting next_dagrun for example_subdag_operator.section-2 to None, run_after=None
[2022-07-31 22:25:13,176] {logging_mixin.py:115} INFO - [2022-07-31 22:25:13,175] {dag.py:2420} INFO - Sync 2 DAGs
[2022-07-31 22:25:13,178] {logging_mixin.py:115} INFO - [2022-07-31 22:25:13,178] {dag.py:2968} INFO - Setting next_dagrun for example_subdag_operator.section-1 to None, run_after=None
[2022-07-31 22:25:13,178] {logging_mixin.py:115} INFO - [2022-07-31 22:25:13,178] {dag.py:2968} INFO - Setting next_dagrun for example_subdag_operator.section-2 to None, run_after=None
[2022-07-31 22:25:13,185] {processor.py:161} INFO - Processing /home/renan/datapipeline/.env/lib/python3.8/site-packages/airflow/example_dags/example_subdag_operator.py took 0.055 seconds
[2022-07-31 22:25:45,504] {processor.py:153} INFO - Started process (PID=7548) to work on /home/renan/datapipeline/.env/lib/python3.8/site-packages/airflow/example_dags/example_subdag_operator.py
[2022-07-31 22:25:45,504] {processor.py:641} INFO - Processing file /home/renan/datapipeline/.env/lib/python3.8/site-packages/airflow/example_dags/example_subdag_operator.py for tasks to queue
[2022-07-31 22:25:45,504] {logging_mixin.py:115} INFO - [2022-07-31 22:25:45,504] {dagbag.py:508} INFO - Filling up the DagBag from /home/renan/datapipeline/.env/lib/python3.8/site-packages/airflow/example_dags/example_subdag_operator.py
[2022-07-31 22:25:45,518] {processor.py:651} INFO - DAG(s) dict_keys(['example_subdag_operator.section-1', 'example_subdag_operator.section-2', 'example_subdag_operator']) retrieved from /home/renan/datapipeline/.env/lib/python3.8/site-packages/airflow/example_dags/example_subdag_operator.py
[2022-07-31 22:25:45,532] {logging_mixin.py:115} INFO - [2022-07-31 22:25:45,532] {dag.py:2420} INFO - Sync 3 DAGs
[2022-07-31 22:25:45,542] {logging_mixin.py:115} INFO - [2022-07-31 22:25:45,542] {dag.py:2968} INFO - Setting next_dagrun for example_subdag_operator to 2022-01-01T00:00:00+00:00, run_after=2022-01-01T00:00:00+00:00
[2022-07-31 22:25:45,542] {logging_mixin.py:115} INFO - [2022-07-31 22:25:45,542] {dag.py:2968} INFO - Setting next_dagrun for example_subdag_operator.section-1 to None, run_after=None
[2022-07-31 22:25:45,542] {logging_mixin.py:115} INFO - [2022-07-31 22:25:45,542] {dag.py:2968} INFO - Setting next_dagrun for example_subdag_operator.section-2 to None, run_after=None
[2022-07-31 22:25:45,545] {logging_mixin.py:115} INFO - [2022-07-31 22:25:45,544] {dag.py:2420} INFO - Sync 2 DAGs
[2022-07-31 22:25:45,546] {logging_mixin.py:115} INFO - [2022-07-31 22:25:45,546] {dag.py:2968} INFO - Setting next_dagrun for example_subdag_operator.section-1 to None, run_after=None
[2022-07-31 22:25:45,547] {logging_mixin.py:115} INFO - [2022-07-31 22:25:45,547] {dag.py:2968} INFO - Setting next_dagrun for example_subdag_operator.section-2 to None, run_after=None
[2022-07-31 22:25:45,553] {processor.py:161} INFO - Processing /home/renan/datapipeline/.env/lib/python3.8/site-packages/airflow/example_dags/example_subdag_operator.py took 0.051 seconds
[2022-07-31 22:26:19,642] {processor.py:153} INFO - Started process (PID=7597) to work on /home/renan/datapipeline/.env/lib/python3.8/site-packages/airflow/example_dags/example_subdag_operator.py
[2022-07-31 22:26:19,642] {processor.py:641} INFO - Processing file /home/renan/datapipeline/.env/lib/python3.8/site-packages/airflow/example_dags/example_subdag_operator.py for tasks to queue
[2022-07-31 22:26:19,643] {logging_mixin.py:115} INFO - [2022-07-31 22:26:19,643] {dagbag.py:508} INFO - Filling up the DagBag from /home/renan/datapipeline/.env/lib/python3.8/site-packages/airflow/example_dags/example_subdag_operator.py
[2022-07-31 22:26:19,657] {processor.py:651} INFO - DAG(s) dict_keys(['example_subdag_operator.section-1', 'example_subdag_operator.section-2', 'example_subdag_operator']) retrieved from /home/renan/datapipeline/.env/lib/python3.8/site-packages/airflow/example_dags/example_subdag_operator.py
[2022-07-31 22:26:19,672] {logging_mixin.py:115} INFO - [2022-07-31 22:26:19,672] {dag.py:2420} INFO - Sync 3 DAGs
[2022-07-31 22:26:19,681] {logging_mixin.py:115} INFO - [2022-07-31 22:26:19,681] {dag.py:2968} INFO - Setting next_dagrun for example_subdag_operator to 2022-01-01T00:00:00+00:00, run_after=2022-01-01T00:00:00+00:00
[2022-07-31 22:26:19,681] {logging_mixin.py:115} INFO - [2022-07-31 22:26:19,681] {dag.py:2968} INFO - Setting next_dagrun for example_subdag_operator.section-1 to None, run_after=None
[2022-07-31 22:26:19,681] {logging_mixin.py:115} INFO - [2022-07-31 22:26:19,681] {dag.py:2968} INFO - Setting next_dagrun for example_subdag_operator.section-2 to None, run_after=None
[2022-07-31 22:26:19,684] {logging_mixin.py:115} INFO - [2022-07-31 22:26:19,684] {dag.py:2420} INFO - Sync 2 DAGs
[2022-07-31 22:26:19,686] {logging_mixin.py:115} INFO - [2022-07-31 22:26:19,686] {dag.py:2968} INFO - Setting next_dagrun for example_subdag_operator.section-1 to None, run_after=None
[2022-07-31 22:26:19,686] {logging_mixin.py:115} INFO - [2022-07-31 22:26:19,686] {dag.py:2968} INFO - Setting next_dagrun for example_subdag_operator.section-2 to None, run_after=None
[2022-07-31 22:26:19,693] {processor.py:161} INFO - Processing /home/renan/datapipeline/.env/lib/python3.8/site-packages/airflow/example_dags/example_subdag_operator.py took 0.053 seconds
