[2022-07-31 21:13:07,467] {processor.py:153} INFO - Started process (PID=4994) to work on /home/renan/datapipeline/.env/lib/python3.8/site-packages/airflow/example_dags/example_bash_operator.py
[2022-07-31 21:13:07,467] {processor.py:641} INFO - Processing file /home/renan/datapipeline/.env/lib/python3.8/site-packages/airflow/example_dags/example_bash_operator.py for tasks to queue
[2022-07-31 21:13:07,467] {logging_mixin.py:115} INFO - [2022-07-31 21:13:07,467] {dagbag.py:508} INFO - Filling up the DagBag from /home/renan/datapipeline/.env/lib/python3.8/site-packages/airflow/example_dags/example_bash_operator.py
[2022-07-31 21:13:07,474] {processor.py:651} INFO - DAG(s) dict_keys(['example_bash_operator']) retrieved from /home/renan/datapipeline/.env/lib/python3.8/site-packages/airflow/example_dags/example_bash_operator.py
[2022-07-31 21:13:07,484] {logging_mixin.py:115} INFO - [2022-07-31 21:13:07,484] {dag.py:2420} INFO - Sync 1 DAGs
[2022-07-31 21:13:07,494] {logging_mixin.py:115} INFO - [2022-07-31 21:13:07,494] {dag.py:2968} INFO - Setting next_dagrun for example_bash_operator to 2022-07-31T00:00:00+00:00, run_after=2022-08-01T00:00:00+00:00
[2022-07-31 21:13:07,502] {processor.py:161} INFO - Processing /home/renan/datapipeline/.env/lib/python3.8/site-packages/airflow/example_dags/example_bash_operator.py took 0.037 seconds
[2022-07-31 21:13:41,921] {processor.py:153} INFO - Started process (PID=5041) to work on /home/renan/datapipeline/.env/lib/python3.8/site-packages/airflow/example_dags/example_bash_operator.py
[2022-07-31 21:13:41,921] {processor.py:641} INFO - Processing file /home/renan/datapipeline/.env/lib/python3.8/site-packages/airflow/example_dags/example_bash_operator.py for tasks to queue
[2022-07-31 21:13:41,922] {logging_mixin.py:115} INFO - [2022-07-31 21:13:41,922] {dagbag.py:508} INFO - Filling up the DagBag from /home/renan/datapipeline/.env/lib/python3.8/site-packages/airflow/example_dags/example_bash_operator.py
[2022-07-31 21:13:41,929] {processor.py:651} INFO - DAG(s) dict_keys(['example_bash_operator']) retrieved from /home/renan/datapipeline/.env/lib/python3.8/site-packages/airflow/example_dags/example_bash_operator.py
[2022-07-31 21:13:41,939] {logging_mixin.py:115} INFO - [2022-07-31 21:13:41,938] {dag.py:2420} INFO - Sync 1 DAGs
[2022-07-31 21:13:41,949] {logging_mixin.py:115} INFO - [2022-07-31 21:13:41,949] {dag.py:2968} INFO - Setting next_dagrun for example_bash_operator to 2022-07-31T00:00:00+00:00, run_after=2022-08-01T00:00:00+00:00
[2022-07-31 21:13:41,957] {processor.py:161} INFO - Processing /home/renan/datapipeline/.env/lib/python3.8/site-packages/airflow/example_dags/example_bash_operator.py took 0.038 seconds
[2022-07-31 21:14:15,551] {processor.py:153} INFO - Started process (PID=5093) to work on /home/renan/datapipeline/.env/lib/python3.8/site-packages/airflow/example_dags/example_bash_operator.py
[2022-07-31 21:14:15,551] {processor.py:641} INFO - Processing file /home/renan/datapipeline/.env/lib/python3.8/site-packages/airflow/example_dags/example_bash_operator.py for tasks to queue
[2022-07-31 21:14:15,552] {logging_mixin.py:115} INFO - [2022-07-31 21:14:15,552] {dagbag.py:508} INFO - Filling up the DagBag from /home/renan/datapipeline/.env/lib/python3.8/site-packages/airflow/example_dags/example_bash_operator.py
[2022-07-31 21:14:15,558] {processor.py:651} INFO - DAG(s) dict_keys(['example_bash_operator']) retrieved from /home/renan/datapipeline/.env/lib/python3.8/site-packages/airflow/example_dags/example_bash_operator.py
[2022-07-31 21:14:15,569] {logging_mixin.py:115} INFO - [2022-07-31 21:14:15,569] {dag.py:2420} INFO - Sync 1 DAGs
[2022-07-31 21:14:15,579] {logging_mixin.py:115} INFO - [2022-07-31 21:14:15,579] {dag.py:2968} INFO - Setting next_dagrun for example_bash_operator to 2022-07-31T00:00:00+00:00, run_after=2022-08-01T00:00:00+00:00
[2022-07-31 21:14:15,587] {processor.py:161} INFO - Processing /home/renan/datapipeline/.env/lib/python3.8/site-packages/airflow/example_dags/example_bash_operator.py took 0.038 seconds
[2022-07-31 21:14:48,065] {processor.py:153} INFO - Started process (PID=5132) to work on /home/renan/datapipeline/.env/lib/python3.8/site-packages/airflow/example_dags/example_bash_operator.py
[2022-07-31 21:14:48,065] {processor.py:641} INFO - Processing file /home/renan/datapipeline/.env/lib/python3.8/site-packages/airflow/example_dags/example_bash_operator.py for tasks to queue
[2022-07-31 21:14:48,065] {logging_mixin.py:115} INFO - [2022-07-31 21:14:48,065] {dagbag.py:508} INFO - Filling up the DagBag from /home/renan/datapipeline/.env/lib/python3.8/site-packages/airflow/example_dags/example_bash_operator.py
[2022-07-31 21:14:48,072] {processor.py:651} INFO - DAG(s) dict_keys(['example_bash_operator']) retrieved from /home/renan/datapipeline/.env/lib/python3.8/site-packages/airflow/example_dags/example_bash_operator.py
[2022-07-31 21:14:48,082] {logging_mixin.py:115} INFO - [2022-07-31 21:14:48,082] {dag.py:2420} INFO - Sync 1 DAGs
[2022-07-31 21:14:48,092] {logging_mixin.py:115} INFO - [2022-07-31 21:14:48,092] {dag.py:2968} INFO - Setting next_dagrun for example_bash_operator to 2022-07-31T00:00:00+00:00, run_after=2022-08-01T00:00:00+00:00
[2022-07-31 21:14:48,100] {processor.py:161} INFO - Processing /home/renan/datapipeline/.env/lib/python3.8/site-packages/airflow/example_dags/example_bash_operator.py took 0.037 seconds
[2022-07-31 21:15:22,273] {processor.py:153} INFO - Started process (PID=5189) to work on /home/renan/datapipeline/.env/lib/python3.8/site-packages/airflow/example_dags/example_bash_operator.py
[2022-07-31 21:15:22,273] {processor.py:641} INFO - Processing file /home/renan/datapipeline/.env/lib/python3.8/site-packages/airflow/example_dags/example_bash_operator.py for tasks to queue
[2022-07-31 21:15:22,273] {logging_mixin.py:115} INFO - [2022-07-31 21:15:22,273] {dagbag.py:508} INFO - Filling up the DagBag from /home/renan/datapipeline/.env/lib/python3.8/site-packages/airflow/example_dags/example_bash_operator.py
[2022-07-31 21:15:22,280] {processor.py:651} INFO - DAG(s) dict_keys(['example_bash_operator']) retrieved from /home/renan/datapipeline/.env/lib/python3.8/site-packages/airflow/example_dags/example_bash_operator.py
[2022-07-31 21:15:22,291] {logging_mixin.py:115} INFO - [2022-07-31 21:15:22,291] {dag.py:2420} INFO - Sync 1 DAGs
[2022-07-31 21:15:22,300] {logging_mixin.py:115} INFO - [2022-07-31 21:15:22,300] {dag.py:2968} INFO - Setting next_dagrun for example_bash_operator to 2022-07-31T00:00:00+00:00, run_after=2022-08-01T00:00:00+00:00
[2022-07-31 21:15:22,309] {processor.py:161} INFO - Processing /home/renan/datapipeline/.env/lib/python3.8/site-packages/airflow/example_dags/example_bash_operator.py took 0.038 seconds
[2022-07-31 21:15:56,945] {processor.py:153} INFO - Started process (PID=5235) to work on /home/renan/datapipeline/.env/lib/python3.8/site-packages/airflow/example_dags/example_bash_operator.py
[2022-07-31 21:15:56,945] {processor.py:641} INFO - Processing file /home/renan/datapipeline/.env/lib/python3.8/site-packages/airflow/example_dags/example_bash_operator.py for tasks to queue
[2022-07-31 21:15:56,945] {logging_mixin.py:115} INFO - [2022-07-31 21:15:56,945] {dagbag.py:508} INFO - Filling up the DagBag from /home/renan/datapipeline/.env/lib/python3.8/site-packages/airflow/example_dags/example_bash_operator.py
[2022-07-31 21:15:56,952] {processor.py:651} INFO - DAG(s) dict_keys(['example_bash_operator']) retrieved from /home/renan/datapipeline/.env/lib/python3.8/site-packages/airflow/example_dags/example_bash_operator.py
[2022-07-31 21:15:56,963] {logging_mixin.py:115} INFO - [2022-07-31 21:15:56,963] {dag.py:2420} INFO - Sync 1 DAGs
[2022-07-31 21:15:56,972] {logging_mixin.py:115} INFO - [2022-07-31 21:15:56,972] {dag.py:2968} INFO - Setting next_dagrun for example_bash_operator to 2022-07-31T00:00:00+00:00, run_after=2022-08-01T00:00:00+00:00
[2022-07-31 21:15:56,981] {processor.py:161} INFO - Processing /home/renan/datapipeline/.env/lib/python3.8/site-packages/airflow/example_dags/example_bash_operator.py took 0.038 seconds
[2022-07-31 21:16:28,867] {processor.py:153} INFO - Started process (PID=5271) to work on /home/renan/datapipeline/.env/lib/python3.8/site-packages/airflow/example_dags/example_bash_operator.py
[2022-07-31 21:16:28,868] {processor.py:641} INFO - Processing file /home/renan/datapipeline/.env/lib/python3.8/site-packages/airflow/example_dags/example_bash_operator.py for tasks to queue
[2022-07-31 21:16:28,868] {logging_mixin.py:115} INFO - [2022-07-31 21:16:28,868] {dagbag.py:508} INFO - Filling up the DagBag from /home/renan/datapipeline/.env/lib/python3.8/site-packages/airflow/example_dags/example_bash_operator.py
[2022-07-31 21:16:28,875] {processor.py:651} INFO - DAG(s) dict_keys(['example_bash_operator']) retrieved from /home/renan/datapipeline/.env/lib/python3.8/site-packages/airflow/example_dags/example_bash_operator.py
[2022-07-31 21:16:28,885] {logging_mixin.py:115} INFO - [2022-07-31 21:16:28,885] {dag.py:2420} INFO - Sync 1 DAGs
[2022-07-31 21:16:28,895] {logging_mixin.py:115} INFO - [2022-07-31 21:16:28,895] {dag.py:2968} INFO - Setting next_dagrun for example_bash_operator to 2022-07-31T00:00:00+00:00, run_after=2022-08-01T00:00:00+00:00
[2022-07-31 21:16:28,903] {processor.py:161} INFO - Processing /home/renan/datapipeline/.env/lib/python3.8/site-packages/airflow/example_dags/example_bash_operator.py took 0.037 seconds
[2022-07-31 21:17:04,170] {processor.py:153} INFO - Started process (PID=5318) to work on /home/renan/datapipeline/.env/lib/python3.8/site-packages/airflow/example_dags/example_bash_operator.py
[2022-07-31 21:17:04,171] {processor.py:641} INFO - Processing file /home/renan/datapipeline/.env/lib/python3.8/site-packages/airflow/example_dags/example_bash_operator.py for tasks to queue
[2022-07-31 21:17:04,171] {logging_mixin.py:115} INFO - [2022-07-31 21:17:04,171] {dagbag.py:508} INFO - Filling up the DagBag from /home/renan/datapipeline/.env/lib/python3.8/site-packages/airflow/example_dags/example_bash_operator.py
[2022-07-31 21:17:04,178] {processor.py:651} INFO - DAG(s) dict_keys(['example_bash_operator']) retrieved from /home/renan/datapipeline/.env/lib/python3.8/site-packages/airflow/example_dags/example_bash_operator.py
[2022-07-31 21:17:04,189] {logging_mixin.py:115} INFO - [2022-07-31 21:17:04,189] {dag.py:2420} INFO - Sync 1 DAGs
[2022-07-31 21:17:04,198] {logging_mixin.py:115} INFO - [2022-07-31 21:17:04,198] {dag.py:2968} INFO - Setting next_dagrun for example_bash_operator to 2022-07-31T00:00:00+00:00, run_after=2022-08-01T00:00:00+00:00
[2022-07-31 21:17:04,207] {processor.py:161} INFO - Processing /home/renan/datapipeline/.env/lib/python3.8/site-packages/airflow/example_dags/example_bash_operator.py took 0.038 seconds
[2022-07-31 21:17:38,852] {processor.py:153} INFO - Started process (PID=5365) to work on /home/renan/datapipeline/.env/lib/python3.8/site-packages/airflow/example_dags/example_bash_operator.py
[2022-07-31 21:17:38,852] {processor.py:641} INFO - Processing file /home/renan/datapipeline/.env/lib/python3.8/site-packages/airflow/example_dags/example_bash_operator.py for tasks to queue
[2022-07-31 21:17:38,852] {logging_mixin.py:115} INFO - [2022-07-31 21:17:38,852] {dagbag.py:508} INFO - Filling up the DagBag from /home/renan/datapipeline/.env/lib/python3.8/site-packages/airflow/example_dags/example_bash_operator.py
[2022-07-31 21:17:38,859] {processor.py:651} INFO - DAG(s) dict_keys(['example_bash_operator']) retrieved from /home/renan/datapipeline/.env/lib/python3.8/site-packages/airflow/example_dags/example_bash_operator.py
[2022-07-31 21:17:38,869] {logging_mixin.py:115} INFO - [2022-07-31 21:17:38,869] {dag.py:2420} INFO - Sync 1 DAGs
[2022-07-31 21:17:38,879] {logging_mixin.py:115} INFO - [2022-07-31 21:17:38,879] {dag.py:2968} INFO - Setting next_dagrun for example_bash_operator to 2022-07-31T00:00:00+00:00, run_after=2022-08-01T00:00:00+00:00
[2022-07-31 21:17:38,887] {processor.py:161} INFO - Processing /home/renan/datapipeline/.env/lib/python3.8/site-packages/airflow/example_dags/example_bash_operator.py took 0.037 seconds
[2022-07-31 22:20:56,666] {processor.py:153} INFO - Started process (PID=7042) to work on /home/renan/datapipeline/.env/lib/python3.8/site-packages/airflow/example_dags/example_bash_operator.py
[2022-07-31 22:20:56,667] {processor.py:641} INFO - Processing file /home/renan/datapipeline/.env/lib/python3.8/site-packages/airflow/example_dags/example_bash_operator.py for tasks to queue
[2022-07-31 22:20:56,667] {logging_mixin.py:115} INFO - [2022-07-31 22:20:56,667] {dagbag.py:508} INFO - Filling up the DagBag from /home/renan/datapipeline/.env/lib/python3.8/site-packages/airflow/example_dags/example_bash_operator.py
[2022-07-31 22:20:56,674] {processor.py:651} INFO - DAG(s) dict_keys(['example_bash_operator']) retrieved from /home/renan/datapipeline/.env/lib/python3.8/site-packages/airflow/example_dags/example_bash_operator.py
[2022-07-31 22:20:56,684] {logging_mixin.py:115} INFO - [2022-07-31 22:20:56,684] {dag.py:2420} INFO - Sync 1 DAGs
[2022-07-31 22:20:56,693] {logging_mixin.py:115} INFO - [2022-07-31 22:20:56,693] {dag.py:2968} INFO - Setting next_dagrun for example_bash_operator to 2022-07-31T00:00:00+00:00, run_after=2022-08-01T00:00:00+00:00
[2022-07-31 22:20:56,704] {processor.py:161} INFO - Processing /home/renan/datapipeline/.env/lib/python3.8/site-packages/airflow/example_dags/example_bash_operator.py took 0.040 seconds
[2022-07-31 22:21:31,112] {processor.py:153} INFO - Started process (PID=7097) to work on /home/renan/datapipeline/.env/lib/python3.8/site-packages/airflow/example_dags/example_bash_operator.py
[2022-07-31 22:21:31,112] {processor.py:641} INFO - Processing file /home/renan/datapipeline/.env/lib/python3.8/site-packages/airflow/example_dags/example_bash_operator.py for tasks to queue
[2022-07-31 22:21:31,112] {logging_mixin.py:115} INFO - [2022-07-31 22:21:31,112] {dagbag.py:508} INFO - Filling up the DagBag from /home/renan/datapipeline/.env/lib/python3.8/site-packages/airflow/example_dags/example_bash_operator.py
[2022-07-31 22:21:31,120] {processor.py:651} INFO - DAG(s) dict_keys(['example_bash_operator']) retrieved from /home/renan/datapipeline/.env/lib/python3.8/site-packages/airflow/example_dags/example_bash_operator.py
[2022-07-31 22:21:31,130] {logging_mixin.py:115} INFO - [2022-07-31 22:21:31,130] {dag.py:2420} INFO - Sync 1 DAGs
[2022-07-31 22:21:31,140] {logging_mixin.py:115} INFO - [2022-07-31 22:21:31,140] {dag.py:2968} INFO - Setting next_dagrun for example_bash_operator to 2022-07-31T00:00:00+00:00, run_after=2022-08-01T00:00:00+00:00
[2022-07-31 22:21:31,149] {processor.py:161} INFO - Processing /home/renan/datapipeline/.env/lib/python3.8/site-packages/airflow/example_dags/example_bash_operator.py took 0.039 seconds
[2022-07-31 22:22:04,757] {processor.py:153} INFO - Started process (PID=7148) to work on /home/renan/datapipeline/.env/lib/python3.8/site-packages/airflow/example_dags/example_bash_operator.py
[2022-07-31 22:22:04,757] {processor.py:641} INFO - Processing file /home/renan/datapipeline/.env/lib/python3.8/site-packages/airflow/example_dags/example_bash_operator.py for tasks to queue
[2022-07-31 22:22:04,758] {logging_mixin.py:115} INFO - [2022-07-31 22:22:04,758] {dagbag.py:508} INFO - Filling up the DagBag from /home/renan/datapipeline/.env/lib/python3.8/site-packages/airflow/example_dags/example_bash_operator.py
[2022-07-31 22:22:04,765] {processor.py:651} INFO - DAG(s) dict_keys(['example_bash_operator']) retrieved from /home/renan/datapipeline/.env/lib/python3.8/site-packages/airflow/example_dags/example_bash_operator.py
[2022-07-31 22:22:04,775] {logging_mixin.py:115} INFO - [2022-07-31 22:22:04,775] {dag.py:2420} INFO - Sync 1 DAGs
[2022-07-31 22:22:04,785] {logging_mixin.py:115} INFO - [2022-07-31 22:22:04,785] {dag.py:2968} INFO - Setting next_dagrun for example_bash_operator to 2022-07-31T00:00:00+00:00, run_after=2022-08-01T00:00:00+00:00
[2022-07-31 22:22:04,794] {processor.py:161} INFO - Processing /home/renan/datapipeline/.env/lib/python3.8/site-packages/airflow/example_dags/example_bash_operator.py took 0.038 seconds
[2022-07-31 22:22:37,276] {processor.py:153} INFO - Started process (PID=7199) to work on /home/renan/datapipeline/.env/lib/python3.8/site-packages/airflow/example_dags/example_bash_operator.py
[2022-07-31 22:22:37,277] {processor.py:641} INFO - Processing file /home/renan/datapipeline/.env/lib/python3.8/site-packages/airflow/example_dags/example_bash_operator.py for tasks to queue
[2022-07-31 22:22:37,277] {logging_mixin.py:115} INFO - [2022-07-31 22:22:37,277] {dagbag.py:508} INFO - Filling up the DagBag from /home/renan/datapipeline/.env/lib/python3.8/site-packages/airflow/example_dags/example_bash_operator.py
[2022-07-31 22:22:37,285] {processor.py:651} INFO - DAG(s) dict_keys(['example_bash_operator']) retrieved from /home/renan/datapipeline/.env/lib/python3.8/site-packages/airflow/example_dags/example_bash_operator.py
[2022-07-31 22:22:37,297] {logging_mixin.py:115} INFO - [2022-07-31 22:22:37,297] {dag.py:2420} INFO - Sync 1 DAGs
[2022-07-31 22:22:37,308] {logging_mixin.py:115} INFO - [2022-07-31 22:22:37,308] {dag.py:2968} INFO - Setting next_dagrun for example_bash_operator to 2022-07-31T00:00:00+00:00, run_after=2022-08-01T00:00:00+00:00
[2022-07-31 22:22:37,318] {processor.py:161} INFO - Processing /home/renan/datapipeline/.env/lib/python3.8/site-packages/airflow/example_dags/example_bash_operator.py took 0.043 seconds
[2022-07-31 22:23:11,535] {processor.py:153} INFO - Started process (PID=7239) to work on /home/renan/datapipeline/.env/lib/python3.8/site-packages/airflow/example_dags/example_bash_operator.py
[2022-07-31 22:23:11,536] {processor.py:641} INFO - Processing file /home/renan/datapipeline/.env/lib/python3.8/site-packages/airflow/example_dags/example_bash_operator.py for tasks to queue
[2022-07-31 22:23:11,536] {logging_mixin.py:115} INFO - [2022-07-31 22:23:11,536] {dagbag.py:508} INFO - Filling up the DagBag from /home/renan/datapipeline/.env/lib/python3.8/site-packages/airflow/example_dags/example_bash_operator.py
[2022-07-31 22:23:11,544] {processor.py:651} INFO - DAG(s) dict_keys(['example_bash_operator']) retrieved from /home/renan/datapipeline/.env/lib/python3.8/site-packages/airflow/example_dags/example_bash_operator.py
[2022-07-31 22:23:11,559] {logging_mixin.py:115} INFO - [2022-07-31 22:23:11,559] {dag.py:2420} INFO - Sync 1 DAGs
[2022-07-31 22:23:11,573] {logging_mixin.py:115} INFO - [2022-07-31 22:23:11,573] {dag.py:2968} INFO - Setting next_dagrun for example_bash_operator to 2022-07-31T00:00:00+00:00, run_after=2022-08-01T00:00:00+00:00
[2022-07-31 22:23:11,587] {processor.py:161} INFO - Processing /home/renan/datapipeline/.env/lib/python3.8/site-packages/airflow/example_dags/example_bash_operator.py took 0.054 seconds
[2022-07-31 22:23:45,695] {processor.py:153} INFO - Started process (PID=7284) to work on /home/renan/datapipeline/.env/lib/python3.8/site-packages/airflow/example_dags/example_bash_operator.py
[2022-07-31 22:23:45,696] {processor.py:641} INFO - Processing file /home/renan/datapipeline/.env/lib/python3.8/site-packages/airflow/example_dags/example_bash_operator.py for tasks to queue
[2022-07-31 22:23:45,696] {logging_mixin.py:115} INFO - [2022-07-31 22:23:45,696] {dagbag.py:508} INFO - Filling up the DagBag from /home/renan/datapipeline/.env/lib/python3.8/site-packages/airflow/example_dags/example_bash_operator.py
[2022-07-31 22:23:45,703] {processor.py:651} INFO - DAG(s) dict_keys(['example_bash_operator']) retrieved from /home/renan/datapipeline/.env/lib/python3.8/site-packages/airflow/example_dags/example_bash_operator.py
[2022-07-31 22:23:45,713] {logging_mixin.py:115} INFO - [2022-07-31 22:23:45,713] {dag.py:2420} INFO - Sync 1 DAGs
[2022-07-31 22:23:45,723] {logging_mixin.py:115} INFO - [2022-07-31 22:23:45,723] {dag.py:2968} INFO - Setting next_dagrun for example_bash_operator to 2022-07-31T00:00:00+00:00, run_after=2022-08-01T00:00:00+00:00
[2022-07-31 22:23:45,733] {processor.py:161} INFO - Processing /home/renan/datapipeline/.env/lib/python3.8/site-packages/airflow/example_dags/example_bash_operator.py took 0.039 seconds
[2022-07-31 22:24:19,104] {processor.py:153} INFO - Started process (PID=7399) to work on /home/renan/datapipeline/.env/lib/python3.8/site-packages/airflow/example_dags/example_bash_operator.py
[2022-07-31 22:24:19,105] {processor.py:641} INFO - Processing file /home/renan/datapipeline/.env/lib/python3.8/site-packages/airflow/example_dags/example_bash_operator.py for tasks to queue
[2022-07-31 22:24:19,105] {logging_mixin.py:115} INFO - [2022-07-31 22:24:19,105] {dagbag.py:508} INFO - Filling up the DagBag from /home/renan/datapipeline/.env/lib/python3.8/site-packages/airflow/example_dags/example_bash_operator.py
[2022-07-31 22:24:19,112] {processor.py:651} INFO - DAG(s) dict_keys(['example_bash_operator']) retrieved from /home/renan/datapipeline/.env/lib/python3.8/site-packages/airflow/example_dags/example_bash_operator.py
[2022-07-31 22:24:19,122] {logging_mixin.py:115} INFO - [2022-07-31 22:24:19,122] {dag.py:2420} INFO - Sync 1 DAGs
[2022-07-31 22:24:19,132] {logging_mixin.py:115} INFO - [2022-07-31 22:24:19,132] {dag.py:2968} INFO - Setting next_dagrun for example_bash_operator to 2022-07-31T00:00:00+00:00, run_after=2022-08-01T00:00:00+00:00
[2022-07-31 22:24:19,141] {processor.py:161} INFO - Processing /home/renan/datapipeline/.env/lib/python3.8/site-packages/airflow/example_dags/example_bash_operator.py took 0.038 seconds
[2022-07-31 22:24:53,387] {processor.py:153} INFO - Started process (PID=7445) to work on /home/renan/datapipeline/.env/lib/python3.8/site-packages/airflow/example_dags/example_bash_operator.py
[2022-07-31 22:24:53,387] {processor.py:641} INFO - Processing file /home/renan/datapipeline/.env/lib/python3.8/site-packages/airflow/example_dags/example_bash_operator.py for tasks to queue
[2022-07-31 22:24:53,388] {logging_mixin.py:115} INFO - [2022-07-31 22:24:53,388] {dagbag.py:508} INFO - Filling up the DagBag from /home/renan/datapipeline/.env/lib/python3.8/site-packages/airflow/example_dags/example_bash_operator.py
[2022-07-31 22:24:53,394] {processor.py:651} INFO - DAG(s) dict_keys(['example_bash_operator']) retrieved from /home/renan/datapipeline/.env/lib/python3.8/site-packages/airflow/example_dags/example_bash_operator.py
[2022-07-31 22:24:53,405] {logging_mixin.py:115} INFO - [2022-07-31 22:24:53,405] {dag.py:2420} INFO - Sync 1 DAGs
[2022-07-31 22:24:53,415] {logging_mixin.py:115} INFO - [2022-07-31 22:24:53,415] {dag.py:2968} INFO - Setting next_dagrun for example_bash_operator to 2022-07-31T00:00:00+00:00, run_after=2022-08-01T00:00:00+00:00
[2022-07-31 22:24:53,423] {processor.py:161} INFO - Processing /home/renan/datapipeline/.env/lib/python3.8/site-packages/airflow/example_dags/example_bash_operator.py took 0.038 seconds
[2022-07-31 22:25:26,094] {processor.py:153} INFO - Started process (PID=7528) to work on /home/renan/datapipeline/.env/lib/python3.8/site-packages/airflow/example_dags/example_bash_operator.py
[2022-07-31 22:25:26,094] {processor.py:641} INFO - Processing file /home/renan/datapipeline/.env/lib/python3.8/site-packages/airflow/example_dags/example_bash_operator.py for tasks to queue
[2022-07-31 22:25:26,094] {logging_mixin.py:115} INFO - [2022-07-31 22:25:26,094] {dagbag.py:508} INFO - Filling up the DagBag from /home/renan/datapipeline/.env/lib/python3.8/site-packages/airflow/example_dags/example_bash_operator.py
[2022-07-31 22:25:26,101] {processor.py:651} INFO - DAG(s) dict_keys(['example_bash_operator']) retrieved from /home/renan/datapipeline/.env/lib/python3.8/site-packages/airflow/example_dags/example_bash_operator.py
[2022-07-31 22:25:26,112] {logging_mixin.py:115} INFO - [2022-07-31 22:25:26,112] {dag.py:2420} INFO - Sync 1 DAGs
[2022-07-31 22:25:26,122] {logging_mixin.py:115} INFO - [2022-07-31 22:25:26,122] {dag.py:2968} INFO - Setting next_dagrun for example_bash_operator to 2022-07-31T00:00:00+00:00, run_after=2022-08-01T00:00:00+00:00
[2022-07-31 22:25:26,131] {processor.py:161} INFO - Processing /home/renan/datapipeline/.env/lib/python3.8/site-packages/airflow/example_dags/example_bash_operator.py took 0.039 seconds
[2022-07-31 22:25:59,775] {processor.py:153} INFO - Started process (PID=7568) to work on /home/renan/datapipeline/.env/lib/python3.8/site-packages/airflow/example_dags/example_bash_operator.py
[2022-07-31 22:25:59,775] {processor.py:641} INFO - Processing file /home/renan/datapipeline/.env/lib/python3.8/site-packages/airflow/example_dags/example_bash_operator.py for tasks to queue
[2022-07-31 22:25:59,776] {logging_mixin.py:115} INFO - [2022-07-31 22:25:59,776] {dagbag.py:508} INFO - Filling up the DagBag from /home/renan/datapipeline/.env/lib/python3.8/site-packages/airflow/example_dags/example_bash_operator.py
[2022-07-31 22:25:59,784] {processor.py:651} INFO - DAG(s) dict_keys(['example_bash_operator']) retrieved from /home/renan/datapipeline/.env/lib/python3.8/site-packages/airflow/example_dags/example_bash_operator.py
[2022-07-31 22:25:59,793] {logging_mixin.py:115} INFO - [2022-07-31 22:25:59,793] {dag.py:2420} INFO - Sync 1 DAGs
[2022-07-31 22:25:59,802] {logging_mixin.py:115} INFO - [2022-07-31 22:25:59,802] {dag.py:2968} INFO - Setting next_dagrun for example_bash_operator to 2022-07-31T00:00:00+00:00, run_after=2022-08-01T00:00:00+00:00
[2022-07-31 22:25:59,811] {processor.py:161} INFO - Processing /home/renan/datapipeline/.env/lib/python3.8/site-packages/airflow/example_dags/example_bash_operator.py took 0.038 seconds
