[2022-07-31 21:12:57,337] {processor.py:153} INFO - Started process (PID=4979) to work on /home/renan/datapipeline/.env/lib/python3.8/site-packages/airflow/example_dags/example_short_circuit_operator.py
[2022-07-31 21:12:57,337] {processor.py:641} INFO - Processing file /home/renan/datapipeline/.env/lib/python3.8/site-packages/airflow/example_dags/example_short_circuit_operator.py for tasks to queue
[2022-07-31 21:12:57,338] {logging_mixin.py:115} INFO - [2022-07-31 21:12:57,338] {dagbag.py:508} INFO - Filling up the DagBag from /home/renan/datapipeline/.env/lib/python3.8/site-packages/airflow/example_dags/example_short_circuit_operator.py
[2022-07-31 21:12:57,343] {processor.py:651} INFO - DAG(s) dict_keys(['example_short_circuit_operator']) retrieved from /home/renan/datapipeline/.env/lib/python3.8/site-packages/airflow/example_dags/example_short_circuit_operator.py
[2022-07-31 21:12:57,355] {logging_mixin.py:115} INFO - [2022-07-31 21:12:57,354] {dag.py:2420} INFO - Sync 1 DAGs
[2022-07-31 21:12:57,365] {logging_mixin.py:115} INFO - [2022-07-31 21:12:57,364] {dag.py:2968} INFO - Setting next_dagrun for example_short_circuit_operator to 2022-07-31T00:12:57.364814+00:00, run_after=2022-08-01T00:12:57.364814+00:00
[2022-07-31 21:12:57,373] {processor.py:161} INFO - Processing /home/renan/datapipeline/.env/lib/python3.8/site-packages/airflow/example_dags/example_short_circuit_operator.py took 0.037 seconds
[2022-07-31 21:13:29,399] {processor.py:153} INFO - Started process (PID=5025) to work on /home/renan/datapipeline/.env/lib/python3.8/site-packages/airflow/example_dags/example_short_circuit_operator.py
[2022-07-31 21:13:29,399] {processor.py:641} INFO - Processing file /home/renan/datapipeline/.env/lib/python3.8/site-packages/airflow/example_dags/example_short_circuit_operator.py for tasks to queue
[2022-07-31 21:13:29,400] {logging_mixin.py:115} INFO - [2022-07-31 21:13:29,400] {dagbag.py:508} INFO - Filling up the DagBag from /home/renan/datapipeline/.env/lib/python3.8/site-packages/airflow/example_dags/example_short_circuit_operator.py
[2022-07-31 21:13:29,405] {processor.py:651} INFO - DAG(s) dict_keys(['example_short_circuit_operator']) retrieved from /home/renan/datapipeline/.env/lib/python3.8/site-packages/airflow/example_dags/example_short_circuit_operator.py
[2022-07-31 21:13:29,415] {logging_mixin.py:115} INFO - [2022-07-31 21:13:29,415] {dag.py:2420} INFO - Sync 1 DAGs
[2022-07-31 21:13:29,425] {logging_mixin.py:115} INFO - [2022-07-31 21:13:29,424] {dag.py:2968} INFO - Setting next_dagrun for example_short_circuit_operator to 2022-07-31T00:13:29.424785+00:00, run_after=2022-08-01T00:13:29.424785+00:00
[2022-07-31 21:13:29,433] {processor.py:161} INFO - Processing /home/renan/datapipeline/.env/lib/python3.8/site-packages/airflow/example_dags/example_short_circuit_operator.py took 0.036 seconds
[2022-07-31 21:14:03,897] {processor.py:153} INFO - Started process (PID=5066) to work on /home/renan/datapipeline/.env/lib/python3.8/site-packages/airflow/example_dags/example_short_circuit_operator.py
[2022-07-31 21:14:03,897] {processor.py:641} INFO - Processing file /home/renan/datapipeline/.env/lib/python3.8/site-packages/airflow/example_dags/example_short_circuit_operator.py for tasks to queue
[2022-07-31 21:14:03,898] {logging_mixin.py:115} INFO - [2022-07-31 21:14:03,898] {dagbag.py:508} INFO - Filling up the DagBag from /home/renan/datapipeline/.env/lib/python3.8/site-packages/airflow/example_dags/example_short_circuit_operator.py
[2022-07-31 21:14:03,903] {processor.py:651} INFO - DAG(s) dict_keys(['example_short_circuit_operator']) retrieved from /home/renan/datapipeline/.env/lib/python3.8/site-packages/airflow/example_dags/example_short_circuit_operator.py
[2022-07-31 21:14:03,914] {logging_mixin.py:115} INFO - [2022-07-31 21:14:03,914] {dag.py:2420} INFO - Sync 1 DAGs
[2022-07-31 21:14:03,923] {logging_mixin.py:115} INFO - [2022-07-31 21:14:03,923] {dag.py:2968} INFO - Setting next_dagrun for example_short_circuit_operator to 2022-07-31T00:14:03.923200+00:00, run_after=2022-08-01T00:14:03.923200+00:00
[2022-07-31 21:14:03,933] {processor.py:161} INFO - Processing /home/renan/datapipeline/.env/lib/python3.8/site-packages/airflow/example_dags/example_short_circuit_operator.py took 0.037 seconds
[2022-07-31 21:14:37,202] {processor.py:153} INFO - Started process (PID=5120) to work on /home/renan/datapipeline/.env/lib/python3.8/site-packages/airflow/example_dags/example_short_circuit_operator.py
[2022-07-31 21:14:37,203] {processor.py:641} INFO - Processing file /home/renan/datapipeline/.env/lib/python3.8/site-packages/airflow/example_dags/example_short_circuit_operator.py for tasks to queue
[2022-07-31 21:14:37,203] {logging_mixin.py:115} INFO - [2022-07-31 21:14:37,203] {dagbag.py:508} INFO - Filling up the DagBag from /home/renan/datapipeline/.env/lib/python3.8/site-packages/airflow/example_dags/example_short_circuit_operator.py
[2022-07-31 21:14:37,209] {processor.py:651} INFO - DAG(s) dict_keys(['example_short_circuit_operator']) retrieved from /home/renan/datapipeline/.env/lib/python3.8/site-packages/airflow/example_dags/example_short_circuit_operator.py
[2022-07-31 21:14:37,220] {logging_mixin.py:115} INFO - [2022-07-31 21:14:37,220] {dag.py:2420} INFO - Sync 1 DAGs
[2022-07-31 21:14:37,231] {logging_mixin.py:115} INFO - [2022-07-31 21:14:37,230] {dag.py:2968} INFO - Setting next_dagrun for example_short_circuit_operator to 2022-07-31T00:14:37.230676+00:00, run_after=2022-08-01T00:14:37.230676+00:00
[2022-07-31 21:14:37,240] {processor.py:161} INFO - Processing /home/renan/datapipeline/.env/lib/python3.8/site-packages/airflow/example_dags/example_short_circuit_operator.py took 0.039 seconds
[2022-07-31 21:15:10,043] {processor.py:153} INFO - Started process (PID=5173) to work on /home/renan/datapipeline/.env/lib/python3.8/site-packages/airflow/example_dags/example_short_circuit_operator.py
[2022-07-31 21:15:10,044] {processor.py:641} INFO - Processing file /home/renan/datapipeline/.env/lib/python3.8/site-packages/airflow/example_dags/example_short_circuit_operator.py for tasks to queue
[2022-07-31 21:15:10,044] {logging_mixin.py:115} INFO - [2022-07-31 21:15:10,044] {dagbag.py:508} INFO - Filling up the DagBag from /home/renan/datapipeline/.env/lib/python3.8/site-packages/airflow/example_dags/example_short_circuit_operator.py
[2022-07-31 21:15:10,049] {processor.py:651} INFO - DAG(s) dict_keys(['example_short_circuit_operator']) retrieved from /home/renan/datapipeline/.env/lib/python3.8/site-packages/airflow/example_dags/example_short_circuit_operator.py
[2022-07-31 21:15:10,060] {logging_mixin.py:115} INFO - [2022-07-31 21:15:10,060] {dag.py:2420} INFO - Sync 1 DAGs
[2022-07-31 21:15:10,069] {logging_mixin.py:115} INFO - [2022-07-31 21:15:10,069] {dag.py:2968} INFO - Setting next_dagrun for example_short_circuit_operator to 2022-07-31T00:15:10.069555+00:00, run_after=2022-08-01T00:15:10.069555+00:00
[2022-07-31 21:15:10,078] {processor.py:161} INFO - Processing /home/renan/datapipeline/.env/lib/python3.8/site-packages/airflow/example_dags/example_short_circuit_operator.py took 0.037 seconds
[2022-07-31 21:15:44,929] {processor.py:153} INFO - Started process (PID=5218) to work on /home/renan/datapipeline/.env/lib/python3.8/site-packages/airflow/example_dags/example_short_circuit_operator.py
[2022-07-31 21:15:44,929] {processor.py:641} INFO - Processing file /home/renan/datapipeline/.env/lib/python3.8/site-packages/airflow/example_dags/example_short_circuit_operator.py for tasks to queue
[2022-07-31 21:15:44,929] {logging_mixin.py:115} INFO - [2022-07-31 21:15:44,929] {dagbag.py:508} INFO - Filling up the DagBag from /home/renan/datapipeline/.env/lib/python3.8/site-packages/airflow/example_dags/example_short_circuit_operator.py
[2022-07-31 21:15:44,935] {processor.py:651} INFO - DAG(s) dict_keys(['example_short_circuit_operator']) retrieved from /home/renan/datapipeline/.env/lib/python3.8/site-packages/airflow/example_dags/example_short_circuit_operator.py
[2022-07-31 21:15:44,946] {logging_mixin.py:115} INFO - [2022-07-31 21:15:44,946] {dag.py:2420} INFO - Sync 1 DAGs
[2022-07-31 21:15:44,955] {logging_mixin.py:115} INFO - [2022-07-31 21:15:44,955] {dag.py:2968} INFO - Setting next_dagrun for example_short_circuit_operator to 2022-07-31T00:15:44.955214+00:00, run_after=2022-08-01T00:15:44.955214+00:00
[2022-07-31 21:15:44,964] {processor.py:161} INFO - Processing /home/renan/datapipeline/.env/lib/python3.8/site-packages/airflow/example_dags/example_short_circuit_operator.py took 0.036 seconds
[2022-07-31 21:16:16,850] {processor.py:153} INFO - Started process (PID=5258) to work on /home/renan/datapipeline/.env/lib/python3.8/site-packages/airflow/example_dags/example_short_circuit_operator.py
[2022-07-31 21:16:16,852] {processor.py:641} INFO - Processing file /home/renan/datapipeline/.env/lib/python3.8/site-packages/airflow/example_dags/example_short_circuit_operator.py for tasks to queue
[2022-07-31 21:16:16,853] {logging_mixin.py:115} INFO - [2022-07-31 21:16:16,853] {dagbag.py:508} INFO - Filling up the DagBag from /home/renan/datapipeline/.env/lib/python3.8/site-packages/airflow/example_dags/example_short_circuit_operator.py
[2022-07-31 21:16:16,858] {processor.py:651} INFO - DAG(s) dict_keys(['example_short_circuit_operator']) retrieved from /home/renan/datapipeline/.env/lib/python3.8/site-packages/airflow/example_dags/example_short_circuit_operator.py
[2022-07-31 21:16:16,870] {logging_mixin.py:115} INFO - [2022-07-31 21:16:16,870] {dag.py:2420} INFO - Sync 1 DAGs
[2022-07-31 21:16:16,879] {logging_mixin.py:115} INFO - [2022-07-31 21:16:16,879] {dag.py:2968} INFO - Setting next_dagrun for example_short_circuit_operator to 2022-07-31T00:16:16.879531+00:00, run_after=2022-08-01T00:16:16.879531+00:00
[2022-07-31 21:16:16,890] {processor.py:161} INFO - Processing /home/renan/datapipeline/.env/lib/python3.8/site-packages/airflow/example_dags/example_short_circuit_operator.py took 0.041 seconds
[2022-07-31 21:16:51,299] {processor.py:153} INFO - Started process (PID=5299) to work on /home/renan/datapipeline/.env/lib/python3.8/site-packages/airflow/example_dags/example_short_circuit_operator.py
[2022-07-31 21:16:51,299] {processor.py:641} INFO - Processing file /home/renan/datapipeline/.env/lib/python3.8/site-packages/airflow/example_dags/example_short_circuit_operator.py for tasks to queue
[2022-07-31 21:16:51,299] {logging_mixin.py:115} INFO - [2022-07-31 21:16:51,299] {dagbag.py:508} INFO - Filling up the DagBag from /home/renan/datapipeline/.env/lib/python3.8/site-packages/airflow/example_dags/example_short_circuit_operator.py
[2022-07-31 21:16:51,304] {processor.py:651} INFO - DAG(s) dict_keys(['example_short_circuit_operator']) retrieved from /home/renan/datapipeline/.env/lib/python3.8/site-packages/airflow/example_dags/example_short_circuit_operator.py
[2022-07-31 21:16:51,315] {logging_mixin.py:115} INFO - [2022-07-31 21:16:51,315] {dag.py:2420} INFO - Sync 1 DAGs
[2022-07-31 21:16:51,324] {logging_mixin.py:115} INFO - [2022-07-31 21:16:51,324] {dag.py:2968} INFO - Setting next_dagrun for example_short_circuit_operator to 2022-07-31T00:16:51.324369+00:00, run_after=2022-08-01T00:16:51.324369+00:00
[2022-07-31 21:16:51,334] {processor.py:161} INFO - Processing /home/renan/datapipeline/.env/lib/python3.8/site-packages/airflow/example_dags/example_short_circuit_operator.py took 0.037 seconds
[2022-07-31 21:17:26,326] {processor.py:153} INFO - Started process (PID=5352) to work on /home/renan/datapipeline/.env/lib/python3.8/site-packages/airflow/example_dags/example_short_circuit_operator.py
[2022-07-31 21:17:26,327] {processor.py:641} INFO - Processing file /home/renan/datapipeline/.env/lib/python3.8/site-packages/airflow/example_dags/example_short_circuit_operator.py for tasks to queue
[2022-07-31 21:17:26,327] {logging_mixin.py:115} INFO - [2022-07-31 21:17:26,327] {dagbag.py:508} INFO - Filling up the DagBag from /home/renan/datapipeline/.env/lib/python3.8/site-packages/airflow/example_dags/example_short_circuit_operator.py
[2022-07-31 21:17:26,332] {processor.py:651} INFO - DAG(s) dict_keys(['example_short_circuit_operator']) retrieved from /home/renan/datapipeline/.env/lib/python3.8/site-packages/airflow/example_dags/example_short_circuit_operator.py
[2022-07-31 21:17:26,343] {logging_mixin.py:115} INFO - [2022-07-31 21:17:26,343] {dag.py:2420} INFO - Sync 1 DAGs
[2022-07-31 21:17:26,353] {logging_mixin.py:115} INFO - [2022-07-31 21:17:26,352] {dag.py:2968} INFO - Setting next_dagrun for example_short_circuit_operator to 2022-07-31T00:17:26.352749+00:00, run_after=2022-08-01T00:17:26.352749+00:00
[2022-07-31 21:17:26,361] {processor.py:161} INFO - Processing /home/renan/datapipeline/.env/lib/python3.8/site-packages/airflow/example_dags/example_short_circuit_operator.py took 0.036 seconds
[2022-07-31 22:20:46,534] {processor.py:153} INFO - Started process (PID=7030) to work on /home/renan/datapipeline/.env/lib/python3.8/site-packages/airflow/example_dags/example_short_circuit_operator.py
[2022-07-31 22:20:46,535] {processor.py:641} INFO - Processing file /home/renan/datapipeline/.env/lib/python3.8/site-packages/airflow/example_dags/example_short_circuit_operator.py for tasks to queue
[2022-07-31 22:20:46,535] {logging_mixin.py:115} INFO - [2022-07-31 22:20:46,535] {dagbag.py:508} INFO - Filling up the DagBag from /home/renan/datapipeline/.env/lib/python3.8/site-packages/airflow/example_dags/example_short_circuit_operator.py
[2022-07-31 22:20:46,540] {processor.py:651} INFO - DAG(s) dict_keys(['example_short_circuit_operator']) retrieved from /home/renan/datapipeline/.env/lib/python3.8/site-packages/airflow/example_dags/example_short_circuit_operator.py
[2022-07-31 22:20:46,551] {logging_mixin.py:115} INFO - [2022-07-31 22:20:46,551] {dag.py:2420} INFO - Sync 1 DAGs
[2022-07-31 22:20:46,560] {logging_mixin.py:115} INFO - [2022-07-31 22:20:46,560] {dag.py:2968} INFO - Setting next_dagrun for example_short_circuit_operator to 2022-07-31T01:20:46.560492+00:00, run_after=2022-08-01T01:20:46.560492+00:00
[2022-07-31 22:20:46,569] {processor.py:161} INFO - Processing /home/renan/datapipeline/.env/lib/python3.8/site-packages/airflow/example_dags/example_short_circuit_operator.py took 0.036 seconds
[2022-07-31 22:21:18,594] {processor.py:153} INFO - Started process (PID=7071) to work on /home/renan/datapipeline/.env/lib/python3.8/site-packages/airflow/example_dags/example_short_circuit_operator.py
[2022-07-31 22:21:18,594] {processor.py:641} INFO - Processing file /home/renan/datapipeline/.env/lib/python3.8/site-packages/airflow/example_dags/example_short_circuit_operator.py for tasks to queue
[2022-07-31 22:21:18,594] {logging_mixin.py:115} INFO - [2022-07-31 22:21:18,594] {dagbag.py:508} INFO - Filling up the DagBag from /home/renan/datapipeline/.env/lib/python3.8/site-packages/airflow/example_dags/example_short_circuit_operator.py
[2022-07-31 22:21:18,599] {processor.py:651} INFO - DAG(s) dict_keys(['example_short_circuit_operator']) retrieved from /home/renan/datapipeline/.env/lib/python3.8/site-packages/airflow/example_dags/example_short_circuit_operator.py
[2022-07-31 22:21:18,610] {logging_mixin.py:115} INFO - [2022-07-31 22:21:18,610] {dag.py:2420} INFO - Sync 1 DAGs
[2022-07-31 22:21:18,620] {logging_mixin.py:115} INFO - [2022-07-31 22:21:18,620] {dag.py:2968} INFO - Setting next_dagrun for example_short_circuit_operator to 2022-07-31T01:21:18.620105+00:00, run_after=2022-08-01T01:21:18.620105+00:00
[2022-07-31 22:21:18,629] {processor.py:161} INFO - Processing /home/renan/datapipeline/.env/lib/python3.8/site-packages/airflow/example_dags/example_short_circuit_operator.py took 0.037 seconds
[2022-07-31 22:21:53,095] {processor.py:153} INFO - Started process (PID=7134) to work on /home/renan/datapipeline/.env/lib/python3.8/site-packages/airflow/example_dags/example_short_circuit_operator.py
[2022-07-31 22:21:53,095] {processor.py:641} INFO - Processing file /home/renan/datapipeline/.env/lib/python3.8/site-packages/airflow/example_dags/example_short_circuit_operator.py for tasks to queue
[2022-07-31 22:21:53,095] {logging_mixin.py:115} INFO - [2022-07-31 22:21:53,095] {dagbag.py:508} INFO - Filling up the DagBag from /home/renan/datapipeline/.env/lib/python3.8/site-packages/airflow/example_dags/example_short_circuit_operator.py
[2022-07-31 22:21:53,100] {processor.py:651} INFO - DAG(s) dict_keys(['example_short_circuit_operator']) retrieved from /home/renan/datapipeline/.env/lib/python3.8/site-packages/airflow/example_dags/example_short_circuit_operator.py
[2022-07-31 22:21:53,111] {logging_mixin.py:115} INFO - [2022-07-31 22:21:53,111] {dag.py:2420} INFO - Sync 1 DAGs
[2022-07-31 22:21:53,121] {logging_mixin.py:115} INFO - [2022-07-31 22:21:53,120] {dag.py:2968} INFO - Setting next_dagrun for example_short_circuit_operator to 2022-07-31T01:21:53.120789+00:00, run_after=2022-08-01T01:21:53.120789+00:00
[2022-07-31 22:21:53,129] {processor.py:161} INFO - Processing /home/renan/datapipeline/.env/lib/python3.8/site-packages/airflow/example_dags/example_short_circuit_operator.py took 0.036 seconds
[2022-07-31 22:22:26,428] {processor.py:153} INFO - Started process (PID=7187) to work on /home/renan/datapipeline/.env/lib/python3.8/site-packages/airflow/example_dags/example_short_circuit_operator.py
[2022-07-31 22:22:26,429] {processor.py:641} INFO - Processing file /home/renan/datapipeline/.env/lib/python3.8/site-packages/airflow/example_dags/example_short_circuit_operator.py for tasks to queue
[2022-07-31 22:22:26,429] {logging_mixin.py:115} INFO - [2022-07-31 22:22:26,429] {dagbag.py:508} INFO - Filling up the DagBag from /home/renan/datapipeline/.env/lib/python3.8/site-packages/airflow/example_dags/example_short_circuit_operator.py
[2022-07-31 22:22:26,436] {processor.py:651} INFO - DAG(s) dict_keys(['example_short_circuit_operator']) retrieved from /home/renan/datapipeline/.env/lib/python3.8/site-packages/airflow/example_dags/example_short_circuit_operator.py
[2022-07-31 22:22:26,448] {logging_mixin.py:115} INFO - [2022-07-31 22:22:26,448] {dag.py:2420} INFO - Sync 1 DAGs
[2022-07-31 22:22:26,460] {logging_mixin.py:115} INFO - [2022-07-31 22:22:26,460] {dag.py:2968} INFO - Setting next_dagrun for example_short_circuit_operator to 2022-07-31T01:22:26.460537+00:00, run_after=2022-08-01T01:22:26.460537+00:00
[2022-07-31 22:22:26,471] {processor.py:161} INFO - Processing /home/renan/datapipeline/.env/lib/python3.8/site-packages/airflow/example_dags/example_short_circuit_operator.py took 0.045 seconds
[2022-07-31 22:22:59,264] {processor.py:153} INFO - Started process (PID=7225) to work on /home/renan/datapipeline/.env/lib/python3.8/site-packages/airflow/example_dags/example_short_circuit_operator.py
[2022-07-31 22:22:59,264] {processor.py:641} INFO - Processing file /home/renan/datapipeline/.env/lib/python3.8/site-packages/airflow/example_dags/example_short_circuit_operator.py for tasks to queue
[2022-07-31 22:22:59,265] {logging_mixin.py:115} INFO - [2022-07-31 22:22:59,265] {dagbag.py:508} INFO - Filling up the DagBag from /home/renan/datapipeline/.env/lib/python3.8/site-packages/airflow/example_dags/example_short_circuit_operator.py
[2022-07-31 22:22:59,271] {processor.py:651} INFO - DAG(s) dict_keys(['example_short_circuit_operator']) retrieved from /home/renan/datapipeline/.env/lib/python3.8/site-packages/airflow/example_dags/example_short_circuit_operator.py
[2022-07-31 22:22:59,292] {logging_mixin.py:115} INFO - [2022-07-31 22:22:59,292] {dag.py:2420} INFO - Sync 1 DAGs
[2022-07-31 22:22:59,305] {logging_mixin.py:115} INFO - [2022-07-31 22:22:59,304] {dag.py:2968} INFO - Setting next_dagrun for example_short_circuit_operator to 2022-07-31T01:22:59.304553+00:00, run_after=2022-08-01T01:22:59.304553+00:00
[2022-07-31 22:22:59,318] {processor.py:161} INFO - Processing /home/renan/datapipeline/.env/lib/python3.8/site-packages/airflow/example_dags/example_short_circuit_operator.py took 0.057 seconds
[2022-07-31 22:23:33,180] {processor.py:153} INFO - Started process (PID=7266) to work on /home/renan/datapipeline/.env/lib/python3.8/site-packages/airflow/example_dags/example_short_circuit_operator.py
[2022-07-31 22:23:33,181] {processor.py:641} INFO - Processing file /home/renan/datapipeline/.env/lib/python3.8/site-packages/airflow/example_dags/example_short_circuit_operator.py for tasks to queue
[2022-07-31 22:23:33,181] {logging_mixin.py:115} INFO - [2022-07-31 22:23:33,181] {dagbag.py:508} INFO - Filling up the DagBag from /home/renan/datapipeline/.env/lib/python3.8/site-packages/airflow/example_dags/example_short_circuit_operator.py
[2022-07-31 22:23:33,186] {processor.py:651} INFO - DAG(s) dict_keys(['example_short_circuit_operator']) retrieved from /home/renan/datapipeline/.env/lib/python3.8/site-packages/airflow/example_dags/example_short_circuit_operator.py
[2022-07-31 22:23:33,197] {logging_mixin.py:115} INFO - [2022-07-31 22:23:33,197] {dag.py:2420} INFO - Sync 1 DAGs
[2022-07-31 22:23:33,207] {logging_mixin.py:115} INFO - [2022-07-31 22:23:33,207] {dag.py:2968} INFO - Setting next_dagrun for example_short_circuit_operator to 2022-07-31T01:23:33.206915+00:00, run_after=2022-08-01T01:23:33.206915+00:00
[2022-07-31 22:23:33,215] {processor.py:161} INFO - Processing /home/renan/datapipeline/.env/lib/python3.8/site-packages/airflow/example_dags/example_short_circuit_operator.py took 0.036 seconds
[2022-07-31 22:24:06,240] {processor.py:153} INFO - Started process (PID=7307) to work on /home/renan/datapipeline/.env/lib/python3.8/site-packages/airflow/example_dags/example_short_circuit_operator.py
[2022-07-31 22:24:06,240] {processor.py:641} INFO - Processing file /home/renan/datapipeline/.env/lib/python3.8/site-packages/airflow/example_dags/example_short_circuit_operator.py for tasks to queue
[2022-07-31 22:24:06,241] {logging_mixin.py:115} INFO - [2022-07-31 22:24:06,241] {dagbag.py:508} INFO - Filling up the DagBag from /home/renan/datapipeline/.env/lib/python3.8/site-packages/airflow/example_dags/example_short_circuit_operator.py
[2022-07-31 22:24:06,246] {processor.py:651} INFO - DAG(s) dict_keys(['example_short_circuit_operator']) retrieved from /home/renan/datapipeline/.env/lib/python3.8/site-packages/airflow/example_dags/example_short_circuit_operator.py
[2022-07-31 22:24:06,257] {logging_mixin.py:115} INFO - [2022-07-31 22:24:06,257] {dag.py:2420} INFO - Sync 1 DAGs
[2022-07-31 22:24:06,266] {logging_mixin.py:115} INFO - [2022-07-31 22:24:06,266] {dag.py:2968} INFO - Setting next_dagrun for example_short_circuit_operator to 2022-07-31T01:24:06.266563+00:00, run_after=2022-08-01T01:24:06.266563+00:00
[2022-07-31 22:24:06,275] {processor.py:161} INFO - Processing /home/renan/datapipeline/.env/lib/python3.8/site-packages/airflow/example_dags/example_short_circuit_operator.py took 0.037 seconds
[2022-07-31 22:24:39,360] {processor.py:153} INFO - Started process (PID=7422) to work on /home/renan/datapipeline/.env/lib/python3.8/site-packages/airflow/example_dags/example_short_circuit_operator.py
[2022-07-31 22:24:39,361] {processor.py:641} INFO - Processing file /home/renan/datapipeline/.env/lib/python3.8/site-packages/airflow/example_dags/example_short_circuit_operator.py for tasks to queue
[2022-07-31 22:24:39,361] {logging_mixin.py:115} INFO - [2022-07-31 22:24:39,361] {dagbag.py:508} INFO - Filling up the DagBag from /home/renan/datapipeline/.env/lib/python3.8/site-packages/airflow/example_dags/example_short_circuit_operator.py
[2022-07-31 22:24:39,366] {processor.py:651} INFO - DAG(s) dict_keys(['example_short_circuit_operator']) retrieved from /home/renan/datapipeline/.env/lib/python3.8/site-packages/airflow/example_dags/example_short_circuit_operator.py
[2022-07-31 22:24:39,378] {logging_mixin.py:115} INFO - [2022-07-31 22:24:39,378] {dag.py:2420} INFO - Sync 1 DAGs
[2022-07-31 22:24:39,387] {logging_mixin.py:115} INFO - [2022-07-31 22:24:39,387] {dag.py:2968} INFO - Setting next_dagrun for example_short_circuit_operator to 2022-07-31T01:24:39.387152+00:00, run_after=2022-08-01T01:24:39.387152+00:00
[2022-07-31 22:24:39,398] {processor.py:161} INFO - Processing /home/renan/datapipeline/.env/lib/python3.8/site-packages/airflow/example_dags/example_short_circuit_operator.py took 0.039 seconds
[2022-07-31 22:25:10,876] {processor.py:153} INFO - Started process (PID=7509) to work on /home/renan/datapipeline/.env/lib/python3.8/site-packages/airflow/example_dags/example_short_circuit_operator.py
[2022-07-31 22:25:10,876] {processor.py:641} INFO - Processing file /home/renan/datapipeline/.env/lib/python3.8/site-packages/airflow/example_dags/example_short_circuit_operator.py for tasks to queue
[2022-07-31 22:25:10,876] {logging_mixin.py:115} INFO - [2022-07-31 22:25:10,876] {dagbag.py:508} INFO - Filling up the DagBag from /home/renan/datapipeline/.env/lib/python3.8/site-packages/airflow/example_dags/example_short_circuit_operator.py
[2022-07-31 22:25:10,882] {processor.py:651} INFO - DAG(s) dict_keys(['example_short_circuit_operator']) retrieved from /home/renan/datapipeline/.env/lib/python3.8/site-packages/airflow/example_dags/example_short_circuit_operator.py
[2022-07-31 22:25:10,895] {logging_mixin.py:115} INFO - [2022-07-31 22:25:10,895] {dag.py:2420} INFO - Sync 1 DAGs
[2022-07-31 22:25:10,907] {logging_mixin.py:115} INFO - [2022-07-31 22:25:10,907] {dag.py:2968} INFO - Setting next_dagrun for example_short_circuit_operator to 2022-07-31T01:25:10.906919+00:00, run_after=2022-08-01T01:25:10.906919+00:00
[2022-07-31 22:25:10,919] {processor.py:161} INFO - Processing /home/renan/datapipeline/.env/lib/python3.8/site-packages/airflow/example_dags/example_short_circuit_operator.py took 0.045 seconds
[2022-07-31 22:25:44,369] {processor.py:153} INFO - Started process (PID=7547) to work on /home/renan/datapipeline/.env/lib/python3.8/site-packages/airflow/example_dags/example_short_circuit_operator.py
[2022-07-31 22:25:44,370] {processor.py:641} INFO - Processing file /home/renan/datapipeline/.env/lib/python3.8/site-packages/airflow/example_dags/example_short_circuit_operator.py for tasks to queue
[2022-07-31 22:25:44,370] {logging_mixin.py:115} INFO - [2022-07-31 22:25:44,370] {dagbag.py:508} INFO - Filling up the DagBag from /home/renan/datapipeline/.env/lib/python3.8/site-packages/airflow/example_dags/example_short_circuit_operator.py
[2022-07-31 22:25:44,377] {processor.py:651} INFO - DAG(s) dict_keys(['example_short_circuit_operator']) retrieved from /home/renan/datapipeline/.env/lib/python3.8/site-packages/airflow/example_dags/example_short_circuit_operator.py
[2022-07-31 22:25:44,387] {logging_mixin.py:115} INFO - [2022-07-31 22:25:44,387] {dag.py:2420} INFO - Sync 1 DAGs
[2022-07-31 22:25:44,396] {logging_mixin.py:115} INFO - [2022-07-31 22:25:44,396] {dag.py:2968} INFO - Setting next_dagrun for example_short_circuit_operator to 2022-07-31T01:25:44.396390+00:00, run_after=2022-08-01T01:25:44.396390+00:00
[2022-07-31 22:25:44,405] {processor.py:161} INFO - Processing /home/renan/datapipeline/.env/lib/python3.8/site-packages/airflow/example_dags/example_short_circuit_operator.py took 0.037 seconds
[2022-07-31 22:26:18,516] {processor.py:153} INFO - Started process (PID=7596) to work on /home/renan/datapipeline/.env/lib/python3.8/site-packages/airflow/example_dags/example_short_circuit_operator.py
[2022-07-31 22:26:18,516] {processor.py:641} INFO - Processing file /home/renan/datapipeline/.env/lib/python3.8/site-packages/airflow/example_dags/example_short_circuit_operator.py for tasks to queue
[2022-07-31 22:26:18,517] {logging_mixin.py:115} INFO - [2022-07-31 22:26:18,517] {dagbag.py:508} INFO - Filling up the DagBag from /home/renan/datapipeline/.env/lib/python3.8/site-packages/airflow/example_dags/example_short_circuit_operator.py
[2022-07-31 22:26:18,524] {processor.py:651} INFO - DAG(s) dict_keys(['example_short_circuit_operator']) retrieved from /home/renan/datapipeline/.env/lib/python3.8/site-packages/airflow/example_dags/example_short_circuit_operator.py
[2022-07-31 22:26:18,533] {logging_mixin.py:115} INFO - [2022-07-31 22:26:18,533] {dag.py:2420} INFO - Sync 1 DAGs
[2022-07-31 22:26:18,542] {logging_mixin.py:115} INFO - [2022-07-31 22:26:18,542] {dag.py:2968} INFO - Setting next_dagrun for example_short_circuit_operator to 2022-07-31T01:26:18.542693+00:00, run_after=2022-08-01T01:26:18.542693+00:00
[2022-07-31 22:26:18,551] {processor.py:161} INFO - Processing /home/renan/datapipeline/.env/lib/python3.8/site-packages/airflow/example_dags/example_short_circuit_operator.py took 0.037 seconds
