[2022-07-31 21:12:56,847] {processor.py:153} INFO - Started process (PID=4978) to work on /home/renan/datapipeline/.env/lib/python3.8/site-packages/airflow/example_dags/example_trigger_controller_dag.py
[2022-07-31 21:12:56,847] {processor.py:641} INFO - Processing file /home/renan/datapipeline/.env/lib/python3.8/site-packages/airflow/example_dags/example_trigger_controller_dag.py for tasks to queue
[2022-07-31 21:12:56,848] {logging_mixin.py:115} INFO - [2022-07-31 21:12:56,848] {dagbag.py:508} INFO - Filling up the DagBag from /home/renan/datapipeline/.env/lib/python3.8/site-packages/airflow/example_dags/example_trigger_controller_dag.py
[2022-07-31 21:12:56,850] {processor.py:651} INFO - DAG(s) dict_keys(['example_trigger_controller_dag']) retrieved from /home/renan/datapipeline/.env/lib/python3.8/site-packages/airflow/example_dags/example_trigger_controller_dag.py
[2022-07-31 21:12:56,860] {logging_mixin.py:115} INFO - [2022-07-31 21:12:56,859] {dag.py:2420} INFO - Sync 1 DAGs
[2022-07-31 21:12:56,870] {logging_mixin.py:115} INFO - [2022-07-31 21:12:56,870] {dag.py:2968} INFO - Setting next_dagrun for example_trigger_controller_dag to 2021-01-01T00:00:00+00:00, run_after=2021-01-01T00:00:00+00:00
[2022-07-31 21:12:56,878] {processor.py:161} INFO - Processing /home/renan/datapipeline/.env/lib/python3.8/site-packages/airflow/example_dags/example_trigger_controller_dag.py took 0.033 seconds
[2022-07-31 21:13:28,267] {processor.py:153} INFO - Started process (PID=5024) to work on /home/renan/datapipeline/.env/lib/python3.8/site-packages/airflow/example_dags/example_trigger_controller_dag.py
[2022-07-31 21:13:28,268] {processor.py:641} INFO - Processing file /home/renan/datapipeline/.env/lib/python3.8/site-packages/airflow/example_dags/example_trigger_controller_dag.py for tasks to queue
[2022-07-31 21:13:28,268] {logging_mixin.py:115} INFO - [2022-07-31 21:13:28,268] {dagbag.py:508} INFO - Filling up the DagBag from /home/renan/datapipeline/.env/lib/python3.8/site-packages/airflow/example_dags/example_trigger_controller_dag.py
[2022-07-31 21:13:28,270] {processor.py:651} INFO - DAG(s) dict_keys(['example_trigger_controller_dag']) retrieved from /home/renan/datapipeline/.env/lib/python3.8/site-packages/airflow/example_dags/example_trigger_controller_dag.py
[2022-07-31 21:13:28,279] {logging_mixin.py:115} INFO - [2022-07-31 21:13:28,279] {dag.py:2420} INFO - Sync 1 DAGs
[2022-07-31 21:13:28,290] {logging_mixin.py:115} INFO - [2022-07-31 21:13:28,289] {dag.py:2968} INFO - Setting next_dagrun for example_trigger_controller_dag to 2021-01-01T00:00:00+00:00, run_after=2021-01-01T00:00:00+00:00
[2022-07-31 21:13:28,298] {processor.py:161} INFO - Processing /home/renan/datapipeline/.env/lib/python3.8/site-packages/airflow/example_dags/example_trigger_controller_dag.py took 0.032 seconds
[2022-07-31 21:14:02,768] {processor.py:153} INFO - Started process (PID=5065) to work on /home/renan/datapipeline/.env/lib/python3.8/site-packages/airflow/example_dags/example_trigger_controller_dag.py
[2022-07-31 21:14:02,768] {processor.py:641} INFO - Processing file /home/renan/datapipeline/.env/lib/python3.8/site-packages/airflow/example_dags/example_trigger_controller_dag.py for tasks to queue
[2022-07-31 21:14:02,768] {logging_mixin.py:115} INFO - [2022-07-31 21:14:02,768] {dagbag.py:508} INFO - Filling up the DagBag from /home/renan/datapipeline/.env/lib/python3.8/site-packages/airflow/example_dags/example_trigger_controller_dag.py
[2022-07-31 21:14:02,770] {processor.py:651} INFO - DAG(s) dict_keys(['example_trigger_controller_dag']) retrieved from /home/renan/datapipeline/.env/lib/python3.8/site-packages/airflow/example_dags/example_trigger_controller_dag.py
[2022-07-31 21:14:02,779] {logging_mixin.py:115} INFO - [2022-07-31 21:14:02,779] {dag.py:2420} INFO - Sync 1 DAGs
[2022-07-31 21:14:02,790] {logging_mixin.py:115} INFO - [2022-07-31 21:14:02,790] {dag.py:2968} INFO - Setting next_dagrun for example_trigger_controller_dag to 2021-01-01T00:00:00+00:00, run_after=2021-01-01T00:00:00+00:00
[2022-07-31 21:14:02,799] {processor.py:161} INFO - Processing /home/renan/datapipeline/.env/lib/python3.8/site-packages/airflow/example_dags/example_trigger_controller_dag.py took 0.032 seconds
[2022-07-31 21:14:36,076] {processor.py:153} INFO - Started process (PID=5119) to work on /home/renan/datapipeline/.env/lib/python3.8/site-packages/airflow/example_dags/example_trigger_controller_dag.py
[2022-07-31 21:14:36,076] {processor.py:641} INFO - Processing file /home/renan/datapipeline/.env/lib/python3.8/site-packages/airflow/example_dags/example_trigger_controller_dag.py for tasks to queue
[2022-07-31 21:14:36,076] {logging_mixin.py:115} INFO - [2022-07-31 21:14:36,076] {dagbag.py:508} INFO - Filling up the DagBag from /home/renan/datapipeline/.env/lib/python3.8/site-packages/airflow/example_dags/example_trigger_controller_dag.py
[2022-07-31 21:14:36,078] {processor.py:651} INFO - DAG(s) dict_keys(['example_trigger_controller_dag']) retrieved from /home/renan/datapipeline/.env/lib/python3.8/site-packages/airflow/example_dags/example_trigger_controller_dag.py
[2022-07-31 21:14:36,088] {logging_mixin.py:115} INFO - [2022-07-31 21:14:36,088] {dag.py:2420} INFO - Sync 1 DAGs
[2022-07-31 21:14:36,098] {logging_mixin.py:115} INFO - [2022-07-31 21:14:36,098] {dag.py:2968} INFO - Setting next_dagrun for example_trigger_controller_dag to 2021-01-01T00:00:00+00:00, run_after=2021-01-01T00:00:00+00:00
[2022-07-31 21:14:36,107] {processor.py:161} INFO - Processing /home/renan/datapipeline/.env/lib/python3.8/site-packages/airflow/example_dags/example_trigger_controller_dag.py took 0.033 seconds
[2022-07-31 21:15:08,914] {processor.py:153} INFO - Started process (PID=5172) to work on /home/renan/datapipeline/.env/lib/python3.8/site-packages/airflow/example_dags/example_trigger_controller_dag.py
[2022-07-31 21:15:08,914] {processor.py:641} INFO - Processing file /home/renan/datapipeline/.env/lib/python3.8/site-packages/airflow/example_dags/example_trigger_controller_dag.py for tasks to queue
[2022-07-31 21:15:08,915] {logging_mixin.py:115} INFO - [2022-07-31 21:15:08,915] {dagbag.py:508} INFO - Filling up the DagBag from /home/renan/datapipeline/.env/lib/python3.8/site-packages/airflow/example_dags/example_trigger_controller_dag.py
[2022-07-31 21:15:08,917] {processor.py:651} INFO - DAG(s) dict_keys(['example_trigger_controller_dag']) retrieved from /home/renan/datapipeline/.env/lib/python3.8/site-packages/airflow/example_dags/example_trigger_controller_dag.py
[2022-07-31 21:15:08,926] {logging_mixin.py:115} INFO - [2022-07-31 21:15:08,926] {dag.py:2420} INFO - Sync 1 DAGs
[2022-07-31 21:15:08,936] {logging_mixin.py:115} INFO - [2022-07-31 21:15:08,936] {dag.py:2968} INFO - Setting next_dagrun for example_trigger_controller_dag to 2021-01-01T00:00:00+00:00, run_after=2021-01-01T00:00:00+00:00
[2022-07-31 21:15:08,946] {processor.py:161} INFO - Processing /home/renan/datapipeline/.env/lib/python3.8/site-packages/airflow/example_dags/example_trigger_controller_dag.py took 0.033 seconds
[2022-07-31 21:15:43,804] {processor.py:153} INFO - Started process (PID=5216) to work on /home/renan/datapipeline/.env/lib/python3.8/site-packages/airflow/example_dags/example_trigger_controller_dag.py
[2022-07-31 21:15:43,804] {processor.py:641} INFO - Processing file /home/renan/datapipeline/.env/lib/python3.8/site-packages/airflow/example_dags/example_trigger_controller_dag.py for tasks to queue
[2022-07-31 21:15:43,805] {logging_mixin.py:115} INFO - [2022-07-31 21:15:43,805] {dagbag.py:508} INFO - Filling up the DagBag from /home/renan/datapipeline/.env/lib/python3.8/site-packages/airflow/example_dags/example_trigger_controller_dag.py
[2022-07-31 21:15:43,806] {processor.py:651} INFO - DAG(s) dict_keys(['example_trigger_controller_dag']) retrieved from /home/renan/datapipeline/.env/lib/python3.8/site-packages/airflow/example_dags/example_trigger_controller_dag.py
[2022-07-31 21:15:43,816] {logging_mixin.py:115} INFO - [2022-07-31 21:15:43,816] {dag.py:2420} INFO - Sync 1 DAGs
[2022-07-31 21:15:43,826] {logging_mixin.py:115} INFO - [2022-07-31 21:15:43,826] {dag.py:2968} INFO - Setting next_dagrun for example_trigger_controller_dag to 2021-01-01T00:00:00+00:00, run_after=2021-01-01T00:00:00+00:00
[2022-07-31 21:15:43,835] {processor.py:161} INFO - Processing /home/renan/datapipeline/.env/lib/python3.8/site-packages/airflow/example_dags/example_trigger_controller_dag.py took 0.032 seconds
[2022-07-31 21:16:15,725] {processor.py:153} INFO - Started process (PID=5257) to work on /home/renan/datapipeline/.env/lib/python3.8/site-packages/airflow/example_dags/example_trigger_controller_dag.py
[2022-07-31 21:16:15,726] {processor.py:641} INFO - Processing file /home/renan/datapipeline/.env/lib/python3.8/site-packages/airflow/example_dags/example_trigger_controller_dag.py for tasks to queue
[2022-07-31 21:16:15,726] {logging_mixin.py:115} INFO - [2022-07-31 21:16:15,726] {dagbag.py:508} INFO - Filling up the DagBag from /home/renan/datapipeline/.env/lib/python3.8/site-packages/airflow/example_dags/example_trigger_controller_dag.py
[2022-07-31 21:16:15,728] {processor.py:651} INFO - DAG(s) dict_keys(['example_trigger_controller_dag']) retrieved from /home/renan/datapipeline/.env/lib/python3.8/site-packages/airflow/example_dags/example_trigger_controller_dag.py
[2022-07-31 21:16:15,736] {logging_mixin.py:115} INFO - [2022-07-31 21:16:15,736] {dag.py:2420} INFO - Sync 1 DAGs
[2022-07-31 21:16:15,747] {logging_mixin.py:115} INFO - [2022-07-31 21:16:15,747] {dag.py:2968} INFO - Setting next_dagrun for example_trigger_controller_dag to 2021-01-01T00:00:00+00:00, run_after=2021-01-01T00:00:00+00:00
[2022-07-31 21:16:15,755] {processor.py:161} INFO - Processing /home/renan/datapipeline/.env/lib/python3.8/site-packages/airflow/example_dags/example_trigger_controller_dag.py took 0.032 seconds
[2022-07-31 21:16:50,172] {processor.py:153} INFO - Started process (PID=5298) to work on /home/renan/datapipeline/.env/lib/python3.8/site-packages/airflow/example_dags/example_trigger_controller_dag.py
[2022-07-31 21:16:50,172] {processor.py:641} INFO - Processing file /home/renan/datapipeline/.env/lib/python3.8/site-packages/airflow/example_dags/example_trigger_controller_dag.py for tasks to queue
[2022-07-31 21:16:50,172] {logging_mixin.py:115} INFO - [2022-07-31 21:16:50,172] {dagbag.py:508} INFO - Filling up the DagBag from /home/renan/datapipeline/.env/lib/python3.8/site-packages/airflow/example_dags/example_trigger_controller_dag.py
[2022-07-31 21:16:50,174] {processor.py:651} INFO - DAG(s) dict_keys(['example_trigger_controller_dag']) retrieved from /home/renan/datapipeline/.env/lib/python3.8/site-packages/airflow/example_dags/example_trigger_controller_dag.py
[2022-07-31 21:16:50,184] {logging_mixin.py:115} INFO - [2022-07-31 21:16:50,184] {dag.py:2420} INFO - Sync 1 DAGs
[2022-07-31 21:16:50,194] {logging_mixin.py:115} INFO - [2022-07-31 21:16:50,194] {dag.py:2968} INFO - Setting next_dagrun for example_trigger_controller_dag to 2021-01-01T00:00:00+00:00, run_after=2021-01-01T00:00:00+00:00
[2022-07-31 21:16:50,202] {processor.py:161} INFO - Processing /home/renan/datapipeline/.env/lib/python3.8/site-packages/airflow/example_dags/example_trigger_controller_dag.py took 0.032 seconds
[2022-07-31 21:17:23,809] {processor.py:153} INFO - Started process (PID=5349) to work on /home/renan/datapipeline/.env/lib/python3.8/site-packages/airflow/example_dags/example_trigger_controller_dag.py
[2022-07-31 21:17:23,809] {processor.py:641} INFO - Processing file /home/renan/datapipeline/.env/lib/python3.8/site-packages/airflow/example_dags/example_trigger_controller_dag.py for tasks to queue
[2022-07-31 21:17:23,810] {logging_mixin.py:115} INFO - [2022-07-31 21:17:23,810] {dagbag.py:508} INFO - Filling up the DagBag from /home/renan/datapipeline/.env/lib/python3.8/site-packages/airflow/example_dags/example_trigger_controller_dag.py
[2022-07-31 21:17:23,812] {processor.py:651} INFO - DAG(s) dict_keys(['example_trigger_controller_dag']) retrieved from /home/renan/datapipeline/.env/lib/python3.8/site-packages/airflow/example_dags/example_trigger_controller_dag.py
[2022-07-31 21:17:23,821] {logging_mixin.py:115} INFO - [2022-07-31 21:17:23,821] {dag.py:2420} INFO - Sync 1 DAGs
[2022-07-31 21:17:23,832] {logging_mixin.py:115} INFO - [2022-07-31 21:17:23,831] {dag.py:2968} INFO - Setting next_dagrun for example_trigger_controller_dag to 2021-01-01T00:00:00+00:00, run_after=2021-01-01T00:00:00+00:00
[2022-07-31 21:17:23,840] {processor.py:161} INFO - Processing /home/renan/datapipeline/.env/lib/python3.8/site-packages/airflow/example_dags/example_trigger_controller_dag.py took 0.033 seconds
[2022-07-31 22:20:46,048] {processor.py:153} INFO - Started process (PID=7029) to work on /home/renan/datapipeline/.env/lib/python3.8/site-packages/airflow/example_dags/example_trigger_controller_dag.py
[2022-07-31 22:20:46,049] {processor.py:641} INFO - Processing file /home/renan/datapipeline/.env/lib/python3.8/site-packages/airflow/example_dags/example_trigger_controller_dag.py for tasks to queue
[2022-07-31 22:20:46,049] {logging_mixin.py:115} INFO - [2022-07-31 22:20:46,049] {dagbag.py:508} INFO - Filling up the DagBag from /home/renan/datapipeline/.env/lib/python3.8/site-packages/airflow/example_dags/example_trigger_controller_dag.py
[2022-07-31 22:20:46,051] {processor.py:651} INFO - DAG(s) dict_keys(['example_trigger_controller_dag']) retrieved from /home/renan/datapipeline/.env/lib/python3.8/site-packages/airflow/example_dags/example_trigger_controller_dag.py
[2022-07-31 22:20:46,061] {logging_mixin.py:115} INFO - [2022-07-31 22:20:46,060] {dag.py:2420} INFO - Sync 1 DAGs
[2022-07-31 22:20:46,071] {logging_mixin.py:115} INFO - [2022-07-31 22:20:46,071] {dag.py:2968} INFO - Setting next_dagrun for example_trigger_controller_dag to 2021-01-01T00:00:00+00:00, run_after=2021-01-01T00:00:00+00:00
[2022-07-31 22:20:46,079] {processor.py:161} INFO - Processing /home/renan/datapipeline/.env/lib/python3.8/site-packages/airflow/example_dags/example_trigger_controller_dag.py took 0.032 seconds
[2022-07-31 22:21:17,461] {processor.py:153} INFO - Started process (PID=7070) to work on /home/renan/datapipeline/.env/lib/python3.8/site-packages/airflow/example_dags/example_trigger_controller_dag.py
[2022-07-31 22:21:17,461] {processor.py:641} INFO - Processing file /home/renan/datapipeline/.env/lib/python3.8/site-packages/airflow/example_dags/example_trigger_controller_dag.py for tasks to queue
[2022-07-31 22:21:17,462] {logging_mixin.py:115} INFO - [2022-07-31 22:21:17,462] {dagbag.py:508} INFO - Filling up the DagBag from /home/renan/datapipeline/.env/lib/python3.8/site-packages/airflow/example_dags/example_trigger_controller_dag.py
[2022-07-31 22:21:17,463] {processor.py:651} INFO - DAG(s) dict_keys(['example_trigger_controller_dag']) retrieved from /home/renan/datapipeline/.env/lib/python3.8/site-packages/airflow/example_dags/example_trigger_controller_dag.py
[2022-07-31 22:21:17,473] {logging_mixin.py:115} INFO - [2022-07-31 22:21:17,473] {dag.py:2420} INFO - Sync 1 DAGs
[2022-07-31 22:21:17,484] {logging_mixin.py:115} INFO - [2022-07-31 22:21:17,484] {dag.py:2968} INFO - Setting next_dagrun for example_trigger_controller_dag to 2021-01-01T00:00:00+00:00, run_after=2021-01-01T00:00:00+00:00
[2022-07-31 22:21:17,492] {processor.py:161} INFO - Processing /home/renan/datapipeline/.env/lib/python3.8/site-packages/airflow/example_dags/example_trigger_controller_dag.py took 0.033 seconds
[2022-07-31 22:21:51,965] {processor.py:153} INFO - Started process (PID=7133) to work on /home/renan/datapipeline/.env/lib/python3.8/site-packages/airflow/example_dags/example_trigger_controller_dag.py
[2022-07-31 22:21:51,966] {processor.py:641} INFO - Processing file /home/renan/datapipeline/.env/lib/python3.8/site-packages/airflow/example_dags/example_trigger_controller_dag.py for tasks to queue
[2022-07-31 22:21:51,966] {logging_mixin.py:115} INFO - [2022-07-31 22:21:51,966] {dagbag.py:508} INFO - Filling up the DagBag from /home/renan/datapipeline/.env/lib/python3.8/site-packages/airflow/example_dags/example_trigger_controller_dag.py
[2022-07-31 22:21:51,968] {processor.py:651} INFO - DAG(s) dict_keys(['example_trigger_controller_dag']) retrieved from /home/renan/datapipeline/.env/lib/python3.8/site-packages/airflow/example_dags/example_trigger_controller_dag.py
[2022-07-31 22:21:51,977] {logging_mixin.py:115} INFO - [2022-07-31 22:21:51,977] {dag.py:2420} INFO - Sync 1 DAGs
[2022-07-31 22:21:51,988] {logging_mixin.py:115} INFO - [2022-07-31 22:21:51,988] {dag.py:2968} INFO - Setting next_dagrun for example_trigger_controller_dag to 2021-01-01T00:00:00+00:00, run_after=2021-01-01T00:00:00+00:00
[2022-07-31 22:21:51,996] {processor.py:161} INFO - Processing /home/renan/datapipeline/.env/lib/python3.8/site-packages/airflow/example_dags/example_trigger_controller_dag.py took 0.033 seconds
[2022-07-31 22:22:25,299] {processor.py:153} INFO - Started process (PID=7186) to work on /home/renan/datapipeline/.env/lib/python3.8/site-packages/airflow/example_dags/example_trigger_controller_dag.py
[2022-07-31 22:22:25,299] {processor.py:641} INFO - Processing file /home/renan/datapipeline/.env/lib/python3.8/site-packages/airflow/example_dags/example_trigger_controller_dag.py for tasks to queue
[2022-07-31 22:22:25,300] {logging_mixin.py:115} INFO - [2022-07-31 22:22:25,300] {dagbag.py:508} INFO - Filling up the DagBag from /home/renan/datapipeline/.env/lib/python3.8/site-packages/airflow/example_dags/example_trigger_controller_dag.py
[2022-07-31 22:22:25,301] {processor.py:651} INFO - DAG(s) dict_keys(['example_trigger_controller_dag']) retrieved from /home/renan/datapipeline/.env/lib/python3.8/site-packages/airflow/example_dags/example_trigger_controller_dag.py
[2022-07-31 22:22:25,311] {logging_mixin.py:115} INFO - [2022-07-31 22:22:25,311] {dag.py:2420} INFO - Sync 1 DAGs
[2022-07-31 22:22:25,322] {logging_mixin.py:115} INFO - [2022-07-31 22:22:25,322] {dag.py:2968} INFO - Setting next_dagrun for example_trigger_controller_dag to 2021-01-01T00:00:00+00:00, run_after=2021-01-01T00:00:00+00:00
[2022-07-31 22:22:25,330] {processor.py:161} INFO - Processing /home/renan/datapipeline/.env/lib/python3.8/site-packages/airflow/example_dags/example_trigger_controller_dag.py took 0.033 seconds
[2022-07-31 22:22:58,133] {processor.py:153} INFO - Started process (PID=7224) to work on /home/renan/datapipeline/.env/lib/python3.8/site-packages/airflow/example_dags/example_trigger_controller_dag.py
[2022-07-31 22:22:58,133] {processor.py:641} INFO - Processing file /home/renan/datapipeline/.env/lib/python3.8/site-packages/airflow/example_dags/example_trigger_controller_dag.py for tasks to queue
[2022-07-31 22:22:58,133] {logging_mixin.py:115} INFO - [2022-07-31 22:22:58,133] {dagbag.py:508} INFO - Filling up the DagBag from /home/renan/datapipeline/.env/lib/python3.8/site-packages/airflow/example_dags/example_trigger_controller_dag.py
[2022-07-31 22:22:58,135] {processor.py:651} INFO - DAG(s) dict_keys(['example_trigger_controller_dag']) retrieved from /home/renan/datapipeline/.env/lib/python3.8/site-packages/airflow/example_dags/example_trigger_controller_dag.py
[2022-07-31 22:22:58,145] {logging_mixin.py:115} INFO - [2022-07-31 22:22:58,145] {dag.py:2420} INFO - Sync 1 DAGs
[2022-07-31 22:22:58,158] {logging_mixin.py:115} INFO - [2022-07-31 22:22:58,158] {dag.py:2968} INFO - Setting next_dagrun for example_trigger_controller_dag to 2021-01-01T00:00:00+00:00, run_after=2021-01-01T00:00:00+00:00
[2022-07-31 22:22:58,167] {processor.py:161} INFO - Processing /home/renan/datapipeline/.env/lib/python3.8/site-packages/airflow/example_dags/example_trigger_controller_dag.py took 0.036 seconds
[2022-07-31 22:23:32,054] {processor.py:153} INFO - Started process (PID=7265) to work on /home/renan/datapipeline/.env/lib/python3.8/site-packages/airflow/example_dags/example_trigger_controller_dag.py
[2022-07-31 22:23:32,054] {processor.py:641} INFO - Processing file /home/renan/datapipeline/.env/lib/python3.8/site-packages/airflow/example_dags/example_trigger_controller_dag.py for tasks to queue
[2022-07-31 22:23:32,054] {logging_mixin.py:115} INFO - [2022-07-31 22:23:32,054] {dagbag.py:508} INFO - Filling up the DagBag from /home/renan/datapipeline/.env/lib/python3.8/site-packages/airflow/example_dags/example_trigger_controller_dag.py
[2022-07-31 22:23:32,056] {processor.py:651} INFO - DAG(s) dict_keys(['example_trigger_controller_dag']) retrieved from /home/renan/datapipeline/.env/lib/python3.8/site-packages/airflow/example_dags/example_trigger_controller_dag.py
[2022-07-31 22:23:32,066] {logging_mixin.py:115} INFO - [2022-07-31 22:23:32,066] {dag.py:2420} INFO - Sync 1 DAGs
[2022-07-31 22:23:32,076] {logging_mixin.py:115} INFO - [2022-07-31 22:23:32,076] {dag.py:2968} INFO - Setting next_dagrun for example_trigger_controller_dag to 2021-01-01T00:00:00+00:00, run_after=2021-01-01T00:00:00+00:00
[2022-07-31 22:23:32,084] {processor.py:161} INFO - Processing /home/renan/datapipeline/.env/lib/python3.8/site-packages/airflow/example_dags/example_trigger_controller_dag.py took 0.032 seconds
[2022-07-31 22:24:05,114] {processor.py:153} INFO - Started process (PID=7306) to work on /home/renan/datapipeline/.env/lib/python3.8/site-packages/airflow/example_dags/example_trigger_controller_dag.py
[2022-07-31 22:24:05,114] {processor.py:641} INFO - Processing file /home/renan/datapipeline/.env/lib/python3.8/site-packages/airflow/example_dags/example_trigger_controller_dag.py for tasks to queue
[2022-07-31 22:24:05,114] {logging_mixin.py:115} INFO - [2022-07-31 22:24:05,114] {dagbag.py:508} INFO - Filling up the DagBag from /home/renan/datapipeline/.env/lib/python3.8/site-packages/airflow/example_dags/example_trigger_controller_dag.py
[2022-07-31 22:24:05,116] {processor.py:651} INFO - DAG(s) dict_keys(['example_trigger_controller_dag']) retrieved from /home/renan/datapipeline/.env/lib/python3.8/site-packages/airflow/example_dags/example_trigger_controller_dag.py
[2022-07-31 22:24:05,125] {logging_mixin.py:115} INFO - [2022-07-31 22:24:05,125] {dag.py:2420} INFO - Sync 1 DAGs
[2022-07-31 22:24:05,135] {logging_mixin.py:115} INFO - [2022-07-31 22:24:05,135] {dag.py:2968} INFO - Setting next_dagrun for example_trigger_controller_dag to 2021-01-01T00:00:00+00:00, run_after=2021-01-01T00:00:00+00:00
[2022-07-31 22:24:05,144] {processor.py:161} INFO - Processing /home/renan/datapipeline/.env/lib/python3.8/site-packages/airflow/example_dags/example_trigger_controller_dag.py took 0.032 seconds
[2022-07-31 22:24:38,257] {processor.py:153} INFO - Started process (PID=7421) to work on /home/renan/datapipeline/.env/lib/python3.8/site-packages/airflow/example_dags/example_trigger_controller_dag.py
[2022-07-31 22:24:38,258] {processor.py:641} INFO - Processing file /home/renan/datapipeline/.env/lib/python3.8/site-packages/airflow/example_dags/example_trigger_controller_dag.py for tasks to queue
[2022-07-31 22:24:38,258] {logging_mixin.py:115} INFO - [2022-07-31 22:24:38,258] {dagbag.py:508} INFO - Filling up the DagBag from /home/renan/datapipeline/.env/lib/python3.8/site-packages/airflow/example_dags/example_trigger_controller_dag.py
[2022-07-31 22:24:38,260] {processor.py:651} INFO - DAG(s) dict_keys(['example_trigger_controller_dag']) retrieved from /home/renan/datapipeline/.env/lib/python3.8/site-packages/airflow/example_dags/example_trigger_controller_dag.py
[2022-07-31 22:24:38,271] {logging_mixin.py:115} INFO - [2022-07-31 22:24:38,271] {dag.py:2420} INFO - Sync 1 DAGs
[2022-07-31 22:24:38,284] {logging_mixin.py:115} INFO - [2022-07-31 22:24:38,284] {dag.py:2968} INFO - Setting next_dagrun for example_trigger_controller_dag to 2021-01-01T00:00:00+00:00, run_after=2021-01-01T00:00:00+00:00
[2022-07-31 22:24:38,295] {processor.py:161} INFO - Processing /home/renan/datapipeline/.env/lib/python3.8/site-packages/airflow/example_dags/example_trigger_controller_dag.py took 0.040 seconds
[2022-07-31 22:25:09,744] {processor.py:153} INFO - Started process (PID=7506) to work on /home/renan/datapipeline/.env/lib/python3.8/site-packages/airflow/example_dags/example_trigger_controller_dag.py
[2022-07-31 22:25:09,744] {processor.py:641} INFO - Processing file /home/renan/datapipeline/.env/lib/python3.8/site-packages/airflow/example_dags/example_trigger_controller_dag.py for tasks to queue
[2022-07-31 22:25:09,745] {logging_mixin.py:115} INFO - [2022-07-31 22:25:09,745] {dagbag.py:508} INFO - Filling up the DagBag from /home/renan/datapipeline/.env/lib/python3.8/site-packages/airflow/example_dags/example_trigger_controller_dag.py
[2022-07-31 22:25:09,747] {processor.py:651} INFO - DAG(s) dict_keys(['example_trigger_controller_dag']) retrieved from /home/renan/datapipeline/.env/lib/python3.8/site-packages/airflow/example_dags/example_trigger_controller_dag.py
[2022-07-31 22:25:09,757] {logging_mixin.py:115} INFO - [2022-07-31 22:25:09,757] {dag.py:2420} INFO - Sync 1 DAGs
[2022-07-31 22:25:09,768] {logging_mixin.py:115} INFO - [2022-07-31 22:25:09,768] {dag.py:2968} INFO - Setting next_dagrun for example_trigger_controller_dag to 2021-01-01T00:00:00+00:00, run_after=2021-01-01T00:00:00+00:00
[2022-07-31 22:25:09,777] {processor.py:161} INFO - Processing /home/renan/datapipeline/.env/lib/python3.8/site-packages/airflow/example_dags/example_trigger_controller_dag.py took 0.035 seconds
[2022-07-31 22:25:43,478] {processor.py:153} INFO - Started process (PID=7546) to work on /home/renan/datapipeline/.env/lib/python3.8/site-packages/airflow/example_dags/example_trigger_controller_dag.py
[2022-07-31 22:25:43,478] {processor.py:641} INFO - Processing file /home/renan/datapipeline/.env/lib/python3.8/site-packages/airflow/example_dags/example_trigger_controller_dag.py for tasks to queue
[2022-07-31 22:25:43,479] {logging_mixin.py:115} INFO - [2022-07-31 22:25:43,479] {dagbag.py:508} INFO - Filling up the DagBag from /home/renan/datapipeline/.env/lib/python3.8/site-packages/airflow/example_dags/example_trigger_controller_dag.py
[2022-07-31 22:25:43,480] {processor.py:651} INFO - DAG(s) dict_keys(['example_trigger_controller_dag']) retrieved from /home/renan/datapipeline/.env/lib/python3.8/site-packages/airflow/example_dags/example_trigger_controller_dag.py
[2022-07-31 22:25:43,491] {logging_mixin.py:115} INFO - [2022-07-31 22:25:43,491] {dag.py:2420} INFO - Sync 1 DAGs
[2022-07-31 22:25:43,501] {logging_mixin.py:115} INFO - [2022-07-31 22:25:43,501] {dag.py:2968} INFO - Setting next_dagrun for example_trigger_controller_dag to 2021-01-01T00:00:00+00:00, run_after=2021-01-01T00:00:00+00:00
[2022-07-31 22:25:43,510] {processor.py:161} INFO - Processing /home/renan/datapipeline/.env/lib/python3.8/site-packages/airflow/example_dags/example_trigger_controller_dag.py took 0.034 seconds
[2022-07-31 22:26:16,264] {processor.py:153} INFO - Started process (PID=7593) to work on /home/renan/datapipeline/.env/lib/python3.8/site-packages/airflow/example_dags/example_trigger_controller_dag.py
[2022-07-31 22:26:16,265] {processor.py:641} INFO - Processing file /home/renan/datapipeline/.env/lib/python3.8/site-packages/airflow/example_dags/example_trigger_controller_dag.py for tasks to queue
[2022-07-31 22:26:16,265] {logging_mixin.py:115} INFO - [2022-07-31 22:26:16,265] {dagbag.py:508} INFO - Filling up the DagBag from /home/renan/datapipeline/.env/lib/python3.8/site-packages/airflow/example_dags/example_trigger_controller_dag.py
[2022-07-31 22:26:16,266] {processor.py:651} INFO - DAG(s) dict_keys(['example_trigger_controller_dag']) retrieved from /home/renan/datapipeline/.env/lib/python3.8/site-packages/airflow/example_dags/example_trigger_controller_dag.py
[2022-07-31 22:26:16,277] {logging_mixin.py:115} INFO - [2022-07-31 22:26:16,277] {dag.py:2420} INFO - Sync 1 DAGs
[2022-07-31 22:26:16,287] {logging_mixin.py:115} INFO - [2022-07-31 22:26:16,287] {dag.py:2968} INFO - Setting next_dagrun for example_trigger_controller_dag to 2021-01-01T00:00:00+00:00, run_after=2021-01-01T00:00:00+00:00
[2022-07-31 22:26:16,295] {processor.py:161} INFO - Processing /home/renan/datapipeline/.env/lib/python3.8/site-packages/airflow/example_dags/example_trigger_controller_dag.py took 0.033 seconds
