[2022-07-31 21:12:52,338] {processor.py:153} INFO - Started process (PID=4966) to work on /home/renan/datapipeline/.env/lib/python3.8/site-packages/airflow/example_dags/example_task_group.py
[2022-07-31 21:12:52,338] {processor.py:641} INFO - Processing file /home/renan/datapipeline/.env/lib/python3.8/site-packages/airflow/example_dags/example_task_group.py for tasks to queue
[2022-07-31 21:12:52,339] {logging_mixin.py:115} INFO - [2022-07-31 21:12:52,338] {dagbag.py:508} INFO - Filling up the DagBag from /home/renan/datapipeline/.env/lib/python3.8/site-packages/airflow/example_dags/example_task_group.py
[2022-07-31 21:12:52,343] {processor.py:651} INFO - DAG(s) dict_keys(['example_task_group']) retrieved from /home/renan/datapipeline/.env/lib/python3.8/site-packages/airflow/example_dags/example_task_group.py
[2022-07-31 21:12:52,355] {logging_mixin.py:115} INFO - [2022-07-31 21:12:52,355] {dag.py:2420} INFO - Sync 1 DAGs
[2022-07-31 21:12:52,365] {logging_mixin.py:115} INFO - [2022-07-31 21:12:52,365] {dag.py:2968} INFO - Setting next_dagrun for example_task_group to 2022-07-31T00:12:52.365186+00:00, run_after=2022-08-01T00:12:52.365186+00:00
[2022-07-31 21:12:52,375] {processor.py:161} INFO - Processing /home/renan/datapipeline/.env/lib/python3.8/site-packages/airflow/example_dags/example_task_group.py took 0.040 seconds
[2022-07-31 21:13:24,270] {processor.py:153} INFO - Started process (PID=5020) to work on /home/renan/datapipeline/.env/lib/python3.8/site-packages/airflow/example_dags/example_task_group.py
[2022-07-31 21:13:24,270] {processor.py:641} INFO - Processing file /home/renan/datapipeline/.env/lib/python3.8/site-packages/airflow/example_dags/example_task_group.py for tasks to queue
[2022-07-31 21:13:24,270] {logging_mixin.py:115} INFO - [2022-07-31 21:13:24,270] {dagbag.py:508} INFO - Filling up the DagBag from /home/renan/datapipeline/.env/lib/python3.8/site-packages/airflow/example_dags/example_task_group.py
[2022-07-31 21:13:24,275] {processor.py:651} INFO - DAG(s) dict_keys(['example_task_group']) retrieved from /home/renan/datapipeline/.env/lib/python3.8/site-packages/airflow/example_dags/example_task_group.py
[2022-07-31 21:13:24,285] {logging_mixin.py:115} INFO - [2022-07-31 21:13:24,285] {dag.py:2420} INFO - Sync 1 DAGs
[2022-07-31 21:13:24,294] {logging_mixin.py:115} INFO - [2022-07-31 21:13:24,294] {dag.py:2968} INFO - Setting next_dagrun for example_task_group to 2022-07-31T00:13:24.294765+00:00, run_after=2022-08-01T00:13:24.294765+00:00
[2022-07-31 21:13:24,303] {processor.py:161} INFO - Processing /home/renan/datapipeline/.env/lib/python3.8/site-packages/airflow/example_dags/example_task_group.py took 0.035 seconds
[2022-07-31 21:13:59,070] {processor.py:153} INFO - Started process (PID=5059) to work on /home/renan/datapipeline/.env/lib/python3.8/site-packages/airflow/example_dags/example_task_group.py
[2022-07-31 21:13:59,071] {processor.py:641} INFO - Processing file /home/renan/datapipeline/.env/lib/python3.8/site-packages/airflow/example_dags/example_task_group.py for tasks to queue
[2022-07-31 21:13:59,071] {logging_mixin.py:115} INFO - [2022-07-31 21:13:59,071] {dagbag.py:508} INFO - Filling up the DagBag from /home/renan/datapipeline/.env/lib/python3.8/site-packages/airflow/example_dags/example_task_group.py
[2022-07-31 21:13:59,076] {processor.py:651} INFO - DAG(s) dict_keys(['example_task_group']) retrieved from /home/renan/datapipeline/.env/lib/python3.8/site-packages/airflow/example_dags/example_task_group.py
[2022-07-31 21:13:59,087] {logging_mixin.py:115} INFO - [2022-07-31 21:13:59,087] {dag.py:2420} INFO - Sync 1 DAGs
[2022-07-31 21:13:59,097] {logging_mixin.py:115} INFO - [2022-07-31 21:13:59,097] {dag.py:2968} INFO - Setting next_dagrun for example_task_group to 2022-07-31T00:13:59.097159+00:00, run_after=2022-08-01T00:13:59.097159+00:00
[2022-07-31 21:13:59,105] {processor.py:161} INFO - Processing /home/renan/datapipeline/.env/lib/python3.8/site-packages/airflow/example_dags/example_task_group.py took 0.037 seconds
[2022-07-31 21:14:32,072] {processor.py:153} INFO - Started process (PID=5114) to work on /home/renan/datapipeline/.env/lib/python3.8/site-packages/airflow/example_dags/example_task_group.py
[2022-07-31 21:14:32,072] {processor.py:641} INFO - Processing file /home/renan/datapipeline/.env/lib/python3.8/site-packages/airflow/example_dags/example_task_group.py for tasks to queue
[2022-07-31 21:14:32,072] {logging_mixin.py:115} INFO - [2022-07-31 21:14:32,072] {dagbag.py:508} INFO - Filling up the DagBag from /home/renan/datapipeline/.env/lib/python3.8/site-packages/airflow/example_dags/example_task_group.py
[2022-07-31 21:14:32,077] {processor.py:651} INFO - DAG(s) dict_keys(['example_task_group']) retrieved from /home/renan/datapipeline/.env/lib/python3.8/site-packages/airflow/example_dags/example_task_group.py
[2022-07-31 21:14:32,087] {logging_mixin.py:115} INFO - [2022-07-31 21:14:32,087] {dag.py:2420} INFO - Sync 1 DAGs
[2022-07-31 21:14:32,096] {logging_mixin.py:115} INFO - [2022-07-31 21:14:32,096] {dag.py:2968} INFO - Setting next_dagrun for example_task_group to 2022-07-31T00:14:32.096564+00:00, run_after=2022-08-01T00:14:32.096564+00:00
[2022-07-31 21:14:32,105] {processor.py:161} INFO - Processing /home/renan/datapipeline/.env/lib/python3.8/site-packages/airflow/example_dags/example_task_group.py took 0.035 seconds
[2022-07-31 21:15:04,326] {processor.py:153} INFO - Started process (PID=5161) to work on /home/renan/datapipeline/.env/lib/python3.8/site-packages/airflow/example_dags/example_task_group.py
[2022-07-31 21:15:04,326] {processor.py:641} INFO - Processing file /home/renan/datapipeline/.env/lib/python3.8/site-packages/airflow/example_dags/example_task_group.py for tasks to queue
[2022-07-31 21:15:04,327] {logging_mixin.py:115} INFO - [2022-07-31 21:15:04,327] {dagbag.py:508} INFO - Filling up the DagBag from /home/renan/datapipeline/.env/lib/python3.8/site-packages/airflow/example_dags/example_task_group.py
[2022-07-31 21:15:04,331] {processor.py:651} INFO - DAG(s) dict_keys(['example_task_group']) retrieved from /home/renan/datapipeline/.env/lib/python3.8/site-packages/airflow/example_dags/example_task_group.py
[2022-07-31 21:15:04,341] {logging_mixin.py:115} INFO - [2022-07-31 21:15:04,341] {dag.py:2420} INFO - Sync 1 DAGs
[2022-07-31 21:15:04,351] {logging_mixin.py:115} INFO - [2022-07-31 21:15:04,351] {dag.py:2968} INFO - Setting next_dagrun for example_task_group to 2022-07-31T00:15:04.350833+00:00, run_after=2022-08-01T00:15:04.350833+00:00
[2022-07-31 21:15:04,359] {processor.py:161} INFO - Processing /home/renan/datapipeline/.env/lib/python3.8/site-packages/airflow/example_dags/example_task_group.py took 0.035 seconds
[2022-07-31 21:15:37,673] {processor.py:153} INFO - Started process (PID=5206) to work on /home/renan/datapipeline/.env/lib/python3.8/site-packages/airflow/example_dags/example_task_group.py
[2022-07-31 21:15:37,673] {processor.py:641} INFO - Processing file /home/renan/datapipeline/.env/lib/python3.8/site-packages/airflow/example_dags/example_task_group.py for tasks to queue
[2022-07-31 21:15:37,674] {logging_mixin.py:115} INFO - [2022-07-31 21:15:37,674] {dagbag.py:508} INFO - Filling up the DagBag from /home/renan/datapipeline/.env/lib/python3.8/site-packages/airflow/example_dags/example_task_group.py
[2022-07-31 21:15:37,678] {processor.py:651} INFO - DAG(s) dict_keys(['example_task_group']) retrieved from /home/renan/datapipeline/.env/lib/python3.8/site-packages/airflow/example_dags/example_task_group.py
[2022-07-31 21:15:37,689] {logging_mixin.py:115} INFO - [2022-07-31 21:15:37,689] {dag.py:2420} INFO - Sync 1 DAGs
[2022-07-31 21:15:37,698] {logging_mixin.py:115} INFO - [2022-07-31 21:15:37,698] {dag.py:2968} INFO - Setting next_dagrun for example_task_group to 2022-07-31T00:15:37.698254+00:00, run_after=2022-08-01T00:15:37.698254+00:00
[2022-07-31 21:15:37,706] {processor.py:161} INFO - Processing /home/renan/datapipeline/.env/lib/python3.8/site-packages/airflow/example_dags/example_task_group.py took 0.035 seconds
[2022-07-31 21:16:09,676] {processor.py:153} INFO - Started process (PID=5250) to work on /home/renan/datapipeline/.env/lib/python3.8/site-packages/airflow/example_dags/example_task_group.py
[2022-07-31 21:16:09,676] {processor.py:641} INFO - Processing file /home/renan/datapipeline/.env/lib/python3.8/site-packages/airflow/example_dags/example_task_group.py for tasks to queue
[2022-07-31 21:16:09,677] {logging_mixin.py:115} INFO - [2022-07-31 21:16:09,676] {dagbag.py:508} INFO - Filling up the DagBag from /home/renan/datapipeline/.env/lib/python3.8/site-packages/airflow/example_dags/example_task_group.py
[2022-07-31 21:16:09,681] {processor.py:651} INFO - DAG(s) dict_keys(['example_task_group']) retrieved from /home/renan/datapipeline/.env/lib/python3.8/site-packages/airflow/example_dags/example_task_group.py
[2022-07-31 21:16:09,693] {logging_mixin.py:115} INFO - [2022-07-31 21:16:09,693] {dag.py:2420} INFO - Sync 1 DAGs
[2022-07-31 21:16:09,704] {logging_mixin.py:115} INFO - [2022-07-31 21:16:09,704] {dag.py:2968} INFO - Setting next_dagrun for example_task_group to 2022-07-31T00:16:09.704407+00:00, run_after=2022-08-01T00:16:09.704407+00:00
[2022-07-31 21:16:09,714] {processor.py:161} INFO - Processing /home/renan/datapipeline/.env/lib/python3.8/site-packages/airflow/example_dags/example_task_group.py took 0.040 seconds
[2022-07-31 21:16:43,131] {processor.py:153} INFO - Started process (PID=5286) to work on /home/renan/datapipeline/.env/lib/python3.8/site-packages/airflow/example_dags/example_task_group.py
[2022-07-31 21:16:43,131] {processor.py:641} INFO - Processing file /home/renan/datapipeline/.env/lib/python3.8/site-packages/airflow/example_dags/example_task_group.py for tasks to queue
[2022-07-31 21:16:43,131] {logging_mixin.py:115} INFO - [2022-07-31 21:16:43,131] {dagbag.py:508} INFO - Filling up the DagBag from /home/renan/datapipeline/.env/lib/python3.8/site-packages/airflow/example_dags/example_task_group.py
[2022-07-31 21:16:43,135] {processor.py:651} INFO - DAG(s) dict_keys(['example_task_group']) retrieved from /home/renan/datapipeline/.env/lib/python3.8/site-packages/airflow/example_dags/example_task_group.py
[2022-07-31 21:16:43,146] {logging_mixin.py:115} INFO - [2022-07-31 21:16:43,146] {dag.py:2420} INFO - Sync 1 DAGs
[2022-07-31 21:16:43,155] {logging_mixin.py:115} INFO - [2022-07-31 21:16:43,155] {dag.py:2968} INFO - Setting next_dagrun for example_task_group to 2022-07-31T00:16:43.155690+00:00, run_after=2022-08-01T00:16:43.155690+00:00
[2022-07-31 21:16:43,164] {processor.py:161} INFO - Processing /home/renan/datapipeline/.env/lib/python3.8/site-packages/airflow/example_dags/example_task_group.py took 0.035 seconds
[2022-07-31 21:17:18,310] {processor.py:153} INFO - Started process (PID=5343) to work on /home/renan/datapipeline/.env/lib/python3.8/site-packages/airflow/example_dags/example_task_group.py
[2022-07-31 21:17:18,310] {processor.py:641} INFO - Processing file /home/renan/datapipeline/.env/lib/python3.8/site-packages/airflow/example_dags/example_task_group.py for tasks to queue
[2022-07-31 21:17:18,311] {logging_mixin.py:115} INFO - [2022-07-31 21:17:18,311] {dagbag.py:508} INFO - Filling up the DagBag from /home/renan/datapipeline/.env/lib/python3.8/site-packages/airflow/example_dags/example_task_group.py
[2022-07-31 21:17:18,314] {processor.py:651} INFO - DAG(s) dict_keys(['example_task_group']) retrieved from /home/renan/datapipeline/.env/lib/python3.8/site-packages/airflow/example_dags/example_task_group.py
[2022-07-31 21:17:18,326] {logging_mixin.py:115} INFO - [2022-07-31 21:17:18,326] {dag.py:2420} INFO - Sync 1 DAGs
[2022-07-31 21:17:18,335] {logging_mixin.py:115} INFO - [2022-07-31 21:17:18,335] {dag.py:2968} INFO - Setting next_dagrun for example_task_group to 2022-07-31T00:17:18.335215+00:00, run_after=2022-08-01T00:17:18.335215+00:00
[2022-07-31 21:17:18,344] {processor.py:161} INFO - Processing /home/renan/datapipeline/.env/lib/python3.8/site-packages/airflow/example_dags/example_task_group.py took 0.035 seconds
[2022-07-31 21:17:50,732] {processor.py:153} INFO - Started process (PID=5394) to work on /home/renan/datapipeline/.env/lib/python3.8/site-packages/airflow/example_dags/example_task_group.py
[2022-07-31 21:17:50,732] {processor.py:641} INFO - Processing file /home/renan/datapipeline/.env/lib/python3.8/site-packages/airflow/example_dags/example_task_group.py for tasks to queue
[2022-07-31 21:17:50,732] {logging_mixin.py:115} INFO - [2022-07-31 21:17:50,732] {dagbag.py:508} INFO - Filling up the DagBag from /home/renan/datapipeline/.env/lib/python3.8/site-packages/airflow/example_dags/example_task_group.py
[2022-07-31 21:17:50,736] {processor.py:651} INFO - DAG(s) dict_keys(['example_task_group']) retrieved from /home/renan/datapipeline/.env/lib/python3.8/site-packages/airflow/example_dags/example_task_group.py
[2022-07-31 21:17:50,747] {logging_mixin.py:115} INFO - [2022-07-31 21:17:50,747] {dag.py:2420} INFO - Sync 1 DAGs
[2022-07-31 21:17:50,756] {logging_mixin.py:115} INFO - [2022-07-31 21:17:50,756] {dag.py:2968} INFO - Setting next_dagrun for example_task_group to 2022-07-31T00:17:50.756704+00:00, run_after=2022-08-01T00:17:50.756704+00:00
[2022-07-31 21:17:50,765] {processor.py:161} INFO - Processing /home/renan/datapipeline/.env/lib/python3.8/site-packages/airflow/example_dags/example_task_group.py took 0.035 seconds
[2022-07-31 22:20:41,534] {processor.py:153} INFO - Started process (PID=7025) to work on /home/renan/datapipeline/.env/lib/python3.8/site-packages/airflow/example_dags/example_task_group.py
[2022-07-31 22:20:41,535] {processor.py:641} INFO - Processing file /home/renan/datapipeline/.env/lib/python3.8/site-packages/airflow/example_dags/example_task_group.py for tasks to queue
[2022-07-31 22:20:41,535] {logging_mixin.py:115} INFO - [2022-07-31 22:20:41,535] {dagbag.py:508} INFO - Filling up the DagBag from /home/renan/datapipeline/.env/lib/python3.8/site-packages/airflow/example_dags/example_task_group.py
[2022-07-31 22:20:41,539] {processor.py:651} INFO - DAG(s) dict_keys(['example_task_group']) retrieved from /home/renan/datapipeline/.env/lib/python3.8/site-packages/airflow/example_dags/example_task_group.py
[2022-07-31 22:20:41,550] {logging_mixin.py:115} INFO - [2022-07-31 22:20:41,550] {dag.py:2420} INFO - Sync 1 DAGs
[2022-07-31 22:20:41,559] {logging_mixin.py:115} INFO - [2022-07-31 22:20:41,559] {dag.py:2968} INFO - Setting next_dagrun for example_task_group to 2022-07-31T01:20:41.559023+00:00, run_after=2022-08-01T01:20:41.559023+00:00
[2022-07-31 22:20:41,567] {processor.py:161} INFO - Processing /home/renan/datapipeline/.env/lib/python3.8/site-packages/airflow/example_dags/example_task_group.py took 0.035 seconds
[2022-07-31 22:21:13,459] {processor.py:153} INFO - Started process (PID=7060) to work on /home/renan/datapipeline/.env/lib/python3.8/site-packages/airflow/example_dags/example_task_group.py
[2022-07-31 22:21:13,460] {processor.py:641} INFO - Processing file /home/renan/datapipeline/.env/lib/python3.8/site-packages/airflow/example_dags/example_task_group.py for tasks to queue
[2022-07-31 22:21:13,460] {logging_mixin.py:115} INFO - [2022-07-31 22:21:13,460] {dagbag.py:508} INFO - Filling up the DagBag from /home/renan/datapipeline/.env/lib/python3.8/site-packages/airflow/example_dags/example_task_group.py
[2022-07-31 22:21:13,464] {processor.py:651} INFO - DAG(s) dict_keys(['example_task_group']) retrieved from /home/renan/datapipeline/.env/lib/python3.8/site-packages/airflow/example_dags/example_task_group.py
[2022-07-31 22:21:13,475] {logging_mixin.py:115} INFO - [2022-07-31 22:21:13,475] {dag.py:2420} INFO - Sync 1 DAGs
[2022-07-31 22:21:13,485] {logging_mixin.py:115} INFO - [2022-07-31 22:21:13,484] {dag.py:2968} INFO - Setting next_dagrun for example_task_group to 2022-07-31T01:21:13.484762+00:00, run_after=2022-08-01T01:21:13.484762+00:00
[2022-07-31 22:21:13,494] {processor.py:161} INFO - Processing /home/renan/datapipeline/.env/lib/python3.8/site-packages/airflow/example_dags/example_task_group.py took 0.036 seconds
[2022-07-31 22:21:48,254] {processor.py:153} INFO - Started process (PID=7121) to work on /home/renan/datapipeline/.env/lib/python3.8/site-packages/airflow/example_dags/example_task_group.py
[2022-07-31 22:21:48,255] {processor.py:641} INFO - Processing file /home/renan/datapipeline/.env/lib/python3.8/site-packages/airflow/example_dags/example_task_group.py for tasks to queue
[2022-07-31 22:21:48,255] {logging_mixin.py:115} INFO - [2022-07-31 22:21:48,255] {dagbag.py:508} INFO - Filling up the DagBag from /home/renan/datapipeline/.env/lib/python3.8/site-packages/airflow/example_dags/example_task_group.py
[2022-07-31 22:21:48,259] {processor.py:651} INFO - DAG(s) dict_keys(['example_task_group']) retrieved from /home/renan/datapipeline/.env/lib/python3.8/site-packages/airflow/example_dags/example_task_group.py
[2022-07-31 22:21:48,270] {logging_mixin.py:115} INFO - [2022-07-31 22:21:48,270] {dag.py:2420} INFO - Sync 1 DAGs
[2022-07-31 22:21:48,279] {logging_mixin.py:115} INFO - [2022-07-31 22:21:48,279] {dag.py:2968} INFO - Setting next_dagrun for example_task_group to 2022-07-31T01:21:48.279224+00:00, run_after=2022-08-01T01:21:48.279224+00:00
[2022-07-31 22:21:48,288] {processor.py:161} INFO - Processing /home/renan/datapipeline/.env/lib/python3.8/site-packages/airflow/example_dags/example_task_group.py took 0.035 seconds
[2022-07-31 22:22:21,292] {processor.py:153} INFO - Started process (PID=7182) to work on /home/renan/datapipeline/.env/lib/python3.8/site-packages/airflow/example_dags/example_task_group.py
[2022-07-31 22:22:21,293] {processor.py:641} INFO - Processing file /home/renan/datapipeline/.env/lib/python3.8/site-packages/airflow/example_dags/example_task_group.py for tasks to queue
[2022-07-31 22:22:21,293] {logging_mixin.py:115} INFO - [2022-07-31 22:22:21,293] {dagbag.py:508} INFO - Filling up the DagBag from /home/renan/datapipeline/.env/lib/python3.8/site-packages/airflow/example_dags/example_task_group.py
[2022-07-31 22:22:21,297] {processor.py:651} INFO - DAG(s) dict_keys(['example_task_group']) retrieved from /home/renan/datapipeline/.env/lib/python3.8/site-packages/airflow/example_dags/example_task_group.py
[2022-07-31 22:22:21,309] {logging_mixin.py:115} INFO - [2022-07-31 22:22:21,309] {dag.py:2420} INFO - Sync 1 DAGs
[2022-07-31 22:22:21,319] {logging_mixin.py:115} INFO - [2022-07-31 22:22:21,319] {dag.py:2968} INFO - Setting next_dagrun for example_task_group to 2022-07-31T01:22:21.319250+00:00, run_after=2022-08-01T01:22:21.319250+00:00
[2022-07-31 22:22:21,327] {processor.py:161} INFO - Processing /home/renan/datapipeline/.env/lib/python3.8/site-packages/airflow/example_dags/example_task_group.py took 0.037 seconds
[2022-07-31 22:22:53,538] {processor.py:153} INFO - Started process (PID=7219) to work on /home/renan/datapipeline/.env/lib/python3.8/site-packages/airflow/example_dags/example_task_group.py
[2022-07-31 22:22:53,538] {processor.py:641} INFO - Processing file /home/renan/datapipeline/.env/lib/python3.8/site-packages/airflow/example_dags/example_task_group.py for tasks to queue
[2022-07-31 22:22:53,538] {logging_mixin.py:115} INFO - [2022-07-31 22:22:53,538] {dagbag.py:508} INFO - Filling up the DagBag from /home/renan/datapipeline/.env/lib/python3.8/site-packages/airflow/example_dags/example_task_group.py
[2022-07-31 22:22:53,542] {processor.py:651} INFO - DAG(s) dict_keys(['example_task_group']) retrieved from /home/renan/datapipeline/.env/lib/python3.8/site-packages/airflow/example_dags/example_task_group.py
[2022-07-31 22:22:53,554] {logging_mixin.py:115} INFO - [2022-07-31 22:22:53,554] {dag.py:2420} INFO - Sync 1 DAGs
[2022-07-31 22:22:53,563] {logging_mixin.py:115} INFO - [2022-07-31 22:22:53,563] {dag.py:2968} INFO - Setting next_dagrun for example_task_group to 2022-07-31T01:22:53.563505+00:00, run_after=2022-08-01T01:22:53.563505+00:00
[2022-07-31 22:22:53,572] {processor.py:161} INFO - Processing /home/renan/datapipeline/.env/lib/python3.8/site-packages/airflow/example_dags/example_task_group.py took 0.036 seconds
[2022-07-31 22:23:26,919] {processor.py:153} INFO - Started process (PID=7259) to work on /home/renan/datapipeline/.env/lib/python3.8/site-packages/airflow/example_dags/example_task_group.py
[2022-07-31 22:23:26,919] {processor.py:641} INFO - Processing file /home/renan/datapipeline/.env/lib/python3.8/site-packages/airflow/example_dags/example_task_group.py for tasks to queue
[2022-07-31 22:23:26,920] {logging_mixin.py:115} INFO - [2022-07-31 22:23:26,920] {dagbag.py:508} INFO - Filling up the DagBag from /home/renan/datapipeline/.env/lib/python3.8/site-packages/airflow/example_dags/example_task_group.py
[2022-07-31 22:23:26,925] {processor.py:651} INFO - DAG(s) dict_keys(['example_task_group']) retrieved from /home/renan/datapipeline/.env/lib/python3.8/site-packages/airflow/example_dags/example_task_group.py
[2022-07-31 22:23:26,938] {logging_mixin.py:115} INFO - [2022-07-31 22:23:26,938] {dag.py:2420} INFO - Sync 1 DAGs
[2022-07-31 22:23:26,949] {logging_mixin.py:115} INFO - [2022-07-31 22:23:26,948] {dag.py:2968} INFO - Setting next_dagrun for example_task_group to 2022-07-31T01:23:26.948762+00:00, run_after=2022-08-01T01:23:26.948762+00:00
[2022-07-31 22:23:26,967] {processor.py:161} INFO - Processing /home/renan/datapipeline/.env/lib/python3.8/site-packages/airflow/example_dags/example_task_group.py took 0.050 seconds
[2022-07-31 22:23:58,850] {processor.py:153} INFO - Started process (PID=7299) to work on /home/renan/datapipeline/.env/lib/python3.8/site-packages/airflow/example_dags/example_task_group.py
[2022-07-31 22:23:58,850] {processor.py:641} INFO - Processing file /home/renan/datapipeline/.env/lib/python3.8/site-packages/airflow/example_dags/example_task_group.py for tasks to queue
[2022-07-31 22:23:58,850] {logging_mixin.py:115} INFO - [2022-07-31 22:23:58,850] {dagbag.py:508} INFO - Filling up the DagBag from /home/renan/datapipeline/.env/lib/python3.8/site-packages/airflow/example_dags/example_task_group.py
[2022-07-31 22:23:58,855] {processor.py:651} INFO - DAG(s) dict_keys(['example_task_group']) retrieved from /home/renan/datapipeline/.env/lib/python3.8/site-packages/airflow/example_dags/example_task_group.py
[2022-07-31 22:23:58,866] {logging_mixin.py:115} INFO - [2022-07-31 22:23:58,866] {dag.py:2420} INFO - Sync 1 DAGs
[2022-07-31 22:23:58,875] {logging_mixin.py:115} INFO - [2022-07-31 22:23:58,875] {dag.py:2968} INFO - Setting next_dagrun for example_task_group to 2022-07-31T01:23:58.875349+00:00, run_after=2022-08-01T01:23:58.875349+00:00
[2022-07-31 22:23:58,884] {processor.py:161} INFO - Processing /home/renan/datapipeline/.env/lib/python3.8/site-packages/airflow/example_dags/example_task_group.py took 0.037 seconds
[2022-07-31 22:24:33,668] {processor.py:153} INFO - Started process (PID=7416) to work on /home/renan/datapipeline/.env/lib/python3.8/site-packages/airflow/example_dags/example_task_group.py
[2022-07-31 22:24:33,669] {processor.py:641} INFO - Processing file /home/renan/datapipeline/.env/lib/python3.8/site-packages/airflow/example_dags/example_task_group.py for tasks to queue
[2022-07-31 22:24:33,669] {logging_mixin.py:115} INFO - [2022-07-31 22:24:33,669] {dagbag.py:508} INFO - Filling up the DagBag from /home/renan/datapipeline/.env/lib/python3.8/site-packages/airflow/example_dags/example_task_group.py
[2022-07-31 22:24:33,673] {processor.py:651} INFO - DAG(s) dict_keys(['example_task_group']) retrieved from /home/renan/datapipeline/.env/lib/python3.8/site-packages/airflow/example_dags/example_task_group.py
[2022-07-31 22:24:33,685] {logging_mixin.py:115} INFO - [2022-07-31 22:24:33,685] {dag.py:2420} INFO - Sync 1 DAGs
[2022-07-31 22:24:33,695] {logging_mixin.py:115} INFO - [2022-07-31 22:24:33,695] {dag.py:2968} INFO - Setting next_dagrun for example_task_group to 2022-07-31T01:24:33.695094+00:00, run_after=2022-08-01T01:24:33.695094+00:00
[2022-07-31 22:24:33,704] {processor.py:161} INFO - Processing /home/renan/datapipeline/.env/lib/python3.8/site-packages/airflow/example_dags/example_task_group.py took 0.037 seconds
[2022-07-31 22:25:06,681] {processor.py:153} INFO - Started process (PID=7502) to work on /home/renan/datapipeline/.env/lib/python3.8/site-packages/airflow/example_dags/example_task_group.py
[2022-07-31 22:25:06,681] {processor.py:641} INFO - Processing file /home/renan/datapipeline/.env/lib/python3.8/site-packages/airflow/example_dags/example_task_group.py for tasks to queue
[2022-07-31 22:25:06,681] {logging_mixin.py:115} INFO - [2022-07-31 22:25:06,681] {dagbag.py:508} INFO - Filling up the DagBag from /home/renan/datapipeline/.env/lib/python3.8/site-packages/airflow/example_dags/example_task_group.py
[2022-07-31 22:25:06,686] {processor.py:651} INFO - DAG(s) dict_keys(['example_task_group']) retrieved from /home/renan/datapipeline/.env/lib/python3.8/site-packages/airflow/example_dags/example_task_group.py
[2022-07-31 22:25:06,697] {logging_mixin.py:115} INFO - [2022-07-31 22:25:06,697] {dag.py:2420} INFO - Sync 1 DAGs
[2022-07-31 22:25:06,706] {logging_mixin.py:115} INFO - [2022-07-31 22:25:06,706] {dag.py:2968} INFO - Setting next_dagrun for example_task_group to 2022-07-31T01:25:06.706623+00:00, run_after=2022-08-01T01:25:06.706623+00:00
[2022-07-31 22:25:06,725] {processor.py:161} INFO - Processing /home/renan/datapipeline/.env/lib/python3.8/site-packages/airflow/example_dags/example_task_group.py took 0.045 seconds
[2022-07-31 22:25:37,679] {processor.py:153} INFO - Started process (PID=7540) to work on /home/renan/datapipeline/.env/lib/python3.8/site-packages/airflow/example_dags/example_task_group.py
[2022-07-31 22:25:37,680] {processor.py:641} INFO - Processing file /home/renan/datapipeline/.env/lib/python3.8/site-packages/airflow/example_dags/example_task_group.py for tasks to queue
[2022-07-31 22:25:37,680] {logging_mixin.py:115} INFO - [2022-07-31 22:25:37,680] {dagbag.py:508} INFO - Filling up the DagBag from /home/renan/datapipeline/.env/lib/python3.8/site-packages/airflow/example_dags/example_task_group.py
[2022-07-31 22:25:37,684] {processor.py:651} INFO - DAG(s) dict_keys(['example_task_group']) retrieved from /home/renan/datapipeline/.env/lib/python3.8/site-packages/airflow/example_dags/example_task_group.py
[2022-07-31 22:25:37,695] {logging_mixin.py:115} INFO - [2022-07-31 22:25:37,695] {dag.py:2420} INFO - Sync 1 DAGs
[2022-07-31 22:25:37,705] {logging_mixin.py:115} INFO - [2022-07-31 22:25:37,705] {dag.py:2968} INFO - Setting next_dagrun for example_task_group to 2022-07-31T01:25:37.705112+00:00, run_after=2022-08-01T01:25:37.705112+00:00
[2022-07-31 22:25:37,714] {processor.py:161} INFO - Processing /home/renan/datapipeline/.env/lib/python3.8/site-packages/airflow/example_dags/example_task_group.py took 0.036 seconds
[2022-07-31 22:26:11,610] {processor.py:153} INFO - Started process (PID=7587) to work on /home/renan/datapipeline/.env/lib/python3.8/site-packages/airflow/example_dags/example_task_group.py
[2022-07-31 22:26:11,611] {processor.py:641} INFO - Processing file /home/renan/datapipeline/.env/lib/python3.8/site-packages/airflow/example_dags/example_task_group.py for tasks to queue
[2022-07-31 22:26:11,611] {logging_mixin.py:115} INFO - [2022-07-31 22:26:11,611] {dagbag.py:508} INFO - Filling up the DagBag from /home/renan/datapipeline/.env/lib/python3.8/site-packages/airflow/example_dags/example_task_group.py
[2022-07-31 22:26:11,615] {processor.py:651} INFO - DAG(s) dict_keys(['example_task_group']) retrieved from /home/renan/datapipeline/.env/lib/python3.8/site-packages/airflow/example_dags/example_task_group.py
[2022-07-31 22:26:11,626] {logging_mixin.py:115} INFO - [2022-07-31 22:26:11,626] {dag.py:2420} INFO - Sync 1 DAGs
[2022-07-31 22:26:11,635] {logging_mixin.py:115} INFO - [2022-07-31 22:26:11,635] {dag.py:2968} INFO - Setting next_dagrun for example_task_group to 2022-07-31T01:26:11.635511+00:00, run_after=2022-08-01T01:26:11.635511+00:00
[2022-07-31 22:26:11,644] {processor.py:161} INFO - Processing /home/renan/datapipeline/.env/lib/python3.8/site-packages/airflow/example_dags/example_task_group.py took 0.035 seconds
