[2022-07-31 21:13:05,988] {processor.py:153} INFO - Started process (PID=4992) to work on /home/renan/datapipeline/.env/lib/python3.8/site-packages/airflow/example_dags/example_branch_day_of_week_operator.py
[2022-07-31 21:13:05,989] {processor.py:641} INFO - Processing file /home/renan/datapipeline/.env/lib/python3.8/site-packages/airflow/example_dags/example_branch_day_of_week_operator.py for tasks to queue
[2022-07-31 21:13:05,989] {logging_mixin.py:115} INFO - [2022-07-31 21:13:05,989] {dagbag.py:508} INFO - Filling up the DagBag from /home/renan/datapipeline/.env/lib/python3.8/site-packages/airflow/example_dags/example_branch_day_of_week_operator.py
[2022-07-31 21:13:05,995] {processor.py:651} INFO - DAG(s) dict_keys(['example_weekday_branch_operator']) retrieved from /home/renan/datapipeline/.env/lib/python3.8/site-packages/airflow/example_dags/example_branch_day_of_week_operator.py
[2022-07-31 21:13:06,006] {logging_mixin.py:115} INFO - [2022-07-31 21:13:06,006] {dag.py:2420} INFO - Sync 1 DAGs
[2022-07-31 21:13:06,016] {logging_mixin.py:115} INFO - [2022-07-31 21:13:06,016] {dag.py:2968} INFO - Setting next_dagrun for example_weekday_branch_operator to 2022-07-31T00:00:00+00:00, run_after=2022-08-01T00:00:00+00:00
[2022-07-31 21:13:06,025] {processor.py:161} INFO - Processing /home/renan/datapipeline/.env/lib/python3.8/site-packages/airflow/example_dags/example_branch_day_of_week_operator.py took 0.038 seconds
[2022-07-31 21:13:39,667] {processor.py:153} INFO - Started process (PID=5039) to work on /home/renan/datapipeline/.env/lib/python3.8/site-packages/airflow/example_dags/example_branch_day_of_week_operator.py
[2022-07-31 21:13:39,667] {processor.py:641} INFO - Processing file /home/renan/datapipeline/.env/lib/python3.8/site-packages/airflow/example_dags/example_branch_day_of_week_operator.py for tasks to queue
[2022-07-31 21:13:39,667] {logging_mixin.py:115} INFO - [2022-07-31 21:13:39,667] {dagbag.py:508} INFO - Filling up the DagBag from /home/renan/datapipeline/.env/lib/python3.8/site-packages/airflow/example_dags/example_branch_day_of_week_operator.py
[2022-07-31 21:13:39,673] {processor.py:651} INFO - DAG(s) dict_keys(['example_weekday_branch_operator']) retrieved from /home/renan/datapipeline/.env/lib/python3.8/site-packages/airflow/example_dags/example_branch_day_of_week_operator.py
[2022-07-31 21:13:39,683] {logging_mixin.py:115} INFO - [2022-07-31 21:13:39,683] {dag.py:2420} INFO - Sync 1 DAGs
[2022-07-31 21:13:39,693] {logging_mixin.py:115} INFO - [2022-07-31 21:13:39,693] {dag.py:2968} INFO - Setting next_dagrun for example_weekday_branch_operator to 2022-07-31T00:00:00+00:00, run_after=2022-08-01T00:00:00+00:00
[2022-07-31 21:13:39,702] {processor.py:161} INFO - Processing /home/renan/datapipeline/.env/lib/python3.8/site-packages/airflow/example_dags/example_branch_day_of_week_operator.py took 0.036 seconds
[2022-07-31 21:14:13,797] {processor.py:153} INFO - Started process (PID=5091) to work on /home/renan/datapipeline/.env/lib/python3.8/site-packages/airflow/example_dags/example_branch_day_of_week_operator.py
[2022-07-31 21:14:13,798] {processor.py:641} INFO - Processing file /home/renan/datapipeline/.env/lib/python3.8/site-packages/airflow/example_dags/example_branch_day_of_week_operator.py for tasks to queue
[2022-07-31 21:14:13,798] {logging_mixin.py:115} INFO - [2022-07-31 21:14:13,798] {dagbag.py:508} INFO - Filling up the DagBag from /home/renan/datapipeline/.env/lib/python3.8/site-packages/airflow/example_dags/example_branch_day_of_week_operator.py
[2022-07-31 21:14:13,803] {processor.py:651} INFO - DAG(s) dict_keys(['example_weekday_branch_operator']) retrieved from /home/renan/datapipeline/.env/lib/python3.8/site-packages/airflow/example_dags/example_branch_day_of_week_operator.py
[2022-07-31 21:14:13,813] {logging_mixin.py:115} INFO - [2022-07-31 21:14:13,813] {dag.py:2420} INFO - Sync 1 DAGs
[2022-07-31 21:14:13,824] {logging_mixin.py:115} INFO - [2022-07-31 21:14:13,824] {dag.py:2968} INFO - Setting next_dagrun for example_weekday_branch_operator to 2022-07-31T00:00:00+00:00, run_after=2022-08-01T00:00:00+00:00
[2022-07-31 21:14:13,833] {processor.py:161} INFO - Processing /home/renan/datapipeline/.env/lib/python3.8/site-packages/airflow/example_dags/example_branch_day_of_week_operator.py took 0.037 seconds
[2022-07-31 21:14:46,343] {processor.py:153} INFO - Started process (PID=5130) to work on /home/renan/datapipeline/.env/lib/python3.8/site-packages/airflow/example_dags/example_branch_day_of_week_operator.py
[2022-07-31 21:14:46,344] {processor.py:641} INFO - Processing file /home/renan/datapipeline/.env/lib/python3.8/site-packages/airflow/example_dags/example_branch_day_of_week_operator.py for tasks to queue
[2022-07-31 21:14:46,344] {logging_mixin.py:115} INFO - [2022-07-31 21:14:46,344] {dagbag.py:508} INFO - Filling up the DagBag from /home/renan/datapipeline/.env/lib/python3.8/site-packages/airflow/example_dags/example_branch_day_of_week_operator.py
[2022-07-31 21:14:46,349] {processor.py:651} INFO - DAG(s) dict_keys(['example_weekday_branch_operator']) retrieved from /home/renan/datapipeline/.env/lib/python3.8/site-packages/airflow/example_dags/example_branch_day_of_week_operator.py
[2022-07-31 21:14:46,359] {logging_mixin.py:115} INFO - [2022-07-31 21:14:46,359] {dag.py:2420} INFO - Sync 1 DAGs
[2022-07-31 21:14:46,369] {logging_mixin.py:115} INFO - [2022-07-31 21:14:46,369] {dag.py:2968} INFO - Setting next_dagrun for example_weekday_branch_operator to 2022-07-31T00:00:00+00:00, run_after=2022-08-01T00:00:00+00:00
[2022-07-31 21:14:46,377] {processor.py:161} INFO - Processing /home/renan/datapipeline/.env/lib/python3.8/site-packages/airflow/example_dags/example_branch_day_of_week_operator.py took 0.036 seconds
[2022-07-31 21:15:20,169] {processor.py:153} INFO - Started process (PID=5186) to work on /home/renan/datapipeline/.env/lib/python3.8/site-packages/airflow/example_dags/example_branch_day_of_week_operator.py
[2022-07-31 21:15:20,169] {processor.py:641} INFO - Processing file /home/renan/datapipeline/.env/lib/python3.8/site-packages/airflow/example_dags/example_branch_day_of_week_operator.py for tasks to queue
[2022-07-31 21:15:20,170] {logging_mixin.py:115} INFO - [2022-07-31 21:15:20,170] {dagbag.py:508} INFO - Filling up the DagBag from /home/renan/datapipeline/.env/lib/python3.8/site-packages/airflow/example_dags/example_branch_day_of_week_operator.py
[2022-07-31 21:15:20,175] {processor.py:651} INFO - DAG(s) dict_keys(['example_weekday_branch_operator']) retrieved from /home/renan/datapipeline/.env/lib/python3.8/site-packages/airflow/example_dags/example_branch_day_of_week_operator.py
[2022-07-31 21:15:20,187] {logging_mixin.py:115} INFO - [2022-07-31 21:15:20,187] {dag.py:2420} INFO - Sync 1 DAGs
[2022-07-31 21:15:20,199] {logging_mixin.py:115} INFO - [2022-07-31 21:15:20,199] {dag.py:2968} INFO - Setting next_dagrun for example_weekday_branch_operator to 2022-07-31T00:00:00+00:00, run_after=2022-08-01T00:00:00+00:00
[2022-07-31 21:15:20,211] {processor.py:161} INFO - Processing /home/renan/datapipeline/.env/lib/python3.8/site-packages/airflow/example_dags/example_branch_day_of_week_operator.py took 0.044 seconds
[2022-07-31 21:15:55,197] {processor.py:153} INFO - Started process (PID=5233) to work on /home/renan/datapipeline/.env/lib/python3.8/site-packages/airflow/example_dags/example_branch_day_of_week_operator.py
[2022-07-31 21:15:55,198] {processor.py:641} INFO - Processing file /home/renan/datapipeline/.env/lib/python3.8/site-packages/airflow/example_dags/example_branch_day_of_week_operator.py for tasks to queue
[2022-07-31 21:15:55,198] {logging_mixin.py:115} INFO - [2022-07-31 21:15:55,198] {dagbag.py:508} INFO - Filling up the DagBag from /home/renan/datapipeline/.env/lib/python3.8/site-packages/airflow/example_dags/example_branch_day_of_week_operator.py
[2022-07-31 21:15:55,203] {processor.py:651} INFO - DAG(s) dict_keys(['example_weekday_branch_operator']) retrieved from /home/renan/datapipeline/.env/lib/python3.8/site-packages/airflow/example_dags/example_branch_day_of_week_operator.py
[2022-07-31 21:15:55,214] {logging_mixin.py:115} INFO - [2022-07-31 21:15:55,214] {dag.py:2420} INFO - Sync 1 DAGs
[2022-07-31 21:15:55,224] {logging_mixin.py:115} INFO - [2022-07-31 21:15:55,224] {dag.py:2968} INFO - Setting next_dagrun for example_weekday_branch_operator to 2022-07-31T00:00:00+00:00, run_after=2022-08-01T00:00:00+00:00
[2022-07-31 21:15:55,233] {processor.py:161} INFO - Processing /home/renan/datapipeline/.env/lib/python3.8/site-packages/airflow/example_dags/example_branch_day_of_week_operator.py took 0.037 seconds
[2022-07-31 21:16:27,118] {processor.py:153} INFO - Started process (PID=5269) to work on /home/renan/datapipeline/.env/lib/python3.8/site-packages/airflow/example_dags/example_branch_day_of_week_operator.py
[2022-07-31 21:16:27,119] {processor.py:641} INFO - Processing file /home/renan/datapipeline/.env/lib/python3.8/site-packages/airflow/example_dags/example_branch_day_of_week_operator.py for tasks to queue
[2022-07-31 21:16:27,119] {logging_mixin.py:115} INFO - [2022-07-31 21:16:27,119] {dagbag.py:508} INFO - Filling up the DagBag from /home/renan/datapipeline/.env/lib/python3.8/site-packages/airflow/example_dags/example_branch_day_of_week_operator.py
[2022-07-31 21:16:27,124] {processor.py:651} INFO - DAG(s) dict_keys(['example_weekday_branch_operator']) retrieved from /home/renan/datapipeline/.env/lib/python3.8/site-packages/airflow/example_dags/example_branch_day_of_week_operator.py
[2022-07-31 21:16:27,134] {logging_mixin.py:115} INFO - [2022-07-31 21:16:27,134] {dag.py:2420} INFO - Sync 1 DAGs
[2022-07-31 21:16:27,144] {logging_mixin.py:115} INFO - [2022-07-31 21:16:27,144] {dag.py:2968} INFO - Setting next_dagrun for example_weekday_branch_operator to 2022-07-31T00:00:00+00:00, run_after=2022-08-01T00:00:00+00:00
[2022-07-31 21:16:27,153] {processor.py:161} INFO - Processing /home/renan/datapipeline/.env/lib/python3.8/site-packages/airflow/example_dags/example_branch_day_of_week_operator.py took 0.036 seconds
[2022-07-31 21:17:02,552] {processor.py:153} INFO - Started process (PID=5316) to work on /home/renan/datapipeline/.env/lib/python3.8/site-packages/airflow/example_dags/example_branch_day_of_week_operator.py
[2022-07-31 21:17:02,553] {processor.py:641} INFO - Processing file /home/renan/datapipeline/.env/lib/python3.8/site-packages/airflow/example_dags/example_branch_day_of_week_operator.py for tasks to queue
[2022-07-31 21:17:02,553] {logging_mixin.py:115} INFO - [2022-07-31 21:17:02,553] {dagbag.py:508} INFO - Filling up the DagBag from /home/renan/datapipeline/.env/lib/python3.8/site-packages/airflow/example_dags/example_branch_day_of_week_operator.py
[2022-07-31 21:17:02,558] {processor.py:651} INFO - DAG(s) dict_keys(['example_weekday_branch_operator']) retrieved from /home/renan/datapipeline/.env/lib/python3.8/site-packages/airflow/example_dags/example_branch_day_of_week_operator.py
[2022-07-31 21:17:02,570] {logging_mixin.py:115} INFO - [2022-07-31 21:17:02,570] {dag.py:2420} INFO - Sync 1 DAGs
[2022-07-31 21:17:02,580] {logging_mixin.py:115} INFO - [2022-07-31 21:17:02,580] {dag.py:2968} INFO - Setting next_dagrun for example_weekday_branch_operator to 2022-07-31T00:00:00+00:00, run_after=2022-08-01T00:00:00+00:00
[2022-07-31 21:17:02,589] {processor.py:161} INFO - Processing /home/renan/datapipeline/.env/lib/python3.8/site-packages/airflow/example_dags/example_branch_day_of_week_operator.py took 0.039 seconds
[2022-07-31 21:17:36,602] {processor.py:153} INFO - Started process (PID=5363) to work on /home/renan/datapipeline/.env/lib/python3.8/site-packages/airflow/example_dags/example_branch_day_of_week_operator.py
[2022-07-31 21:17:36,602] {processor.py:641} INFO - Processing file /home/renan/datapipeline/.env/lib/python3.8/site-packages/airflow/example_dags/example_branch_day_of_week_operator.py for tasks to queue
[2022-07-31 21:17:36,602] {logging_mixin.py:115} INFO - [2022-07-31 21:17:36,602] {dagbag.py:508} INFO - Filling up the DagBag from /home/renan/datapipeline/.env/lib/python3.8/site-packages/airflow/example_dags/example_branch_day_of_week_operator.py
[2022-07-31 21:17:36,608] {processor.py:651} INFO - DAG(s) dict_keys(['example_weekday_branch_operator']) retrieved from /home/renan/datapipeline/.env/lib/python3.8/site-packages/airflow/example_dags/example_branch_day_of_week_operator.py
[2022-07-31 21:17:36,619] {logging_mixin.py:115} INFO - [2022-07-31 21:17:36,618] {dag.py:2420} INFO - Sync 1 DAGs
[2022-07-31 21:17:36,629] {logging_mixin.py:115} INFO - [2022-07-31 21:17:36,629] {dag.py:2968} INFO - Setting next_dagrun for example_weekday_branch_operator to 2022-07-31T00:00:00+00:00, run_after=2022-08-01T00:00:00+00:00
[2022-07-31 21:17:36,640] {processor.py:161} INFO - Processing /home/renan/datapipeline/.env/lib/python3.8/site-packages/airflow/example_dags/example_branch_day_of_week_operator.py took 0.041 seconds
[2022-07-31 22:20:55,182] {processor.py:153} INFO - Started process (PID=7040) to work on /home/renan/datapipeline/.env/lib/python3.8/site-packages/airflow/example_dags/example_branch_day_of_week_operator.py
[2022-07-31 22:20:55,182] {processor.py:641} INFO - Processing file /home/renan/datapipeline/.env/lib/python3.8/site-packages/airflow/example_dags/example_branch_day_of_week_operator.py for tasks to queue
[2022-07-31 22:20:55,183] {logging_mixin.py:115} INFO - [2022-07-31 22:20:55,183] {dagbag.py:508} INFO - Filling up the DagBag from /home/renan/datapipeline/.env/lib/python3.8/site-packages/airflow/example_dags/example_branch_day_of_week_operator.py
[2022-07-31 22:20:55,188] {processor.py:651} INFO - DAG(s) dict_keys(['example_weekday_branch_operator']) retrieved from /home/renan/datapipeline/.env/lib/python3.8/site-packages/airflow/example_dags/example_branch_day_of_week_operator.py
[2022-07-31 22:20:55,198] {logging_mixin.py:115} INFO - [2022-07-31 22:20:55,198] {dag.py:2420} INFO - Sync 1 DAGs
[2022-07-31 22:20:55,208] {logging_mixin.py:115} INFO - [2022-07-31 22:20:55,208] {dag.py:2968} INFO - Setting next_dagrun for example_weekday_branch_operator to 2022-07-31T00:00:00+00:00, run_after=2022-08-01T00:00:00+00:00
[2022-07-31 22:20:55,216] {processor.py:161} INFO - Processing /home/renan/datapipeline/.env/lib/python3.8/site-packages/airflow/example_dags/example_branch_day_of_week_operator.py took 0.036 seconds
[2022-07-31 22:21:28,857] {processor.py:153} INFO - Started process (PID=7093) to work on /home/renan/datapipeline/.env/lib/python3.8/site-packages/airflow/example_dags/example_branch_day_of_week_operator.py
[2022-07-31 22:21:28,858] {processor.py:641} INFO - Processing file /home/renan/datapipeline/.env/lib/python3.8/site-packages/airflow/example_dags/example_branch_day_of_week_operator.py for tasks to queue
[2022-07-31 22:21:28,858] {logging_mixin.py:115} INFO - [2022-07-31 22:21:28,858] {dagbag.py:508} INFO - Filling up the DagBag from /home/renan/datapipeline/.env/lib/python3.8/site-packages/airflow/example_dags/example_branch_day_of_week_operator.py
[2022-07-31 22:21:28,863] {processor.py:651} INFO - DAG(s) dict_keys(['example_weekday_branch_operator']) retrieved from /home/renan/datapipeline/.env/lib/python3.8/site-packages/airflow/example_dags/example_branch_day_of_week_operator.py
[2022-07-31 22:21:28,874] {logging_mixin.py:115} INFO - [2022-07-31 22:21:28,874] {dag.py:2420} INFO - Sync 1 DAGs
[2022-07-31 22:21:28,884] {logging_mixin.py:115} INFO - [2022-07-31 22:21:28,884] {dag.py:2968} INFO - Setting next_dagrun for example_weekday_branch_operator to 2022-07-31T00:00:00+00:00, run_after=2022-08-01T00:00:00+00:00
[2022-07-31 22:21:28,895] {processor.py:161} INFO - Processing /home/renan/datapipeline/.env/lib/python3.8/site-packages/airflow/example_dags/example_branch_day_of_week_operator.py took 0.040 seconds
[2022-07-31 22:22:02,999] {processor.py:153} INFO - Started process (PID=7146) to work on /home/renan/datapipeline/.env/lib/python3.8/site-packages/airflow/example_dags/example_branch_day_of_week_operator.py
[2022-07-31 22:22:03,000] {processor.py:641} INFO - Processing file /home/renan/datapipeline/.env/lib/python3.8/site-packages/airflow/example_dags/example_branch_day_of_week_operator.py for tasks to queue
[2022-07-31 22:22:03,000] {logging_mixin.py:115} INFO - [2022-07-31 22:22:03,000] {dagbag.py:508} INFO - Filling up the DagBag from /home/renan/datapipeline/.env/lib/python3.8/site-packages/airflow/example_dags/example_branch_day_of_week_operator.py
[2022-07-31 22:22:03,005] {processor.py:651} INFO - DAG(s) dict_keys(['example_weekday_branch_operator']) retrieved from /home/renan/datapipeline/.env/lib/python3.8/site-packages/airflow/example_dags/example_branch_day_of_week_operator.py
[2022-07-31 22:22:03,015] {logging_mixin.py:115} INFO - [2022-07-31 22:22:03,015] {dag.py:2420} INFO - Sync 1 DAGs
[2022-07-31 22:22:03,025] {logging_mixin.py:115} INFO - [2022-07-31 22:22:03,025] {dag.py:2968} INFO - Setting next_dagrun for example_weekday_branch_operator to 2022-07-31T00:00:00+00:00, run_after=2022-08-01T00:00:00+00:00
[2022-07-31 22:22:03,034] {processor.py:161} INFO - Processing /home/renan/datapipeline/.env/lib/python3.8/site-packages/airflow/example_dags/example_branch_day_of_week_operator.py took 0.036 seconds
[2022-07-31 22:22:35,568] {processor.py:153} INFO - Started process (PID=7197) to work on /home/renan/datapipeline/.env/lib/python3.8/site-packages/airflow/example_dags/example_branch_day_of_week_operator.py
[2022-07-31 22:22:35,569] {processor.py:641} INFO - Processing file /home/renan/datapipeline/.env/lib/python3.8/site-packages/airflow/example_dags/example_branch_day_of_week_operator.py for tasks to queue
[2022-07-31 22:22:35,569] {logging_mixin.py:115} INFO - [2022-07-31 22:22:35,569] {dagbag.py:508} INFO - Filling up the DagBag from /home/renan/datapipeline/.env/lib/python3.8/site-packages/airflow/example_dags/example_branch_day_of_week_operator.py
[2022-07-31 22:22:35,574] {processor.py:651} INFO - DAG(s) dict_keys(['example_weekday_branch_operator']) retrieved from /home/renan/datapipeline/.env/lib/python3.8/site-packages/airflow/example_dags/example_branch_day_of_week_operator.py
[2022-07-31 22:22:35,584] {logging_mixin.py:115} INFO - [2022-07-31 22:22:35,584] {dag.py:2420} INFO - Sync 1 DAGs
[2022-07-31 22:22:35,594] {logging_mixin.py:115} INFO - [2022-07-31 22:22:35,594] {dag.py:2968} INFO - Setting next_dagrun for example_weekday_branch_operator to 2022-07-31T00:00:00+00:00, run_after=2022-08-01T00:00:00+00:00
[2022-07-31 22:22:35,603] {processor.py:161} INFO - Processing /home/renan/datapipeline/.env/lib/python3.8/site-packages/airflow/example_dags/example_branch_day_of_week_operator.py took 0.037 seconds
[2022-07-31 22:23:09,391] {processor.py:153} INFO - Started process (PID=7237) to work on /home/renan/datapipeline/.env/lib/python3.8/site-packages/airflow/example_dags/example_branch_day_of_week_operator.py
[2022-07-31 22:23:09,391] {processor.py:641} INFO - Processing file /home/renan/datapipeline/.env/lib/python3.8/site-packages/airflow/example_dags/example_branch_day_of_week_operator.py for tasks to queue
[2022-07-31 22:23:09,392] {logging_mixin.py:115} INFO - [2022-07-31 22:23:09,392] {dagbag.py:508} INFO - Filling up the DagBag from /home/renan/datapipeline/.env/lib/python3.8/site-packages/airflow/example_dags/example_branch_day_of_week_operator.py
[2022-07-31 22:23:09,396] {processor.py:651} INFO - DAG(s) dict_keys(['example_weekday_branch_operator']) retrieved from /home/renan/datapipeline/.env/lib/python3.8/site-packages/airflow/example_dags/example_branch_day_of_week_operator.py
[2022-07-31 22:23:09,407] {logging_mixin.py:115} INFO - [2022-07-31 22:23:09,407] {dag.py:2420} INFO - Sync 1 DAGs
[2022-07-31 22:23:09,417] {logging_mixin.py:115} INFO - [2022-07-31 22:23:09,417] {dag.py:2968} INFO - Setting next_dagrun for example_weekday_branch_operator to 2022-07-31T00:00:00+00:00, run_after=2022-08-01T00:00:00+00:00
[2022-07-31 22:23:09,425] {processor.py:161} INFO - Processing /home/renan/datapipeline/.env/lib/python3.8/site-packages/airflow/example_dags/example_branch_day_of_week_operator.py took 0.036 seconds
[2022-07-31 22:23:43,444] {processor.py:153} INFO - Started process (PID=7282) to work on /home/renan/datapipeline/.env/lib/python3.8/site-packages/airflow/example_dags/example_branch_day_of_week_operator.py
[2022-07-31 22:23:43,445] {processor.py:641} INFO - Processing file /home/renan/datapipeline/.env/lib/python3.8/site-packages/airflow/example_dags/example_branch_day_of_week_operator.py for tasks to queue
[2022-07-31 22:23:43,445] {logging_mixin.py:115} INFO - [2022-07-31 22:23:43,445] {dagbag.py:508} INFO - Filling up the DagBag from /home/renan/datapipeline/.env/lib/python3.8/site-packages/airflow/example_dags/example_branch_day_of_week_operator.py
[2022-07-31 22:23:43,450] {processor.py:651} INFO - DAG(s) dict_keys(['example_weekday_branch_operator']) retrieved from /home/renan/datapipeline/.env/lib/python3.8/site-packages/airflow/example_dags/example_branch_day_of_week_operator.py
[2022-07-31 22:23:43,460] {logging_mixin.py:115} INFO - [2022-07-31 22:23:43,460] {dag.py:2420} INFO - Sync 1 DAGs
[2022-07-31 22:23:43,470] {logging_mixin.py:115} INFO - [2022-07-31 22:23:43,470] {dag.py:2968} INFO - Setting next_dagrun for example_weekday_branch_operator to 2022-07-31T00:00:00+00:00, run_after=2022-08-01T00:00:00+00:00
[2022-07-31 22:23:43,479] {processor.py:161} INFO - Processing /home/renan/datapipeline/.env/lib/python3.8/site-packages/airflow/example_dags/example_branch_day_of_week_operator.py took 0.037 seconds
[2022-07-31 22:24:17,128] {processor.py:153} INFO - Started process (PID=7397) to work on /home/renan/datapipeline/.env/lib/python3.8/site-packages/airflow/example_dags/example_branch_day_of_week_operator.py
[2022-07-31 22:24:17,129] {processor.py:641} INFO - Processing file /home/renan/datapipeline/.env/lib/python3.8/site-packages/airflow/example_dags/example_branch_day_of_week_operator.py for tasks to queue
[2022-07-31 22:24:17,129] {logging_mixin.py:115} INFO - [2022-07-31 22:24:17,129] {dagbag.py:508} INFO - Filling up the DagBag from /home/renan/datapipeline/.env/lib/python3.8/site-packages/airflow/example_dags/example_branch_day_of_week_operator.py
[2022-07-31 22:24:17,135] {processor.py:651} INFO - DAG(s) dict_keys(['example_weekday_branch_operator']) retrieved from /home/renan/datapipeline/.env/lib/python3.8/site-packages/airflow/example_dags/example_branch_day_of_week_operator.py
[2022-07-31 22:24:17,149] {logging_mixin.py:115} INFO - [2022-07-31 22:24:17,149] {dag.py:2420} INFO - Sync 1 DAGs
[2022-07-31 22:24:17,161] {logging_mixin.py:115} INFO - [2022-07-31 22:24:17,160] {dag.py:2968} INFO - Setting next_dagrun for example_weekday_branch_operator to 2022-07-31T00:00:00+00:00, run_after=2022-08-01T00:00:00+00:00
[2022-07-31 22:24:17,170] {processor.py:161} INFO - Processing /home/renan/datapipeline/.env/lib/python3.8/site-packages/airflow/example_dags/example_branch_day_of_week_operator.py took 0.043 seconds
[2022-07-31 22:24:52,873] {processor.py:153} INFO - Started process (PID=7443) to work on /home/renan/datapipeline/.env/lib/python3.8/site-packages/airflow/example_dags/example_branch_day_of_week_operator.py
[2022-07-31 22:24:52,873] {processor.py:641} INFO - Processing file /home/renan/datapipeline/.env/lib/python3.8/site-packages/airflow/example_dags/example_branch_day_of_week_operator.py for tasks to queue
[2022-07-31 22:24:52,874] {logging_mixin.py:115} INFO - [2022-07-31 22:24:52,874] {dagbag.py:508} INFO - Filling up the DagBag from /home/renan/datapipeline/.env/lib/python3.8/site-packages/airflow/example_dags/example_branch_day_of_week_operator.py
[2022-07-31 22:24:52,879] {processor.py:651} INFO - DAG(s) dict_keys(['example_weekday_branch_operator']) retrieved from /home/renan/datapipeline/.env/lib/python3.8/site-packages/airflow/example_dags/example_branch_day_of_week_operator.py
[2022-07-31 22:24:52,890] {logging_mixin.py:115} INFO - [2022-07-31 22:24:52,890] {dag.py:2420} INFO - Sync 1 DAGs
[2022-07-31 22:24:52,900] {logging_mixin.py:115} INFO - [2022-07-31 22:24:52,900] {dag.py:2968} INFO - Setting next_dagrun for example_weekday_branch_operator to 2022-07-31T00:00:00+00:00, run_after=2022-08-01T00:00:00+00:00
[2022-07-31 22:24:52,910] {processor.py:161} INFO - Processing /home/renan/datapipeline/.env/lib/python3.8/site-packages/airflow/example_dags/example_branch_day_of_week_operator.py took 0.039 seconds
[2022-07-31 22:25:23,831] {processor.py:153} INFO - Started process (PID=7526) to work on /home/renan/datapipeline/.env/lib/python3.8/site-packages/airflow/example_dags/example_branch_day_of_week_operator.py
[2022-07-31 22:25:23,831] {processor.py:641} INFO - Processing file /home/renan/datapipeline/.env/lib/python3.8/site-packages/airflow/example_dags/example_branch_day_of_week_operator.py for tasks to queue
[2022-07-31 22:25:23,832] {logging_mixin.py:115} INFO - [2022-07-31 22:25:23,831] {dagbag.py:508} INFO - Filling up the DagBag from /home/renan/datapipeline/.env/lib/python3.8/site-packages/airflow/example_dags/example_branch_day_of_week_operator.py
[2022-07-31 22:25:23,836] {processor.py:651} INFO - DAG(s) dict_keys(['example_weekday_branch_operator']) retrieved from /home/renan/datapipeline/.env/lib/python3.8/site-packages/airflow/example_dags/example_branch_day_of_week_operator.py
[2022-07-31 22:25:23,851] {logging_mixin.py:115} INFO - [2022-07-31 22:25:23,851] {dag.py:2420} INFO - Sync 1 DAGs
[2022-07-31 22:25:23,861] {logging_mixin.py:115} INFO - [2022-07-31 22:25:23,861] {dag.py:2968} INFO - Setting next_dagrun for example_weekday_branch_operator to 2022-07-31T00:00:00+00:00, run_after=2022-08-01T00:00:00+00:00
[2022-07-31 22:25:23,873] {processor.py:161} INFO - Processing /home/renan/datapipeline/.env/lib/python3.8/site-packages/airflow/example_dags/example_branch_day_of_week_operator.py took 0.043 seconds
[2022-07-31 22:25:58,026] {processor.py:153} INFO - Started process (PID=7566) to work on /home/renan/datapipeline/.env/lib/python3.8/site-packages/airflow/example_dags/example_branch_day_of_week_operator.py
[2022-07-31 22:25:58,027] {processor.py:641} INFO - Processing file /home/renan/datapipeline/.env/lib/python3.8/site-packages/airflow/example_dags/example_branch_day_of_week_operator.py for tasks to queue
[2022-07-31 22:25:58,027] {logging_mixin.py:115} INFO - [2022-07-31 22:25:58,027] {dagbag.py:508} INFO - Filling up the DagBag from /home/renan/datapipeline/.env/lib/python3.8/site-packages/airflow/example_dags/example_branch_day_of_week_operator.py
[2022-07-31 22:25:58,032] {processor.py:651} INFO - DAG(s) dict_keys(['example_weekday_branch_operator']) retrieved from /home/renan/datapipeline/.env/lib/python3.8/site-packages/airflow/example_dags/example_branch_day_of_week_operator.py
[2022-07-31 22:25:58,042] {logging_mixin.py:115} INFO - [2022-07-31 22:25:58,042] {dag.py:2420} INFO - Sync 1 DAGs
[2022-07-31 22:25:58,052] {logging_mixin.py:115} INFO - [2022-07-31 22:25:58,052] {dag.py:2968} INFO - Setting next_dagrun for example_weekday_branch_operator to 2022-07-31T00:00:00+00:00, run_after=2022-08-01T00:00:00+00:00
[2022-07-31 22:25:58,061] {processor.py:161} INFO - Processing /home/renan/datapipeline/.env/lib/python3.8/site-packages/airflow/example_dags/example_branch_day_of_week_operator.py took 0.036 seconds
