[2022-07-31 21:13:17,591] {processor.py:153} INFO - Started process (PID=5010) to work on /home/renan/datapipeline/.env/lib/python3.8/site-packages/airflow/example_dags/example_branch_operator_decorator.py
[2022-07-31 21:13:17,591] {processor.py:641} INFO - Processing file /home/renan/datapipeline/.env/lib/python3.8/site-packages/airflow/example_dags/example_branch_operator_decorator.py for tasks to queue
[2022-07-31 21:13:17,592] {logging_mixin.py:115} INFO - [2022-07-31 21:13:17,592] {dagbag.py:508} INFO - Filling up the DagBag from /home/renan/datapipeline/.env/lib/python3.8/site-packages/airflow/example_dags/example_branch_operator_decorator.py
[2022-07-31 21:13:17,604] {processor.py:651} INFO - DAG(s) dict_keys(['example_branch_python_operator_decorator']) retrieved from /home/renan/datapipeline/.env/lib/python3.8/site-packages/airflow/example_dags/example_branch_operator_decorator.py
[2022-07-31 21:13:17,613] {logging_mixin.py:115} INFO - [2022-07-31 21:13:17,613] {dag.py:2420} INFO - Sync 1 DAGs
[2022-07-31 21:13:17,623] {logging_mixin.py:115} INFO - [2022-07-31 21:13:17,623] {dag.py:2968} INFO - Setting next_dagrun for example_branch_python_operator_decorator to 2022-07-31T00:00:00+00:00, run_after=2022-08-01T00:00:00+00:00
[2022-07-31 21:13:17,630] {processor.py:161} INFO - Processing /home/renan/datapipeline/.env/lib/python3.8/site-packages/airflow/example_dags/example_branch_operator_decorator.py took 0.041 seconds
[2022-07-31 21:13:52,189] {processor.py:153} INFO - Started process (PID=5052) to work on /home/renan/datapipeline/.env/lib/python3.8/site-packages/airflow/example_dags/example_branch_operator_decorator.py
[2022-07-31 21:13:52,189] {processor.py:641} INFO - Processing file /home/renan/datapipeline/.env/lib/python3.8/site-packages/airflow/example_dags/example_branch_operator_decorator.py for tasks to queue
[2022-07-31 21:13:52,190] {logging_mixin.py:115} INFO - [2022-07-31 21:13:52,190] {dagbag.py:508} INFO - Filling up the DagBag from /home/renan/datapipeline/.env/lib/python3.8/site-packages/airflow/example_dags/example_branch_operator_decorator.py
[2022-07-31 21:13:52,203] {processor.py:651} INFO - DAG(s) dict_keys(['example_branch_python_operator_decorator']) retrieved from /home/renan/datapipeline/.env/lib/python3.8/site-packages/airflow/example_dags/example_branch_operator_decorator.py
[2022-07-31 21:13:52,211] {logging_mixin.py:115} INFO - [2022-07-31 21:13:52,211] {dag.py:2420} INFO - Sync 1 DAGs
[2022-07-31 21:13:52,221] {logging_mixin.py:115} INFO - [2022-07-31 21:13:52,221] {dag.py:2968} INFO - Setting next_dagrun for example_branch_python_operator_decorator to 2022-07-31T00:00:00+00:00, run_after=2022-08-01T00:00:00+00:00
[2022-07-31 21:13:52,230] {processor.py:161} INFO - Processing /home/renan/datapipeline/.env/lib/python3.8/site-packages/airflow/example_dags/example_branch_operator_decorator.py took 0.042 seconds
[2022-07-31 21:14:28,062] {processor.py:153} INFO - Started process (PID=5109) to work on /home/renan/datapipeline/.env/lib/python3.8/site-packages/airflow/example_dags/example_branch_operator_decorator.py
[2022-07-31 21:14:28,063] {processor.py:641} INFO - Processing file /home/renan/datapipeline/.env/lib/python3.8/site-packages/airflow/example_dags/example_branch_operator_decorator.py for tasks to queue
[2022-07-31 21:14:28,063] {logging_mixin.py:115} INFO - [2022-07-31 21:14:28,063] {dagbag.py:508} INFO - Filling up the DagBag from /home/renan/datapipeline/.env/lib/python3.8/site-packages/airflow/example_dags/example_branch_operator_decorator.py
[2022-07-31 21:14:28,076] {processor.py:651} INFO - DAG(s) dict_keys(['example_branch_python_operator_decorator']) retrieved from /home/renan/datapipeline/.env/lib/python3.8/site-packages/airflow/example_dags/example_branch_operator_decorator.py
[2022-07-31 21:14:28,085] {logging_mixin.py:115} INFO - [2022-07-31 21:14:28,085] {dag.py:2420} INFO - Sync 1 DAGs
[2022-07-31 21:14:28,095] {logging_mixin.py:115} INFO - [2022-07-31 21:14:28,095] {dag.py:2968} INFO - Setting next_dagrun for example_branch_python_operator_decorator to 2022-07-31T00:00:00+00:00, run_after=2022-08-01T00:00:00+00:00
[2022-07-31 21:14:28,103] {processor.py:161} INFO - Processing /home/renan/datapipeline/.env/lib/python3.8/site-packages/airflow/example_dags/example_branch_operator_decorator.py took 0.043 seconds
[2022-07-31 21:15:03,196] {processor.py:153} INFO - Started process (PID=5160) to work on /home/renan/datapipeline/.env/lib/python3.8/site-packages/airflow/example_dags/example_branch_operator_decorator.py
[2022-07-31 21:15:03,197] {processor.py:641} INFO - Processing file /home/renan/datapipeline/.env/lib/python3.8/site-packages/airflow/example_dags/example_branch_operator_decorator.py for tasks to queue
[2022-07-31 21:15:03,198] {logging_mixin.py:115} INFO - [2022-07-31 21:15:03,198] {dagbag.py:508} INFO - Filling up the DagBag from /home/renan/datapipeline/.env/lib/python3.8/site-packages/airflow/example_dags/example_branch_operator_decorator.py
[2022-07-31 21:15:03,210] {processor.py:651} INFO - DAG(s) dict_keys(['example_branch_python_operator_decorator']) retrieved from /home/renan/datapipeline/.env/lib/python3.8/site-packages/airflow/example_dags/example_branch_operator_decorator.py
[2022-07-31 21:15:03,219] {logging_mixin.py:115} INFO - [2022-07-31 21:15:03,219] {dag.py:2420} INFO - Sync 1 DAGs
[2022-07-31 21:15:03,229] {logging_mixin.py:115} INFO - [2022-07-31 21:15:03,229] {dag.py:2968} INFO - Setting next_dagrun for example_branch_python_operator_decorator to 2022-07-31T00:00:00+00:00, run_after=2022-08-01T00:00:00+00:00
[2022-07-31 21:15:03,237] {processor.py:161} INFO - Processing /home/renan/datapipeline/.env/lib/python3.8/site-packages/airflow/example_dags/example_branch_operator_decorator.py took 0.042 seconds
[2022-07-31 21:15:41,551] {processor.py:153} INFO - Started process (PID=5212) to work on /home/renan/datapipeline/.env/lib/python3.8/site-packages/airflow/example_dags/example_branch_operator_decorator.py
[2022-07-31 21:15:41,551] {processor.py:641} INFO - Processing file /home/renan/datapipeline/.env/lib/python3.8/site-packages/airflow/example_dags/example_branch_operator_decorator.py for tasks to queue
[2022-07-31 21:15:41,551] {logging_mixin.py:115} INFO - [2022-07-31 21:15:41,551] {dagbag.py:508} INFO - Filling up the DagBag from /home/renan/datapipeline/.env/lib/python3.8/site-packages/airflow/example_dags/example_branch_operator_decorator.py
[2022-07-31 21:15:41,564] {processor.py:651} INFO - DAG(s) dict_keys(['example_branch_python_operator_decorator']) retrieved from /home/renan/datapipeline/.env/lib/python3.8/site-packages/airflow/example_dags/example_branch_operator_decorator.py
[2022-07-31 21:15:41,572] {logging_mixin.py:115} INFO - [2022-07-31 21:15:41,572] {dag.py:2420} INFO - Sync 1 DAGs
[2022-07-31 21:15:41,582] {logging_mixin.py:115} INFO - [2022-07-31 21:15:41,582] {dag.py:2968} INFO - Setting next_dagrun for example_branch_python_operator_decorator to 2022-07-31T00:00:00+00:00, run_after=2022-08-01T00:00:00+00:00
[2022-07-31 21:15:41,590] {processor.py:161} INFO - Processing /home/renan/datapipeline/.env/lib/python3.8/site-packages/airflow/example_dags/example_branch_operator_decorator.py took 0.041 seconds
[2022-07-31 21:16:13,474] {processor.py:153} INFO - Started process (PID=5255) to work on /home/renan/datapipeline/.env/lib/python3.8/site-packages/airflow/example_dags/example_branch_operator_decorator.py
[2022-07-31 21:16:13,474] {processor.py:641} INFO - Processing file /home/renan/datapipeline/.env/lib/python3.8/site-packages/airflow/example_dags/example_branch_operator_decorator.py for tasks to queue
[2022-07-31 21:16:13,474] {logging_mixin.py:115} INFO - [2022-07-31 21:16:13,474] {dagbag.py:508} INFO - Filling up the DagBag from /home/renan/datapipeline/.env/lib/python3.8/site-packages/airflow/example_dags/example_branch_operator_decorator.py
[2022-07-31 21:16:13,487] {processor.py:651} INFO - DAG(s) dict_keys(['example_branch_python_operator_decorator']) retrieved from /home/renan/datapipeline/.env/lib/python3.8/site-packages/airflow/example_dags/example_branch_operator_decorator.py
[2022-07-31 21:16:13,496] {logging_mixin.py:115} INFO - [2022-07-31 21:16:13,496] {dag.py:2420} INFO - Sync 1 DAGs
[2022-07-31 21:16:13,506] {logging_mixin.py:115} INFO - [2022-07-31 21:16:13,506] {dag.py:2968} INFO - Setting next_dagrun for example_branch_python_operator_decorator to 2022-07-31T00:00:00+00:00, run_after=2022-08-01T00:00:00+00:00
[2022-07-31 21:16:13,514] {processor.py:161} INFO - Processing /home/renan/datapipeline/.env/lib/python3.8/site-packages/airflow/example_dags/example_branch_operator_decorator.py took 0.042 seconds
[2022-07-31 21:16:49,038] {processor.py:153} INFO - Started process (PID=5294) to work on /home/renan/datapipeline/.env/lib/python3.8/site-packages/airflow/example_dags/example_branch_operator_decorator.py
[2022-07-31 21:16:49,039] {processor.py:641} INFO - Processing file /home/renan/datapipeline/.env/lib/python3.8/site-packages/airflow/example_dags/example_branch_operator_decorator.py for tasks to queue
[2022-07-31 21:16:49,039] {logging_mixin.py:115} INFO - [2022-07-31 21:16:49,039] {dagbag.py:508} INFO - Filling up the DagBag from /home/renan/datapipeline/.env/lib/python3.8/site-packages/airflow/example_dags/example_branch_operator_decorator.py
[2022-07-31 21:16:49,052] {processor.py:651} INFO - DAG(s) dict_keys(['example_branch_python_operator_decorator']) retrieved from /home/renan/datapipeline/.env/lib/python3.8/site-packages/airflow/example_dags/example_branch_operator_decorator.py
[2022-07-31 21:16:49,060] {logging_mixin.py:115} INFO - [2022-07-31 21:16:49,060] {dag.py:2420} INFO - Sync 1 DAGs
[2022-07-31 21:16:49,070] {logging_mixin.py:115} INFO - [2022-07-31 21:16:49,070] {dag.py:2968} INFO - Setting next_dagrun for example_branch_python_operator_decorator to 2022-07-31T00:00:00+00:00, run_after=2022-08-01T00:00:00+00:00
[2022-07-31 21:16:49,078] {processor.py:161} INFO - Processing /home/renan/datapipeline/.env/lib/python3.8/site-packages/airflow/example_dags/example_branch_operator_decorator.py took 0.041 seconds
[2022-07-31 21:17:25,202] {processor.py:153} INFO - Started process (PID=5351) to work on /home/renan/datapipeline/.env/lib/python3.8/site-packages/airflow/example_dags/example_branch_operator_decorator.py
[2022-07-31 21:17:25,202] {processor.py:641} INFO - Processing file /home/renan/datapipeline/.env/lib/python3.8/site-packages/airflow/example_dags/example_branch_operator_decorator.py for tasks to queue
[2022-07-31 21:17:25,203] {logging_mixin.py:115} INFO - [2022-07-31 21:17:25,203] {dagbag.py:508} INFO - Filling up the DagBag from /home/renan/datapipeline/.env/lib/python3.8/site-packages/airflow/example_dags/example_branch_operator_decorator.py
[2022-07-31 21:17:25,216] {processor.py:651} INFO - DAG(s) dict_keys(['example_branch_python_operator_decorator']) retrieved from /home/renan/datapipeline/.env/lib/python3.8/site-packages/airflow/example_dags/example_branch_operator_decorator.py
[2022-07-31 21:17:25,225] {logging_mixin.py:115} INFO - [2022-07-31 21:17:25,225] {dag.py:2420} INFO - Sync 1 DAGs
[2022-07-31 21:17:25,235] {logging_mixin.py:115} INFO - [2022-07-31 21:17:25,235] {dag.py:2968} INFO - Setting next_dagrun for example_branch_python_operator_decorator to 2022-07-31T00:00:00+00:00, run_after=2022-08-01T00:00:00+00:00
[2022-07-31 21:17:25,243] {processor.py:161} INFO - Processing /home/renan/datapipeline/.env/lib/python3.8/site-packages/airflow/example_dags/example_branch_operator_decorator.py took 0.043 seconds
[2022-07-31 22:21:06,795] {processor.py:153} INFO - Started process (PID=7053) to work on /home/renan/datapipeline/.env/lib/python3.8/site-packages/airflow/example_dags/example_branch_operator_decorator.py
[2022-07-31 22:21:06,796] {processor.py:641} INFO - Processing file /home/renan/datapipeline/.env/lib/python3.8/site-packages/airflow/example_dags/example_branch_operator_decorator.py for tasks to queue
[2022-07-31 22:21:06,796] {logging_mixin.py:115} INFO - [2022-07-31 22:21:06,796] {dagbag.py:508} INFO - Filling up the DagBag from /home/renan/datapipeline/.env/lib/python3.8/site-packages/airflow/example_dags/example_branch_operator_decorator.py
[2022-07-31 22:21:06,809] {processor.py:651} INFO - DAG(s) dict_keys(['example_branch_python_operator_decorator']) retrieved from /home/renan/datapipeline/.env/lib/python3.8/site-packages/airflow/example_dags/example_branch_operator_decorator.py
[2022-07-31 22:21:06,817] {logging_mixin.py:115} INFO - [2022-07-31 22:21:06,817] {dag.py:2420} INFO - Sync 1 DAGs
[2022-07-31 22:21:06,827] {logging_mixin.py:115} INFO - [2022-07-31 22:21:06,827] {dag.py:2968} INFO - Setting next_dagrun for example_branch_python_operator_decorator to 2022-07-31T00:00:00+00:00, run_after=2022-08-01T00:00:00+00:00
[2022-07-31 22:21:06,836] {processor.py:161} INFO - Processing /home/renan/datapipeline/.env/lib/python3.8/site-packages/airflow/example_dags/example_branch_operator_decorator.py took 0.043 seconds
[2022-07-31 22:21:41,375] {processor.py:153} INFO - Started process (PID=7114) to work on /home/renan/datapipeline/.env/lib/python3.8/site-packages/airflow/example_dags/example_branch_operator_decorator.py
[2022-07-31 22:21:41,376] {processor.py:641} INFO - Processing file /home/renan/datapipeline/.env/lib/python3.8/site-packages/airflow/example_dags/example_branch_operator_decorator.py for tasks to queue
[2022-07-31 22:21:41,376] {logging_mixin.py:115} INFO - [2022-07-31 22:21:41,376] {dagbag.py:508} INFO - Filling up the DagBag from /home/renan/datapipeline/.env/lib/python3.8/site-packages/airflow/example_dags/example_branch_operator_decorator.py
[2022-07-31 22:21:41,389] {processor.py:651} INFO - DAG(s) dict_keys(['example_branch_python_operator_decorator']) retrieved from /home/renan/datapipeline/.env/lib/python3.8/site-packages/airflow/example_dags/example_branch_operator_decorator.py
[2022-07-31 22:21:41,397] {logging_mixin.py:115} INFO - [2022-07-31 22:21:41,397] {dag.py:2420} INFO - Sync 1 DAGs
[2022-07-31 22:21:41,407] {logging_mixin.py:115} INFO - [2022-07-31 22:21:41,407] {dag.py:2968} INFO - Setting next_dagrun for example_branch_python_operator_decorator to 2022-07-31T00:00:00+00:00, run_after=2022-08-01T00:00:00+00:00
[2022-07-31 22:21:41,418] {processor.py:161} INFO - Processing /home/renan/datapipeline/.env/lib/python3.8/site-packages/airflow/example_dags/example_branch_operator_decorator.py took 0.045 seconds
[2022-07-31 22:22:17,281] {processor.py:153} INFO - Started process (PID=7175) to work on /home/renan/datapipeline/.env/lib/python3.8/site-packages/airflow/example_dags/example_branch_operator_decorator.py
[2022-07-31 22:22:17,281] {processor.py:641} INFO - Processing file /home/renan/datapipeline/.env/lib/python3.8/site-packages/airflow/example_dags/example_branch_operator_decorator.py for tasks to queue
[2022-07-31 22:22:17,281] {logging_mixin.py:115} INFO - [2022-07-31 22:22:17,281] {dagbag.py:508} INFO - Filling up the DagBag from /home/renan/datapipeline/.env/lib/python3.8/site-packages/airflow/example_dags/example_branch_operator_decorator.py
[2022-07-31 22:22:17,294] {processor.py:651} INFO - DAG(s) dict_keys(['example_branch_python_operator_decorator']) retrieved from /home/renan/datapipeline/.env/lib/python3.8/site-packages/airflow/example_dags/example_branch_operator_decorator.py
[2022-07-31 22:22:17,303] {logging_mixin.py:115} INFO - [2022-07-31 22:22:17,303] {dag.py:2420} INFO - Sync 1 DAGs
[2022-07-31 22:22:17,313] {logging_mixin.py:115} INFO - [2022-07-31 22:22:17,313] {dag.py:2968} INFO - Setting next_dagrun for example_branch_python_operator_decorator to 2022-07-31T00:00:00+00:00, run_after=2022-08-01T00:00:00+00:00
[2022-07-31 22:22:17,322] {processor.py:161} INFO - Processing /home/renan/datapipeline/.env/lib/python3.8/site-packages/airflow/example_dags/example_branch_operator_decorator.py took 0.043 seconds
[2022-07-31 22:22:52,409] {processor.py:153} INFO - Started process (PID=7217) to work on /home/renan/datapipeline/.env/lib/python3.8/site-packages/airflow/example_dags/example_branch_operator_decorator.py
[2022-07-31 22:22:52,409] {processor.py:641} INFO - Processing file /home/renan/datapipeline/.env/lib/python3.8/site-packages/airflow/example_dags/example_branch_operator_decorator.py for tasks to queue
[2022-07-31 22:22:52,410] {logging_mixin.py:115} INFO - [2022-07-31 22:22:52,410] {dagbag.py:508} INFO - Filling up the DagBag from /home/renan/datapipeline/.env/lib/python3.8/site-packages/airflow/example_dags/example_branch_operator_decorator.py
[2022-07-31 22:22:52,425] {processor.py:651} INFO - DAG(s) dict_keys(['example_branch_python_operator_decorator']) retrieved from /home/renan/datapipeline/.env/lib/python3.8/site-packages/airflow/example_dags/example_branch_operator_decorator.py
[2022-07-31 22:22:52,436] {logging_mixin.py:115} INFO - [2022-07-31 22:22:52,436] {dag.py:2420} INFO - Sync 1 DAGs
[2022-07-31 22:22:52,448] {logging_mixin.py:115} INFO - [2022-07-31 22:22:52,448] {dag.py:2968} INFO - Setting next_dagrun for example_branch_python_operator_decorator to 2022-07-31T00:00:00+00:00, run_after=2022-08-01T00:00:00+00:00
[2022-07-31 22:22:52,458] {processor.py:161} INFO - Processing /home/renan/datapipeline/.env/lib/python3.8/site-packages/airflow/example_dags/example_branch_operator_decorator.py took 0.051 seconds
[2022-07-31 22:23:30,772] {processor.py:153} INFO - Started process (PID=7263) to work on /home/renan/datapipeline/.env/lib/python3.8/site-packages/airflow/example_dags/example_branch_operator_decorator.py
[2022-07-31 22:23:30,772] {processor.py:641} INFO - Processing file /home/renan/datapipeline/.env/lib/python3.8/site-packages/airflow/example_dags/example_branch_operator_decorator.py for tasks to queue
[2022-07-31 22:23:30,773] {logging_mixin.py:115} INFO - [2022-07-31 22:23:30,773] {dagbag.py:508} INFO - Filling up the DagBag from /home/renan/datapipeline/.env/lib/python3.8/site-packages/airflow/example_dags/example_branch_operator_decorator.py
[2022-07-31 22:23:30,786] {processor.py:651} INFO - DAG(s) dict_keys(['example_branch_python_operator_decorator']) retrieved from /home/renan/datapipeline/.env/lib/python3.8/site-packages/airflow/example_dags/example_branch_operator_decorator.py
[2022-07-31 22:23:30,795] {logging_mixin.py:115} INFO - [2022-07-31 22:23:30,795] {dag.py:2420} INFO - Sync 1 DAGs
[2022-07-31 22:23:30,807] {logging_mixin.py:115} INFO - [2022-07-31 22:23:30,807] {dag.py:2968} INFO - Setting next_dagrun for example_branch_python_operator_decorator to 2022-07-31T00:00:00+00:00, run_after=2022-08-01T00:00:00+00:00
[2022-07-31 22:23:30,818] {processor.py:161} INFO - Processing /home/renan/datapipeline/.env/lib/python3.8/site-packages/airflow/example_dags/example_branch_operator_decorator.py took 0.048 seconds
[2022-07-31 22:24:03,986] {processor.py:153} INFO - Started process (PID=7305) to work on /home/renan/datapipeline/.env/lib/python3.8/site-packages/airflow/example_dags/example_branch_operator_decorator.py
[2022-07-31 22:24:03,986] {processor.py:641} INFO - Processing file /home/renan/datapipeline/.env/lib/python3.8/site-packages/airflow/example_dags/example_branch_operator_decorator.py for tasks to queue
[2022-07-31 22:24:03,987] {logging_mixin.py:115} INFO - [2022-07-31 22:24:03,987] {dagbag.py:508} INFO - Filling up the DagBag from /home/renan/datapipeline/.env/lib/python3.8/site-packages/airflow/example_dags/example_branch_operator_decorator.py
[2022-07-31 22:24:03,999] {processor.py:651} INFO - DAG(s) dict_keys(['example_branch_python_operator_decorator']) retrieved from /home/renan/datapipeline/.env/lib/python3.8/site-packages/airflow/example_dags/example_branch_operator_decorator.py
[2022-07-31 22:24:04,008] {logging_mixin.py:115} INFO - [2022-07-31 22:24:04,008] {dag.py:2420} INFO - Sync 1 DAGs
[2022-07-31 22:24:04,018] {logging_mixin.py:115} INFO - [2022-07-31 22:24:04,018] {dag.py:2968} INFO - Setting next_dagrun for example_branch_python_operator_decorator to 2022-07-31T00:00:00+00:00, run_after=2022-08-01T00:00:00+00:00
[2022-07-31 22:24:04,028] {processor.py:161} INFO - Processing /home/renan/datapipeline/.env/lib/python3.8/site-packages/airflow/example_dags/example_branch_operator_decorator.py took 0.044 seconds
[2022-07-31 22:24:43,881] {processor.py:153} INFO - Started process (PID=7427) to work on /home/renan/datapipeline/.env/lib/python3.8/site-packages/airflow/example_dags/example_branch_operator_decorator.py
[2022-07-31 22:24:43,882] {processor.py:641} INFO - Processing file /home/renan/datapipeline/.env/lib/python3.8/site-packages/airflow/example_dags/example_branch_operator_decorator.py for tasks to queue
[2022-07-31 22:24:43,882] {logging_mixin.py:115} INFO - [2022-07-31 22:24:43,882] {dagbag.py:508} INFO - Filling up the DagBag from /home/renan/datapipeline/.env/lib/python3.8/site-packages/airflow/example_dags/example_branch_operator_decorator.py
[2022-07-31 22:24:43,896] {processor.py:651} INFO - DAG(s) dict_keys(['example_branch_python_operator_decorator']) retrieved from /home/renan/datapipeline/.env/lib/python3.8/site-packages/airflow/example_dags/example_branch_operator_decorator.py
[2022-07-31 22:24:43,905] {logging_mixin.py:115} INFO - [2022-07-31 22:24:43,905] {dag.py:2420} INFO - Sync 1 DAGs
[2022-07-31 22:24:43,916] {logging_mixin.py:115} INFO - [2022-07-31 22:24:43,916] {dag.py:2968} INFO - Setting next_dagrun for example_branch_python_operator_decorator to 2022-07-31T00:00:00+00:00, run_after=2022-08-01T00:00:00+00:00
[2022-07-31 22:24:43,924] {processor.py:161} INFO - Processing /home/renan/datapipeline/.env/lib/python3.8/site-packages/airflow/example_dags/example_branch_operator_decorator.py took 0.045 seconds
[2022-07-31 22:25:16,947] {processor.py:153} INFO - Started process (PID=7518) to work on /home/renan/datapipeline/.env/lib/python3.8/site-packages/airflow/example_dags/example_branch_operator_decorator.py
[2022-07-31 22:25:16,947] {processor.py:641} INFO - Processing file /home/renan/datapipeline/.env/lib/python3.8/site-packages/airflow/example_dags/example_branch_operator_decorator.py for tasks to queue
[2022-07-31 22:25:16,947] {logging_mixin.py:115} INFO - [2022-07-31 22:25:16,947] {dagbag.py:508} INFO - Filling up the DagBag from /home/renan/datapipeline/.env/lib/python3.8/site-packages/airflow/example_dags/example_branch_operator_decorator.py
[2022-07-31 22:25:16,960] {processor.py:651} INFO - DAG(s) dict_keys(['example_branch_python_operator_decorator']) retrieved from /home/renan/datapipeline/.env/lib/python3.8/site-packages/airflow/example_dags/example_branch_operator_decorator.py
[2022-07-31 22:25:16,969] {logging_mixin.py:115} INFO - [2022-07-31 22:25:16,969] {dag.py:2420} INFO - Sync 1 DAGs
[2022-07-31 22:25:16,979] {logging_mixin.py:115} INFO - [2022-07-31 22:25:16,979] {dag.py:2968} INFO - Setting next_dagrun for example_branch_python_operator_decorator to 2022-07-31T00:00:00+00:00, run_after=2022-08-01T00:00:00+00:00
[2022-07-31 22:25:16,989] {processor.py:161} INFO - Processing /home/renan/datapipeline/.env/lib/python3.8/site-packages/airflow/example_dags/example_branch_operator_decorator.py took 0.044 seconds
[2022-07-31 22:25:52,478] {processor.py:153} INFO - Started process (PID=7558) to work on /home/renan/datapipeline/.env/lib/python3.8/site-packages/airflow/example_dags/example_branch_operator_decorator.py
[2022-07-31 22:25:52,479] {processor.py:641} INFO - Processing file /home/renan/datapipeline/.env/lib/python3.8/site-packages/airflow/example_dags/example_branch_operator_decorator.py for tasks to queue
[2022-07-31 22:25:52,479] {logging_mixin.py:115} INFO - [2022-07-31 22:25:52,479] {dagbag.py:508} INFO - Filling up the DagBag from /home/renan/datapipeline/.env/lib/python3.8/site-packages/airflow/example_dags/example_branch_operator_decorator.py
[2022-07-31 22:25:52,492] {processor.py:651} INFO - DAG(s) dict_keys(['example_branch_python_operator_decorator']) retrieved from /home/renan/datapipeline/.env/lib/python3.8/site-packages/airflow/example_dags/example_branch_operator_decorator.py
[2022-07-31 22:25:52,501] {logging_mixin.py:115} INFO - [2022-07-31 22:25:52,501] {dag.py:2420} INFO - Sync 1 DAGs
[2022-07-31 22:25:52,515] {logging_mixin.py:115} INFO - [2022-07-31 22:25:52,514] {dag.py:2968} INFO - Setting next_dagrun for example_branch_python_operator_decorator to 2022-07-31T00:00:00+00:00, run_after=2022-08-01T00:00:00+00:00
[2022-07-31 22:25:52,523] {processor.py:161} INFO - Processing /home/renan/datapipeline/.env/lib/python3.8/site-packages/airflow/example_dags/example_branch_operator_decorator.py took 0.046 seconds
