[2022-08-09 23:58:18,276] {taskinstance.py:1179} INFO - Dependencies all met for <TaskInstance: twitter_dag.transform_twitter_aluraonline scheduled__2022-08-06T12:00:00+00:00 [queued]>
[2022-08-09 23:58:18,279] {taskinstance.py:1179} INFO - Dependencies all met for <TaskInstance: twitter_dag.transform_twitter_aluraonline scheduled__2022-08-06T12:00:00+00:00 [queued]>
[2022-08-09 23:58:18,279] {taskinstance.py:1376} INFO - 
--------------------------------------------------------------------------------
[2022-08-09 23:58:18,279] {taskinstance.py:1377} INFO - Starting attempt 1 of 1
[2022-08-09 23:58:18,279] {taskinstance.py:1378} INFO - 
--------------------------------------------------------------------------------
[2022-08-09 23:58:18,289] {taskinstance.py:1397} INFO - Executing <Task(SparkSubmitOperator): transform_twitter_aluraonline> on 2022-08-06 12:00:00+00:00
[2022-08-09 23:58:18,292] {standard_task_runner.py:52} INFO - Started process 12228 to run task
[2022-08-09 23:58:18,294] {standard_task_runner.py:79} INFO - Running: ['airflow', 'tasks', 'run', 'twitter_dag', 'transform_twitter_aluraonline', 'scheduled__2022-08-06T12:00:00+00:00', '--job-id', '25', '--raw', '--subdir', 'DAGS_FOLDER/twitter_dag.py', '--cfg-path', '/tmp/tmpfxn_tuov', '--error-file', '/tmp/tmpb93sa5yy']
[2022-08-09 23:58:18,294] {standard_task_runner.py:80} INFO - Job 25: Subtask transform_twitter_aluraonline
[2022-08-09 23:58:18,323] {task_command.py:371} INFO - Running <TaskInstance: twitter_dag.transform_twitter_aluraonline scheduled__2022-08-06T12:00:00+00:00 [running]> on host renan-VirtualBox
[2022-08-09 23:58:18,358] {taskinstance.py:1589} INFO - Exporting the following env vars:
AIRFLOW_CTX_DAG_OWNER=airflow
AIRFLOW_CTX_DAG_ID=twitter_dag
AIRFLOW_CTX_TASK_ID=transform_twitter_aluraonline
AIRFLOW_CTX_EXECUTION_DATE=2022-08-06T12:00:00+00:00
AIRFLOW_CTX_TRY_NUMBER=1
AIRFLOW_CTX_DAG_RUN_ID=scheduled__2022-08-06T12:00:00+00:00
[2022-08-09 23:58:18,361] {base.py:68} INFO - Using connection ID 'spark_default' for task execution.
[2022-08-09 23:58:18,362] {spark_submit.py:334} INFO - Spark-Submit cmd: /home/renan/spark-3.3.0-bin-hadoop3/bin/spark-submit --master local --name twitter_transformation /home/renan/datapipeline/spark/transformation.py --src /home/renan/datapipeline/datalake/bronze/twitter_aluraonline/extract_date=2022-08-06 --dest /home/renan/datapipeline/datalake/silver/twitter_aluraonline/ --process-date 2022-08-06
[2022-08-09 23:58:19,477] {spark_submit.py:485} INFO - 22/08/09 23:58:19 WARN Utils: Your hostname, renan-VirtualBox resolves to a loopback address: 127.0.1.1; using 10.0.2.15 instead (on interface enp0s3)
[2022-08-09 23:58:19,478] {spark_submit.py:485} INFO - 22/08/09 23:58:19 WARN Utils: Set SPARK_LOCAL_IP if you need to bind to another address
[2022-08-09 23:58:20,178] {spark_submit.py:485} INFO - 22/08/09 23:58:20 INFO SparkContext: Running Spark version 3.3.0
[2022-08-09 23:58:20,226] {spark_submit.py:485} INFO - 22/08/09 23:58:20 WARN NativeCodeLoader: Unable to load native-hadoop library for your platform... using builtin-java classes where applicable
[2022-08-09 23:58:20,290] {spark_submit.py:485} INFO - 22/08/09 23:58:20 INFO ResourceUtils: ==============================================================
[2022-08-09 23:58:20,290] {spark_submit.py:485} INFO - 22/08/09 23:58:20 INFO ResourceUtils: No custom resources configured for spark.driver.
[2022-08-09 23:58:20,290] {spark_submit.py:485} INFO - 22/08/09 23:58:20 INFO ResourceUtils: ==============================================================
[2022-08-09 23:58:20,290] {spark_submit.py:485} INFO - 22/08/09 23:58:20 INFO SparkContext: Submitted application: twitter_transformation
[2022-08-09 23:58:20,307] {spark_submit.py:485} INFO - 22/08/09 23:58:20 INFO ResourceProfile: Default ResourceProfile created, executor resources: Map(cores -> name: cores, amount: 1, script: , vendor: , memory -> name: memory, amount: 1024, script: , vendor: , offHeap -> name: offHeap, amount: 0, script: , vendor: ), task resources: Map(cpus -> name: cpus, amount: 1.0)
[2022-08-09 23:58:20,317] {spark_submit.py:485} INFO - 22/08/09 23:58:20 INFO ResourceProfile: Limiting resource is cpu
[2022-08-09 23:58:20,317] {spark_submit.py:485} INFO - 22/08/09 23:58:20 INFO ResourceProfileManager: Added ResourceProfile id: 0
[2022-08-09 23:58:20,354] {spark_submit.py:485} INFO - 22/08/09 23:58:20 INFO SecurityManager: Changing view acls to: renan
[2022-08-09 23:58:20,354] {spark_submit.py:485} INFO - 22/08/09 23:58:20 INFO SecurityManager: Changing modify acls to: renan
[2022-08-09 23:58:20,355] {spark_submit.py:485} INFO - 22/08/09 23:58:20 INFO SecurityManager: Changing view acls groups to:
[2022-08-09 23:58:20,355] {spark_submit.py:485} INFO - 22/08/09 23:58:20 INFO SecurityManager: Changing modify acls groups to:
[2022-08-09 23:58:20,355] {spark_submit.py:485} INFO - 22/08/09 23:58:20 INFO SecurityManager: SecurityManager: authentication disabled; ui acls disabled; users  with view permissions: Set(renan); groups with view permissions: Set(); users  with modify permissions: Set(renan); groups with modify permissions: Set()
[2022-08-09 23:58:20,545] {spark_submit.py:485} INFO - 22/08/09 23:58:20 INFO Utils: Successfully started service 'sparkDriver' on port 38903.
[2022-08-09 23:58:20,579] {spark_submit.py:485} INFO - 22/08/09 23:58:20 INFO SparkEnv: Registering MapOutputTracker
[2022-08-09 23:58:20,614] {spark_submit.py:485} INFO - 22/08/09 23:58:20 INFO SparkEnv: Registering BlockManagerMaster
[2022-08-09 23:58:20,635] {spark_submit.py:485} INFO - 22/08/09 23:58:20 INFO BlockManagerMasterEndpoint: Using org.apache.spark.storage.DefaultTopologyMapper for getting topology information
[2022-08-09 23:58:20,635] {spark_submit.py:485} INFO - 22/08/09 23:58:20 INFO BlockManagerMasterEndpoint: BlockManagerMasterEndpoint up
[2022-08-09 23:58:20,643] {spark_submit.py:485} INFO - 22/08/09 23:58:20 INFO SparkEnv: Registering BlockManagerMasterHeartbeat
[2022-08-09 23:58:20,667] {spark_submit.py:485} INFO - 22/08/09 23:58:20 INFO DiskBlockManager: Created local directory at /tmp/blockmgr-290e4416-eeb4-4838-bfba-a70fb21b0bdd
[2022-08-09 23:58:20,735] {spark_submit.py:485} INFO - 22/08/09 23:58:20 INFO MemoryStore: MemoryStore started with capacity 366.3 MiB
[2022-08-09 23:58:20,751] {spark_submit.py:485} INFO - 22/08/09 23:58:20 INFO SparkEnv: Registering OutputCommitCoordinator
[2022-08-09 23:58:20,917] {spark_submit.py:485} INFO - 22/08/09 23:58:20 INFO Utils: Successfully started service 'SparkUI' on port 4040.
[2022-08-09 23:58:20,997] {spark_submit.py:485} INFO - 22/08/09 23:58:20 INFO Executor: Starting executor ID driver on host 10.0.2.15
[2022-08-09 23:58:21,004] {spark_submit.py:485} INFO - 22/08/09 23:58:21 INFO Executor: Starting executor with user classpath (userClassPathFirst = false): ''
[2022-08-09 23:58:21,020] {spark_submit.py:485} INFO - 22/08/09 23:58:21 INFO Utils: Successfully started service 'org.apache.spark.network.netty.NettyBlockTransferService' on port 43903.
[2022-08-09 23:58:21,020] {spark_submit.py:485} INFO - 22/08/09 23:58:21 INFO NettyBlockTransferService: Server created on 10.0.2.15:43903
[2022-08-09 23:58:21,021] {spark_submit.py:485} INFO - 22/08/09 23:58:21 INFO BlockManager: Using org.apache.spark.storage.RandomBlockReplicationPolicy for block replication policy
[2022-08-09 23:58:21,026] {spark_submit.py:485} INFO - 22/08/09 23:58:21 INFO BlockManagerMaster: Registering BlockManager BlockManagerId(driver, 10.0.2.15, 43903, None)
[2022-08-09 23:58:21,029] {spark_submit.py:485} INFO - 22/08/09 23:58:21 INFO BlockManagerMasterEndpoint: Registering block manager 10.0.2.15:43903 with 366.3 MiB RAM, BlockManagerId(driver, 10.0.2.15, 43903, None)
[2022-08-09 23:58:21,031] {spark_submit.py:485} INFO - 22/08/09 23:58:21 INFO BlockManagerMaster: Registered BlockManager BlockManagerId(driver, 10.0.2.15, 43903, None)
[2022-08-09 23:58:21,031] {spark_submit.py:485} INFO - 22/08/09 23:58:21 INFO BlockManager: Initialized BlockManager: BlockManagerId(driver, 10.0.2.15, 43903, None)
[2022-08-09 23:58:21,381] {spark_submit.py:485} INFO - 22/08/09 23:58:21 INFO SharedState: Setting hive.metastore.warehouse.dir ('null') to the value of spark.sql.warehouse.dir.
[2022-08-09 23:58:21,387] {spark_submit.py:485} INFO - 22/08/09 23:58:21 INFO SharedState: Warehouse path is 'file:/home/renan/datapipeline/spark-warehouse'.
[2022-08-09 23:58:22,077] {spark_submit.py:485} INFO - 22/08/09 23:58:22 INFO InMemoryFileIndex: It took 28 ms to list leaf files for 1 paths.
[2022-08-09 23:58:22,126] {spark_submit.py:485} INFO - 22/08/09 23:58:22 INFO InMemoryFileIndex: It took 1 ms to list leaf files for 1 paths.
[2022-08-09 23:58:23,785] {spark_submit.py:485} INFO - 22/08/09 23:58:23 INFO FileSourceStrategy: Pushed Filters:
[2022-08-09 23:58:23,786] {spark_submit.py:485} INFO - 22/08/09 23:58:23 INFO FileSourceStrategy: Post-Scan Filters:
[2022-08-09 23:58:23,789] {spark_submit.py:485} INFO - 22/08/09 23:58:23 INFO FileSourceStrategy: Output Data Schema: struct<value: string>
[2022-08-09 23:58:24,029] {spark_submit.py:485} INFO - 22/08/09 23:58:24 INFO MemoryStore: Block broadcast_0 stored as values in memory (estimated size 349.5 KiB, free 366.0 MiB)
[2022-08-09 23:58:24,072] {spark_submit.py:485} INFO - 22/08/09 23:58:24 INFO MemoryStore: Block broadcast_0_piece0 stored as bytes in memory (estimated size 33.9 KiB, free 365.9 MiB)
[2022-08-09 23:58:24,077] {spark_submit.py:485} INFO - 22/08/09 23:58:24 INFO BlockManagerInfo: Added broadcast_0_piece0 in memory on 10.0.2.15:43903 (size: 33.9 KiB, free: 366.3 MiB)
[2022-08-09 23:58:24,080] {spark_submit.py:485} INFO - 22/08/09 23:58:24 INFO SparkContext: Created broadcast 0 from json at NativeMethodAccessorImpl.java:0
[2022-08-09 23:58:24,092] {spark_submit.py:485} INFO - 22/08/09 23:58:24 INFO FileSourceScanExec: Planning scan with bin packing, max size: 4195300 bytes, open cost is considered as scanning 4194304 bytes.
[2022-08-09 23:58:24,337] {spark_submit.py:485} INFO - 22/08/09 23:58:24 INFO SparkContext: Starting job: json at NativeMethodAccessorImpl.java:0
[2022-08-09 23:58:24,350] {spark_submit.py:485} INFO - 22/08/09 23:58:24 INFO DAGScheduler: Got job 0 (json at NativeMethodAccessorImpl.java:0) with 1 output partitions
[2022-08-09 23:58:24,351] {spark_submit.py:485} INFO - 22/08/09 23:58:24 INFO DAGScheduler: Final stage: ResultStage 0 (json at NativeMethodAccessorImpl.java:0)
[2022-08-09 23:58:24,352] {spark_submit.py:485} INFO - 22/08/09 23:58:24 INFO DAGScheduler: Parents of final stage: List()
[2022-08-09 23:58:24,353] {spark_submit.py:485} INFO - 22/08/09 23:58:24 INFO DAGScheduler: Missing parents: List()
[2022-08-09 23:58:24,357] {spark_submit.py:485} INFO - 22/08/09 23:58:24 INFO DAGScheduler: Submitting ResultStage 0 (MapPartitionsRDD[3] at json at NativeMethodAccessorImpl.java:0), which has no missing parents
[2022-08-09 23:58:24,445] {spark_submit.py:485} INFO - 22/08/09 23:58:24 INFO MemoryStore: Block broadcast_1 stored as values in memory (estimated size 14.5 KiB, free 365.9 MiB)
[2022-08-09 23:58:24,447] {spark_submit.py:485} INFO - 22/08/09 23:58:24 INFO MemoryStore: Block broadcast_1_piece0 stored as bytes in memory (estimated size 7.0 KiB, free 365.9 MiB)
[2022-08-09 23:58:24,448] {spark_submit.py:485} INFO - 22/08/09 23:58:24 INFO BlockManagerInfo: Added broadcast_1_piece0 in memory on 10.0.2.15:43903 (size: 7.0 KiB, free: 366.3 MiB)
[2022-08-09 23:58:24,449] {spark_submit.py:485} INFO - 22/08/09 23:58:24 INFO SparkContext: Created broadcast 1 from broadcast at DAGScheduler.scala:1513
[2022-08-09 23:58:24,462] {spark_submit.py:485} INFO - 22/08/09 23:58:24 INFO DAGScheduler: Submitting 1 missing tasks from ResultStage 0 (MapPartitionsRDD[3] at json at NativeMethodAccessorImpl.java:0) (first 15 tasks are for partitions Vector(0))
[2022-08-09 23:58:24,463] {spark_submit.py:485} INFO - 22/08/09 23:58:24 INFO TaskSchedulerImpl: Adding task set 0.0 with 1 tasks resource profile 0
[2022-08-09 23:58:24,507] {spark_submit.py:485} INFO - 22/08/09 23:58:24 INFO TaskSetManager: Starting task 0.0 in stage 0.0 (TID 0) (10.0.2.15, executor driver, partition 0, PROCESS_LOCAL, 4988 bytes) taskResourceAssignments Map()
[2022-08-09 23:58:24,517] {spark_submit.py:485} INFO - 22/08/09 23:58:24 INFO Executor: Running task 0.0 in stage 0.0 (TID 0)
[2022-08-09 23:58:24,752] {spark_submit.py:485} INFO - 22/08/09 23:58:24 INFO FileScanRDD: Reading File path: file:///home/renan/datapipeline/datalake/bronze/twitter_aluraonline/extract_date=2022-08-06/AluraOnline_20220806.json, range: 0-996, partition values: [empty row]
[2022-08-09 23:58:24,972] {spark_submit.py:485} INFO - 22/08/09 23:58:24 INFO CodeGenerator: Code generated in 186.895409 ms
[2022-08-09 23:58:25,016] {spark_submit.py:485} INFO - 22/08/09 23:58:25 INFO Executor: Finished task 0.0 in stage 0.0 (TID 0). 2793 bytes result sent to driver
[2022-08-09 23:58:25,030] {spark_submit.py:485} INFO - 22/08/09 23:58:25 INFO TaskSetManager: Finished task 0.0 in stage 0.0 (TID 0) in 534 ms on 10.0.2.15 (executor driver) (1/1)
[2022-08-09 23:58:25,034] {spark_submit.py:485} INFO - 22/08/09 23:58:25 INFO TaskSchedulerImpl: Removed TaskSet 0.0, whose tasks have all completed, from pool
[2022-08-09 23:58:25,036] {spark_submit.py:485} INFO - 22/08/09 23:58:25 INFO DAGScheduler: ResultStage 0 (json at NativeMethodAccessorImpl.java:0) finished in 0,657 s
[2022-08-09 23:58:25,040] {spark_submit.py:485} INFO - 22/08/09 23:58:25 INFO DAGScheduler: Job 0 is finished. Cancelling potential speculative or zombie tasks for this job
[2022-08-09 23:58:25,040] {spark_submit.py:485} INFO - 22/08/09 23:58:25 INFO TaskSchedulerImpl: Killing all running tasks in stage 0: Stage finished
[2022-08-09 23:58:25,043] {spark_submit.py:485} INFO - 22/08/09 23:58:25 INFO DAGScheduler: Job 0 finished: json at NativeMethodAccessorImpl.java:0, took 0,705412 s
[2022-08-09 23:58:25,452] {spark_submit.py:485} INFO - 22/08/09 23:58:25 INFO FileSourceStrategy: Pushed Filters: IsNotNull(data)
[2022-08-09 23:58:25,454] {spark_submit.py:485} INFO - 22/08/09 23:58:25 INFO FileSourceStrategy: Post-Scan Filters: (size(data#8, true) > 0),isnotnull(data#8)
[2022-08-09 23:58:25,454] {spark_submit.py:485} INFO - 22/08/09 23:58:25 INFO FileSourceStrategy: Output Data Schema: struct<data: array<struct<author_id:string,conversation_id:string,created_at:string,id:string,in_reply_to_user_id:string,public_metrics:struct<like_count:bigint,quote_count:bigint,reply_count:bigint,retweet_count:bigint>,text:string>>>
[2022-08-09 23:58:25,540] {spark_submit.py:485} INFO - 22/08/09 23:58:25 INFO FileOutputCommitter: File Output Committer Algorithm version is 1
[2022-08-09 23:58:25,540] {spark_submit.py:485} INFO - 22/08/09 23:58:25 INFO FileOutputCommitter: FileOutputCommitter skip cleanup _temporary folders under output directory:false, ignore cleanup failures: false
[2022-08-09 23:58:25,541] {spark_submit.py:485} INFO - 22/08/09 23:58:25 INFO SQLHadoopMapReduceCommitProtocol: Using output committer class org.apache.hadoop.mapreduce.lib.output.FileOutputCommitter
[2022-08-09 23:58:25,775] {spark_submit.py:485} INFO - 22/08/09 23:58:25 INFO CodeGenerator: Code generated in 100.581484 ms
[2022-08-09 23:58:25,783] {spark_submit.py:485} INFO - 22/08/09 23:58:25 INFO MemoryStore: Block broadcast_2 stored as values in memory (estimated size 349.4 KiB, free 365.6 MiB)
[2022-08-09 23:58:25,792] {spark_submit.py:485} INFO - 22/08/09 23:58:25 INFO MemoryStore: Block broadcast_2_piece0 stored as bytes in memory (estimated size 33.8 KiB, free 365.5 MiB)
[2022-08-09 23:58:25,793] {spark_submit.py:485} INFO - 22/08/09 23:58:25 INFO BlockManagerInfo: Added broadcast_2_piece0 in memory on 10.0.2.15:43903 (size: 33.8 KiB, free: 366.2 MiB)
[2022-08-09 23:58:25,794] {spark_submit.py:485} INFO - 22/08/09 23:58:25 INFO SparkContext: Created broadcast 2 from json at NativeMethodAccessorImpl.java:0
[2022-08-09 23:58:25,797] {spark_submit.py:485} INFO - 22/08/09 23:58:25 INFO FileSourceScanExec: Planning scan with bin packing, max size: 4195300 bytes, open cost is considered as scanning 4194304 bytes.
[2022-08-09 23:58:25,850] {spark_submit.py:485} INFO - 22/08/09 23:58:25 INFO SparkContext: Starting job: json at NativeMethodAccessorImpl.java:0
[2022-08-09 23:58:25,852] {spark_submit.py:485} INFO - 22/08/09 23:58:25 INFO DAGScheduler: Got job 1 (json at NativeMethodAccessorImpl.java:0) with 1 output partitions
[2022-08-09 23:58:25,852] {spark_submit.py:485} INFO - 22/08/09 23:58:25 INFO DAGScheduler: Final stage: ResultStage 1 (json at NativeMethodAccessorImpl.java:0)
[2022-08-09 23:58:25,852] {spark_submit.py:485} INFO - 22/08/09 23:58:25 INFO DAGScheduler: Parents of final stage: List()
[2022-08-09 23:58:25,852] {spark_submit.py:485} INFO - 22/08/09 23:58:25 INFO DAGScheduler: Missing parents: List()
[2022-08-09 23:58:25,855] {spark_submit.py:485} INFO - 22/08/09 23:58:25 INFO DAGScheduler: Submitting ResultStage 1 (CoalescedRDD[7] at json at NativeMethodAccessorImpl.java:0), which has no missing parents
[2022-08-09 23:58:25,879] {spark_submit.py:485} INFO - 22/08/09 23:58:25 INFO MemoryStore: Block broadcast_3 stored as values in memory (estimated size 229.2 KiB, free 365.3 MiB)
[2022-08-09 23:58:25,883] {spark_submit.py:485} INFO - 22/08/09 23:58:25 INFO MemoryStore: Block broadcast_3_piece0 stored as bytes in memory (estimated size 79.5 KiB, free 365.2 MiB)
[2022-08-09 23:58:25,884] {spark_submit.py:485} INFO - 22/08/09 23:58:25 INFO BlockManagerInfo: Added broadcast_3_piece0 in memory on 10.0.2.15:43903 (size: 79.5 KiB, free: 366.1 MiB)
[2022-08-09 23:58:25,884] {spark_submit.py:485} INFO - 22/08/09 23:58:25 INFO SparkContext: Created broadcast 3 from broadcast at DAGScheduler.scala:1513
[2022-08-09 23:58:25,887] {spark_submit.py:485} INFO - 22/08/09 23:58:25 INFO DAGScheduler: Submitting 1 missing tasks from ResultStage 1 (CoalescedRDD[7] at json at NativeMethodAccessorImpl.java:0) (first 15 tasks are for partitions Vector(0))
[2022-08-09 23:58:25,887] {spark_submit.py:485} INFO - 22/08/09 23:58:25 INFO TaskSchedulerImpl: Adding task set 1.0 with 1 tasks resource profile 0
[2022-08-09 23:58:25,891] {spark_submit.py:485} INFO - 22/08/09 23:58:25 INFO TaskSetManager: Starting task 0.0 in stage 1.0 (TID 1) (10.0.2.15, executor driver, partition 0, PROCESS_LOCAL, 5217 bytes) taskResourceAssignments Map()
[2022-08-09 23:58:25,892] {spark_submit.py:485} INFO - 22/08/09 23:58:25 INFO Executor: Running task 0.0 in stage 1.0 (TID 1)
[2022-08-09 23:58:25,961] {spark_submit.py:485} INFO - 22/08/09 23:58:25 INFO BlockManagerInfo: Removed broadcast_1_piece0 on 10.0.2.15:43903 in memory (size: 7.0 KiB, free: 366.2 MiB)
[2022-08-09 23:58:25,964] {spark_submit.py:485} INFO - 22/08/09 23:58:25 INFO FileOutputCommitter: File Output Committer Algorithm version is 1
[2022-08-09 23:58:25,964] {spark_submit.py:485} INFO - 22/08/09 23:58:25 INFO FileOutputCommitter: FileOutputCommitter skip cleanup _temporary folders under output directory:false, ignore cleanup failures: false
[2022-08-09 23:58:25,964] {spark_submit.py:485} INFO - 22/08/09 23:58:25 INFO SQLHadoopMapReduceCommitProtocol: Using output committer class org.apache.hadoop.mapreduce.lib.output.FileOutputCommitter
[2022-08-09 23:58:26,016] {spark_submit.py:485} INFO - 22/08/09 23:58:26 INFO FileScanRDD: Reading File path: file:///home/renan/datapipeline/datalake/bronze/twitter_aluraonline/extract_date=2022-08-06/AluraOnline_20220806.json, range: 0-996, partition values: [empty row]
[2022-08-09 23:58:26,037] {spark_submit.py:485} INFO - 22/08/09 23:58:26 INFO CodeGenerator: Code generated in 15.599716 ms
[2022-08-09 23:58:26,055] {spark_submit.py:485} INFO - 22/08/09 23:58:26 INFO CodeGenerator: Code generated in 4.302909 ms
[2022-08-09 23:58:26,077] {spark_submit.py:485} INFO - 22/08/09 23:58:26 INFO FileOutputCommitter: Saved output of task 'attempt_202208092358254966931886287024506_0001_m_000000_1' to file:/home/renan/datapipeline/datalake/silver/twitter_aluraonline/tweet/process_date=2022-08-06/_temporary/0/task_202208092358254966931886287024506_0001_m_000000
[2022-08-09 23:58:26,078] {spark_submit.py:485} INFO - 22/08/09 23:58:26 INFO SparkHadoopMapRedUtil: attempt_202208092358254966931886287024506_0001_m_000000_1: Committed. Elapsed time: 1 ms.
[2022-08-09 23:58:26,083] {spark_submit.py:485} INFO - 22/08/09 23:58:26 INFO Executor: Finished task 0.0 in stage 1.0 (TID 1). 2721 bytes result sent to driver
[2022-08-09 23:58:26,087] {spark_submit.py:485} INFO - 22/08/09 23:58:26 INFO TaskSetManager: Finished task 0.0 in stage 1.0 (TID 1) in 197 ms on 10.0.2.15 (executor driver) (1/1)
[2022-08-09 23:58:26,088] {spark_submit.py:485} INFO - 22/08/09 23:58:26 INFO DAGScheduler: ResultStage 1 (json at NativeMethodAccessorImpl.java:0) finished in 0,233 s
[2022-08-09 23:58:26,088] {spark_submit.py:485} INFO - 22/08/09 23:58:26 INFO DAGScheduler: Job 1 is finished. Cancelling potential speculative or zombie tasks for this job
[2022-08-09 23:58:26,088] {spark_submit.py:485} INFO - 22/08/09 23:58:26 INFO TaskSchedulerImpl: Removed TaskSet 1.0, whose tasks have all completed, from pool
[2022-08-09 23:58:26,088] {spark_submit.py:485} INFO - 22/08/09 23:58:26 INFO TaskSchedulerImpl: Killing all running tasks in stage 1: Stage finished
[2022-08-09 23:58:26,089] {spark_submit.py:485} INFO - 22/08/09 23:58:26 INFO DAGScheduler: Job 1 finished: json at NativeMethodAccessorImpl.java:0, took 0,238396 s
[2022-08-09 23:58:26,090] {spark_submit.py:485} INFO - 22/08/09 23:58:26 INFO FileFormatWriter: Start to commit write Job a6822da4-ae56-46e6-b327-1e8b9f2475a8.
[2022-08-09 23:58:26,114] {spark_submit.py:485} INFO - 22/08/09 23:58:26 INFO FileFormatWriter: Write Job a6822da4-ae56-46e6-b327-1e8b9f2475a8 committed. Elapsed time: 22 ms.
[2022-08-09 23:58:26,116] {spark_submit.py:485} INFO - 22/08/09 23:58:26 INFO FileFormatWriter: Finished processing stats for write job a6822da4-ae56-46e6-b327-1e8b9f2475a8.
[2022-08-09 23:58:26,147] {spark_submit.py:485} INFO - 22/08/09 23:58:26 INFO FileSourceStrategy: Pushed Filters:
[2022-08-09 23:58:26,147] {spark_submit.py:485} INFO - 22/08/09 23:58:26 INFO FileSourceStrategy: Post-Scan Filters:
[2022-08-09 23:58:26,147] {spark_submit.py:485} INFO - 22/08/09 23:58:26 INFO FileSourceStrategy: Output Data Schema: struct<includes: struct<users: array<struct<created_at:string,id:string,name:string,username:string>>>>
[2022-08-09 23:58:26,155] {spark_submit.py:485} INFO - 22/08/09 23:58:26 INFO FileOutputCommitter: File Output Committer Algorithm version is 1
[2022-08-09 23:58:26,155] {spark_submit.py:485} INFO - 22/08/09 23:58:26 INFO FileOutputCommitter: FileOutputCommitter skip cleanup _temporary folders under output directory:false, ignore cleanup failures: false
[2022-08-09 23:58:26,156] {spark_submit.py:485} INFO - 22/08/09 23:58:26 INFO SQLHadoopMapReduceCommitProtocol: Using output committer class org.apache.hadoop.mapreduce.lib.output.FileOutputCommitter
[2022-08-09 23:58:26,179] {spark_submit.py:485} INFO - 22/08/09 23:58:26 INFO CodeGenerator: Code generated in 11.270309 ms
[2022-08-09 23:58:26,182] {spark_submit.py:485} INFO - 22/08/09 23:58:26 INFO MemoryStore: Block broadcast_4 stored as values in memory (estimated size 349.4 KiB, free 364.9 MiB)
[2022-08-09 23:58:26,189] {spark_submit.py:485} INFO - 22/08/09 23:58:26 INFO MemoryStore: Block broadcast_4_piece0 stored as bytes in memory (estimated size 33.8 KiB, free 364.9 MiB)
[2022-08-09 23:58:26,190] {spark_submit.py:485} INFO - 22/08/09 23:58:26 INFO BlockManagerInfo: Added broadcast_4_piece0 in memory on 10.0.2.15:43903 (size: 33.8 KiB, free: 366.1 MiB)
[2022-08-09 23:58:26,191] {spark_submit.py:485} INFO - 22/08/09 23:58:26 INFO SparkContext: Created broadcast 4 from json at NativeMethodAccessorImpl.java:0
[2022-08-09 23:58:26,192] {spark_submit.py:485} INFO - 22/08/09 23:58:26 INFO FileSourceScanExec: Planning scan with bin packing, max size: 4195300 bytes, open cost is considered as scanning 4194304 bytes.
[2022-08-09 23:58:26,206] {spark_submit.py:485} INFO - 22/08/09 23:58:26 INFO SparkContext: Starting job: json at NativeMethodAccessorImpl.java:0
[2022-08-09 23:58:26,208] {spark_submit.py:485} INFO - 22/08/09 23:58:26 INFO DAGScheduler: Got job 2 (json at NativeMethodAccessorImpl.java:0) with 1 output partitions
[2022-08-09 23:58:26,208] {spark_submit.py:485} INFO - 22/08/09 23:58:26 INFO DAGScheduler: Final stage: ResultStage 2 (json at NativeMethodAccessorImpl.java:0)
[2022-08-09 23:58:26,208] {spark_submit.py:485} INFO - 22/08/09 23:58:26 INFO DAGScheduler: Parents of final stage: List()
[2022-08-09 23:58:26,208] {spark_submit.py:485} INFO - 22/08/09 23:58:26 INFO DAGScheduler: Missing parents: List()
[2022-08-09 23:58:26,210] {spark_submit.py:485} INFO - 22/08/09 23:58:26 INFO DAGScheduler: Submitting ResultStage 2 (CoalescedRDD[11] at json at NativeMethodAccessorImpl.java:0), which has no missing parents
[2022-08-09 23:58:26,223] {spark_submit.py:485} INFO - 22/08/09 23:58:26 INFO MemoryStore: Block broadcast_5 stored as values in memory (estimated size 214.5 KiB, free 364.7 MiB)
[2022-08-09 23:58:26,225] {spark_submit.py:485} INFO - 22/08/09 23:58:26 INFO MemoryStore: Block broadcast_5_piece0 stored as bytes in memory (estimated size 76.2 KiB, free 364.6 MiB)
[2022-08-09 23:58:26,226] {spark_submit.py:485} INFO - 22/08/09 23:58:26 INFO BlockManagerInfo: Added broadcast_5_piece0 in memory on 10.0.2.15:43903 (size: 76.2 KiB, free: 366.0 MiB)
[2022-08-09 23:58:26,227] {spark_submit.py:485} INFO - 22/08/09 23:58:26 INFO SparkContext: Created broadcast 5 from broadcast at DAGScheduler.scala:1513
[2022-08-09 23:58:26,227] {spark_submit.py:485} INFO - 22/08/09 23:58:26 INFO DAGScheduler: Submitting 1 missing tasks from ResultStage 2 (CoalescedRDD[11] at json at NativeMethodAccessorImpl.java:0) (first 15 tasks are for partitions Vector(0))
[2022-08-09 23:58:26,227] {spark_submit.py:485} INFO - 22/08/09 23:58:26 INFO TaskSchedulerImpl: Adding task set 2.0 with 1 tasks resource profile 0
[2022-08-09 23:58:26,228] {spark_submit.py:485} INFO - 22/08/09 23:58:26 INFO TaskSetManager: Starting task 0.0 in stage 2.0 (TID 2) (10.0.2.15, executor driver, partition 0, PROCESS_LOCAL, 5217 bytes) taskResourceAssignments Map()
[2022-08-09 23:58:26,229] {spark_submit.py:485} INFO - 22/08/09 23:58:26 INFO Executor: Running task 0.0 in stage 2.0 (TID 2)
[2022-08-09 23:58:26,242] {spark_submit.py:485} INFO - 22/08/09 23:58:26 INFO FileOutputCommitter: File Output Committer Algorithm version is 1
[2022-08-09 23:58:26,242] {spark_submit.py:485} INFO - 22/08/09 23:58:26 INFO FileOutputCommitter: FileOutputCommitter skip cleanup _temporary folders under output directory:false, ignore cleanup failures: false
[2022-08-09 23:58:26,242] {spark_submit.py:485} INFO - 22/08/09 23:58:26 INFO SQLHadoopMapReduceCommitProtocol: Using output committer class org.apache.hadoop.mapreduce.lib.output.FileOutputCommitter
[2022-08-09 23:58:26,263] {spark_submit.py:485} INFO - 22/08/09 23:58:26 INFO FileScanRDD: Reading File path: file:///home/renan/datapipeline/datalake/bronze/twitter_aluraonline/extract_date=2022-08-06/AluraOnline_20220806.json, range: 0-996, partition values: [empty row]
[2022-08-09 23:58:26,279] {spark_submit.py:485} INFO - 22/08/09 23:58:26 INFO CodeGenerator: Code generated in 13.664644 ms
[2022-08-09 23:58:26,284] {spark_submit.py:485} INFO - 22/08/09 23:58:26 INFO FileOutputCommitter: Saved output of task 'attempt_202208092358262633391780619175872_0002_m_000000_2' to file:/home/renan/datapipeline/datalake/silver/twitter_aluraonline/user/process_date=2022-08-06/_temporary/0/task_202208092358262633391780619175872_0002_m_000000
[2022-08-09 23:58:26,285] {spark_submit.py:485} INFO - 22/08/09 23:58:26 INFO SparkHadoopMapRedUtil: attempt_202208092358262633391780619175872_0002_m_000000_2: Committed. Elapsed time: 0 ms.
[2022-08-09 23:58:26,288] {spark_submit.py:485} INFO - 22/08/09 23:58:26 INFO Executor: Finished task 0.0 in stage 2.0 (TID 2). 2579 bytes result sent to driver
[2022-08-09 23:58:26,288] {spark_submit.py:485} INFO - 22/08/09 23:58:26 INFO TaskSetManager: Finished task 0.0 in stage 2.0 (TID 2) in 60 ms on 10.0.2.15 (executor driver) (1/1)
[2022-08-09 23:58:26,289] {spark_submit.py:485} INFO - 22/08/09 23:58:26 INFO DAGScheduler: ResultStage 2 (json at NativeMethodAccessorImpl.java:0) finished in 0,079 s
[2022-08-09 23:58:26,289] {spark_submit.py:485} INFO - 22/08/09 23:58:26 INFO DAGScheduler: Job 2 is finished. Cancelling potential speculative or zombie tasks for this job
[2022-08-09 23:58:26,290] {spark_submit.py:485} INFO - 22/08/09 23:58:26 INFO TaskSchedulerImpl: Removed TaskSet 2.0, whose tasks have all completed, from pool
[2022-08-09 23:58:26,290] {spark_submit.py:485} INFO - 22/08/09 23:58:26 INFO TaskSchedulerImpl: Killing all running tasks in stage 2: Stage finished
[2022-08-09 23:58:26,290] {spark_submit.py:485} INFO - 22/08/09 23:58:26 INFO DAGScheduler: Job 2 finished: json at NativeMethodAccessorImpl.java:0, took 0,083461 s
[2022-08-09 23:58:26,291] {spark_submit.py:485} INFO - 22/08/09 23:58:26 INFO FileFormatWriter: Start to commit write Job c07f89c9-9721-4d09-b15a-df5b9d479231.
[2022-08-09 23:58:26,299] {spark_submit.py:485} INFO - 22/08/09 23:58:26 INFO FileFormatWriter: Write Job c07f89c9-9721-4d09-b15a-df5b9d479231 committed. Elapsed time: 7 ms.
[2022-08-09 23:58:26,299] {spark_submit.py:485} INFO - 22/08/09 23:58:26 INFO FileFormatWriter: Finished processing stats for write job c07f89c9-9721-4d09-b15a-df5b9d479231.
[2022-08-09 23:58:26,331] {spark_submit.py:485} INFO - 22/08/09 23:58:26 INFO SparkContext: Invoking stop() from shutdown hook
[2022-08-09 23:58:26,341] {spark_submit.py:485} INFO - 22/08/09 23:58:26 INFO SparkUI: Stopped Spark web UI at http://10.0.2.15:4040
[2022-08-09 23:58:26,351] {spark_submit.py:485} INFO - 22/08/09 23:58:26 INFO MapOutputTrackerMasterEndpoint: MapOutputTrackerMasterEndpoint stopped!
[2022-08-09 23:58:26,367] {spark_submit.py:485} INFO - 22/08/09 23:58:26 INFO MemoryStore: MemoryStore cleared
[2022-08-09 23:58:26,367] {spark_submit.py:485} INFO - 22/08/09 23:58:26 INFO BlockManager: BlockManager stopped
[2022-08-09 23:58:26,372] {spark_submit.py:485} INFO - 22/08/09 23:58:26 INFO BlockManagerMaster: BlockManagerMaster stopped
[2022-08-09 23:58:26,374] {spark_submit.py:485} INFO - 22/08/09 23:58:26 INFO OutputCommitCoordinator$OutputCommitCoordinatorEndpoint: OutputCommitCoordinator stopped!
[2022-08-09 23:58:26,377] {spark_submit.py:485} INFO - 22/08/09 23:58:26 INFO SparkContext: Successfully stopped SparkContext
[2022-08-09 23:58:26,377] {spark_submit.py:485} INFO - 22/08/09 23:58:26 INFO ShutdownHookManager: Shutdown hook called
[2022-08-09 23:58:26,378] {spark_submit.py:485} INFO - 22/08/09 23:58:26 INFO ShutdownHookManager: Deleting directory /tmp/spark-1939f329-c0fa-4b79-bc33-3b548973a380
[2022-08-09 23:58:26,379] {spark_submit.py:485} INFO - 22/08/09 23:58:26 INFO ShutdownHookManager: Deleting directory /tmp/spark-f1f0420e-4a95-43b0-b5ea-713413908aa2/pyspark-44a707b1-6981-42a9-92e4-8fdd14dc10cf
[2022-08-09 23:58:26,380] {spark_submit.py:485} INFO - 22/08/09 23:58:26 INFO ShutdownHookManager: Deleting directory /tmp/spark-f1f0420e-4a95-43b0-b5ea-713413908aa2
[2022-08-09 23:58:26,427] {taskinstance.py:1415} INFO - Marking task as SUCCESS. dag_id=twitter_dag, task_id=transform_twitter_aluraonline, execution_date=20220806T120000, start_date=20220810T025818, end_date=20220810T025826
[2022-08-09 23:58:26,447] {local_task_job.py:156} INFO - Task exited with return code 0
[2022-08-09 23:58:26,457] {local_task_job.py:273} INFO - 0 downstream tasks scheduled from follow-on schedule check
