[2022-07-31 21:13:04,861] {processor.py:153} INFO - Started process (PID=4991) to work on /home/renan/datapipeline/.env/lib/python3.8/site-packages/airflow/example_dags/plugins/workday.py
[2022-07-31 21:13:04,862] {processor.py:641} INFO - Processing file /home/renan/datapipeline/.env/lib/python3.8/site-packages/airflow/example_dags/plugins/workday.py for tasks to queue
[2022-07-31 21:13:04,862] {logging_mixin.py:115} INFO - [2022-07-31 21:13:04,862] {dagbag.py:508} INFO - Filling up the DagBag from /home/renan/datapipeline/.env/lib/python3.8/site-packages/airflow/example_dags/plugins/workday.py
[2022-07-31 21:13:04,863] {processor.py:653} WARNING - No viable dags retrieved from /home/renan/datapipeline/.env/lib/python3.8/site-packages/airflow/example_dags/plugins/workday.py
[2022-07-31 21:13:04,869] {processor.py:161} INFO - Processing /home/renan/datapipeline/.env/lib/python3.8/site-packages/airflow/example_dags/plugins/workday.py took 0.009 seconds
[2022-07-31 21:13:38,531] {processor.py:153} INFO - Started process (PID=5038) to work on /home/renan/datapipeline/.env/lib/python3.8/site-packages/airflow/example_dags/plugins/workday.py
[2022-07-31 21:13:38,532] {processor.py:641} INFO - Processing file /home/renan/datapipeline/.env/lib/python3.8/site-packages/airflow/example_dags/plugins/workday.py for tasks to queue
[2022-07-31 21:13:38,532] {logging_mixin.py:115} INFO - [2022-07-31 21:13:38,532] {dagbag.py:508} INFO - Filling up the DagBag from /home/renan/datapipeline/.env/lib/python3.8/site-packages/airflow/example_dags/plugins/workday.py
[2022-07-31 21:13:38,533] {processor.py:653} WARNING - No viable dags retrieved from /home/renan/datapipeline/.env/lib/python3.8/site-packages/airflow/example_dags/plugins/workday.py
[2022-07-31 21:13:38,540] {processor.py:161} INFO - Processing /home/renan/datapipeline/.env/lib/python3.8/site-packages/airflow/example_dags/plugins/workday.py took 0.010 seconds
[2022-07-31 21:14:12,671] {processor.py:153} INFO - Started process (PID=5089) to work on /home/renan/datapipeline/.env/lib/python3.8/site-packages/airflow/example_dags/plugins/workday.py
[2022-07-31 21:14:12,671] {processor.py:641} INFO - Processing file /home/renan/datapipeline/.env/lib/python3.8/site-packages/airflow/example_dags/plugins/workday.py for tasks to queue
[2022-07-31 21:14:12,671] {logging_mixin.py:115} INFO - [2022-07-31 21:14:12,671] {dagbag.py:508} INFO - Filling up the DagBag from /home/renan/datapipeline/.env/lib/python3.8/site-packages/airflow/example_dags/plugins/workday.py
[2022-07-31 21:14:12,673] {processor.py:653} WARNING - No viable dags retrieved from /home/renan/datapipeline/.env/lib/python3.8/site-packages/airflow/example_dags/plugins/workday.py
[2022-07-31 21:14:12,680] {processor.py:161} INFO - Processing /home/renan/datapipeline/.env/lib/python3.8/site-packages/airflow/example_dags/plugins/workday.py took 0.011 seconds
[2022-07-31 21:14:45,209] {processor.py:153} INFO - Started process (PID=5129) to work on /home/renan/datapipeline/.env/lib/python3.8/site-packages/airflow/example_dags/plugins/workday.py
[2022-07-31 21:14:45,210] {processor.py:641} INFO - Processing file /home/renan/datapipeline/.env/lib/python3.8/site-packages/airflow/example_dags/plugins/workday.py for tasks to queue
[2022-07-31 21:14:45,210] {logging_mixin.py:115} INFO - [2022-07-31 21:14:45,210] {dagbag.py:508} INFO - Filling up the DagBag from /home/renan/datapipeline/.env/lib/python3.8/site-packages/airflow/example_dags/plugins/workday.py
[2022-07-31 21:14:45,211] {processor.py:653} WARNING - No viable dags retrieved from /home/renan/datapipeline/.env/lib/python3.8/site-packages/airflow/example_dags/plugins/workday.py
[2022-07-31 21:14:45,217] {processor.py:161} INFO - Processing /home/renan/datapipeline/.env/lib/python3.8/site-packages/airflow/example_dags/plugins/workday.py took 0.010 seconds
[2022-07-31 21:15:19,041] {processor.py:153} INFO - Started process (PID=5185) to work on /home/renan/datapipeline/.env/lib/python3.8/site-packages/airflow/example_dags/plugins/workday.py
[2022-07-31 21:15:19,041] {processor.py:641} INFO - Processing file /home/renan/datapipeline/.env/lib/python3.8/site-packages/airflow/example_dags/plugins/workday.py for tasks to queue
[2022-07-31 21:15:19,041] {logging_mixin.py:115} INFO - [2022-07-31 21:15:19,041] {dagbag.py:508} INFO - Filling up the DagBag from /home/renan/datapipeline/.env/lib/python3.8/site-packages/airflow/example_dags/plugins/workday.py
[2022-07-31 21:15:19,042] {processor.py:653} WARNING - No viable dags retrieved from /home/renan/datapipeline/.env/lib/python3.8/site-packages/airflow/example_dags/plugins/workday.py
[2022-07-31 21:15:19,049] {processor.py:161} INFO - Processing /home/renan/datapipeline/.env/lib/python3.8/site-packages/airflow/example_dags/plugins/workday.py took 0.009 seconds
[2022-07-31 21:15:54,073] {processor.py:153} INFO - Started process (PID=5230) to work on /home/renan/datapipeline/.env/lib/python3.8/site-packages/airflow/example_dags/plugins/workday.py
[2022-07-31 21:15:54,074] {processor.py:641} INFO - Processing file /home/renan/datapipeline/.env/lib/python3.8/site-packages/airflow/example_dags/plugins/workday.py for tasks to queue
[2022-07-31 21:15:54,074] {logging_mixin.py:115} INFO - [2022-07-31 21:15:54,074] {dagbag.py:508} INFO - Filling up the DagBag from /home/renan/datapipeline/.env/lib/python3.8/site-packages/airflow/example_dags/plugins/workday.py
[2022-07-31 21:15:54,075] {processor.py:653} WARNING - No viable dags retrieved from /home/renan/datapipeline/.env/lib/python3.8/site-packages/airflow/example_dags/plugins/workday.py
[2022-07-31 21:15:54,081] {processor.py:161} INFO - Processing /home/renan/datapipeline/.env/lib/python3.8/site-packages/airflow/example_dags/plugins/workday.py took 0.010 seconds
[2022-07-31 21:16:25,991] {processor.py:153} INFO - Started process (PID=5268) to work on /home/renan/datapipeline/.env/lib/python3.8/site-packages/airflow/example_dags/plugins/workday.py
[2022-07-31 21:16:25,991] {processor.py:641} INFO - Processing file /home/renan/datapipeline/.env/lib/python3.8/site-packages/airflow/example_dags/plugins/workday.py for tasks to queue
[2022-07-31 21:16:25,991] {logging_mixin.py:115} INFO - [2022-07-31 21:16:25,991] {dagbag.py:508} INFO - Filling up the DagBag from /home/renan/datapipeline/.env/lib/python3.8/site-packages/airflow/example_dags/plugins/workday.py
[2022-07-31 21:16:25,993] {processor.py:653} WARNING - No viable dags retrieved from /home/renan/datapipeline/.env/lib/python3.8/site-packages/airflow/example_dags/plugins/workday.py
[2022-07-31 21:16:25,998] {processor.py:161} INFO - Processing /home/renan/datapipeline/.env/lib/python3.8/site-packages/airflow/example_dags/plugins/workday.py took 0.009 seconds
[2022-07-31 21:17:01,425] {processor.py:153} INFO - Started process (PID=5312) to work on /home/renan/datapipeline/.env/lib/python3.8/site-packages/airflow/example_dags/plugins/workday.py
[2022-07-31 21:17:01,425] {processor.py:641} INFO - Processing file /home/renan/datapipeline/.env/lib/python3.8/site-packages/airflow/example_dags/plugins/workday.py for tasks to queue
[2022-07-31 21:17:01,425] {logging_mixin.py:115} INFO - [2022-07-31 21:17:01,425] {dagbag.py:508} INFO - Filling up the DagBag from /home/renan/datapipeline/.env/lib/python3.8/site-packages/airflow/example_dags/plugins/workday.py
[2022-07-31 21:17:01,426] {processor.py:653} WARNING - No viable dags retrieved from /home/renan/datapipeline/.env/lib/python3.8/site-packages/airflow/example_dags/plugins/workday.py
[2022-07-31 21:17:01,433] {processor.py:161} INFO - Processing /home/renan/datapipeline/.env/lib/python3.8/site-packages/airflow/example_dags/plugins/workday.py took 0.010 seconds
[2022-07-31 21:17:35,474] {processor.py:153} INFO - Started process (PID=5362) to work on /home/renan/datapipeline/.env/lib/python3.8/site-packages/airflow/example_dags/plugins/workday.py
[2022-07-31 21:17:35,475] {processor.py:641} INFO - Processing file /home/renan/datapipeline/.env/lib/python3.8/site-packages/airflow/example_dags/plugins/workday.py for tasks to queue
[2022-07-31 21:17:35,475] {logging_mixin.py:115} INFO - [2022-07-31 21:17:35,475] {dagbag.py:508} INFO - Filling up the DagBag from /home/renan/datapipeline/.env/lib/python3.8/site-packages/airflow/example_dags/plugins/workday.py
[2022-07-31 21:17:35,476] {processor.py:653} WARNING - No viable dags retrieved from /home/renan/datapipeline/.env/lib/python3.8/site-packages/airflow/example_dags/plugins/workday.py
[2022-07-31 21:17:35,482] {processor.py:161} INFO - Processing /home/renan/datapipeline/.env/lib/python3.8/site-packages/airflow/example_dags/plugins/workday.py took 0.010 seconds
[2022-07-31 22:20:54,056] {processor.py:153} INFO - Started process (PID=7039) to work on /home/renan/datapipeline/.env/lib/python3.8/site-packages/airflow/example_dags/plugins/workday.py
[2022-07-31 22:20:54,056] {processor.py:641} INFO - Processing file /home/renan/datapipeline/.env/lib/python3.8/site-packages/airflow/example_dags/plugins/workday.py for tasks to queue
[2022-07-31 22:20:54,057] {logging_mixin.py:115} INFO - [2022-07-31 22:20:54,057] {dagbag.py:508} INFO - Filling up the DagBag from /home/renan/datapipeline/.env/lib/python3.8/site-packages/airflow/example_dags/plugins/workday.py
[2022-07-31 22:20:54,058] {processor.py:653} WARNING - No viable dags retrieved from /home/renan/datapipeline/.env/lib/python3.8/site-packages/airflow/example_dags/plugins/workday.py
[2022-07-31 22:20:54,064] {processor.py:161} INFO - Processing /home/renan/datapipeline/.env/lib/python3.8/site-packages/airflow/example_dags/plugins/workday.py took 0.009 seconds
[2022-07-31 22:21:27,727] {processor.py:153} INFO - Started process (PID=7092) to work on /home/renan/datapipeline/.env/lib/python3.8/site-packages/airflow/example_dags/plugins/workday.py
[2022-07-31 22:21:27,727] {processor.py:641} INFO - Processing file /home/renan/datapipeline/.env/lib/python3.8/site-packages/airflow/example_dags/plugins/workday.py for tasks to queue
[2022-07-31 22:21:27,727] {logging_mixin.py:115} INFO - [2022-07-31 22:21:27,727] {dagbag.py:508} INFO - Filling up the DagBag from /home/renan/datapipeline/.env/lib/python3.8/site-packages/airflow/example_dags/plugins/workday.py
[2022-07-31 22:21:27,728] {processor.py:653} WARNING - No viable dags retrieved from /home/renan/datapipeline/.env/lib/python3.8/site-packages/airflow/example_dags/plugins/workday.py
[2022-07-31 22:21:27,734] {processor.py:161} INFO - Processing /home/renan/datapipeline/.env/lib/python3.8/site-packages/airflow/example_dags/plugins/workday.py took 0.009 seconds
[2022-07-31 22:22:01,874] {processor.py:153} INFO - Started process (PID=7145) to work on /home/renan/datapipeline/.env/lib/python3.8/site-packages/airflow/example_dags/plugins/workday.py
[2022-07-31 22:22:01,875] {processor.py:641} INFO - Processing file /home/renan/datapipeline/.env/lib/python3.8/site-packages/airflow/example_dags/plugins/workday.py for tasks to queue
[2022-07-31 22:22:01,875] {logging_mixin.py:115} INFO - [2022-07-31 22:22:01,875] {dagbag.py:508} INFO - Filling up the DagBag from /home/renan/datapipeline/.env/lib/python3.8/site-packages/airflow/example_dags/plugins/workday.py
[2022-07-31 22:22:01,876] {processor.py:653} WARNING - No viable dags retrieved from /home/renan/datapipeline/.env/lib/python3.8/site-packages/airflow/example_dags/plugins/workday.py
[2022-07-31 22:22:01,882] {processor.py:161} INFO - Processing /home/renan/datapipeline/.env/lib/python3.8/site-packages/airflow/example_dags/plugins/workday.py took 0.010 seconds
[2022-07-31 22:22:34,435] {processor.py:153} INFO - Started process (PID=7196) to work on /home/renan/datapipeline/.env/lib/python3.8/site-packages/airflow/example_dags/plugins/workday.py
[2022-07-31 22:22:34,435] {processor.py:641} INFO - Processing file /home/renan/datapipeline/.env/lib/python3.8/site-packages/airflow/example_dags/plugins/workday.py for tasks to queue
[2022-07-31 22:22:34,436] {logging_mixin.py:115} INFO - [2022-07-31 22:22:34,436] {dagbag.py:508} INFO - Filling up the DagBag from /home/renan/datapipeline/.env/lib/python3.8/site-packages/airflow/example_dags/plugins/workday.py
[2022-07-31 22:22:34,437] {processor.py:653} WARNING - No viable dags retrieved from /home/renan/datapipeline/.env/lib/python3.8/site-packages/airflow/example_dags/plugins/workday.py
[2022-07-31 22:22:34,443] {processor.py:161} INFO - Processing /home/renan/datapipeline/.env/lib/python3.8/site-packages/airflow/example_dags/plugins/workday.py took 0.010 seconds
[2022-07-31 22:23:08,262] {processor.py:153} INFO - Started process (PID=7236) to work on /home/renan/datapipeline/.env/lib/python3.8/site-packages/airflow/example_dags/plugins/workday.py
[2022-07-31 22:23:08,263] {processor.py:641} INFO - Processing file /home/renan/datapipeline/.env/lib/python3.8/site-packages/airflow/example_dags/plugins/workday.py for tasks to queue
[2022-07-31 22:23:08,263] {logging_mixin.py:115} INFO - [2022-07-31 22:23:08,263] {dagbag.py:508} INFO - Filling up the DagBag from /home/renan/datapipeline/.env/lib/python3.8/site-packages/airflow/example_dags/plugins/workday.py
[2022-07-31 22:23:08,264] {processor.py:653} WARNING - No viable dags retrieved from /home/renan/datapipeline/.env/lib/python3.8/site-packages/airflow/example_dags/plugins/workday.py
[2022-07-31 22:23:08,270] {processor.py:161} INFO - Processing /home/renan/datapipeline/.env/lib/python3.8/site-packages/airflow/example_dags/plugins/workday.py took 0.010 seconds
[2022-07-31 22:23:42,318] {processor.py:153} INFO - Started process (PID=7281) to work on /home/renan/datapipeline/.env/lib/python3.8/site-packages/airflow/example_dags/plugins/workday.py
[2022-07-31 22:23:42,319] {processor.py:641} INFO - Processing file /home/renan/datapipeline/.env/lib/python3.8/site-packages/airflow/example_dags/plugins/workday.py for tasks to queue
[2022-07-31 22:23:42,319] {logging_mixin.py:115} INFO - [2022-07-31 22:23:42,319] {dagbag.py:508} INFO - Filling up the DagBag from /home/renan/datapipeline/.env/lib/python3.8/site-packages/airflow/example_dags/plugins/workday.py
[2022-07-31 22:23:42,320] {processor.py:653} WARNING - No viable dags retrieved from /home/renan/datapipeline/.env/lib/python3.8/site-packages/airflow/example_dags/plugins/workday.py
[2022-07-31 22:23:42,327] {processor.py:161} INFO - Processing /home/renan/datapipeline/.env/lib/python3.8/site-packages/airflow/example_dags/plugins/workday.py took 0.010 seconds
[2022-07-31 22:24:16,507] {processor.py:153} INFO - Started process (PID=7396) to work on /home/renan/datapipeline/.env/lib/python3.8/site-packages/airflow/example_dags/plugins/workday.py
[2022-07-31 22:24:16,508] {processor.py:641} INFO - Processing file /home/renan/datapipeline/.env/lib/python3.8/site-packages/airflow/example_dags/plugins/workday.py for tasks to queue
[2022-07-31 22:24:16,508] {logging_mixin.py:115} INFO - [2022-07-31 22:24:16,508] {dagbag.py:508} INFO - Filling up the DagBag from /home/renan/datapipeline/.env/lib/python3.8/site-packages/airflow/example_dags/plugins/workday.py
[2022-07-31 22:24:16,509] {processor.py:653} WARNING - No viable dags retrieved from /home/renan/datapipeline/.env/lib/python3.8/site-packages/airflow/example_dags/plugins/workday.py
[2022-07-31 22:24:16,515] {processor.py:161} INFO - Processing /home/renan/datapipeline/.env/lib/python3.8/site-packages/airflow/example_dags/plugins/workday.py took 0.010 seconds
[2022-07-31 22:24:51,745] {processor.py:153} INFO - Started process (PID=7442) to work on /home/renan/datapipeline/.env/lib/python3.8/site-packages/airflow/example_dags/plugins/workday.py
[2022-07-31 22:24:51,745] {processor.py:641} INFO - Processing file /home/renan/datapipeline/.env/lib/python3.8/site-packages/airflow/example_dags/plugins/workday.py for tasks to queue
[2022-07-31 22:24:51,746] {logging_mixin.py:115} INFO - [2022-07-31 22:24:51,746] {dagbag.py:508} INFO - Filling up the DagBag from /home/renan/datapipeline/.env/lib/python3.8/site-packages/airflow/example_dags/plugins/workday.py
[2022-07-31 22:24:51,747] {processor.py:653} WARNING - No viable dags retrieved from /home/renan/datapipeline/.env/lib/python3.8/site-packages/airflow/example_dags/plugins/workday.py
[2022-07-31 22:24:51,753] {processor.py:161} INFO - Processing /home/renan/datapipeline/.env/lib/python3.8/site-packages/airflow/example_dags/plugins/workday.py took 0.010 seconds
[2022-07-31 22:25:23,562] {processor.py:153} INFO - Started process (PID=7525) to work on /home/renan/datapipeline/.env/lib/python3.8/site-packages/airflow/example_dags/plugins/workday.py
[2022-07-31 22:25:23,563] {processor.py:641} INFO - Processing file /home/renan/datapipeline/.env/lib/python3.8/site-packages/airflow/example_dags/plugins/workday.py for tasks to queue
[2022-07-31 22:25:23,563] {logging_mixin.py:115} INFO - [2022-07-31 22:25:23,563] {dagbag.py:508} INFO - Filling up the DagBag from /home/renan/datapipeline/.env/lib/python3.8/site-packages/airflow/example_dags/plugins/workday.py
[2022-07-31 22:25:23,565] {processor.py:653} WARNING - No viable dags retrieved from /home/renan/datapipeline/.env/lib/python3.8/site-packages/airflow/example_dags/plugins/workday.py
[2022-07-31 22:25:23,572] {processor.py:161} INFO - Processing /home/renan/datapipeline/.env/lib/python3.8/site-packages/airflow/example_dags/plugins/workday.py took 0.012 seconds
[2022-07-31 22:25:56,899] {processor.py:153} INFO - Started process (PID=7564) to work on /home/renan/datapipeline/.env/lib/python3.8/site-packages/airflow/example_dags/plugins/workday.py
[2022-07-31 22:25:56,900] {processor.py:641} INFO - Processing file /home/renan/datapipeline/.env/lib/python3.8/site-packages/airflow/example_dags/plugins/workday.py for tasks to queue
[2022-07-31 22:25:56,900] {logging_mixin.py:115} INFO - [2022-07-31 22:25:56,900] {dagbag.py:508} INFO - Filling up the DagBag from /home/renan/datapipeline/.env/lib/python3.8/site-packages/airflow/example_dags/plugins/workday.py
[2022-07-31 22:25:56,901] {processor.py:653} WARNING - No viable dags retrieved from /home/renan/datapipeline/.env/lib/python3.8/site-packages/airflow/example_dags/plugins/workday.py
[2022-07-31 22:25:56,908] {processor.py:161} INFO - Processing /home/renan/datapipeline/.env/lib/python3.8/site-packages/airflow/example_dags/plugins/workday.py took 0.010 seconds
