[2022-08-09 23:58:43,647] {taskinstance.py:1179} INFO - Dependencies all met for <TaskInstance: twitter_dag.transform_twitter_aluraonline scheduled__2022-08-08T12:00:00+00:00 [queued]>
[2022-08-09 23:58:43,660] {taskinstance.py:1179} INFO - Dependencies all met for <TaskInstance: twitter_dag.transform_twitter_aluraonline scheduled__2022-08-08T12:00:00+00:00 [queued]>
[2022-08-09 23:58:43,660] {taskinstance.py:1376} INFO - 
--------------------------------------------------------------------------------
[2022-08-09 23:58:43,660] {taskinstance.py:1377} INFO - Starting attempt 1 of 1
[2022-08-09 23:58:43,660] {taskinstance.py:1378} INFO - 
--------------------------------------------------------------------------------
[2022-08-09 23:58:43,673] {taskinstance.py:1397} INFO - Executing <Task(SparkSubmitOperator): transform_twitter_aluraonline> on 2022-08-08 12:00:00+00:00
[2022-08-09 23:58:43,675] {standard_task_runner.py:52} INFO - Started process 12539 to run task
[2022-08-09 23:58:43,677] {standard_task_runner.py:79} INFO - Running: ['airflow', 'tasks', 'run', 'twitter_dag', 'transform_twitter_aluraonline', 'scheduled__2022-08-08T12:00:00+00:00', '--job-id', '29', '--raw', '--subdir', 'DAGS_FOLDER/twitter_dag.py', '--cfg-path', '/tmp/tmpd5vxajag', '--error-file', '/tmp/tmp4zmn01dk']
[2022-08-09 23:58:43,678] {standard_task_runner.py:80} INFO - Job 29: Subtask transform_twitter_aluraonline
[2022-08-09 23:58:43,711] {task_command.py:371} INFO - Running <TaskInstance: twitter_dag.transform_twitter_aluraonline scheduled__2022-08-08T12:00:00+00:00 [running]> on host renan-VirtualBox
[2022-08-09 23:58:43,746] {taskinstance.py:1589} INFO - Exporting the following env vars:
AIRFLOW_CTX_DAG_OWNER=airflow
AIRFLOW_CTX_DAG_ID=twitter_dag
AIRFLOW_CTX_TASK_ID=transform_twitter_aluraonline
AIRFLOW_CTX_EXECUTION_DATE=2022-08-08T12:00:00+00:00
AIRFLOW_CTX_TRY_NUMBER=1
AIRFLOW_CTX_DAG_RUN_ID=scheduled__2022-08-08T12:00:00+00:00
[2022-08-09 23:58:43,751] {base.py:68} INFO - Using connection ID 'spark_default' for task execution.
[2022-08-09 23:58:43,752] {spark_submit.py:334} INFO - Spark-Submit cmd: /home/renan/spark-3.3.0-bin-hadoop3/bin/spark-submit --master local --name twitter_transformation /home/renan/datapipeline/spark/transformation.py --src /home/renan/datapipeline/datalake/bronze/twitter_aluraonline/extract_date=2022-08-08 --dest /home/renan/datapipeline/datalake/silver/twitter_aluraonline/ --process-date 2022-08-08
[2022-08-09 23:58:44,991] {spark_submit.py:485} INFO - 22/08/09 23:58:44 WARN Utils: Your hostname, renan-VirtualBox resolves to a loopback address: 127.0.1.1; using 10.0.2.15 instead (on interface enp0s3)
[2022-08-09 23:58:44,993] {spark_submit.py:485} INFO - 22/08/09 23:58:44 WARN Utils: Set SPARK_LOCAL_IP if you need to bind to another address
[2022-08-09 23:58:45,677] {spark_submit.py:485} INFO - 22/08/09 23:58:45 INFO SparkContext: Running Spark version 3.3.0
[2022-08-09 23:58:45,722] {spark_submit.py:485} INFO - 22/08/09 23:58:45 WARN NativeCodeLoader: Unable to load native-hadoop library for your platform... using builtin-java classes where applicable
[2022-08-09 23:58:45,781] {spark_submit.py:485} INFO - 22/08/09 23:58:45 INFO ResourceUtils: ==============================================================
[2022-08-09 23:58:45,781] {spark_submit.py:485} INFO - 22/08/09 23:58:45 INFO ResourceUtils: No custom resources configured for spark.driver.
[2022-08-09 23:58:45,782] {spark_submit.py:485} INFO - 22/08/09 23:58:45 INFO ResourceUtils: ==============================================================
[2022-08-09 23:58:45,782] {spark_submit.py:485} INFO - 22/08/09 23:58:45 INFO SparkContext: Submitted application: twitter_transformation
[2022-08-09 23:58:45,798] {spark_submit.py:485} INFO - 22/08/09 23:58:45 INFO ResourceProfile: Default ResourceProfile created, executor resources: Map(cores -> name: cores, amount: 1, script: , vendor: , memory -> name: memory, amount: 1024, script: , vendor: , offHeap -> name: offHeap, amount: 0, script: , vendor: ), task resources: Map(cpus -> name: cpus, amount: 1.0)
[2022-08-09 23:58:45,807] {spark_submit.py:485} INFO - 22/08/09 23:58:45 INFO ResourceProfile: Limiting resource is cpu
[2022-08-09 23:58:45,807] {spark_submit.py:485} INFO - 22/08/09 23:58:45 INFO ResourceProfileManager: Added ResourceProfile id: 0
[2022-08-09 23:58:45,843] {spark_submit.py:485} INFO - 22/08/09 23:58:45 INFO SecurityManager: Changing view acls to: renan
[2022-08-09 23:58:45,844] {spark_submit.py:485} INFO - 22/08/09 23:58:45 INFO SecurityManager: Changing modify acls to: renan
[2022-08-09 23:58:45,844] {spark_submit.py:485} INFO - 22/08/09 23:58:45 INFO SecurityManager: Changing view acls groups to:
[2022-08-09 23:58:45,844] {spark_submit.py:485} INFO - 22/08/09 23:58:45 INFO SecurityManager: Changing modify acls groups to:
[2022-08-09 23:58:45,845] {spark_submit.py:485} INFO - 22/08/09 23:58:45 INFO SecurityManager: SecurityManager: authentication disabled; ui acls disabled; users  with view permissions: Set(renan); groups with view permissions: Set(); users  with modify permissions: Set(renan); groups with modify permissions: Set()
[2022-08-09 23:58:46,007] {spark_submit.py:485} INFO - 22/08/09 23:58:46 INFO Utils: Successfully started service 'sparkDriver' on port 41045.
[2022-08-09 23:58:46,031] {spark_submit.py:485} INFO - 22/08/09 23:58:46 INFO SparkEnv: Registering MapOutputTracker
[2022-08-09 23:58:46,055] {spark_submit.py:485} INFO - 22/08/09 23:58:46 INFO SparkEnv: Registering BlockManagerMaster
[2022-08-09 23:58:46,072] {spark_submit.py:485} INFO - 22/08/09 23:58:46 INFO BlockManagerMasterEndpoint: Using org.apache.spark.storage.DefaultTopologyMapper for getting topology information
[2022-08-09 23:58:46,072] {spark_submit.py:485} INFO - 22/08/09 23:58:46 INFO BlockManagerMasterEndpoint: BlockManagerMasterEndpoint up
[2022-08-09 23:58:46,076] {spark_submit.py:485} INFO - 22/08/09 23:58:46 INFO SparkEnv: Registering BlockManagerMasterHeartbeat
[2022-08-09 23:58:46,095] {spark_submit.py:485} INFO - 22/08/09 23:58:46 INFO DiskBlockManager: Created local directory at /tmp/blockmgr-5cb2db98-83eb-4105-9235-9f9a463dc259
[2022-08-09 23:58:46,151] {spark_submit.py:485} INFO - 22/08/09 23:58:46 INFO MemoryStore: MemoryStore started with capacity 366.3 MiB
[2022-08-09 23:58:46,163] {spark_submit.py:485} INFO - 22/08/09 23:58:46 INFO SparkEnv: Registering OutputCommitCoordinator
[2022-08-09 23:58:46,313] {spark_submit.py:485} INFO - 22/08/09 23:58:46 INFO Utils: Successfully started service 'SparkUI' on port 4040.
[2022-08-09 23:58:46,386] {spark_submit.py:485} INFO - 22/08/09 23:58:46 INFO Executor: Starting executor ID driver on host 10.0.2.15
[2022-08-09 23:58:46,391] {spark_submit.py:485} INFO - 22/08/09 23:58:46 INFO Executor: Starting executor with user classpath (userClassPathFirst = false): ''
[2022-08-09 23:58:46,405] {spark_submit.py:485} INFO - 22/08/09 23:58:46 INFO Utils: Successfully started service 'org.apache.spark.network.netty.NettyBlockTransferService' on port 40443.
[2022-08-09 23:58:46,405] {spark_submit.py:485} INFO - 22/08/09 23:58:46 INFO NettyBlockTransferService: Server created on 10.0.2.15:40443
[2022-08-09 23:58:46,406] {spark_submit.py:485} INFO - 22/08/09 23:58:46 INFO BlockManager: Using org.apache.spark.storage.RandomBlockReplicationPolicy for block replication policy
[2022-08-09 23:58:46,412] {spark_submit.py:485} INFO - 22/08/09 23:58:46 INFO BlockManagerMaster: Registering BlockManager BlockManagerId(driver, 10.0.2.15, 40443, None)
[2022-08-09 23:58:46,416] {spark_submit.py:485} INFO - 22/08/09 23:58:46 INFO BlockManagerMasterEndpoint: Registering block manager 10.0.2.15:40443 with 366.3 MiB RAM, BlockManagerId(driver, 10.0.2.15, 40443, None)
[2022-08-09 23:58:46,416] {spark_submit.py:485} INFO - 22/08/09 23:58:46 INFO BlockManagerMaster: Registered BlockManager BlockManagerId(driver, 10.0.2.15, 40443, None)
[2022-08-09 23:58:46,417] {spark_submit.py:485} INFO - 22/08/09 23:58:46 INFO BlockManager: Initialized BlockManager: BlockManagerId(driver, 10.0.2.15, 40443, None)
[2022-08-09 23:58:46,752] {spark_submit.py:485} INFO - 22/08/09 23:58:46 INFO SharedState: Setting hive.metastore.warehouse.dir ('null') to the value of spark.sql.warehouse.dir.
[2022-08-09 23:58:46,757] {spark_submit.py:485} INFO - 22/08/09 23:58:46 INFO SharedState: Warehouse path is 'file:/home/renan/datapipeline/spark-warehouse'.
[2022-08-09 23:58:47,412] {spark_submit.py:485} INFO - 22/08/09 23:58:47 INFO InMemoryFileIndex: It took 35 ms to list leaf files for 1 paths.
[2022-08-09 23:58:47,484] {spark_submit.py:485} INFO - 22/08/09 23:58:47 INFO InMemoryFileIndex: It took 1 ms to list leaf files for 1 paths.
[2022-08-09 23:58:49,378] {spark_submit.py:485} INFO - 22/08/09 23:58:49 INFO FileSourceStrategy: Pushed Filters:
[2022-08-09 23:58:49,379] {spark_submit.py:485} INFO - 22/08/09 23:58:49 INFO FileSourceStrategy: Post-Scan Filters:
[2022-08-09 23:58:49,381] {spark_submit.py:485} INFO - 22/08/09 23:58:49 INFO FileSourceStrategy: Output Data Schema: struct<value: string>
[2022-08-09 23:58:49,622] {spark_submit.py:485} INFO - 22/08/09 23:58:49 INFO MemoryStore: Block broadcast_0 stored as values in memory (estimated size 349.5 KiB, free 366.0 MiB)
[2022-08-09 23:58:49,662] {spark_submit.py:485} INFO - 22/08/09 23:58:49 INFO MemoryStore: Block broadcast_0_piece0 stored as bytes in memory (estimated size 33.9 KiB, free 365.9 MiB)
[2022-08-09 23:58:49,664] {spark_submit.py:485} INFO - 22/08/09 23:58:49 INFO BlockManagerInfo: Added broadcast_0_piece0 in memory on 10.0.2.15:40443 (size: 33.9 KiB, free: 366.3 MiB)
[2022-08-09 23:58:49,670] {spark_submit.py:485} INFO - 22/08/09 23:58:49 INFO SparkContext: Created broadcast 0 from json at NativeMethodAccessorImpl.java:0
[2022-08-09 23:58:49,679] {spark_submit.py:485} INFO - 22/08/09 23:58:49 INFO FileSourceScanExec: Planning scan with bin packing, max size: 4209338 bytes, open cost is considered as scanning 4194304 bytes.
[2022-08-09 23:58:49,907] {spark_submit.py:485} INFO - 22/08/09 23:58:49 INFO SparkContext: Starting job: json at NativeMethodAccessorImpl.java:0
[2022-08-09 23:58:49,921] {spark_submit.py:485} INFO - 22/08/09 23:58:49 INFO DAGScheduler: Got job 0 (json at NativeMethodAccessorImpl.java:0) with 1 output partitions
[2022-08-09 23:58:49,921] {spark_submit.py:485} INFO - 22/08/09 23:58:49 INFO DAGScheduler: Final stage: ResultStage 0 (json at NativeMethodAccessorImpl.java:0)
[2022-08-09 23:58:49,922] {spark_submit.py:485} INFO - 22/08/09 23:58:49 INFO DAGScheduler: Parents of final stage: List()
[2022-08-09 23:58:49,923] {spark_submit.py:485} INFO - 22/08/09 23:58:49 INFO DAGScheduler: Missing parents: List()
[2022-08-09 23:58:49,927] {spark_submit.py:485} INFO - 22/08/09 23:58:49 INFO DAGScheduler: Submitting ResultStage 0 (MapPartitionsRDD[3] at json at NativeMethodAccessorImpl.java:0), which has no missing parents
[2022-08-09 23:58:49,991] {spark_submit.py:485} INFO - 22/08/09 23:58:49 INFO MemoryStore: Block broadcast_1 stored as values in memory (estimated size 14.5 KiB, free 365.9 MiB)
[2022-08-09 23:58:49,994] {spark_submit.py:485} INFO - 22/08/09 23:58:49 INFO MemoryStore: Block broadcast_1_piece0 stored as bytes in memory (estimated size 7.0 KiB, free 365.9 MiB)
[2022-08-09 23:58:49,995] {spark_submit.py:485} INFO - 22/08/09 23:58:49 INFO BlockManagerInfo: Added broadcast_1_piece0 in memory on 10.0.2.15:40443 (size: 7.0 KiB, free: 366.3 MiB)
[2022-08-09 23:58:49,996] {spark_submit.py:485} INFO - 22/08/09 23:58:49 INFO SparkContext: Created broadcast 1 from broadcast at DAGScheduler.scala:1513
[2022-08-09 23:58:50,006] {spark_submit.py:485} INFO - 22/08/09 23:58:50 INFO DAGScheduler: Submitting 1 missing tasks from ResultStage 0 (MapPartitionsRDD[3] at json at NativeMethodAccessorImpl.java:0) (first 15 tasks are for partitions Vector(0))
[2022-08-09 23:58:50,006] {spark_submit.py:485} INFO - 22/08/09 23:58:50 INFO TaskSchedulerImpl: Adding task set 0.0 with 1 tasks resource profile 0
[2022-08-09 23:58:50,043] {spark_submit.py:485} INFO - 22/08/09 23:58:50 INFO TaskSetManager: Starting task 0.0 in stage 0.0 (TID 0) (10.0.2.15, executor driver, partition 0, PROCESS_LOCAL, 4988 bytes) taskResourceAssignments Map()
[2022-08-09 23:58:50,059] {spark_submit.py:485} INFO - 22/08/09 23:58:50 INFO Executor: Running task 0.0 in stage 0.0 (TID 0)
[2022-08-09 23:58:50,254] {spark_submit.py:485} INFO - 22/08/09 23:58:50 INFO FileScanRDD: Reading File path: file:///home/renan/datapipeline/datalake/bronze/twitter_aluraonline/extract_date=2022-08-08/AluraOnline_20220808.json, range: 0-15034, partition values: [empty row]
[2022-08-09 23:58:50,426] {spark_submit.py:485} INFO - 22/08/09 23:58:50 INFO CodeGenerator: Code generated in 145.886151 ms
[2022-08-09 23:58:50,481] {spark_submit.py:485} INFO - 22/08/09 23:58:50 INFO Executor: Finished task 0.0 in stage 0.0 (TID 0). 2823 bytes result sent to driver
[2022-08-09 23:58:50,493] {spark_submit.py:485} INFO - 22/08/09 23:58:50 INFO TaskSetManager: Finished task 0.0 in stage 0.0 (TID 0) in 458 ms on 10.0.2.15 (executor driver) (1/1)
[2022-08-09 23:58:50,498] {spark_submit.py:485} INFO - 22/08/09 23:58:50 INFO TaskSchedulerImpl: Removed TaskSet 0.0, whose tasks have all completed, from pool
[2022-08-09 23:58:50,504] {spark_submit.py:485} INFO - 22/08/09 23:58:50 INFO DAGScheduler: ResultStage 0 (json at NativeMethodAccessorImpl.java:0) finished in 0,561 s
[2022-08-09 23:58:50,506] {spark_submit.py:485} INFO - 22/08/09 23:58:50 INFO DAGScheduler: Job 0 is finished. Cancelling potential speculative or zombie tasks for this job
[2022-08-09 23:58:50,507] {spark_submit.py:485} INFO - 22/08/09 23:58:50 INFO TaskSchedulerImpl: Killing all running tasks in stage 0: Stage finished
[2022-08-09 23:58:50,508] {spark_submit.py:485} INFO - 22/08/09 23:58:50 INFO DAGScheduler: Job 0 finished: json at NativeMethodAccessorImpl.java:0, took 0,600838 s
[2022-08-09 23:58:51,118] {spark_submit.py:485} INFO - 22/08/09 23:58:51 INFO FileSourceStrategy: Pushed Filters: IsNotNull(data)
[2022-08-09 23:58:51,121] {spark_submit.py:485} INFO - 22/08/09 23:58:51 INFO FileSourceStrategy: Post-Scan Filters: (size(data#8, true) > 0),isnotnull(data#8)
[2022-08-09 23:58:51,121] {spark_submit.py:485} INFO - 22/08/09 23:58:51 INFO FileSourceStrategy: Output Data Schema: struct<data: array<struct<author_id:string,conversation_id:string,created_at:string,id:string,in_reply_to_user_id:string,public_metrics:struct<like_count:bigint,quote_count:bigint,reply_count:bigint,retweet_count:bigint>,text:string>>>
[2022-08-09 23:58:51,218] {spark_submit.py:485} INFO - 22/08/09 23:58:51 INFO FileOutputCommitter: File Output Committer Algorithm version is 1
[2022-08-09 23:58:51,218] {spark_submit.py:485} INFO - 22/08/09 23:58:51 INFO FileOutputCommitter: FileOutputCommitter skip cleanup _temporary folders under output directory:false, ignore cleanup failures: false
[2022-08-09 23:58:51,220] {spark_submit.py:485} INFO - 22/08/09 23:58:51 INFO SQLHadoopMapReduceCommitProtocol: Using output committer class org.apache.hadoop.mapreduce.lib.output.FileOutputCommitter
[2022-08-09 23:58:51,495] {spark_submit.py:485} INFO - 22/08/09 23:58:51 INFO CodeGenerator: Code generated in 144.719055 ms
[2022-08-09 23:58:51,507] {spark_submit.py:485} INFO - 22/08/09 23:58:51 INFO MemoryStore: Block broadcast_2 stored as values in memory (estimated size 349.4 KiB, free 365.6 MiB)
[2022-08-09 23:58:51,517] {spark_submit.py:485} INFO - 22/08/09 23:58:51 INFO MemoryStore: Block broadcast_2_piece0 stored as bytes in memory (estimated size 33.8 KiB, free 365.5 MiB)
[2022-08-09 23:58:51,520] {spark_submit.py:485} INFO - 22/08/09 23:58:51 INFO BlockManagerInfo: Added broadcast_2_piece0 in memory on 10.0.2.15:40443 (size: 33.8 KiB, free: 366.2 MiB)
[2022-08-09 23:58:51,521] {spark_submit.py:485} INFO - 22/08/09 23:58:51 INFO SparkContext: Created broadcast 2 from json at NativeMethodAccessorImpl.java:0
[2022-08-09 23:58:51,525] {spark_submit.py:485} INFO - 22/08/09 23:58:51 INFO FileSourceScanExec: Planning scan with bin packing, max size: 4209338 bytes, open cost is considered as scanning 4194304 bytes.
[2022-08-09 23:58:51,580] {spark_submit.py:485} INFO - 22/08/09 23:58:51 INFO SparkContext: Starting job: json at NativeMethodAccessorImpl.java:0
[2022-08-09 23:58:51,581] {spark_submit.py:485} INFO - 22/08/09 23:58:51 INFO DAGScheduler: Got job 1 (json at NativeMethodAccessorImpl.java:0) with 1 output partitions
[2022-08-09 23:58:51,582] {spark_submit.py:485} INFO - 22/08/09 23:58:51 INFO DAGScheduler: Final stage: ResultStage 1 (json at NativeMethodAccessorImpl.java:0)
[2022-08-09 23:58:51,582] {spark_submit.py:485} INFO - 22/08/09 23:58:51 INFO DAGScheduler: Parents of final stage: List()
[2022-08-09 23:58:51,582] {spark_submit.py:485} INFO - 22/08/09 23:58:51 INFO DAGScheduler: Missing parents: List()
[2022-08-09 23:58:51,585] {spark_submit.py:485} INFO - 22/08/09 23:58:51 INFO DAGScheduler: Submitting ResultStage 1 (CoalescedRDD[7] at json at NativeMethodAccessorImpl.java:0), which has no missing parents
[2022-08-09 23:58:51,616] {spark_submit.py:485} INFO - 22/08/09 23:58:51 INFO MemoryStore: Block broadcast_3 stored as values in memory (estimated size 229.2 KiB, free 365.3 MiB)
[2022-08-09 23:58:51,622] {spark_submit.py:485} INFO - 22/08/09 23:58:51 INFO MemoryStore: Block broadcast_3_piece0 stored as bytes in memory (estimated size 79.5 KiB, free 365.2 MiB)
[2022-08-09 23:58:51,623] {spark_submit.py:485} INFO - 22/08/09 23:58:51 INFO BlockManagerInfo: Added broadcast_3_piece0 in memory on 10.0.2.15:40443 (size: 79.5 KiB, free: 366.1 MiB)
[2022-08-09 23:58:51,623] {spark_submit.py:485} INFO - 22/08/09 23:58:51 INFO SparkContext: Created broadcast 3 from broadcast at DAGScheduler.scala:1513
[2022-08-09 23:58:51,624] {spark_submit.py:485} INFO - 22/08/09 23:58:51 INFO DAGScheduler: Submitting 1 missing tasks from ResultStage 1 (CoalescedRDD[7] at json at NativeMethodAccessorImpl.java:0) (first 15 tasks are for partitions Vector(0))
[2022-08-09 23:58:51,624] {spark_submit.py:485} INFO - 22/08/09 23:58:51 INFO TaskSchedulerImpl: Adding task set 1.0 with 1 tasks resource profile 0
[2022-08-09 23:58:51,628] {spark_submit.py:485} INFO - 22/08/09 23:58:51 INFO TaskSetManager: Starting task 0.0 in stage 1.0 (TID 1) (10.0.2.15, executor driver, partition 0, PROCESS_LOCAL, 5217 bytes) taskResourceAssignments Map()
[2022-08-09 23:58:51,631] {spark_submit.py:485} INFO - 22/08/09 23:58:51 INFO Executor: Running task 0.0 in stage 1.0 (TID 1)
[2022-08-09 23:58:51,685] {spark_submit.py:485} INFO - 22/08/09 23:58:51 INFO FileOutputCommitter: File Output Committer Algorithm version is 1
[2022-08-09 23:58:51,685] {spark_submit.py:485} INFO - 22/08/09 23:58:51 INFO FileOutputCommitter: FileOutputCommitter skip cleanup _temporary folders under output directory:false, ignore cleanup failures: false
[2022-08-09 23:58:51,685] {spark_submit.py:485} INFO - 22/08/09 23:58:51 INFO SQLHadoopMapReduceCommitProtocol: Using output committer class org.apache.hadoop.mapreduce.lib.output.FileOutputCommitter
[2022-08-09 23:58:51,733] {spark_submit.py:485} INFO - 22/08/09 23:58:51 INFO FileScanRDD: Reading File path: file:///home/renan/datapipeline/datalake/bronze/twitter_aluraonline/extract_date=2022-08-08/AluraOnline_20220808.json, range: 0-15034, partition values: [empty row]
[2022-08-09 23:58:51,752] {spark_submit.py:485} INFO - 22/08/09 23:58:51 INFO CodeGenerator: Code generated in 15.847722 ms
[2022-08-09 23:58:51,774] {spark_submit.py:485} INFO - 22/08/09 23:58:51 INFO CodeGenerator: Code generated in 6.091491 ms
[2022-08-09 23:58:51,810] {spark_submit.py:485} INFO - 22/08/09 23:58:51 INFO FileOutputCommitter: Saved output of task 'attempt_202208092358511841630709502306014_0001_m_000000_1' to file:/home/renan/datapipeline/datalake/silver/twitter_aluraonline/tweet/process_date=2022-08-08/_temporary/0/task_202208092358511841630709502306014_0001_m_000000
[2022-08-09 23:58:51,811] {spark_submit.py:485} INFO - 22/08/09 23:58:51 INFO SparkHadoopMapRedUtil: attempt_202208092358511841630709502306014_0001_m_000000_1: Committed. Elapsed time: 0 ms.
[2022-08-09 23:58:51,816] {spark_submit.py:485} INFO - 22/08/09 23:58:51 INFO Executor: Finished task 0.0 in stage 1.0 (TID 1). 2678 bytes result sent to driver
[2022-08-09 23:58:51,819] {spark_submit.py:485} INFO - 22/08/09 23:58:51 INFO TaskSetManager: Finished task 0.0 in stage 1.0 (TID 1) in 193 ms on 10.0.2.15 (executor driver) (1/1)
[2022-08-09 23:58:51,819] {spark_submit.py:485} INFO - 22/08/09 23:58:51 INFO TaskSchedulerImpl: Removed TaskSet 1.0, whose tasks have all completed, from pool
[2022-08-09 23:58:51,820] {spark_submit.py:485} INFO - 22/08/09 23:58:51 INFO DAGScheduler: ResultStage 1 (json at NativeMethodAccessorImpl.java:0) finished in 0,232 s
[2022-08-09 23:58:51,820] {spark_submit.py:485} INFO - 22/08/09 23:58:51 INFO DAGScheduler: Job 1 is finished. Cancelling potential speculative or zombie tasks for this job
[2022-08-09 23:58:51,820] {spark_submit.py:485} INFO - 22/08/09 23:58:51 INFO TaskSchedulerImpl: Killing all running tasks in stage 1: Stage finished
[2022-08-09 23:58:51,821] {spark_submit.py:485} INFO - 22/08/09 23:58:51 INFO DAGScheduler: Job 1 finished: json at NativeMethodAccessorImpl.java:0, took 0,240373 s
[2022-08-09 23:58:51,823] {spark_submit.py:485} INFO - 22/08/09 23:58:51 INFO FileFormatWriter: Start to commit write Job 9f8034b0-c99b-452e-a6e1-977f283d61b2.
[2022-08-09 23:58:51,837] {spark_submit.py:485} INFO - 22/08/09 23:58:51 INFO FileFormatWriter: Write Job 9f8034b0-c99b-452e-a6e1-977f283d61b2 committed. Elapsed time: 14 ms.
[2022-08-09 23:58:51,840] {spark_submit.py:485} INFO - 22/08/09 23:58:51 INFO FileFormatWriter: Finished processing stats for write job 9f8034b0-c99b-452e-a6e1-977f283d61b2.
[2022-08-09 23:58:51,871] {spark_submit.py:485} INFO - 22/08/09 23:58:51 INFO FileSourceStrategy: Pushed Filters:
[2022-08-09 23:58:51,871] {spark_submit.py:485} INFO - 22/08/09 23:58:51 INFO FileSourceStrategy: Post-Scan Filters:
[2022-08-09 23:58:51,871] {spark_submit.py:485} INFO - 22/08/09 23:58:51 INFO FileSourceStrategy: Output Data Schema: struct<includes: struct<users: array<struct<created_at:string,id:string,name:string,username:string>>>>
[2022-08-09 23:58:51,893] {spark_submit.py:485} INFO - 22/08/09 23:58:51 INFO FileOutputCommitter: File Output Committer Algorithm version is 1
[2022-08-09 23:58:51,893] {spark_submit.py:485} INFO - 22/08/09 23:58:51 INFO FileOutputCommitter: FileOutputCommitter skip cleanup _temporary folders under output directory:false, ignore cleanup failures: false
[2022-08-09 23:58:51,893] {spark_submit.py:485} INFO - 22/08/09 23:58:51 INFO SQLHadoopMapReduceCommitProtocol: Using output committer class org.apache.hadoop.mapreduce.lib.output.FileOutputCommitter
[2022-08-09 23:58:51,923] {spark_submit.py:485} INFO - 22/08/09 23:58:51 INFO BlockManagerInfo: Removed broadcast_1_piece0 on 10.0.2.15:40443 in memory (size: 7.0 KiB, free: 366.2 MiB)
[2022-08-09 23:58:51,929] {spark_submit.py:485} INFO - 22/08/09 23:58:51 INFO BlockManagerInfo: Removed broadcast_2_piece0 on 10.0.2.15:40443 in memory (size: 33.8 KiB, free: 366.2 MiB)
[2022-08-09 23:58:51,944] {spark_submit.py:485} INFO - 22/08/09 23:58:51 INFO CodeGenerator: Code generated in 12.054058 ms
[2022-08-09 23:58:51,949] {spark_submit.py:485} INFO - 22/08/09 23:58:51 INFO MemoryStore: Block broadcast_4 stored as values in memory (estimated size 349.4 KiB, free 365.3 MiB)
[2022-08-09 23:58:51,953] {spark_submit.py:485} INFO - 22/08/09 23:58:51 INFO BlockManagerInfo: Removed broadcast_3_piece0 on 10.0.2.15:40443 in memory (size: 79.5 KiB, free: 366.3 MiB)
[2022-08-09 23:58:51,955] {spark_submit.py:485} INFO - 22/08/09 23:58:51 INFO MemoryStore: Block broadcast_4_piece0 stored as bytes in memory (estimated size 33.8 KiB, free 365.6 MiB)
[2022-08-09 23:58:51,956] {spark_submit.py:485} INFO - 22/08/09 23:58:51 INFO BlockManagerInfo: Added broadcast_4_piece0 in memory on 10.0.2.15:40443 (size: 33.8 KiB, free: 366.2 MiB)
[2022-08-09 23:58:51,956] {spark_submit.py:485} INFO - 22/08/09 23:58:51 INFO SparkContext: Created broadcast 4 from json at NativeMethodAccessorImpl.java:0
[2022-08-09 23:58:51,957] {spark_submit.py:485} INFO - 22/08/09 23:58:51 INFO FileSourceScanExec: Planning scan with bin packing, max size: 4209338 bytes, open cost is considered as scanning 4194304 bytes.
[2022-08-09 23:58:51,970] {spark_submit.py:485} INFO - 22/08/09 23:58:51 INFO SparkContext: Starting job: json at NativeMethodAccessorImpl.java:0
[2022-08-09 23:58:51,972] {spark_submit.py:485} INFO - 22/08/09 23:58:51 INFO DAGScheduler: Got job 2 (json at NativeMethodAccessorImpl.java:0) with 1 output partitions
[2022-08-09 23:58:51,972] {spark_submit.py:485} INFO - 22/08/09 23:58:51 INFO DAGScheduler: Final stage: ResultStage 2 (json at NativeMethodAccessorImpl.java:0)
[2022-08-09 23:58:51,972] {spark_submit.py:485} INFO - 22/08/09 23:58:51 INFO DAGScheduler: Parents of final stage: List()
[2022-08-09 23:58:51,972] {spark_submit.py:485} INFO - 22/08/09 23:58:51 INFO DAGScheduler: Missing parents: List()
[2022-08-09 23:58:51,973] {spark_submit.py:485} INFO - 22/08/09 23:58:51 INFO DAGScheduler: Submitting ResultStage 2 (CoalescedRDD[11] at json at NativeMethodAccessorImpl.java:0), which has no missing parents
[2022-08-09 23:58:51,986] {spark_submit.py:485} INFO - 22/08/09 23:58:51 INFO MemoryStore: Block broadcast_5 stored as values in memory (estimated size 214.5 KiB, free 365.3 MiB)
[2022-08-09 23:58:51,995] {spark_submit.py:485} INFO - 22/08/09 23:58:51 INFO MemoryStore: Block broadcast_5_piece0 stored as bytes in memory (estimated size 76.2 KiB, free 365.3 MiB)
[2022-08-09 23:58:51,995] {spark_submit.py:485} INFO - 22/08/09 23:58:51 INFO BlockManagerInfo: Added broadcast_5_piece0 in memory on 10.0.2.15:40443 (size: 76.2 KiB, free: 366.2 MiB)
[2022-08-09 23:58:51,996] {spark_submit.py:485} INFO - 22/08/09 23:58:51 INFO SparkContext: Created broadcast 5 from broadcast at DAGScheduler.scala:1513
[2022-08-09 23:58:51,997] {spark_submit.py:485} INFO - 22/08/09 23:58:51 INFO DAGScheduler: Submitting 1 missing tasks from ResultStage 2 (CoalescedRDD[11] at json at NativeMethodAccessorImpl.java:0) (first 15 tasks are for partitions Vector(0))
[2022-08-09 23:58:51,997] {spark_submit.py:485} INFO - 22/08/09 23:58:51 INFO TaskSchedulerImpl: Adding task set 2.0 with 1 tasks resource profile 0
[2022-08-09 23:58:51,998] {spark_submit.py:485} INFO - 22/08/09 23:58:51 INFO TaskSetManager: Starting task 0.0 in stage 2.0 (TID 2) (10.0.2.15, executor driver, partition 0, PROCESS_LOCAL, 5217 bytes) taskResourceAssignments Map()
[2022-08-09 23:58:51,998] {spark_submit.py:485} INFO - 22/08/09 23:58:51 INFO Executor: Running task 0.0 in stage 2.0 (TID 2)
[2022-08-09 23:58:52,010] {spark_submit.py:485} INFO - 22/08/09 23:58:52 INFO FileOutputCommitter: File Output Committer Algorithm version is 1
[2022-08-09 23:58:52,010] {spark_submit.py:485} INFO - 22/08/09 23:58:52 INFO FileOutputCommitter: FileOutputCommitter skip cleanup _temporary folders under output directory:false, ignore cleanup failures: false
[2022-08-09 23:58:52,010] {spark_submit.py:485} INFO - 22/08/09 23:58:52 INFO SQLHadoopMapReduceCommitProtocol: Using output committer class org.apache.hadoop.mapreduce.lib.output.FileOutputCommitter
[2022-08-09 23:58:52,045] {spark_submit.py:485} INFO - 22/08/09 23:58:52 INFO FileScanRDD: Reading File path: file:///home/renan/datapipeline/datalake/bronze/twitter_aluraonline/extract_date=2022-08-08/AluraOnline_20220808.json, range: 0-15034, partition values: [empty row]
[2022-08-09 23:58:52,074] {spark_submit.py:485} INFO - 22/08/09 23:58:52 INFO CodeGenerator: Code generated in 26.931032 ms
[2022-08-09 23:58:52,083] {spark_submit.py:485} INFO - 22/08/09 23:58:52 INFO FileOutputCommitter: Saved output of task 'attempt_202208092358516744336564037136054_0002_m_000000_2' to file:/home/renan/datapipeline/datalake/silver/twitter_aluraonline/user/process_date=2022-08-08/_temporary/0/task_202208092358516744336564037136054_0002_m_000000
[2022-08-09 23:58:52,083] {spark_submit.py:485} INFO - 22/08/09 23:58:52 INFO SparkHadoopMapRedUtil: attempt_202208092358516744336564037136054_0002_m_000000_2: Committed. Elapsed time: 0 ms.
[2022-08-09 23:58:52,084] {spark_submit.py:485} INFO - 22/08/09 23:58:52 INFO Executor: Finished task 0.0 in stage 2.0 (TID 2). 2579 bytes result sent to driver
[2022-08-09 23:58:52,090] {spark_submit.py:485} INFO - 22/08/09 23:58:52 INFO TaskSetManager: Finished task 0.0 in stage 2.0 (TID 2) in 91 ms on 10.0.2.15 (executor driver) (1/1)
[2022-08-09 23:58:52,090] {spark_submit.py:485} INFO - 22/08/09 23:58:52 INFO TaskSchedulerImpl: Removed TaskSet 2.0, whose tasks have all completed, from pool
[2022-08-09 23:58:52,090] {spark_submit.py:485} INFO - 22/08/09 23:58:52 INFO DAGScheduler: ResultStage 2 (json at NativeMethodAccessorImpl.java:0) finished in 0,116 s
[2022-08-09 23:58:52,090] {spark_submit.py:485} INFO - 22/08/09 23:58:52 INFO DAGScheduler: Job 2 is finished. Cancelling potential speculative or zombie tasks for this job
[2022-08-09 23:58:52,090] {spark_submit.py:485} INFO - 22/08/09 23:58:52 INFO TaskSchedulerImpl: Killing all running tasks in stage 2: Stage finished
[2022-08-09 23:58:52,090] {spark_submit.py:485} INFO - 22/08/09 23:58:52 INFO DAGScheduler: Job 2 finished: json at NativeMethodAccessorImpl.java:0, took 0,119788 s
[2022-08-09 23:58:52,091] {spark_submit.py:485} INFO - 22/08/09 23:58:52 INFO FileFormatWriter: Start to commit write Job 4c0747a4-193e-4c88-9681-75e168fe9b2d.
[2022-08-09 23:58:52,113] {spark_submit.py:485} INFO - 22/08/09 23:58:52 INFO FileFormatWriter: Write Job 4c0747a4-193e-4c88-9681-75e168fe9b2d committed. Elapsed time: 21 ms.
[2022-08-09 23:58:52,113] {spark_submit.py:485} INFO - 22/08/09 23:58:52 INFO FileFormatWriter: Finished processing stats for write job 4c0747a4-193e-4c88-9681-75e168fe9b2d.
[2022-08-09 23:58:52,150] {spark_submit.py:485} INFO - 22/08/09 23:58:52 INFO SparkContext: Invoking stop() from shutdown hook
[2022-08-09 23:58:52,159] {spark_submit.py:485} INFO - 22/08/09 23:58:52 INFO SparkUI: Stopped Spark web UI at http://10.0.2.15:4040
[2022-08-09 23:58:52,170] {spark_submit.py:485} INFO - 22/08/09 23:58:52 INFO MapOutputTrackerMasterEndpoint: MapOutputTrackerMasterEndpoint stopped!
[2022-08-09 23:58:52,180] {spark_submit.py:485} INFO - 22/08/09 23:58:52 INFO MemoryStore: MemoryStore cleared
[2022-08-09 23:58:52,180] {spark_submit.py:485} INFO - 22/08/09 23:58:52 INFO BlockManager: BlockManager stopped
[2022-08-09 23:58:52,184] {spark_submit.py:485} INFO - 22/08/09 23:58:52 INFO BlockManagerMaster: BlockManagerMaster stopped
[2022-08-09 23:58:52,188] {spark_submit.py:485} INFO - 22/08/09 23:58:52 INFO OutputCommitCoordinator$OutputCommitCoordinatorEndpoint: OutputCommitCoordinator stopped!
[2022-08-09 23:58:52,196] {spark_submit.py:485} INFO - 22/08/09 23:58:52 INFO SparkContext: Successfully stopped SparkContext
[2022-08-09 23:58:52,196] {spark_submit.py:485} INFO - 22/08/09 23:58:52 INFO ShutdownHookManager: Shutdown hook called
[2022-08-09 23:58:52,197] {spark_submit.py:485} INFO - 22/08/09 23:58:52 INFO ShutdownHookManager: Deleting directory /tmp/spark-a1cd02aa-f0ba-472f-b0c2-0d77ed5fc157
[2022-08-09 23:58:52,199] {spark_submit.py:485} INFO - 22/08/09 23:58:52 INFO ShutdownHookManager: Deleting directory /tmp/spark-aa5e17de-80ed-43b9-89a8-cf5491d9c4f4/pyspark-40ccdfa9-60ae-42e6-b5c8-72bf64f509fc
[2022-08-09 23:58:52,201] {spark_submit.py:485} INFO - 22/08/09 23:58:52 INFO ShutdownHookManager: Deleting directory /tmp/spark-aa5e17de-80ed-43b9-89a8-cf5491d9c4f4
[2022-08-09 23:58:52,255] {taskinstance.py:1415} INFO - Marking task as SUCCESS. dag_id=twitter_dag, task_id=transform_twitter_aluraonline, execution_date=20220808T120000, start_date=20220810T025843, end_date=20220810T025852
[2022-08-09 23:58:52,301] {local_task_job.py:156} INFO - Task exited with return code 0
[2022-08-09 23:58:52,311] {local_task_job.py:273} INFO - 0 downstream tasks scheduled from follow-on schedule check
