[2022-08-09 23:57:30,327] {taskinstance.py:1179} INFO - Dependencies all met for <TaskInstance: twitter_dag.transform_twitter_aluraonline scheduled__2022-08-03T12:00:00+00:00 [queued]>
[2022-08-09 23:57:30,331] {taskinstance.py:1179} INFO - Dependencies all met for <TaskInstance: twitter_dag.transform_twitter_aluraonline scheduled__2022-08-03T12:00:00+00:00 [queued]>
[2022-08-09 23:57:30,332] {taskinstance.py:1376} INFO - 
--------------------------------------------------------------------------------
[2022-08-09 23:57:30,332] {taskinstance.py:1377} INFO - Starting attempt 1 of 1
[2022-08-09 23:57:30,332] {taskinstance.py:1378} INFO - 
--------------------------------------------------------------------------------
[2022-08-09 23:57:30,341] {taskinstance.py:1397} INFO - Executing <Task(SparkSubmitOperator): transform_twitter_aluraonline> on 2022-08-03 12:00:00+00:00
[2022-08-09 23:57:30,343] {standard_task_runner.py:52} INFO - Started process 11765 to run task
[2022-08-09 23:57:30,345] {standard_task_runner.py:79} INFO - Running: ['airflow', 'tasks', 'run', 'twitter_dag', 'transform_twitter_aluraonline', 'scheduled__2022-08-03T12:00:00+00:00', '--job-id', '19', '--raw', '--subdir', 'DAGS_FOLDER/twitter_dag.py', '--cfg-path', '/tmp/tmpxdzf86cy', '--error-file', '/tmp/tmp4hhp33xk']
[2022-08-09 23:57:30,345] {standard_task_runner.py:80} INFO - Job 19: Subtask transform_twitter_aluraonline
[2022-08-09 23:57:30,422] {task_command.py:371} INFO - Running <TaskInstance: twitter_dag.transform_twitter_aluraonline scheduled__2022-08-03T12:00:00+00:00 [running]> on host renan-VirtualBox
[2022-08-09 23:57:30,464] {taskinstance.py:1589} INFO - Exporting the following env vars:
AIRFLOW_CTX_DAG_OWNER=airflow
AIRFLOW_CTX_DAG_ID=twitter_dag
AIRFLOW_CTX_TASK_ID=transform_twitter_aluraonline
AIRFLOW_CTX_EXECUTION_DATE=2022-08-03T12:00:00+00:00
AIRFLOW_CTX_TRY_NUMBER=1
AIRFLOW_CTX_DAG_RUN_ID=scheduled__2022-08-03T12:00:00+00:00
[2022-08-09 23:57:30,467] {base.py:68} INFO - Using connection ID 'spark_default' for task execution.
[2022-08-09 23:57:30,468] {spark_submit.py:334} INFO - Spark-Submit cmd: /home/renan/spark-3.3.0-bin-hadoop3/bin/spark-submit --master local --name twitter_transformation /home/renan/datapipeline/spark/transformation.py --src /home/renan/datapipeline/datalake/bronze/twitter_aluraonline/extract_date=2022-08-03 --dest /home/renan/datapipeline/datalake/silver/twitter_aluraonline/ --process-date 2022-08-03
[2022-08-09 23:57:32,550] {spark_submit.py:485} INFO - 22/08/09 23:57:32 WARN Utils: Your hostname, renan-VirtualBox resolves to a loopback address: 127.0.1.1; using 10.0.2.15 instead (on interface enp0s3)
[2022-08-09 23:57:32,553] {spark_submit.py:485} INFO - 22/08/09 23:57:32 WARN Utils: Set SPARK_LOCAL_IP if you need to bind to another address
[2022-08-09 23:57:33,574] {spark_submit.py:485} INFO - 22/08/09 23:57:33 INFO SparkContext: Running Spark version 3.3.0
[2022-08-09 23:57:33,670] {spark_submit.py:485} INFO - 22/08/09 23:57:33 WARN NativeCodeLoader: Unable to load native-hadoop library for your platform... using builtin-java classes where applicable
[2022-08-09 23:57:33,801] {spark_submit.py:485} INFO - 22/08/09 23:57:33 INFO ResourceUtils: ==============================================================
[2022-08-09 23:57:33,801] {spark_submit.py:485} INFO - 22/08/09 23:57:33 INFO ResourceUtils: No custom resources configured for spark.driver.
[2022-08-09 23:57:33,802] {spark_submit.py:485} INFO - 22/08/09 23:57:33 INFO ResourceUtils: ==============================================================
[2022-08-09 23:57:33,802] {spark_submit.py:485} INFO - 22/08/09 23:57:33 INFO SparkContext: Submitted application: twitter_transformation
[2022-08-09 23:57:33,833] {spark_submit.py:485} INFO - 22/08/09 23:57:33 INFO ResourceProfile: Default ResourceProfile created, executor resources: Map(cores -> name: cores, amount: 1, script: , vendor: , memory -> name: memory, amount: 1024, script: , vendor: , offHeap -> name: offHeap, amount: 0, script: , vendor: ), task resources: Map(cpus -> name: cpus, amount: 1.0)
[2022-08-09 23:57:33,848] {spark_submit.py:485} INFO - 22/08/09 23:57:33 INFO ResourceProfile: Limiting resource is cpu
[2022-08-09 23:57:33,853] {spark_submit.py:485} INFO - 22/08/09 23:57:33 INFO ResourceProfileManager: Added ResourceProfile id: 0
[2022-08-09 23:57:33,949] {spark_submit.py:485} INFO - 22/08/09 23:57:33 INFO SecurityManager: Changing view acls to: renan
[2022-08-09 23:57:33,949] {spark_submit.py:485} INFO - 22/08/09 23:57:33 INFO SecurityManager: Changing modify acls to: renan
[2022-08-09 23:57:33,950] {spark_submit.py:485} INFO - 22/08/09 23:57:33 INFO SecurityManager: Changing view acls groups to:
[2022-08-09 23:57:33,950] {spark_submit.py:485} INFO - 22/08/09 23:57:33 INFO SecurityManager: Changing modify acls groups to:
[2022-08-09 23:57:33,950] {spark_submit.py:485} INFO - 22/08/09 23:57:33 INFO SecurityManager: SecurityManager: authentication disabled; ui acls disabled; users  with view permissions: Set(renan); groups with view permissions: Set(); users  with modify permissions: Set(renan); groups with modify permissions: Set()
[2022-08-09 23:57:34,227] {spark_submit.py:485} INFO - 22/08/09 23:57:34 INFO Utils: Successfully started service 'sparkDriver' on port 41993.
[2022-08-09 23:57:34,269] {spark_submit.py:485} INFO - 22/08/09 23:57:34 INFO SparkEnv: Registering MapOutputTracker
[2022-08-09 23:57:34,313] {spark_submit.py:485} INFO - 22/08/09 23:57:34 INFO SparkEnv: Registering BlockManagerMaster
[2022-08-09 23:57:34,346] {spark_submit.py:485} INFO - 22/08/09 23:57:34 INFO BlockManagerMasterEndpoint: Using org.apache.spark.storage.DefaultTopologyMapper for getting topology information
[2022-08-09 23:57:34,348] {spark_submit.py:485} INFO - 22/08/09 23:57:34 INFO BlockManagerMasterEndpoint: BlockManagerMasterEndpoint up
[2022-08-09 23:57:34,358] {spark_submit.py:485} INFO - 22/08/09 23:57:34 INFO SparkEnv: Registering BlockManagerMasterHeartbeat
[2022-08-09 23:57:34,388] {spark_submit.py:485} INFO - 22/08/09 23:57:34 INFO DiskBlockManager: Created local directory at /tmp/blockmgr-9bbaf61c-9214-450c-8cb7-1479389263ac
[2022-08-09 23:57:34,508] {spark_submit.py:485} INFO - 22/08/09 23:57:34 INFO MemoryStore: MemoryStore started with capacity 366.3 MiB
[2022-08-09 23:57:34,529] {spark_submit.py:485} INFO - 22/08/09 23:57:34 INFO SparkEnv: Registering OutputCommitCoordinator
[2022-08-09 23:57:34,779] {spark_submit.py:485} INFO - 22/08/09 23:57:34 INFO Utils: Successfully started service 'SparkUI' on port 4040.
[2022-08-09 23:57:34,922] {spark_submit.py:485} INFO - 22/08/09 23:57:34 INFO Executor: Starting executor ID driver on host 10.0.2.15
[2022-08-09 23:57:34,931] {spark_submit.py:485} INFO - 22/08/09 23:57:34 INFO Executor: Starting executor with user classpath (userClassPathFirst = false): ''
[2022-08-09 23:57:34,969] {spark_submit.py:485} INFO - 22/08/09 23:57:34 INFO Utils: Successfully started service 'org.apache.spark.network.netty.NettyBlockTransferService' on port 43383.
[2022-08-09 23:57:34,969] {spark_submit.py:485} INFO - 22/08/09 23:57:34 INFO NettyBlockTransferService: Server created on 10.0.2.15:43383
[2022-08-09 23:57:34,971] {spark_submit.py:485} INFO - 22/08/09 23:57:34 INFO BlockManager: Using org.apache.spark.storage.RandomBlockReplicationPolicy for block replication policy
[2022-08-09 23:57:34,980] {spark_submit.py:485} INFO - 22/08/09 23:57:34 INFO BlockManagerMaster: Registering BlockManager BlockManagerId(driver, 10.0.2.15, 43383, None)
[2022-08-09 23:57:34,985] {spark_submit.py:485} INFO - 22/08/09 23:57:34 INFO BlockManagerMasterEndpoint: Registering block manager 10.0.2.15:43383 with 366.3 MiB RAM, BlockManagerId(driver, 10.0.2.15, 43383, None)
[2022-08-09 23:57:34,988] {spark_submit.py:485} INFO - 22/08/09 23:57:34 INFO BlockManagerMaster: Registered BlockManager BlockManagerId(driver, 10.0.2.15, 43383, None)
[2022-08-09 23:57:34,989] {spark_submit.py:485} INFO - 22/08/09 23:57:34 INFO BlockManager: Initialized BlockManager: BlockManagerId(driver, 10.0.2.15, 43383, None)
[2022-08-09 23:57:35,678] {spark_submit.py:485} INFO - 22/08/09 23:57:35 INFO SharedState: Setting hive.metastore.warehouse.dir ('null') to the value of spark.sql.warehouse.dir.
[2022-08-09 23:57:35,686] {spark_submit.py:485} INFO - 22/08/09 23:57:35 INFO SharedState: Warehouse path is 'file:/home/renan/datapipeline/spark-warehouse'.
[2022-08-09 23:57:36,806] {spark_submit.py:485} INFO - 22/08/09 23:57:36 INFO InMemoryFileIndex: It took 43 ms to list leaf files for 1 paths.
[2022-08-09 23:57:36,885] {spark_submit.py:485} INFO - 22/08/09 23:57:36 INFO InMemoryFileIndex: It took 1 ms to list leaf files for 1 paths.
[2022-08-09 23:57:39,224] {spark_submit.py:485} INFO - 22/08/09 23:57:39 INFO FileSourceStrategy: Pushed Filters:
[2022-08-09 23:57:39,225] {spark_submit.py:485} INFO - 22/08/09 23:57:39 INFO FileSourceStrategy: Post-Scan Filters:
[2022-08-09 23:57:39,228] {spark_submit.py:485} INFO - 22/08/09 23:57:39 INFO FileSourceStrategy: Output Data Schema: struct<value: string>
[2022-08-09 23:57:39,515] {spark_submit.py:485} INFO - 22/08/09 23:57:39 INFO MemoryStore: Block broadcast_0 stored as values in memory (estimated size 349.5 KiB, free 366.0 MiB)
[2022-08-09 23:57:39,568] {spark_submit.py:485} INFO - 22/08/09 23:57:39 INFO MemoryStore: Block broadcast_0_piece0 stored as bytes in memory (estimated size 33.9 KiB, free 365.9 MiB)
[2022-08-09 23:57:39,571] {spark_submit.py:485} INFO - 22/08/09 23:57:39 INFO BlockManagerInfo: Added broadcast_0_piece0 in memory on 10.0.2.15:43383 (size: 33.9 KiB, free: 366.3 MiB)
[2022-08-09 23:57:39,588] {spark_submit.py:485} INFO - 22/08/09 23:57:39 INFO SparkContext: Created broadcast 0 from json at NativeMethodAccessorImpl.java:0
[2022-08-09 23:57:39,599] {spark_submit.py:485} INFO - 22/08/09 23:57:39 INFO FileSourceScanExec: Planning scan with bin packing, max size: 4207451 bytes, open cost is considered as scanning 4194304 bytes.
[2022-08-09 23:57:40,025] {spark_submit.py:485} INFO - 22/08/09 23:57:40 INFO SparkContext: Starting job: json at NativeMethodAccessorImpl.java:0
[2022-08-09 23:57:40,047] {spark_submit.py:485} INFO - 22/08/09 23:57:40 INFO DAGScheduler: Got job 0 (json at NativeMethodAccessorImpl.java:0) with 1 output partitions
[2022-08-09 23:57:40,049] {spark_submit.py:485} INFO - 22/08/09 23:57:40 INFO DAGScheduler: Final stage: ResultStage 0 (json at NativeMethodAccessorImpl.java:0)
[2022-08-09 23:57:40,049] {spark_submit.py:485} INFO - 22/08/09 23:57:40 INFO DAGScheduler: Parents of final stage: List()
[2022-08-09 23:57:40,050] {spark_submit.py:485} INFO - 22/08/09 23:57:40 INFO DAGScheduler: Missing parents: List()
[2022-08-09 23:57:40,056] {spark_submit.py:485} INFO - 22/08/09 23:57:40 INFO DAGScheduler: Submitting ResultStage 0 (MapPartitionsRDD[3] at json at NativeMethodAccessorImpl.java:0), which has no missing parents
[2022-08-09 23:57:40,208] {spark_submit.py:485} INFO - 22/08/09 23:57:40 INFO MemoryStore: Block broadcast_1 stored as values in memory (estimated size 14.5 KiB, free 365.9 MiB)
[2022-08-09 23:57:40,216] {spark_submit.py:485} INFO - 22/08/09 23:57:40 INFO MemoryStore: Block broadcast_1_piece0 stored as bytes in memory (estimated size 7.0 KiB, free 365.9 MiB)
[2022-08-09 23:57:40,217] {spark_submit.py:485} INFO - 22/08/09 23:57:40 INFO BlockManagerInfo: Added broadcast_1_piece0 in memory on 10.0.2.15:43383 (size: 7.0 KiB, free: 366.3 MiB)
[2022-08-09 23:57:40,218] {spark_submit.py:485} INFO - 22/08/09 23:57:40 INFO SparkContext: Created broadcast 1 from broadcast at DAGScheduler.scala:1513
[2022-08-09 23:57:40,236] {spark_submit.py:485} INFO - 22/08/09 23:57:40 INFO DAGScheduler: Submitting 1 missing tasks from ResultStage 0 (MapPartitionsRDD[3] at json at NativeMethodAccessorImpl.java:0) (first 15 tasks are for partitions Vector(0))
[2022-08-09 23:57:40,239] {spark_submit.py:485} INFO - 22/08/09 23:57:40 INFO TaskSchedulerImpl: Adding task set 0.0 with 1 tasks resource profile 0
[2022-08-09 23:57:40,302] {spark_submit.py:485} INFO - 22/08/09 23:57:40 INFO TaskSetManager: Starting task 0.0 in stage 0.0 (TID 0) (10.0.2.15, executor driver, partition 0, PROCESS_LOCAL, 4988 bytes) taskResourceAssignments Map()
[2022-08-09 23:57:40,321] {spark_submit.py:485} INFO - 22/08/09 23:57:40 INFO Executor: Running task 0.0 in stage 0.0 (TID 0)
[2022-08-09 23:57:40,640] {spark_submit.py:485} INFO - 22/08/09 23:57:40 INFO FileScanRDD: Reading File path: file:///home/renan/datapipeline/datalake/bronze/twitter_aluraonline/extract_date=2022-08-03/AluraOnline_20220803.json, range: 0-13147, partition values: [empty row]
[2022-08-09 23:57:41,010] {spark_submit.py:485} INFO - 22/08/09 23:57:41 INFO CodeGenerator: Code generated in 301.387454 ms
[2022-08-09 23:57:41,119] {spark_submit.py:485} INFO - 22/08/09 23:57:41 INFO Executor: Finished task 0.0 in stage 0.0 (TID 0). 2823 bytes result sent to driver
[2022-08-09 23:57:41,130] {spark_submit.py:485} INFO - 22/08/09 23:57:41 INFO TaskSetManager: Finished task 0.0 in stage 0.0 (TID 0) in 850 ms on 10.0.2.15 (executor driver) (1/1)
[2022-08-09 23:57:41,132] {spark_submit.py:485} INFO - 22/08/09 23:57:41 INFO TaskSchedulerImpl: Removed TaskSet 0.0, whose tasks have all completed, from pool
[2022-08-09 23:57:41,141] {spark_submit.py:485} INFO - 22/08/09 23:57:41 INFO DAGScheduler: ResultStage 0 (json at NativeMethodAccessorImpl.java:0) finished in 1,063 s
[2022-08-09 23:57:41,145] {spark_submit.py:485} INFO - 22/08/09 23:57:41 INFO DAGScheduler: Job 0 is finished. Cancelling potential speculative or zombie tasks for this job
[2022-08-09 23:57:41,145] {spark_submit.py:485} INFO - 22/08/09 23:57:41 INFO TaskSchedulerImpl: Killing all running tasks in stage 0: Stage finished
[2022-08-09 23:57:41,147] {spark_submit.py:485} INFO - 22/08/09 23:57:41 INFO DAGScheduler: Job 0 finished: json at NativeMethodAccessorImpl.java:0, took 1,122080 s
[2022-08-09 23:57:41,654] {spark_submit.py:485} INFO - 22/08/09 23:57:41 INFO FileSourceStrategy: Pushed Filters: IsNotNull(data)
[2022-08-09 23:57:41,656] {spark_submit.py:485} INFO - 22/08/09 23:57:41 INFO FileSourceStrategy: Post-Scan Filters: (size(data#8, true) > 0),isnotnull(data#8)
[2022-08-09 23:57:41,656] {spark_submit.py:485} INFO - 22/08/09 23:57:41 INFO FileSourceStrategy: Output Data Schema: struct<data: array<struct<author_id:string,conversation_id:string,created_at:string,id:string,in_reply_to_user_id:string,public_metrics:struct<like_count:bigint,quote_count:bigint,reply_count:bigint,retweet_count:bigint>,text:string>>>
[2022-08-09 23:57:41,760] {spark_submit.py:485} INFO - 22/08/09 23:57:41 INFO FileOutputCommitter: File Output Committer Algorithm version is 1
[2022-08-09 23:57:41,760] {spark_submit.py:485} INFO - 22/08/09 23:57:41 INFO FileOutputCommitter: FileOutputCommitter skip cleanup _temporary folders under output directory:false, ignore cleanup failures: false
[2022-08-09 23:57:41,761] {spark_submit.py:485} INFO - 22/08/09 23:57:41 INFO SQLHadoopMapReduceCommitProtocol: Using output committer class org.apache.hadoop.mapreduce.lib.output.FileOutputCommitter
[2022-08-09 23:57:41,911] {spark_submit.py:485} INFO - 22/08/09 23:57:41 INFO BlockManagerInfo: Removed broadcast_1_piece0 on 10.0.2.15:43383 in memory (size: 7.0 KiB, free: 366.3 MiB)
[2022-08-09 23:57:42,014] {spark_submit.py:485} INFO - 22/08/09 23:57:42 INFO CodeGenerator: Code generated in 95.30028 ms
[2022-08-09 23:57:42,023] {spark_submit.py:485} INFO - 22/08/09 23:57:42 INFO MemoryStore: Block broadcast_2 stored as values in memory (estimated size 349.4 KiB, free 365.6 MiB)
[2022-08-09 23:57:42,032] {spark_submit.py:485} INFO - 22/08/09 23:57:42 INFO MemoryStore: Block broadcast_2_piece0 stored as bytes in memory (estimated size 33.8 KiB, free 365.6 MiB)
[2022-08-09 23:57:42,034] {spark_submit.py:485} INFO - 22/08/09 23:57:42 INFO BlockManagerInfo: Added broadcast_2_piece0 in memory on 10.0.2.15:43383 (size: 33.8 KiB, free: 366.2 MiB)
[2022-08-09 23:57:42,036] {spark_submit.py:485} INFO - 22/08/09 23:57:42 INFO SparkContext: Created broadcast 2 from json at NativeMethodAccessorImpl.java:0
[2022-08-09 23:57:42,038] {spark_submit.py:485} INFO - 22/08/09 23:57:42 INFO FileSourceScanExec: Planning scan with bin packing, max size: 4207451 bytes, open cost is considered as scanning 4194304 bytes.
[2022-08-09 23:57:42,112] {spark_submit.py:485} INFO - 22/08/09 23:57:42 INFO SparkContext: Starting job: json at NativeMethodAccessorImpl.java:0
[2022-08-09 23:57:42,115] {spark_submit.py:485} INFO - 22/08/09 23:57:42 INFO DAGScheduler: Got job 1 (json at NativeMethodAccessorImpl.java:0) with 1 output partitions
[2022-08-09 23:57:42,115] {spark_submit.py:485} INFO - 22/08/09 23:57:42 INFO DAGScheduler: Final stage: ResultStage 1 (json at NativeMethodAccessorImpl.java:0)
[2022-08-09 23:57:42,115] {spark_submit.py:485} INFO - 22/08/09 23:57:42 INFO DAGScheduler: Parents of final stage: List()
[2022-08-09 23:57:42,115] {spark_submit.py:485} INFO - 22/08/09 23:57:42 INFO DAGScheduler: Missing parents: List()
[2022-08-09 23:57:42,119] {spark_submit.py:485} INFO - 22/08/09 23:57:42 INFO DAGScheduler: Submitting ResultStage 1 (CoalescedRDD[7] at json at NativeMethodAccessorImpl.java:0), which has no missing parents
[2022-08-09 23:57:42,151] {spark_submit.py:485} INFO - 22/08/09 23:57:42 INFO MemoryStore: Block broadcast_3 stored as values in memory (estimated size 229.2 KiB, free 365.3 MiB)
[2022-08-09 23:57:42,153] {spark_submit.py:485} INFO - 22/08/09 23:57:42 INFO MemoryStore: Block broadcast_3_piece0 stored as bytes in memory (estimated size 79.5 KiB, free 365.2 MiB)
[2022-08-09 23:57:42,155] {spark_submit.py:485} INFO - 22/08/09 23:57:42 INFO BlockManagerInfo: Added broadcast_3_piece0 in memory on 10.0.2.15:43383 (size: 79.5 KiB, free: 366.2 MiB)
[2022-08-09 23:57:42,155] {spark_submit.py:485} INFO - 22/08/09 23:57:42 INFO SparkContext: Created broadcast 3 from broadcast at DAGScheduler.scala:1513
[2022-08-09 23:57:42,158] {spark_submit.py:485} INFO - 22/08/09 23:57:42 INFO DAGScheduler: Submitting 1 missing tasks from ResultStage 1 (CoalescedRDD[7] at json at NativeMethodAccessorImpl.java:0) (first 15 tasks are for partitions Vector(0))
[2022-08-09 23:57:42,158] {spark_submit.py:485} INFO - 22/08/09 23:57:42 INFO TaskSchedulerImpl: Adding task set 1.0 with 1 tasks resource profile 0
[2022-08-09 23:57:42,162] {spark_submit.py:485} INFO - 22/08/09 23:57:42 INFO TaskSetManager: Starting task 0.0 in stage 1.0 (TID 1) (10.0.2.15, executor driver, partition 0, PROCESS_LOCAL, 5217 bytes) taskResourceAssignments Map()
[2022-08-09 23:57:42,166] {spark_submit.py:485} INFO - 22/08/09 23:57:42 INFO Executor: Running task 0.0 in stage 1.0 (TID 1)
[2022-08-09 23:57:42,252] {spark_submit.py:485} INFO - 22/08/09 23:57:42 INFO FileOutputCommitter: File Output Committer Algorithm version is 1
[2022-08-09 23:57:42,253] {spark_submit.py:485} INFO - 22/08/09 23:57:42 INFO FileOutputCommitter: FileOutputCommitter skip cleanup _temporary folders under output directory:false, ignore cleanup failures: false
[2022-08-09 23:57:42,253] {spark_submit.py:485} INFO - 22/08/09 23:57:42 INFO SQLHadoopMapReduceCommitProtocol: Using output committer class org.apache.hadoop.mapreduce.lib.output.FileOutputCommitter
[2022-08-09 23:57:42,312] {spark_submit.py:485} INFO - 22/08/09 23:57:42 INFO FileScanRDD: Reading File path: file:///home/renan/datapipeline/datalake/bronze/twitter_aluraonline/extract_date=2022-08-03/AluraOnline_20220803.json, range: 0-13147, partition values: [empty row]
[2022-08-09 23:57:42,361] {spark_submit.py:485} INFO - 22/08/09 23:57:42 INFO CodeGenerator: Code generated in 31.040065 ms
[2022-08-09 23:57:42,398] {spark_submit.py:485} INFO - 22/08/09 23:57:42 INFO CodeGenerator: Code generated in 4.434099 ms
[2022-08-09 23:57:42,465] {spark_submit.py:485} INFO - 22/08/09 23:57:42 INFO FileOutputCommitter: Saved output of task 'attempt_202208092357421858197560390993258_0001_m_000000_1' to file:/home/renan/datapipeline/datalake/silver/twitter_aluraonline/tweet/process_date=2022-08-03/_temporary/0/task_202208092357421858197560390993258_0001_m_000000
[2022-08-09 23:57:42,466] {spark_submit.py:485} INFO - 22/08/09 23:57:42 INFO SparkHadoopMapRedUtil: attempt_202208092357421858197560390993258_0001_m_000000_1: Committed. Elapsed time: 1 ms.
[2022-08-09 23:57:42,481] {spark_submit.py:485} INFO - 22/08/09 23:57:42 INFO Executor: Finished task 0.0 in stage 1.0 (TID 1). 2678 bytes result sent to driver
[2022-08-09 23:57:42,485] {spark_submit.py:485} INFO - 22/08/09 23:57:42 INFO TaskSetManager: Finished task 0.0 in stage 1.0 (TID 1) in 326 ms on 10.0.2.15 (executor driver) (1/1)
[2022-08-09 23:57:42,486] {spark_submit.py:485} INFO - 22/08/09 23:57:42 INFO TaskSchedulerImpl: Removed TaskSet 1.0, whose tasks have all completed, from pool
[2022-08-09 23:57:42,487] {spark_submit.py:485} INFO - 22/08/09 23:57:42 INFO DAGScheduler: ResultStage 1 (json at NativeMethodAccessorImpl.java:0) finished in 0,367 s
[2022-08-09 23:57:42,487] {spark_submit.py:485} INFO - 22/08/09 23:57:42 INFO DAGScheduler: Job 1 is finished. Cancelling potential speculative or zombie tasks for this job
[2022-08-09 23:57:42,488] {spark_submit.py:485} INFO - 22/08/09 23:57:42 INFO TaskSchedulerImpl: Killing all running tasks in stage 1: Stage finished
[2022-08-09 23:57:42,494] {spark_submit.py:485} INFO - 22/08/09 23:57:42 INFO DAGScheduler: Job 1 finished: json at NativeMethodAccessorImpl.java:0, took 0,376657 s
[2022-08-09 23:57:42,494] {spark_submit.py:485} INFO - 22/08/09 23:57:42 INFO FileFormatWriter: Start to commit write Job b9a54bde-2657-4ac1-a163-38e4b13f7b5a.
[2022-08-09 23:57:42,527] {spark_submit.py:485} INFO - 22/08/09 23:57:42 INFO FileFormatWriter: Write Job b9a54bde-2657-4ac1-a163-38e4b13f7b5a committed. Elapsed time: 34 ms.
[2022-08-09 23:57:42,530] {spark_submit.py:485} INFO - 22/08/09 23:57:42 INFO FileFormatWriter: Finished processing stats for write job b9a54bde-2657-4ac1-a163-38e4b13f7b5a.
[2022-08-09 23:57:42,604] {spark_submit.py:485} INFO - 22/08/09 23:57:42 INFO FileSourceStrategy: Pushed Filters:
[2022-08-09 23:57:42,604] {spark_submit.py:485} INFO - 22/08/09 23:57:42 INFO FileSourceStrategy: Post-Scan Filters:
[2022-08-09 23:57:42,606] {spark_submit.py:485} INFO - 22/08/09 23:57:42 INFO FileSourceStrategy: Output Data Schema: struct<includes: struct<users: array<struct<created_at:string,id:string,name:string,username:string>>>>
[2022-08-09 23:57:42,644] {spark_submit.py:485} INFO - 22/08/09 23:57:42 INFO FileOutputCommitter: File Output Committer Algorithm version is 1
[2022-08-09 23:57:42,645] {spark_submit.py:485} INFO - 22/08/09 23:57:42 INFO FileOutputCommitter: FileOutputCommitter skip cleanup _temporary folders under output directory:false, ignore cleanup failures: false
[2022-08-09 23:57:42,647] {spark_submit.py:485} INFO - 22/08/09 23:57:42 INFO SQLHadoopMapReduceCommitProtocol: Using output committer class org.apache.hadoop.mapreduce.lib.output.FileOutputCommitter
[2022-08-09 23:57:42,719] {spark_submit.py:485} INFO - 22/08/09 23:57:42 INFO CodeGenerator: Code generated in 38.509227 ms
[2022-08-09 23:57:42,741] {spark_submit.py:485} INFO - 22/08/09 23:57:42 INFO MemoryStore: Block broadcast_4 stored as values in memory (estimated size 349.4 KiB, free 364.9 MiB)
[2022-08-09 23:57:42,759] {spark_submit.py:485} INFO - 22/08/09 23:57:42 INFO MemoryStore: Block broadcast_4_piece0 stored as bytes in memory (estimated size 33.8 KiB, free 364.9 MiB)
[2022-08-09 23:57:42,761] {spark_submit.py:485} INFO - 22/08/09 23:57:42 INFO BlockManagerInfo: Added broadcast_4_piece0 in memory on 10.0.2.15:43383 (size: 33.8 KiB, free: 366.1 MiB)
[2022-08-09 23:57:42,766] {spark_submit.py:485} INFO - 22/08/09 23:57:42 INFO SparkContext: Created broadcast 4 from json at NativeMethodAccessorImpl.java:0
[2022-08-09 23:57:42,768] {spark_submit.py:485} INFO - 22/08/09 23:57:42 INFO FileSourceScanExec: Planning scan with bin packing, max size: 4207451 bytes, open cost is considered as scanning 4194304 bytes.
[2022-08-09 23:57:42,820] {spark_submit.py:485} INFO - 22/08/09 23:57:42 INFO SparkContext: Starting job: json at NativeMethodAccessorImpl.java:0
[2022-08-09 23:57:42,822] {spark_submit.py:485} INFO - 22/08/09 23:57:42 INFO DAGScheduler: Got job 2 (json at NativeMethodAccessorImpl.java:0) with 1 output partitions
[2022-08-09 23:57:42,822] {spark_submit.py:485} INFO - 22/08/09 23:57:42 INFO DAGScheduler: Final stage: ResultStage 2 (json at NativeMethodAccessorImpl.java:0)
[2022-08-09 23:57:42,822] {spark_submit.py:485} INFO - 22/08/09 23:57:42 INFO DAGScheduler: Parents of final stage: List()
[2022-08-09 23:57:42,822] {spark_submit.py:485} INFO - 22/08/09 23:57:42 INFO DAGScheduler: Missing parents: List()
[2022-08-09 23:57:42,825] {spark_submit.py:485} INFO - 22/08/09 23:57:42 INFO DAGScheduler: Submitting ResultStage 2 (CoalescedRDD[11] at json at NativeMethodAccessorImpl.java:0), which has no missing parents
[2022-08-09 23:57:42,854] {spark_submit.py:485} INFO - 22/08/09 23:57:42 INFO MemoryStore: Block broadcast_5 stored as values in memory (estimated size 214.5 KiB, free 364.7 MiB)
[2022-08-09 23:57:42,865] {spark_submit.py:485} INFO - 22/08/09 23:57:42 INFO MemoryStore: Block broadcast_5_piece0 stored as bytes in memory (estimated size 76.2 KiB, free 364.6 MiB)
[2022-08-09 23:57:42,866] {spark_submit.py:485} INFO - 22/08/09 23:57:42 INFO BlockManagerInfo: Added broadcast_5_piece0 in memory on 10.0.2.15:43383 (size: 76.2 KiB, free: 366.0 MiB)
[2022-08-09 23:57:42,874] {spark_submit.py:485} INFO - 22/08/09 23:57:42 INFO SparkContext: Created broadcast 5 from broadcast at DAGScheduler.scala:1513
[2022-08-09 23:57:42,880] {spark_submit.py:485} INFO - 22/08/09 23:57:42 INFO DAGScheduler: Submitting 1 missing tasks from ResultStage 2 (CoalescedRDD[11] at json at NativeMethodAccessorImpl.java:0) (first 15 tasks are for partitions Vector(0))
[2022-08-09 23:57:42,882] {spark_submit.py:485} INFO - 22/08/09 23:57:42 INFO TaskSchedulerImpl: Adding task set 2.0 with 1 tasks resource profile 0
[2022-08-09 23:57:42,884] {spark_submit.py:485} INFO - 22/08/09 23:57:42 INFO TaskSetManager: Starting task 0.0 in stage 2.0 (TID 2) (10.0.2.15, executor driver, partition 0, PROCESS_LOCAL, 5217 bytes) taskResourceAssignments Map()
[2022-08-09 23:57:42,885] {spark_submit.py:485} INFO - 22/08/09 23:57:42 INFO Executor: Running task 0.0 in stage 2.0 (TID 2)
[2022-08-09 23:57:42,910] {spark_submit.py:485} INFO - 22/08/09 23:57:42 INFO FileOutputCommitter: File Output Committer Algorithm version is 1
[2022-08-09 23:57:42,910] {spark_submit.py:485} INFO - 22/08/09 23:57:42 INFO FileOutputCommitter: FileOutputCommitter skip cleanup _temporary folders under output directory:false, ignore cleanup failures: false
[2022-08-09 23:57:42,911] {spark_submit.py:485} INFO - 22/08/09 23:57:42 INFO SQLHadoopMapReduceCommitProtocol: Using output committer class org.apache.hadoop.mapreduce.lib.output.FileOutputCommitter
[2022-08-09 23:57:42,977] {spark_submit.py:485} INFO - 22/08/09 23:57:42 INFO FileScanRDD: Reading File path: file:///home/renan/datapipeline/datalake/bronze/twitter_aluraonline/extract_date=2022-08-03/AluraOnline_20220803.json, range: 0-13147, partition values: [empty row]
[2022-08-09 23:57:43,004] {spark_submit.py:485} INFO - 22/08/09 23:57:43 INFO CodeGenerator: Code generated in 23.610627 ms
[2022-08-09 23:57:43,018] {spark_submit.py:485} INFO - 22/08/09 23:57:43 INFO FileOutputCommitter: Saved output of task 'attempt_202208092357422212989600253947728_0002_m_000000_2' to file:/home/renan/datapipeline/datalake/silver/twitter_aluraonline/user/process_date=2022-08-03/_temporary/0/task_202208092357422212989600253947728_0002_m_000000
[2022-08-09 23:57:43,019] {spark_submit.py:485} INFO - 22/08/09 23:57:43 INFO SparkHadoopMapRedUtil: attempt_202208092357422212989600253947728_0002_m_000000_2: Committed. Elapsed time: 1 ms.
[2022-08-09 23:57:43,020] {spark_submit.py:485} INFO - 22/08/09 23:57:43 INFO Executor: Finished task 0.0 in stage 2.0 (TID 2). 2579 bytes result sent to driver
[2022-08-09 23:57:43,027] {spark_submit.py:485} INFO - 22/08/09 23:57:43 INFO TaskSetManager: Finished task 0.0 in stage 2.0 (TID 2) in 143 ms on 10.0.2.15 (executor driver) (1/1)
[2022-08-09 23:57:43,027] {spark_submit.py:485} INFO - 22/08/09 23:57:43 INFO TaskSchedulerImpl: Removed TaskSet 2.0, whose tasks have all completed, from pool
[2022-08-09 23:57:43,028] {spark_submit.py:485} INFO - 22/08/09 23:57:43 INFO DAGScheduler: ResultStage 2 (json at NativeMethodAccessorImpl.java:0) finished in 0,203 s
[2022-08-09 23:57:43,032] {spark_submit.py:485} INFO - 22/08/09 23:57:43 INFO DAGScheduler: Job 2 is finished. Cancelling potential speculative or zombie tasks for this job
[2022-08-09 23:57:43,032] {spark_submit.py:485} INFO - 22/08/09 23:57:43 INFO TaskSchedulerImpl: Killing all running tasks in stage 2: Stage finished
[2022-08-09 23:57:43,032] {spark_submit.py:485} INFO - 22/08/09 23:57:43 INFO DAGScheduler: Job 2 finished: json at NativeMethodAccessorImpl.java:0, took 0,210367 s
[2022-08-09 23:57:43,033] {spark_submit.py:485} INFO - 22/08/09 23:57:43 INFO FileFormatWriter: Start to commit write Job 74ecd4d6-ca14-4923-860a-d165026d4fa1.
[2022-08-09 23:57:43,081] {spark_submit.py:485} INFO - 22/08/09 23:57:43 INFO FileFormatWriter: Write Job 74ecd4d6-ca14-4923-860a-d165026d4fa1 committed. Elapsed time: 48 ms.
[2022-08-09 23:57:43,082] {spark_submit.py:485} INFO - 22/08/09 23:57:43 INFO FileFormatWriter: Finished processing stats for write job 74ecd4d6-ca14-4923-860a-d165026d4fa1.
[2022-08-09 23:57:43,136] {spark_submit.py:485} INFO - 22/08/09 23:57:43 INFO SparkContext: Invoking stop() from shutdown hook
[2022-08-09 23:57:43,151] {spark_submit.py:485} INFO - 22/08/09 23:57:43 INFO SparkUI: Stopped Spark web UI at http://10.0.2.15:4040
[2022-08-09 23:57:43,170] {spark_submit.py:485} INFO - 22/08/09 23:57:43 INFO MapOutputTrackerMasterEndpoint: MapOutputTrackerMasterEndpoint stopped!
[2022-08-09 23:57:43,182] {spark_submit.py:485} INFO - 22/08/09 23:57:43 INFO MemoryStore: MemoryStore cleared
[2022-08-09 23:57:43,182] {spark_submit.py:485} INFO - 22/08/09 23:57:43 INFO BlockManager: BlockManager stopped
[2022-08-09 23:57:43,188] {spark_submit.py:485} INFO - 22/08/09 23:57:43 INFO BlockManagerMaster: BlockManagerMaster stopped
[2022-08-09 23:57:43,192] {spark_submit.py:485} INFO - 22/08/09 23:57:43 INFO OutputCommitCoordinator$OutputCommitCoordinatorEndpoint: OutputCommitCoordinator stopped!
[2022-08-09 23:57:43,222] {spark_submit.py:485} INFO - 22/08/09 23:57:43 INFO SparkContext: Successfully stopped SparkContext
[2022-08-09 23:57:43,222] {spark_submit.py:485} INFO - 22/08/09 23:57:43 INFO ShutdownHookManager: Shutdown hook called
[2022-08-09 23:57:43,222] {spark_submit.py:485} INFO - 22/08/09 23:57:43 INFO ShutdownHookManager: Deleting directory /tmp/spark-3b7d8de1-562a-4ceb-a053-802e1fead41b
[2022-08-09 23:57:43,225] {spark_submit.py:485} INFO - 22/08/09 23:57:43 INFO ShutdownHookManager: Deleting directory /tmp/spark-3b7d8de1-562a-4ceb-a053-802e1fead41b/pyspark-5e90496a-af65-43f5-b8f9-b4af832988d7
[2022-08-09 23:57:43,226] {spark_submit.py:485} INFO - 22/08/09 23:57:43 INFO ShutdownHookManager: Deleting directory /tmp/spark-3b82f45f-7c20-4594-9473-4ef7a8c78115
[2022-08-09 23:57:43,317] {taskinstance.py:1415} INFO - Marking task as SUCCESS. dag_id=twitter_dag, task_id=transform_twitter_aluraonline, execution_date=20220803T120000, start_date=20220810T025730, end_date=20220810T025743
[2022-08-09 23:57:43,355] {local_task_job.py:156} INFO - Task exited with return code 0
[2022-08-09 23:57:43,375] {local_task_job.py:273} INFO - 0 downstream tasks scheduled from follow-on schedule check
